{"ts":1670665318237820657,"type":"point","name":"exType:trickle/permutationIndex:0/run:1/dialer:edge/eavesCount:0/latencyMS:100/tricklingDelay:0/seq:1/fileSize:1048576/nodeType:Leech/nodeTypeIndex:0/meta:time_to_fetch","measures":{"value":8457376522}}
{"ts":1670665318237850663,"type":"point","name":"exType:trickle/permutationIndex:0/run:1/dialer:edge/eavesCount:0/latencyMS:100/tricklingDelay:0/seq:1/fileSize:1048576/nodeType:Leech/nodeTypeIndex:0/meta:leech_fails","measures":{"value":0}}
{"ts":1670665318237857507,"type":"point","name":"exType:trickle/permutationIndex:0/run:1/dialer:edge/eavesCount:0/latencyMS:100/tricklingDelay:0/seq:1/fileSize:1048576/nodeType:Leech/nodeTypeIndex:0/meta:tcp_fetch","measures":{"value":1411017363}}
{"ts":1670665318237878666,"type":"point","name":"exType:trickle/permutationIndex:0/run:1/dialer:edge/eavesCount:0/latencyMS:100/tricklingDelay:0/seq:1/fileSize:1048576/nodeType:Leech/nodeTypeIndex:0/meta:msgs_rcvd","measures":{"value":42}}
{"ts":1670665318237885208,"type":"point","name":"exType:trickle/permutationIndex:0/run:1/dialer:edge/eavesCount:0/latencyMS:100/tricklingDelay:0/seq:1/fileSize:1048576/nodeType:Leech/nodeTypeIndex:0/meta:data_sent","measures":{"value":0}}
{"ts":1670665318237891323,"type":"point","name":"exType:trickle/permutationIndex:0/run:1/dialer:edge/eavesCount:0/latencyMS:100/tricklingDelay:0/seq:1/fileSize:1048576/nodeType:Leech/nodeTypeIndex:0/meta:data_rcvd","measures":{"value":3146496}}
{"ts":1670665318237897073,"type":"point","name":"exType:trickle/permutationIndex:0/run:1/dialer:edge/eavesCount:0/latencyMS:100/tricklingDelay:0/seq:1/fileSize:1048576/nodeType:Leech/nodeTypeIndex:0/meta:dup_data_rcvd","measures":{"value":524316}}
{"ts":1670665318237903101,"type":"point","name":"exType:trickle/permutationIndex:0/run:1/dialer:edge/eavesCount:0/latencyMS:100/tricklingDelay:0/seq:1/fileSize:1048576/nodeType:Leech/nodeTypeIndex:0/meta:blks_sent","measures":{"value":0}}
{"ts":1670665318237907935,"type":"point","name":"exType:trickle/permutationIndex:0/run:1/dialer:edge/eavesCount:0/latencyMS:100/tricklingDelay:0/seq:1/fileSize:1048576/nodeType:Leech/nodeTypeIndex:0/meta:blks_rcvd","measures":{"value":15}}
{"ts":1670665318237913543,"type":"point","name":"exType:trickle/permutationIndex:0/run:1/dialer:edge/eavesCount:0/latencyMS:100/tricklingDelay:0/seq:1/fileSize:1048576/nodeType:Leech/nodeTypeIndex:0/meta:dup_blks_rcvd","measures":{"value":2}}
{"ts":1670665329012608293,"type":"point","name":"exType:trickle/permutationIndex:0/run:2/dialer:edge/eavesCount:0/latencyMS:100/tricklingDelay:0/seq:1/fileSize:1048576/nodeType:Leech/nodeTypeIndex:0/meta:time_to_fetch","measures":{"value":8332716624}}
{"ts":1670665329012634522,"type":"point","name":"exType:trickle/permutationIndex:0/run:2/dialer:edge/eavesCount:0/latencyMS:100/tricklingDelay:0/seq:1/fileSize:1048576/nodeType:Leech/nodeTypeIndex:0/meta:leech_fails","measures":{"value":0}}
{"ts":1670665329012641084,"type":"point","name":"exType:trickle/permutationIndex:0/run:2/dialer:edge/eavesCount:0/latencyMS:100/tricklingDelay:0/seq:1/fileSize:1048576/nodeType:Leech/nodeTypeIndex:0/meta:tcp_fetch","measures":{"value":1411017363}}
{"ts":1670665329012657390,"type":"point","name":"exType:trickle/permutationIndex:0/run:2/dialer:edge/eavesCount:0/latencyMS:100/tricklingDelay:0/seq:1/fileSize:1048576/nodeType:Leech/nodeTypeIndex:0/meta:msgs_rcvd","measures":{"value":42}}
{"ts":1670665329012663336,"type":"point","name":"exType:trickle/permutationIndex:0/run:2/dialer:edge/eavesCount:0/latencyMS:100/tricklingDelay:0/seq:1/fileSize:1048576/nodeType:Leech/nodeTypeIndex:0/meta:data_sent","measures":{"value":0}}
{"ts":1670665329012667277,"type":"point","name":"exType:trickle/permutationIndex:0/run:2/dialer:edge/eavesCount:0/latencyMS:100/tricklingDelay:0/seq:1/fileSize:1048576/nodeType:Leech/nodeTypeIndex:0/meta:data_rcvd","measures":{"value":3146496}}
{"ts":1670665329012671528,"type":"point","name":"exType:trickle/permutationIndex:0/run:2/dialer:edge/eavesCount:0/latencyMS:100/tricklingDelay:0/seq:1/fileSize:1048576/nodeType:Leech/nodeTypeIndex:0/meta:dup_data_rcvd","measures":{"value":1310790}}
{"ts":1670665329012685587,"type":"point","name":"exType:trickle/permutationIndex:0/run:2/dialer:edge/eavesCount:0/latencyMS:100/tricklingDelay:0/seq:1/fileSize:1048576/nodeType:Leech/nodeTypeIndex:0/meta:blks_sent","measures":{"value":0}}
{"ts":1670665329012690795,"type":"point","name":"exType:trickle/permutationIndex:0/run:2/dialer:edge/eavesCount:0/latencyMS:100/tricklingDelay:0/seq:1/fileSize:1048576/nodeType:Leech/nodeTypeIndex:0/meta:blks_rcvd","measures":{"value":15}}
{"ts":1670665329012694977,"type":"point","name":"exType:trickle/permutationIndex:0/run:2/dialer:edge/eavesCount:0/latencyMS:100/tricklingDelay:0/seq:1/fileSize:1048576/nodeType:Leech/nodeTypeIndex:0/meta:dup_blks_rcvd","measures":{"value":5}}
{"ts":1670665339660184575,"type":"point","name":"exType:trickle/permutationIndex:0/run:3/dialer:edge/eavesCount:0/latencyMS:100/tricklingDelay:0/seq:1/fileSize:1048576/nodeType:Leech/nodeTypeIndex:0/meta:time_to_fetch","measures":{"value":8210458849}}
{"ts":1670665339660198870,"type":"point","name":"exType:trickle/permutationIndex:0/run:3/dialer:edge/eavesCount:0/latencyMS:100/tricklingDelay:0/seq:1/fileSize:1048576/nodeType:Leech/nodeTypeIndex:0/meta:leech_fails","measures":{"value":0}}
{"ts":1670665339660203126,"type":"point","name":"exType:trickle/permutationIndex:0/run:3/dialer:edge/eavesCount:0/latencyMS:100/tricklingDelay:0/seq:1/fileSize:1048576/nodeType:Leech/nodeTypeIndex:0/meta:tcp_fetch","measures":{"value":1411017363}}
{"ts":1670665339660213095,"type":"point","name":"exType:trickle/permutationIndex:0/run:3/dialer:edge/eavesCount:0/latencyMS:100/tricklingDelay:0/seq:1/fileSize:1048576/nodeType:Leech/nodeTypeIndex:0/meta:msgs_rcvd","measures":{"value":40}}
{"ts":1670665339660215945,"type":"point","name":"exType:trickle/permutationIndex:0/run:3/dialer:edge/eavesCount:0/latencyMS:100/tricklingDelay:0/seq:1/fileSize:1048576/nodeType:Leech/nodeTypeIndex:0/meta:data_sent","measures":{"value":262158}}
{"ts":1670665339660218032,"type":"point","name":"exType:trickle/permutationIndex:0/run:3/dialer:edge/eavesCount:0/latencyMS:100/tricklingDelay:0/seq:1/fileSize:1048576/nodeType:Leech/nodeTypeIndex:0/meta:data_rcvd","measures":{"value":2622180}}
{"ts":1670665339660220114,"type":"point","name":"exType:trickle/permutationIndex:0/run:3/dialer:edge/eavesCount:0/latencyMS:100/tricklingDelay:0/seq:1/fileSize:1048576/nodeType:Leech/nodeTypeIndex:0/meta:dup_data_rcvd","measures":{"value":1572948}}
{"ts":1670665339660223128,"type":"point","name":"exType:trickle/permutationIndex:0/run:3/dialer:edge/eavesCount:0/latencyMS:100/tricklingDelay:0/seq:1/fileSize:1048576/nodeType:Leech/nodeTypeIndex:0/meta:blks_sent","measures":{"value":1}}
{"ts":1670665339660226580,"type":"point","name":"exType:trickle/permutationIndex:0/run:3/dialer:edge/eavesCount:0/latencyMS:100/tricklingDelay:0/seq:1/fileSize:1048576/nodeType:Leech/nodeTypeIndex:0/meta:blks_rcvd","measures":{"value":13}}
{"ts":1670665339660230375,"type":"point","name":"exType:trickle/permutationIndex:0/run:3/dialer:edge/eavesCount:0/latencyMS:100/tricklingDelay:0/seq:1/fileSize:1048576/nodeType:Leech/nodeTypeIndex:0/meta:dup_blks_rcvd","measures":{"value":6}}
{"ts":1670665350599230337,"type":"point","name":"exType:trickle/permutationIndex:0/run:4/dialer:edge/eavesCount:0/latencyMS:100/tricklingDelay:0/seq:1/fileSize:1048576/nodeType:Leech/nodeTypeIndex:0/meta:time_to_fetch","measures":{"value":8490830255}}
{"ts":1670665350599321015,"type":"point","name":"exType:trickle/permutationIndex:0/run:4/dialer:edge/eavesCount:0/latencyMS:100/tricklingDelay:0/seq:1/fileSize:1048576/nodeType:Leech/nodeTypeIndex:0/meta:leech_fails","measures":{"value":0}}
{"ts":1670665350599353906,"type":"point","name":"exType:trickle/permutationIndex:0/run:4/dialer:edge/eavesCount:0/latencyMS:100/tricklingDelay:0/seq:1/fileSize:1048576/nodeType:Leech/nodeTypeIndex:0/meta:tcp_fetch","measures":{"value":1411017363}}
{"ts":1670665350599492039,"type":"point","name":"exType:trickle/permutationIndex:0/run:4/dialer:edge/eavesCount:0/latencyMS:100/tricklingDelay:0/seq:1/fileSize:1048576/nodeType:Leech/nodeTypeIndex:0/meta:msgs_rcvd","measures":{"value":43}}
{"ts":1670665350599631897,"type":"point","name":"exType:trickle/permutationIndex:0/run:4/dialer:edge/eavesCount:0/latencyMS:100/tricklingDelay:0/seq:1/fileSize:1048576/nodeType:Leech/nodeTypeIndex:0/meta:data_sent","measures":{"value":0}}
{"ts":1670665350599666902,"type":"point","name":"exType:trickle/permutationIndex:0/run:4/dialer:edge/eavesCount:0/latencyMS:100/tricklingDelay:0/seq:1/fileSize:1048576/nodeType:Leech/nodeTypeIndex:0/meta:data_rcvd","measures":{"value":3146496}}
{"ts":1670665350599690657,"type":"point","name":"exType:trickle/permutationIndex:0/run:4/dialer:edge/eavesCount:0/latencyMS:100/tricklingDelay:0/seq:1/fileSize:1048576/nodeType:Leech/nodeTypeIndex:0/meta:dup_data_rcvd","measures":{"value":524316}}
{"ts":1670665350599712324,"type":"point","name":"exType:trickle/permutationIndex:0/run:4/dialer:edge/eavesCount:0/latencyMS:100/tricklingDelay:0/seq:1/fileSize:1048576/nodeType:Leech/nodeTypeIndex:0/meta:blks_sent","measures":{"value":0}}
{"ts":1670665350599731499,"type":"point","name":"exType:trickle/permutationIndex:0/run:4/dialer:edge/eavesCount:0/latencyMS:100/tricklingDelay:0/seq:1/fileSize:1048576/nodeType:Leech/nodeTypeIndex:0/meta:blks_rcvd","measures":{"value":15}}
{"ts":1670665350599749915,"type":"point","name":"exType:trickle/permutationIndex:0/run:4/dialer:edge/eavesCount:0/latencyMS:100/tricklingDelay:0/seq:1/fileSize:1048576/nodeType:Leech/nodeTypeIndex:0/meta:dup_blks_rcvd","measures":{"value":2}}
{"ts":1670665360737488507,"type":"point","name":"exType:trickle/permutationIndex:0/run:5/dialer:edge/eavesCount:0/latencyMS:100/tricklingDelay:0/seq:1/fileSize:1048576/nodeType:Leech/nodeTypeIndex:0/meta:time_to_fetch","measures":{"value":7702671921}}
{"ts":1670665360737587410,"type":"point","name":"exType:trickle/permutationIndex:0/run:5/dialer:edge/eavesCount:0/latencyMS:100/tricklingDelay:0/seq:1/fileSize:1048576/nodeType:Leech/nodeTypeIndex:0/meta:leech_fails","measures":{"value":0}}
{"ts":1670665360737616491,"type":"point","name":"exType:trickle/permutationIndex:0/run:5/dialer:edge/eavesCount:0/latencyMS:100/tricklingDelay:0/seq:1/fileSize:1048576/nodeType:Leech/nodeTypeIndex:0/meta:tcp_fetch","measures":{"value":1411017363}}
{"ts":1670665360737693395,"type":"point","name":"exType:trickle/permutationIndex:0/run:5/dialer:edge/eavesCount:0/latencyMS:100/tricklingDelay:0/seq:1/fileSize:1048576/nodeType:Leech/nodeTypeIndex:0/meta:msgs_rcvd","measures":{"value":37}}
{"ts":1670665360737715470,"type":"point","name":"exType:trickle/permutationIndex:0/run:5/dialer:edge/eavesCount:0/latencyMS:100/tricklingDelay:0/seq:1/fileSize:1048576/nodeType:Leech/nodeTypeIndex:0/meta:data_sent","measures":{"value":1310790}}
{"ts":1670665360737736341,"type":"point","name":"exType:trickle/permutationIndex:0/run:5/dialer:edge/eavesCount:0/latencyMS:100/tricklingDelay:0/seq:1/fileSize:1048576/nodeType:Leech/nodeTypeIndex:0/meta:data_rcvd","measures":{"value":2097864}}
{"ts":1670665360737756532,"type":"point","name":"exType:trickle/permutationIndex:0/run:5/dialer:edge/eavesCount:0/latencyMS:100/tricklingDelay:0/seq:1/fileSize:1048576/nodeType:Leech/nodeTypeIndex:0/meta:dup_data_rcvd","measures":{"value":1048632}}
{"ts":1670665360737776513,"type":"point","name":"exType:trickle/permutationIndex:0/run:5/dialer:edge/eavesCount:0/latencyMS:100/tricklingDelay:0/seq:1/fileSize:1048576/nodeType:Leech/nodeTypeIndex:0/meta:blks_sent","measures":{"value":5}}
{"ts":1670665360737796513,"type":"point","name":"exType:trickle/permutationIndex:0/run:5/dialer:edge/eavesCount:0/latencyMS:100/tricklingDelay:0/seq:1/fileSize:1048576/nodeType:Leech/nodeTypeIndex:0/meta:blks_rcvd","measures":{"value":11}}
{"ts":1670665360737817019,"type":"point","name":"exType:trickle/permutationIndex:0/run:5/dialer:edge/eavesCount:0/latencyMS:100/tricklingDelay:0/seq:1/fileSize:1048576/nodeType:Leech/nodeTypeIndex:0/meta:dup_blks_rcvd","measures":{"value":4}}
{"ts":1670665371582327084,"type":"point","name":"exType:trickle/permutationIndex:0/run:6/dialer:edge/eavesCount:0/latencyMS:100/tricklingDelay:0/seq:1/fileSize:1048576/nodeType:Leech/nodeTypeIndex:0/meta:time_to_fetch","measures":{"value":8411919187}}
{"ts":1670665371582457595,"type":"point","name":"exType:trickle/permutationIndex:0/run:6/dialer:edge/eavesCount:0/latencyMS:100/tricklingDelay:0/seq:1/fileSize:1048576/nodeType:Leech/nodeTypeIndex:0/meta:leech_fails","measures":{"value":0}}
{"ts":1670665371582491711,"type":"point","name":"exType:trickle/permutationIndex:0/run:6/dialer:edge/eavesCount:0/latencyMS:100/tricklingDelay:0/seq:1/fileSize:1048576/nodeType:Leech/nodeTypeIndex:0/meta:tcp_fetch","measures":{"value":1411017363}}
{"ts":1670665371582557875,"type":"point","name":"exType:trickle/permutationIndex:0/run:6/dialer:edge/eavesCount:0/latencyMS:100/tricklingDelay:0/seq:1/fileSize:1048576/nodeType:Leech/nodeTypeIndex:0/meta:msgs_rcvd","measures":{"value":42}}
{"ts":1670665371582582135,"type":"point","name":"exType:trickle/permutationIndex:0/run:6/dialer:edge/eavesCount:0/latencyMS:100/tricklingDelay:0/seq:1/fileSize:1048576/nodeType:Leech/nodeTypeIndex:0/meta:data_sent","measures":{"value":0}}
{"ts":1670665371582601302,"type":"point","name":"exType:trickle/permutationIndex:0/run:6/dialer:edge/eavesCount:0/latencyMS:100/tricklingDelay:0/seq:1/fileSize:1048576/nodeType:Leech/nodeTypeIndex:0/meta:data_rcvd","measures":{"value":3146496}}
{"ts":1670665371582622475,"type":"point","name":"exType:trickle/permutationIndex:0/run:6/dialer:edge/eavesCount:0/latencyMS:100/tricklingDelay:0/seq:1/fileSize:1048576/nodeType:Leech/nodeTypeIndex:0/meta:dup_data_rcvd","measures":{"value":786474}}
{"ts":1670665371582642610,"type":"point","name":"exType:trickle/permutationIndex:0/run:6/dialer:edge/eavesCount:0/latencyMS:100/tricklingDelay:0/seq:1/fileSize:1048576/nodeType:Leech/nodeTypeIndex:0/meta:blks_sent","measures":{"value":0}}
{"ts":1670665371582662263,"type":"point","name":"exType:trickle/permutationIndex:0/run:6/dialer:edge/eavesCount:0/latencyMS:100/tricklingDelay:0/seq:1/fileSize:1048576/nodeType:Leech/nodeTypeIndex:0/meta:blks_rcvd","measures":{"value":15}}
{"ts":1670665371582683362,"type":"point","name":"exType:trickle/permutationIndex:0/run:6/dialer:edge/eavesCount:0/latencyMS:100/tricklingDelay:0/seq:1/fileSize:1048576/nodeType:Leech/nodeTypeIndex:0/meta:dup_blks_rcvd","measures":{"value":3}}
{"ts":1670665382114531076,"type":"point","name":"exType:trickle/permutationIndex:0/run:7/dialer:edge/eavesCount:0/latencyMS:100/tricklingDelay:0/seq:1/fileSize:1048576/nodeType:Leech/nodeTypeIndex:0/meta:time_to_fetch","measures":{"value":8097584416}}
{"ts":1670665382114667686,"type":"point","name":"exType:trickle/permutationIndex:0/run:7/dialer:edge/eavesCount:0/latencyMS:100/tricklingDelay:0/seq:1/fileSize:1048576/nodeType:Leech/nodeTypeIndex:0/meta:leech_fails","measures":{"value":0}}
{"ts":1670665382114695740,"type":"point","name":"exType:trickle/permutationIndex:0/run:7/dialer:edge/eavesCount:0/latencyMS:100/tricklingDelay:0/seq:1/fileSize:1048576/nodeType:Leech/nodeTypeIndex:0/meta:tcp_fetch","measures":{"value":1411017363}}
{"ts":1670665382114761496,"type":"point","name":"exType:trickle/permutationIndex:0/run:7/dialer:edge/eavesCount:0/latencyMS:100/tricklingDelay:0/seq:1/fileSize:1048576/nodeType:Leech/nodeTypeIndex:0/meta:msgs_rcvd","measures":{"value":43}}
{"ts":1670665382114782596,"type":"point","name":"exType:trickle/permutationIndex:0/run:7/dialer:edge/eavesCount:0/latencyMS:100/tricklingDelay:0/seq:1/fileSize:1048576/nodeType:Leech/nodeTypeIndex:0/meta:data_sent","measures":{"value":524316}}
{"ts":1670665382114801809,"type":"point","name":"exType:trickle/permutationIndex:0/run:7/dialer:edge/eavesCount:0/latencyMS:100/tricklingDelay:0/seq:1/fileSize:1048576/nodeType:Leech/nodeTypeIndex:0/meta:data_rcvd","measures":{"value":3146496}}
{"ts":1670665382114820909,"type":"point","name":"exType:trickle/permutationIndex:0/run:7/dialer:edge/eavesCount:0/latencyMS:100/tricklingDelay:0/seq:1/fileSize:1048576/nodeType:Leech/nodeTypeIndex:0/meta:dup_data_rcvd","measures":{"value":1310790}}
{"ts":1670665382114839707,"type":"point","name":"exType:trickle/permutationIndex:0/run:7/dialer:edge/eavesCount:0/latencyMS:100/tricklingDelay:0/seq:1/fileSize:1048576/nodeType:Leech/nodeTypeIndex:0/meta:blks_sent","measures":{"value":2}}
{"ts":1670665382114895177,"type":"point","name":"exType:trickle/permutationIndex:0/run:7/dialer:edge/eavesCount:0/latencyMS:100/tricklingDelay:0/seq:1/fileSize:1048576/nodeType:Leech/nodeTypeIndex:0/meta:blks_rcvd","measures":{"value":15}}
{"ts":1670665382114916163,"type":"point","name":"exType:trickle/permutationIndex:0/run:7/dialer:edge/eavesCount:0/latencyMS:100/tricklingDelay:0/seq:1/fileSize:1048576/nodeType:Leech/nodeTypeIndex:0/meta:dup_blks_rcvd","measures":{"value":5}}
{"ts":1670665393011121971,"type":"point","name":"exType:trickle/permutationIndex:0/run:8/dialer:edge/eavesCount:0/latencyMS:100/tricklingDelay:0/seq:1/fileSize:1048576/nodeType:Leech/nodeTypeIndex:0/meta:time_to_fetch","measures":{"value":8465004023}}
{"ts":1670665393011137791,"type":"point","name":"exType:trickle/permutationIndex:0/run:8/dialer:edge/eavesCount:0/latencyMS:100/tricklingDelay:0/seq:1/fileSize:1048576/nodeType:Leech/nodeTypeIndex:0/meta:leech_fails","measures":{"value":0}}
{"ts":1670665393011149191,"type":"point","name":"exType:trickle/permutationIndex:0/run:8/dialer:edge/eavesCount:0/latencyMS:100/tricklingDelay:0/seq:1/fileSize:1048576/nodeType:Leech/nodeTypeIndex:0/meta:tcp_fetch","measures":{"value":1411017363}}
{"ts":1670665393011159357,"type":"point","name":"exType:trickle/permutationIndex:0/run:8/dialer:edge/eavesCount:0/latencyMS:100/tricklingDelay:0/seq:1/fileSize:1048576/nodeType:Leech/nodeTypeIndex:0/meta:msgs_rcvd","measures":{"value":42}}
{"ts":1670665393011162844,"type":"point","name":"exType:trickle/permutationIndex:0/run:8/dialer:edge/eavesCount:0/latencyMS:100/tricklingDelay:0/seq:1/fileSize:1048576/nodeType:Leech/nodeTypeIndex:0/meta:data_sent","measures":{"value":0}}
{"ts":1670665393011165364,"type":"point","name":"exType:trickle/permutationIndex:0/run:8/dialer:edge/eavesCount:0/latencyMS:100/tricklingDelay:0/seq:1/fileSize:1048576/nodeType:Leech/nodeTypeIndex:0/meta:data_rcvd","measures":{"value":3146496}}
{"ts":1670665393011168133,"type":"point","name":"exType:trickle/permutationIndex:0/run:8/dialer:edge/eavesCount:0/latencyMS:100/tricklingDelay:0/seq:1/fileSize:1048576/nodeType:Leech/nodeTypeIndex:0/meta:dup_data_rcvd","measures":{"value":1572948}}
{"ts":1670665393011170544,"type":"point","name":"exType:trickle/permutationIndex:0/run:8/dialer:edge/eavesCount:0/latencyMS:100/tricklingDelay:0/seq:1/fileSize:1048576/nodeType:Leech/nodeTypeIndex:0/meta:blks_sent","measures":{"value":0}}
{"ts":1670665393011172844,"type":"point","name":"exType:trickle/permutationIndex:0/run:8/dialer:edge/eavesCount:0/latencyMS:100/tricklingDelay:0/seq:1/fileSize:1048576/nodeType:Leech/nodeTypeIndex:0/meta:blks_rcvd","measures":{"value":15}}
{"ts":1670665393011175460,"type":"point","name":"exType:trickle/permutationIndex:0/run:8/dialer:edge/eavesCount:0/latencyMS:100/tricklingDelay:0/seq:1/fileSize:1048576/nodeType:Leech/nodeTypeIndex:0/meta:dup_blks_rcvd","measures":{"value":6}}
{"ts":1670665404095683065,"type":"point","name":"exType:trickle/permutationIndex:0/run:9/dialer:edge/eavesCount:0/latencyMS:100/tricklingDelay:0/seq:1/fileSize:1048576/nodeType:Leech/nodeTypeIndex:0/meta:time_to_fetch","measures":{"value":8641268391}}
{"ts":1670665404095699077,"type":"point","name":"exType:trickle/permutationIndex:0/run:9/dialer:edge/eavesCount:0/latencyMS:100/tricklingDelay:0/seq:1/fileSize:1048576/nodeType:Leech/nodeTypeIndex:0/meta:leech_fails","measures":{"value":0}}
{"ts":1670665404095703599,"type":"point","name":"exType:trickle/permutationIndex:0/run:9/dialer:edge/eavesCount:0/latencyMS:100/tricklingDelay:0/seq:1/fileSize:1048576/nodeType:Leech/nodeTypeIndex:0/meta:tcp_fetch","measures":{"value":1411017363}}
{"ts":1670665404095713409,"type":"point","name":"exType:trickle/permutationIndex:0/run:9/dialer:edge/eavesCount:0/latencyMS:100/tricklingDelay:0/seq:1/fileSize:1048576/nodeType:Leech/nodeTypeIndex:0/meta:msgs_rcvd","measures":{"value":42}}
{"ts":1670665404095721600,"type":"point","name":"exType:trickle/permutationIndex:0/run:9/dialer:edge/eavesCount:0/latencyMS:100/tricklingDelay:0/seq:1/fileSize:1048576/nodeType:Leech/nodeTypeIndex:0/meta:data_sent","measures":{"value":0}}
{"ts":1670665404095723755,"type":"point","name":"exType:trickle/permutationIndex:0/run:9/dialer:edge/eavesCount:0/latencyMS:100/tricklingDelay:0/seq:1/fileSize:1048576/nodeType:Leech/nodeTypeIndex:0/meta:data_rcvd","measures":{"value":3146496}}
{"ts":1670665404095725737,"type":"point","name":"exType:trickle/permutationIndex:0/run:9/dialer:edge/eavesCount:0/latencyMS:100/tricklingDelay:0/seq:1/fileSize:1048576/nodeType:Leech/nodeTypeIndex:0/meta:dup_data_rcvd","measures":{"value":1572948}}
{"ts":1670665404095727627,"type":"point","name":"exType:trickle/permutationIndex:0/run:9/dialer:edge/eavesCount:0/latencyMS:100/tricklingDelay:0/seq:1/fileSize:1048576/nodeType:Leech/nodeTypeIndex:0/meta:blks_sent","measures":{"value":0}}
{"ts":1670665404095729504,"type":"point","name":"exType:trickle/permutationIndex:0/run:9/dialer:edge/eavesCount:0/latencyMS:100/tricklingDelay:0/seq:1/fileSize:1048576/nodeType:Leech/nodeTypeIndex:0/meta:blks_rcvd","measures":{"value":15}}
{"ts":1670665404095732850,"type":"point","name":"exType:trickle/permutationIndex:0/run:9/dialer:edge/eavesCount:0/latencyMS:100/tricklingDelay:0/seq:1/fileSize:1048576/nodeType:Leech/nodeTypeIndex:0/meta:dup_blks_rcvd","measures":{"value":6}}
{"ts":1670665415334104585,"type":"point","name":"exType:trickle/permutationIndex:0/run:10/dialer:edge/eavesCount:0/latencyMS:100/tricklingDelay:0/seq:1/fileSize:1048576/nodeType:Leech/nodeTypeIndex:0/meta:time_to_fetch","measures":{"value":8792128970}}
{"ts":1670665415334207941,"type":"point","name":"exType:trickle/permutationIndex:0/run:10/dialer:edge/eavesCount:0/latencyMS:100/tricklingDelay:0/seq:1/fileSize:1048576/nodeType:Leech/nodeTypeIndex:0/meta:leech_fails","measures":{"value":0}}
{"ts":1670665415334238715,"type":"point","name":"exType:trickle/permutationIndex:0/run:10/dialer:edge/eavesCount:0/latencyMS:100/tricklingDelay:0/seq:1/fileSize:1048576/nodeType:Leech/nodeTypeIndex:0/meta:tcp_fetch","measures":{"value":1411017363}}
{"ts":1670665415334314934,"type":"point","name":"exType:trickle/permutationIndex:0/run:10/dialer:edge/eavesCount:0/latencyMS:100/tricklingDelay:0/seq:1/fileSize:1048576/nodeType:Leech/nodeTypeIndex:0/meta:msgs_rcvd","measures":{"value":43}}
{"ts":1670665415334340392,"type":"point","name":"exType:trickle/permutationIndex:0/run:10/dialer:edge/eavesCount:0/latencyMS:100/tricklingDelay:0/seq:1/fileSize:1048576/nodeType:Leech/nodeTypeIndex:0/meta:data_sent","measures":{"value":0}}
{"ts":1670665415334358315,"type":"point","name":"exType:trickle/permutationIndex:0/run:10/dialer:edge/eavesCount:0/latencyMS:100/tricklingDelay:0/seq:1/fileSize:1048576/nodeType:Leech/nodeTypeIndex:0/meta:data_rcvd","measures":{"value":3146496}}
{"ts":1670665415334376981,"type":"point","name":"exType:trickle/permutationIndex:0/run:10/dialer:edge/eavesCount:0/latencyMS:100/tricklingDelay:0/seq:1/fileSize:1048576/nodeType:Leech/nodeTypeIndex:0/meta:dup_data_rcvd","measures":{"value":1048632}}
{"ts":1670665415334399616,"type":"point","name":"exType:trickle/permutationIndex:0/run:10/dialer:edge/eavesCount:0/latencyMS:100/tricklingDelay:0/seq:1/fileSize:1048576/nodeType:Leech/nodeTypeIndex:0/meta:blks_sent","measures":{"value":0}}
{"ts":1670665415334417880,"type":"point","name":"exType:trickle/permutationIndex:0/run:10/dialer:edge/eavesCount:0/latencyMS:100/tricklingDelay:0/seq:1/fileSize:1048576/nodeType:Leech/nodeTypeIndex:0/meta:blks_rcvd","measures":{"value":15}}
{"ts":1670665415334438165,"type":"point","name":"exType:trickle/permutationIndex:0/run:10/dialer:edge/eavesCount:0/latencyMS:100/tricklingDelay:0/seq:1/fileSize:1048576/nodeType:Leech/nodeTypeIndex:0/meta:dup_blks_rcvd","measures":{"value":4}}
{"ts":1670665425917938281,"type":"point","name":"exType:trickle/permutationIndex:0/run:11/dialer:edge/eavesCount:0/latencyMS:100/tricklingDelay:0/seq:1/fileSize:1048576/nodeType:Leech/nodeTypeIndex:0/meta:time_to_fetch","measures":{"value":8142123706}}
{"ts":1670665425918060308,"type":"point","name":"exType:trickle/permutationIndex:0/run:11/dialer:edge/eavesCount:0/latencyMS:100/tricklingDelay:0/seq:1/fileSize:1048576/nodeType:Leech/nodeTypeIndex:0/meta:leech_fails","measures":{"value":0}}
{"ts":1670665425918093865,"type":"point","name":"exType:trickle/permutationIndex:0/run:11/dialer:edge/eavesCount:0/latencyMS:100/tricklingDelay:0/seq:1/fileSize:1048576/nodeType:Leech/nodeTypeIndex:0/meta:tcp_fetch","measures":{"value":1411017363}}
{"ts":1670665425918166927,"type":"point","name":"exType:trickle/permutationIndex:0/run:11/dialer:edge/eavesCount:0/latencyMS:100/tricklingDelay:0/seq:1/fileSize:1048576/nodeType:Leech/nodeTypeIndex:0/meta:msgs_rcvd","measures":{"value":39}}
{"ts":1670665425918188815,"type":"point","name":"exType:trickle/permutationIndex:0/run:11/dialer:edge/eavesCount:0/latencyMS:100/tricklingDelay:0/seq:1/fileSize:1048576/nodeType:Leech/nodeTypeIndex:0/meta:data_sent","measures":{"value":262158}}
{"ts":1670665425918207231,"type":"point","name":"exType:trickle/permutationIndex:0/run:11/dialer:edge/eavesCount:0/latencyMS:100/tricklingDelay:0/seq:1/fileSize:1048576/nodeType:Leech/nodeTypeIndex:0/meta:data_rcvd","measures":{"value":2360022}}
{"ts":1670665425918227690,"type":"point","name":"exType:trickle/permutationIndex:0/run:11/dialer:edge/eavesCount:0/latencyMS:100/tricklingDelay:0/seq:1/fileSize:1048576/nodeType:Leech/nodeTypeIndex:0/meta:dup_data_rcvd","measures":{"value":786474}}
{"ts":1670665425918247267,"type":"point","name":"exType:trickle/permutationIndex:0/run:11/dialer:edge/eavesCount:0/latencyMS:100/tricklingDelay:0/seq:1/fileSize:1048576/nodeType:Leech/nodeTypeIndex:0/meta:blks_sent","measures":{"value":1}}
{"ts":1670665425918267391,"type":"point","name":"exType:trickle/permutationIndex:0/run:11/dialer:edge/eavesCount:0/latencyMS:100/tricklingDelay:0/seq:1/fileSize:1048576/nodeType:Leech/nodeTypeIndex:0/meta:blks_rcvd","measures":{"value":12}}
{"ts":1670665425918287845,"type":"point","name":"exType:trickle/permutationIndex:0/run:11/dialer:edge/eavesCount:0/latencyMS:100/tricklingDelay:0/seq:1/fileSize:1048576/nodeType:Leech/nodeTypeIndex:0/meta:dup_blks_rcvd","measures":{"value":3}}
{"ts":1670665436596144119,"type":"point","name":"exType:trickle/permutationIndex:0/run:12/dialer:edge/eavesCount:0/latencyMS:100/tricklingDelay:0/seq:1/fileSize:1048576/nodeType:Leech/nodeTypeIndex:0/meta:time_to_fetch","measures":{"value":8243845286}}
{"ts":1670665436596226473,"type":"point","name":"exType:trickle/permutationIndex:0/run:12/dialer:edge/eavesCount:0/latencyMS:100/tricklingDelay:0/seq:1/fileSize:1048576/nodeType:Leech/nodeTypeIndex:0/meta:leech_fails","measures":{"value":0}}
{"ts":1670665436596252265,"type":"point","name":"exType:trickle/permutationIndex:0/run:12/dialer:edge/eavesCount:0/latencyMS:100/tricklingDelay:0/seq:1/fileSize:1048576/nodeType:Leech/nodeTypeIndex:0/meta:tcp_fetch","measures":{"value":1411017363}}
{"ts":1670665436596320945,"type":"point","name":"exType:trickle/permutationIndex:0/run:12/dialer:edge/eavesCount:0/latencyMS:100/tricklingDelay:0/seq:1/fileSize:1048576/nodeType:Leech/nodeTypeIndex:0/meta:msgs_rcvd","measures":{"value":43}}
{"ts":1670665436596343304,"type":"point","name":"exType:trickle/permutationIndex:0/run:12/dialer:edge/eavesCount:0/latencyMS:100/tricklingDelay:0/seq:1/fileSize:1048576/nodeType:Leech/nodeTypeIndex:0/meta:data_sent","measures":{"value":0}}
{"ts":1670665436596364535,"type":"point","name":"exType:trickle/permutationIndex:0/run:12/dialer:edge/eavesCount:0/latencyMS:100/tricklingDelay:0/seq:1/fileSize:1048576/nodeType:Leech/nodeTypeIndex:0/meta:data_rcvd","measures":{"value":3146496}}
{"ts":1670665436596382513,"type":"point","name":"exType:trickle/permutationIndex:0/run:12/dialer:edge/eavesCount:0/latencyMS:100/tricklingDelay:0/seq:1/fileSize:1048576/nodeType:Leech/nodeTypeIndex:0/meta:dup_data_rcvd","measures":{"value":786474}}
{"ts":1670665436596401003,"type":"point","name":"exType:trickle/permutationIndex:0/run:12/dialer:edge/eavesCount:0/latencyMS:100/tricklingDelay:0/seq:1/fileSize:1048576/nodeType:Leech/nodeTypeIndex:0/meta:blks_sent","measures":{"value":0}}
{"ts":1670665436596454072,"type":"point","name":"exType:trickle/permutationIndex:0/run:12/dialer:edge/eavesCount:0/latencyMS:100/tricklingDelay:0/seq:1/fileSize:1048576/nodeType:Leech/nodeTypeIndex:0/meta:blks_rcvd","measures":{"value":15}}
{"ts":1670665436596473645,"type":"point","name":"exType:trickle/permutationIndex:0/run:12/dialer:edge/eavesCount:0/latencyMS:100/tricklingDelay:0/seq:1/fileSize:1048576/nodeType:Leech/nodeTypeIndex:0/meta:dup_blks_rcvd","measures":{"value":3}}
{"ts":1670665447122465310,"type":"point","name":"exType:trickle/permutationIndex:0/run:13/dialer:edge/eavesCount:0/latencyMS:100/tricklingDelay:0/seq:1/fileSize:1048576/nodeType:Leech/nodeTypeIndex:0/meta:time_to_fetch","measures":{"value":8090384602}}
{"ts":1670665447122556763,"type":"point","name":"exType:trickle/permutationIndex:0/run:13/dialer:edge/eavesCount:0/latencyMS:100/tricklingDelay:0/seq:1/fileSize:1048576/nodeType:Leech/nodeTypeIndex:0/meta:leech_fails","measures":{"value":0}}
{"ts":1670665447122588733,"type":"point","name":"exType:trickle/permutationIndex:0/run:13/dialer:edge/eavesCount:0/latencyMS:100/tricklingDelay:0/seq:1/fileSize:1048576/nodeType:Leech/nodeTypeIndex:0/meta:tcp_fetch","measures":{"value":1411017363}}
{"ts":1670665447122654849,"type":"point","name":"exType:trickle/permutationIndex:0/run:13/dialer:edge/eavesCount:0/latencyMS:100/tricklingDelay:0/seq:1/fileSize:1048576/nodeType:Leech/nodeTypeIndex:0/meta:msgs_rcvd","measures":{"value":42}}
{"ts":1670665447122678910,"type":"point","name":"exType:trickle/permutationIndex:0/run:13/dialer:edge/eavesCount:0/latencyMS:100/tricklingDelay:0/seq:1/fileSize:1048576/nodeType:Leech/nodeTypeIndex:0/meta:data_sent","measures":{"value":262158}}
{"ts":1670665447122698756,"type":"point","name":"exType:trickle/permutationIndex:0/run:13/dialer:edge/eavesCount:0/latencyMS:100/tricklingDelay:0/seq:1/fileSize:1048576/nodeType:Leech/nodeTypeIndex:0/meta:data_rcvd","measures":{"value":2884338}}
{"ts":1670665447122717589,"type":"point","name":"exType:trickle/permutationIndex:0/run:13/dialer:edge/eavesCount:0/latencyMS:100/tricklingDelay:0/seq:1/fileSize:1048576/nodeType:Leech/nodeTypeIndex:0/meta:dup_data_rcvd","measures":{"value":524316}}
{"ts":1670665447122736422,"type":"point","name":"exType:trickle/permutationIndex:0/run:13/dialer:edge/eavesCount:0/latencyMS:100/tricklingDelay:0/seq:1/fileSize:1048576/nodeType:Leech/nodeTypeIndex:0/meta:blks_sent","measures":{"value":1}}
{"ts":1670665447122756501,"type":"point","name":"exType:trickle/permutationIndex:0/run:13/dialer:edge/eavesCount:0/latencyMS:100/tricklingDelay:0/seq:1/fileSize:1048576/nodeType:Leech/nodeTypeIndex:0/meta:blks_rcvd","measures":{"value":14}}
{"ts":1670665447122776250,"type":"point","name":"exType:trickle/permutationIndex:0/run:13/dialer:edge/eavesCount:0/latencyMS:100/tricklingDelay:0/seq:1/fileSize:1048576/nodeType:Leech/nodeTypeIndex:0/meta:dup_blks_rcvd","measures":{"value":2}}
{"ts":1670665457918438547,"type":"point","name":"exType:trickle/permutationIndex:0/run:14/dialer:edge/eavesCount:0/latencyMS:100/tricklingDelay:0/seq:1/fileSize:1048576/nodeType:Leech/nodeTypeIndex:0/meta:time_to_fetch","measures":{"value":8361394591}}
{"ts":1670665457918527531,"type":"point","name":"exType:trickle/permutationIndex:0/run:14/dialer:edge/eavesCount:0/latencyMS:100/tricklingDelay:0/seq:1/fileSize:1048576/nodeType:Leech/nodeTypeIndex:0/meta:leech_fails","measures":{"value":0}}
{"ts":1670665457918559061,"type":"point","name":"exType:trickle/permutationIndex:0/run:14/dialer:edge/eavesCount:0/latencyMS:100/tricklingDelay:0/seq:1/fileSize:1048576/nodeType:Leech/nodeTypeIndex:0/meta:tcp_fetch","measures":{"value":1411017363}}
{"ts":1670665457918633941,"type":"point","name":"exType:trickle/permutationIndex:0/run:14/dialer:edge/eavesCount:0/latencyMS:100/tricklingDelay:0/seq:1/fileSize:1048576/nodeType:Leech/nodeTypeIndex:0/meta:msgs_rcvd","measures":{"value":37}}
{"ts":1670665457918658816,"type":"point","name":"exType:trickle/permutationIndex:0/run:14/dialer:edge/eavesCount:0/latencyMS:100/tricklingDelay:0/seq:1/fileSize:1048576/nodeType:Leech/nodeTypeIndex:0/meta:data_sent","measures":{"value":0}}
{"ts":1670665457918713094,"type":"point","name":"exType:trickle/permutationIndex:0/run:14/dialer:edge/eavesCount:0/latencyMS:100/tricklingDelay:0/seq:1/fileSize:1048576/nodeType:Leech/nodeTypeIndex:0/meta:data_rcvd","measures":{"value":2097864}}
{"ts":1670665457918733964,"type":"point","name":"exType:trickle/permutationIndex:0/run:14/dialer:edge/eavesCount:0/latencyMS:100/tricklingDelay:0/seq:1/fileSize:1048576/nodeType:Leech/nodeTypeIndex:0/meta:dup_data_rcvd","measures":{"value":262158}}
{"ts":1670665457918753609,"type":"point","name":"exType:trickle/permutationIndex:0/run:14/dialer:edge/eavesCount:0/latencyMS:100/tricklingDelay:0/seq:1/fileSize:1048576/nodeType:Leech/nodeTypeIndex:0/meta:blks_sent","measures":{"value":0}}
{"ts":1670665457918772945,"type":"point","name":"exType:trickle/permutationIndex:0/run:14/dialer:edge/eavesCount:0/latencyMS:100/tricklingDelay:0/seq:1/fileSize:1048576/nodeType:Leech/nodeTypeIndex:0/meta:blks_rcvd","measures":{"value":11}}
{"ts":1670665457918793747,"type":"point","name":"exType:trickle/permutationIndex:0/run:14/dialer:edge/eavesCount:0/latencyMS:100/tricklingDelay:0/seq:1/fileSize:1048576/nodeType:Leech/nodeTypeIndex:0/meta:dup_blks_rcvd","measures":{"value":1}}
{"ts":1670665468525164859,"type":"point","name":"exType:trickle/permutationIndex:0/run:15/dialer:edge/eavesCount:0/latencyMS:100/tricklingDelay:0/seq:1/fileSize:1048576/nodeType:Leech/nodeTypeIndex:0/meta:time_to_fetch","measures":{"value":8167839005}}
{"ts":1670665468525180901,"type":"point","name":"exType:trickle/permutationIndex:0/run:15/dialer:edge/eavesCount:0/latencyMS:100/tricklingDelay:0/seq:1/fileSize:1048576/nodeType:Leech/nodeTypeIndex:0/meta:leech_fails","measures":{"value":0}}
{"ts":1670665468525185007,"type":"point","name":"exType:trickle/permutationIndex:0/run:15/dialer:edge/eavesCount:0/latencyMS:100/tricklingDelay:0/seq:1/fileSize:1048576/nodeType:Leech/nodeTypeIndex:0/meta:tcp_fetch","measures":{"value":1411017363}}
{"ts":1670665468525195277,"type":"point","name":"exType:trickle/permutationIndex:0/run:15/dialer:edge/eavesCount:0/latencyMS:100/tricklingDelay:0/seq:1/fileSize:1048576/nodeType:Leech/nodeTypeIndex:0/meta:msgs_rcvd","measures":{"value":42}}
{"ts":1670665468525198731,"type":"point","name":"exType:trickle/permutationIndex:0/run:15/dialer:edge/eavesCount:0/latencyMS:100/tricklingDelay:0/seq:1/fileSize:1048576/nodeType:Leech/nodeTypeIndex:0/meta:data_sent","measures":{"value":262158}}
{"ts":1670665468525201828,"type":"point","name":"exType:trickle/permutationIndex:0/run:15/dialer:edge/eavesCount:0/latencyMS:100/tricklingDelay:0/seq:1/fileSize:1048576/nodeType:Leech/nodeTypeIndex:0/meta:data_rcvd","measures":{"value":3146496}}
{"ts":1670665468525204258,"type":"point","name":"exType:trickle/permutationIndex:0/run:15/dialer:edge/eavesCount:0/latencyMS:100/tricklingDelay:0/seq:1/fileSize:1048576/nodeType:Leech/nodeTypeIndex:0/meta:dup_data_rcvd","measures":{"value":1048632}}
{"ts":1670665468525206737,"type":"point","name":"exType:trickle/permutationIndex:0/run:15/dialer:edge/eavesCount:0/latencyMS:100/tricklingDelay:0/seq:1/fileSize:1048576/nodeType:Leech/nodeTypeIndex:0/meta:blks_sent","measures":{"value":1}}
{"ts":1670665468525210680,"type":"point","name":"exType:trickle/permutationIndex:0/run:15/dialer:edge/eavesCount:0/latencyMS:100/tricklingDelay:0/seq:1/fileSize:1048576/nodeType:Leech/nodeTypeIndex:0/meta:blks_rcvd","measures":{"value":15}}
{"ts":1670665468525213170,"type":"point","name":"exType:trickle/permutationIndex:0/run:15/dialer:edge/eavesCount:0/latencyMS:100/tricklingDelay:0/seq:1/fileSize:1048576/nodeType:Leech/nodeTypeIndex:0/meta:dup_blks_rcvd","measures":{"value":4}}
{"ts":1670665479180796652,"type":"point","name":"exType:trickle/permutationIndex:0/run:16/dialer:edge/eavesCount:0/latencyMS:100/tricklingDelay:0/seq:1/fileSize:1048576/nodeType:Leech/nodeTypeIndex:0/meta:time_to_fetch","measures":{"value":8208103275}}
{"ts":1670665479180924065,"type":"point","name":"exType:trickle/permutationIndex:0/run:16/dialer:edge/eavesCount:0/latencyMS:100/tricklingDelay:0/seq:1/fileSize:1048576/nodeType:Leech/nodeTypeIndex:0/meta:leech_fails","measures":{"value":0}}
{"ts":1670665479180935244,"type":"point","name":"exType:trickle/permutationIndex:0/run:16/dialer:edge/eavesCount:0/latencyMS:100/tricklingDelay:0/seq:1/fileSize:1048576/nodeType:Leech/nodeTypeIndex:0/meta:tcp_fetch","measures":{"value":1411017363}}
{"ts":1670665479180949212,"type":"point","name":"exType:trickle/permutationIndex:0/run:16/dialer:edge/eavesCount:0/latencyMS:100/tricklingDelay:0/seq:1/fileSize:1048576/nodeType:Leech/nodeTypeIndex:0/meta:msgs_rcvd","measures":{"value":41}}
{"ts":1670665479180956194,"type":"point","name":"exType:trickle/permutationIndex:0/run:16/dialer:edge/eavesCount:0/latencyMS:100/tricklingDelay:0/seq:1/fileSize:1048576/nodeType:Leech/nodeTypeIndex:0/meta:data_sent","measures":{"value":262158}}
{"ts":1670665479180960646,"type":"point","name":"exType:trickle/permutationIndex:0/run:16/dialer:edge/eavesCount:0/latencyMS:100/tricklingDelay:0/seq:1/fileSize:1048576/nodeType:Leech/nodeTypeIndex:0/meta:data_rcvd","measures":{"value":2622180}}
{"ts":1670665479180964035,"type":"point","name":"exType:trickle/permutationIndex:0/run:16/dialer:edge/eavesCount:0/latencyMS:100/tricklingDelay:0/seq:1/fileSize:1048576/nodeType:Leech/nodeTypeIndex:0/meta:dup_data_rcvd","measures":{"value":1310790}}
{"ts":1670665479180967203,"type":"point","name":"exType:trickle/permutationIndex:0/run:16/dialer:edge/eavesCount:0/latencyMS:100/tricklingDelay:0/seq:1/fileSize:1048576/nodeType:Leech/nodeTypeIndex:0/meta:blks_sent","measures":{"value":1}}
{"ts":1670665479180970785,"type":"point","name":"exType:trickle/permutationIndex:0/run:16/dialer:edge/eavesCount:0/latencyMS:100/tricklingDelay:0/seq:1/fileSize:1048576/nodeType:Leech/nodeTypeIndex:0/meta:blks_rcvd","measures":{"value":13}}
{"ts":1670665479180973910,"type":"point","name":"exType:trickle/permutationIndex:0/run:16/dialer:edge/eavesCount:0/latencyMS:100/tricklingDelay:0/seq:1/fileSize:1048576/nodeType:Leech/nodeTypeIndex:0/meta:dup_blks_rcvd","measures":{"value":5}}
{"ts":1670665489936380660,"type":"point","name":"exType:trickle/permutationIndex:0/run:17/dialer:edge/eavesCount:0/latencyMS:100/tricklingDelay:0/seq:1/fileSize:1048576/nodeType:Leech/nodeTypeIndex:0/meta:time_to_fetch","measures":{"value":8314962713}}
{"ts":1670665489936392017,"type":"point","name":"exType:trickle/permutationIndex:0/run:17/dialer:edge/eavesCount:0/latencyMS:100/tricklingDelay:0/seq:1/fileSize:1048576/nodeType:Leech/nodeTypeIndex:0/meta:leech_fails","measures":{"value":0}}
{"ts":1670665489936395238,"type":"point","name":"exType:trickle/permutationIndex:0/run:17/dialer:edge/eavesCount:0/latencyMS:100/tricklingDelay:0/seq:1/fileSize:1048576/nodeType:Leech/nodeTypeIndex:0/meta:tcp_fetch","measures":{"value":1411017363}}
{"ts":1670665489936408341,"type":"point","name":"exType:trickle/permutationIndex:0/run:17/dialer:edge/eavesCount:0/latencyMS:100/tricklingDelay:0/seq:1/fileSize:1048576/nodeType:Leech/nodeTypeIndex:0/meta:msgs_rcvd","measures":{"value":43}}
{"ts":1670665489936411121,"type":"point","name":"exType:trickle/permutationIndex:0/run:17/dialer:edge/eavesCount:0/latencyMS:100/tricklingDelay:0/seq:1/fileSize:1048576/nodeType:Leech/nodeTypeIndex:0/meta:data_sent","measures":{"value":0}}
{"ts":1670665489936413959,"type":"point","name":"exType:trickle/permutationIndex:0/run:17/dialer:edge/eavesCount:0/latencyMS:100/tricklingDelay:0/seq:1/fileSize:1048576/nodeType:Leech/nodeTypeIndex:0/meta:data_rcvd","measures":{"value":3146496}}
{"ts":1670665489936416377,"type":"point","name":"exType:trickle/permutationIndex:0/run:17/dialer:edge/eavesCount:0/latencyMS:100/tricklingDelay:0/seq:1/fileSize:1048576/nodeType:Leech/nodeTypeIndex:0/meta:dup_data_rcvd","measures":{"value":786474}}
{"ts":1670665489936418975,"type":"point","name":"exType:trickle/permutationIndex:0/run:17/dialer:edge/eavesCount:0/latencyMS:100/tricklingDelay:0/seq:1/fileSize:1048576/nodeType:Leech/nodeTypeIndex:0/meta:blks_sent","measures":{"value":0}}
{"ts":1670665489936425709,"type":"point","name":"exType:trickle/permutationIndex:0/run:17/dialer:edge/eavesCount:0/latencyMS:100/tricklingDelay:0/seq:1/fileSize:1048576/nodeType:Leech/nodeTypeIndex:0/meta:blks_rcvd","measures":{"value":15}}
{"ts":1670665489936428209,"type":"point","name":"exType:trickle/permutationIndex:0/run:17/dialer:edge/eavesCount:0/latencyMS:100/tricklingDelay:0/seq:1/fileSize:1048576/nodeType:Leech/nodeTypeIndex:0/meta:dup_blks_rcvd","measures":{"value":3}}
{"ts":1670665500745919672,"type":"point","name":"exType:trickle/permutationIndex:0/run:18/dialer:edge/eavesCount:0/latencyMS:100/tricklingDelay:0/seq:1/fileSize:1048576/nodeType:Leech/nodeTypeIndex:0/meta:time_to_fetch","measures":{"value":8364423985}}
{"ts":1670665500746008877,"type":"point","name":"exType:trickle/permutationIndex:0/run:18/dialer:edge/eavesCount:0/latencyMS:100/tricklingDelay:0/seq:1/fileSize:1048576/nodeType:Leech/nodeTypeIndex:0/meta:leech_fails","measures":{"value":0}}
{"ts":1670665500746034250,"type":"point","name":"exType:trickle/permutationIndex:0/run:18/dialer:edge/eavesCount:0/latencyMS:100/tricklingDelay:0/seq:1/fileSize:1048576/nodeType:Leech/nodeTypeIndex:0/meta:tcp_fetch","measures":{"value":1411017363}}
{"ts":1670665500746098592,"type":"point","name":"exType:trickle/permutationIndex:0/run:18/dialer:edge/eavesCount:0/latencyMS:100/tricklingDelay:0/seq:1/fileSize:1048576/nodeType:Leech/nodeTypeIndex:0/meta:msgs_rcvd","measures":{"value":44}}
{"ts":1670665500746121123,"type":"point","name":"exType:trickle/permutationIndex:0/run:18/dialer:edge/eavesCount:0/latencyMS:100/tricklingDelay:0/seq:1/fileSize:1048576/nodeType:Leech/nodeTypeIndex:0/meta:data_sent","measures":{"value":0}}
{"ts":1670665500746140143,"type":"point","name":"exType:trickle/permutationIndex:0/run:18/dialer:edge/eavesCount:0/latencyMS:100/tricklingDelay:0/seq:1/fileSize:1048576/nodeType:Leech/nodeTypeIndex:0/meta:data_rcvd","measures":{"value":3146496}}
{"ts":1670665500746159466,"type":"point","name":"exType:trickle/permutationIndex:0/run:18/dialer:edge/eavesCount:0/latencyMS:100/tricklingDelay:0/seq:1/fileSize:1048576/nodeType:Leech/nodeTypeIndex:0/meta:dup_data_rcvd","measures":{"value":1310790}}
{"ts":1670665500746179536,"type":"point","name":"exType:trickle/permutationIndex:0/run:18/dialer:edge/eavesCount:0/latencyMS:100/tricklingDelay:0/seq:1/fileSize:1048576/nodeType:Leech/nodeTypeIndex:0/meta:blks_sent","measures":{"value":0}}
{"ts":1670665500746197122,"type":"point","name":"exType:trickle/permutationIndex:0/run:18/dialer:edge/eavesCount:0/latencyMS:100/tricklingDelay:0/seq:1/fileSize:1048576/nodeType:Leech/nodeTypeIndex:0/meta:blks_rcvd","measures":{"value":15}}
{"ts":1670665500746214926,"type":"point","name":"exType:trickle/permutationIndex:0/run:18/dialer:edge/eavesCount:0/latencyMS:100/tricklingDelay:0/seq:1/fileSize:1048576/nodeType:Leech/nodeTypeIndex:0/meta:dup_blks_rcvd","measures":{"value":5}}
{"ts":1670665511668777971,"type":"point","name":"exType:trickle/permutationIndex:0/run:19/dialer:edge/eavesCount:0/latencyMS:100/tricklingDelay:0/seq:1/fileSize:1048576/nodeType:Leech/nodeTypeIndex:0/meta:time_to_fetch","measures":{"value":8486672762}}
{"ts":1670665511668838942,"type":"point","name":"exType:trickle/permutationIndex:0/run:19/dialer:edge/eavesCount:0/latencyMS:100/tricklingDelay:0/seq:1/fileSize:1048576/nodeType:Leech/nodeTypeIndex:0/meta:leech_fails","measures":{"value":0}}
{"ts":1670665511668864873,"type":"point","name":"exType:trickle/permutationIndex:0/run:19/dialer:edge/eavesCount:0/latencyMS:100/tricklingDelay:0/seq:1/fileSize:1048576/nodeType:Leech/nodeTypeIndex:0/meta:tcp_fetch","measures":{"value":1411017363}}
{"ts":1670665511668930454,"type":"point","name":"exType:trickle/permutationIndex:0/run:19/dialer:edge/eavesCount:0/latencyMS:100/tricklingDelay:0/seq:1/fileSize:1048576/nodeType:Leech/nodeTypeIndex:0/meta:msgs_rcvd","measures":{"value":37}}
{"ts":1670665511669113009,"type":"point","name":"exType:trickle/permutationIndex:0/run:19/dialer:edge/eavesCount:0/latencyMS:100/tricklingDelay:0/seq:1/fileSize:1048576/nodeType:Leech/nodeTypeIndex:0/meta:data_sent","measures":{"value":262158}}
{"ts":1670665511669174770,"type":"point","name":"exType:trickle/permutationIndex:0/run:19/dialer:edge/eavesCount:0/latencyMS:100/tricklingDelay:0/seq:1/fileSize:1048576/nodeType:Leech/nodeTypeIndex:0/meta:data_rcvd","measures":{"value":2097864}}
{"ts":1670665511669195886,"type":"point","name":"exType:trickle/permutationIndex:0/run:19/dialer:edge/eavesCount:0/latencyMS:100/tricklingDelay:0/seq:1/fileSize:1048576/nodeType:Leech/nodeTypeIndex:0/meta:dup_data_rcvd","measures":{"value":1048632}}
{"ts":1670665511669216861,"type":"point","name":"exType:trickle/permutationIndex:0/run:19/dialer:edge/eavesCount:0/latencyMS:100/tricklingDelay:0/seq:1/fileSize:1048576/nodeType:Leech/nodeTypeIndex:0/meta:blks_sent","measures":{"value":1}}
{"ts":1670665511669237910,"type":"point","name":"exType:trickle/permutationIndex:0/run:19/dialer:edge/eavesCount:0/latencyMS:100/tricklingDelay:0/seq:1/fileSize:1048576/nodeType:Leech/nodeTypeIndex:0/meta:blks_rcvd","measures":{"value":11}}
{"ts":1670665511669258086,"type":"point","name":"exType:trickle/permutationIndex:0/run:19/dialer:edge/eavesCount:0/latencyMS:100/tricklingDelay:0/seq:1/fileSize:1048576/nodeType:Leech/nodeTypeIndex:0/meta:dup_blks_rcvd","measures":{"value":4}}
{"ts":1670665522952835739,"type":"point","name":"exType:trickle/permutationIndex:0/run:20/dialer:edge/eavesCount:0/latencyMS:100/tricklingDelay:0/seq:1/fileSize:1048576/nodeType:Leech/nodeTypeIndex:0/meta:time_to_fetch","measures":{"value":8852539809}}
{"ts":1670665522952852260,"type":"point","name":"exType:trickle/permutationIndex:0/run:20/dialer:edge/eavesCount:0/latencyMS:100/tricklingDelay:0/seq:1/fileSize:1048576/nodeType:Leech/nodeTypeIndex:0/meta:leech_fails","measures":{"value":0}}
{"ts":1670665522952856552,"type":"point","name":"exType:trickle/permutationIndex:0/run:20/dialer:edge/eavesCount:0/latencyMS:100/tricklingDelay:0/seq:1/fileSize:1048576/nodeType:Leech/nodeTypeIndex:0/meta:tcp_fetch","measures":{"value":1411017363}}
{"ts":1670665522952866687,"type":"point","name":"exType:trickle/permutationIndex:0/run:20/dialer:edge/eavesCount:0/latencyMS:100/tricklingDelay:0/seq:1/fileSize:1048576/nodeType:Leech/nodeTypeIndex:0/meta:msgs_rcvd","measures":{"value":43}}
{"ts":1670665522952869899,"type":"point","name":"exType:trickle/permutationIndex:0/run:20/dialer:edge/eavesCount:0/latencyMS:100/tricklingDelay:0/seq:1/fileSize:1048576/nodeType:Leech/nodeTypeIndex:0/meta:data_sent","measures":{"value":0}}
{"ts":1670665522952872122,"type":"point","name":"exType:trickle/permutationIndex:0/run:20/dialer:edge/eavesCount:0/latencyMS:100/tricklingDelay:0/seq:1/fileSize:1048576/nodeType:Leech/nodeTypeIndex:0/meta:data_rcvd","measures":{"value":3146496}}
{"ts":1670665522952874734,"type":"point","name":"exType:trickle/permutationIndex:0/run:20/dialer:edge/eavesCount:0/latencyMS:100/tricklingDelay:0/seq:1/fileSize:1048576/nodeType:Leech/nodeTypeIndex:0/meta:dup_data_rcvd","measures":{"value":524316}}
{"ts":1670665522952881392,"type":"point","name":"exType:trickle/permutationIndex:0/run:20/dialer:edge/eavesCount:0/latencyMS:100/tricklingDelay:0/seq:1/fileSize:1048576/nodeType:Leech/nodeTypeIndex:0/meta:blks_sent","measures":{"value":0}}
{"ts":1670665522952884197,"type":"point","name":"exType:trickle/permutationIndex:0/run:20/dialer:edge/eavesCount:0/latencyMS:100/tricklingDelay:0/seq:1/fileSize:1048576/nodeType:Leech/nodeTypeIndex:0/meta:blks_rcvd","measures":{"value":15}}
{"ts":1670665522952887080,"type":"point","name":"exType:trickle/permutationIndex:0/run:20/dialer:edge/eavesCount:0/latencyMS:100/tricklingDelay:0/seq:1/fileSize:1048576/nodeType:Leech/nodeTypeIndex:0/meta:dup_blks_rcvd","measures":{"value":2}}
{"ts":1670665533789499408,"type":"point","name":"exType:trickle/permutationIndex:0/run:21/dialer:edge/eavesCount:0/latencyMS:100/tricklingDelay:0/seq:1/fileSize:1048576/nodeType:Leech/nodeTypeIndex:0/meta:time_to_fetch","measures":{"value":8388740759}}
{"ts":1670665533789514105,"type":"point","name":"exType:trickle/permutationIndex:0/run:21/dialer:edge/eavesCount:0/latencyMS:100/tricklingDelay:0/seq:1/fileSize:1048576/nodeType:Leech/nodeTypeIndex:0/meta:leech_fails","measures":{"value":0}}
{"ts":1670665533789524417,"type":"point","name":"exType:trickle/permutationIndex:0/run:21/dialer:edge/eavesCount:0/latencyMS:100/tricklingDelay:0/seq:1/fileSize:1048576/nodeType:Leech/nodeTypeIndex:0/meta:tcp_fetch","measures":{"value":1411017363}}
{"ts":1670665533789535477,"type":"point","name":"exType:trickle/permutationIndex:0/run:21/dialer:edge/eavesCount:0/latencyMS:100/tricklingDelay:0/seq:1/fileSize:1048576/nodeType:Leech/nodeTypeIndex:0/meta:msgs_rcvd","measures":{"value":34}}
{"ts":1670665533789538291,"type":"point","name":"exType:trickle/permutationIndex:0/run:21/dialer:edge/eavesCount:0/latencyMS:100/tricklingDelay:0/seq:1/fileSize:1048576/nodeType:Leech/nodeTypeIndex:0/meta:data_sent","measures":{"value":262158}}
{"ts":1670665533789540844,"type":"point","name":"exType:trickle/permutationIndex:0/run:21/dialer:edge/eavesCount:0/latencyMS:100/tricklingDelay:0/seq:1/fileSize:1048576/nodeType:Leech/nodeTypeIndex:0/meta:data_rcvd","measures":{"value":1311390}}
{"ts":1670665533789544925,"type":"point","name":"exType:trickle/permutationIndex:0/run:21/dialer:edge/eavesCount:0/latencyMS:100/tricklingDelay:0/seq:1/fileSize:1048576/nodeType:Leech/nodeTypeIndex:0/meta:dup_data_rcvd","measures":{"value":262158}}
{"ts":1670665533789548285,"type":"point","name":"exType:trickle/permutationIndex:0/run:21/dialer:edge/eavesCount:0/latencyMS:100/tricklingDelay:0/seq:1/fileSize:1048576/nodeType:Leech/nodeTypeIndex:0/meta:blks_sent","measures":{"value":1}}
{"ts":1670665533789550688,"type":"point","name":"exType:trickle/permutationIndex:0/run:21/dialer:edge/eavesCount:0/latencyMS:100/tricklingDelay:0/seq:1/fileSize:1048576/nodeType:Leech/nodeTypeIndex:0/meta:blks_rcvd","measures":{"value":8}}
{"ts":1670665533789553661,"type":"point","name":"exType:trickle/permutationIndex:0/run:21/dialer:edge/eavesCount:0/latencyMS:100/tricklingDelay:0/seq:1/fileSize:1048576/nodeType:Leech/nodeTypeIndex:0/meta:dup_blks_rcvd","measures":{"value":1}}
{"ts":1670665544230652915,"type":"point","name":"exType:trickle/permutationIndex:0/run:22/dialer:edge/eavesCount:0/latencyMS:100/tricklingDelay:0/seq:1/fileSize:1048576/nodeType:Leech/nodeTypeIndex:0/meta:time_to_fetch","measures":{"value":8001033174}}
{"ts":1670665544230753971,"type":"point","name":"exType:trickle/permutationIndex:0/run:22/dialer:edge/eavesCount:0/latencyMS:100/tricklingDelay:0/seq:1/fileSize:1048576/nodeType:Leech/nodeTypeIndex:0/meta:leech_fails","measures":{"value":0}}
{"ts":1670665544230783240,"type":"point","name":"exType:trickle/permutationIndex:0/run:22/dialer:edge/eavesCount:0/latencyMS:100/tricklingDelay:0/seq:1/fileSize:1048576/nodeType:Leech/nodeTypeIndex:0/meta:tcp_fetch","measures":{"value":1411017363}}
{"ts":1670665544230852391,"type":"point","name":"exType:trickle/permutationIndex:0/run:22/dialer:edge/eavesCount:0/latencyMS:100/tricklingDelay:0/seq:1/fileSize:1048576/nodeType:Leech/nodeTypeIndex:0/meta:msgs_rcvd","measures":{"value":42}}
{"ts":1670665544230873442,"type":"point","name":"exType:trickle/permutationIndex:0/run:22/dialer:edge/eavesCount:0/latencyMS:100/tricklingDelay:0/seq:1/fileSize:1048576/nodeType:Leech/nodeTypeIndex:0/meta:data_sent","measures":{"value":0}}
{"ts":1670665544230893670,"type":"point","name":"exType:trickle/permutationIndex:0/run:22/dialer:edge/eavesCount:0/latencyMS:100/tricklingDelay:0/seq:1/fileSize:1048576/nodeType:Leech/nodeTypeIndex:0/meta:data_rcvd","measures":{"value":3146496}}
{"ts":1670665544230914827,"type":"point","name":"exType:trickle/permutationIndex:0/run:22/dialer:edge/eavesCount:0/latencyMS:100/tricklingDelay:0/seq:1/fileSize:1048576/nodeType:Leech/nodeTypeIndex:0/meta:dup_data_rcvd","measures":{"value":1048832}}
{"ts":1670665544230934649,"type":"point","name":"exType:trickle/permutationIndex:0/run:22/dialer:edge/eavesCount:0/latencyMS:100/tricklingDelay:0/seq:1/fileSize:1048576/nodeType:Leech/nodeTypeIndex:0/meta:blks_sent","measures":{"value":0}}
{"ts":1670665544231065910,"type":"point","name":"exType:trickle/permutationIndex:0/run:22/dialer:edge/eavesCount:0/latencyMS:100/tricklingDelay:0/seq:1/fileSize:1048576/nodeType:Leech/nodeTypeIndex:0/meta:blks_rcvd","measures":{"value":15}}
{"ts":1670665544231095565,"type":"point","name":"exType:trickle/permutationIndex:0/run:22/dialer:edge/eavesCount:0/latencyMS:100/tricklingDelay:0/seq:1/fileSize:1048576/nodeType:Leech/nodeTypeIndex:0/meta:dup_blks_rcvd","measures":{"value":5}}
{"ts":1670665554879815203,"type":"point","name":"exType:trickle/permutationIndex:0/run:23/dialer:edge/eavesCount:0/latencyMS:100/tricklingDelay:0/seq:1/fileSize:1048576/nodeType:Leech/nodeTypeIndex:0/meta:time_to_fetch","measures":{"value":8207555616}}
{"ts":1670665554879836312,"type":"point","name":"exType:trickle/permutationIndex:0/run:23/dialer:edge/eavesCount:0/latencyMS:100/tricklingDelay:0/seq:1/fileSize:1048576/nodeType:Leech/nodeTypeIndex:0/meta:leech_fails","measures":{"value":0}}
{"ts":1670665554879844298,"type":"point","name":"exType:trickle/permutationIndex:0/run:23/dialer:edge/eavesCount:0/latencyMS:100/tricklingDelay:0/seq:1/fileSize:1048576/nodeType:Leech/nodeTypeIndex:0/meta:tcp_fetch","measures":{"value":1411017363}}
{"ts":1670665554879863574,"type":"point","name":"exType:trickle/permutationIndex:0/run:23/dialer:edge/eavesCount:0/latencyMS:100/tricklingDelay:0/seq:1/fileSize:1048576/nodeType:Leech/nodeTypeIndex:0/meta:msgs_rcvd","measures":{"value":42}}
{"ts":1670665554879869842,"type":"point","name":"exType:trickle/permutationIndex:0/run:23/dialer:edge/eavesCount:0/latencyMS:100/tricklingDelay:0/seq:1/fileSize:1048576/nodeType:Leech/nodeTypeIndex:0/meta:data_sent","measures":{"value":0}}
{"ts":1670665554879875595,"type":"point","name":"exType:trickle/permutationIndex:0/run:23/dialer:edge/eavesCount:0/latencyMS:100/tricklingDelay:0/seq:1/fileSize:1048576/nodeType:Leech/nodeTypeIndex:0/meta:data_rcvd","measures":{"value":3146496}}
{"ts":1670665554879881458,"type":"point","name":"exType:trickle/permutationIndex:0/run:23/dialer:edge/eavesCount:0/latencyMS:100/tricklingDelay:0/seq:1/fileSize:1048576/nodeType:Leech/nodeTypeIndex:0/meta:dup_data_rcvd","measures":{"value":1310790}}
{"ts":1670665554879888836,"type":"point","name":"exType:trickle/permutationIndex:0/run:23/dialer:edge/eavesCount:0/latencyMS:100/tricklingDelay:0/seq:1/fileSize:1048576/nodeType:Leech/nodeTypeIndex:0/meta:blks_sent","measures":{"value":0}}
{"ts":1670665554879894789,"type":"point","name":"exType:trickle/permutationIndex:0/run:23/dialer:edge/eavesCount:0/latencyMS:100/tricklingDelay:0/seq:1/fileSize:1048576/nodeType:Leech/nodeTypeIndex:0/meta:blks_rcvd","measures":{"value":15}}
{"ts":1670665554879900561,"type":"point","name":"exType:trickle/permutationIndex:0/run:23/dialer:edge/eavesCount:0/latencyMS:100/tricklingDelay:0/seq:1/fileSize:1048576/nodeType:Leech/nodeTypeIndex:0/meta:dup_blks_rcvd","measures":{"value":5}}
{"ts":1670665565343592011,"type":"point","name":"exType:trickle/permutationIndex:0/run:24/dialer:edge/eavesCount:0/latencyMS:100/tricklingDelay:0/seq:1/fileSize:1048576/nodeType:Leech/nodeTypeIndex:0/meta:time_to_fetch","measures":{"value":8020831307}}
{"ts":1670665565343645479,"type":"point","name":"exType:trickle/permutationIndex:0/run:24/dialer:edge/eavesCount:0/latencyMS:100/tricklingDelay:0/seq:1/fileSize:1048576/nodeType:Leech/nodeTypeIndex:0/meta:leech_fails","measures":{"value":0}}
{"ts":1670665565343650191,"type":"point","name":"exType:trickle/permutationIndex:0/run:24/dialer:edge/eavesCount:0/latencyMS:100/tricklingDelay:0/seq:1/fileSize:1048576/nodeType:Leech/nodeTypeIndex:0/meta:tcp_fetch","measures":{"value":1411017363}}
{"ts":1670665565343666113,"type":"point","name":"exType:trickle/permutationIndex:0/run:24/dialer:edge/eavesCount:0/latencyMS:100/tricklingDelay:0/seq:1/fileSize:1048576/nodeType:Leech/nodeTypeIndex:0/meta:msgs_rcvd","measures":{"value":42}}
{"ts":1670665565343668886,"type":"point","name":"exType:trickle/permutationIndex:0/run:24/dialer:edge/eavesCount:0/latencyMS:100/tricklingDelay:0/seq:1/fileSize:1048576/nodeType:Leech/nodeTypeIndex:0/meta:data_sent","measures":{"value":0}}
{"ts":1670665565343711015,"type":"point","name":"exType:trickle/permutationIndex:0/run:24/dialer:edge/eavesCount:0/latencyMS:100/tricklingDelay:0/seq:1/fileSize:1048576/nodeType:Leech/nodeTypeIndex:0/meta:data_rcvd","measures":{"value":3146496}}
{"ts":1670665565343714132,"type":"point","name":"exType:trickle/permutationIndex:0/run:24/dialer:edge/eavesCount:0/latencyMS:100/tricklingDelay:0/seq:1/fileSize:1048576/nodeType:Leech/nodeTypeIndex:0/meta:dup_data_rcvd","measures":{"value":1310790}}
{"ts":1670665565343716606,"type":"point","name":"exType:trickle/permutationIndex:0/run:24/dialer:edge/eavesCount:0/latencyMS:100/tricklingDelay:0/seq:1/fileSize:1048576/nodeType:Leech/nodeTypeIndex:0/meta:blks_sent","measures":{"value":0}}
{"ts":1670665565343720668,"type":"point","name":"exType:trickle/permutationIndex:0/run:24/dialer:edge/eavesCount:0/latencyMS:100/tricklingDelay:0/seq:1/fileSize:1048576/nodeType:Leech/nodeTypeIndex:0/meta:blks_rcvd","measures":{"value":15}}
{"ts":1670665565343723076,"type":"point","name":"exType:trickle/permutationIndex:0/run:24/dialer:edge/eavesCount:0/latencyMS:100/tricklingDelay:0/seq:1/fileSize:1048576/nodeType:Leech/nodeTypeIndex:0/meta:dup_blks_rcvd","measures":{"value":5}}
{"ts":1670665576124284153,"type":"point","name":"exType:trickle/permutationIndex:0/run:25/dialer:edge/eavesCount:0/latencyMS:100/tricklingDelay:0/seq:1/fileSize:1048576/nodeType:Leech/nodeTypeIndex:0/meta:time_to_fetch","measures":{"value":8334333682}}
{"ts":1670665576124392758,"type":"point","name":"exType:trickle/permutationIndex:0/run:25/dialer:edge/eavesCount:0/latencyMS:100/tricklingDelay:0/seq:1/fileSize:1048576/nodeType:Leech/nodeTypeIndex:0/meta:leech_fails","measures":{"value":0}}
{"ts":1670665576124430844,"type":"point","name":"exType:trickle/permutationIndex:0/run:25/dialer:edge/eavesCount:0/latencyMS:100/tricklingDelay:0/seq:1/fileSize:1048576/nodeType:Leech/nodeTypeIndex:0/meta:tcp_fetch","measures":{"value":1411017363}}
{"ts":1670665576124501228,"type":"point","name":"exType:trickle/permutationIndex:0/run:25/dialer:edge/eavesCount:0/latencyMS:100/tricklingDelay:0/seq:1/fileSize:1048576/nodeType:Leech/nodeTypeIndex:0/meta:msgs_rcvd","measures":{"value":41}}
{"ts":1670665576124526089,"type":"point","name":"exType:trickle/permutationIndex:0/run:25/dialer:edge/eavesCount:0/latencyMS:100/tricklingDelay:0/seq:1/fileSize:1048576/nodeType:Leech/nodeTypeIndex:0/meta:data_sent","measures":{"value":262158}}
{"ts":1670665576124548125,"type":"point","name":"exType:trickle/permutationIndex:0/run:25/dialer:edge/eavesCount:0/latencyMS:100/tricklingDelay:0/seq:1/fileSize:1048576/nodeType:Leech/nodeTypeIndex:0/meta:data_rcvd","measures":{"value":2884338}}
{"ts":1670665576124566970,"type":"point","name":"exType:trickle/permutationIndex:0/run:25/dialer:edge/eavesCount:0/latencyMS:100/tricklingDelay:0/seq:1/fileSize:1048576/nodeType:Leech/nodeTypeIndex:0/meta:dup_data_rcvd","measures":{"value":1310790}}
{"ts":1670665576124585016,"type":"point","name":"exType:trickle/permutationIndex:0/run:25/dialer:edge/eavesCount:0/latencyMS:100/tricklingDelay:0/seq:1/fileSize:1048576/nodeType:Leech/nodeTypeIndex:0/meta:blks_sent","measures":{"value":1}}
{"ts":1670665576124605830,"type":"point","name":"exType:trickle/permutationIndex:0/run:25/dialer:edge/eavesCount:0/latencyMS:100/tricklingDelay:0/seq:1/fileSize:1048576/nodeType:Leech/nodeTypeIndex:0/meta:blks_rcvd","measures":{"value":14}}
{"ts":1670665576124634956,"type":"point","name":"exType:trickle/permutationIndex:0/run:25/dialer:edge/eavesCount:0/latencyMS:100/tricklingDelay:0/seq:1/fileSize:1048576/nodeType:Leech/nodeTypeIndex:0/meta:dup_blks_rcvd","measures":{"value":5}}
{"ts":1670665592332514315,"type":"point","name":"exType:trickle/permutationIndex:1/run:1/dialer:edge/eavesCount:0/latencyMS:100/tricklingDelay:50/seq:1/fileSize:1048576/nodeType:Leech/nodeTypeIndex:0/meta:time_to_fetch","measures":{"value":10550702195}}
{"ts":1670665592332594638,"type":"point","name":"exType:trickle/permutationIndex:1/run:1/dialer:edge/eavesCount:0/latencyMS:100/tricklingDelay:50/seq:1/fileSize:1048576/nodeType:Leech/nodeTypeIndex:0/meta:leech_fails","measures":{"value":0}}
{"ts":1670665592332661891,"type":"point","name":"exType:trickle/permutationIndex:1/run:1/dialer:edge/eavesCount:0/latencyMS:100/tricklingDelay:50/seq:1/fileSize:1048576/nodeType:Leech/nodeTypeIndex:0/meta:tcp_fetch","measures":{"value":1405821928}}
{"ts":1670665592332730245,"type":"point","name":"exType:trickle/permutationIndex:1/run:1/dialer:edge/eavesCount:0/latencyMS:100/tricklingDelay:50/seq:1/fileSize:1048576/nodeType:Leech/nodeTypeIndex:0/meta:msgs_rcvd","measures":{"value":40}}
{"ts":1670665592332752965,"type":"point","name":"exType:trickle/permutationIndex:1/run:1/dialer:edge/eavesCount:0/latencyMS:100/tricklingDelay:50/seq:1/fileSize:1048576/nodeType:Leech/nodeTypeIndex:0/meta:data_sent","measures":{"value":0}}
{"ts":1670665592332772755,"type":"point","name":"exType:trickle/permutationIndex:1/run:1/dialer:edge/eavesCount:0/latencyMS:100/tricklingDelay:50/seq:1/fileSize:1048576/nodeType:Leech/nodeTypeIndex:0/meta:data_rcvd","measures":{"value":3146496}}
{"ts":1670665592332833498,"type":"point","name":"exType:trickle/permutationIndex:1/run:1/dialer:edge/eavesCount:0/latencyMS:100/tricklingDelay:50/seq:1/fileSize:1048576/nodeType:Leech/nodeTypeIndex:0/meta:dup_data_rcvd","measures":{"value":1572948}}
{"ts":1670665592332866641,"type":"point","name":"exType:trickle/permutationIndex:1/run:1/dialer:edge/eavesCount:0/latencyMS:100/tricklingDelay:50/seq:1/fileSize:1048576/nodeType:Leech/nodeTypeIndex:0/meta:blks_sent","measures":{"value":0}}
{"ts":1670665592332887976,"type":"point","name":"exType:trickle/permutationIndex:1/run:1/dialer:edge/eavesCount:0/latencyMS:100/tricklingDelay:50/seq:1/fileSize:1048576/nodeType:Leech/nodeTypeIndex:0/meta:blks_rcvd","measures":{"value":15}}
{"ts":1670665592332908443,"type":"point","name":"exType:trickle/permutationIndex:1/run:1/dialer:edge/eavesCount:0/latencyMS:100/tricklingDelay:50/seq:1/fileSize:1048576/nodeType:Leech/nodeTypeIndex:0/meta:dup_blks_rcvd","measures":{"value":6}}
{"ts":1670665606202470949,"type":"point","name":"exType:trickle/permutationIndex:1/run:2/dialer:edge/eavesCount:0/latencyMS:100/tricklingDelay:50/seq:1/fileSize:1048576/nodeType:Leech/nodeTypeIndex:0/meta:time_to_fetch","measures":{"value":11438639365}}
{"ts":1670665606202494029,"type":"point","name":"exType:trickle/permutationIndex:1/run:2/dialer:edge/eavesCount:0/latencyMS:100/tricklingDelay:50/seq:1/fileSize:1048576/nodeType:Leech/nodeTypeIndex:0/meta:leech_fails","measures":{"value":0}}
{"ts":1670665606202498920,"type":"point","name":"exType:trickle/permutationIndex:1/run:2/dialer:edge/eavesCount:0/latencyMS:100/tricklingDelay:50/seq:1/fileSize:1048576/nodeType:Leech/nodeTypeIndex:0/meta:tcp_fetch","measures":{"value":1405821928}}
{"ts":1670665606202514121,"type":"point","name":"exType:trickle/permutationIndex:1/run:2/dialer:edge/eavesCount:0/latencyMS:100/tricklingDelay:50/seq:1/fileSize:1048576/nodeType:Leech/nodeTypeIndex:0/meta:msgs_rcvd","measures":{"value":41}}
{"ts":1670665606202518177,"type":"point","name":"exType:trickle/permutationIndex:1/run:2/dialer:edge/eavesCount:0/latencyMS:100/tricklingDelay:50/seq:1/fileSize:1048576/nodeType:Leech/nodeTypeIndex:0/meta:data_sent","measures":{"value":0}}
{"ts":1670665606202521589,"type":"point","name":"exType:trickle/permutationIndex:1/run:2/dialer:edge/eavesCount:0/latencyMS:100/tricklingDelay:50/seq:1/fileSize:1048576/nodeType:Leech/nodeTypeIndex:0/meta:data_rcvd","measures":{"value":3146496}}
{"ts":1670665606202525152,"type":"point","name":"exType:trickle/permutationIndex:1/run:2/dialer:edge/eavesCount:0/latencyMS:100/tricklingDelay:50/seq:1/fileSize:1048576/nodeType:Leech/nodeTypeIndex:0/meta:dup_data_rcvd","measures":{"value":200}}
{"ts":1670665606202528641,"type":"point","name":"exType:trickle/permutationIndex:1/run:2/dialer:edge/eavesCount:0/latencyMS:100/tricklingDelay:50/seq:1/fileSize:1048576/nodeType:Leech/nodeTypeIndex:0/meta:blks_sent","measures":{"value":0}}
{"ts":1670665606202531974,"type":"point","name":"exType:trickle/permutationIndex:1/run:2/dialer:edge/eavesCount:0/latencyMS:100/tricklingDelay:50/seq:1/fileSize:1048576/nodeType:Leech/nodeTypeIndex:0/meta:blks_rcvd","measures":{"value":15}}
{"ts":1670665606202542525,"type":"point","name":"exType:trickle/permutationIndex:1/run:2/dialer:edge/eavesCount:0/latencyMS:100/tricklingDelay:50/seq:1/fileSize:1048576/nodeType:Leech/nodeTypeIndex:0/meta:dup_blks_rcvd","measures":{"value":1}}
{"ts":1670665620091093136,"type":"point","name":"exType:trickle/permutationIndex:1/run:3/dialer:edge/eavesCount:0/latencyMS:100/tricklingDelay:50/seq:1/fileSize:1048576/nodeType:Leech/nodeTypeIndex:0/meta:time_to_fetch","measures":{"value":11458349921}}
{"ts":1670665620091168579,"type":"point","name":"exType:trickle/permutationIndex:1/run:3/dialer:edge/eavesCount:0/latencyMS:100/tricklingDelay:50/seq:1/fileSize:1048576/nodeType:Leech/nodeTypeIndex:0/meta:leech_fails","measures":{"value":0}}
{"ts":1670665620091198758,"type":"point","name":"exType:trickle/permutationIndex:1/run:3/dialer:edge/eavesCount:0/latencyMS:100/tricklingDelay:50/seq:1/fileSize:1048576/nodeType:Leech/nodeTypeIndex:0/meta:tcp_fetch","measures":{"value":1405821928}}
{"ts":1670665620091261909,"type":"point","name":"exType:trickle/permutationIndex:1/run:3/dialer:edge/eavesCount:0/latencyMS:100/tricklingDelay:50/seq:1/fileSize:1048576/nodeType:Leech/nodeTypeIndex:0/meta:msgs_rcvd","measures":{"value":40}}
{"ts":1670665620091284985,"type":"point","name":"exType:trickle/permutationIndex:1/run:3/dialer:edge/eavesCount:0/latencyMS:100/tricklingDelay:50/seq:1/fileSize:1048576/nodeType:Leech/nodeTypeIndex:0/meta:data_sent","measures":{"value":0}}
{"ts":1670665620091304704,"type":"point","name":"exType:trickle/permutationIndex:1/run:3/dialer:edge/eavesCount:0/latencyMS:100/tricklingDelay:50/seq:1/fileSize:1048576/nodeType:Leech/nodeTypeIndex:0/meta:data_rcvd","measures":{"value":3146496}}
{"ts":1670665620091324168,"type":"point","name":"exType:trickle/permutationIndex:1/run:3/dialer:edge/eavesCount:0/latencyMS:100/tricklingDelay:50/seq:1/fileSize:1048576/nodeType:Leech/nodeTypeIndex:0/meta:dup_data_rcvd","measures":{"value":200}}
{"ts":1670665620091343408,"type":"point","name":"exType:trickle/permutationIndex:1/run:3/dialer:edge/eavesCount:0/latencyMS:100/tricklingDelay:50/seq:1/fileSize:1048576/nodeType:Leech/nodeTypeIndex:0/meta:blks_sent","measures":{"value":0}}
{"ts":1670665620091361573,"type":"point","name":"exType:trickle/permutationIndex:1/run:3/dialer:edge/eavesCount:0/latencyMS:100/tricklingDelay:50/seq:1/fileSize:1048576/nodeType:Leech/nodeTypeIndex:0/meta:blks_rcvd","measures":{"value":15}}
{"ts":1670665620091380221,"type":"point","name":"exType:trickle/permutationIndex:1/run:3/dialer:edge/eavesCount:0/latencyMS:100/tricklingDelay:50/seq:1/fileSize:1048576/nodeType:Leech/nodeTypeIndex:0/meta:dup_blks_rcvd","measures":{"value":1}}
{"ts":1670665633537205849,"type":"point","name":"exType:trickle/permutationIndex:1/run:4/dialer:edge/eavesCount:0/latencyMS:100/tricklingDelay:50/seq:1/fileSize:1048576/nodeType:Leech/nodeTypeIndex:0/meta:time_to_fetch","measures":{"value":11008611593}}
{"ts":1670665633537226335,"type":"point","name":"exType:trickle/permutationIndex:1/run:4/dialer:edge/eavesCount:0/latencyMS:100/tricklingDelay:50/seq:1/fileSize:1048576/nodeType:Leech/nodeTypeIndex:0/meta:leech_fails","measures":{"value":0}}
{"ts":1670665633537236731,"type":"point","name":"exType:trickle/permutationIndex:1/run:4/dialer:edge/eavesCount:0/latencyMS:100/tricklingDelay:50/seq:1/fileSize:1048576/nodeType:Leech/nodeTypeIndex:0/meta:tcp_fetch","measures":{"value":1405821928}}
{"ts":1670665633537251545,"type":"point","name":"exType:trickle/permutationIndex:1/run:4/dialer:edge/eavesCount:0/latencyMS:100/tricklingDelay:50/seq:1/fileSize:1048576/nodeType:Leech/nodeTypeIndex:0/meta:msgs_rcvd","measures":{"value":40}}
{"ts":1670665633537265163,"type":"point","name":"exType:trickle/permutationIndex:1/run:4/dialer:edge/eavesCount:0/latencyMS:100/tricklingDelay:50/seq:1/fileSize:1048576/nodeType:Leech/nodeTypeIndex:0/meta:data_sent","measures":{"value":0}}
{"ts":1670665633537283163,"type":"point","name":"exType:trickle/permutationIndex:1/run:4/dialer:edge/eavesCount:0/latencyMS:100/tricklingDelay:50/seq:1/fileSize:1048576/nodeType:Leech/nodeTypeIndex:0/meta:data_rcvd","measures":{"value":3146496}}
{"ts":1670665633537287980,"type":"point","name":"exType:trickle/permutationIndex:1/run:4/dialer:edge/eavesCount:0/latencyMS:100/tricklingDelay:50/seq:1/fileSize:1048576/nodeType:Leech/nodeTypeIndex:0/meta:dup_data_rcvd","measures":{"value":262158}}
{"ts":1670665633537294277,"type":"point","name":"exType:trickle/permutationIndex:1/run:4/dialer:edge/eavesCount:0/latencyMS:100/tricklingDelay:50/seq:1/fileSize:1048576/nodeType:Leech/nodeTypeIndex:0/meta:blks_sent","measures":{"value":0}}
{"ts":1670665633537304307,"type":"point","name":"exType:trickle/permutationIndex:1/run:4/dialer:edge/eavesCount:0/latencyMS:100/tricklingDelay:50/seq:1/fileSize:1048576/nodeType:Leech/nodeTypeIndex:0/meta:blks_rcvd","measures":{"value":15}}
{"ts":1670665633537313074,"type":"point","name":"exType:trickle/permutationIndex:1/run:4/dialer:edge/eavesCount:0/latencyMS:100/tricklingDelay:50/seq:1/fileSize:1048576/nodeType:Leech/nodeTypeIndex:0/meta:dup_blks_rcvd","measures":{"value":1}}
{"ts":1670665647200843469,"type":"point","name":"exType:trickle/permutationIndex:1/run:5/dialer:edge/eavesCount:0/latencyMS:100/tricklingDelay:50/seq:1/fileSize:1048576/nodeType:Leech/nodeTypeIndex:0/meta:time_to_fetch","measures":{"value":11223063288}}
{"ts":1670665647200925269,"type":"point","name":"exType:trickle/permutationIndex:1/run:5/dialer:edge/eavesCount:0/latencyMS:100/tricklingDelay:50/seq:1/fileSize:1048576/nodeType:Leech/nodeTypeIndex:0/meta:leech_fails","measures":{"value":0}}
{"ts":1670665647200948609,"type":"point","name":"exType:trickle/permutationIndex:1/run:5/dialer:edge/eavesCount:0/latencyMS:100/tricklingDelay:50/seq:1/fileSize:1048576/nodeType:Leech/nodeTypeIndex:0/meta:tcp_fetch","measures":{"value":1405821928}}
{"ts":1670665647201050731,"type":"point","name":"exType:trickle/permutationIndex:1/run:5/dialer:edge/eavesCount:0/latencyMS:100/tricklingDelay:50/seq:1/fileSize:1048576/nodeType:Leech/nodeTypeIndex:0/meta:msgs_rcvd","measures":{"value":41}}
{"ts":1670665647201090116,"type":"point","name":"exType:trickle/permutationIndex:1/run:5/dialer:edge/eavesCount:0/latencyMS:100/tricklingDelay:50/seq:1/fileSize:1048576/nodeType:Leech/nodeTypeIndex:0/meta:data_sent","measures":{"value":0}}
{"ts":1670665647201113528,"type":"point","name":"exType:trickle/permutationIndex:1/run:5/dialer:edge/eavesCount:0/latencyMS:100/tricklingDelay:50/seq:1/fileSize:1048576/nodeType:Leech/nodeTypeIndex:0/meta:data_rcvd","measures":{"value":3146496}}
{"ts":1670665647201133332,"type":"point","name":"exType:trickle/permutationIndex:1/run:5/dialer:edge/eavesCount:0/latencyMS:100/tricklingDelay:50/seq:1/fileSize:1048576/nodeType:Leech/nodeTypeIndex:0/meta:dup_data_rcvd","measures":{"value":524316}}
{"ts":1670665647201153467,"type":"point","name":"exType:trickle/permutationIndex:1/run:5/dialer:edge/eavesCount:0/latencyMS:100/tricklingDelay:50/seq:1/fileSize:1048576/nodeType:Leech/nodeTypeIndex:0/meta:blks_sent","measures":{"value":0}}
{"ts":1670665647201173997,"type":"point","name":"exType:trickle/permutationIndex:1/run:5/dialer:edge/eavesCount:0/latencyMS:100/tricklingDelay:50/seq:1/fileSize:1048576/nodeType:Leech/nodeTypeIndex:0/meta:blks_rcvd","measures":{"value":15}}
{"ts":1670665647201194785,"type":"point","name":"exType:trickle/permutationIndex:1/run:5/dialer:edge/eavesCount:0/latencyMS:100/tricklingDelay:50/seq:1/fileSize:1048576/nodeType:Leech/nodeTypeIndex:0/meta:dup_blks_rcvd","measures":{"value":2}}
{"ts":1670665660706268460,"type":"point","name":"exType:trickle/permutationIndex:1/run:6/dialer:edge/eavesCount:0/latencyMS:100/tricklingDelay:50/seq:1/fileSize:1048576/nodeType:Leech/nodeTypeIndex:0/meta:time_to_fetch","measures":{"value":11077358685}}
{"ts":1670665660706375439,"type":"point","name":"exType:trickle/permutationIndex:1/run:6/dialer:edge/eavesCount:0/latencyMS:100/tricklingDelay:50/seq:1/fileSize:1048576/nodeType:Leech/nodeTypeIndex:0/meta:leech_fails","measures":{"value":0}}
{"ts":1670665660706445510,"type":"point","name":"exType:trickle/permutationIndex:1/run:6/dialer:edge/eavesCount:0/latencyMS:100/tricklingDelay:50/seq:1/fileSize:1048576/nodeType:Leech/nodeTypeIndex:0/meta:tcp_fetch","measures":{"value":1405821928}}
{"ts":1670665660706515650,"type":"point","name":"exType:trickle/permutationIndex:1/run:6/dialer:edge/eavesCount:0/latencyMS:100/tricklingDelay:50/seq:1/fileSize:1048576/nodeType:Leech/nodeTypeIndex:0/meta:msgs_rcvd","measures":{"value":40}}
{"ts":1670665660706536714,"type":"point","name":"exType:trickle/permutationIndex:1/run:6/dialer:edge/eavesCount:0/latencyMS:100/tricklingDelay:50/seq:1/fileSize:1048576/nodeType:Leech/nodeTypeIndex:0/meta:data_sent","measures":{"value":0}}
{"ts":1670665660706555021,"type":"point","name":"exType:trickle/permutationIndex:1/run:6/dialer:edge/eavesCount:0/latencyMS:100/tricklingDelay:50/seq:1/fileSize:1048576/nodeType:Leech/nodeTypeIndex:0/meta:data_rcvd","measures":{"value":3146496}}
{"ts":1670665660706575260,"type":"point","name":"exType:trickle/permutationIndex:1/run:6/dialer:edge/eavesCount:0/latencyMS:100/tricklingDelay:50/seq:1/fileSize:1048576/nodeType:Leech/nodeTypeIndex:0/meta:dup_data_rcvd","measures":{"value":524316}}
{"ts":1670665660706594688,"type":"point","name":"exType:trickle/permutationIndex:1/run:6/dialer:edge/eavesCount:0/latencyMS:100/tricklingDelay:50/seq:1/fileSize:1048576/nodeType:Leech/nodeTypeIndex:0/meta:blks_sent","measures":{"value":0}}
{"ts":1670665660706613831,"type":"point","name":"exType:trickle/permutationIndex:1/run:6/dialer:edge/eavesCount:0/latencyMS:100/tricklingDelay:50/seq:1/fileSize:1048576/nodeType:Leech/nodeTypeIndex:0/meta:blks_rcvd","measures":{"value":15}}
{"ts":1670665660706632429,"type":"point","name":"exType:trickle/permutationIndex:1/run:6/dialer:edge/eavesCount:0/latencyMS:100/tricklingDelay:50/seq:1/fileSize:1048576/nodeType:Leech/nodeTypeIndex:0/meta:dup_blks_rcvd","measures":{"value":2}}
