{"ts":1669475057193824262,"type":"point","name":"exType:baseline/permutationIndex:0/run:1/dialer:center/eavesCount:0/latencyMS:150/seq:2/fileSize:1048576/nodeType:Seed/nodeTypeIndex:0/meta:msgs_rcvd","measures":{"value":184}}
{"ts":1669475057193855261,"type":"point","name":"exType:baseline/permutationIndex:0/run:1/dialer:center/eavesCount:0/latencyMS:150/seq:2/fileSize:1048576/nodeType:Seed/nodeTypeIndex:0/meta:data_sent","measures":{"value":1048832}}
{"ts":1669475057193859204,"type":"point","name":"exType:baseline/permutationIndex:0/run:1/dialer:center/eavesCount:0/latencyMS:150/seq:2/fileSize:1048576/nodeType:Seed/nodeTypeIndex:0/meta:data_rcvd","measures":{"value":0}}
{"ts":1669475057193864134,"type":"point","name":"exType:baseline/permutationIndex:0/run:1/dialer:center/eavesCount:0/latencyMS:150/seq:2/fileSize:1048576/nodeType:Seed/nodeTypeIndex:0/meta:dup_data_rcvd","measures":{"value":0}}
{"ts":1669475057193866462,"type":"point","name":"exType:baseline/permutationIndex:0/run:1/dialer:center/eavesCount:0/latencyMS:150/seq:2/fileSize:1048576/nodeType:Seed/nodeTypeIndex:0/meta:blks_sent","measures":{"value":5}}
{"ts":1669475057193868748,"type":"point","name":"exType:baseline/permutationIndex:0/run:1/dialer:center/eavesCount:0/latencyMS:150/seq:2/fileSize:1048576/nodeType:Seed/nodeTypeIndex:0/meta:blks_rcvd","measures":{"value":0}}
{"ts":1669475057193871062,"type":"point","name":"exType:baseline/permutationIndex:0/run:1/dialer:center/eavesCount:0/latencyMS:150/seq:2/fileSize:1048576/nodeType:Seed/nodeTypeIndex:0/meta:dup_blks_rcvd","measures":{"value":0}}
{"ts":1669475061769721696,"type":"point","name":"exType:baseline/permutationIndex:0/run:2/dialer:center/eavesCount:0/latencyMS:150/seq:2/fileSize:1048576/nodeType:Seed/nodeTypeIndex:0/meta:msgs_rcvd","measures":{"value":3}}
{"ts":1669475061769829293,"type":"point","name":"exType:baseline/permutationIndex:0/run:2/dialer:center/eavesCount:0/latencyMS:150/seq:2/fileSize:1048576/nodeType:Seed/nodeTypeIndex:0/meta:data_sent","measures":{"value":1048832}}
{"ts":1669475061769858858,"type":"point","name":"exType:baseline/permutationIndex:0/run:2/dialer:center/eavesCount:0/latencyMS:150/seq:2/fileSize:1048576/nodeType:Seed/nodeTypeIndex:0/meta:data_rcvd","measures":{"value":0}}
{"ts":1669475061769880451,"type":"point","name":"exType:baseline/permutationIndex:0/run:2/dialer:center/eavesCount:0/latencyMS:150/seq:2/fileSize:1048576/nodeType:Seed/nodeTypeIndex:0/meta:dup_data_rcvd","measures":{"value":0}}
{"ts":1669475061769906274,"type":"point","name":"exType:baseline/permutationIndex:0/run:2/dialer:center/eavesCount:0/latencyMS:150/seq:2/fileSize:1048576/nodeType:Seed/nodeTypeIndex:0/meta:blks_sent","measures":{"value":5}}
{"ts":1669475061769925042,"type":"point","name":"exType:baseline/permutationIndex:0/run:2/dialer:center/eavesCount:0/latencyMS:150/seq:2/fileSize:1048576/nodeType:Seed/nodeTypeIndex:0/meta:blks_rcvd","measures":{"value":0}}
{"ts":1669475061769945415,"type":"point","name":"exType:baseline/permutationIndex:0/run:2/dialer:center/eavesCount:0/latencyMS:150/seq:2/fileSize:1048576/nodeType:Seed/nodeTypeIndex:0/meta:dup_blks_rcvd","measures":{"value":0}}
{"ts":1669475066279078552,"type":"point","name":"exType:baseline/permutationIndex:0/run:3/dialer:center/eavesCount:0/latencyMS:150/seq:2/fileSize:1048576/nodeType:Seed/nodeTypeIndex:0/meta:msgs_rcvd","measures":{"value":61}}
{"ts":1669475066279105888,"type":"point","name":"exType:baseline/permutationIndex:0/run:3/dialer:center/eavesCount:0/latencyMS:150/seq:2/fileSize:1048576/nodeType:Seed/nodeTypeIndex:0/meta:data_sent","measures":{"value":1048832}}
{"ts":1669475066279111389,"type":"point","name":"exType:baseline/permutationIndex:0/run:3/dialer:center/eavesCount:0/latencyMS:150/seq:2/fileSize:1048576/nodeType:Seed/nodeTypeIndex:0/meta:data_rcvd","measures":{"value":0}}
{"ts":1669475066279114324,"type":"point","name":"exType:baseline/permutationIndex:0/run:3/dialer:center/eavesCount:0/latencyMS:150/seq:2/fileSize:1048576/nodeType:Seed/nodeTypeIndex:0/meta:dup_data_rcvd","measures":{"value":0}}
{"ts":1669475066279117069,"type":"point","name":"exType:baseline/permutationIndex:0/run:3/dialer:center/eavesCount:0/latencyMS:150/seq:2/fileSize:1048576/nodeType:Seed/nodeTypeIndex:0/meta:blks_sent","measures":{"value":5}}
{"ts":1669475066279127908,"type":"point","name":"exType:baseline/permutationIndex:0/run:3/dialer:center/eavesCount:0/latencyMS:150/seq:2/fileSize:1048576/nodeType:Seed/nodeTypeIndex:0/meta:blks_rcvd","measures":{"value":0}}
{"ts":1669475066279130820,"type":"point","name":"exType:baseline/permutationIndex:0/run:3/dialer:center/eavesCount:0/latencyMS:150/seq:2/fileSize:1048576/nodeType:Seed/nodeTypeIndex:0/meta:dup_blks_rcvd","measures":{"value":0}}
{"ts":1669475070759214585,"type":"point","name":"exType:baseline/permutationIndex:0/run:4/dialer:center/eavesCount:0/latencyMS:150/seq:2/fileSize:1048576/nodeType:Seed/nodeTypeIndex:0/meta:msgs_rcvd","measures":{"value":4}}
{"ts":1669475070759254007,"type":"point","name":"exType:baseline/permutationIndex:0/run:4/dialer:center/eavesCount:0/latencyMS:150/seq:2/fileSize:1048576/nodeType:Seed/nodeTypeIndex:0/meta:data_sent","measures":{"value":1048832}}
{"ts":1669475070759264315,"type":"point","name":"exType:baseline/permutationIndex:0/run:4/dialer:center/eavesCount:0/latencyMS:150/seq:2/fileSize:1048576/nodeType:Seed/nodeTypeIndex:0/meta:data_rcvd","measures":{"value":0}}
{"ts":1669475070759270639,"type":"point","name":"exType:baseline/permutationIndex:0/run:4/dialer:center/eavesCount:0/latencyMS:150/seq:2/fileSize:1048576/nodeType:Seed/nodeTypeIndex:0/meta:dup_data_rcvd","measures":{"value":0}}
{"ts":1669475070759276617,"type":"point","name":"exType:baseline/permutationIndex:0/run:4/dialer:center/eavesCount:0/latencyMS:150/seq:2/fileSize:1048576/nodeType:Seed/nodeTypeIndex:0/meta:blks_sent","measures":{"value":5}}
{"ts":1669475070759282412,"type":"point","name":"exType:baseline/permutationIndex:0/run:4/dialer:center/eavesCount:0/latencyMS:150/seq:2/fileSize:1048576/nodeType:Seed/nodeTypeIndex:0/meta:blks_rcvd","measures":{"value":0}}
{"ts":1669475070759287650,"type":"point","name":"exType:baseline/permutationIndex:0/run:4/dialer:center/eavesCount:0/latencyMS:150/seq:2/fileSize:1048576/nodeType:Seed/nodeTypeIndex:0/meta:dup_blks_rcvd","measures":{"value":0}}
{"ts":1669475075105899149,"type":"point","name":"exType:baseline/permutationIndex:0/run:5/dialer:center/eavesCount:0/latencyMS:150/seq:2/fileSize:1048576/nodeType:Seed/nodeTypeIndex:0/meta:msgs_rcvd","measures":{"value":196}}
{"ts":1669475075105932968,"type":"point","name":"exType:baseline/permutationIndex:0/run:5/dialer:center/eavesCount:0/latencyMS:150/seq:2/fileSize:1048576/nodeType:Seed/nodeTypeIndex:0/meta:data_sent","measures":{"value":1048832}}
{"ts":1669475075105940299,"type":"point","name":"exType:baseline/permutationIndex:0/run:5/dialer:center/eavesCount:0/latencyMS:150/seq:2/fileSize:1048576/nodeType:Seed/nodeTypeIndex:0/meta:data_rcvd","measures":{"value":0}}
{"ts":1669475075105945358,"type":"point","name":"exType:baseline/permutationIndex:0/run:5/dialer:center/eavesCount:0/latencyMS:150/seq:2/fileSize:1048576/nodeType:Seed/nodeTypeIndex:0/meta:dup_data_rcvd","measures":{"value":0}}
{"ts":1669475075105949491,"type":"point","name":"exType:baseline/permutationIndex:0/run:5/dialer:center/eavesCount:0/latencyMS:150/seq:2/fileSize:1048576/nodeType:Seed/nodeTypeIndex:0/meta:blks_sent","measures":{"value":5}}
{"ts":1669475075105953977,"type":"point","name":"exType:baseline/permutationIndex:0/run:5/dialer:center/eavesCount:0/latencyMS:150/seq:2/fileSize:1048576/nodeType:Seed/nodeTypeIndex:0/meta:blks_rcvd","measures":{"value":0}}
{"ts":1669475075105958009,"type":"point","name":"exType:baseline/permutationIndex:0/run:5/dialer:center/eavesCount:0/latencyMS:150/seq:2/fileSize:1048576/nodeType:Seed/nodeTypeIndex:0/meta:dup_blks_rcvd","measures":{"value":0}}
{"ts":1669475080436156316,"type":"point","name":"exType:baseline/permutationIndex:0/run:6/dialer:center/eavesCount:0/latencyMS:150/seq:2/fileSize:1048576/nodeType:Seed/nodeTypeIndex:0/meta:msgs_rcvd","measures":{"value":13}}
{"ts":1669475080436235039,"type":"point","name":"exType:baseline/permutationIndex:0/run:6/dialer:center/eavesCount:0/latencyMS:150/seq:2/fileSize:1048576/nodeType:Seed/nodeTypeIndex:0/meta:data_sent","measures":{"value":1048832}}
{"ts":1669475080436284098,"type":"point","name":"exType:baseline/permutationIndex:0/run:6/dialer:center/eavesCount:0/latencyMS:150/seq:2/fileSize:1048576/nodeType:Seed/nodeTypeIndex:0/meta:data_rcvd","measures":{"value":0}}
{"ts":1669475080436301930,"type":"point","name":"exType:baseline/permutationIndex:0/run:6/dialer:center/eavesCount:0/latencyMS:150/seq:2/fileSize:1048576/nodeType:Seed/nodeTypeIndex:0/meta:dup_data_rcvd","measures":{"value":0}}
{"ts":1669475080436317403,"type":"point","name":"exType:baseline/permutationIndex:0/run:6/dialer:center/eavesCount:0/latencyMS:150/seq:2/fileSize:1048576/nodeType:Seed/nodeTypeIndex:0/meta:blks_sent","measures":{"value":5}}
{"ts":1669475080436332930,"type":"point","name":"exType:baseline/permutationIndex:0/run:6/dialer:center/eavesCount:0/latencyMS:150/seq:2/fileSize:1048576/nodeType:Seed/nodeTypeIndex:0/meta:blks_rcvd","measures":{"value":0}}
{"ts":1669475080436347949,"type":"point","name":"exType:baseline/permutationIndex:0/run:6/dialer:center/eavesCount:0/latencyMS:150/seq:2/fileSize:1048576/nodeType:Seed/nodeTypeIndex:0/meta:dup_blks_rcvd","measures":{"value":0}}
{"ts":1669475085661631950,"type":"point","name":"exType:baseline/permutationIndex:0/run:7/dialer:center/eavesCount:0/latencyMS:150/seq:2/fileSize:1048576/nodeType:Seed/nodeTypeIndex:0/meta:msgs_rcvd","measures":{"value":171}}
{"ts":1669475085661661532,"type":"point","name":"exType:baseline/permutationIndex:0/run:7/dialer:center/eavesCount:0/latencyMS:150/seq:2/fileSize:1048576/nodeType:Seed/nodeTypeIndex:0/meta:data_sent","measures":{"value":1048832}}
{"ts":1669475085661665879,"type":"point","name":"exType:baseline/permutationIndex:0/run:7/dialer:center/eavesCount:0/latencyMS:150/seq:2/fileSize:1048576/nodeType:Seed/nodeTypeIndex:0/meta:data_rcvd","measures":{"value":0}}
{"ts":1669475085661668736,"type":"point","name":"exType:baseline/permutationIndex:0/run:7/dialer:center/eavesCount:0/latencyMS:150/seq:2/fileSize:1048576/nodeType:Seed/nodeTypeIndex:0/meta:dup_data_rcvd","measures":{"value":0}}
{"ts":1669475085661671295,"type":"point","name":"exType:baseline/permutationIndex:0/run:7/dialer:center/eavesCount:0/latencyMS:150/seq:2/fileSize:1048576/nodeType:Seed/nodeTypeIndex:0/meta:blks_sent","measures":{"value":5}}
{"ts":1669475085661673636,"type":"point","name":"exType:baseline/permutationIndex:0/run:7/dialer:center/eavesCount:0/latencyMS:150/seq:2/fileSize:1048576/nodeType:Seed/nodeTypeIndex:0/meta:blks_rcvd","measures":{"value":0}}
{"ts":1669475085661676046,"type":"point","name":"exType:baseline/permutationIndex:0/run:7/dialer:center/eavesCount:0/latencyMS:150/seq:2/fileSize:1048576/nodeType:Seed/nodeTypeIndex:0/meta:dup_blks_rcvd","measures":{"value":0}}
{"ts":1669475090121848292,"type":"point","name":"exType:baseline/permutationIndex:0/run:8/dialer:center/eavesCount:0/latencyMS:150/seq:2/fileSize:1048576/nodeType:Seed/nodeTypeIndex:0/meta:msgs_rcvd","measures":{"value":8}}
{"ts":1669475090121980068,"type":"point","name":"exType:baseline/permutationIndex:0/run:8/dialer:center/eavesCount:0/latencyMS:150/seq:2/fileSize:1048576/nodeType:Seed/nodeTypeIndex:0/meta:data_sent","measures":{"value":1048832}}
{"ts":1669475090122019163,"type":"point","name":"exType:baseline/permutationIndex:0/run:8/dialer:center/eavesCount:0/latencyMS:150/seq:2/fileSize:1048576/nodeType:Seed/nodeTypeIndex:0/meta:data_rcvd","measures":{"value":0}}
{"ts":1669475090122042843,"type":"point","name":"exType:baseline/permutationIndex:0/run:8/dialer:center/eavesCount:0/latencyMS:150/seq:2/fileSize:1048576/nodeType:Seed/nodeTypeIndex:0/meta:dup_data_rcvd","measures":{"value":0}}
{"ts":1669475090122062966,"type":"point","name":"exType:baseline/permutationIndex:0/run:8/dialer:center/eavesCount:0/latencyMS:150/seq:2/fileSize:1048576/nodeType:Seed/nodeTypeIndex:0/meta:blks_sent","measures":{"value":5}}
{"ts":1669475090122082802,"type":"point","name":"exType:baseline/permutationIndex:0/run:8/dialer:center/eavesCount:0/latencyMS:150/seq:2/fileSize:1048576/nodeType:Seed/nodeTypeIndex:0/meta:blks_rcvd","measures":{"value":0}}
{"ts":1669475090122135348,"type":"point","name":"exType:baseline/permutationIndex:0/run:8/dialer:center/eavesCount:0/latencyMS:150/seq:2/fileSize:1048576/nodeType:Seed/nodeTypeIndex:0/meta:dup_blks_rcvd","measures":{"value":0}}
{"ts":1669475095338621120,"type":"point","name":"exType:baseline/permutationIndex:0/run:9/dialer:center/eavesCount:0/latencyMS:150/seq:2/fileSize:1048576/nodeType:Seed/nodeTypeIndex:0/meta:msgs_rcvd","measures":{"value":145}}
{"ts":1669475095340423737,"type":"point","name":"exType:baseline/permutationIndex:0/run:9/dialer:center/eavesCount:0/latencyMS:150/seq:2/fileSize:1048576/nodeType:Seed/nodeTypeIndex:0/meta:data_sent","measures":{"value":1048832}}
{"ts":1669475095340447241,"type":"point","name":"exType:baseline/permutationIndex:0/run:9/dialer:center/eavesCount:0/latencyMS:150/seq:2/fileSize:1048576/nodeType:Seed/nodeTypeIndex:0/meta:data_rcvd","measures":{"value":0}}
{"ts":1669475095340459239,"type":"point","name":"exType:baseline/permutationIndex:0/run:9/dialer:center/eavesCount:0/latencyMS:150/seq:2/fileSize:1048576/nodeType:Seed/nodeTypeIndex:0/meta:dup_data_rcvd","measures":{"value":0}}
{"ts":1669475095340469423,"type":"point","name":"exType:baseline/permutationIndex:0/run:9/dialer:center/eavesCount:0/latencyMS:150/seq:2/fileSize:1048576/nodeType:Seed/nodeTypeIndex:0/meta:blks_sent","measures":{"value":5}}
{"ts":1669475095340480345,"type":"point","name":"exType:baseline/permutationIndex:0/run:9/dialer:center/eavesCount:0/latencyMS:150/seq:2/fileSize:1048576/nodeType:Seed/nodeTypeIndex:0/meta:blks_rcvd","measures":{"value":0}}
{"ts":1669475095340490557,"type":"point","name":"exType:baseline/permutationIndex:0/run:9/dialer:center/eavesCount:0/latencyMS:150/seq:2/fileSize:1048576/nodeType:Seed/nodeTypeIndex:0/meta:dup_blks_rcvd","measures":{"value":0}}
{"ts":1669475100558037902,"type":"point","name":"exType:baseline/permutationIndex:0/run:10/dialer:center/eavesCount:0/latencyMS:150/seq:2/fileSize:1048576/nodeType:Seed/nodeTypeIndex:0/meta:msgs_rcvd","measures":{"value":143}}
{"ts":1669475100558078592,"type":"point","name":"exType:baseline/permutationIndex:0/run:10/dialer:center/eavesCount:0/latencyMS:150/seq:2/fileSize:1048576/nodeType:Seed/nodeTypeIndex:0/meta:data_sent","measures":{"value":1048832}}
{"ts":1669475100558088587,"type":"point","name":"exType:baseline/permutationIndex:0/run:10/dialer:center/eavesCount:0/latencyMS:150/seq:2/fileSize:1048576/nodeType:Seed/nodeTypeIndex:0/meta:data_rcvd","measures":{"value":0}}
{"ts":1669475100558094711,"type":"point","name":"exType:baseline/permutationIndex:0/run:10/dialer:center/eavesCount:0/latencyMS:150/seq:2/fileSize:1048576/nodeType:Seed/nodeTypeIndex:0/meta:dup_data_rcvd","measures":{"value":0}}
{"ts":1669475100558100321,"type":"point","name":"exType:baseline/permutationIndex:0/run:10/dialer:center/eavesCount:0/latencyMS:150/seq:2/fileSize:1048576/nodeType:Seed/nodeTypeIndex:0/meta:blks_sent","measures":{"value":5}}
{"ts":1669475100558106534,"type":"point","name":"exType:baseline/permutationIndex:0/run:10/dialer:center/eavesCount:0/latencyMS:150/seq:2/fileSize:1048576/nodeType:Seed/nodeTypeIndex:0/meta:blks_rcvd","measures":{"value":0}}
{"ts":1669475100558112149,"type":"point","name":"exType:baseline/permutationIndex:0/run:10/dialer:center/eavesCount:0/latencyMS:150/seq:2/fileSize:1048576/nodeType:Seed/nodeTypeIndex:0/meta:dup_blks_rcvd","measures":{"value":0}}
{"ts":1669475104973754266,"type":"point","name":"exType:baseline/permutationIndex:0/run:11/dialer:center/eavesCount:0/latencyMS:150/seq:2/fileSize:1048576/nodeType:Seed/nodeTypeIndex:0/meta:msgs_rcvd","measures":{"value":2}}
{"ts":1669475104973783375,"type":"point","name":"exType:baseline/permutationIndex:0/run:11/dialer:center/eavesCount:0/latencyMS:150/seq:2/fileSize:1048576/nodeType:Seed/nodeTypeIndex:0/meta:data_sent","measures":{"value":1048832}}
{"ts":1669475104973790638,"type":"point","name":"exType:baseline/permutationIndex:0/run:11/dialer:center/eavesCount:0/latencyMS:150/seq:2/fileSize:1048576/nodeType:Seed/nodeTypeIndex:0/meta:data_rcvd","measures":{"value":0}}
{"ts":1669475104973800189,"type":"point","name":"exType:baseline/permutationIndex:0/run:11/dialer:center/eavesCount:0/latencyMS:150/seq:2/fileSize:1048576/nodeType:Seed/nodeTypeIndex:0/meta:dup_data_rcvd","measures":{"value":0}}
{"ts":1669475104973803074,"type":"point","name":"exType:baseline/permutationIndex:0/run:11/dialer:center/eavesCount:0/latencyMS:150/seq:2/fileSize:1048576/nodeType:Seed/nodeTypeIndex:0/meta:blks_sent","measures":{"value":5}}
{"ts":1669475104973805535,"type":"point","name":"exType:baseline/permutationIndex:0/run:11/dialer:center/eavesCount:0/latencyMS:150/seq:2/fileSize:1048576/nodeType:Seed/nodeTypeIndex:0/meta:blks_rcvd","measures":{"value":0}}
{"ts":1669475104973807947,"type":"point","name":"exType:baseline/permutationIndex:0/run:11/dialer:center/eavesCount:0/latencyMS:150/seq:2/fileSize:1048576/nodeType:Seed/nodeTypeIndex:0/meta:dup_blks_rcvd","measures":{"value":0}}
{"ts":1669475109416608894,"type":"point","name":"exType:baseline/permutationIndex:0/run:12/dialer:center/eavesCount:0/latencyMS:150/seq:2/fileSize:1048576/nodeType:Seed/nodeTypeIndex:0/meta:msgs_rcvd","measures":{"value":126}}
{"ts":1669475109416632314,"type":"point","name":"exType:baseline/permutationIndex:0/run:12/dialer:center/eavesCount:0/latencyMS:150/seq:2/fileSize:1048576/nodeType:Seed/nodeTypeIndex:0/meta:data_sent","measures":{"value":1048832}}
{"ts":1669475109416636445,"type":"point","name":"exType:baseline/permutationIndex:0/run:12/dialer:center/eavesCount:0/latencyMS:150/seq:2/fileSize:1048576/nodeType:Seed/nodeTypeIndex:0/meta:data_rcvd","measures":{"value":0}}
{"ts":1669475109416639580,"type":"point","name":"exType:baseline/permutationIndex:0/run:12/dialer:center/eavesCount:0/latencyMS:150/seq:2/fileSize:1048576/nodeType:Seed/nodeTypeIndex:0/meta:dup_data_rcvd","measures":{"value":0}}
{"ts":1669475109416642245,"type":"point","name":"exType:baseline/permutationIndex:0/run:12/dialer:center/eavesCount:0/latencyMS:150/seq:2/fileSize:1048576/nodeType:Seed/nodeTypeIndex:0/meta:blks_sent","measures":{"value":5}}
{"ts":1669475109416644939,"type":"point","name":"exType:baseline/permutationIndex:0/run:12/dialer:center/eavesCount:0/latencyMS:150/seq:2/fileSize:1048576/nodeType:Seed/nodeTypeIndex:0/meta:blks_rcvd","measures":{"value":0}}
{"ts":1669475109416647243,"type":"point","name":"exType:baseline/permutationIndex:0/run:12/dialer:center/eavesCount:0/latencyMS:150/seq:2/fileSize:1048576/nodeType:Seed/nodeTypeIndex:0/meta:dup_blks_rcvd","measures":{"value":0}}
{"ts":1669475114197447731,"type":"point","name":"exType:baseline/permutationIndex:0/run:13/dialer:center/eavesCount:0/latencyMS:150/seq:2/fileSize:1048576/nodeType:Seed/nodeTypeIndex:0/meta:msgs_rcvd","measures":{"value":88}}
{"ts":1669475114197530181,"type":"point","name":"exType:baseline/permutationIndex:0/run:13/dialer:center/eavesCount:0/latencyMS:150/seq:2/fileSize:1048576/nodeType:Seed/nodeTypeIndex:0/meta:data_sent","measures":{"value":1048832}}
{"ts":1669475114197550109,"type":"point","name":"exType:baseline/permutationIndex:0/run:13/dialer:center/eavesCount:0/latencyMS:150/seq:2/fileSize:1048576/nodeType:Seed/nodeTypeIndex:0/meta:data_rcvd","measures":{"value":0}}
{"ts":1669475114197561906,"type":"point","name":"exType:baseline/permutationIndex:0/run:13/dialer:center/eavesCount:0/latencyMS:150/seq:2/fileSize:1048576/nodeType:Seed/nodeTypeIndex:0/meta:dup_data_rcvd","measures":{"value":0}}
{"ts":1669475114197572413,"type":"point","name":"exType:baseline/permutationIndex:0/run:13/dialer:center/eavesCount:0/latencyMS:150/seq:2/fileSize:1048576/nodeType:Seed/nodeTypeIndex:0/meta:blks_sent","measures":{"value":5}}
{"ts":1669475114197582881,"type":"point","name":"exType:baseline/permutationIndex:0/run:13/dialer:center/eavesCount:0/latencyMS:150/seq:2/fileSize:1048576/nodeType:Seed/nodeTypeIndex:0/meta:blks_rcvd","measures":{"value":0}}
{"ts":1669475114197592813,"type":"point","name":"exType:baseline/permutationIndex:0/run:13/dialer:center/eavesCount:0/latencyMS:150/seq:2/fileSize:1048576/nodeType:Seed/nodeTypeIndex:0/meta:dup_blks_rcvd","measures":{"value":0}}
{"ts":1669475119283322179,"type":"point","name":"exType:baseline/permutationIndex:0/run:14/dialer:center/eavesCount:0/latencyMS:150/seq:2/fileSize:1048576/nodeType:Seed/nodeTypeIndex:0/meta:msgs_rcvd","measures":{"value":24}}
{"ts":1669475119283388808,"type":"point","name":"exType:baseline/permutationIndex:0/run:14/dialer:center/eavesCount:0/latencyMS:150/seq:2/fileSize:1048576/nodeType:Seed/nodeTypeIndex:0/meta:data_sent","measures":{"value":1048832}}
{"ts":1669475119283404336,"type":"point","name":"exType:baseline/permutationIndex:0/run:14/dialer:center/eavesCount:0/latencyMS:150/seq:2/fileSize:1048576/nodeType:Seed/nodeTypeIndex:0/meta:data_rcvd","measures":{"value":0}}
{"ts":1669475119283413667,"type":"point","name":"exType:baseline/permutationIndex:0/run:14/dialer:center/eavesCount:0/latencyMS:150/seq:2/fileSize:1048576/nodeType:Seed/nodeTypeIndex:0/meta:dup_data_rcvd","measures":{"value":0}}
{"ts":1669475119283422030,"type":"point","name":"exType:baseline/permutationIndex:0/run:14/dialer:center/eavesCount:0/latencyMS:150/seq:2/fileSize:1048576/nodeType:Seed/nodeTypeIndex:0/meta:blks_sent","measures":{"value":5}}
{"ts":1669475119283430930,"type":"point","name":"exType:baseline/permutationIndex:0/run:14/dialer:center/eavesCount:0/latencyMS:150/seq:2/fileSize:1048576/nodeType:Seed/nodeTypeIndex:0/meta:blks_rcvd","measures":{"value":0}}
{"ts":1669475119283440233,"type":"point","name":"exType:baseline/permutationIndex:0/run:14/dialer:center/eavesCount:0/latencyMS:150/seq:2/fileSize:1048576/nodeType:Seed/nodeTypeIndex:0/meta:dup_blks_rcvd","measures":{"value":0}}
{"ts":1669475124081607821,"type":"point","name":"exType:baseline/permutationIndex:0/run:15/dialer:center/eavesCount:0/latencyMS:150/seq:2/fileSize:1048576/nodeType:Seed/nodeTypeIndex:0/meta:msgs_rcvd","measures":{"value":3}}
{"ts":1669475124081633149,"type":"point","name":"exType:baseline/permutationIndex:0/run:15/dialer:center/eavesCount:0/latencyMS:150/seq:2/fileSize:1048576/nodeType:Seed/nodeTypeIndex:0/meta:data_sent","measures":{"value":1048832}}
{"ts":1669475124081636744,"type":"point","name":"exType:baseline/permutationIndex:0/run:15/dialer:center/eavesCount:0/latencyMS:150/seq:2/fileSize:1048576/nodeType:Seed/nodeTypeIndex:0/meta:data_rcvd","measures":{"value":0}}
{"ts":1669475124081639329,"type":"point","name":"exType:baseline/permutationIndex:0/run:15/dialer:center/eavesCount:0/latencyMS:150/seq:2/fileSize:1048576/nodeType:Seed/nodeTypeIndex:0/meta:dup_data_rcvd","measures":{"value":0}}
{"ts":1669475124081641685,"type":"point","name":"exType:baseline/permutationIndex:0/run:15/dialer:center/eavesCount:0/latencyMS:150/seq:2/fileSize:1048576/nodeType:Seed/nodeTypeIndex:0/meta:blks_sent","measures":{"value":5}}
{"ts":1669475124081644460,"type":"point","name":"exType:baseline/permutationIndex:0/run:15/dialer:center/eavesCount:0/latencyMS:150/seq:2/fileSize:1048576/nodeType:Seed/nodeTypeIndex:0/meta:blks_rcvd","measures":{"value":0}}
{"ts":1669475124081646651,"type":"point","name":"exType:baseline/permutationIndex:0/run:15/dialer:center/eavesCount:0/latencyMS:150/seq:2/fileSize:1048576/nodeType:Seed/nodeTypeIndex:0/meta:dup_blks_rcvd","measures":{"value":0}}
{"ts":1669475128847884413,"type":"point","name":"exType:baseline/permutationIndex:0/run:16/dialer:center/eavesCount:0/latencyMS:150/seq:2/fileSize:1048576/nodeType:Seed/nodeTypeIndex:0/meta:msgs_rcvd","measures":{"value":39}}
{"ts":1669475128847949453,"type":"point","name":"exType:baseline/permutationIndex:0/run:16/dialer:center/eavesCount:0/latencyMS:150/seq:2/fileSize:1048576/nodeType:Seed/nodeTypeIndex:0/meta:data_sent","measures":{"value":1048832}}
{"ts":1669475128847965516,"type":"point","name":"exType:baseline/permutationIndex:0/run:16/dialer:center/eavesCount:0/latencyMS:150/seq:2/fileSize:1048576/nodeType:Seed/nodeTypeIndex:0/meta:data_rcvd","measures":{"value":0}}
{"ts":1669475128847976281,"type":"point","name":"exType:baseline/permutationIndex:0/run:16/dialer:center/eavesCount:0/latencyMS:150/seq:2/fileSize:1048576/nodeType:Seed/nodeTypeIndex:0/meta:dup_data_rcvd","measures":{"value":0}}
{"ts":1669475128848020548,"type":"point","name":"exType:baseline/permutationIndex:0/run:16/dialer:center/eavesCount:0/latencyMS:150/seq:2/fileSize:1048576/nodeType:Seed/nodeTypeIndex:0/meta:blks_sent","measures":{"value":5}}
{"ts":1669475128848031054,"type":"point","name":"exType:baseline/permutationIndex:0/run:16/dialer:center/eavesCount:0/latencyMS:150/seq:2/fileSize:1048576/nodeType:Seed/nodeTypeIndex:0/meta:blks_rcvd","measures":{"value":0}}
{"ts":1669475128848039914,"type":"point","name":"exType:baseline/permutationIndex:0/run:16/dialer:center/eavesCount:0/latencyMS:150/seq:2/fileSize:1048576/nodeType:Seed/nodeTypeIndex:0/meta:dup_blks_rcvd","measures":{"value":0}}
{"ts":1669475134191115360,"type":"point","name":"exType:baseline/permutationIndex:0/run:17/dialer:center/eavesCount:0/latencyMS:150/seq:2/fileSize:1048576/nodeType:Seed/nodeTypeIndex:0/meta:msgs_rcvd","measures":{"value":284}}
{"ts":1669475134191144931,"type":"point","name":"exType:baseline/permutationIndex:0/run:17/dialer:center/eavesCount:0/latencyMS:150/seq:2/fileSize:1048576/nodeType:Seed/nodeTypeIndex:0/meta:data_sent","measures":{"value":1048832}}
{"ts":1669475134191149218,"type":"point","name":"exType:baseline/permutationIndex:0/run:17/dialer:center/eavesCount:0/latencyMS:150/seq:2/fileSize:1048576/nodeType:Seed/nodeTypeIndex:0/meta:data_rcvd","measures":{"value":0}}
{"ts":1669475134191152587,"type":"point","name":"exType:baseline/permutationIndex:0/run:17/dialer:center/eavesCount:0/latencyMS:150/seq:2/fileSize:1048576/nodeType:Seed/nodeTypeIndex:0/meta:dup_data_rcvd","measures":{"value":0}}
{"ts":1669475134191155217,"type":"point","name":"exType:baseline/permutationIndex:0/run:17/dialer:center/eavesCount:0/latencyMS:150/seq:2/fileSize:1048576/nodeType:Seed/nodeTypeIndex:0/meta:blks_sent","measures":{"value":5}}
{"ts":1669475134191157880,"type":"point","name":"exType:baseline/permutationIndex:0/run:17/dialer:center/eavesCount:0/latencyMS:150/seq:2/fileSize:1048576/nodeType:Seed/nodeTypeIndex:0/meta:blks_rcvd","measures":{"value":0}}
{"ts":1669475134191160488,"type":"point","name":"exType:baseline/permutationIndex:0/run:17/dialer:center/eavesCount:0/latencyMS:150/seq:2/fileSize:1048576/nodeType:Seed/nodeTypeIndex:0/meta:dup_blks_rcvd","measures":{"value":0}}
{"ts":1669475138520188762,"type":"point","name":"exType:baseline/permutationIndex:0/run:18/dialer:center/eavesCount:0/latencyMS:150/seq:2/fileSize:1048576/nodeType:Seed/nodeTypeIndex:0/meta:msgs_rcvd","measures":{"value":102}}
{"ts":1669475138520213942,"type":"point","name":"exType:baseline/permutationIndex:0/run:18/dialer:center/eavesCount:0/latencyMS:150/seq:2/fileSize:1048576/nodeType:Seed/nodeTypeIndex:0/meta:data_sent","measures":{"value":1048832}}
{"ts":1669475138520219118,"type":"point","name":"exType:baseline/permutationIndex:0/run:18/dialer:center/eavesCount:0/latencyMS:150/seq:2/fileSize:1048576/nodeType:Seed/nodeTypeIndex:0/meta:data_rcvd","measures":{"value":0}}
{"ts":1669475138520221884,"type":"point","name":"exType:baseline/permutationIndex:0/run:18/dialer:center/eavesCount:0/latencyMS:150/seq:2/fileSize:1048576/nodeType:Seed/nodeTypeIndex:0/meta:dup_data_rcvd","measures":{"value":0}}
{"ts":1669475138520224543,"type":"point","name":"exType:baseline/permutationIndex:0/run:18/dialer:center/eavesCount:0/latencyMS:150/seq:2/fileSize:1048576/nodeType:Seed/nodeTypeIndex:0/meta:blks_sent","measures":{"value":5}}
{"ts":1669475138520227166,"type":"point","name":"exType:baseline/permutationIndex:0/run:18/dialer:center/eavesCount:0/latencyMS:150/seq:2/fileSize:1048576/nodeType:Seed/nodeTypeIndex:0/meta:blks_rcvd","measures":{"value":0}}
{"ts":1669475138520229316,"type":"point","name":"exType:baseline/permutationIndex:0/run:18/dialer:center/eavesCount:0/latencyMS:150/seq:2/fileSize:1048576/nodeType:Seed/nodeTypeIndex:0/meta:dup_blks_rcvd","measures":{"value":0}}
{"ts":1669475142985183223,"type":"point","name":"exType:baseline/permutationIndex:0/run:19/dialer:center/eavesCount:0/latencyMS:150/seq:2/fileSize:1048576/nodeType:Seed/nodeTypeIndex:0/meta:msgs_rcvd","measures":{"value":132}}
{"ts":1669475142985228548,"type":"point","name":"exType:baseline/permutationIndex:0/run:19/dialer:center/eavesCount:0/latencyMS:150/seq:2/fileSize:1048576/nodeType:Seed/nodeTypeIndex:0/meta:data_sent","measures":{"value":1048832}}
{"ts":1669475142985237337,"type":"point","name":"exType:baseline/permutationIndex:0/run:19/dialer:center/eavesCount:0/latencyMS:150/seq:2/fileSize:1048576/nodeType:Seed/nodeTypeIndex:0/meta:data_rcvd","measures":{"value":0}}
{"ts":1669475142985242745,"type":"point","name":"exType:baseline/permutationIndex:0/run:19/dialer:center/eavesCount:0/latencyMS:150/seq:2/fileSize:1048576/nodeType:Seed/nodeTypeIndex:0/meta:dup_data_rcvd","measures":{"value":0}}
{"ts":1669475142985247613,"type":"point","name":"exType:baseline/permutationIndex:0/run:19/dialer:center/eavesCount:0/latencyMS:150/seq:2/fileSize:1048576/nodeType:Seed/nodeTypeIndex:0/meta:blks_sent","measures":{"value":5}}
{"ts":1669475142985252623,"type":"point","name":"exType:baseline/permutationIndex:0/run:19/dialer:center/eavesCount:0/latencyMS:150/seq:2/fileSize:1048576/nodeType:Seed/nodeTypeIndex:0/meta:blks_rcvd","measures":{"value":0}}
{"ts":1669475142985257088,"type":"point","name":"exType:baseline/permutationIndex:0/run:19/dialer:center/eavesCount:0/latencyMS:150/seq:2/fileSize:1048576/nodeType:Seed/nodeTypeIndex:0/meta:dup_blks_rcvd","measures":{"value":0}}
{"ts":1669475147495914575,"type":"point","name":"exType:baseline/permutationIndex:0/run:20/dialer:center/eavesCount:0/latencyMS:150/seq:2/fileSize:1048576/nodeType:Seed/nodeTypeIndex:0/meta:msgs_rcvd","measures":{"value":148}}
{"ts":1669475147495942877,"type":"point","name":"exType:baseline/permutationIndex:0/run:20/dialer:center/eavesCount:0/latencyMS:150/seq:2/fileSize:1048576/nodeType:Seed/nodeTypeIndex:0/meta:data_sent","measures":{"value":1048832}}
{"ts":1669475147495948225,"type":"point","name":"exType:baseline/permutationIndex:0/run:20/dialer:center/eavesCount:0/latencyMS:150/seq:2/fileSize:1048576/nodeType:Seed/nodeTypeIndex:0/meta:data_rcvd","measures":{"value":0}}
{"ts":1669475147495950964,"type":"point","name":"exType:baseline/permutationIndex:0/run:20/dialer:center/eavesCount:0/latencyMS:150/seq:2/fileSize:1048576/nodeType:Seed/nodeTypeIndex:0/meta:dup_data_rcvd","measures":{"value":0}}
{"ts":1669475147495954119,"type":"point","name":"exType:baseline/permutationIndex:0/run:20/dialer:center/eavesCount:0/latencyMS:150/seq:2/fileSize:1048576/nodeType:Seed/nodeTypeIndex:0/meta:blks_sent","measures":{"value":5}}
{"ts":1669475147495957956,"type":"point","name":"exType:baseline/permutationIndex:0/run:20/dialer:center/eavesCount:0/latencyMS:150/seq:2/fileSize:1048576/nodeType:Seed/nodeTypeIndex:0/meta:blks_rcvd","measures":{"value":0}}
{"ts":1669475147495962637,"type":"point","name":"exType:baseline/permutationIndex:0/run:20/dialer:center/eavesCount:0/latencyMS:150/seq:2/fileSize:1048576/nodeType:Seed/nodeTypeIndex:0/meta:dup_blks_rcvd","measures":{"value":0}}
{"ts":1669475152004807213,"type":"point","name":"exType:baseline/permutationIndex:0/run:21/dialer:center/eavesCount:0/latencyMS:150/seq:2/fileSize:1048576/nodeType:Seed/nodeTypeIndex:0/meta:msgs_rcvd","measures":{"value":14}}
{"ts":1669475152004870393,"type":"point","name":"exType:baseline/permutationIndex:0/run:21/dialer:center/eavesCount:0/latencyMS:150/seq:2/fileSize:1048576/nodeType:Seed/nodeTypeIndex:0/meta:data_sent","measures":{"value":1048832}}
{"ts":1669475152004889732,"type":"point","name":"exType:baseline/permutationIndex:0/run:21/dialer:center/eavesCount:0/latencyMS:150/seq:2/fileSize:1048576/nodeType:Seed/nodeTypeIndex:0/meta:data_rcvd","measures":{"value":0}}
{"ts":1669475152004904727,"type":"point","name":"exType:baseline/permutationIndex:0/run:21/dialer:center/eavesCount:0/latencyMS:150/seq:2/fileSize:1048576/nodeType:Seed/nodeTypeIndex:0/meta:dup_data_rcvd","measures":{"value":0}}
{"ts":1669475152004916572,"type":"point","name":"exType:baseline/permutationIndex:0/run:21/dialer:center/eavesCount:0/latencyMS:150/seq:2/fileSize:1048576/nodeType:Seed/nodeTypeIndex:0/meta:blks_sent","measures":{"value":5}}
{"ts":1669475152004953774,"type":"point","name":"exType:baseline/permutationIndex:0/run:21/dialer:center/eavesCount:0/latencyMS:150/seq:2/fileSize:1048576/nodeType:Seed/nodeTypeIndex:0/meta:blks_rcvd","measures":{"value":0}}
{"ts":1669475152004966376,"type":"point","name":"exType:baseline/permutationIndex:0/run:21/dialer:center/eavesCount:0/latencyMS:150/seq:2/fileSize:1048576/nodeType:Seed/nodeTypeIndex:0/meta:dup_blks_rcvd","measures":{"value":0}}
{"ts":1669475156471376797,"type":"point","name":"exType:baseline/permutationIndex:0/run:22/dialer:center/eavesCount:0/latencyMS:150/seq:2/fileSize:1048576/nodeType:Seed/nodeTypeIndex:0/meta:msgs_rcvd","measures":{"value":11}}
{"ts":1669475156471409529,"type":"point","name":"exType:baseline/permutationIndex:0/run:22/dialer:center/eavesCount:0/latencyMS:150/seq:2/fileSize:1048576/nodeType:Seed/nodeTypeIndex:0/meta:data_sent","measures":{"value":1048832}}
{"ts":1669475156471416682,"type":"point","name":"exType:baseline/permutationIndex:0/run:22/dialer:center/eavesCount:0/latencyMS:150/seq:2/fileSize:1048576/nodeType:Seed/nodeTypeIndex:0/meta:data_rcvd","measures":{"value":0}}
{"ts":1669475156471423963,"type":"point","name":"exType:baseline/permutationIndex:0/run:22/dialer:center/eavesCount:0/latencyMS:150/seq:2/fileSize:1048576/nodeType:Seed/nodeTypeIndex:0/meta:dup_data_rcvd","measures":{"value":0}}
{"ts":1669475156471428115,"type":"point","name":"exType:baseline/permutationIndex:0/run:22/dialer:center/eavesCount:0/latencyMS:150/seq:2/fileSize:1048576/nodeType:Seed/nodeTypeIndex:0/meta:blks_sent","measures":{"value":5}}
{"ts":1669475156471432020,"type":"point","name":"exType:baseline/permutationIndex:0/run:22/dialer:center/eavesCount:0/latencyMS:150/seq:2/fileSize:1048576/nodeType:Seed/nodeTypeIndex:0/meta:blks_rcvd","measures":{"value":0}}
{"ts":1669475156471436111,"type":"point","name":"exType:baseline/permutationIndex:0/run:22/dialer:center/eavesCount:0/latencyMS:150/seq:2/fileSize:1048576/nodeType:Seed/nodeTypeIndex:0/meta:dup_blks_rcvd","measures":{"value":0}}
{"ts":1669475161248098419,"type":"point","name":"exType:baseline/permutationIndex:0/run:23/dialer:center/eavesCount:0/latencyMS:150/seq:2/fileSize:1048576/nodeType:Seed/nodeTypeIndex:0/meta:msgs_rcvd","measures":{"value":92}}
{"ts":1669475161248129149,"type":"point","name":"exType:baseline/permutationIndex:0/run:23/dialer:center/eavesCount:0/latencyMS:150/seq:2/fileSize:1048576/nodeType:Seed/nodeTypeIndex:0/meta:data_sent","measures":{"value":1048832}}
{"ts":1669475161248132871,"type":"point","name":"exType:baseline/permutationIndex:0/run:23/dialer:center/eavesCount:0/latencyMS:150/seq:2/fileSize:1048576/nodeType:Seed/nodeTypeIndex:0/meta:data_rcvd","measures":{"value":0}}
{"ts":1669475161248135656,"type":"point","name":"exType:baseline/permutationIndex:0/run:23/dialer:center/eavesCount:0/latencyMS:150/seq:2/fileSize:1048576/nodeType:Seed/nodeTypeIndex:0/meta:dup_data_rcvd","measures":{"value":0}}
{"ts":1669475161248138439,"type":"point","name":"exType:baseline/permutationIndex:0/run:23/dialer:center/eavesCount:0/latencyMS:150/seq:2/fileSize:1048576/nodeType:Seed/nodeTypeIndex:0/meta:blks_sent","measures":{"value":5}}
{"ts":1669475161248148467,"type":"point","name":"exType:baseline/permutationIndex:0/run:23/dialer:center/eavesCount:0/latencyMS:150/seq:2/fileSize:1048576/nodeType:Seed/nodeTypeIndex:0/meta:blks_rcvd","measures":{"value":0}}
{"ts":1669475161248153194,"type":"point","name":"exType:baseline/permutationIndex:0/run:23/dialer:center/eavesCount:0/latencyMS:150/seq:2/fileSize:1048576/nodeType:Seed/nodeTypeIndex:0/meta:dup_blks_rcvd","measures":{"value":0}}
{"ts":1669475165691340864,"type":"point","name":"exType:baseline/permutationIndex:0/run:24/dialer:center/eavesCount:0/latencyMS:150/seq:2/fileSize:1048576/nodeType:Seed/nodeTypeIndex:0/meta:msgs_rcvd","measures":{"value":87}}
{"ts":1669475165691374265,"type":"point","name":"exType:baseline/permutationIndex:0/run:24/dialer:center/eavesCount:0/latencyMS:150/seq:2/fileSize:1048576/nodeType:Seed/nodeTypeIndex:0/meta:data_sent","measures":{"value":1048832}}
{"ts":1669475165691385541,"type":"point","name":"exType:baseline/permutationIndex:0/run:24/dialer:center/eavesCount:0/latencyMS:150/seq:2/fileSize:1048576/nodeType:Seed/nodeTypeIndex:0/meta:data_rcvd","measures":{"value":0}}
{"ts":1669475165691389684,"type":"point","name":"exType:baseline/permutationIndex:0/run:24/dialer:center/eavesCount:0/latencyMS:150/seq:2/fileSize:1048576/nodeType:Seed/nodeTypeIndex:0/meta:dup_data_rcvd","measures":{"value":0}}
{"ts":1669475165691393265,"type":"point","name":"exType:baseline/permutationIndex:0/run:24/dialer:center/eavesCount:0/latencyMS:150/seq:2/fileSize:1048576/nodeType:Seed/nodeTypeIndex:0/meta:blks_sent","measures":{"value":5}}
{"ts":1669475165691397121,"type":"point","name":"exType:baseline/permutationIndex:0/run:24/dialer:center/eavesCount:0/latencyMS:150/seq:2/fileSize:1048576/nodeType:Seed/nodeTypeIndex:0/meta:blks_rcvd","measures":{"value":0}}
{"ts":1669475165691400965,"type":"point","name":"exType:baseline/permutationIndex:0/run:24/dialer:center/eavesCount:0/latencyMS:150/seq:2/fileSize:1048576/nodeType:Seed/nodeTypeIndex:0/meta:dup_blks_rcvd","measures":{"value":0}}
