{"ts":1669476176250811817,"type":"point","name":"exType:baseline/permutationIndex:0/run:1/dialer:center/eavesCount:0/latencyMS:100/seq:9/fileSize:153600/nodeType:Passive/nodeTypeIndex:6/meta:msgs_rcvd","measures":{"value":71}}
{"ts":1669476176251012767,"type":"point","name":"exType:baseline/permutationIndex:0/run:1/dialer:center/eavesCount:0/latencyMS:100/seq:9/fileSize:153600/nodeType:Passive/nodeTypeIndex:6/meta:data_sent","measures":{"value":0}}
{"ts":1669476176251039415,"type":"point","name":"exType:baseline/permutationIndex:0/run:1/dialer:center/eavesCount:0/latencyMS:100/seq:9/fileSize:153600/nodeType:Passive/nodeTypeIndex:6/meta:data_rcvd","measures":{"value":0}}
{"ts":1669476176251055603,"type":"point","name":"exType:baseline/permutationIndex:0/run:1/dialer:center/eavesCount:0/latencyMS:100/seq:9/fileSize:153600/nodeType:Passive/nodeTypeIndex:6/meta:dup_data_rcvd","measures":{"value":0}}
{"ts":1669476176251071850,"type":"point","name":"exType:baseline/permutationIndex:0/run:1/dialer:center/eavesCount:0/latencyMS:100/seq:9/fileSize:153600/nodeType:Passive/nodeTypeIndex:6/meta:blks_sent","measures":{"value":0}}
{"ts":1669476176251087884,"type":"point","name":"exType:baseline/permutationIndex:0/run:1/dialer:center/eavesCount:0/latencyMS:100/seq:9/fileSize:153600/nodeType:Passive/nodeTypeIndex:6/meta:blks_rcvd","measures":{"value":0}}
{"ts":1669476176251103036,"type":"point","name":"exType:baseline/permutationIndex:0/run:1/dialer:center/eavesCount:0/latencyMS:100/seq:9/fileSize:153600/nodeType:Passive/nodeTypeIndex:6/meta:dup_blks_rcvd","measures":{"value":0}}
{"ts":1669476179129523946,"type":"point","name":"exType:baseline/permutationIndex:0/run:2/dialer:center/eavesCount:0/latencyMS:100/seq:9/fileSize:153600/nodeType:Passive/nodeTypeIndex:6/meta:msgs_rcvd","measures":{"value":34}}
{"ts":1669476179129598439,"type":"point","name":"exType:baseline/permutationIndex:0/run:2/dialer:center/eavesCount:0/latencyMS:100/seq:9/fileSize:153600/nodeType:Passive/nodeTypeIndex:6/meta:data_sent","measures":{"value":0}}
{"ts":1669476179129624252,"type":"point","name":"exType:baseline/permutationIndex:0/run:2/dialer:center/eavesCount:0/latencyMS:100/seq:9/fileSize:153600/nodeType:Passive/nodeTypeIndex:6/meta:data_rcvd","measures":{"value":0}}
{"ts":1669476179129644278,"type":"point","name":"exType:baseline/permutationIndex:0/run:2/dialer:center/eavesCount:0/latencyMS:100/seq:9/fileSize:153600/nodeType:Passive/nodeTypeIndex:6/meta:dup_data_rcvd","measures":{"value":0}}
{"ts":1669476179129664013,"type":"point","name":"exType:baseline/permutationIndex:0/run:2/dialer:center/eavesCount:0/latencyMS:100/seq:9/fileSize:153600/nodeType:Passive/nodeTypeIndex:6/meta:blks_sent","measures":{"value":0}}
{"ts":1669476179129684925,"type":"point","name":"exType:baseline/permutationIndex:0/run:2/dialer:center/eavesCount:0/latencyMS:100/seq:9/fileSize:153600/nodeType:Passive/nodeTypeIndex:6/meta:blks_rcvd","measures":{"value":0}}
{"ts":1669476179129704520,"type":"point","name":"exType:baseline/permutationIndex:0/run:2/dialer:center/eavesCount:0/latencyMS:100/seq:9/fileSize:153600/nodeType:Passive/nodeTypeIndex:6/meta:dup_blks_rcvd","measures":{"value":0}}
{"ts":1669476182103659101,"type":"point","name":"exType:baseline/permutationIndex:0/run:3/dialer:center/eavesCount:0/latencyMS:100/seq:9/fileSize:153600/nodeType:Passive/nodeTypeIndex:6/meta:msgs_rcvd","measures":{"value":96}}
{"ts":1669476182103682731,"type":"point","name":"exType:baseline/permutationIndex:0/run:3/dialer:center/eavesCount:0/latencyMS:100/seq:9/fileSize:153600/nodeType:Passive/nodeTypeIndex:6/meta:data_sent","measures":{"value":0}}
{"ts":1669476182103689720,"type":"point","name":"exType:baseline/permutationIndex:0/run:3/dialer:center/eavesCount:0/latencyMS:100/seq:9/fileSize:153600/nodeType:Passive/nodeTypeIndex:6/meta:data_rcvd","measures":{"value":0}}
{"ts":1669476182103695482,"type":"point","name":"exType:baseline/permutationIndex:0/run:3/dialer:center/eavesCount:0/latencyMS:100/seq:9/fileSize:153600/nodeType:Passive/nodeTypeIndex:6/meta:dup_data_rcvd","measures":{"value":0}}
{"ts":1669476182103701143,"type":"point","name":"exType:baseline/permutationIndex:0/run:3/dialer:center/eavesCount:0/latencyMS:100/seq:9/fileSize:153600/nodeType:Passive/nodeTypeIndex:6/meta:blks_sent","measures":{"value":0}}
{"ts":1669476182103714508,"type":"point","name":"exType:baseline/permutationIndex:0/run:3/dialer:center/eavesCount:0/latencyMS:100/seq:9/fileSize:153600/nodeType:Passive/nodeTypeIndex:6/meta:blks_rcvd","measures":{"value":0}}
{"ts":1669476182103721576,"type":"point","name":"exType:baseline/permutationIndex:0/run:3/dialer:center/eavesCount:0/latencyMS:100/seq:9/fileSize:153600/nodeType:Passive/nodeTypeIndex:6/meta:dup_blks_rcvd","measures":{"value":0}}
{"ts":1669476185039523942,"type":"point","name":"exType:baseline/permutationIndex:0/run:4/dialer:center/eavesCount:0/latencyMS:100/seq:9/fileSize:153600/nodeType:Passive/nodeTypeIndex:6/meta:msgs_rcvd","measures":{"value":52}}
{"ts":1669476185039660668,"type":"point","name":"exType:baseline/permutationIndex:0/run:4/dialer:center/eavesCount:0/latencyMS:100/seq:9/fileSize:153600/nodeType:Passive/nodeTypeIndex:6/meta:data_sent","measures":{"value":0}}
{"ts":1669476185039706211,"type":"point","name":"exType:baseline/permutationIndex:0/run:4/dialer:center/eavesCount:0/latencyMS:100/seq:9/fileSize:153600/nodeType:Passive/nodeTypeIndex:6/meta:data_rcvd","measures":{"value":0}}
{"ts":1669476185039735534,"type":"point","name":"exType:baseline/permutationIndex:0/run:4/dialer:center/eavesCount:0/latencyMS:100/seq:9/fileSize:153600/nodeType:Passive/nodeTypeIndex:6/meta:dup_data_rcvd","measures":{"value":0}}
{"ts":1669476185039754814,"type":"point","name":"exType:baseline/permutationIndex:0/run:4/dialer:center/eavesCount:0/latencyMS:100/seq:9/fileSize:153600/nodeType:Passive/nodeTypeIndex:6/meta:blks_sent","measures":{"value":0}}
{"ts":1669476185039778760,"type":"point","name":"exType:baseline/permutationIndex:0/run:4/dialer:center/eavesCount:0/latencyMS:100/seq:9/fileSize:153600/nodeType:Passive/nodeTypeIndex:6/meta:blks_rcvd","measures":{"value":0}}
{"ts":1669476185039799099,"type":"point","name":"exType:baseline/permutationIndex:0/run:4/dialer:center/eavesCount:0/latencyMS:100/seq:9/fileSize:153600/nodeType:Passive/nodeTypeIndex:6/meta:dup_blks_rcvd","measures":{"value":0}}
{"ts":1669476187641574272,"type":"point","name":"exType:baseline/permutationIndex:0/run:5/dialer:center/eavesCount:0/latencyMS:100/seq:9/fileSize:153600/nodeType:Passive/nodeTypeIndex:6/meta:msgs_rcvd","measures":{"value":79}}
{"ts":1669476187641591103,"type":"point","name":"exType:baseline/permutationIndex:0/run:5/dialer:center/eavesCount:0/latencyMS:100/seq:9/fileSize:153600/nodeType:Passive/nodeTypeIndex:6/meta:data_sent","measures":{"value":0}}
{"ts":1669476187641595256,"type":"point","name":"exType:baseline/permutationIndex:0/run:5/dialer:center/eavesCount:0/latencyMS:100/seq:9/fileSize:153600/nodeType:Passive/nodeTypeIndex:6/meta:data_rcvd","measures":{"value":0}}
{"ts":1669476187641599077,"type":"point","name":"exType:baseline/permutationIndex:0/run:5/dialer:center/eavesCount:0/latencyMS:100/seq:9/fileSize:153600/nodeType:Passive/nodeTypeIndex:6/meta:dup_data_rcvd","measures":{"value":0}}
{"ts":1669476187641601431,"type":"point","name":"exType:baseline/permutationIndex:0/run:5/dialer:center/eavesCount:0/latencyMS:100/seq:9/fileSize:153600/nodeType:Passive/nodeTypeIndex:6/meta:blks_sent","measures":{"value":0}}
{"ts":1669476187641604825,"type":"point","name":"exType:baseline/permutationIndex:0/run:5/dialer:center/eavesCount:0/latencyMS:100/seq:9/fileSize:153600/nodeType:Passive/nodeTypeIndex:6/meta:blks_rcvd","measures":{"value":0}}
{"ts":1669476187641608060,"type":"point","name":"exType:baseline/permutationIndex:0/run:5/dialer:center/eavesCount:0/latencyMS:100/seq:9/fileSize:153600/nodeType:Passive/nodeTypeIndex:6/meta:dup_blks_rcvd","measures":{"value":0}}
{"ts":1669476190233084592,"type":"point","name":"exType:baseline/permutationIndex:0/run:6/dialer:center/eavesCount:0/latencyMS:100/seq:9/fileSize:153600/nodeType:Passive/nodeTypeIndex:6/meta:msgs_rcvd","measures":{"value":46}}
{"ts":1669476190233191781,"type":"point","name":"exType:baseline/permutationIndex:0/run:6/dialer:center/eavesCount:0/latencyMS:100/seq:9/fileSize:153600/nodeType:Passive/nodeTypeIndex:6/meta:data_sent","measures":{"value":0}}
{"ts":1669476190233254608,"type":"point","name":"exType:baseline/permutationIndex:0/run:6/dialer:center/eavesCount:0/latencyMS:100/seq:9/fileSize:153600/nodeType:Passive/nodeTypeIndex:6/meta:data_rcvd","measures":{"value":0}}
{"ts":1669476190233273397,"type":"point","name":"exType:baseline/permutationIndex:0/run:6/dialer:center/eavesCount:0/latencyMS:100/seq:9/fileSize:153600/nodeType:Passive/nodeTypeIndex:6/meta:dup_data_rcvd","measures":{"value":0}}
{"ts":1669476190233287356,"type":"point","name":"exType:baseline/permutationIndex:0/run:6/dialer:center/eavesCount:0/latencyMS:100/seq:9/fileSize:153600/nodeType:Passive/nodeTypeIndex:6/meta:blks_sent","measures":{"value":0}}
{"ts":1669476190233299685,"type":"point","name":"exType:baseline/permutationIndex:0/run:6/dialer:center/eavesCount:0/latencyMS:100/seq:9/fileSize:153600/nodeType:Passive/nodeTypeIndex:6/meta:blks_rcvd","measures":{"value":0}}
{"ts":1669476190233316771,"type":"point","name":"exType:baseline/permutationIndex:0/run:6/dialer:center/eavesCount:0/latencyMS:100/seq:9/fileSize:153600/nodeType:Passive/nodeTypeIndex:6/meta:dup_blks_rcvd","measures":{"value":0}}
{"ts":1669476193149126764,"type":"point","name":"exType:baseline/permutationIndex:0/run:7/dialer:center/eavesCount:0/latencyMS:100/seq:9/fileSize:153600/nodeType:Passive/nodeTypeIndex:6/meta:msgs_rcvd","measures":{"value":84}}
{"ts":1669476193149156540,"type":"point","name":"exType:baseline/permutationIndex:0/run:7/dialer:center/eavesCount:0/latencyMS:100/seq:9/fileSize:153600/nodeType:Passive/nodeTypeIndex:6/meta:data_sent","measures":{"value":0}}
{"ts":1669476193149163898,"type":"point","name":"exType:baseline/permutationIndex:0/run:7/dialer:center/eavesCount:0/latencyMS:100/seq:9/fileSize:153600/nodeType:Passive/nodeTypeIndex:6/meta:data_rcvd","measures":{"value":0}}
{"ts":1669476193149168729,"type":"point","name":"exType:baseline/permutationIndex:0/run:7/dialer:center/eavesCount:0/latencyMS:100/seq:9/fileSize:153600/nodeType:Passive/nodeTypeIndex:6/meta:dup_data_rcvd","measures":{"value":0}}
{"ts":1669476193149173635,"type":"point","name":"exType:baseline/permutationIndex:0/run:7/dialer:center/eavesCount:0/latencyMS:100/seq:9/fileSize:153600/nodeType:Passive/nodeTypeIndex:6/meta:blks_sent","measures":{"value":0}}
{"ts":1669476193149178615,"type":"point","name":"exType:baseline/permutationIndex:0/run:7/dialer:center/eavesCount:0/latencyMS:100/seq:9/fileSize:153600/nodeType:Passive/nodeTypeIndex:6/meta:blks_rcvd","measures":{"value":0}}
{"ts":1669476193149184937,"type":"point","name":"exType:baseline/permutationIndex:0/run:7/dialer:center/eavesCount:0/latencyMS:100/seq:9/fileSize:153600/nodeType:Passive/nodeTypeIndex:6/meta:dup_blks_rcvd","measures":{"value":0}}
{"ts":1669476196485431034,"type":"point","name":"exType:baseline/permutationIndex:0/run:8/dialer:center/eavesCount:0/latencyMS:100/seq:9/fileSize:153600/nodeType:Passive/nodeTypeIndex:6/meta:msgs_rcvd","measures":{"value":66}}
{"ts":1669476196485461401,"type":"point","name":"exType:baseline/permutationIndex:0/run:8/dialer:center/eavesCount:0/latencyMS:100/seq:9/fileSize:153600/nodeType:Passive/nodeTypeIndex:6/meta:data_sent","measures":{"value":0}}
{"ts":1669476196485464719,"type":"point","name":"exType:baseline/permutationIndex:0/run:8/dialer:center/eavesCount:0/latencyMS:100/seq:9/fileSize:153600/nodeType:Passive/nodeTypeIndex:6/meta:data_rcvd","measures":{"value":0}}
{"ts":1669476196485467238,"type":"point","name":"exType:baseline/permutationIndex:0/run:8/dialer:center/eavesCount:0/latencyMS:100/seq:9/fileSize:153600/nodeType:Passive/nodeTypeIndex:6/meta:dup_data_rcvd","measures":{"value":0}}
{"ts":1669476196485469775,"type":"point","name":"exType:baseline/permutationIndex:0/run:8/dialer:center/eavesCount:0/latencyMS:100/seq:9/fileSize:153600/nodeType:Passive/nodeTypeIndex:6/meta:blks_sent","measures":{"value":0}}
{"ts":1669476196485472342,"type":"point","name":"exType:baseline/permutationIndex:0/run:8/dialer:center/eavesCount:0/latencyMS:100/seq:9/fileSize:153600/nodeType:Passive/nodeTypeIndex:6/meta:blks_rcvd","measures":{"value":0}}
{"ts":1669476196485478773,"type":"point","name":"exType:baseline/permutationIndex:0/run:8/dialer:center/eavesCount:0/latencyMS:100/seq:9/fileSize:153600/nodeType:Passive/nodeTypeIndex:6/meta:dup_blks_rcvd","measures":{"value":0}}
{"ts":1669476199599430813,"type":"point","name":"exType:baseline/permutationIndex:0/run:9/dialer:center/eavesCount:0/latencyMS:100/seq:9/fileSize:153600/nodeType:Passive/nodeTypeIndex:6/meta:msgs_rcvd","measures":{"value":72}}
{"ts":1669476199599453411,"type":"point","name":"exType:baseline/permutationIndex:0/run:9/dialer:center/eavesCount:0/latencyMS:100/seq:9/fileSize:153600/nodeType:Passive/nodeTypeIndex:6/meta:data_sent","measures":{"value":0}}
{"ts":1669476199599456804,"type":"point","name":"exType:baseline/permutationIndex:0/run:9/dialer:center/eavesCount:0/latencyMS:100/seq:9/fileSize:153600/nodeType:Passive/nodeTypeIndex:6/meta:data_rcvd","measures":{"value":0}}
{"ts":1669476199599459622,"type":"point","name":"exType:baseline/permutationIndex:0/run:9/dialer:center/eavesCount:0/latencyMS:100/seq:9/fileSize:153600/nodeType:Passive/nodeTypeIndex:6/meta:dup_data_rcvd","measures":{"value":0}}
{"ts":1669476199599461898,"type":"point","name":"exType:baseline/permutationIndex:0/run:9/dialer:center/eavesCount:0/latencyMS:100/seq:9/fileSize:153600/nodeType:Passive/nodeTypeIndex:6/meta:blks_sent","measures":{"value":0}}
{"ts":1669476199599464118,"type":"point","name":"exType:baseline/permutationIndex:0/run:9/dialer:center/eavesCount:0/latencyMS:100/seq:9/fileSize:153600/nodeType:Passive/nodeTypeIndex:6/meta:blks_rcvd","measures":{"value":0}}
{"ts":1669476199599466173,"type":"point","name":"exType:baseline/permutationIndex:0/run:9/dialer:center/eavesCount:0/latencyMS:100/seq:9/fileSize:153600/nodeType:Passive/nodeTypeIndex:6/meta:dup_blks_rcvd","measures":{"value":0}}
{"ts":1669476202936067030,"type":"point","name":"exType:baseline/permutationIndex:0/run:10/dialer:center/eavesCount:0/latencyMS:100/seq:9/fileSize:153600/nodeType:Passive/nodeTypeIndex:6/meta:msgs_rcvd","measures":{"value":86}}
{"ts":1669476202936081915,"type":"point","name":"exType:baseline/permutationIndex:0/run:10/dialer:center/eavesCount:0/latencyMS:100/seq:9/fileSize:153600/nodeType:Passive/nodeTypeIndex:6/meta:data_sent","measures":{"value":0}}
{"ts":1669476202936086042,"type":"point","name":"exType:baseline/permutationIndex:0/run:10/dialer:center/eavesCount:0/latencyMS:100/seq:9/fileSize:153600/nodeType:Passive/nodeTypeIndex:6/meta:data_rcvd","measures":{"value":0}}
{"ts":1669476202936089174,"type":"point","name":"exType:baseline/permutationIndex:0/run:10/dialer:center/eavesCount:0/latencyMS:100/seq:9/fileSize:153600/nodeType:Passive/nodeTypeIndex:6/meta:dup_data_rcvd","measures":{"value":0}}
{"ts":1669476202936091555,"type":"point","name":"exType:baseline/permutationIndex:0/run:10/dialer:center/eavesCount:0/latencyMS:100/seq:9/fileSize:153600/nodeType:Passive/nodeTypeIndex:6/meta:blks_sent","measures":{"value":0}}
{"ts":1669476202936093903,"type":"point","name":"exType:baseline/permutationIndex:0/run:10/dialer:center/eavesCount:0/latencyMS:100/seq:9/fileSize:153600/nodeType:Passive/nodeTypeIndex:6/meta:blks_rcvd","measures":{"value":0}}
{"ts":1669476202936096602,"type":"point","name":"exType:baseline/permutationIndex:0/run:10/dialer:center/eavesCount:0/latencyMS:100/seq:9/fileSize:153600/nodeType:Passive/nodeTypeIndex:6/meta:dup_blks_rcvd","measures":{"value":0}}
{"ts":1669476205859557231,"type":"point","name":"exType:baseline/permutationIndex:0/run:11/dialer:center/eavesCount:0/latencyMS:100/seq:9/fileSize:153600/nodeType:Passive/nodeTypeIndex:6/meta:msgs_rcvd","measures":{"value":46}}
{"ts":1669476205859579187,"type":"point","name":"exType:baseline/permutationIndex:0/run:11/dialer:center/eavesCount:0/latencyMS:100/seq:9/fileSize:153600/nodeType:Passive/nodeTypeIndex:6/meta:data_sent","measures":{"value":0}}
{"ts":1669476205859585275,"type":"point","name":"exType:baseline/permutationIndex:0/run:11/dialer:center/eavesCount:0/latencyMS:100/seq:9/fileSize:153600/nodeType:Passive/nodeTypeIndex:6/meta:data_rcvd","measures":{"value":0}}
{"ts":1669476205859593169,"type":"point","name":"exType:baseline/permutationIndex:0/run:11/dialer:center/eavesCount:0/latencyMS:100/seq:9/fileSize:153600/nodeType:Passive/nodeTypeIndex:6/meta:dup_data_rcvd","measures":{"value":0}}
{"ts":1669476205859595347,"type":"point","name":"exType:baseline/permutationIndex:0/run:11/dialer:center/eavesCount:0/latencyMS:100/seq:9/fileSize:153600/nodeType:Passive/nodeTypeIndex:6/meta:blks_sent","measures":{"value":0}}
{"ts":1669476205859597261,"type":"point","name":"exType:baseline/permutationIndex:0/run:11/dialer:center/eavesCount:0/latencyMS:100/seq:9/fileSize:153600/nodeType:Passive/nodeTypeIndex:6/meta:blks_rcvd","measures":{"value":0}}
{"ts":1669476205859599055,"type":"point","name":"exType:baseline/permutationIndex:0/run:11/dialer:center/eavesCount:0/latencyMS:100/seq:9/fileSize:153600/nodeType:Passive/nodeTypeIndex:6/meta:dup_blks_rcvd","measures":{"value":0}}
{"ts":1669476208448329353,"type":"point","name":"exType:baseline/permutationIndex:0/run:12/dialer:center/eavesCount:0/latencyMS:100/seq:9/fileSize:153600/nodeType:Passive/nodeTypeIndex:6/meta:msgs_rcvd","measures":{"value":53}}
{"ts":1669476208448418789,"type":"point","name":"exType:baseline/permutationIndex:0/run:12/dialer:center/eavesCount:0/latencyMS:100/seq:9/fileSize:153600/nodeType:Passive/nodeTypeIndex:6/meta:data_sent","measures":{"value":0}}
{"ts":1669476208448442844,"type":"point","name":"exType:baseline/permutationIndex:0/run:12/dialer:center/eavesCount:0/latencyMS:100/seq:9/fileSize:153600/nodeType:Passive/nodeTypeIndex:6/meta:data_rcvd","measures":{"value":0}}
{"ts":1669476208448465067,"type":"point","name":"exType:baseline/permutationIndex:0/run:12/dialer:center/eavesCount:0/latencyMS:100/seq:9/fileSize:153600/nodeType:Passive/nodeTypeIndex:6/meta:dup_data_rcvd","measures":{"value":0}}
{"ts":1669476208448480079,"type":"point","name":"exType:baseline/permutationIndex:0/run:12/dialer:center/eavesCount:0/latencyMS:100/seq:9/fileSize:153600/nodeType:Passive/nodeTypeIndex:6/meta:blks_sent","measures":{"value":0}}
{"ts":1669476208448494955,"type":"point","name":"exType:baseline/permutationIndex:0/run:12/dialer:center/eavesCount:0/latencyMS:100/seq:9/fileSize:153600/nodeType:Passive/nodeTypeIndex:6/meta:blks_rcvd","measures":{"value":0}}
{"ts":1669476208448516877,"type":"point","name":"exType:baseline/permutationIndex:0/run:12/dialer:center/eavesCount:0/latencyMS:100/seq:9/fileSize:153600/nodeType:Passive/nodeTypeIndex:6/meta:dup_blks_rcvd","measures":{"value":0}}
{"ts":1669476211192380279,"type":"point","name":"exType:baseline/permutationIndex:0/run:13/dialer:center/eavesCount:0/latencyMS:100/seq:9/fileSize:153600/nodeType:Passive/nodeTypeIndex:6/meta:msgs_rcvd","measures":{"value":70}}
{"ts":1669476211192493334,"type":"point","name":"exType:baseline/permutationIndex:0/run:13/dialer:center/eavesCount:0/latencyMS:100/seq:9/fileSize:153600/nodeType:Passive/nodeTypeIndex:6/meta:data_sent","measures":{"value":0}}
{"ts":1669476211192524850,"type":"point","name":"exType:baseline/permutationIndex:0/run:13/dialer:center/eavesCount:0/latencyMS:100/seq:9/fileSize:153600/nodeType:Passive/nodeTypeIndex:6/meta:data_rcvd","measures":{"value":0}}
{"ts":1669476211192546089,"type":"point","name":"exType:baseline/permutationIndex:0/run:13/dialer:center/eavesCount:0/latencyMS:100/seq:9/fileSize:153600/nodeType:Passive/nodeTypeIndex:6/meta:dup_data_rcvd","measures":{"value":0}}
{"ts":1669476211192564501,"type":"point","name":"exType:baseline/permutationIndex:0/run:13/dialer:center/eavesCount:0/latencyMS:100/seq:9/fileSize:153600/nodeType:Passive/nodeTypeIndex:6/meta:blks_sent","measures":{"value":0}}
{"ts":1669476211192584156,"type":"point","name":"exType:baseline/permutationIndex:0/run:13/dialer:center/eavesCount:0/latencyMS:100/seq:9/fileSize:153600/nodeType:Passive/nodeTypeIndex:6/meta:blks_rcvd","measures":{"value":0}}
{"ts":1669476211192602917,"type":"point","name":"exType:baseline/permutationIndex:0/run:13/dialer:center/eavesCount:0/latencyMS:100/seq:9/fileSize:153600/nodeType:Passive/nodeTypeIndex:6/meta:dup_blks_rcvd","measures":{"value":0}}
{"ts":1669476214045800905,"type":"point","name":"exType:baseline/permutationIndex:0/run:14/dialer:center/eavesCount:0/latencyMS:100/seq:9/fileSize:153600/nodeType:Passive/nodeTypeIndex:6/meta:msgs_rcvd","measures":{"value":46}}
{"ts":1669476214045912259,"type":"point","name":"exType:baseline/permutationIndex:0/run:14/dialer:center/eavesCount:0/latencyMS:100/seq:9/fileSize:153600/nodeType:Passive/nodeTypeIndex:6/meta:data_sent","measures":{"value":0}}
{"ts":1669476214045941591,"type":"point","name":"exType:baseline/permutationIndex:0/run:14/dialer:center/eavesCount:0/latencyMS:100/seq:9/fileSize:153600/nodeType:Passive/nodeTypeIndex:6/meta:data_rcvd","measures":{"value":0}}
{"ts":1669476214045962045,"type":"point","name":"exType:baseline/permutationIndex:0/run:14/dialer:center/eavesCount:0/latencyMS:100/seq:9/fileSize:153600/nodeType:Passive/nodeTypeIndex:6/meta:dup_data_rcvd","measures":{"value":0}}
{"ts":1669476214045981895,"type":"point","name":"exType:baseline/permutationIndex:0/run:14/dialer:center/eavesCount:0/latencyMS:100/seq:9/fileSize:153600/nodeType:Passive/nodeTypeIndex:6/meta:blks_sent","measures":{"value":0}}
{"ts":1669476214045998771,"type":"point","name":"exType:baseline/permutationIndex:0/run:14/dialer:center/eavesCount:0/latencyMS:100/seq:9/fileSize:153600/nodeType:Passive/nodeTypeIndex:6/meta:blks_rcvd","measures":{"value":0}}
{"ts":1669476214046016562,"type":"point","name":"exType:baseline/permutationIndex:0/run:14/dialer:center/eavesCount:0/latencyMS:100/seq:9/fileSize:153600/nodeType:Passive/nodeTypeIndex:6/meta:dup_blks_rcvd","measures":{"value":0}}
{"ts":1669476217367099852,"type":"point","name":"exType:baseline/permutationIndex:0/run:15/dialer:center/eavesCount:0/latencyMS:100/seq:9/fileSize:153600/nodeType:Passive/nodeTypeIndex:6/meta:msgs_rcvd","measures":{"value":115}}
{"ts":1669476217367218105,"type":"point","name":"exType:baseline/permutationIndex:0/run:15/dialer:center/eavesCount:0/latencyMS:100/seq:9/fileSize:153600/nodeType:Passive/nodeTypeIndex:6/meta:data_sent","measures":{"value":0}}
{"ts":1669476217367249944,"type":"point","name":"exType:baseline/permutationIndex:0/run:15/dialer:center/eavesCount:0/latencyMS:100/seq:9/fileSize:153600/nodeType:Passive/nodeTypeIndex:6/meta:data_rcvd","measures":{"value":0}}
{"ts":1669476217367270387,"type":"point","name":"exType:baseline/permutationIndex:0/run:15/dialer:center/eavesCount:0/latencyMS:100/seq:9/fileSize:153600/nodeType:Passive/nodeTypeIndex:6/meta:dup_data_rcvd","measures":{"value":0}}
{"ts":1669476217367290133,"type":"point","name":"exType:baseline/permutationIndex:0/run:15/dialer:center/eavesCount:0/latencyMS:100/seq:9/fileSize:153600/nodeType:Passive/nodeTypeIndex:6/meta:blks_sent","measures":{"value":0}}
{"ts":1669476217367310253,"type":"point","name":"exType:baseline/permutationIndex:0/run:15/dialer:center/eavesCount:0/latencyMS:100/seq:9/fileSize:153600/nodeType:Passive/nodeTypeIndex:6/meta:blks_rcvd","measures":{"value":0}}
{"ts":1669476217367329211,"type":"point","name":"exType:baseline/permutationIndex:0/run:15/dialer:center/eavesCount:0/latencyMS:100/seq:9/fileSize:153600/nodeType:Passive/nodeTypeIndex:6/meta:dup_blks_rcvd","measures":{"value":0}}
{"ts":1669476220874333204,"type":"point","name":"exType:baseline/permutationIndex:0/run:16/dialer:center/eavesCount:0/latencyMS:100/seq:9/fileSize:153600/nodeType:Passive/nodeTypeIndex:6/meta:msgs_rcvd","measures":{"value":70}}
{"ts":1669476220874467581,"type":"point","name":"exType:baseline/permutationIndex:0/run:16/dialer:center/eavesCount:0/latencyMS:100/seq:9/fileSize:153600/nodeType:Passive/nodeTypeIndex:6/meta:data_sent","measures":{"value":0}}
{"ts":1669476220874503983,"type":"point","name":"exType:baseline/permutationIndex:0/run:16/dialer:center/eavesCount:0/latencyMS:100/seq:9/fileSize:153600/nodeType:Passive/nodeTypeIndex:6/meta:data_rcvd","measures":{"value":0}}
{"ts":1669476220874571782,"type":"point","name":"exType:baseline/permutationIndex:0/run:16/dialer:center/eavesCount:0/latencyMS:100/seq:9/fileSize:153600/nodeType:Passive/nodeTypeIndex:6/meta:dup_data_rcvd","measures":{"value":0}}
{"ts":1669476220874593256,"type":"point","name":"exType:baseline/permutationIndex:0/run:16/dialer:center/eavesCount:0/latencyMS:100/seq:9/fileSize:153600/nodeType:Passive/nodeTypeIndex:6/meta:blks_sent","measures":{"value":0}}
{"ts":1669476220874615057,"type":"point","name":"exType:baseline/permutationIndex:0/run:16/dialer:center/eavesCount:0/latencyMS:100/seq:9/fileSize:153600/nodeType:Passive/nodeTypeIndex:6/meta:blks_rcvd","measures":{"value":0}}
{"ts":1669476220874633239,"type":"point","name":"exType:baseline/permutationIndex:0/run:16/dialer:center/eavesCount:0/latencyMS:100/seq:9/fileSize:153600/nodeType:Passive/nodeTypeIndex:6/meta:dup_blks_rcvd","measures":{"value":0}}
{"ts":1669476224236149430,"type":"point","name":"exType:baseline/permutationIndex:0/run:17/dialer:center/eavesCount:0/latencyMS:100/seq:9/fileSize:153600/nodeType:Passive/nodeTypeIndex:6/meta:msgs_rcvd","measures":{"value":68}}
{"ts":1669476224236251951,"type":"point","name":"exType:baseline/permutationIndex:0/run:17/dialer:center/eavesCount:0/latencyMS:100/seq:9/fileSize:153600/nodeType:Passive/nodeTypeIndex:6/meta:data_sent","measures":{"value":0}}
{"ts":1669476224236283751,"type":"point","name":"exType:baseline/permutationIndex:0/run:17/dialer:center/eavesCount:0/latencyMS:100/seq:9/fileSize:153600/nodeType:Passive/nodeTypeIndex:6/meta:data_rcvd","measures":{"value":0}}
{"ts":1669476224236304569,"type":"point","name":"exType:baseline/permutationIndex:0/run:17/dialer:center/eavesCount:0/latencyMS:100/seq:9/fileSize:153600/nodeType:Passive/nodeTypeIndex:6/meta:dup_data_rcvd","measures":{"value":0}}
{"ts":1669476224236323406,"type":"point","name":"exType:baseline/permutationIndex:0/run:17/dialer:center/eavesCount:0/latencyMS:100/seq:9/fileSize:153600/nodeType:Passive/nodeTypeIndex:6/meta:blks_sent","measures":{"value":0}}
{"ts":1669476224236343406,"type":"point","name":"exType:baseline/permutationIndex:0/run:17/dialer:center/eavesCount:0/latencyMS:100/seq:9/fileSize:153600/nodeType:Passive/nodeTypeIndex:6/meta:blks_rcvd","measures":{"value":0}}
{"ts":1669476224236364208,"type":"point","name":"exType:baseline/permutationIndex:0/run:17/dialer:center/eavesCount:0/latencyMS:100/seq:9/fileSize:153600/nodeType:Passive/nodeTypeIndex:6/meta:dup_blks_rcvd","measures":{"value":0}}
{"ts":1669476227155616731,"type":"point","name":"exType:baseline/permutationIndex:0/run:18/dialer:center/eavesCount:0/latencyMS:100/seq:9/fileSize:153600/nodeType:Passive/nodeTypeIndex:6/meta:msgs_rcvd","measures":{"value":79}}
{"ts":1669476227155639845,"type":"point","name":"exType:baseline/permutationIndex:0/run:18/dialer:center/eavesCount:0/latencyMS:100/seq:9/fileSize:153600/nodeType:Passive/nodeTypeIndex:6/meta:data_sent","measures":{"value":0}}
{"ts":1669476227155646482,"type":"point","name":"exType:baseline/permutationIndex:0/run:18/dialer:center/eavesCount:0/latencyMS:100/seq:9/fileSize:153600/nodeType:Passive/nodeTypeIndex:6/meta:data_rcvd","measures":{"value":0}}
{"ts":1669476227155650558,"type":"point","name":"exType:baseline/permutationIndex:0/run:18/dialer:center/eavesCount:0/latencyMS:100/seq:9/fileSize:153600/nodeType:Passive/nodeTypeIndex:6/meta:dup_data_rcvd","measures":{"value":0}}
{"ts":1669476227155653933,"type":"point","name":"exType:baseline/permutationIndex:0/run:18/dialer:center/eavesCount:0/latencyMS:100/seq:9/fileSize:153600/nodeType:Passive/nodeTypeIndex:6/meta:blks_sent","measures":{"value":0}}
{"ts":1669476227155656884,"type":"point","name":"exType:baseline/permutationIndex:0/run:18/dialer:center/eavesCount:0/latencyMS:100/seq:9/fileSize:153600/nodeType:Passive/nodeTypeIndex:6/meta:blks_rcvd","measures":{"value":0}}
{"ts":1669476227155659879,"type":"point","name":"exType:baseline/permutationIndex:0/run:18/dialer:center/eavesCount:0/latencyMS:100/seq:9/fileSize:153600/nodeType:Passive/nodeTypeIndex:6/meta:dup_blks_rcvd","measures":{"value":0}}
{"ts":1669476232065973744,"type":"point","name":"exType:baseline/permutationIndex:0/run:19/dialer:center/eavesCount:0/latencyMS:100/seq:9/fileSize:153600/nodeType:Passive/nodeTypeIndex:6/meta:msgs_rcvd","measures":{"value":126}}
{"ts":1669476232065991638,"type":"point","name":"exType:baseline/permutationIndex:0/run:19/dialer:center/eavesCount:0/latencyMS:100/seq:9/fileSize:153600/nodeType:Passive/nodeTypeIndex:6/meta:data_sent","measures":{"value":0}}
{"ts":1669476232065995470,"type":"point","name":"exType:baseline/permutationIndex:0/run:19/dialer:center/eavesCount:0/latencyMS:100/seq:9/fileSize:153600/nodeType:Passive/nodeTypeIndex:6/meta:data_rcvd","measures":{"value":0}}
{"ts":1669476232065998037,"type":"point","name":"exType:baseline/permutationIndex:0/run:19/dialer:center/eavesCount:0/latencyMS:100/seq:9/fileSize:153600/nodeType:Passive/nodeTypeIndex:6/meta:dup_data_rcvd","measures":{"value":0}}
{"ts":1669476232066000591,"type":"point","name":"exType:baseline/permutationIndex:0/run:19/dialer:center/eavesCount:0/latencyMS:100/seq:9/fileSize:153600/nodeType:Passive/nodeTypeIndex:6/meta:blks_sent","measures":{"value":0}}
{"ts":1669476232066003155,"type":"point","name":"exType:baseline/permutationIndex:0/run:19/dialer:center/eavesCount:0/latencyMS:100/seq:9/fileSize:153600/nodeType:Passive/nodeTypeIndex:6/meta:blks_rcvd","measures":{"value":0}}
{"ts":1669476232066005699,"type":"point","name":"exType:baseline/permutationIndex:0/run:19/dialer:center/eavesCount:0/latencyMS:100/seq:9/fileSize:153600/nodeType:Passive/nodeTypeIndex:6/meta:dup_blks_rcvd","measures":{"value":0}}
{"ts":1669476235878963407,"type":"point","name":"exType:baseline/permutationIndex:0/run:20/dialer:center/eavesCount:0/latencyMS:100/seq:9/fileSize:153600/nodeType:Passive/nodeTypeIndex:6/meta:msgs_rcvd","measures":{"value":34}}
{"ts":1669476235879083018,"type":"point","name":"exType:baseline/permutationIndex:0/run:20/dialer:center/eavesCount:0/latencyMS:100/seq:9/fileSize:153600/nodeType:Passive/nodeTypeIndex:6/meta:data_sent","measures":{"value":0}}
{"ts":1669476235879114182,"type":"point","name":"exType:baseline/permutationIndex:0/run:20/dialer:center/eavesCount:0/latencyMS:100/seq:9/fileSize:153600/nodeType:Passive/nodeTypeIndex:6/meta:data_rcvd","measures":{"value":0}}
{"ts":1669476235879135975,"type":"point","name":"exType:baseline/permutationIndex:0/run:20/dialer:center/eavesCount:0/latencyMS:100/seq:9/fileSize:153600/nodeType:Passive/nodeTypeIndex:6/meta:dup_data_rcvd","measures":{"value":0}}
{"ts":1669476235879157206,"type":"point","name":"exType:baseline/permutationIndex:0/run:20/dialer:center/eavesCount:0/latencyMS:100/seq:9/fileSize:153600/nodeType:Passive/nodeTypeIndex:6/meta:blks_sent","measures":{"value":0}}
{"ts":1669476235879177517,"type":"point","name":"exType:baseline/permutationIndex:0/run:20/dialer:center/eavesCount:0/latencyMS:100/seq:9/fileSize:153600/nodeType:Passive/nodeTypeIndex:6/meta:blks_rcvd","measures":{"value":0}}
{"ts":1669476235879197224,"type":"point","name":"exType:baseline/permutationIndex:0/run:20/dialer:center/eavesCount:0/latencyMS:100/seq:9/fileSize:153600/nodeType:Passive/nodeTypeIndex:6/meta:dup_blks_rcvd","measures":{"value":0}}
{"ts":1669476238768470400,"type":"point","name":"exType:baseline/permutationIndex:0/run:21/dialer:center/eavesCount:0/latencyMS:100/seq:9/fileSize:153600/nodeType:Passive/nodeTypeIndex:6/meta:msgs_rcvd","measures":{"value":96}}
{"ts":1669476238768546692,"type":"point","name":"exType:baseline/permutationIndex:0/run:21/dialer:center/eavesCount:0/latencyMS:100/seq:9/fileSize:153600/nodeType:Passive/nodeTypeIndex:6/meta:data_sent","measures":{"value":0}}
{"ts":1669476238768573530,"type":"point","name":"exType:baseline/permutationIndex:0/run:21/dialer:center/eavesCount:0/latencyMS:100/seq:9/fileSize:153600/nodeType:Passive/nodeTypeIndex:6/meta:data_rcvd","measures":{"value":0}}
{"ts":1669476238768591418,"type":"point","name":"exType:baseline/permutationIndex:0/run:21/dialer:center/eavesCount:0/latencyMS:100/seq:9/fileSize:153600/nodeType:Passive/nodeTypeIndex:6/meta:dup_data_rcvd","measures":{"value":0}}
{"ts":1669476238768634449,"type":"point","name":"exType:baseline/permutationIndex:0/run:21/dialer:center/eavesCount:0/latencyMS:100/seq:9/fileSize:153600/nodeType:Passive/nodeTypeIndex:6/meta:blks_sent","measures":{"value":0}}
{"ts":1669476238768647825,"type":"point","name":"exType:baseline/permutationIndex:0/run:21/dialer:center/eavesCount:0/latencyMS:100/seq:9/fileSize:153600/nodeType:Passive/nodeTypeIndex:6/meta:blks_rcvd","measures":{"value":0}}
{"ts":1669476238768661721,"type":"point","name":"exType:baseline/permutationIndex:0/run:21/dialer:center/eavesCount:0/latencyMS:100/seq:9/fileSize:153600/nodeType:Passive/nodeTypeIndex:6/meta:dup_blks_rcvd","measures":{"value":0}}
{"ts":1669476241670292865,"type":"point","name":"exType:baseline/permutationIndex:0/run:22/dialer:center/eavesCount:0/latencyMS:100/seq:9/fileSize:153600/nodeType:Passive/nodeTypeIndex:6/meta:msgs_rcvd","measures":{"value":107}}
{"ts":1669476241670306780,"type":"point","name":"exType:baseline/permutationIndex:0/run:22/dialer:center/eavesCount:0/latencyMS:100/seq:9/fileSize:153600/nodeType:Passive/nodeTypeIndex:6/meta:data_sent","measures":{"value":0}}
{"ts":1669476241670309581,"type":"point","name":"exType:baseline/permutationIndex:0/run:22/dialer:center/eavesCount:0/latencyMS:100/seq:9/fileSize:153600/nodeType:Passive/nodeTypeIndex:6/meta:data_rcvd","measures":{"value":0}}
{"ts":1669476241670311808,"type":"point","name":"exType:baseline/permutationIndex:0/run:22/dialer:center/eavesCount:0/latencyMS:100/seq:9/fileSize:153600/nodeType:Passive/nodeTypeIndex:6/meta:dup_data_rcvd","measures":{"value":0}}
{"ts":1669476241670314741,"type":"point","name":"exType:baseline/permutationIndex:0/run:22/dialer:center/eavesCount:0/latencyMS:100/seq:9/fileSize:153600/nodeType:Passive/nodeTypeIndex:6/meta:blks_sent","measures":{"value":0}}
{"ts":1669476241670317180,"type":"point","name":"exType:baseline/permutationIndex:0/run:22/dialer:center/eavesCount:0/latencyMS:100/seq:9/fileSize:153600/nodeType:Passive/nodeTypeIndex:6/meta:blks_rcvd","measures":{"value":0}}
{"ts":1669476241670319473,"type":"point","name":"exType:baseline/permutationIndex:0/run:22/dialer:center/eavesCount:0/latencyMS:100/seq:9/fileSize:153600/nodeType:Passive/nodeTypeIndex:6/meta:dup_blks_rcvd","measures":{"value":0}}
{"ts":1669476244381979601,"type":"point","name":"exType:baseline/permutationIndex:0/run:23/dialer:center/eavesCount:0/latencyMS:100/seq:9/fileSize:153600/nodeType:Passive/nodeTypeIndex:6/meta:msgs_rcvd","measures":{"value":101}}
{"ts":1669476244382066404,"type":"point","name":"exType:baseline/permutationIndex:0/run:23/dialer:center/eavesCount:0/latencyMS:100/seq:9/fileSize:153600/nodeType:Passive/nodeTypeIndex:6/meta:data_sent","measures":{"value":0}}
{"ts":1669476244382103852,"type":"point","name":"exType:baseline/permutationIndex:0/run:23/dialer:center/eavesCount:0/latencyMS:100/seq:9/fileSize:153600/nodeType:Passive/nodeTypeIndex:6/meta:data_rcvd","measures":{"value":0}}
{"ts":1669476244382129387,"type":"point","name":"exType:baseline/permutationIndex:0/run:23/dialer:center/eavesCount:0/latencyMS:100/seq:9/fileSize:153600/nodeType:Passive/nodeTypeIndex:6/meta:dup_data_rcvd","measures":{"value":0}}
{"ts":1669476244382149016,"type":"point","name":"exType:baseline/permutationIndex:0/run:23/dialer:center/eavesCount:0/latencyMS:100/seq:9/fileSize:153600/nodeType:Passive/nodeTypeIndex:6/meta:blks_sent","measures":{"value":0}}
{"ts":1669476244382167871,"type":"point","name":"exType:baseline/permutationIndex:0/run:23/dialer:center/eavesCount:0/latencyMS:100/seq:9/fileSize:153600/nodeType:Passive/nodeTypeIndex:6/meta:blks_rcvd","measures":{"value":0}}
{"ts":1669476244382188451,"type":"point","name":"exType:baseline/permutationIndex:0/run:23/dialer:center/eavesCount:0/latencyMS:100/seq:9/fileSize:153600/nodeType:Passive/nodeTypeIndex:6/meta:dup_blks_rcvd","measures":{"value":0}}
{"ts":1669476247292532301,"type":"point","name":"exType:baseline/permutationIndex:0/run:24/dialer:center/eavesCount:0/latencyMS:100/seq:9/fileSize:153600/nodeType:Passive/nodeTypeIndex:6/meta:msgs_rcvd","measures":{"value":88}}
{"ts":1669476247292616645,"type":"point","name":"exType:baseline/permutationIndex:0/run:24/dialer:center/eavesCount:0/latencyMS:100/seq:9/fileSize:153600/nodeType:Passive/nodeTypeIndex:6/meta:data_sent","measures":{"value":0}}
{"ts":1669476247292634118,"type":"point","name":"exType:baseline/permutationIndex:0/run:24/dialer:center/eavesCount:0/latencyMS:100/seq:9/fileSize:153600/nodeType:Passive/nodeTypeIndex:6/meta:data_rcvd","measures":{"value":0}}
{"ts":1669476247292645571,"type":"point","name":"exType:baseline/permutationIndex:0/run:24/dialer:center/eavesCount:0/latencyMS:100/seq:9/fileSize:153600/nodeType:Passive/nodeTypeIndex:6/meta:dup_data_rcvd","measures":{"value":0}}
{"ts":1669476247292658629,"type":"point","name":"exType:baseline/permutationIndex:0/run:24/dialer:center/eavesCount:0/latencyMS:100/seq:9/fileSize:153600/nodeType:Passive/nodeTypeIndex:6/meta:blks_sent","measures":{"value":0}}
{"ts":1669476247292672237,"type":"point","name":"exType:baseline/permutationIndex:0/run:24/dialer:center/eavesCount:0/latencyMS:100/seq:9/fileSize:153600/nodeType:Passive/nodeTypeIndex:6/meta:blks_rcvd","measures":{"value":0}}
{"ts":1669476247292685580,"type":"point","name":"exType:baseline/permutationIndex:0/run:24/dialer:center/eavesCount:0/latencyMS:100/seq:9/fileSize:153600/nodeType:Passive/nodeTypeIndex:6/meta:dup_blks_rcvd","measures":{"value":0}}
{"ts":1669476250166761145,"type":"point","name":"exType:baseline/permutationIndex:0/run:25/dialer:center/eavesCount:0/latencyMS:100/seq:9/fileSize:153600/nodeType:Passive/nodeTypeIndex:6/meta:msgs_rcvd","measures":{"value":20}}
{"ts":1669476250166874609,"type":"point","name":"exType:baseline/permutationIndex:0/run:25/dialer:center/eavesCount:0/latencyMS:100/seq:9/fileSize:153600/nodeType:Passive/nodeTypeIndex:6/meta:data_sent","measures":{"value":0}}
{"ts":1669476250167022797,"type":"point","name":"exType:baseline/permutationIndex:0/run:25/dialer:center/eavesCount:0/latencyMS:100/seq:9/fileSize:153600/nodeType:Passive/nodeTypeIndex:6/meta:data_rcvd","measures":{"value":0}}
{"ts":1669476250167045777,"type":"point","name":"exType:baseline/permutationIndex:0/run:25/dialer:center/eavesCount:0/latencyMS:100/seq:9/fileSize:153600/nodeType:Passive/nodeTypeIndex:6/meta:dup_data_rcvd","measures":{"value":0}}
{"ts":1669476250167066268,"type":"point","name":"exType:baseline/permutationIndex:0/run:25/dialer:center/eavesCount:0/latencyMS:100/seq:9/fileSize:153600/nodeType:Passive/nodeTypeIndex:6/meta:blks_sent","measures":{"value":0}}
{"ts":1669476250167085767,"type":"point","name":"exType:baseline/permutationIndex:0/run:25/dialer:center/eavesCount:0/latencyMS:100/seq:9/fileSize:153600/nodeType:Passive/nodeTypeIndex:6/meta:blks_rcvd","measures":{"value":0}}
{"ts":1669476250167105036,"type":"point","name":"exType:baseline/permutationIndex:0/run:25/dialer:center/eavesCount:0/latencyMS:100/seq:9/fileSize:153600/nodeType:Passive/nodeTypeIndex:6/meta:dup_blks_rcvd","measures":{"value":0}}
{"ts":1669476252885476517,"type":"point","name":"exType:baseline/permutationIndex:0/run:26/dialer:center/eavesCount:0/latencyMS:100/seq:9/fileSize:153600/nodeType:Passive/nodeTypeIndex:6/meta:msgs_rcvd","measures":{"value":64}}
{"ts":1669476252885513696,"type":"point","name":"exType:baseline/permutationIndex:0/run:26/dialer:center/eavesCount:0/latencyMS:100/seq:9/fileSize:153600/nodeType:Passive/nodeTypeIndex:6/meta:data_sent","measures":{"value":0}}
{"ts":1669476252885526449,"type":"point","name":"exType:baseline/permutationIndex:0/run:26/dialer:center/eavesCount:0/latencyMS:100/seq:9/fileSize:153600/nodeType:Passive/nodeTypeIndex:6/meta:data_rcvd","measures":{"value":0}}
{"ts":1669476252885535107,"type":"point","name":"exType:baseline/permutationIndex:0/run:26/dialer:center/eavesCount:0/latencyMS:100/seq:9/fileSize:153600/nodeType:Passive/nodeTypeIndex:6/meta:dup_data_rcvd","measures":{"value":0}}
{"ts":1669476252885543086,"type":"point","name":"exType:baseline/permutationIndex:0/run:26/dialer:center/eavesCount:0/latencyMS:100/seq:9/fileSize:153600/nodeType:Passive/nodeTypeIndex:6/meta:blks_sent","measures":{"value":0}}
{"ts":1669476252885570218,"type":"point","name":"exType:baseline/permutationIndex:0/run:26/dialer:center/eavesCount:0/latencyMS:100/seq:9/fileSize:153600/nodeType:Passive/nodeTypeIndex:6/meta:blks_rcvd","measures":{"value":0}}
{"ts":1669476252885580336,"type":"point","name":"exType:baseline/permutationIndex:0/run:26/dialer:center/eavesCount:0/latencyMS:100/seq:9/fileSize:153600/nodeType:Passive/nodeTypeIndex:6/meta:dup_blks_rcvd","measures":{"value":0}}
{"ts":1669476256096653694,"type":"point","name":"exType:baseline/permutationIndex:0/run:27/dialer:center/eavesCount:0/latencyMS:100/seq:9/fileSize:153600/nodeType:Passive/nodeTypeIndex:6/meta:msgs_rcvd","measures":{"value":85}}
{"ts":1669476256096770658,"type":"point","name":"exType:baseline/permutationIndex:0/run:27/dialer:center/eavesCount:0/latencyMS:100/seq:9/fileSize:153600/nodeType:Passive/nodeTypeIndex:6/meta:data_sent","measures":{"value":0}}
{"ts":1669476256096809999,"type":"point","name":"exType:baseline/permutationIndex:0/run:27/dialer:center/eavesCount:0/latencyMS:100/seq:9/fileSize:153600/nodeType:Passive/nodeTypeIndex:6/meta:data_rcvd","measures":{"value":0}}
{"ts":1669476256096831815,"type":"point","name":"exType:baseline/permutationIndex:0/run:27/dialer:center/eavesCount:0/latencyMS:100/seq:9/fileSize:153600/nodeType:Passive/nodeTypeIndex:6/meta:dup_data_rcvd","measures":{"value":0}}
{"ts":1669476256096854999,"type":"point","name":"exType:baseline/permutationIndex:0/run:27/dialer:center/eavesCount:0/latencyMS:100/seq:9/fileSize:153600/nodeType:Passive/nodeTypeIndex:6/meta:blks_sent","measures":{"value":0}}
{"ts":1669476256096873947,"type":"point","name":"exType:baseline/permutationIndex:0/run:27/dialer:center/eavesCount:0/latencyMS:100/seq:9/fileSize:153600/nodeType:Passive/nodeTypeIndex:6/meta:blks_rcvd","measures":{"value":0}}
{"ts":1669476256096891597,"type":"point","name":"exType:baseline/permutationIndex:0/run:27/dialer:center/eavesCount:0/latencyMS:100/seq:9/fileSize:153600/nodeType:Passive/nodeTypeIndex:6/meta:dup_blks_rcvd","measures":{"value":0}}
{"ts":1669476258989269034,"type":"point","name":"exType:baseline/permutationIndex:0/run:28/dialer:center/eavesCount:0/latencyMS:100/seq:9/fileSize:153600/nodeType:Passive/nodeTypeIndex:6/meta:msgs_rcvd","measures":{"value":88}}
{"ts":1669476258989411623,"type":"point","name":"exType:baseline/permutationIndex:0/run:28/dialer:center/eavesCount:0/latencyMS:100/seq:9/fileSize:153600/nodeType:Passive/nodeTypeIndex:6/meta:data_sent","measures":{"value":0}}
{"ts":1669476258989445029,"type":"point","name":"exType:baseline/permutationIndex:0/run:28/dialer:center/eavesCount:0/latencyMS:100/seq:9/fileSize:153600/nodeType:Passive/nodeTypeIndex:6/meta:data_rcvd","measures":{"value":0}}
{"ts":1669476258989467162,"type":"point","name":"exType:baseline/permutationIndex:0/run:28/dialer:center/eavesCount:0/latencyMS:100/seq:9/fileSize:153600/nodeType:Passive/nodeTypeIndex:6/meta:dup_data_rcvd","measures":{"value":0}}
{"ts":1669476258989487234,"type":"point","name":"exType:baseline/permutationIndex:0/run:28/dialer:center/eavesCount:0/latencyMS:100/seq:9/fileSize:153600/nodeType:Passive/nodeTypeIndex:6/meta:blks_sent","measures":{"value":0}}
{"ts":1669476258989511215,"type":"point","name":"exType:baseline/permutationIndex:0/run:28/dialer:center/eavesCount:0/latencyMS:100/seq:9/fileSize:153600/nodeType:Passive/nodeTypeIndex:6/meta:blks_rcvd","measures":{"value":0}}
{"ts":1669476258989531098,"type":"point","name":"exType:baseline/permutationIndex:0/run:28/dialer:center/eavesCount:0/latencyMS:100/seq:9/fileSize:153600/nodeType:Passive/nodeTypeIndex:6/meta:dup_blks_rcvd","measures":{"value":0}}
{"ts":1669476262441382121,"type":"point","name":"exType:baseline/permutationIndex:0/run:29/dialer:center/eavesCount:0/latencyMS:100/seq:9/fileSize:153600/nodeType:Passive/nodeTypeIndex:6/meta:msgs_rcvd","measures":{"value":83}}
{"ts":1669476262441418319,"type":"point","name":"exType:baseline/permutationIndex:0/run:29/dialer:center/eavesCount:0/latencyMS:100/seq:9/fileSize:153600/nodeType:Passive/nodeTypeIndex:6/meta:data_sent","measures":{"value":0}}
{"ts":1669476262441439004,"type":"point","name":"exType:baseline/permutationIndex:0/run:29/dialer:center/eavesCount:0/latencyMS:100/seq:9/fileSize:153600/nodeType:Passive/nodeTypeIndex:6/meta:data_rcvd","measures":{"value":0}}
{"ts":1669476262441446411,"type":"point","name":"exType:baseline/permutationIndex:0/run:29/dialer:center/eavesCount:0/latencyMS:100/seq:9/fileSize:153600/nodeType:Passive/nodeTypeIndex:6/meta:dup_data_rcvd","measures":{"value":0}}
{"ts":1669476262441452013,"type":"point","name":"exType:baseline/permutationIndex:0/run:29/dialer:center/eavesCount:0/latencyMS:100/seq:9/fileSize:153600/nodeType:Passive/nodeTypeIndex:6/meta:blks_sent","measures":{"value":0}}
{"ts":1669476262441457635,"type":"point","name":"exType:baseline/permutationIndex:0/run:29/dialer:center/eavesCount:0/latencyMS:100/seq:9/fileSize:153600/nodeType:Passive/nodeTypeIndex:6/meta:blks_rcvd","measures":{"value":0}}
{"ts":1669476262441463087,"type":"point","name":"exType:baseline/permutationIndex:0/run:29/dialer:center/eavesCount:0/latencyMS:100/seq:9/fileSize:153600/nodeType:Passive/nodeTypeIndex:6/meta:dup_blks_rcvd","measures":{"value":0}}
{"ts":1669476265313690906,"type":"point","name":"exType:baseline/permutationIndex:0/run:30/dialer:center/eavesCount:0/latencyMS:100/seq:9/fileSize:153600/nodeType:Passive/nodeTypeIndex:6/meta:msgs_rcvd","measures":{"value":53}}
{"ts":1669476265313789341,"type":"point","name":"exType:baseline/permutationIndex:0/run:30/dialer:center/eavesCount:0/latencyMS:100/seq:9/fileSize:153600/nodeType:Passive/nodeTypeIndex:6/meta:data_sent","measures":{"value":0}}
{"ts":1669476265313819569,"type":"point","name":"exType:baseline/permutationIndex:0/run:30/dialer:center/eavesCount:0/latencyMS:100/seq:9/fileSize:153600/nodeType:Passive/nodeTypeIndex:6/meta:data_rcvd","measures":{"value":0}}
{"ts":1669476265313841555,"type":"point","name":"exType:baseline/permutationIndex:0/run:30/dialer:center/eavesCount:0/latencyMS:100/seq:9/fileSize:153600/nodeType:Passive/nodeTypeIndex:6/meta:dup_data_rcvd","measures":{"value":0}}
{"ts":1669476265313861783,"type":"point","name":"exType:baseline/permutationIndex:0/run:30/dialer:center/eavesCount:0/latencyMS:100/seq:9/fileSize:153600/nodeType:Passive/nodeTypeIndex:6/meta:blks_sent","measures":{"value":0}}
{"ts":1669476265313880738,"type":"point","name":"exType:baseline/permutationIndex:0/run:30/dialer:center/eavesCount:0/latencyMS:100/seq:9/fileSize:153600/nodeType:Passive/nodeTypeIndex:6/meta:blks_rcvd","measures":{"value":0}}
{"ts":1669476265313899773,"type":"point","name":"exType:baseline/permutationIndex:0/run:30/dialer:center/eavesCount:0/latencyMS:100/seq:9/fileSize:153600/nodeType:Passive/nodeTypeIndex:6/meta:dup_blks_rcvd","measures":{"value":0}}
{"ts":1669476267919705539,"type":"point","name":"exType:baseline/permutationIndex:0/run:31/dialer:center/eavesCount:0/latencyMS:100/seq:9/fileSize:153600/nodeType:Passive/nodeTypeIndex:6/meta:msgs_rcvd","measures":{"value":40}}
{"ts":1669476267919732403,"type":"point","name":"exType:baseline/permutationIndex:0/run:31/dialer:center/eavesCount:0/latencyMS:100/seq:9/fileSize:153600/nodeType:Passive/nodeTypeIndex:6/meta:data_sent","measures":{"value":0}}
{"ts":1669476267919740567,"type":"point","name":"exType:baseline/permutationIndex:0/run:31/dialer:center/eavesCount:0/latencyMS:100/seq:9/fileSize:153600/nodeType:Passive/nodeTypeIndex:6/meta:data_rcvd","measures":{"value":0}}
{"ts":1669476267919744663,"type":"point","name":"exType:baseline/permutationIndex:0/run:31/dialer:center/eavesCount:0/latencyMS:100/seq:9/fileSize:153600/nodeType:Passive/nodeTypeIndex:6/meta:dup_data_rcvd","measures":{"value":0}}
{"ts":1669476267919748099,"type":"point","name":"exType:baseline/permutationIndex:0/run:31/dialer:center/eavesCount:0/latencyMS:100/seq:9/fileSize:153600/nodeType:Passive/nodeTypeIndex:6/meta:blks_sent","measures":{"value":0}}
{"ts":1669476267919752258,"type":"point","name":"exType:baseline/permutationIndex:0/run:31/dialer:center/eavesCount:0/latencyMS:100/seq:9/fileSize:153600/nodeType:Passive/nodeTypeIndex:6/meta:blks_rcvd","measures":{"value":0}}
{"ts":1669476267919764570,"type":"point","name":"exType:baseline/permutationIndex:0/run:31/dialer:center/eavesCount:0/latencyMS:100/seq:9/fileSize:153600/nodeType:Passive/nodeTypeIndex:6/meta:dup_blks_rcvd","measures":{"value":0}}
{"ts":1669476270636001479,"type":"point","name":"exType:baseline/permutationIndex:0/run:32/dialer:center/eavesCount:0/latencyMS:100/seq:9/fileSize:153600/nodeType:Passive/nodeTypeIndex:6/meta:msgs_rcvd","measures":{"value":79}}
{"ts":1669476270636119696,"type":"point","name":"exType:baseline/permutationIndex:0/run:32/dialer:center/eavesCount:0/latencyMS:100/seq:9/fileSize:153600/nodeType:Passive/nodeTypeIndex:6/meta:data_sent","measures":{"value":0}}
{"ts":1669476270636148948,"type":"point","name":"exType:baseline/permutationIndex:0/run:32/dialer:center/eavesCount:0/latencyMS:100/seq:9/fileSize:153600/nodeType:Passive/nodeTypeIndex:6/meta:data_rcvd","measures":{"value":0}}
{"ts":1669476270636170192,"type":"point","name":"exType:baseline/permutationIndex:0/run:32/dialer:center/eavesCount:0/latencyMS:100/seq:9/fileSize:153600/nodeType:Passive/nodeTypeIndex:6/meta:dup_data_rcvd","measures":{"value":0}}
{"ts":1669476270636189737,"type":"point","name":"exType:baseline/permutationIndex:0/run:32/dialer:center/eavesCount:0/latencyMS:100/seq:9/fileSize:153600/nodeType:Passive/nodeTypeIndex:6/meta:blks_sent","measures":{"value":0}}
{"ts":1669476270636211291,"type":"point","name":"exType:baseline/permutationIndex:0/run:32/dialer:center/eavesCount:0/latencyMS:100/seq:9/fileSize:153600/nodeType:Passive/nodeTypeIndex:6/meta:blks_rcvd","measures":{"value":0}}
{"ts":1669476270636231652,"type":"point","name":"exType:baseline/permutationIndex:0/run:32/dialer:center/eavesCount:0/latencyMS:100/seq:9/fileSize:153600/nodeType:Passive/nodeTypeIndex:6/meta:dup_blks_rcvd","measures":{"value":0}}
{"ts":1669476273531264731,"type":"point","name":"exType:baseline/permutationIndex:0/run:33/dialer:center/eavesCount:0/latencyMS:100/seq:9/fileSize:153600/nodeType:Passive/nodeTypeIndex:6/meta:msgs_rcvd","measures":{"value":82}}
{"ts":1669476273531288561,"type":"point","name":"exType:baseline/permutationIndex:0/run:33/dialer:center/eavesCount:0/latencyMS:100/seq:9/fileSize:153600/nodeType:Passive/nodeTypeIndex:6/meta:data_sent","measures":{"value":0}}
{"ts":1669476273531294732,"type":"point","name":"exType:baseline/permutationIndex:0/run:33/dialer:center/eavesCount:0/latencyMS:100/seq:9/fileSize:153600/nodeType:Passive/nodeTypeIndex:6/meta:data_rcvd","measures":{"value":0}}
{"ts":1669476273531298405,"type":"point","name":"exType:baseline/permutationIndex:0/run:33/dialer:center/eavesCount:0/latencyMS:100/seq:9/fileSize:153600/nodeType:Passive/nodeTypeIndex:6/meta:dup_data_rcvd","measures":{"value":0}}
{"ts":1669476273531301739,"type":"point","name":"exType:baseline/permutationIndex:0/run:33/dialer:center/eavesCount:0/latencyMS:100/seq:9/fileSize:153600/nodeType:Passive/nodeTypeIndex:6/meta:blks_sent","measures":{"value":0}}
{"ts":1669476273531305042,"type":"point","name":"exType:baseline/permutationIndex:0/run:33/dialer:center/eavesCount:0/latencyMS:100/seq:9/fileSize:153600/nodeType:Passive/nodeTypeIndex:6/meta:blks_rcvd","measures":{"value":0}}
{"ts":1669476273531308780,"type":"point","name":"exType:baseline/permutationIndex:0/run:33/dialer:center/eavesCount:0/latencyMS:100/seq:9/fileSize:153600/nodeType:Passive/nodeTypeIndex:6/meta:dup_blks_rcvd","measures":{"value":0}}
{"ts":1669476276424149305,"type":"point","name":"exType:baseline/permutationIndex:0/run:34/dialer:center/eavesCount:0/latencyMS:100/seq:9/fileSize:153600/nodeType:Passive/nodeTypeIndex:6/meta:msgs_rcvd","measures":{"value":79}}
{"ts":1669476276424165636,"type":"point","name":"exType:baseline/permutationIndex:0/run:34/dialer:center/eavesCount:0/latencyMS:100/seq:9/fileSize:153600/nodeType:Passive/nodeTypeIndex:6/meta:data_sent","measures":{"value":0}}
{"ts":1669476276424169330,"type":"point","name":"exType:baseline/permutationIndex:0/run:34/dialer:center/eavesCount:0/latencyMS:100/seq:9/fileSize:153600/nodeType:Passive/nodeTypeIndex:6/meta:data_rcvd","measures":{"value":0}}
{"ts":1669476276424178758,"type":"point","name":"exType:baseline/permutationIndex:0/run:34/dialer:center/eavesCount:0/latencyMS:100/seq:9/fileSize:153600/nodeType:Passive/nodeTypeIndex:6/meta:dup_data_rcvd","measures":{"value":0}}
{"ts":1669476276424181679,"type":"point","name":"exType:baseline/permutationIndex:0/run:34/dialer:center/eavesCount:0/latencyMS:100/seq:9/fileSize:153600/nodeType:Passive/nodeTypeIndex:6/meta:blks_sent","measures":{"value":0}}
{"ts":1669476276424184232,"type":"point","name":"exType:baseline/permutationIndex:0/run:34/dialer:center/eavesCount:0/latencyMS:100/seq:9/fileSize:153600/nodeType:Passive/nodeTypeIndex:6/meta:blks_rcvd","measures":{"value":0}}
{"ts":1669476276424186742,"type":"point","name":"exType:baseline/permutationIndex:0/run:34/dialer:center/eavesCount:0/latencyMS:100/seq:9/fileSize:153600/nodeType:Passive/nodeTypeIndex:6/meta:dup_blks_rcvd","measures":{"value":0}}
{"ts":1669476279292827140,"type":"point","name":"exType:baseline/permutationIndex:0/run:35/dialer:center/eavesCount:0/latencyMS:100/seq:9/fileSize:153600/nodeType:Passive/nodeTypeIndex:6/meta:msgs_rcvd","measures":{"value":42}}
{"ts":1669476279292931919,"type":"point","name":"exType:baseline/permutationIndex:0/run:35/dialer:center/eavesCount:0/latencyMS:100/seq:9/fileSize:153600/nodeType:Passive/nodeTypeIndex:6/meta:data_sent","measures":{"value":0}}
{"ts":1669476279292961127,"type":"point","name":"exType:baseline/permutationIndex:0/run:35/dialer:center/eavesCount:0/latencyMS:100/seq:9/fileSize:153600/nodeType:Passive/nodeTypeIndex:6/meta:data_rcvd","measures":{"value":0}}
{"ts":1669476279292981752,"type":"point","name":"exType:baseline/permutationIndex:0/run:35/dialer:center/eavesCount:0/latencyMS:100/seq:9/fileSize:153600/nodeType:Passive/nodeTypeIndex:6/meta:dup_data_rcvd","measures":{"value":0}}
{"ts":1669476279293001835,"type":"point","name":"exType:baseline/permutationIndex:0/run:35/dialer:center/eavesCount:0/latencyMS:100/seq:9/fileSize:153600/nodeType:Passive/nodeTypeIndex:6/meta:blks_sent","measures":{"value":0}}
{"ts":1669476279293024423,"type":"point","name":"exType:baseline/permutationIndex:0/run:35/dialer:center/eavesCount:0/latencyMS:100/seq:9/fileSize:153600/nodeType:Passive/nodeTypeIndex:6/meta:blks_rcvd","measures":{"value":0}}
{"ts":1669476279293047118,"type":"point","name":"exType:baseline/permutationIndex:0/run:35/dialer:center/eavesCount:0/latencyMS:100/seq:9/fileSize:153600/nodeType:Passive/nodeTypeIndex:6/meta:dup_blks_rcvd","measures":{"value":0}}
{"ts":1669476281962600393,"type":"point","name":"exType:baseline/permutationIndex:0/run:36/dialer:center/eavesCount:0/latencyMS:100/seq:9/fileSize:153600/nodeType:Passive/nodeTypeIndex:6/meta:msgs_rcvd","measures":{"value":48}}
{"ts":1669476281962619021,"type":"point","name":"exType:baseline/permutationIndex:0/run:36/dialer:center/eavesCount:0/latencyMS:100/seq:9/fileSize:153600/nodeType:Passive/nodeTypeIndex:6/meta:data_sent","measures":{"value":0}}
{"ts":1669476281962623380,"type":"point","name":"exType:baseline/permutationIndex:0/run:36/dialer:center/eavesCount:0/latencyMS:100/seq:9/fileSize:153600/nodeType:Passive/nodeTypeIndex:6/meta:data_rcvd","measures":{"value":0}}
{"ts":1669476281962626338,"type":"point","name":"exType:baseline/permutationIndex:0/run:36/dialer:center/eavesCount:0/latencyMS:100/seq:9/fileSize:153600/nodeType:Passive/nodeTypeIndex:6/meta:dup_data_rcvd","measures":{"value":0}}
{"ts":1669476281962629864,"type":"point","name":"exType:baseline/permutationIndex:0/run:36/dialer:center/eavesCount:0/latencyMS:100/seq:9/fileSize:153600/nodeType:Passive/nodeTypeIndex:6/meta:blks_sent","measures":{"value":0}}
{"ts":1669476281962633110,"type":"point","name":"exType:baseline/permutationIndex:0/run:36/dialer:center/eavesCount:0/latencyMS:100/seq:9/fileSize:153600/nodeType:Passive/nodeTypeIndex:6/meta:blks_rcvd","measures":{"value":0}}
{"ts":1669476281962636665,"type":"point","name":"exType:baseline/permutationIndex:0/run:36/dialer:center/eavesCount:0/latencyMS:100/seq:9/fileSize:153600/nodeType:Passive/nodeTypeIndex:6/meta:dup_blks_rcvd","measures":{"value":0}}
{"ts":1669476285052400511,"type":"point","name":"exType:baseline/permutationIndex:0/run:37/dialer:center/eavesCount:0/latencyMS:100/seq:9/fileSize:153600/nodeType:Passive/nodeTypeIndex:6/meta:msgs_rcvd","measures":{"value":46}}
{"ts":1669476285052513359,"type":"point","name":"exType:baseline/permutationIndex:0/run:37/dialer:center/eavesCount:0/latencyMS:100/seq:9/fileSize:153600/nodeType:Passive/nodeTypeIndex:6/meta:data_sent","measures":{"value":0}}
{"ts":1669476285052543269,"type":"point","name":"exType:baseline/permutationIndex:0/run:37/dialer:center/eavesCount:0/latencyMS:100/seq:9/fileSize:153600/nodeType:Passive/nodeTypeIndex:6/meta:data_rcvd","measures":{"value":0}}
{"ts":1669476285052564962,"type":"point","name":"exType:baseline/permutationIndex:0/run:37/dialer:center/eavesCount:0/latencyMS:100/seq:9/fileSize:153600/nodeType:Passive/nodeTypeIndex:6/meta:dup_data_rcvd","measures":{"value":0}}
{"ts":1669476285052578035,"type":"point","name":"exType:baseline/permutationIndex:0/run:37/dialer:center/eavesCount:0/latencyMS:100/seq:9/fileSize:153600/nodeType:Passive/nodeTypeIndex:6/meta:blks_sent","measures":{"value":0}}
{"ts":1669476285052590509,"type":"point","name":"exType:baseline/permutationIndex:0/run:37/dialer:center/eavesCount:0/latencyMS:100/seq:9/fileSize:153600/nodeType:Passive/nodeTypeIndex:6/meta:blks_rcvd","measures":{"value":0}}
{"ts":1669476285052602784,"type":"point","name":"exType:baseline/permutationIndex:0/run:37/dialer:center/eavesCount:0/latencyMS:100/seq:9/fileSize:153600/nodeType:Passive/nodeTypeIndex:6/meta:dup_blks_rcvd","measures":{"value":0}}
{"ts":1669476287789518138,"type":"point","name":"exType:baseline/permutationIndex:0/run:38/dialer:center/eavesCount:0/latencyMS:100/seq:9/fileSize:153600/nodeType:Passive/nodeTypeIndex:6/meta:msgs_rcvd","measures":{"value":100}}
{"ts":1669476287789535556,"type":"point","name":"exType:baseline/permutationIndex:0/run:38/dialer:center/eavesCount:0/latencyMS:100/seq:9/fileSize:153600/nodeType:Passive/nodeTypeIndex:6/meta:data_sent","measures":{"value":0}}
{"ts":1669476287789538703,"type":"point","name":"exType:baseline/permutationIndex:0/run:38/dialer:center/eavesCount:0/latencyMS:100/seq:9/fileSize:153600/nodeType:Passive/nodeTypeIndex:6/meta:data_rcvd","measures":{"value":0}}
{"ts":1669476287789541336,"type":"point","name":"exType:baseline/permutationIndex:0/run:38/dialer:center/eavesCount:0/latencyMS:100/seq:9/fileSize:153600/nodeType:Passive/nodeTypeIndex:6/meta:dup_data_rcvd","measures":{"value":0}}
{"ts":1669476287789544375,"type":"point","name":"exType:baseline/permutationIndex:0/run:38/dialer:center/eavesCount:0/latencyMS:100/seq:9/fileSize:153600/nodeType:Passive/nodeTypeIndex:6/meta:blks_sent","measures":{"value":0}}
{"ts":1669476287789547044,"type":"point","name":"exType:baseline/permutationIndex:0/run:38/dialer:center/eavesCount:0/latencyMS:100/seq:9/fileSize:153600/nodeType:Passive/nodeTypeIndex:6/meta:blks_rcvd","measures":{"value":0}}
{"ts":1669476287789549831,"type":"point","name":"exType:baseline/permutationIndex:0/run:38/dialer:center/eavesCount:0/latencyMS:100/seq:9/fileSize:153600/nodeType:Passive/nodeTypeIndex:6/meta:dup_blks_rcvd","measures":{"value":0}}
{"ts":1669476290699564417,"type":"point","name":"exType:baseline/permutationIndex:0/run:39/dialer:center/eavesCount:0/latencyMS:100/seq:9/fileSize:153600/nodeType:Passive/nodeTypeIndex:6/meta:msgs_rcvd","measures":{"value":63}}
{"ts":1669476290699657295,"type":"point","name":"exType:baseline/permutationIndex:0/run:39/dialer:center/eavesCount:0/latencyMS:100/seq:9/fileSize:153600/nodeType:Passive/nodeTypeIndex:6/meta:data_sent","measures":{"value":0}}
{"ts":1669476290699688679,"type":"point","name":"exType:baseline/permutationIndex:0/run:39/dialer:center/eavesCount:0/latencyMS:100/seq:9/fileSize:153600/nodeType:Passive/nodeTypeIndex:6/meta:data_rcvd","measures":{"value":0}}
{"ts":1669476290699708828,"type":"point","name":"exType:baseline/permutationIndex:0/run:39/dialer:center/eavesCount:0/latencyMS:100/seq:9/fileSize:153600/nodeType:Passive/nodeTypeIndex:6/meta:dup_data_rcvd","measures":{"value":0}}
{"ts":1669476290699763000,"type":"point","name":"exType:baseline/permutationIndex:0/run:39/dialer:center/eavesCount:0/latencyMS:100/seq:9/fileSize:153600/nodeType:Passive/nodeTypeIndex:6/meta:blks_sent","measures":{"value":0}}
{"ts":1669476290699785786,"type":"point","name":"exType:baseline/permutationIndex:0/run:39/dialer:center/eavesCount:0/latencyMS:100/seq:9/fileSize:153600/nodeType:Passive/nodeTypeIndex:6/meta:blks_rcvd","measures":{"value":0}}
{"ts":1669476290699806777,"type":"point","name":"exType:baseline/permutationIndex:0/run:39/dialer:center/eavesCount:0/latencyMS:100/seq:9/fileSize:153600/nodeType:Passive/nodeTypeIndex:6/meta:dup_blks_rcvd","measures":{"value":0}}
{"ts":1669476293803320035,"type":"point","name":"exType:baseline/permutationIndex:0/run:40/dialer:center/eavesCount:0/latencyMS:100/seq:9/fileSize:153600/nodeType:Passive/nodeTypeIndex:6/meta:msgs_rcvd","measures":{"value":59}}
{"ts":1669476293803409219,"type":"point","name":"exType:baseline/permutationIndex:0/run:40/dialer:center/eavesCount:0/latencyMS:100/seq:9/fileSize:153600/nodeType:Passive/nodeTypeIndex:6/meta:data_sent","measures":{"value":0}}
{"ts":1669476293803437782,"type":"point","name":"exType:baseline/permutationIndex:0/run:40/dialer:center/eavesCount:0/latencyMS:100/seq:9/fileSize:153600/nodeType:Passive/nodeTypeIndex:6/meta:data_rcvd","measures":{"value":0}}
{"ts":1669476293803459151,"type":"point","name":"exType:baseline/permutationIndex:0/run:40/dialer:center/eavesCount:0/latencyMS:100/seq:9/fileSize:153600/nodeType:Passive/nodeTypeIndex:6/meta:dup_data_rcvd","measures":{"value":0}}
{"ts":1669476293803477054,"type":"point","name":"exType:baseline/permutationIndex:0/run:40/dialer:center/eavesCount:0/latencyMS:100/seq:9/fileSize:153600/nodeType:Passive/nodeTypeIndex:6/meta:blks_sent","measures":{"value":0}}
{"ts":1669476293803495736,"type":"point","name":"exType:baseline/permutationIndex:0/run:40/dialer:center/eavesCount:0/latencyMS:100/seq:9/fileSize:153600/nodeType:Passive/nodeTypeIndex:6/meta:blks_rcvd","measures":{"value":0}}
{"ts":1669476293803513935,"type":"point","name":"exType:baseline/permutationIndex:0/run:40/dialer:center/eavesCount:0/latencyMS:100/seq:9/fileSize:153600/nodeType:Passive/nodeTypeIndex:6/meta:dup_blks_rcvd","measures":{"value":0}}
{"ts":1669476296427018717,"type":"point","name":"exType:baseline/permutationIndex:0/run:41/dialer:center/eavesCount:0/latencyMS:100/seq:9/fileSize:153600/nodeType:Passive/nodeTypeIndex:6/meta:msgs_rcvd","measures":{"value":48}}
{"ts":1669476296427046205,"type":"point","name":"exType:baseline/permutationIndex:0/run:41/dialer:center/eavesCount:0/latencyMS:100/seq:9/fileSize:153600/nodeType:Passive/nodeTypeIndex:6/meta:data_sent","measures":{"value":0}}
{"ts":1669476296427053974,"type":"point","name":"exType:baseline/permutationIndex:0/run:41/dialer:center/eavesCount:0/latencyMS:100/seq:9/fileSize:153600/nodeType:Passive/nodeTypeIndex:6/meta:data_rcvd","measures":{"value":0}}
{"ts":1669476296427060825,"type":"point","name":"exType:baseline/permutationIndex:0/run:41/dialer:center/eavesCount:0/latencyMS:100/seq:9/fileSize:153600/nodeType:Passive/nodeTypeIndex:6/meta:dup_data_rcvd","measures":{"value":0}}
{"ts":1669476296427065422,"type":"point","name":"exType:baseline/permutationIndex:0/run:41/dialer:center/eavesCount:0/latencyMS:100/seq:9/fileSize:153600/nodeType:Passive/nodeTypeIndex:6/meta:blks_sent","measures":{"value":0}}
{"ts":1669476296427070953,"type":"point","name":"exType:baseline/permutationIndex:0/run:41/dialer:center/eavesCount:0/latencyMS:100/seq:9/fileSize:153600/nodeType:Passive/nodeTypeIndex:6/meta:blks_rcvd","measures":{"value":0}}
{"ts":1669476296427075902,"type":"point","name":"exType:baseline/permutationIndex:0/run:41/dialer:center/eavesCount:0/latencyMS:100/seq:9/fileSize:153600/nodeType:Passive/nodeTypeIndex:6/meta:dup_blks_rcvd","measures":{"value":0}}
{"ts":1669476299110502490,"type":"point","name":"exType:baseline/permutationIndex:0/run:42/dialer:center/eavesCount:0/latencyMS:100/seq:9/fileSize:153600/nodeType:Passive/nodeTypeIndex:6/meta:msgs_rcvd","measures":{"value":52}}
{"ts":1669476299110690992,"type":"point","name":"exType:baseline/permutationIndex:0/run:42/dialer:center/eavesCount:0/latencyMS:100/seq:9/fileSize:153600/nodeType:Passive/nodeTypeIndex:6/meta:data_sent","measures":{"value":0}}
{"ts":1669476299110737491,"type":"point","name":"exType:baseline/permutationIndex:0/run:42/dialer:center/eavesCount:0/latencyMS:100/seq:9/fileSize:153600/nodeType:Passive/nodeTypeIndex:6/meta:data_rcvd","measures":{"value":0}}
{"ts":1669476299110759817,"type":"point","name":"exType:baseline/permutationIndex:0/run:42/dialer:center/eavesCount:0/latencyMS:100/seq:9/fileSize:153600/nodeType:Passive/nodeTypeIndex:6/meta:dup_data_rcvd","measures":{"value":0}}
{"ts":1669476299110779318,"type":"point","name":"exType:baseline/permutationIndex:0/run:42/dialer:center/eavesCount:0/latencyMS:100/seq:9/fileSize:153600/nodeType:Passive/nodeTypeIndex:6/meta:blks_sent","measures":{"value":0}}
{"ts":1669476299110797580,"type":"point","name":"exType:baseline/permutationIndex:0/run:42/dialer:center/eavesCount:0/latencyMS:100/seq:9/fileSize:153600/nodeType:Passive/nodeTypeIndex:6/meta:blks_rcvd","measures":{"value":0}}
{"ts":1669476299110815653,"type":"point","name":"exType:baseline/permutationIndex:0/run:42/dialer:center/eavesCount:0/latencyMS:100/seq:9/fileSize:153600/nodeType:Passive/nodeTypeIndex:6/meta:dup_blks_rcvd","measures":{"value":0}}
{"ts":1669476302343266840,"type":"point","name":"exType:baseline/permutationIndex:0/run:43/dialer:center/eavesCount:0/latencyMS:100/seq:9/fileSize:153600/nodeType:Passive/nodeTypeIndex:6/meta:msgs_rcvd","measures":{"value":104}}
{"ts":1669476302343297691,"type":"point","name":"exType:baseline/permutationIndex:0/run:43/dialer:center/eavesCount:0/latencyMS:100/seq:9/fileSize:153600/nodeType:Passive/nodeTypeIndex:6/meta:data_sent","measures":{"value":0}}
{"ts":1669476302343305566,"type":"point","name":"exType:baseline/permutationIndex:0/run:43/dialer:center/eavesCount:0/latencyMS:100/seq:9/fileSize:153600/nodeType:Passive/nodeTypeIndex:6/meta:data_rcvd","measures":{"value":0}}
{"ts":1669476302343310379,"type":"point","name":"exType:baseline/permutationIndex:0/run:43/dialer:center/eavesCount:0/latencyMS:100/seq:9/fileSize:153600/nodeType:Passive/nodeTypeIndex:6/meta:dup_data_rcvd","measures":{"value":0}}
{"ts":1669476302343314756,"type":"point","name":"exType:baseline/permutationIndex:0/run:43/dialer:center/eavesCount:0/latencyMS:100/seq:9/fileSize:153600/nodeType:Passive/nodeTypeIndex:6/meta:blks_sent","measures":{"value":0}}
{"ts":1669476302343319047,"type":"point","name":"exType:baseline/permutationIndex:0/run:43/dialer:center/eavesCount:0/latencyMS:100/seq:9/fileSize:153600/nodeType:Passive/nodeTypeIndex:6/meta:blks_rcvd","measures":{"value":0}}
{"ts":1669476302343323428,"type":"point","name":"exType:baseline/permutationIndex:0/run:43/dialer:center/eavesCount:0/latencyMS:100/seq:9/fileSize:153600/nodeType:Passive/nodeTypeIndex:6/meta:dup_blks_rcvd","measures":{"value":0}}
{"ts":1669476305750282486,"type":"point","name":"exType:baseline/permutationIndex:0/run:44/dialer:center/eavesCount:0/latencyMS:100/seq:9/fileSize:153600/nodeType:Passive/nodeTypeIndex:6/meta:msgs_rcvd","measures":{"value":128}}
{"ts":1669476305750310046,"type":"point","name":"exType:baseline/permutationIndex:0/run:44/dialer:center/eavesCount:0/latencyMS:100/seq:9/fileSize:153600/nodeType:Passive/nodeTypeIndex:6/meta:data_sent","measures":{"value":0}}
{"ts":1669476305750318872,"type":"point","name":"exType:baseline/permutationIndex:0/run:44/dialer:center/eavesCount:0/latencyMS:100/seq:9/fileSize:153600/nodeType:Passive/nodeTypeIndex:6/meta:data_rcvd","measures":{"value":0}}
{"ts":1669476305750325514,"type":"point","name":"exType:baseline/permutationIndex:0/run:44/dialer:center/eavesCount:0/latencyMS:100/seq:9/fileSize:153600/nodeType:Passive/nodeTypeIndex:6/meta:dup_data_rcvd","measures":{"value":0}}
{"ts":1669476305750331346,"type":"point","name":"exType:baseline/permutationIndex:0/run:44/dialer:center/eavesCount:0/latencyMS:100/seq:9/fileSize:153600/nodeType:Passive/nodeTypeIndex:6/meta:blks_sent","measures":{"value":0}}
{"ts":1669476305750348282,"type":"point","name":"exType:baseline/permutationIndex:0/run:44/dialer:center/eavesCount:0/latencyMS:100/seq:9/fileSize:153600/nodeType:Passive/nodeTypeIndex:6/meta:blks_rcvd","measures":{"value":0}}
{"ts":1669476305750354441,"type":"point","name":"exType:baseline/permutationIndex:0/run:44/dialer:center/eavesCount:0/latencyMS:100/seq:9/fileSize:153600/nodeType:Passive/nodeTypeIndex:6/meta:dup_blks_rcvd","measures":{"value":0}}
{"ts":1669476308355552750,"type":"point","name":"exType:baseline/permutationIndex:0/run:45/dialer:center/eavesCount:0/latencyMS:100/seq:9/fileSize:153600/nodeType:Passive/nodeTypeIndex:6/meta:msgs_rcvd","measures":{"value":43}}
{"ts":1669476308355678803,"type":"point","name":"exType:baseline/permutationIndex:0/run:45/dialer:center/eavesCount:0/latencyMS:100/seq:9/fileSize:153600/nodeType:Passive/nodeTypeIndex:6/meta:data_sent","measures":{"value":0}}
{"ts":1669476308355710791,"type":"point","name":"exType:baseline/permutationIndex:0/run:45/dialer:center/eavesCount:0/latencyMS:100/seq:9/fileSize:153600/nodeType:Passive/nodeTypeIndex:6/meta:data_rcvd","measures":{"value":0}}
{"ts":1669476308355731191,"type":"point","name":"exType:baseline/permutationIndex:0/run:45/dialer:center/eavesCount:0/latencyMS:100/seq:9/fileSize:153600/nodeType:Passive/nodeTypeIndex:6/meta:dup_data_rcvd","measures":{"value":0}}
{"ts":1669476308355750330,"type":"point","name":"exType:baseline/permutationIndex:0/run:45/dialer:center/eavesCount:0/latencyMS:100/seq:9/fileSize:153600/nodeType:Passive/nodeTypeIndex:6/meta:blks_sent","measures":{"value":0}}
{"ts":1669476308355768848,"type":"point","name":"exType:baseline/permutationIndex:0/run:45/dialer:center/eavesCount:0/latencyMS:100/seq:9/fileSize:153600/nodeType:Passive/nodeTypeIndex:6/meta:blks_rcvd","measures":{"value":0}}
{"ts":1669476308355787273,"type":"point","name":"exType:baseline/permutationIndex:0/run:45/dialer:center/eavesCount:0/latencyMS:100/seq:9/fileSize:153600/nodeType:Passive/nodeTypeIndex:6/meta:dup_blks_rcvd","measures":{"value":0}}
{"ts":1669476311074994592,"type":"point","name":"exType:baseline/permutationIndex:0/run:46/dialer:center/eavesCount:0/latencyMS:100/seq:9/fileSize:153600/nodeType:Passive/nodeTypeIndex:6/meta:msgs_rcvd","measures":{"value":118}}
{"ts":1669476311075086219,"type":"point","name":"exType:baseline/permutationIndex:0/run:46/dialer:center/eavesCount:0/latencyMS:100/seq:9/fileSize:153600/nodeType:Passive/nodeTypeIndex:6/meta:data_sent","measures":{"value":0}}
{"ts":1669476311075115866,"type":"point","name":"exType:baseline/permutationIndex:0/run:46/dialer:center/eavesCount:0/latencyMS:100/seq:9/fileSize:153600/nodeType:Passive/nodeTypeIndex:6/meta:data_rcvd","measures":{"value":0}}
{"ts":1669476311075137867,"type":"point","name":"exType:baseline/permutationIndex:0/run:46/dialer:center/eavesCount:0/latencyMS:100/seq:9/fileSize:153600/nodeType:Passive/nodeTypeIndex:6/meta:dup_data_rcvd","measures":{"value":0}}
{"ts":1669476311075157019,"type":"point","name":"exType:baseline/permutationIndex:0/run:46/dialer:center/eavesCount:0/latencyMS:100/seq:9/fileSize:153600/nodeType:Passive/nodeTypeIndex:6/meta:blks_sent","measures":{"value":0}}
{"ts":1669476311075176930,"type":"point","name":"exType:baseline/permutationIndex:0/run:46/dialer:center/eavesCount:0/latencyMS:100/seq:9/fileSize:153600/nodeType:Passive/nodeTypeIndex:6/meta:blks_rcvd","measures":{"value":0}}
{"ts":1669476311075196946,"type":"point","name":"exType:baseline/permutationIndex:0/run:46/dialer:center/eavesCount:0/latencyMS:100/seq:9/fileSize:153600/nodeType:Passive/nodeTypeIndex:6/meta:dup_blks_rcvd","measures":{"value":0}}
{"ts":1669476313961746022,"type":"point","name":"exType:baseline/permutationIndex:0/run:47/dialer:center/eavesCount:0/latencyMS:100/seq:9/fileSize:153600/nodeType:Passive/nodeTypeIndex:6/meta:msgs_rcvd","measures":{"value":63}}
{"ts":1669476313962141795,"type":"point","name":"exType:baseline/permutationIndex:0/run:47/dialer:center/eavesCount:0/latencyMS:100/seq:9/fileSize:153600/nodeType:Passive/nodeTypeIndex:6/meta:data_sent","measures":{"value":0}}
{"ts":1669476313962230531,"type":"point","name":"exType:baseline/permutationIndex:0/run:47/dialer:center/eavesCount:0/latencyMS:100/seq:9/fileSize:153600/nodeType:Passive/nodeTypeIndex:6/meta:data_rcvd","measures":{"value":0}}
{"ts":1669476313962253296,"type":"point","name":"exType:baseline/permutationIndex:0/run:47/dialer:center/eavesCount:0/latencyMS:100/seq:9/fileSize:153600/nodeType:Passive/nodeTypeIndex:6/meta:dup_data_rcvd","measures":{"value":0}}
{"ts":1669476313962274797,"type":"point","name":"exType:baseline/permutationIndex:0/run:47/dialer:center/eavesCount:0/latencyMS:100/seq:9/fileSize:153600/nodeType:Passive/nodeTypeIndex:6/meta:blks_sent","measures":{"value":0}}
{"ts":1669476313962295667,"type":"point","name":"exType:baseline/permutationIndex:0/run:47/dialer:center/eavesCount:0/latencyMS:100/seq:9/fileSize:153600/nodeType:Passive/nodeTypeIndex:6/meta:blks_rcvd","measures":{"value":0}}
{"ts":1669476313962316861,"type":"point","name":"exType:baseline/permutationIndex:0/run:47/dialer:center/eavesCount:0/latencyMS:100/seq:9/fileSize:153600/nodeType:Passive/nodeTypeIndex:6/meta:dup_blks_rcvd","measures":{"value":0}}
{"ts":1669476317474947969,"type":"point","name":"exType:baseline/permutationIndex:0/run:48/dialer:center/eavesCount:0/latencyMS:100/seq:9/fileSize:153600/nodeType:Passive/nodeTypeIndex:6/meta:msgs_rcvd","measures":{"value":107}}
{"ts":1669476317474965930,"type":"point","name":"exType:baseline/permutationIndex:0/run:48/dialer:center/eavesCount:0/latencyMS:100/seq:9/fileSize:153600/nodeType:Passive/nodeTypeIndex:6/meta:data_sent","measures":{"value":0}}
{"ts":1669476317474969631,"type":"point","name":"exType:baseline/permutationIndex:0/run:48/dialer:center/eavesCount:0/latencyMS:100/seq:9/fileSize:153600/nodeType:Passive/nodeTypeIndex:6/meta:data_rcvd","measures":{"value":0}}
{"ts":1669476317474972336,"type":"point","name":"exType:baseline/permutationIndex:0/run:48/dialer:center/eavesCount:0/latencyMS:100/seq:9/fileSize:153600/nodeType:Passive/nodeTypeIndex:6/meta:dup_data_rcvd","measures":{"value":0}}
{"ts":1669476317474974888,"type":"point","name":"exType:baseline/permutationIndex:0/run:48/dialer:center/eavesCount:0/latencyMS:100/seq:9/fileSize:153600/nodeType:Passive/nodeTypeIndex:6/meta:blks_sent","measures":{"value":0}}
{"ts":1669476317474977448,"type":"point","name":"exType:baseline/permutationIndex:0/run:48/dialer:center/eavesCount:0/latencyMS:100/seq:9/fileSize:153600/nodeType:Passive/nodeTypeIndex:6/meta:blks_rcvd","measures":{"value":0}}
{"ts":1669476317474980097,"type":"point","name":"exType:baseline/permutationIndex:0/run:48/dialer:center/eavesCount:0/latencyMS:100/seq:9/fileSize:153600/nodeType:Passive/nodeTypeIndex:6/meta:dup_blks_rcvd","measures":{"value":0}}
{"ts":1669476320159154454,"type":"point","name":"exType:baseline/permutationIndex:0/run:49/dialer:center/eavesCount:0/latencyMS:100/seq:9/fileSize:153600/nodeType:Passive/nodeTypeIndex:6/meta:msgs_rcvd","measures":{"value":90}}
{"ts":1669476320159239334,"type":"point","name":"exType:baseline/permutationIndex:0/run:49/dialer:center/eavesCount:0/latencyMS:100/seq:9/fileSize:153600/nodeType:Passive/nodeTypeIndex:6/meta:data_sent","measures":{"value":0}}
{"ts":1669476320159274102,"type":"point","name":"exType:baseline/permutationIndex:0/run:49/dialer:center/eavesCount:0/latencyMS:100/seq:9/fileSize:153600/nodeType:Passive/nodeTypeIndex:6/meta:data_rcvd","measures":{"value":0}}
{"ts":1669476320159296674,"type":"point","name":"exType:baseline/permutationIndex:0/run:49/dialer:center/eavesCount:0/latencyMS:100/seq:9/fileSize:153600/nodeType:Passive/nodeTypeIndex:6/meta:dup_data_rcvd","measures":{"value":0}}
{"ts":1669476320159317504,"type":"point","name":"exType:baseline/permutationIndex:0/run:49/dialer:center/eavesCount:0/latencyMS:100/seq:9/fileSize:153600/nodeType:Passive/nodeTypeIndex:6/meta:blks_sent","measures":{"value":0}}
{"ts":1669476320159337654,"type":"point","name":"exType:baseline/permutationIndex:0/run:49/dialer:center/eavesCount:0/latencyMS:100/seq:9/fileSize:153600/nodeType:Passive/nodeTypeIndex:6/meta:blks_rcvd","measures":{"value":0}}
{"ts":1669476320159390259,"type":"point","name":"exType:baseline/permutationIndex:0/run:49/dialer:center/eavesCount:0/latencyMS:100/seq:9/fileSize:153600/nodeType:Passive/nodeTypeIndex:6/meta:dup_blks_rcvd","measures":{"value":0}}
{"ts":1669476323076371922,"type":"point","name":"exType:baseline/permutationIndex:0/run:50/dialer:center/eavesCount:0/latencyMS:100/seq:9/fileSize:153600/nodeType:Passive/nodeTypeIndex:6/meta:msgs_rcvd","measures":{"value":75}}
{"ts":1669476323076386689,"type":"point","name":"exType:baseline/permutationIndex:0/run:50/dialer:center/eavesCount:0/latencyMS:100/seq:9/fileSize:153600/nodeType:Passive/nodeTypeIndex:6/meta:data_sent","measures":{"value":0}}
{"ts":1669476323076389164,"type":"point","name":"exType:baseline/permutationIndex:0/run:50/dialer:center/eavesCount:0/latencyMS:100/seq:9/fileSize:153600/nodeType:Passive/nodeTypeIndex:6/meta:data_rcvd","measures":{"value":0}}
{"ts":1669476323076390723,"type":"point","name":"exType:baseline/permutationIndex:0/run:50/dialer:center/eavesCount:0/latencyMS:100/seq:9/fileSize:153600/nodeType:Passive/nodeTypeIndex:6/meta:dup_data_rcvd","measures":{"value":0}}
{"ts":1669476323076392342,"type":"point","name":"exType:baseline/permutationIndex:0/run:50/dialer:center/eavesCount:0/latencyMS:100/seq:9/fileSize:153600/nodeType:Passive/nodeTypeIndex:6/meta:blks_sent","measures":{"value":0}}
{"ts":1669476323076393793,"type":"point","name":"exType:baseline/permutationIndex:0/run:50/dialer:center/eavesCount:0/latencyMS:100/seq:9/fileSize:153600/nodeType:Passive/nodeTypeIndex:6/meta:blks_rcvd","measures":{"value":0}}
{"ts":1669476323076395226,"type":"point","name":"exType:baseline/permutationIndex:0/run:50/dialer:center/eavesCount:0/latencyMS:100/seq:9/fileSize:153600/nodeType:Passive/nodeTypeIndex:6/meta:dup_blks_rcvd","measures":{"value":0}}
{"ts":1669476325969930811,"type":"point","name":"exType:baseline/permutationIndex:0/run:51/dialer:center/eavesCount:0/latencyMS:100/seq:9/fileSize:153600/nodeType:Passive/nodeTypeIndex:6/meta:msgs_rcvd","measures":{"value":99}}
{"ts":1669476325970021752,"type":"point","name":"exType:baseline/permutationIndex:0/run:51/dialer:center/eavesCount:0/latencyMS:100/seq:9/fileSize:153600/nodeType:Passive/nodeTypeIndex:6/meta:data_sent","measures":{"value":0}}
{"ts":1669476325970048200,"type":"point","name":"exType:baseline/permutationIndex:0/run:51/dialer:center/eavesCount:0/latencyMS:100/seq:9/fileSize:153600/nodeType:Passive/nodeTypeIndex:6/meta:data_rcvd","measures":{"value":0}}
{"ts":1669476325970067675,"type":"point","name":"exType:baseline/permutationIndex:0/run:51/dialer:center/eavesCount:0/latencyMS:100/seq:9/fileSize:153600/nodeType:Passive/nodeTypeIndex:6/meta:dup_data_rcvd","measures":{"value":0}}
{"ts":1669476325970086393,"type":"point","name":"exType:baseline/permutationIndex:0/run:51/dialer:center/eavesCount:0/latencyMS:100/seq:9/fileSize:153600/nodeType:Passive/nodeTypeIndex:6/meta:blks_sent","measures":{"value":0}}
{"ts":1669476325970103821,"type":"point","name":"exType:baseline/permutationIndex:0/run:51/dialer:center/eavesCount:0/latencyMS:100/seq:9/fileSize:153600/nodeType:Passive/nodeTypeIndex:6/meta:blks_rcvd","measures":{"value":0}}
{"ts":1669476325970120040,"type":"point","name":"exType:baseline/permutationIndex:0/run:51/dialer:center/eavesCount:0/latencyMS:100/seq:9/fileSize:153600/nodeType:Passive/nodeTypeIndex:6/meta:dup_blks_rcvd","measures":{"value":0}}
{"ts":1669476328841470466,"type":"point","name":"exType:baseline/permutationIndex:0/run:52/dialer:center/eavesCount:0/latencyMS:100/seq:9/fileSize:153600/nodeType:Passive/nodeTypeIndex:6/meta:msgs_rcvd","measures":{"value":63}}
{"ts":1669476328841489863,"type":"point","name":"exType:baseline/permutationIndex:0/run:52/dialer:center/eavesCount:0/latencyMS:100/seq:9/fileSize:153600/nodeType:Passive/nodeTypeIndex:6/meta:data_sent","measures":{"value":0}}
{"ts":1669476328841493131,"type":"point","name":"exType:baseline/permutationIndex:0/run:52/dialer:center/eavesCount:0/latencyMS:100/seq:9/fileSize:153600/nodeType:Passive/nodeTypeIndex:6/meta:data_rcvd","measures":{"value":0}}
{"ts":1669476328841501623,"type":"point","name":"exType:baseline/permutationIndex:0/run:52/dialer:center/eavesCount:0/latencyMS:100/seq:9/fileSize:153600/nodeType:Passive/nodeTypeIndex:6/meta:dup_data_rcvd","measures":{"value":0}}
{"ts":1669476328841503989,"type":"point","name":"exType:baseline/permutationIndex:0/run:52/dialer:center/eavesCount:0/latencyMS:100/seq:9/fileSize:153600/nodeType:Passive/nodeTypeIndex:6/meta:blks_sent","measures":{"value":0}}
{"ts":1669476328841506260,"type":"point","name":"exType:baseline/permutationIndex:0/run:52/dialer:center/eavesCount:0/latencyMS:100/seq:9/fileSize:153600/nodeType:Passive/nodeTypeIndex:6/meta:blks_rcvd","measures":{"value":0}}
{"ts":1669476328841508316,"type":"point","name":"exType:baseline/permutationIndex:0/run:52/dialer:center/eavesCount:0/latencyMS:100/seq:9/fileSize:153600/nodeType:Passive/nodeTypeIndex:6/meta:dup_blks_rcvd","measures":{"value":0}}
{"ts":1669476331547694152,"type":"point","name":"exType:baseline/permutationIndex:0/run:53/dialer:center/eavesCount:0/latencyMS:100/seq:9/fileSize:153600/nodeType:Passive/nodeTypeIndex:6/meta:msgs_rcvd","measures":{"value":52}}
{"ts":1669476331547736728,"type":"point","name":"exType:baseline/permutationIndex:0/run:53/dialer:center/eavesCount:0/latencyMS:100/seq:9/fileSize:153600/nodeType:Passive/nodeTypeIndex:6/meta:data_sent","measures":{"value":0}}
{"ts":1669476331547743788,"type":"point","name":"exType:baseline/permutationIndex:0/run:53/dialer:center/eavesCount:0/latencyMS:100/seq:9/fileSize:153600/nodeType:Passive/nodeTypeIndex:6/meta:data_rcvd","measures":{"value":0}}
{"ts":1669476331547749553,"type":"point","name":"exType:baseline/permutationIndex:0/run:53/dialer:center/eavesCount:0/latencyMS:100/seq:9/fileSize:153600/nodeType:Passive/nodeTypeIndex:6/meta:dup_data_rcvd","measures":{"value":0}}
{"ts":1669476331547753786,"type":"point","name":"exType:baseline/permutationIndex:0/run:53/dialer:center/eavesCount:0/latencyMS:100/seq:9/fileSize:153600/nodeType:Passive/nodeTypeIndex:6/meta:blks_sent","measures":{"value":0}}
{"ts":1669476331547761281,"type":"point","name":"exType:baseline/permutationIndex:0/run:53/dialer:center/eavesCount:0/latencyMS:100/seq:9/fileSize:153600/nodeType:Passive/nodeTypeIndex:6/meta:blks_rcvd","measures":{"value":0}}
{"ts":1669476331547782783,"type":"point","name":"exType:baseline/permutationIndex:0/run:53/dialer:center/eavesCount:0/latencyMS:100/seq:9/fileSize:153600/nodeType:Passive/nodeTypeIndex:6/meta:dup_blks_rcvd","measures":{"value":0}}
