{"ts":1669475057194104048,"type":"point","name":"exType:baseline/permutationIndex:0/run:1/dialer:center/eavesCount:0/latencyMS:150/seq:8/fileSize:1048576/nodeType:Passive/nodeTypeIndex:5/meta:msgs_rcvd","measures":{"value":13}}
{"ts":1669475057194142616,"type":"point","name":"exType:baseline/permutationIndex:0/run:1/dialer:center/eavesCount:0/latencyMS:150/seq:8/fileSize:1048576/nodeType:Passive/nodeTypeIndex:5/meta:data_sent","measures":{"value":0}}
{"ts":1669475057194148449,"type":"point","name":"exType:baseline/permutationIndex:0/run:1/dialer:center/eavesCount:0/latencyMS:150/seq:8/fileSize:1048576/nodeType:Passive/nodeTypeIndex:5/meta:data_rcvd","measures":{"value":0}}
{"ts":1669475057194152437,"type":"point","name":"exType:baseline/permutationIndex:0/run:1/dialer:center/eavesCount:0/latencyMS:150/seq:8/fileSize:1048576/nodeType:Passive/nodeTypeIndex:5/meta:dup_data_rcvd","measures":{"value":0}}
{"ts":1669475057194156333,"type":"point","name":"exType:baseline/permutationIndex:0/run:1/dialer:center/eavesCount:0/latencyMS:150/seq:8/fileSize:1048576/nodeType:Passive/nodeTypeIndex:5/meta:blks_sent","measures":{"value":0}}
{"ts":1669475057194160001,"type":"point","name":"exType:baseline/permutationIndex:0/run:1/dialer:center/eavesCount:0/latencyMS:150/seq:8/fileSize:1048576/nodeType:Passive/nodeTypeIndex:5/meta:blks_rcvd","measures":{"value":0}}
{"ts":1669475057194163965,"type":"point","name":"exType:baseline/permutationIndex:0/run:1/dialer:center/eavesCount:0/latencyMS:150/seq:8/fileSize:1048576/nodeType:Passive/nodeTypeIndex:5/meta:dup_blks_rcvd","measures":{"value":0}}
{"ts":1669475061769250531,"type":"point","name":"exType:baseline/permutationIndex:0/run:2/dialer:center/eavesCount:0/latencyMS:150/seq:8/fileSize:1048576/nodeType:Passive/nodeTypeIndex:5/meta:msgs_rcvd","measures":{"value":3}}
{"ts":1669475061769277344,"type":"point","name":"exType:baseline/permutationIndex:0/run:2/dialer:center/eavesCount:0/latencyMS:150/seq:8/fileSize:1048576/nodeType:Passive/nodeTypeIndex:5/meta:data_sent","measures":{"value":0}}
{"ts":1669475061769283293,"type":"point","name":"exType:baseline/permutationIndex:0/run:2/dialer:center/eavesCount:0/latencyMS:150/seq:8/fileSize:1048576/nodeType:Passive/nodeTypeIndex:5/meta:data_rcvd","measures":{"value":0}}
{"ts":1669475061769289350,"type":"point","name":"exType:baseline/permutationIndex:0/run:2/dialer:center/eavesCount:0/latencyMS:150/seq:8/fileSize:1048576/nodeType:Passive/nodeTypeIndex:5/meta:dup_data_rcvd","measures":{"value":0}}
{"ts":1669475061769294808,"type":"point","name":"exType:baseline/permutationIndex:0/run:2/dialer:center/eavesCount:0/latencyMS:150/seq:8/fileSize:1048576/nodeType:Passive/nodeTypeIndex:5/meta:blks_sent","measures":{"value":0}}
{"ts":1669475061769299810,"type":"point","name":"exType:baseline/permutationIndex:0/run:2/dialer:center/eavesCount:0/latencyMS:150/seq:8/fileSize:1048576/nodeType:Passive/nodeTypeIndex:5/meta:blks_rcvd","measures":{"value":0}}
{"ts":1669475061769304535,"type":"point","name":"exType:baseline/permutationIndex:0/run:2/dialer:center/eavesCount:0/latencyMS:150/seq:8/fileSize:1048576/nodeType:Passive/nodeTypeIndex:5/meta:dup_blks_rcvd","measures":{"value":0}}
{"ts":1669475066278877888,"type":"point","name":"exType:baseline/permutationIndex:0/run:3/dialer:center/eavesCount:0/latencyMS:150/seq:8/fileSize:1048576/nodeType:Passive/nodeTypeIndex:5/meta:msgs_rcvd","measures":{"value":4}}
{"ts":1669475066278900753,"type":"point","name":"exType:baseline/permutationIndex:0/run:3/dialer:center/eavesCount:0/latencyMS:150/seq:8/fileSize:1048576/nodeType:Passive/nodeTypeIndex:5/meta:data_sent","measures":{"value":0}}
{"ts":1669475066278904841,"type":"point","name":"exType:baseline/permutationIndex:0/run:3/dialer:center/eavesCount:0/latencyMS:150/seq:8/fileSize:1048576/nodeType:Passive/nodeTypeIndex:5/meta:data_rcvd","measures":{"value":0}}
{"ts":1669475066278906724,"type":"point","name":"exType:baseline/permutationIndex:0/run:3/dialer:center/eavesCount:0/latencyMS:150/seq:8/fileSize:1048576/nodeType:Passive/nodeTypeIndex:5/meta:dup_data_rcvd","measures":{"value":0}}
{"ts":1669475066278914363,"type":"point","name":"exType:baseline/permutationIndex:0/run:3/dialer:center/eavesCount:0/latencyMS:150/seq:8/fileSize:1048576/nodeType:Passive/nodeTypeIndex:5/meta:blks_sent","measures":{"value":0}}
{"ts":1669475066278917037,"type":"point","name":"exType:baseline/permutationIndex:0/run:3/dialer:center/eavesCount:0/latencyMS:150/seq:8/fileSize:1048576/nodeType:Passive/nodeTypeIndex:5/meta:blks_rcvd","measures":{"value":0}}
{"ts":1669475066278919462,"type":"point","name":"exType:baseline/permutationIndex:0/run:3/dialer:center/eavesCount:0/latencyMS:150/seq:8/fileSize:1048576/nodeType:Passive/nodeTypeIndex:5/meta:dup_blks_rcvd","measures":{"value":0}}
{"ts":1669475070758617575,"type":"point","name":"exType:baseline/permutationIndex:0/run:4/dialer:center/eavesCount:0/latencyMS:150/seq:8/fileSize:1048576/nodeType:Passive/nodeTypeIndex:5/meta:msgs_rcvd","measures":{"value":10}}
{"ts":1669475070758644195,"type":"point","name":"exType:baseline/permutationIndex:0/run:4/dialer:center/eavesCount:0/latencyMS:150/seq:8/fileSize:1048576/nodeType:Passive/nodeTypeIndex:5/meta:data_sent","measures":{"value":0}}
{"ts":1669475070758648834,"type":"point","name":"exType:baseline/permutationIndex:0/run:4/dialer:center/eavesCount:0/latencyMS:150/seq:8/fileSize:1048576/nodeType:Passive/nodeTypeIndex:5/meta:data_rcvd","measures":{"value":0}}
{"ts":1669475070758660042,"type":"point","name":"exType:baseline/permutationIndex:0/run:4/dialer:center/eavesCount:0/latencyMS:150/seq:8/fileSize:1048576/nodeType:Passive/nodeTypeIndex:5/meta:dup_data_rcvd","measures":{"value":0}}
{"ts":1669475070758665164,"type":"point","name":"exType:baseline/permutationIndex:0/run:4/dialer:center/eavesCount:0/latencyMS:150/seq:8/fileSize:1048576/nodeType:Passive/nodeTypeIndex:5/meta:blks_sent","measures":{"value":0}}
{"ts":1669475070758668188,"type":"point","name":"exType:baseline/permutationIndex:0/run:4/dialer:center/eavesCount:0/latencyMS:150/seq:8/fileSize:1048576/nodeType:Passive/nodeTypeIndex:5/meta:blks_rcvd","measures":{"value":0}}
{"ts":1669475070758671461,"type":"point","name":"exType:baseline/permutationIndex:0/run:4/dialer:center/eavesCount:0/latencyMS:150/seq:8/fileSize:1048576/nodeType:Passive/nodeTypeIndex:5/meta:dup_blks_rcvd","measures":{"value":0}}
{"ts":1669475075105371656,"type":"point","name":"exType:baseline/permutationIndex:0/run:5/dialer:center/eavesCount:0/latencyMS:150/seq:8/fileSize:1048576/nodeType:Passive/nodeTypeIndex:5/meta:msgs_rcvd","measures":{"value":3}}
{"ts":1669475075105613548,"type":"point","name":"exType:baseline/permutationIndex:0/run:5/dialer:center/eavesCount:0/latencyMS:150/seq:8/fileSize:1048576/nodeType:Passive/nodeTypeIndex:5/meta:data_sent","measures":{"value":0}}
{"ts":1669475075105624826,"type":"point","name":"exType:baseline/permutationIndex:0/run:5/dialer:center/eavesCount:0/latencyMS:150/seq:8/fileSize:1048576/nodeType:Passive/nodeTypeIndex:5/meta:data_rcvd","measures":{"value":0}}
{"ts":1669475075105627812,"type":"point","name":"exType:baseline/permutationIndex:0/run:5/dialer:center/eavesCount:0/latencyMS:150/seq:8/fileSize:1048576/nodeType:Passive/nodeTypeIndex:5/meta:dup_data_rcvd","measures":{"value":0}}
{"ts":1669475075105630200,"type":"point","name":"exType:baseline/permutationIndex:0/run:5/dialer:center/eavesCount:0/latencyMS:150/seq:8/fileSize:1048576/nodeType:Passive/nodeTypeIndex:5/meta:blks_sent","measures":{"value":0}}
{"ts":1669475075105648016,"type":"point","name":"exType:baseline/permutationIndex:0/run:5/dialer:center/eavesCount:0/latencyMS:150/seq:8/fileSize:1048576/nodeType:Passive/nodeTypeIndex:5/meta:blks_rcvd","measures":{"value":0}}
{"ts":1669475075105650938,"type":"point","name":"exType:baseline/permutationIndex:0/run:5/dialer:center/eavesCount:0/latencyMS:150/seq:8/fileSize:1048576/nodeType:Passive/nodeTypeIndex:5/meta:dup_blks_rcvd","measures":{"value":0}}
{"ts":1669475080434400624,"type":"point","name":"exType:baseline/permutationIndex:0/run:6/dialer:center/eavesCount:0/latencyMS:150/seq:8/fileSize:1048576/nodeType:Passive/nodeTypeIndex:5/meta:msgs_rcvd","measures":{"value":5}}
{"ts":1669475080434528173,"type":"point","name":"exType:baseline/permutationIndex:0/run:6/dialer:center/eavesCount:0/latencyMS:150/seq:8/fileSize:1048576/nodeType:Passive/nodeTypeIndex:5/meta:data_sent","measures":{"value":0}}
{"ts":1669475080434554132,"type":"point","name":"exType:baseline/permutationIndex:0/run:6/dialer:center/eavesCount:0/latencyMS:150/seq:8/fileSize:1048576/nodeType:Passive/nodeTypeIndex:5/meta:data_rcvd","measures":{"value":0}}
{"ts":1669475080434572397,"type":"point","name":"exType:baseline/permutationIndex:0/run:6/dialer:center/eavesCount:0/latencyMS:150/seq:8/fileSize:1048576/nodeType:Passive/nodeTypeIndex:5/meta:dup_data_rcvd","measures":{"value":0}}
{"ts":1669475080434589749,"type":"point","name":"exType:baseline/permutationIndex:0/run:6/dialer:center/eavesCount:0/latencyMS:150/seq:8/fileSize:1048576/nodeType:Passive/nodeTypeIndex:5/meta:blks_sent","measures":{"value":0}}
{"ts":1669475080434609659,"type":"point","name":"exType:baseline/permutationIndex:0/run:6/dialer:center/eavesCount:0/latencyMS:150/seq:8/fileSize:1048576/nodeType:Passive/nodeTypeIndex:5/meta:blks_rcvd","measures":{"value":0}}
{"ts":1669475080434625971,"type":"point","name":"exType:baseline/permutationIndex:0/run:6/dialer:center/eavesCount:0/latencyMS:150/seq:8/fileSize:1048576/nodeType:Passive/nodeTypeIndex:5/meta:dup_blks_rcvd","measures":{"value":0}}
{"ts":1669475085661461771,"type":"point","name":"exType:baseline/permutationIndex:0/run:7/dialer:center/eavesCount:0/latencyMS:150/seq:8/fileSize:1048576/nodeType:Passive/nodeTypeIndex:5/meta:msgs_rcvd","measures":{"value":11}}
{"ts":1669475085661489819,"type":"point","name":"exType:baseline/permutationIndex:0/run:7/dialer:center/eavesCount:0/latencyMS:150/seq:8/fileSize:1048576/nodeType:Passive/nodeTypeIndex:5/meta:data_sent","measures":{"value":0}}
{"ts":1669475085661493065,"type":"point","name":"exType:baseline/permutationIndex:0/run:7/dialer:center/eavesCount:0/latencyMS:150/seq:8/fileSize:1048576/nodeType:Passive/nodeTypeIndex:5/meta:data_rcvd","measures":{"value":0}}
{"ts":1669475085661495497,"type":"point","name":"exType:baseline/permutationIndex:0/run:7/dialer:center/eavesCount:0/latencyMS:150/seq:8/fileSize:1048576/nodeType:Passive/nodeTypeIndex:5/meta:dup_data_rcvd","measures":{"value":0}}
{"ts":1669475085661497836,"type":"point","name":"exType:baseline/permutationIndex:0/run:7/dialer:center/eavesCount:0/latencyMS:150/seq:8/fileSize:1048576/nodeType:Passive/nodeTypeIndex:5/meta:blks_sent","measures":{"value":0}}
{"ts":1669475085661500481,"type":"point","name":"exType:baseline/permutationIndex:0/run:7/dialer:center/eavesCount:0/latencyMS:150/seq:8/fileSize:1048576/nodeType:Passive/nodeTypeIndex:5/meta:blks_rcvd","measures":{"value":0}}
{"ts":1669475085661503266,"type":"point","name":"exType:baseline/permutationIndex:0/run:7/dialer:center/eavesCount:0/latencyMS:150/seq:8/fileSize:1048576/nodeType:Passive/nodeTypeIndex:5/meta:dup_blks_rcvd","measures":{"value":0}}
{"ts":1669475090120088753,"type":"point","name":"exType:baseline/permutationIndex:0/run:8/dialer:center/eavesCount:0/latencyMS:150/seq:8/fileSize:1048576/nodeType:Passive/nodeTypeIndex:5/meta:msgs_rcvd","measures":{"value":2}}
{"ts":1669475090120136015,"type":"point","name":"exType:baseline/permutationIndex:0/run:8/dialer:center/eavesCount:0/latencyMS:150/seq:8/fileSize:1048576/nodeType:Passive/nodeTypeIndex:5/meta:data_sent","measures":{"value":0}}
{"ts":1669475090120145383,"type":"point","name":"exType:baseline/permutationIndex:0/run:8/dialer:center/eavesCount:0/latencyMS:150/seq:8/fileSize:1048576/nodeType:Passive/nodeTypeIndex:5/meta:data_rcvd","measures":{"value":0}}
{"ts":1669475090120151115,"type":"point","name":"exType:baseline/permutationIndex:0/run:8/dialer:center/eavesCount:0/latencyMS:150/seq:8/fileSize:1048576/nodeType:Passive/nodeTypeIndex:5/meta:dup_data_rcvd","measures":{"value":0}}
{"ts":1669475090120155960,"type":"point","name":"exType:baseline/permutationIndex:0/run:8/dialer:center/eavesCount:0/latencyMS:150/seq:8/fileSize:1048576/nodeType:Passive/nodeTypeIndex:5/meta:blks_sent","measures":{"value":0}}
{"ts":1669475090120173063,"type":"point","name":"exType:baseline/permutationIndex:0/run:8/dialer:center/eavesCount:0/latencyMS:150/seq:8/fileSize:1048576/nodeType:Passive/nodeTypeIndex:5/meta:blks_rcvd","measures":{"value":0}}
{"ts":1669475090120192373,"type":"point","name":"exType:baseline/permutationIndex:0/run:8/dialer:center/eavesCount:0/latencyMS:150/seq:8/fileSize:1048576/nodeType:Passive/nodeTypeIndex:5/meta:dup_blks_rcvd","measures":{"value":0}}
{"ts":1669475095337182370,"type":"point","name":"exType:baseline/permutationIndex:0/run:9/dialer:center/eavesCount:0/latencyMS:150/seq:8/fileSize:1048576/nodeType:Passive/nodeTypeIndex:5/meta:msgs_rcvd","measures":{"value":3}}
{"ts":1669475095337258293,"type":"point","name":"exType:baseline/permutationIndex:0/run:9/dialer:center/eavesCount:0/latencyMS:150/seq:8/fileSize:1048576/nodeType:Passive/nodeTypeIndex:5/meta:data_sent","measures":{"value":0}}
{"ts":1669475095337277837,"type":"point","name":"exType:baseline/permutationIndex:0/run:9/dialer:center/eavesCount:0/latencyMS:150/seq:8/fileSize:1048576/nodeType:Passive/nodeTypeIndex:5/meta:data_rcvd","measures":{"value":0}}
{"ts":1669475095337289412,"type":"point","name":"exType:baseline/permutationIndex:0/run:9/dialer:center/eavesCount:0/latencyMS:150/seq:8/fileSize:1048576/nodeType:Passive/nodeTypeIndex:5/meta:dup_data_rcvd","measures":{"value":0}}
{"ts":1669475095337300784,"type":"point","name":"exType:baseline/permutationIndex:0/run:9/dialer:center/eavesCount:0/latencyMS:150/seq:8/fileSize:1048576/nodeType:Passive/nodeTypeIndex:5/meta:blks_sent","measures":{"value":0}}
{"ts":1669475095337310998,"type":"point","name":"exType:baseline/permutationIndex:0/run:9/dialer:center/eavesCount:0/latencyMS:150/seq:8/fileSize:1048576/nodeType:Passive/nodeTypeIndex:5/meta:blks_rcvd","measures":{"value":0}}
{"ts":1669475095337322558,"type":"point","name":"exType:baseline/permutationIndex:0/run:9/dialer:center/eavesCount:0/latencyMS:150/seq:8/fileSize:1048576/nodeType:Passive/nodeTypeIndex:5/meta:dup_blks_rcvd","measures":{"value":0}}
{"ts":1669475100560345069,"type":"point","name":"exType:baseline/permutationIndex:0/run:10/dialer:center/eavesCount:0/latencyMS:150/seq:8/fileSize:1048576/nodeType:Passive/nodeTypeIndex:5/meta:msgs_rcvd","measures":{"value":3}}
{"ts":1669475100560399685,"type":"point","name":"exType:baseline/permutationIndex:0/run:10/dialer:center/eavesCount:0/latencyMS:150/seq:8/fileSize:1048576/nodeType:Passive/nodeTypeIndex:5/meta:data_sent","measures":{"value":0}}
{"ts":1669475100560413365,"type":"point","name":"exType:baseline/permutationIndex:0/run:10/dialer:center/eavesCount:0/latencyMS:150/seq:8/fileSize:1048576/nodeType:Passive/nodeTypeIndex:5/meta:data_rcvd","measures":{"value":0}}
{"ts":1669475100560422712,"type":"point","name":"exType:baseline/permutationIndex:0/run:10/dialer:center/eavesCount:0/latencyMS:150/seq:8/fileSize:1048576/nodeType:Passive/nodeTypeIndex:5/meta:dup_data_rcvd","measures":{"value":0}}
{"ts":1669475100560431715,"type":"point","name":"exType:baseline/permutationIndex:0/run:10/dialer:center/eavesCount:0/latencyMS:150/seq:8/fileSize:1048576/nodeType:Passive/nodeTypeIndex:5/meta:blks_sent","measures":{"value":0}}
{"ts":1669475100560439928,"type":"point","name":"exType:baseline/permutationIndex:0/run:10/dialer:center/eavesCount:0/latencyMS:150/seq:8/fileSize:1048576/nodeType:Passive/nodeTypeIndex:5/meta:blks_rcvd","measures":{"value":0}}
{"ts":1669475100560448058,"type":"point","name":"exType:baseline/permutationIndex:0/run:10/dialer:center/eavesCount:0/latencyMS:150/seq:8/fileSize:1048576/nodeType:Passive/nodeTypeIndex:5/meta:dup_blks_rcvd","measures":{"value":0}}
{"ts":1669475104973493713,"type":"point","name":"exType:baseline/permutationIndex:0/run:11/dialer:center/eavesCount:0/latencyMS:150/seq:8/fileSize:1048576/nodeType:Passive/nodeTypeIndex:5/meta:msgs_rcvd","measures":{"value":15}}
{"ts":1669475104973531504,"type":"point","name":"exType:baseline/permutationIndex:0/run:11/dialer:center/eavesCount:0/latencyMS:150/seq:8/fileSize:1048576/nodeType:Passive/nodeTypeIndex:5/meta:data_sent","measures":{"value":0}}
{"ts":1669475104973549674,"type":"point","name":"exType:baseline/permutationIndex:0/run:11/dialer:center/eavesCount:0/latencyMS:150/seq:8/fileSize:1048576/nodeType:Passive/nodeTypeIndex:5/meta:data_rcvd","measures":{"value":0}}
{"ts":1669475104973555262,"type":"point","name":"exType:baseline/permutationIndex:0/run:11/dialer:center/eavesCount:0/latencyMS:150/seq:8/fileSize:1048576/nodeType:Passive/nodeTypeIndex:5/meta:dup_data_rcvd","measures":{"value":0}}
{"ts":1669475104973559201,"type":"point","name":"exType:baseline/permutationIndex:0/run:11/dialer:center/eavesCount:0/latencyMS:150/seq:8/fileSize:1048576/nodeType:Passive/nodeTypeIndex:5/meta:blks_sent","measures":{"value":0}}
{"ts":1669475104973565132,"type":"point","name":"exType:baseline/permutationIndex:0/run:11/dialer:center/eavesCount:0/latencyMS:150/seq:8/fileSize:1048576/nodeType:Passive/nodeTypeIndex:5/meta:blks_rcvd","measures":{"value":0}}
{"ts":1669475104973568804,"type":"point","name":"exType:baseline/permutationIndex:0/run:11/dialer:center/eavesCount:0/latencyMS:150/seq:8/fileSize:1048576/nodeType:Passive/nodeTypeIndex:5/meta:dup_blks_rcvd","measures":{"value":0}}
{"ts":1669475109416299633,"type":"point","name":"exType:baseline/permutationIndex:0/run:12/dialer:center/eavesCount:0/latencyMS:150/seq:8/fileSize:1048576/nodeType:Passive/nodeTypeIndex:5/meta:msgs_rcvd","measures":{"value":15}}
{"ts":1669475109416328039,"type":"point","name":"exType:baseline/permutationIndex:0/run:12/dialer:center/eavesCount:0/latencyMS:150/seq:8/fileSize:1048576/nodeType:Passive/nodeTypeIndex:5/meta:data_sent","measures":{"value":0}}
{"ts":1669475109416332017,"type":"point","name":"exType:baseline/permutationIndex:0/run:12/dialer:center/eavesCount:0/latencyMS:150/seq:8/fileSize:1048576/nodeType:Passive/nodeTypeIndex:5/meta:data_rcvd","measures":{"value":0}}
{"ts":1669475109416334441,"type":"point","name":"exType:baseline/permutationIndex:0/run:12/dialer:center/eavesCount:0/latencyMS:150/seq:8/fileSize:1048576/nodeType:Passive/nodeTypeIndex:5/meta:dup_data_rcvd","measures":{"value":0}}
{"ts":1669475109416336817,"type":"point","name":"exType:baseline/permutationIndex:0/run:12/dialer:center/eavesCount:0/latencyMS:150/seq:8/fileSize:1048576/nodeType:Passive/nodeTypeIndex:5/meta:blks_sent","measures":{"value":0}}
{"ts":1669475109416339345,"type":"point","name":"exType:baseline/permutationIndex:0/run:12/dialer:center/eavesCount:0/latencyMS:150/seq:8/fileSize:1048576/nodeType:Passive/nodeTypeIndex:5/meta:blks_rcvd","measures":{"value":0}}
{"ts":1669475109416341665,"type":"point","name":"exType:baseline/permutationIndex:0/run:12/dialer:center/eavesCount:0/latencyMS:150/seq:8/fileSize:1048576/nodeType:Passive/nodeTypeIndex:5/meta:dup_blks_rcvd","measures":{"value":0}}
{"ts":1669475114196904301,"type":"point","name":"exType:baseline/permutationIndex:0/run:13/dialer:center/eavesCount:0/latencyMS:150/seq:8/fileSize:1048576/nodeType:Passive/nodeTypeIndex:5/meta:msgs_rcvd","measures":{"value":14}}
{"ts":1669475114196928140,"type":"point","name":"exType:baseline/permutationIndex:0/run:13/dialer:center/eavesCount:0/latencyMS:150/seq:8/fileSize:1048576/nodeType:Passive/nodeTypeIndex:5/meta:data_sent","measures":{"value":0}}
{"ts":1669475114196933086,"type":"point","name":"exType:baseline/permutationIndex:0/run:13/dialer:center/eavesCount:0/latencyMS:150/seq:8/fileSize:1048576/nodeType:Passive/nodeTypeIndex:5/meta:data_rcvd","measures":{"value":0}}
{"ts":1669475114196936280,"type":"point","name":"exType:baseline/permutationIndex:0/run:13/dialer:center/eavesCount:0/latencyMS:150/seq:8/fileSize:1048576/nodeType:Passive/nodeTypeIndex:5/meta:dup_data_rcvd","measures":{"value":0}}
{"ts":1669475114196939243,"type":"point","name":"exType:baseline/permutationIndex:0/run:13/dialer:center/eavesCount:0/latencyMS:150/seq:8/fileSize:1048576/nodeType:Passive/nodeTypeIndex:5/meta:blks_sent","measures":{"value":0}}
{"ts":1669475114196942339,"type":"point","name":"exType:baseline/permutationIndex:0/run:13/dialer:center/eavesCount:0/latencyMS:150/seq:8/fileSize:1048576/nodeType:Passive/nodeTypeIndex:5/meta:blks_rcvd","measures":{"value":0}}
{"ts":1669475114196952784,"type":"point","name":"exType:baseline/permutationIndex:0/run:13/dialer:center/eavesCount:0/latencyMS:150/seq:8/fileSize:1048576/nodeType:Passive/nodeTypeIndex:5/meta:dup_blks_rcvd","measures":{"value":0}}
{"ts":1669475119283086743,"type":"point","name":"exType:baseline/permutationIndex:0/run:14/dialer:center/eavesCount:0/latencyMS:150/seq:8/fileSize:1048576/nodeType:Passive/nodeTypeIndex:5/meta:msgs_rcvd","measures":{"value":8}}
{"ts":1669475119283134486,"type":"point","name":"exType:baseline/permutationIndex:0/run:14/dialer:center/eavesCount:0/latencyMS:150/seq:8/fileSize:1048576/nodeType:Passive/nodeTypeIndex:5/meta:data_sent","measures":{"value":0}}
{"ts":1669475119283144887,"type":"point","name":"exType:baseline/permutationIndex:0/run:14/dialer:center/eavesCount:0/latencyMS:150/seq:8/fileSize:1048576/nodeType:Passive/nodeTypeIndex:5/meta:data_rcvd","measures":{"value":0}}
{"ts":1669475119283150014,"type":"point","name":"exType:baseline/permutationIndex:0/run:14/dialer:center/eavesCount:0/latencyMS:150/seq:8/fileSize:1048576/nodeType:Passive/nodeTypeIndex:5/meta:dup_data_rcvd","measures":{"value":0}}
{"ts":1669475119283154619,"type":"point","name":"exType:baseline/permutationIndex:0/run:14/dialer:center/eavesCount:0/latencyMS:150/seq:8/fileSize:1048576/nodeType:Passive/nodeTypeIndex:5/meta:blks_sent","measures":{"value":0}}
{"ts":1669475119283159108,"type":"point","name":"exType:baseline/permutationIndex:0/run:14/dialer:center/eavesCount:0/latencyMS:150/seq:8/fileSize:1048576/nodeType:Passive/nodeTypeIndex:5/meta:blks_rcvd","measures":{"value":0}}
{"ts":1669475119283163290,"type":"point","name":"exType:baseline/permutationIndex:0/run:14/dialer:center/eavesCount:0/latencyMS:150/seq:8/fileSize:1048576/nodeType:Passive/nodeTypeIndex:5/meta:dup_blks_rcvd","measures":{"value":0}}
{"ts":1669475124081422669,"type":"point","name":"exType:baseline/permutationIndex:0/run:15/dialer:center/eavesCount:0/latencyMS:150/seq:8/fileSize:1048576/nodeType:Passive/nodeTypeIndex:5/meta:msgs_rcvd","measures":{"value":10}}
{"ts":1669475124081452685,"type":"point","name":"exType:baseline/permutationIndex:0/run:15/dialer:center/eavesCount:0/latencyMS:150/seq:8/fileSize:1048576/nodeType:Passive/nodeTypeIndex:5/meta:data_sent","measures":{"value":0}}
{"ts":1669475124081461447,"type":"point","name":"exType:baseline/permutationIndex:0/run:15/dialer:center/eavesCount:0/latencyMS:150/seq:8/fileSize:1048576/nodeType:Passive/nodeTypeIndex:5/meta:data_rcvd","measures":{"value":0}}
{"ts":1669475124081466431,"type":"point","name":"exType:baseline/permutationIndex:0/run:15/dialer:center/eavesCount:0/latencyMS:150/seq:8/fileSize:1048576/nodeType:Passive/nodeTypeIndex:5/meta:dup_data_rcvd","measures":{"value":0}}
{"ts":1669475124081471168,"type":"point","name":"exType:baseline/permutationIndex:0/run:15/dialer:center/eavesCount:0/latencyMS:150/seq:8/fileSize:1048576/nodeType:Passive/nodeTypeIndex:5/meta:blks_sent","measures":{"value":0}}
{"ts":1669475124081475267,"type":"point","name":"exType:baseline/permutationIndex:0/run:15/dialer:center/eavesCount:0/latencyMS:150/seq:8/fileSize:1048576/nodeType:Passive/nodeTypeIndex:5/meta:blks_rcvd","measures":{"value":0}}
{"ts":1669475124081479098,"type":"point","name":"exType:baseline/permutationIndex:0/run:15/dialer:center/eavesCount:0/latencyMS:150/seq:8/fileSize:1048576/nodeType:Passive/nodeTypeIndex:5/meta:dup_blks_rcvd","measures":{"value":0}}
{"ts":1669475128847205755,"type":"point","name":"exType:baseline/permutationIndex:0/run:16/dialer:center/eavesCount:0/latencyMS:150/seq:8/fileSize:1048576/nodeType:Passive/nodeTypeIndex:5/meta:msgs_rcvd","measures":{"value":2}}
{"ts":1669475128847234325,"type":"point","name":"exType:baseline/permutationIndex:0/run:16/dialer:center/eavesCount:0/latencyMS:150/seq:8/fileSize:1048576/nodeType:Passive/nodeTypeIndex:5/meta:data_sent","measures":{"value":0}}
{"ts":1669475128847238918,"type":"point","name":"exType:baseline/permutationIndex:0/run:16/dialer:center/eavesCount:0/latencyMS:150/seq:8/fileSize:1048576/nodeType:Passive/nodeTypeIndex:5/meta:data_rcvd","measures":{"value":0}}
{"ts":1669475128847249259,"type":"point","name":"exType:baseline/permutationIndex:0/run:16/dialer:center/eavesCount:0/latencyMS:150/seq:8/fileSize:1048576/nodeType:Passive/nodeTypeIndex:5/meta:dup_data_rcvd","measures":{"value":0}}
{"ts":1669475128847252646,"type":"point","name":"exType:baseline/permutationIndex:0/run:16/dialer:center/eavesCount:0/latencyMS:150/seq:8/fileSize:1048576/nodeType:Passive/nodeTypeIndex:5/meta:blks_sent","measures":{"value":0}}
{"ts":1669475128847255730,"type":"point","name":"exType:baseline/permutationIndex:0/run:16/dialer:center/eavesCount:0/latencyMS:150/seq:8/fileSize:1048576/nodeType:Passive/nodeTypeIndex:5/meta:blks_rcvd","measures":{"value":0}}
{"ts":1669475128847258818,"type":"point","name":"exType:baseline/permutationIndex:0/run:16/dialer:center/eavesCount:0/latencyMS:150/seq:8/fileSize:1048576/nodeType:Passive/nodeTypeIndex:5/meta:dup_blks_rcvd","measures":{"value":0}}
{"ts":1669475134190883253,"type":"point","name":"exType:baseline/permutationIndex:0/run:17/dialer:center/eavesCount:0/latencyMS:150/seq:8/fileSize:1048576/nodeType:Passive/nodeTypeIndex:5/meta:msgs_rcvd","measures":{"value":17}}
{"ts":1669475134190915023,"type":"point","name":"exType:baseline/permutationIndex:0/run:17/dialer:center/eavesCount:0/latencyMS:150/seq:8/fileSize:1048576/nodeType:Passive/nodeTypeIndex:5/meta:data_sent","measures":{"value":0}}
{"ts":1669475134190920314,"type":"point","name":"exType:baseline/permutationIndex:0/run:17/dialer:center/eavesCount:0/latencyMS:150/seq:8/fileSize:1048576/nodeType:Passive/nodeTypeIndex:5/meta:data_rcvd","measures":{"value":0}}
{"ts":1669475134190923376,"type":"point","name":"exType:baseline/permutationIndex:0/run:17/dialer:center/eavesCount:0/latencyMS:150/seq:8/fileSize:1048576/nodeType:Passive/nodeTypeIndex:5/meta:dup_data_rcvd","measures":{"value":0}}
{"ts":1669475134190926077,"type":"point","name":"exType:baseline/permutationIndex:0/run:17/dialer:center/eavesCount:0/latencyMS:150/seq:8/fileSize:1048576/nodeType:Passive/nodeTypeIndex:5/meta:blks_sent","measures":{"value":0}}
{"ts":1669475134190928945,"type":"point","name":"exType:baseline/permutationIndex:0/run:17/dialer:center/eavesCount:0/latencyMS:150/seq:8/fileSize:1048576/nodeType:Passive/nodeTypeIndex:5/meta:blks_rcvd","measures":{"value":0}}
{"ts":1669475134190931903,"type":"point","name":"exType:baseline/permutationIndex:0/run:17/dialer:center/eavesCount:0/latencyMS:150/seq:8/fileSize:1048576/nodeType:Passive/nodeTypeIndex:5/meta:dup_blks_rcvd","measures":{"value":0}}
{"ts":1669475138520026599,"type":"point","name":"exType:baseline/permutationIndex:0/run:18/dialer:center/eavesCount:0/latencyMS:150/seq:8/fileSize:1048576/nodeType:Passive/nodeTypeIndex:5/meta:msgs_rcvd","measures":{"value":1}}
{"ts":1669475138520052261,"type":"point","name":"exType:baseline/permutationIndex:0/run:18/dialer:center/eavesCount:0/latencyMS:150/seq:8/fileSize:1048576/nodeType:Passive/nodeTypeIndex:5/meta:data_sent","measures":{"value":0}}
{"ts":1669475138520055745,"type":"point","name":"exType:baseline/permutationIndex:0/run:18/dialer:center/eavesCount:0/latencyMS:150/seq:8/fileSize:1048576/nodeType:Passive/nodeTypeIndex:5/meta:data_rcvd","measures":{"value":0}}
{"ts":1669475138520060037,"type":"point","name":"exType:baseline/permutationIndex:0/run:18/dialer:center/eavesCount:0/latencyMS:150/seq:8/fileSize:1048576/nodeType:Passive/nodeTypeIndex:5/meta:dup_data_rcvd","measures":{"value":0}}
{"ts":1669475138520064307,"type":"point","name":"exType:baseline/permutationIndex:0/run:18/dialer:center/eavesCount:0/latencyMS:150/seq:8/fileSize:1048576/nodeType:Passive/nodeTypeIndex:5/meta:blks_sent","measures":{"value":0}}
{"ts":1669475138520066685,"type":"point","name":"exType:baseline/permutationIndex:0/run:18/dialer:center/eavesCount:0/latencyMS:150/seq:8/fileSize:1048576/nodeType:Passive/nodeTypeIndex:5/meta:blks_rcvd","measures":{"value":0}}
{"ts":1669475138520069161,"type":"point","name":"exType:baseline/permutationIndex:0/run:18/dialer:center/eavesCount:0/latencyMS:150/seq:8/fileSize:1048576/nodeType:Passive/nodeTypeIndex:5/meta:dup_blks_rcvd","measures":{"value":0}}
{"ts":1669475142984841757,"type":"point","name":"exType:baseline/permutationIndex:0/run:19/dialer:center/eavesCount:0/latencyMS:150/seq:8/fileSize:1048576/nodeType:Passive/nodeTypeIndex:5/meta:msgs_rcvd","measures":{"value":3}}
{"ts":1669475142984881426,"type":"point","name":"exType:baseline/permutationIndex:0/run:19/dialer:center/eavesCount:0/latencyMS:150/seq:8/fileSize:1048576/nodeType:Passive/nodeTypeIndex:5/meta:data_sent","measures":{"value":0}}
{"ts":1669475142984893768,"type":"point","name":"exType:baseline/permutationIndex:0/run:19/dialer:center/eavesCount:0/latencyMS:150/seq:8/fileSize:1048576/nodeType:Passive/nodeTypeIndex:5/meta:data_rcvd","measures":{"value":0}}
{"ts":1669475142984899553,"type":"point","name":"exType:baseline/permutationIndex:0/run:19/dialer:center/eavesCount:0/latencyMS:150/seq:8/fileSize:1048576/nodeType:Passive/nodeTypeIndex:5/meta:dup_data_rcvd","measures":{"value":0}}
{"ts":1669475142984904565,"type":"point","name":"exType:baseline/permutationIndex:0/run:19/dialer:center/eavesCount:0/latencyMS:150/seq:8/fileSize:1048576/nodeType:Passive/nodeTypeIndex:5/meta:blks_sent","measures":{"value":0}}
{"ts":1669475142984910702,"type":"point","name":"exType:baseline/permutationIndex:0/run:19/dialer:center/eavesCount:0/latencyMS:150/seq:8/fileSize:1048576/nodeType:Passive/nodeTypeIndex:5/meta:blks_rcvd","measures":{"value":0}}
{"ts":1669475142984915103,"type":"point","name":"exType:baseline/permutationIndex:0/run:19/dialer:center/eavesCount:0/latencyMS:150/seq:8/fileSize:1048576/nodeType:Passive/nodeTypeIndex:5/meta:dup_blks_rcvd","measures":{"value":0}}
{"ts":1669475147495682783,"type":"point","name":"exType:baseline/permutationIndex:0/run:20/dialer:center/eavesCount:0/latencyMS:150/seq:8/fileSize:1048576/nodeType:Passive/nodeTypeIndex:5/meta:msgs_rcvd","measures":{"value":3}}
{"ts":1669475147495710011,"type":"point","name":"exType:baseline/permutationIndex:0/run:20/dialer:center/eavesCount:0/latencyMS:150/seq:8/fileSize:1048576/nodeType:Passive/nodeTypeIndex:5/meta:data_sent","measures":{"value":0}}
{"ts":1669475147495715213,"type":"point","name":"exType:baseline/permutationIndex:0/run:20/dialer:center/eavesCount:0/latencyMS:150/seq:8/fileSize:1048576/nodeType:Passive/nodeTypeIndex:5/meta:data_rcvd","measures":{"value":0}}
{"ts":1669475147495717828,"type":"point","name":"exType:baseline/permutationIndex:0/run:20/dialer:center/eavesCount:0/latencyMS:150/seq:8/fileSize:1048576/nodeType:Passive/nodeTypeIndex:5/meta:dup_data_rcvd","measures":{"value":0}}
{"ts":1669475147495720167,"type":"point","name":"exType:baseline/permutationIndex:0/run:20/dialer:center/eavesCount:0/latencyMS:150/seq:8/fileSize:1048576/nodeType:Passive/nodeTypeIndex:5/meta:blks_sent","measures":{"value":0}}
{"ts":1669475147495722930,"type":"point","name":"exType:baseline/permutationIndex:0/run:20/dialer:center/eavesCount:0/latencyMS:150/seq:8/fileSize:1048576/nodeType:Passive/nodeTypeIndex:5/meta:blks_rcvd","measures":{"value":0}}
{"ts":1669475147495725366,"type":"point","name":"exType:baseline/permutationIndex:0/run:20/dialer:center/eavesCount:0/latencyMS:150/seq:8/fileSize:1048576/nodeType:Passive/nodeTypeIndex:5/meta:dup_blks_rcvd","measures":{"value":0}}
{"ts":1669475152004366681,"type":"point","name":"exType:baseline/permutationIndex:0/run:21/dialer:center/eavesCount:0/latencyMS:150/seq:8/fileSize:1048576/nodeType:Passive/nodeTypeIndex:5/meta:msgs_rcvd","measures":{"value":3}}
{"ts":1669475152004410380,"type":"point","name":"exType:baseline/permutationIndex:0/run:21/dialer:center/eavesCount:0/latencyMS:150/seq:8/fileSize:1048576/nodeType:Passive/nodeTypeIndex:5/meta:data_sent","measures":{"value":0}}
{"ts":1669475152004420545,"type":"point","name":"exType:baseline/permutationIndex:0/run:21/dialer:center/eavesCount:0/latencyMS:150/seq:8/fileSize:1048576/nodeType:Passive/nodeTypeIndex:5/meta:data_rcvd","measures":{"value":0}}
{"ts":1669475152004430006,"type":"point","name":"exType:baseline/permutationIndex:0/run:21/dialer:center/eavesCount:0/latencyMS:150/seq:8/fileSize:1048576/nodeType:Passive/nodeTypeIndex:5/meta:dup_data_rcvd","measures":{"value":0}}
{"ts":1669475152004449717,"type":"point","name":"exType:baseline/permutationIndex:0/run:21/dialer:center/eavesCount:0/latencyMS:150/seq:8/fileSize:1048576/nodeType:Passive/nodeTypeIndex:5/meta:blks_sent","measures":{"value":0}}
{"ts":1669475152004460664,"type":"point","name":"exType:baseline/permutationIndex:0/run:21/dialer:center/eavesCount:0/latencyMS:150/seq:8/fileSize:1048576/nodeType:Passive/nodeTypeIndex:5/meta:blks_rcvd","measures":{"value":0}}
{"ts":1669475152004467151,"type":"point","name":"exType:baseline/permutationIndex:0/run:21/dialer:center/eavesCount:0/latencyMS:150/seq:8/fileSize:1048576/nodeType:Passive/nodeTypeIndex:5/meta:dup_blks_rcvd","measures":{"value":0}}
{"ts":1669475156470839763,"type":"point","name":"exType:baseline/permutationIndex:0/run:22/dialer:center/eavesCount:0/latencyMS:150/seq:8/fileSize:1048576/nodeType:Passive/nodeTypeIndex:5/meta:msgs_rcvd","measures":{"value":0}}
{"ts":1669475156470868490,"type":"point","name":"exType:baseline/permutationIndex:0/run:22/dialer:center/eavesCount:0/latencyMS:150/seq:8/fileSize:1048576/nodeType:Passive/nodeTypeIndex:5/meta:data_sent","measures":{"value":0}}
{"ts":1669475156470873217,"type":"point","name":"exType:baseline/permutationIndex:0/run:22/dialer:center/eavesCount:0/latencyMS:150/seq:8/fileSize:1048576/nodeType:Passive/nodeTypeIndex:5/meta:data_rcvd","measures":{"value":0}}
{"ts":1669475156470876053,"type":"point","name":"exType:baseline/permutationIndex:0/run:22/dialer:center/eavesCount:0/latencyMS:150/seq:8/fileSize:1048576/nodeType:Passive/nodeTypeIndex:5/meta:dup_data_rcvd","measures":{"value":0}}
{"ts":1669475156470878606,"type":"point","name":"exType:baseline/permutationIndex:0/run:22/dialer:center/eavesCount:0/latencyMS:150/seq:8/fileSize:1048576/nodeType:Passive/nodeTypeIndex:5/meta:blks_sent","measures":{"value":0}}
{"ts":1669475156470881167,"type":"point","name":"exType:baseline/permutationIndex:0/run:22/dialer:center/eavesCount:0/latencyMS:150/seq:8/fileSize:1048576/nodeType:Passive/nodeTypeIndex:5/meta:blks_rcvd","measures":{"value":0}}
{"ts":1669475156470883790,"type":"point","name":"exType:baseline/permutationIndex:0/run:22/dialer:center/eavesCount:0/latencyMS:150/seq:8/fileSize:1048576/nodeType:Passive/nodeTypeIndex:5/meta:dup_blks_rcvd","measures":{"value":0}}
{"ts":1669475161247868236,"type":"point","name":"exType:baseline/permutationIndex:0/run:23/dialer:center/eavesCount:0/latencyMS:150/seq:8/fileSize:1048576/nodeType:Passive/nodeTypeIndex:5/meta:msgs_rcvd","measures":{"value":3}}
{"ts":1669475161247895448,"type":"point","name":"exType:baseline/permutationIndex:0/run:23/dialer:center/eavesCount:0/latencyMS:150/seq:8/fileSize:1048576/nodeType:Passive/nodeTypeIndex:5/meta:data_sent","measures":{"value":0}}
{"ts":1669475161247898915,"type":"point","name":"exType:baseline/permutationIndex:0/run:23/dialer:center/eavesCount:0/latencyMS:150/seq:8/fileSize:1048576/nodeType:Passive/nodeTypeIndex:5/meta:data_rcvd","measures":{"value":0}}
{"ts":1669475161247901748,"type":"point","name":"exType:baseline/permutationIndex:0/run:23/dialer:center/eavesCount:0/latencyMS:150/seq:8/fileSize:1048576/nodeType:Passive/nodeTypeIndex:5/meta:dup_data_rcvd","measures":{"value":0}}
{"ts":1669475161247904087,"type":"point","name":"exType:baseline/permutationIndex:0/run:23/dialer:center/eavesCount:0/latencyMS:150/seq:8/fileSize:1048576/nodeType:Passive/nodeTypeIndex:5/meta:blks_sent","measures":{"value":0}}
{"ts":1669475161247906443,"type":"point","name":"exType:baseline/permutationIndex:0/run:23/dialer:center/eavesCount:0/latencyMS:150/seq:8/fileSize:1048576/nodeType:Passive/nodeTypeIndex:5/meta:blks_rcvd","measures":{"value":0}}
{"ts":1669475161247909017,"type":"point","name":"exType:baseline/permutationIndex:0/run:23/dialer:center/eavesCount:0/latencyMS:150/seq:8/fileSize:1048576/nodeType:Passive/nodeTypeIndex:5/meta:dup_blks_rcvd","measures":{"value":0}}
{"ts":1669475165691101887,"type":"point","name":"exType:baseline/permutationIndex:0/run:24/dialer:center/eavesCount:0/latencyMS:150/seq:8/fileSize:1048576/nodeType:Passive/nodeTypeIndex:5/meta:msgs_rcvd","measures":{"value":3}}
{"ts":1669475165691395383,"type":"point","name":"exType:baseline/permutationIndex:0/run:24/dialer:center/eavesCount:0/latencyMS:150/seq:8/fileSize:1048576/nodeType:Passive/nodeTypeIndex:5/meta:data_sent","measures":{"value":0}}
{"ts":1669475165691407531,"type":"point","name":"exType:baseline/permutationIndex:0/run:24/dialer:center/eavesCount:0/latencyMS:150/seq:8/fileSize:1048576/nodeType:Passive/nodeTypeIndex:5/meta:data_rcvd","measures":{"value":0}}
{"ts":1669475165691411408,"type":"point","name":"exType:baseline/permutationIndex:0/run:24/dialer:center/eavesCount:0/latencyMS:150/seq:8/fileSize:1048576/nodeType:Passive/nodeTypeIndex:5/meta:dup_data_rcvd","measures":{"value":0}}
{"ts":1669475165691415327,"type":"point","name":"exType:baseline/permutationIndex:0/run:24/dialer:center/eavesCount:0/latencyMS:150/seq:8/fileSize:1048576/nodeType:Passive/nodeTypeIndex:5/meta:blks_sent","measures":{"value":0}}
{"ts":1669475165691418804,"type":"point","name":"exType:baseline/permutationIndex:0/run:24/dialer:center/eavesCount:0/latencyMS:150/seq:8/fileSize:1048576/nodeType:Passive/nodeTypeIndex:5/meta:blks_rcvd","measures":{"value":0}}
{"ts":1669475165691422527,"type":"point","name":"exType:baseline/permutationIndex:0/run:24/dialer:center/eavesCount:0/latencyMS:150/seq:8/fileSize:1048576/nodeType:Passive/nodeTypeIndex:5/meta:dup_blks_rcvd","measures":{"value":0}}
