{"ts":1670665318237184662,"type":"point","name":"exType:trickle/permutationIndex:0/run:1/dialer:edge/eavesCount:0/latencyMS:100/tricklingDelay:0/seq:8/fileSize:1048576/nodeType:Passive/nodeTypeIndex:5/meta:msgs_rcvd","measures":{"value":56}}
{"ts":1670665318237317885,"type":"point","name":"exType:trickle/permutationIndex:0/run:1/dialer:edge/eavesCount:0/latencyMS:100/tricklingDelay:0/seq:8/fileSize:1048576/nodeType:Passive/nodeTypeIndex:5/meta:data_sent","measures":{"value":2360022}}
{"ts":1670665318237348324,"type":"point","name":"exType:trickle/permutationIndex:0/run:1/dialer:edge/eavesCount:0/latencyMS:100/tricklingDelay:0/seq:8/fileSize:1048576/nodeType:Passive/nodeTypeIndex:5/meta:data_rcvd","measures":{"value":2360022}}
{"ts":1670665318237371046,"type":"point","name":"exType:trickle/permutationIndex:0/run:1/dialer:edge/eavesCount:0/latencyMS:100/tricklingDelay:0/seq:8/fileSize:1048576/nodeType:Passive/nodeTypeIndex:5/meta:dup_data_rcvd","measures":{"value":1311190}}
{"ts":1670665318237408416,"type":"point","name":"exType:trickle/permutationIndex:0/run:1/dialer:edge/eavesCount:0/latencyMS:100/tricklingDelay:0/seq:8/fileSize:1048576/nodeType:Passive/nodeTypeIndex:5/meta:blks_sent","measures":{"value":12}}
{"ts":1670665318237432106,"type":"point","name":"exType:trickle/permutationIndex:0/run:1/dialer:edge/eavesCount:0/latencyMS:100/tricklingDelay:0/seq:8/fileSize:1048576/nodeType:Passive/nodeTypeIndex:5/meta:blks_rcvd","measures":{"value":12}}
{"ts":1670665318237454663,"type":"point","name":"exType:trickle/permutationIndex:0/run:1/dialer:edge/eavesCount:0/latencyMS:100/tricklingDelay:0/seq:8/fileSize:1048576/nodeType:Passive/nodeTypeIndex:5/meta:dup_blks_rcvd","measures":{"value":7}}
{"ts":1670665329011582410,"type":"point","name":"exType:trickle/permutationIndex:0/run:2/dialer:edge/eavesCount:0/latencyMS:100/tricklingDelay:0/seq:8/fileSize:1048576/nodeType:Passive/nodeTypeIndex:5/meta:msgs_rcvd","measures":{"value":48}}
{"ts":1670665329011622624,"type":"point","name":"exType:trickle/permutationIndex:0/run:2/dialer:edge/eavesCount:0/latencyMS:100/tricklingDelay:0/seq:8/fileSize:1048576/nodeType:Passive/nodeTypeIndex:5/meta:data_sent","measures":{"value":2360022}}
{"ts":1670665329011639743,"type":"point","name":"exType:trickle/permutationIndex:0/run:2/dialer:edge/eavesCount:0/latencyMS:100/tricklingDelay:0/seq:8/fileSize:1048576/nodeType:Passive/nodeTypeIndex:5/meta:data_rcvd","measures":{"value":2097664}}
{"ts":1670665329011646587,"type":"point","name":"exType:trickle/permutationIndex:0/run:2/dialer:edge/eavesCount:0/latencyMS:100/tricklingDelay:0/seq:8/fileSize:1048576/nodeType:Passive/nodeTypeIndex:5/meta:dup_data_rcvd","measures":{"value":1048832}}
{"ts":1670665329011652555,"type":"point","name":"exType:trickle/permutationIndex:0/run:2/dialer:edge/eavesCount:0/latencyMS:100/tricklingDelay:0/seq:8/fileSize:1048576/nodeType:Passive/nodeTypeIndex:5/meta:blks_sent","measures":{"value":12}}
{"ts":1670665329011658084,"type":"point","name":"exType:trickle/permutationIndex:0/run:2/dialer:edge/eavesCount:0/latencyMS:100/tricklingDelay:0/seq:8/fileSize:1048576/nodeType:Passive/nodeTypeIndex:5/meta:blks_rcvd","measures":{"value":10}}
{"ts":1670665329011663504,"type":"point","name":"exType:trickle/permutationIndex:0/run:2/dialer:edge/eavesCount:0/latencyMS:100/tricklingDelay:0/seq:8/fileSize:1048576/nodeType:Passive/nodeTypeIndex:5/meta:dup_blks_rcvd","measures":{"value":5}}
{"ts":1670665339659663195,"type":"point","name":"exType:trickle/permutationIndex:0/run:3/dialer:edge/eavesCount:0/latencyMS:100/tricklingDelay:0/seq:8/fileSize:1048576/nodeType:Passive/nodeTypeIndex:5/meta:msgs_rcvd","measures":{"value":50}}
{"ts":1670665339659677497,"type":"point","name":"exType:trickle/permutationIndex:0/run:3/dialer:edge/eavesCount:0/latencyMS:100/tricklingDelay:0/seq:8/fileSize:1048576/nodeType:Passive/nodeTypeIndex:5/meta:data_sent","measures":{"value":1835506}}
{"ts":1670665339659680906,"type":"point","name":"exType:trickle/permutationIndex:0/run:3/dialer:edge/eavesCount:0/latencyMS:100/tricklingDelay:0/seq:8/fileSize:1048576/nodeType:Passive/nodeTypeIndex:5/meta:data_rcvd","measures":{"value":2360022}}
{"ts":1670665339659691536,"type":"point","name":"exType:trickle/permutationIndex:0/run:3/dialer:edge/eavesCount:0/latencyMS:100/tricklingDelay:0/seq:8/fileSize:1048576/nodeType:Passive/nodeTypeIndex:5/meta:dup_data_rcvd","measures":{"value":1311190}}
{"ts":1670665339659694952,"type":"point","name":"exType:trickle/permutationIndex:0/run:3/dialer:edge/eavesCount:0/latencyMS:100/tricklingDelay:0/seq:8/fileSize:1048576/nodeType:Passive/nodeTypeIndex:5/meta:blks_sent","measures":{"value":9}}
{"ts":1670665339659697256,"type":"point","name":"exType:trickle/permutationIndex:0/run:3/dialer:edge/eavesCount:0/latencyMS:100/tricklingDelay:0/seq:8/fileSize:1048576/nodeType:Passive/nodeTypeIndex:5/meta:blks_rcvd","measures":{"value":12}}
{"ts":1670665339659699642,"type":"point","name":"exType:trickle/permutationIndex:0/run:3/dialer:edge/eavesCount:0/latencyMS:100/tricklingDelay:0/seq:8/fileSize:1048576/nodeType:Passive/nodeTypeIndex:5/meta:dup_blks_rcvd","measures":{"value":7}}
{"ts":1670665350597697023,"type":"point","name":"exType:trickle/permutationIndex:0/run:4/dialer:edge/eavesCount:0/latencyMS:100/tricklingDelay:0/seq:8/fileSize:1048576/nodeType:Passive/nodeTypeIndex:5/meta:msgs_rcvd","measures":{"value":47}}
{"ts":1670665350597785748,"type":"point","name":"exType:trickle/permutationIndex:0/run:4/dialer:edge/eavesCount:0/latencyMS:100/tricklingDelay:0/seq:8/fileSize:1048576/nodeType:Passive/nodeTypeIndex:5/meta:data_sent","measures":{"value":2097464}}
{"ts":1670665350597816424,"type":"point","name":"exType:trickle/permutationIndex:0/run:4/dialer:edge/eavesCount:0/latencyMS:100/tricklingDelay:0/seq:8/fileSize:1048576/nodeType:Passive/nodeTypeIndex:5/meta:data_rcvd","measures":{"value":2360022}}
{"ts":1670665350597839725,"type":"point","name":"exType:trickle/permutationIndex:0/run:4/dialer:edge/eavesCount:0/latencyMS:100/tricklingDelay:0/seq:8/fileSize:1048576/nodeType:Passive/nodeTypeIndex:5/meta:dup_data_rcvd","measures":{"value":1311190}}
{"ts":1670665350597862800,"type":"point","name":"exType:trickle/permutationIndex:0/run:4/dialer:edge/eavesCount:0/latencyMS:100/tricklingDelay:0/seq:8/fileSize:1048576/nodeType:Passive/nodeTypeIndex:5/meta:blks_sent","measures":{"value":9}}
{"ts":1670665350597884454,"type":"point","name":"exType:trickle/permutationIndex:0/run:4/dialer:edge/eavesCount:0/latencyMS:100/tricklingDelay:0/seq:8/fileSize:1048576/nodeType:Passive/nodeTypeIndex:5/meta:blks_rcvd","measures":{"value":12}}
{"ts":1670665350597905344,"type":"point","name":"exType:trickle/permutationIndex:0/run:4/dialer:edge/eavesCount:0/latencyMS:100/tricklingDelay:0/seq:8/fileSize:1048576/nodeType:Passive/nodeTypeIndex:5/meta:dup_blks_rcvd","measures":{"value":7}}
{"ts":1670665360735543015,"type":"point","name":"exType:trickle/permutationIndex:0/run:5/dialer:edge/eavesCount:0/latencyMS:100/tricklingDelay:0/seq:8/fileSize:1048576/nodeType:Passive/nodeTypeIndex:5/meta:msgs_rcvd","measures":{"value":53}}
{"ts":1670665360735633533,"type":"point","name":"exType:trickle/permutationIndex:0/run:5/dialer:edge/eavesCount:0/latencyMS:100/tricklingDelay:0/seq:8/fileSize:1048576/nodeType:Passive/nodeTypeIndex:5/meta:data_sent","measures":{"value":2097664}}
{"ts":1670665360735658707,"type":"point","name":"exType:trickle/permutationIndex:0/run:5/dialer:edge/eavesCount:0/latencyMS:100/tricklingDelay:0/seq:8/fileSize:1048576/nodeType:Passive/nodeTypeIndex:5/meta:data_rcvd","measures":{"value":2360022}}
{"ts":1670665360735680969,"type":"point","name":"exType:trickle/permutationIndex:0/run:5/dialer:edge/eavesCount:0/latencyMS:100/tricklingDelay:0/seq:8/fileSize:1048576/nodeType:Passive/nodeTypeIndex:5/meta:dup_data_rcvd","measures":{"value":1311190}}
{"ts":1670665360735702158,"type":"point","name":"exType:trickle/permutationIndex:0/run:5/dialer:edge/eavesCount:0/latencyMS:100/tricklingDelay:0/seq:8/fileSize:1048576/nodeType:Passive/nodeTypeIndex:5/meta:blks_sent","measures":{"value":10}}
{"ts":1670665360735724264,"type":"point","name":"exType:trickle/permutationIndex:0/run:5/dialer:edge/eavesCount:0/latencyMS:100/tricklingDelay:0/seq:8/fileSize:1048576/nodeType:Passive/nodeTypeIndex:5/meta:blks_rcvd","measures":{"value":12}}
{"ts":1670665360735771873,"type":"point","name":"exType:trickle/permutationIndex:0/run:5/dialer:edge/eavesCount:0/latencyMS:100/tricklingDelay:0/seq:8/fileSize:1048576/nodeType:Passive/nodeTypeIndex:5/meta:dup_blks_rcvd","measures":{"value":7}}
{"ts":1670665371581816888,"type":"point","name":"exType:trickle/permutationIndex:0/run:6/dialer:edge/eavesCount:0/latencyMS:100/tricklingDelay:0/seq:8/fileSize:1048576/nodeType:Passive/nodeTypeIndex:5/meta:msgs_rcvd","measures":{"value":50}}
{"ts":1670665371581941432,"type":"point","name":"exType:trickle/permutationIndex:0/run:6/dialer:edge/eavesCount:0/latencyMS:100/tricklingDelay:0/seq:8/fileSize:1048576/nodeType:Passive/nodeTypeIndex:5/meta:data_sent","measures":{"value":2097664}}
{"ts":1670665371581973455,"type":"point","name":"exType:trickle/permutationIndex:0/run:6/dialer:edge/eavesCount:0/latencyMS:100/tricklingDelay:0/seq:8/fileSize:1048576/nodeType:Passive/nodeTypeIndex:5/meta:data_rcvd","measures":{"value":1835706}}
{"ts":1670665371581995764,"type":"point","name":"exType:trickle/permutationIndex:0/run:6/dialer:edge/eavesCount:0/latencyMS:100/tricklingDelay:0/seq:8/fileSize:1048576/nodeType:Passive/nodeTypeIndex:5/meta:dup_data_rcvd","measures":{"value":786874}}
{"ts":1670665371582018395,"type":"point","name":"exType:trickle/permutationIndex:0/run:6/dialer:edge/eavesCount:0/latencyMS:100/tricklingDelay:0/seq:8/fileSize:1048576/nodeType:Passive/nodeTypeIndex:5/meta:blks_sent","measures":{"value":10}}
{"ts":1670665371582038536,"type":"point","name":"exType:trickle/permutationIndex:0/run:6/dialer:edge/eavesCount:0/latencyMS:100/tricklingDelay:0/seq:8/fileSize:1048576/nodeType:Passive/nodeTypeIndex:5/meta:blks_rcvd","measures":{"value":10}}
{"ts":1670665371582060218,"type":"point","name":"exType:trickle/permutationIndex:0/run:6/dialer:edge/eavesCount:0/latencyMS:100/tricklingDelay:0/seq:8/fileSize:1048576/nodeType:Passive/nodeTypeIndex:5/meta:dup_blks_rcvd","measures":{"value":5}}
{"ts":1670665382112648757,"type":"point","name":"exType:trickle/permutationIndex:0/run:7/dialer:edge/eavesCount:0/latencyMS:100/tricklingDelay:0/seq:8/fileSize:1048576/nodeType:Passive/nodeTypeIndex:5/meta:msgs_rcvd","measures":{"value":44}}
{"ts":1670665382112736407,"type":"point","name":"exType:trickle/permutationIndex:0/run:7/dialer:edge/eavesCount:0/latencyMS:100/tricklingDelay:0/seq:8/fileSize:1048576/nodeType:Passive/nodeTypeIndex:5/meta:data_sent","measures":{"value":2097864}}
{"ts":1670665382112766650,"type":"point","name":"exType:trickle/permutationIndex:0/run:7/dialer:edge/eavesCount:0/latencyMS:100/tricklingDelay:0/seq:8/fileSize:1048576/nodeType:Passive/nodeTypeIndex:5/meta:data_rcvd","measures":{"value":2359822}}
{"ts":1670665382112792197,"type":"point","name":"exType:trickle/permutationIndex:0/run:7/dialer:edge/eavesCount:0/latencyMS:100/tricklingDelay:0/seq:8/fileSize:1048576/nodeType:Passive/nodeTypeIndex:5/meta:dup_data_rcvd","measures":{"value":1310990}}
{"ts":1670665382112814744,"type":"point","name":"exType:trickle/permutationIndex:0/run:7/dialer:edge/eavesCount:0/latencyMS:100/tricklingDelay:0/seq:8/fileSize:1048576/nodeType:Passive/nodeTypeIndex:5/meta:blks_sent","measures":{"value":11}}
{"ts":1670665382112839418,"type":"point","name":"exType:trickle/permutationIndex:0/run:7/dialer:edge/eavesCount:0/latencyMS:100/tricklingDelay:0/seq:8/fileSize:1048576/nodeType:Passive/nodeTypeIndex:5/meta:blks_rcvd","measures":{"value":11}}
{"ts":1670665382112860469,"type":"point","name":"exType:trickle/permutationIndex:0/run:7/dialer:edge/eavesCount:0/latencyMS:100/tricklingDelay:0/seq:8/fileSize:1048576/nodeType:Passive/nodeTypeIndex:5/meta:dup_blks_rcvd","measures":{"value":6}}
{"ts":1670665393010868316,"type":"point","name":"exType:trickle/permutationIndex:0/run:8/dialer:edge/eavesCount:0/latencyMS:100/tricklingDelay:0/seq:8/fileSize:1048576/nodeType:Passive/nodeTypeIndex:5/meta:msgs_rcvd","measures":{"value":49}}
{"ts":1670665393010890698,"type":"point","name":"exType:trickle/permutationIndex:0/run:8/dialer:edge/eavesCount:0/latencyMS:100/tricklingDelay:0/seq:8/fileSize:1048576/nodeType:Passive/nodeTypeIndex:5/meta:data_sent","measures":{"value":2359622}}
{"ts":1670665393010898696,"type":"point","name":"exType:trickle/permutationIndex:0/run:8/dialer:edge/eavesCount:0/latencyMS:100/tricklingDelay:0/seq:8/fileSize:1048576/nodeType:Passive/nodeTypeIndex:5/meta:data_rcvd","measures":{"value":1835706}}
{"ts":1670665393010901484,"type":"point","name":"exType:trickle/permutationIndex:0/run:8/dialer:edge/eavesCount:0/latencyMS:100/tricklingDelay:0/seq:8/fileSize:1048576/nodeType:Passive/nodeTypeIndex:5/meta:dup_data_rcvd","measures":{"value":786874}}
{"ts":1670665393010903697,"type":"point","name":"exType:trickle/permutationIndex:0/run:8/dialer:edge/eavesCount:0/latencyMS:100/tricklingDelay:0/seq:8/fileSize:1048576/nodeType:Passive/nodeTypeIndex:5/meta:blks_sent","measures":{"value":10}}
{"ts":1670665393010906231,"type":"point","name":"exType:trickle/permutationIndex:0/run:8/dialer:edge/eavesCount:0/latencyMS:100/tricklingDelay:0/seq:8/fileSize:1048576/nodeType:Passive/nodeTypeIndex:5/meta:blks_rcvd","measures":{"value":10}}
{"ts":1670665393010908633,"type":"point","name":"exType:trickle/permutationIndex:0/run:8/dialer:edge/eavesCount:0/latencyMS:100/tricklingDelay:0/seq:8/fileSize:1048576/nodeType:Passive/nodeTypeIndex:5/meta:dup_blks_rcvd","measures":{"value":5}}
{"ts":1670665404094340168,"type":"point","name":"exType:trickle/permutationIndex:0/run:9/dialer:edge/eavesCount:0/latencyMS:100/tricklingDelay:0/seq:8/fileSize:1048576/nodeType:Passive/nodeTypeIndex:5/meta:msgs_rcvd","measures":{"value":48}}
{"ts":1670665404094355369,"type":"point","name":"exType:trickle/permutationIndex:0/run:9/dialer:edge/eavesCount:0/latencyMS:100/tricklingDelay:0/seq:8/fileSize:1048576/nodeType:Passive/nodeTypeIndex:5/meta:data_sent","measures":{"value":2097864}}
{"ts":1670665404094358484,"type":"point","name":"exType:trickle/permutationIndex:0/run:9/dialer:edge/eavesCount:0/latencyMS:100/tricklingDelay:0/seq:8/fileSize:1048576/nodeType:Passive/nodeTypeIndex:5/meta:data_rcvd","measures":{"value":2621980}}
{"ts":1670665404094361021,"type":"point","name":"exType:trickle/permutationIndex:0/run:9/dialer:edge/eavesCount:0/latencyMS:100/tricklingDelay:0/seq:8/fileSize:1048576/nodeType:Passive/nodeTypeIndex:5/meta:dup_data_rcvd","measures":{"value":1573148}}
{"ts":1670665404094363416,"type":"point","name":"exType:trickle/permutationIndex:0/run:9/dialer:edge/eavesCount:0/latencyMS:100/tricklingDelay:0/seq:8/fileSize:1048576/nodeType:Passive/nodeTypeIndex:5/meta:blks_sent","measures":{"value":11}}
{"ts":1670665404094366015,"type":"point","name":"exType:trickle/permutationIndex:0/run:9/dialer:edge/eavesCount:0/latencyMS:100/tricklingDelay:0/seq:8/fileSize:1048576/nodeType:Passive/nodeTypeIndex:5/meta:blks_rcvd","measures":{"value":12}}
{"ts":1670665404094368415,"type":"point","name":"exType:trickle/permutationIndex:0/run:9/dialer:edge/eavesCount:0/latencyMS:100/tricklingDelay:0/seq:8/fileSize:1048576/nodeType:Passive/nodeTypeIndex:5/meta:dup_blks_rcvd","measures":{"value":7}}
{"ts":1670665415333235056,"type":"point","name":"exType:trickle/permutationIndex:0/run:10/dialer:edge/eavesCount:0/latencyMS:100/tricklingDelay:0/seq:8/fileSize:1048576/nodeType:Passive/nodeTypeIndex:5/meta:msgs_rcvd","measures":{"value":51}}
{"ts":1670665415333328525,"type":"point","name":"exType:trickle/permutationIndex:0/run:10/dialer:edge/eavesCount:0/latencyMS:100/tricklingDelay:0/seq:8/fileSize:1048576/nodeType:Passive/nodeTypeIndex:5/meta:data_sent","measures":{"value":2097664}}
{"ts":1670665415333359459,"type":"point","name":"exType:trickle/permutationIndex:0/run:10/dialer:edge/eavesCount:0/latencyMS:100/tricklingDelay:0/seq:8/fileSize:1048576/nodeType:Passive/nodeTypeIndex:5/meta:data_rcvd","measures":{"value":2622180}}
{"ts":1670665415333382068,"type":"point","name":"exType:trickle/permutationIndex:0/run:10/dialer:edge/eavesCount:0/latencyMS:100/tricklingDelay:0/seq:8/fileSize:1048576/nodeType:Passive/nodeTypeIndex:5/meta:dup_data_rcvd","measures":{"value":1573348}}
{"ts":1670665415334438636,"type":"point","name":"exType:trickle/permutationIndex:0/run:10/dialer:edge/eavesCount:0/latencyMS:100/tricklingDelay:0/seq:8/fileSize:1048576/nodeType:Passive/nodeTypeIndex:5/meta:blks_sent","measures":{"value":10}}
{"ts":1670665415334528169,"type":"point","name":"exType:trickle/permutationIndex:0/run:10/dialer:edge/eavesCount:0/latencyMS:100/tricklingDelay:0/seq:8/fileSize:1048576/nodeType:Passive/nodeTypeIndex:5/meta:blks_rcvd","measures":{"value":13}}
{"ts":1670665415334555587,"type":"point","name":"exType:trickle/permutationIndex:0/run:10/dialer:edge/eavesCount:0/latencyMS:100/tricklingDelay:0/seq:8/fileSize:1048576/nodeType:Passive/nodeTypeIndex:5/meta:dup_blks_rcvd","measures":{"value":8}}
{"ts":1670665425916991260,"type":"point","name":"exType:trickle/permutationIndex:0/run:11/dialer:edge/eavesCount:0/latencyMS:100/tricklingDelay:0/seq:8/fileSize:1048576/nodeType:Passive/nodeTypeIndex:5/meta:msgs_rcvd","measures":{"value":54}}
{"ts":1670665425917077832,"type":"point","name":"exType:trickle/permutationIndex:0/run:11/dialer:edge/eavesCount:0/latencyMS:100/tricklingDelay:0/seq:8/fileSize:1048576/nodeType:Passive/nodeTypeIndex:5/meta:data_sent","measures":{"value":1835706}}
{"ts":1670665425917110007,"type":"point","name":"exType:trickle/permutationIndex:0/run:11/dialer:edge/eavesCount:0/latencyMS:100/tricklingDelay:0/seq:8/fileSize:1048576/nodeType:Passive/nodeTypeIndex:5/meta:data_rcvd","measures":{"value":2884338}}
{"ts":1670665425917132553,"type":"point","name":"exType:trickle/permutationIndex:0/run:11/dialer:edge/eavesCount:0/latencyMS:100/tricklingDelay:0/seq:8/fileSize:1048576/nodeType:Passive/nodeTypeIndex:5/meta:dup_data_rcvd","measures":{"value":1573348}}
{"ts":1670665425917154565,"type":"point","name":"exType:trickle/permutationIndex:0/run:11/dialer:edge/eavesCount:0/latencyMS:100/tricklingDelay:0/seq:8/fileSize:1048576/nodeType:Passive/nodeTypeIndex:5/meta:blks_sent","measures":{"value":10}}
{"ts":1670665425917176174,"type":"point","name":"exType:trickle/permutationIndex:0/run:11/dialer:edge/eavesCount:0/latencyMS:100/tricklingDelay:0/seq:8/fileSize:1048576/nodeType:Passive/nodeTypeIndex:5/meta:blks_rcvd","measures":{"value":14}}
{"ts":1670665425917197874,"type":"point","name":"exType:trickle/permutationIndex:0/run:11/dialer:edge/eavesCount:0/latencyMS:100/tricklingDelay:0/seq:8/fileSize:1048576/nodeType:Passive/nodeTypeIndex:5/meta:dup_blks_rcvd","measures":{"value":8}}
{"ts":1670665436594008856,"type":"point","name":"exType:trickle/permutationIndex:0/run:12/dialer:edge/eavesCount:0/latencyMS:100/tricklingDelay:0/seq:8/fileSize:1048576/nodeType:Passive/nodeTypeIndex:5/meta:msgs_rcvd","measures":{"value":48}}
{"ts":1670665436594113370,"type":"point","name":"exType:trickle/permutationIndex:0/run:12/dialer:edge/eavesCount:0/latencyMS:100/tricklingDelay:0/seq:8/fileSize:1048576/nodeType:Passive/nodeTypeIndex:5/meta:data_sent","measures":{"value":2360022}}
{"ts":1670665436594141454,"type":"point","name":"exType:trickle/permutationIndex:0/run:12/dialer:edge/eavesCount:0/latencyMS:100/tricklingDelay:0/seq:8/fileSize:1048576/nodeType:Passive/nodeTypeIndex:5/meta:data_rcvd","measures":{"value":2359822}}
{"ts":1670665436594163922,"type":"point","name":"exType:trickle/permutationIndex:0/run:12/dialer:edge/eavesCount:0/latencyMS:100/tricklingDelay:0/seq:8/fileSize:1048576/nodeType:Passive/nodeTypeIndex:5/meta:dup_data_rcvd","measures":{"value":1310990}}
{"ts":1670665436594184881,"type":"point","name":"exType:trickle/permutationIndex:0/run:12/dialer:edge/eavesCount:0/latencyMS:100/tricklingDelay:0/seq:8/fileSize:1048576/nodeType:Passive/nodeTypeIndex:5/meta:blks_sent","measures":{"value":12}}
{"ts":1670665436594204710,"type":"point","name":"exType:trickle/permutationIndex:0/run:12/dialer:edge/eavesCount:0/latencyMS:100/tricklingDelay:0/seq:8/fileSize:1048576/nodeType:Passive/nodeTypeIndex:5/meta:blks_rcvd","measures":{"value":11}}
{"ts":1670665436594218025,"type":"point","name":"exType:trickle/permutationIndex:0/run:12/dialer:edge/eavesCount:0/latencyMS:100/tricklingDelay:0/seq:8/fileSize:1048576/nodeType:Passive/nodeTypeIndex:5/meta:dup_blks_rcvd","measures":{"value":6}}
{"ts":1670665447121850909,"type":"point","name":"exType:trickle/permutationIndex:0/run:13/dialer:edge/eavesCount:0/latencyMS:100/tricklingDelay:0/seq:8/fileSize:1048576/nodeType:Passive/nodeTypeIndex:5/meta:msgs_rcvd","measures":{"value":49}}
{"ts":1670665447121961907,"type":"point","name":"exType:trickle/permutationIndex:0/run:13/dialer:edge/eavesCount:0/latencyMS:100/tricklingDelay:0/seq:8/fileSize:1048576/nodeType:Passive/nodeTypeIndex:5/meta:data_sent","measures":{"value":1573548}}
{"ts":1670665447121983340,"type":"point","name":"exType:trickle/permutationIndex:0/run:13/dialer:edge/eavesCount:0/latencyMS:100/tricklingDelay:0/seq:8/fileSize:1048576/nodeType:Passive/nodeTypeIndex:5/meta:data_rcvd","measures":{"value":2621980}}
{"ts":1670665447121998051,"type":"point","name":"exType:trickle/permutationIndex:0/run:13/dialer:edge/eavesCount:0/latencyMS:100/tricklingDelay:0/seq:8/fileSize:1048576/nodeType:Passive/nodeTypeIndex:5/meta:dup_data_rcvd","measures":{"value":1573148}}
{"ts":1670665447122011461,"type":"point","name":"exType:trickle/permutationIndex:0/run:13/dialer:edge/eavesCount:0/latencyMS:100/tricklingDelay:0/seq:8/fileSize:1048576/nodeType:Passive/nodeTypeIndex:5/meta:blks_sent","measures":{"value":9}}
{"ts":1670665447122030111,"type":"point","name":"exType:trickle/permutationIndex:0/run:13/dialer:edge/eavesCount:0/latencyMS:100/tricklingDelay:0/seq:8/fileSize:1048576/nodeType:Passive/nodeTypeIndex:5/meta:blks_rcvd","measures":{"value":12}}
{"ts":1670665447122048990,"type":"point","name":"exType:trickle/permutationIndex:0/run:13/dialer:edge/eavesCount:0/latencyMS:100/tricklingDelay:0/seq:8/fileSize:1048576/nodeType:Passive/nodeTypeIndex:5/meta:dup_blks_rcvd","measures":{"value":7}}
{"ts":1670665457917516039,"type":"point","name":"exType:trickle/permutationIndex:0/run:14/dialer:edge/eavesCount:0/latencyMS:100/tricklingDelay:0/seq:8/fileSize:1048576/nodeType:Passive/nodeTypeIndex:5/meta:msgs_rcvd","measures":{"value":52}}
{"ts":1670665457917616072,"type":"point","name":"exType:trickle/permutationIndex:0/run:14/dialer:edge/eavesCount:0/latencyMS:100/tricklingDelay:0/seq:8/fileSize:1048576/nodeType:Passive/nodeTypeIndex:5/meta:data_sent","measures":{"value":1573548}}
{"ts":1670665457917640854,"type":"point","name":"exType:trickle/permutationIndex:0/run:14/dialer:edge/eavesCount:0/latencyMS:100/tricklingDelay:0/seq:8/fileSize:1048576/nodeType:Passive/nodeTypeIndex:5/meta:data_rcvd","measures":{"value":3146496}}
{"ts":1670665457917659623,"type":"point","name":"exType:trickle/permutationIndex:0/run:14/dialer:edge/eavesCount:0/latencyMS:100/tricklingDelay:0/seq:8/fileSize:1048576/nodeType:Passive/nodeTypeIndex:5/meta:dup_data_rcvd","measures":{"value":1311190}}
{"ts":1670665457917679020,"type":"point","name":"exType:trickle/permutationIndex:0/run:14/dialer:edge/eavesCount:0/latencyMS:100/tricklingDelay:0/seq:8/fileSize:1048576/nodeType:Passive/nodeTypeIndex:5/meta:blks_sent","measures":{"value":9}}
{"ts":1670665457917698067,"type":"point","name":"exType:trickle/permutationIndex:0/run:14/dialer:edge/eavesCount:0/latencyMS:100/tricklingDelay:0/seq:8/fileSize:1048576/nodeType:Passive/nodeTypeIndex:5/meta:blks_rcvd","measures":{"value":15}}
{"ts":1670665457917715418,"type":"point","name":"exType:trickle/permutationIndex:0/run:14/dialer:edge/eavesCount:0/latencyMS:100/tricklingDelay:0/seq:8/fileSize:1048576/nodeType:Passive/nodeTypeIndex:5/meta:dup_blks_rcvd","measures":{"value":7}}
{"ts":1670665468524537674,"type":"point","name":"exType:trickle/permutationIndex:0/run:15/dialer:edge/eavesCount:0/latencyMS:100/tricklingDelay:0/seq:8/fileSize:1048576/nodeType:Passive/nodeTypeIndex:5/meta:msgs_rcvd","measures":{"value":44}}
{"ts":1670665468524632812,"type":"point","name":"exType:trickle/permutationIndex:0/run:15/dialer:edge/eavesCount:0/latencyMS:100/tricklingDelay:0/seq:8/fileSize:1048576/nodeType:Passive/nodeTypeIndex:5/meta:data_sent","measures":{"value":2360022}}
{"ts":1670665468524665356,"type":"point","name":"exType:trickle/permutationIndex:0/run:15/dialer:edge/eavesCount:0/latencyMS:100/tricklingDelay:0/seq:8/fileSize:1048576/nodeType:Passive/nodeTypeIndex:5/meta:data_rcvd","measures":{"value":1835506}}
{"ts":1670665468524719382,"type":"point","name":"exType:trickle/permutationIndex:0/run:15/dialer:edge/eavesCount:0/latencyMS:100/tricklingDelay:0/seq:8/fileSize:1048576/nodeType:Passive/nodeTypeIndex:5/meta:dup_data_rcvd","measures":{"value":786674}}
{"ts":1670665468524739246,"type":"point","name":"exType:trickle/permutationIndex:0/run:15/dialer:edge/eavesCount:0/latencyMS:100/tricklingDelay:0/seq:8/fileSize:1048576/nodeType:Passive/nodeTypeIndex:5/meta:blks_sent","measures":{"value":12}}
{"ts":1670665468524760284,"type":"point","name":"exType:trickle/permutationIndex:0/run:15/dialer:edge/eavesCount:0/latencyMS:100/tricklingDelay:0/seq:8/fileSize:1048576/nodeType:Passive/nodeTypeIndex:5/meta:blks_rcvd","measures":{"value":9}}
{"ts":1670665468524781975,"type":"point","name":"exType:trickle/permutationIndex:0/run:15/dialer:edge/eavesCount:0/latencyMS:100/tricklingDelay:0/seq:8/fileSize:1048576/nodeType:Passive/nodeTypeIndex:5/meta:dup_blks_rcvd","measures":{"value":4}}
{"ts":1670665479180318387,"type":"point","name":"exType:trickle/permutationIndex:0/run:16/dialer:edge/eavesCount:0/latencyMS:100/tricklingDelay:0/seq:8/fileSize:1048576/nodeType:Passive/nodeTypeIndex:5/meta:msgs_rcvd","measures":{"value":47}}
{"ts":1670665479180406431,"type":"point","name":"exType:trickle/permutationIndex:0/run:16/dialer:edge/eavesCount:0/latencyMS:100/tricklingDelay:0/seq:8/fileSize:1048576/nodeType:Passive/nodeTypeIndex:5/meta:data_sent","measures":{"value":2360022}}
{"ts":1670665479180435197,"type":"point","name":"exType:trickle/permutationIndex:0/run:16/dialer:edge/eavesCount:0/latencyMS:100/tricklingDelay:0/seq:8/fileSize:1048576/nodeType:Passive/nodeTypeIndex:5/meta:data_rcvd","measures":{"value":2359822}}
{"ts":1670665479180457165,"type":"point","name":"exType:trickle/permutationIndex:0/run:16/dialer:edge/eavesCount:0/latencyMS:100/tricklingDelay:0/seq:8/fileSize:1048576/nodeType:Passive/nodeTypeIndex:5/meta:dup_data_rcvd","measures":{"value":1310990}}
{"ts":1670665479180478728,"type":"point","name":"exType:trickle/permutationIndex:0/run:16/dialer:edge/eavesCount:0/latencyMS:100/tricklingDelay:0/seq:8/fileSize:1048576/nodeType:Passive/nodeTypeIndex:5/meta:blks_sent","measures":{"value":12}}
{"ts":1670665479180498535,"type":"point","name":"exType:trickle/permutationIndex:0/run:16/dialer:edge/eavesCount:0/latencyMS:100/tricklingDelay:0/seq:8/fileSize:1048576/nodeType:Passive/nodeTypeIndex:5/meta:blks_rcvd","measures":{"value":11}}
{"ts":1670665479180517531,"type":"point","name":"exType:trickle/permutationIndex:0/run:16/dialer:edge/eavesCount:0/latencyMS:100/tricklingDelay:0/seq:8/fileSize:1048576/nodeType:Passive/nodeTypeIndex:5/meta:dup_blks_rcvd","measures":{"value":6}}
{"ts":1670665489936055184,"type":"point","name":"exType:trickle/permutationIndex:0/run:17/dialer:edge/eavesCount:0/latencyMS:100/tricklingDelay:0/seq:8/fileSize:1048576/nodeType:Passive/nodeTypeIndex:5/meta:msgs_rcvd","measures":{"value":47}}
{"ts":1670665489936093109,"type":"point","name":"exType:trickle/permutationIndex:0/run:17/dialer:edge/eavesCount:0/latencyMS:100/tricklingDelay:0/seq:8/fileSize:1048576/nodeType:Passive/nodeTypeIndex:5/meta:data_sent","measures":{"value":2360022}}
{"ts":1670665489936097823,"type":"point","name":"exType:trickle/permutationIndex:0/run:17/dialer:edge/eavesCount:0/latencyMS:100/tricklingDelay:0/seq:8/fileSize:1048576/nodeType:Passive/nodeTypeIndex:5/meta:data_rcvd","measures":{"value":2359822}}
{"ts":1670665489936100358,"type":"point","name":"exType:trickle/permutationIndex:0/run:17/dialer:edge/eavesCount:0/latencyMS:100/tricklingDelay:0/seq:8/fileSize:1048576/nodeType:Passive/nodeTypeIndex:5/meta:dup_data_rcvd","measures":{"value":1310990}}
{"ts":1670665489936103063,"type":"point","name":"exType:trickle/permutationIndex:0/run:17/dialer:edge/eavesCount:0/latencyMS:100/tricklingDelay:0/seq:8/fileSize:1048576/nodeType:Passive/nodeTypeIndex:5/meta:blks_sent","measures":{"value":12}}
{"ts":1670665489936190165,"type":"point","name":"exType:trickle/permutationIndex:0/run:17/dialer:edge/eavesCount:0/latencyMS:100/tricklingDelay:0/seq:8/fileSize:1048576/nodeType:Passive/nodeTypeIndex:5/meta:blks_rcvd","measures":{"value":11}}
{"ts":1670665489936244789,"type":"point","name":"exType:trickle/permutationIndex:0/run:17/dialer:edge/eavesCount:0/latencyMS:100/tricklingDelay:0/seq:8/fileSize:1048576/nodeType:Passive/nodeTypeIndex:5/meta:dup_blks_rcvd","measures":{"value":6}}
{"ts":1670665500744177662,"type":"point","name":"exType:trickle/permutationIndex:0/run:18/dialer:edge/eavesCount:0/latencyMS:100/tricklingDelay:0/seq:8/fileSize:1048576/nodeType:Passive/nodeTypeIndex:5/meta:msgs_rcvd","measures":{"value":48}}
{"ts":1670665500744366487,"type":"point","name":"exType:trickle/permutationIndex:0/run:18/dialer:edge/eavesCount:0/latencyMS:100/tricklingDelay:0/seq:8/fileSize:1048576/nodeType:Passive/nodeTypeIndex:5/meta:data_sent","measures":{"value":2359622}}
{"ts":1670665500744413999,"type":"point","name":"exType:trickle/permutationIndex:0/run:18/dialer:edge/eavesCount:0/latencyMS:100/tricklingDelay:0/seq:8/fileSize:1048576/nodeType:Passive/nodeTypeIndex:5/meta:data_rcvd","measures":{"value":2097864}}
{"ts":1670665500744436035,"type":"point","name":"exType:trickle/permutationIndex:0/run:18/dialer:edge/eavesCount:0/latencyMS:100/tricklingDelay:0/seq:8/fileSize:1048576/nodeType:Passive/nodeTypeIndex:5/meta:dup_data_rcvd","measures":{"value":1049032}}
{"ts":1670665500744453889,"type":"point","name":"exType:trickle/permutationIndex:0/run:18/dialer:edge/eavesCount:0/latencyMS:100/tricklingDelay:0/seq:8/fileSize:1048576/nodeType:Passive/nodeTypeIndex:5/meta:blks_sent","measures":{"value":10}}
{"ts":1670665500744476541,"type":"point","name":"exType:trickle/permutationIndex:0/run:18/dialer:edge/eavesCount:0/latencyMS:100/tricklingDelay:0/seq:8/fileSize:1048576/nodeType:Passive/nodeTypeIndex:5/meta:blks_rcvd","measures":{"value":11}}
{"ts":1670665500744495187,"type":"point","name":"exType:trickle/permutationIndex:0/run:18/dialer:edge/eavesCount:0/latencyMS:100/tricklingDelay:0/seq:8/fileSize:1048576/nodeType:Passive/nodeTypeIndex:5/meta:dup_blks_rcvd","measures":{"value":6}}
{"ts":1670665511667399267,"type":"point","name":"exType:trickle/permutationIndex:0/run:19/dialer:edge/eavesCount:0/latencyMS:100/tricklingDelay:0/seq:8/fileSize:1048576/nodeType:Passive/nodeTypeIndex:5/meta:msgs_rcvd","measures":{"value":51}}
{"ts":1670665511667507115,"type":"point","name":"exType:trickle/permutationIndex:0/run:19/dialer:edge/eavesCount:0/latencyMS:100/tricklingDelay:0/seq:8/fileSize:1048576/nodeType:Passive/nodeTypeIndex:5/meta:data_sent","measures":{"value":1573548}}
{"ts":1670665511667535236,"type":"point","name":"exType:trickle/permutationIndex:0/run:19/dialer:edge/eavesCount:0/latencyMS:100/tricklingDelay:0/seq:8/fileSize:1048576/nodeType:Passive/nodeTypeIndex:5/meta:data_rcvd","measures":{"value":2622180}}
{"ts":1670665511667557435,"type":"point","name":"exType:trickle/permutationIndex:0/run:19/dialer:edge/eavesCount:0/latencyMS:100/tricklingDelay:0/seq:8/fileSize:1048576/nodeType:Passive/nodeTypeIndex:5/meta:dup_data_rcvd","measures":{"value":1311190}}
{"ts":1670665511667578284,"type":"point","name":"exType:trickle/permutationIndex:0/run:19/dialer:edge/eavesCount:0/latencyMS:100/tricklingDelay:0/seq:8/fileSize:1048576/nodeType:Passive/nodeTypeIndex:5/meta:blks_sent","measures":{"value":9}}
{"ts":1670665511667667700,"type":"point","name":"exType:trickle/permutationIndex:0/run:19/dialer:edge/eavesCount:0/latencyMS:100/tricklingDelay:0/seq:8/fileSize:1048576/nodeType:Passive/nodeTypeIndex:5/meta:blks_rcvd","measures":{"value":13}}
{"ts":1670665511667711969,"type":"point","name":"exType:trickle/permutationIndex:0/run:19/dialer:edge/eavesCount:0/latencyMS:100/tricklingDelay:0/seq:8/fileSize:1048576/nodeType:Passive/nodeTypeIndex:5/meta:dup_blks_rcvd","measures":{"value":7}}
{"ts":1670665522952111055,"type":"point","name":"exType:trickle/permutationIndex:0/run:20/dialer:edge/eavesCount:0/latencyMS:100/tricklingDelay:0/seq:8/fileSize:1048576/nodeType:Passive/nodeTypeIndex:5/meta:msgs_rcvd","measures":{"value":53}}
{"ts":1670665522952213746,"type":"point","name":"exType:trickle/permutationIndex:0/run:20/dialer:edge/eavesCount:0/latencyMS:100/tricklingDelay:0/seq:8/fileSize:1048576/nodeType:Passive/nodeTypeIndex:5/meta:data_sent","measures":{"value":1835506}}
{"ts":1670665522952238817,"type":"point","name":"exType:trickle/permutationIndex:0/run:20/dialer:edge/eavesCount:0/latencyMS:100/tricklingDelay:0/seq:8/fileSize:1048576/nodeType:Passive/nodeTypeIndex:5/meta:data_rcvd","measures":{"value":2622180}}
{"ts":1670665522952367912,"type":"point","name":"exType:trickle/permutationIndex:0/run:20/dialer:edge/eavesCount:0/latencyMS:100/tricklingDelay:0/seq:8/fileSize:1048576/nodeType:Passive/nodeTypeIndex:5/meta:dup_data_rcvd","measures":{"value":1573348}}
{"ts":1670665522952405345,"type":"point","name":"exType:trickle/permutationIndex:0/run:20/dialer:edge/eavesCount:0/latencyMS:100/tricklingDelay:0/seq:8/fileSize:1048576/nodeType:Passive/nodeTypeIndex:5/meta:blks_sent","measures":{"value":9}}
{"ts":1670665522952407943,"type":"point","name":"exType:trickle/permutationIndex:0/run:20/dialer:edge/eavesCount:0/latencyMS:100/tricklingDelay:0/seq:8/fileSize:1048576/nodeType:Passive/nodeTypeIndex:5/meta:blks_rcvd","measures":{"value":13}}
{"ts":1670665522952410369,"type":"point","name":"exType:trickle/permutationIndex:0/run:20/dialer:edge/eavesCount:0/latencyMS:100/tricklingDelay:0/seq:8/fileSize:1048576/nodeType:Passive/nodeTypeIndex:5/meta:dup_blks_rcvd","measures":{"value":8}}
{"ts":1670665533789557058,"type":"point","name":"exType:trickle/permutationIndex:0/run:21/dialer:edge/eavesCount:0/latencyMS:100/tricklingDelay:0/seq:8/fileSize:1048576/nodeType:Passive/nodeTypeIndex:5/meta:msgs_rcvd","measures":{"value":48}}
{"ts":1670665533789646528,"type":"point","name":"exType:trickle/permutationIndex:0/run:21/dialer:edge/eavesCount:0/latencyMS:100/tricklingDelay:0/seq:8/fileSize:1048576/nodeType:Passive/nodeTypeIndex:5/meta:data_sent","measures":{"value":3146496}}
{"ts":1670665533789656979,"type":"point","name":"exType:trickle/permutationIndex:0/run:21/dialer:edge/eavesCount:0/latencyMS:100/tricklingDelay:0/seq:8/fileSize:1048576/nodeType:Passive/nodeTypeIndex:5/meta:data_rcvd","measures":{"value":1049232}}
{"ts":1670665533789661304,"type":"point","name":"exType:trickle/permutationIndex:0/run:21/dialer:edge/eavesCount:0/latencyMS:100/tricklingDelay:0/seq:8/fileSize:1048576/nodeType:Passive/nodeTypeIndex:5/meta:dup_data_rcvd","measures":{"value":400}}
{"ts":1670665533789665152,"type":"point","name":"exType:trickle/permutationIndex:0/run:21/dialer:edge/eavesCount:0/latencyMS:100/tricklingDelay:0/seq:8/fileSize:1048576/nodeType:Passive/nodeTypeIndex:5/meta:blks_sent","measures":{"value":15}}
{"ts":1670665533789669345,"type":"point","name":"exType:trickle/permutationIndex:0/run:21/dialer:edge/eavesCount:0/latencyMS:100/tricklingDelay:0/seq:8/fileSize:1048576/nodeType:Passive/nodeTypeIndex:5/meta:blks_rcvd","measures":{"value":7}}
{"ts":1670665533789673032,"type":"point","name":"exType:trickle/permutationIndex:0/run:21/dialer:edge/eavesCount:0/latencyMS:100/tricklingDelay:0/seq:8/fileSize:1048576/nodeType:Passive/nodeTypeIndex:5/meta:dup_blks_rcvd","measures":{"value":2}}
{"ts":1670665544229886602,"type":"point","name":"exType:trickle/permutationIndex:0/run:22/dialer:edge/eavesCount:0/latencyMS:100/tricklingDelay:0/seq:8/fileSize:1048576/nodeType:Passive/nodeTypeIndex:5/meta:msgs_rcvd","measures":{"value":51}}
{"ts":1670665544229900977,"type":"point","name":"exType:trickle/permutationIndex:0/run:22/dialer:edge/eavesCount:0/latencyMS:100/tricklingDelay:0/seq:8/fileSize:1048576/nodeType:Passive/nodeTypeIndex:5/meta:data_sent","measures":{"value":1835506}}
{"ts":1670665544229904184,"type":"point","name":"exType:trickle/permutationIndex:0/run:22/dialer:edge/eavesCount:0/latencyMS:100/tricklingDelay:0/seq:8/fileSize:1048576/nodeType:Passive/nodeTypeIndex:5/meta:data_rcvd","measures":{"value":2884338}}
{"ts":1670665544229912870,"type":"point","name":"exType:trickle/permutationIndex:0/run:22/dialer:edge/eavesCount:0/latencyMS:100/tricklingDelay:0/seq:8/fileSize:1048576/nodeType:Passive/nodeTypeIndex:5/meta:dup_data_rcvd","measures":{"value":1835506}}
{"ts":1670665544229920404,"type":"point","name":"exType:trickle/permutationIndex:0/run:22/dialer:edge/eavesCount:0/latencyMS:100/tricklingDelay:0/seq:8/fileSize:1048576/nodeType:Passive/nodeTypeIndex:5/meta:blks_sent","measures":{"value":9}}
{"ts":1670665544229923250,"type":"point","name":"exType:trickle/permutationIndex:0/run:22/dialer:edge/eavesCount:0/latencyMS:100/tricklingDelay:0/seq:8/fileSize:1048576/nodeType:Passive/nodeTypeIndex:5/meta:blks_rcvd","measures":{"value":14}}
{"ts":1670665544229925525,"type":"point","name":"exType:trickle/permutationIndex:0/run:22/dialer:edge/eavesCount:0/latencyMS:100/tricklingDelay:0/seq:8/fileSize:1048576/nodeType:Passive/nodeTypeIndex:5/meta:dup_blks_rcvd","measures":{"value":9}}
{"ts":1670665554879631411,"type":"point","name":"exType:trickle/permutationIndex:0/run:23/dialer:edge/eavesCount:0/latencyMS:100/tricklingDelay:0/seq:8/fileSize:1048576/nodeType:Passive/nodeTypeIndex:5/meta:msgs_rcvd","measures":{"value":53}}
{"ts":1670665554879651576,"type":"point","name":"exType:trickle/permutationIndex:0/run:23/dialer:edge/eavesCount:0/latencyMS:100/tricklingDelay:0/seq:8/fileSize:1048576/nodeType:Passive/nodeTypeIndex:5/meta:data_sent","measures":{"value":2359822}}
{"ts":1670665554879654289,"type":"point","name":"exType:trickle/permutationIndex:0/run:23/dialer:edge/eavesCount:0/latencyMS:100/tricklingDelay:0/seq:8/fileSize:1048576/nodeType:Passive/nodeTypeIndex:5/meta:data_rcvd","measures":{"value":2097864}}
{"ts":1670665554879655994,"type":"point","name":"exType:trickle/permutationIndex:0/run:23/dialer:edge/eavesCount:0/latencyMS:100/tricklingDelay:0/seq:8/fileSize:1048576/nodeType:Passive/nodeTypeIndex:5/meta:dup_data_rcvd","measures":{"value":786874}}
{"ts":1670665554879657606,"type":"point","name":"exType:trickle/permutationIndex:0/run:23/dialer:edge/eavesCount:0/latencyMS:100/tricklingDelay:0/seq:8/fileSize:1048576/nodeType:Passive/nodeTypeIndex:5/meta:blks_sent","measures":{"value":11}}
{"ts":1670665554879659378,"type":"point","name":"exType:trickle/permutationIndex:0/run:23/dialer:edge/eavesCount:0/latencyMS:100/tricklingDelay:0/seq:8/fileSize:1048576/nodeType:Passive/nodeTypeIndex:5/meta:blks_rcvd","measures":{"value":11}}
{"ts":1670665554879665006,"type":"point","name":"exType:trickle/permutationIndex:0/run:23/dialer:edge/eavesCount:0/latencyMS:100/tricklingDelay:0/seq:8/fileSize:1048576/nodeType:Passive/nodeTypeIndex:5/meta:dup_blks_rcvd","measures":{"value":5}}
{"ts":1670665565343531764,"type":"point","name":"exType:trickle/permutationIndex:0/run:24/dialer:edge/eavesCount:0/latencyMS:100/tricklingDelay:0/seq:8/fileSize:1048576/nodeType:Passive/nodeTypeIndex:5/meta:msgs_rcvd","measures":{"value":46}}
{"ts":1670665565343568279,"type":"point","name":"exType:trickle/permutationIndex:0/run:24/dialer:edge/eavesCount:0/latencyMS:100/tricklingDelay:0/seq:8/fileSize:1048576/nodeType:Passive/nodeTypeIndex:5/meta:data_sent","measures":{"value":2097664}}
{"ts":1670665565343571625,"type":"point","name":"exType:trickle/permutationIndex:0/run:24/dialer:edge/eavesCount:0/latencyMS:100/tricklingDelay:0/seq:8/fileSize:1048576/nodeType:Passive/nodeTypeIndex:5/meta:data_rcvd","measures":{"value":2359822}}
{"ts":1670665565343574006,"type":"point","name":"exType:trickle/permutationIndex:0/run:24/dialer:edge/eavesCount:0/latencyMS:100/tricklingDelay:0/seq:8/fileSize:1048576/nodeType:Passive/nodeTypeIndex:5/meta:dup_data_rcvd","measures":{"value":1310990}}
{"ts":1670665565343576572,"type":"point","name":"exType:trickle/permutationIndex:0/run:24/dialer:edge/eavesCount:0/latencyMS:100/tricklingDelay:0/seq:8/fileSize:1048576/nodeType:Passive/nodeTypeIndex:5/meta:blks_sent","measures":{"value":10}}
{"ts":1670665565343580078,"type":"point","name":"exType:trickle/permutationIndex:0/run:24/dialer:edge/eavesCount:0/latencyMS:100/tricklingDelay:0/seq:8/fileSize:1048576/nodeType:Passive/nodeTypeIndex:5/meta:blks_rcvd","measures":{"value":11}}
{"ts":1670665565343588168,"type":"point","name":"exType:trickle/permutationIndex:0/run:24/dialer:edge/eavesCount:0/latencyMS:100/tricklingDelay:0/seq:8/fileSize:1048576/nodeType:Passive/nodeTypeIndex:5/meta:dup_blks_rcvd","measures":{"value":6}}
{"ts":1670665576123345589,"type":"point","name":"exType:trickle/permutationIndex:0/run:25/dialer:edge/eavesCount:0/latencyMS:100/tricklingDelay:0/seq:8/fileSize:1048576/nodeType:Passive/nodeTypeIndex:5/meta:msgs_rcvd","measures":{"value":44}}
{"ts":1670665576123443540,"type":"point","name":"exType:trickle/permutationIndex:0/run:25/dialer:edge/eavesCount:0/latencyMS:100/tricklingDelay:0/seq:8/fileSize:1048576/nodeType:Passive/nodeTypeIndex:5/meta:data_sent","measures":{"value":2360022}}
{"ts":1670665576123464597,"type":"point","name":"exType:trickle/permutationIndex:0/run:25/dialer:edge/eavesCount:0/latencyMS:100/tricklingDelay:0/seq:8/fileSize:1048576/nodeType:Passive/nodeTypeIndex:5/meta:data_rcvd","measures":{"value":1573348}}
{"ts":1670665576123478352,"type":"point","name":"exType:trickle/permutationIndex:0/run:25/dialer:edge/eavesCount:0/latencyMS:100/tricklingDelay:0/seq:8/fileSize:1048576/nodeType:Passive/nodeTypeIndex:5/meta:dup_data_rcvd","measures":{"value":524516}}
{"ts":1670665576123491581,"type":"point","name":"exType:trickle/permutationIndex:0/run:25/dialer:edge/eavesCount:0/latencyMS:100/tricklingDelay:0/seq:8/fileSize:1048576/nodeType:Passive/nodeTypeIndex:5/meta:blks_sent","measures":{"value":12}}
{"ts":1670665576123504194,"type":"point","name":"exType:trickle/permutationIndex:0/run:25/dialer:edge/eavesCount:0/latencyMS:100/tricklingDelay:0/seq:8/fileSize:1048576/nodeType:Passive/nodeTypeIndex:5/meta:blks_rcvd","measures":{"value":8}}
{"ts":1670665576123517812,"type":"point","name":"exType:trickle/permutationIndex:0/run:25/dialer:edge/eavesCount:0/latencyMS:100/tricklingDelay:0/seq:8/fileSize:1048576/nodeType:Passive/nodeTypeIndex:5/meta:dup_blks_rcvd","measures":{"value":3}}
{"ts":1670665592331157471,"type":"point","name":"exType:trickle/permutationIndex:1/run:1/dialer:edge/eavesCount:0/latencyMS:100/tricklingDelay:50/seq:8/fileSize:1048576/nodeType:Passive/nodeTypeIndex:5/meta:msgs_rcvd","measures":{"value":46}}
{"ts":1670665592331241088,"type":"point","name":"exType:trickle/permutationIndex:1/run:1/dialer:edge/eavesCount:0/latencyMS:100/tricklingDelay:50/seq:8/fileSize:1048576/nodeType:Passive/nodeTypeIndex:5/meta:data_sent","measures":{"value":2621780}}
{"ts":1670665592331270641,"type":"point","name":"exType:trickle/permutationIndex:1/run:1/dialer:edge/eavesCount:0/latencyMS:100/tricklingDelay:50/seq:8/fileSize:1048576/nodeType:Passive/nodeTypeIndex:5/meta:data_rcvd","measures":{"value":1573548}}
{"ts":1670665592331291787,"type":"point","name":"exType:trickle/permutationIndex:1/run:1/dialer:edge/eavesCount:0/latencyMS:100/tricklingDelay:50/seq:8/fileSize:1048576/nodeType:Passive/nodeTypeIndex:5/meta:dup_data_rcvd","measures":{"value":524716}}
{"ts":1670665592331312949,"type":"point","name":"exType:trickle/permutationIndex:1/run:1/dialer:edge/eavesCount:0/latencyMS:100/tricklingDelay:50/seq:8/fileSize:1048576/nodeType:Passive/nodeTypeIndex:5/meta:blks_sent","measures":{"value":11}}
{"ts":1670665592331334321,"type":"point","name":"exType:trickle/permutationIndex:1/run:1/dialer:edge/eavesCount:0/latencyMS:100/tricklingDelay:50/seq:8/fileSize:1048576/nodeType:Passive/nodeTypeIndex:5/meta:blks_rcvd","measures":{"value":9}}
{"ts":1670665592331357149,"type":"point","name":"exType:trickle/permutationIndex:1/run:1/dialer:edge/eavesCount:0/latencyMS:100/tricklingDelay:50/seq:8/fileSize:1048576/nodeType:Passive/nodeTypeIndex:5/meta:dup_blks_rcvd","measures":{"value":4}}
{"ts":1670665606201329460,"type":"point","name":"exType:trickle/permutationIndex:1/run:2/dialer:edge/eavesCount:0/latencyMS:100/tricklingDelay:50/seq:8/fileSize:1048576/nodeType:Passive/nodeTypeIndex:5/meta:msgs_rcvd","measures":{"value":44}}
{"ts":1670665606201455821,"type":"point","name":"exType:trickle/permutationIndex:1/run:2/dialer:edge/eavesCount:0/latencyMS:100/tricklingDelay:50/seq:8/fileSize:1048576/nodeType:Passive/nodeTypeIndex:5/meta:data_sent","measures":{"value":2097864}}
{"ts":1670665606201525902,"type":"point","name":"exType:trickle/permutationIndex:1/run:2/dialer:edge/eavesCount:0/latencyMS:100/tricklingDelay:50/seq:8/fileSize:1048576/nodeType:Passive/nodeTypeIndex:5/meta:data_rcvd","measures":{"value":2097464}}
{"ts":1670665606201551781,"type":"point","name":"exType:trickle/permutationIndex:1/run:2/dialer:edge/eavesCount:0/latencyMS:100/tricklingDelay:50/seq:8/fileSize:1048576/nodeType:Passive/nodeTypeIndex:5/meta:dup_data_rcvd","measures":{"value":1048632}}
{"ts":1670665606201574245,"type":"point","name":"exType:trickle/permutationIndex:1/run:2/dialer:edge/eavesCount:0/latencyMS:100/tricklingDelay:50/seq:8/fileSize:1048576/nodeType:Passive/nodeTypeIndex:5/meta:blks_sent","measures":{"value":11}}
{"ts":1670665606201596333,"type":"point","name":"exType:trickle/permutationIndex:1/run:2/dialer:edge/eavesCount:0/latencyMS:100/tricklingDelay:50/seq:8/fileSize:1048576/nodeType:Passive/nodeTypeIndex:5/meta:blks_rcvd","measures":{"value":9}}
{"ts":1670665606201617777,"type":"point","name":"exType:trickle/permutationIndex:1/run:2/dialer:edge/eavesCount:0/latencyMS:100/tricklingDelay:50/seq:8/fileSize:1048576/nodeType:Passive/nodeTypeIndex:5/meta:dup_blks_rcvd","measures":{"value":4}}
{"ts":1670665620090727441,"type":"point","name":"exType:trickle/permutationIndex:1/run:3/dialer:edge/eavesCount:0/latencyMS:100/tricklingDelay:50/seq:8/fileSize:1048576/nodeType:Passive/nodeTypeIndex:5/meta:msgs_rcvd","measures":{"value":39}}
{"ts":1670665620090824257,"type":"point","name":"exType:trickle/permutationIndex:1/run:3/dialer:edge/eavesCount:0/latencyMS:100/tricklingDelay:50/seq:8/fileSize:1048576/nodeType:Passive/nodeTypeIndex:5/meta:data_sent","measures":{"value":1835306}}
{"ts":1670665620090852059,"type":"point","name":"exType:trickle/permutationIndex:1/run:3/dialer:edge/eavesCount:0/latencyMS:100/tricklingDelay:50/seq:8/fileSize:1048576/nodeType:Passive/nodeTypeIndex:5/meta:data_rcvd","measures":{"value":2097464}}
{"ts":1670665620090873895,"type":"point","name":"exType:trickle/permutationIndex:1/run:3/dialer:edge/eavesCount:0/latencyMS:100/tricklingDelay:50/seq:8/fileSize:1048576/nodeType:Passive/nodeTypeIndex:5/meta:dup_data_rcvd","measures":{"value":1048632}}
{"ts":1670665620090895881,"type":"point","name":"exType:trickle/permutationIndex:1/run:3/dialer:edge/eavesCount:0/latencyMS:100/tricklingDelay:50/seq:8/fileSize:1048576/nodeType:Passive/nodeTypeIndex:5/meta:blks_sent","measures":{"value":8}}
{"ts":1670665620090914716,"type":"point","name":"exType:trickle/permutationIndex:1/run:3/dialer:edge/eavesCount:0/latencyMS:100/tricklingDelay:50/seq:8/fileSize:1048576/nodeType:Passive/nodeTypeIndex:5/meta:blks_rcvd","measures":{"value":9}}
{"ts":1670665620090936327,"type":"point","name":"exType:trickle/permutationIndex:1/run:3/dialer:edge/eavesCount:0/latencyMS:100/tricklingDelay:50/seq:8/fileSize:1048576/nodeType:Passive/nodeTypeIndex:5/meta:dup_blks_rcvd","measures":{"value":4}}
{"ts":1670665633536987911,"type":"point","name":"exType:trickle/permutationIndex:1/run:4/dialer:edge/eavesCount:0/latencyMS:100/tricklingDelay:50/seq:8/fileSize:1048576/nodeType:Passive/nodeTypeIndex:5/meta:msgs_rcvd","measures":{"value":40}}
{"ts":1670665633537076314,"type":"point","name":"exType:trickle/permutationIndex:1/run:4/dialer:edge/eavesCount:0/latencyMS:100/tricklingDelay:50/seq:8/fileSize:1048576/nodeType:Passive/nodeTypeIndex:5/meta:data_sent","measures":{"value":2360022}}
{"ts":1670665633537104352,"type":"point","name":"exType:trickle/permutationIndex:1/run:4/dialer:edge/eavesCount:0/latencyMS:100/tricklingDelay:50/seq:8/fileSize:1048576/nodeType:Passive/nodeTypeIndex:5/meta:data_rcvd","measures":{"value":1573148}}
{"ts":1670665633537127048,"type":"point","name":"exType:trickle/permutationIndex:1/run:4/dialer:edge/eavesCount:0/latencyMS:100/tricklingDelay:50/seq:8/fileSize:1048576/nodeType:Passive/nodeTypeIndex:5/meta:dup_data_rcvd","measures":{"value":524316}}
{"ts":1670665633537145935,"type":"point","name":"exType:trickle/permutationIndex:1/run:4/dialer:edge/eavesCount:0/latencyMS:100/tricklingDelay:50/seq:8/fileSize:1048576/nodeType:Passive/nodeTypeIndex:5/meta:blks_sent","measures":{"value":12}}
{"ts":1670665633537215678,"type":"point","name":"exType:trickle/permutationIndex:1/run:4/dialer:edge/eavesCount:0/latencyMS:100/tricklingDelay:50/seq:8/fileSize:1048576/nodeType:Passive/nodeTypeIndex:5/meta:blks_rcvd","measures":{"value":7}}
{"ts":1670665633537239437,"type":"point","name":"exType:trickle/permutationIndex:1/run:4/dialer:edge/eavesCount:0/latencyMS:100/tricklingDelay:50/seq:8/fileSize:1048576/nodeType:Passive/nodeTypeIndex:5/meta:dup_blks_rcvd","measures":{"value":2}}
{"ts":1670665647198827058,"type":"point","name":"exType:trickle/permutationIndex:1/run:5/dialer:edge/eavesCount:0/latencyMS:100/tricklingDelay:50/seq:8/fileSize:1048576/nodeType:Passive/nodeTypeIndex:5/meta:msgs_rcvd","measures":{"value":47}}
{"ts":1670665647198920668,"type":"point","name":"exType:trickle/permutationIndex:1/run:5/dialer:edge/eavesCount:0/latencyMS:100/tricklingDelay:50/seq:8/fileSize:1048576/nodeType:Passive/nodeTypeIndex:5/meta:data_sent","measures":{"value":1049032}}
{"ts":1670665647198945892,"type":"point","name":"exType:trickle/permutationIndex:1/run:5/dialer:edge/eavesCount:0/latencyMS:100/tricklingDelay:50/seq:8/fileSize:1048576/nodeType:Passive/nodeTypeIndex:5/meta:data_rcvd","measures":{"value":2884138}}
{"ts":1670665647198965293,"type":"point","name":"exType:trickle/permutationIndex:1/run:5/dialer:edge/eavesCount:0/latencyMS:100/tricklingDelay:50/seq:8/fileSize:1048576/nodeType:Passive/nodeTypeIndex:5/meta:dup_data_rcvd","measures":{"value":1048832}}
{"ts":1670665647198985389,"type":"point","name":"exType:trickle/permutationIndex:1/run:5/dialer:edge/eavesCount:0/latencyMS:100/tricklingDelay:50/seq:8/fileSize:1048576/nodeType:Passive/nodeTypeIndex:5/meta:blks_sent","measures":{"value":6}}
{"ts":1670665647199006550,"type":"point","name":"exType:trickle/permutationIndex:1/run:5/dialer:edge/eavesCount:0/latencyMS:100/tricklingDelay:50/seq:8/fileSize:1048576/nodeType:Passive/nodeTypeIndex:5/meta:blks_rcvd","measures":{"value":13}}
{"ts":1670665647199020598,"type":"point","name":"exType:trickle/permutationIndex:1/run:5/dialer:edge/eavesCount:0/latencyMS:100/tricklingDelay:50/seq:8/fileSize:1048576/nodeType:Passive/nodeTypeIndex:5/meta:dup_blks_rcvd","measures":{"value":5}}
{"ts":1670665660705662100,"type":"point","name":"exType:trickle/permutationIndex:1/run:6/dialer:edge/eavesCount:0/latencyMS:100/tricklingDelay:50/seq:8/fileSize:1048576/nodeType:Passive/nodeTypeIndex:5/meta:msgs_rcvd","measures":{"value":42}}
{"ts":1670665660705771789,"type":"point","name":"exType:trickle/permutationIndex:1/run:6/dialer:edge/eavesCount:0/latencyMS:100/tricklingDelay:50/seq:8/fileSize:1048576/nodeType:Passive/nodeTypeIndex:5/meta:data_sent","measures":{"value":2097664}}
{"ts":1670665660705801896,"type":"point","name":"exType:trickle/permutationIndex:1/run:6/dialer:edge/eavesCount:0/latencyMS:100/tricklingDelay:50/seq:8/fileSize:1048576/nodeType:Passive/nodeTypeIndex:5/meta:data_rcvd","measures":{"value":1835306}}
{"ts":1670665660705825060,"type":"point","name":"exType:trickle/permutationIndex:1/run:6/dialer:edge/eavesCount:0/latencyMS:100/tricklingDelay:50/seq:8/fileSize:1048576/nodeType:Passive/nodeTypeIndex:5/meta:dup_data_rcvd","measures":{"value":786474}}
{"ts":1670665660705845829,"type":"point","name":"exType:trickle/permutationIndex:1/run:6/dialer:edge/eavesCount:0/latencyMS:100/tricklingDelay:50/seq:8/fileSize:1048576/nodeType:Passive/nodeTypeIndex:5/meta:blks_sent","measures":{"value":10}}
{"ts":1670665660705869523,"type":"point","name":"exType:trickle/permutationIndex:1/run:6/dialer:edge/eavesCount:0/latencyMS:100/tricklingDelay:50/seq:8/fileSize:1048576/nodeType:Passive/nodeTypeIndex:5/meta:blks_rcvd","measures":{"value":8}}
{"ts":1670665660705889213,"type":"point","name":"exType:trickle/permutationIndex:1/run:6/dialer:edge/eavesCount:0/latencyMS:100/tricklingDelay:50/seq:8/fileSize:1048576/nodeType:Passive/nodeTypeIndex:5/meta:dup_blks_rcvd","measures":{"value":3}}
