{"ts":1669475057193582457,"type":"point","name":"exType:baseline/permutationIndex:0/run:1/dialer:center/eavesCount:0/latencyMS:150/seq:5/fileSize:1048576/nodeType:Passive/nodeTypeIndex:2/meta:msgs_rcvd","measures":{"value":92}}
{"ts":1669475057193616157,"type":"point","name":"exType:baseline/permutationIndex:0/run:1/dialer:center/eavesCount:0/latencyMS:150/seq:5/fileSize:1048576/nodeType:Passive/nodeTypeIndex:2/meta:data_sent","measures":{"value":0}}
{"ts":1669475057193624033,"type":"point","name":"exType:baseline/permutationIndex:0/run:1/dialer:center/eavesCount:0/latencyMS:150/seq:5/fileSize:1048576/nodeType:Passive/nodeTypeIndex:2/meta:data_rcvd","measures":{"value":0}}
{"ts":1669475057193626640,"type":"point","name":"exType:baseline/permutationIndex:0/run:1/dialer:center/eavesCount:0/latencyMS:150/seq:5/fileSize:1048576/nodeType:Passive/nodeTypeIndex:2/meta:dup_data_rcvd","measures":{"value":0}}
{"ts":1669475057193637663,"type":"point","name":"exType:baseline/permutationIndex:0/run:1/dialer:center/eavesCount:0/latencyMS:150/seq:5/fileSize:1048576/nodeType:Passive/nodeTypeIndex:2/meta:blks_sent","measures":{"value":0}}
{"ts":1669475057193641478,"type":"point","name":"exType:baseline/permutationIndex:0/run:1/dialer:center/eavesCount:0/latencyMS:150/seq:5/fileSize:1048576/nodeType:Passive/nodeTypeIndex:2/meta:blks_rcvd","measures":{"value":0}}
{"ts":1669475057193643909,"type":"point","name":"exType:baseline/permutationIndex:0/run:1/dialer:center/eavesCount:0/latencyMS:150/seq:5/fileSize:1048576/nodeType:Passive/nodeTypeIndex:2/meta:dup_blks_rcvd","measures":{"value":0}}
{"ts":1669475061769169425,"type":"point","name":"exType:baseline/permutationIndex:0/run:2/dialer:center/eavesCount:0/latencyMS:150/seq:5/fileSize:1048576/nodeType:Passive/nodeTypeIndex:2/meta:msgs_rcvd","measures":{"value":7}}
{"ts":1669475061769202331,"type":"point","name":"exType:baseline/permutationIndex:0/run:2/dialer:center/eavesCount:0/latencyMS:150/seq:5/fileSize:1048576/nodeType:Passive/nodeTypeIndex:2/meta:data_sent","measures":{"value":0}}
{"ts":1669475061769211296,"type":"point","name":"exType:baseline/permutationIndex:0/run:2/dialer:center/eavesCount:0/latencyMS:150/seq:5/fileSize:1048576/nodeType:Passive/nodeTypeIndex:2/meta:data_rcvd","measures":{"value":0}}
{"ts":1669475061769216994,"type":"point","name":"exType:baseline/permutationIndex:0/run:2/dialer:center/eavesCount:0/latencyMS:150/seq:5/fileSize:1048576/nodeType:Passive/nodeTypeIndex:2/meta:dup_data_rcvd","measures":{"value":0}}
{"ts":1669475061769222202,"type":"point","name":"exType:baseline/permutationIndex:0/run:2/dialer:center/eavesCount:0/latencyMS:150/seq:5/fileSize:1048576/nodeType:Passive/nodeTypeIndex:2/meta:blks_sent","measures":{"value":0}}
{"ts":1669475061769227779,"type":"point","name":"exType:baseline/permutationIndex:0/run:2/dialer:center/eavesCount:0/latencyMS:150/seq:5/fileSize:1048576/nodeType:Passive/nodeTypeIndex:2/meta:blks_rcvd","measures":{"value":0}}
{"ts":1669475061769233878,"type":"point","name":"exType:baseline/permutationIndex:0/run:2/dialer:center/eavesCount:0/latencyMS:150/seq:5/fileSize:1048576/nodeType:Passive/nodeTypeIndex:2/meta:dup_blks_rcvd","measures":{"value":0}}
{"ts":1669475066278882962,"type":"point","name":"exType:baseline/permutationIndex:0/run:3/dialer:center/eavesCount:0/latencyMS:150/seq:5/fileSize:1048576/nodeType:Passive/nodeTypeIndex:2/meta:msgs_rcvd","measures":{"value":8}}
{"ts":1669475066278907215,"type":"point","name":"exType:baseline/permutationIndex:0/run:3/dialer:center/eavesCount:0/latencyMS:150/seq:5/fileSize:1048576/nodeType:Passive/nodeTypeIndex:2/meta:data_sent","measures":{"value":0}}
{"ts":1669475066278913050,"type":"point","name":"exType:baseline/permutationIndex:0/run:3/dialer:center/eavesCount:0/latencyMS:150/seq:5/fileSize:1048576/nodeType:Passive/nodeTypeIndex:2/meta:data_rcvd","measures":{"value":0}}
{"ts":1669475066278919810,"type":"point","name":"exType:baseline/permutationIndex:0/run:3/dialer:center/eavesCount:0/latencyMS:150/seq:5/fileSize:1048576/nodeType:Passive/nodeTypeIndex:2/meta:dup_data_rcvd","measures":{"value":0}}
{"ts":1669475066278939889,"type":"point","name":"exType:baseline/permutationIndex:0/run:3/dialer:center/eavesCount:0/latencyMS:150/seq:5/fileSize:1048576/nodeType:Passive/nodeTypeIndex:2/meta:blks_sent","measures":{"value":0}}
{"ts":1669475066278944649,"type":"point","name":"exType:baseline/permutationIndex:0/run:3/dialer:center/eavesCount:0/latencyMS:150/seq:5/fileSize:1048576/nodeType:Passive/nodeTypeIndex:2/meta:blks_rcvd","measures":{"value":0}}
{"ts":1669475066278949013,"type":"point","name":"exType:baseline/permutationIndex:0/run:3/dialer:center/eavesCount:0/latencyMS:150/seq:5/fileSize:1048576/nodeType:Passive/nodeTypeIndex:2/meta:dup_blks_rcvd","measures":{"value":0}}
{"ts":1669475070758521923,"type":"point","name":"exType:baseline/permutationIndex:0/run:4/dialer:center/eavesCount:0/latencyMS:150/seq:5/fileSize:1048576/nodeType:Passive/nodeTypeIndex:2/meta:msgs_rcvd","measures":{"value":3}}
{"ts":1669475070758545888,"type":"point","name":"exType:baseline/permutationIndex:0/run:4/dialer:center/eavesCount:0/latencyMS:150/seq:5/fileSize:1048576/nodeType:Passive/nodeTypeIndex:2/meta:data_sent","measures":{"value":0}}
{"ts":1669475070758551620,"type":"point","name":"exType:baseline/permutationIndex:0/run:4/dialer:center/eavesCount:0/latencyMS:150/seq:5/fileSize:1048576/nodeType:Passive/nodeTypeIndex:2/meta:data_rcvd","measures":{"value":0}}
{"ts":1669475070758556685,"type":"point","name":"exType:baseline/permutationIndex:0/run:4/dialer:center/eavesCount:0/latencyMS:150/seq:5/fileSize:1048576/nodeType:Passive/nodeTypeIndex:2/meta:dup_data_rcvd","measures":{"value":0}}
{"ts":1669475070758563385,"type":"point","name":"exType:baseline/permutationIndex:0/run:4/dialer:center/eavesCount:0/latencyMS:150/seq:5/fileSize:1048576/nodeType:Passive/nodeTypeIndex:2/meta:blks_sent","measures":{"value":0}}
{"ts":1669475070758569881,"type":"point","name":"exType:baseline/permutationIndex:0/run:4/dialer:center/eavesCount:0/latencyMS:150/seq:5/fileSize:1048576/nodeType:Passive/nodeTypeIndex:2/meta:blks_rcvd","measures":{"value":0}}
{"ts":1669475070758576799,"type":"point","name":"exType:baseline/permutationIndex:0/run:4/dialer:center/eavesCount:0/latencyMS:150/seq:5/fileSize:1048576/nodeType:Passive/nodeTypeIndex:2/meta:dup_blks_rcvd","measures":{"value":0}}
{"ts":1669475075105399679,"type":"point","name":"exType:baseline/permutationIndex:0/run:5/dialer:center/eavesCount:0/latencyMS:150/seq:5/fileSize:1048576/nodeType:Passive/nodeTypeIndex:2/meta:msgs_rcvd","measures":{"value":8}}
{"ts":1669475075105438271,"type":"point","name":"exType:baseline/permutationIndex:0/run:5/dialer:center/eavesCount:0/latencyMS:150/seq:5/fileSize:1048576/nodeType:Passive/nodeTypeIndex:2/meta:data_sent","measures":{"value":0}}
{"ts":1669475075105445125,"type":"point","name":"exType:baseline/permutationIndex:0/run:5/dialer:center/eavesCount:0/latencyMS:150/seq:5/fileSize:1048576/nodeType:Passive/nodeTypeIndex:2/meta:data_rcvd","measures":{"value":0}}
{"ts":1669475075105449897,"type":"point","name":"exType:baseline/permutationIndex:0/run:5/dialer:center/eavesCount:0/latencyMS:150/seq:5/fileSize:1048576/nodeType:Passive/nodeTypeIndex:2/meta:dup_data_rcvd","measures":{"value":0}}
{"ts":1669475075105454358,"type":"point","name":"exType:baseline/permutationIndex:0/run:5/dialer:center/eavesCount:0/latencyMS:150/seq:5/fileSize:1048576/nodeType:Passive/nodeTypeIndex:2/meta:blks_sent","measures":{"value":0}}
{"ts":1669475075105458329,"type":"point","name":"exType:baseline/permutationIndex:0/run:5/dialer:center/eavesCount:0/latencyMS:150/seq:5/fileSize:1048576/nodeType:Passive/nodeTypeIndex:2/meta:blks_rcvd","measures":{"value":0}}
{"ts":1669475075105462006,"type":"point","name":"exType:baseline/permutationIndex:0/run:5/dialer:center/eavesCount:0/latencyMS:150/seq:5/fileSize:1048576/nodeType:Passive/nodeTypeIndex:2/meta:dup_blks_rcvd","measures":{"value":0}}
{"ts":1669475080434316803,"type":"point","name":"exType:baseline/permutationIndex:0/run:6/dialer:center/eavesCount:0/latencyMS:150/seq:5/fileSize:1048576/nodeType:Passive/nodeTypeIndex:2/meta:msgs_rcvd","measures":{"value":5}}
{"ts":1669475080434418086,"type":"point","name":"exType:baseline/permutationIndex:0/run:6/dialer:center/eavesCount:0/latencyMS:150/seq:5/fileSize:1048576/nodeType:Passive/nodeTypeIndex:2/meta:data_sent","measures":{"value":0}}
{"ts":1669475080434442889,"type":"point","name":"exType:baseline/permutationIndex:0/run:6/dialer:center/eavesCount:0/latencyMS:150/seq:5/fileSize:1048576/nodeType:Passive/nodeTypeIndex:2/meta:data_rcvd","measures":{"value":0}}
{"ts":1669475080434461588,"type":"point","name":"exType:baseline/permutationIndex:0/run:6/dialer:center/eavesCount:0/latencyMS:150/seq:5/fileSize:1048576/nodeType:Passive/nodeTypeIndex:2/meta:dup_data_rcvd","measures":{"value":0}}
{"ts":1669475080434480745,"type":"point","name":"exType:baseline/permutationIndex:0/run:6/dialer:center/eavesCount:0/latencyMS:150/seq:5/fileSize:1048576/nodeType:Passive/nodeTypeIndex:2/meta:blks_sent","measures":{"value":0}}
{"ts":1669475080434497730,"type":"point","name":"exType:baseline/permutationIndex:0/run:6/dialer:center/eavesCount:0/latencyMS:150/seq:5/fileSize:1048576/nodeType:Passive/nodeTypeIndex:2/meta:blks_rcvd","measures":{"value":0}}
{"ts":1669475080434514103,"type":"point","name":"exType:baseline/permutationIndex:0/run:6/dialer:center/eavesCount:0/latencyMS:150/seq:5/fileSize:1048576/nodeType:Passive/nodeTypeIndex:2/meta:dup_blks_rcvd","measures":{"value":0}}
{"ts":1669475085661360874,"type":"point","name":"exType:baseline/permutationIndex:0/run:7/dialer:center/eavesCount:0/latencyMS:150/seq:5/fileSize:1048576/nodeType:Passive/nodeTypeIndex:2/meta:msgs_rcvd","measures":{"value":7}}
{"ts":1669475085661393483,"type":"point","name":"exType:baseline/permutationIndex:0/run:7/dialer:center/eavesCount:0/latencyMS:150/seq:5/fileSize:1048576/nodeType:Passive/nodeTypeIndex:2/meta:data_sent","measures":{"value":0}}
{"ts":1669475085661397516,"type":"point","name":"exType:baseline/permutationIndex:0/run:7/dialer:center/eavesCount:0/latencyMS:150/seq:5/fileSize:1048576/nodeType:Passive/nodeTypeIndex:2/meta:data_rcvd","measures":{"value":0}}
{"ts":1669475085661400065,"type":"point","name":"exType:baseline/permutationIndex:0/run:7/dialer:center/eavesCount:0/latencyMS:150/seq:5/fileSize:1048576/nodeType:Passive/nodeTypeIndex:2/meta:dup_data_rcvd","measures":{"value":0}}
{"ts":1669475085661402556,"type":"point","name":"exType:baseline/permutationIndex:0/run:7/dialer:center/eavesCount:0/latencyMS:150/seq:5/fileSize:1048576/nodeType:Passive/nodeTypeIndex:2/meta:blks_sent","measures":{"value":0}}
{"ts":1669475085661404981,"type":"point","name":"exType:baseline/permutationIndex:0/run:7/dialer:center/eavesCount:0/latencyMS:150/seq:5/fileSize:1048576/nodeType:Passive/nodeTypeIndex:2/meta:blks_rcvd","measures":{"value":0}}
{"ts":1669475085661408017,"type":"point","name":"exType:baseline/permutationIndex:0/run:7/dialer:center/eavesCount:0/latencyMS:150/seq:5/fileSize:1048576/nodeType:Passive/nodeTypeIndex:2/meta:dup_blks_rcvd","measures":{"value":0}}
{"ts":1669475090120415381,"type":"point","name":"exType:baseline/permutationIndex:0/run:8/dialer:center/eavesCount:0/latencyMS:150/seq:5/fileSize:1048576/nodeType:Passive/nodeTypeIndex:2/meta:msgs_rcvd","measures":{"value":20}}
{"ts":1669475090120556507,"type":"point","name":"exType:baseline/permutationIndex:0/run:8/dialer:center/eavesCount:0/latencyMS:150/seq:5/fileSize:1048576/nodeType:Passive/nodeTypeIndex:2/meta:data_sent","measures":{"value":0}}
{"ts":1669475090120594207,"type":"point","name":"exType:baseline/permutationIndex:0/run:8/dialer:center/eavesCount:0/latencyMS:150/seq:5/fileSize:1048576/nodeType:Passive/nodeTypeIndex:2/meta:data_rcvd","measures":{"value":0}}
{"ts":1669475090120615140,"type":"point","name":"exType:baseline/permutationIndex:0/run:8/dialer:center/eavesCount:0/latencyMS:150/seq:5/fileSize:1048576/nodeType:Passive/nodeTypeIndex:2/meta:dup_data_rcvd","measures":{"value":0}}
{"ts":1669475090120635776,"type":"point","name":"exType:baseline/permutationIndex:0/run:8/dialer:center/eavesCount:0/latencyMS:150/seq:5/fileSize:1048576/nodeType:Passive/nodeTypeIndex:2/meta:blks_sent","measures":{"value":0}}
{"ts":1669475090120698661,"type":"point","name":"exType:baseline/permutationIndex:0/run:8/dialer:center/eavesCount:0/latencyMS:150/seq:5/fileSize:1048576/nodeType:Passive/nodeTypeIndex:2/meta:blks_rcvd","measures":{"value":0}}
{"ts":1669475090120725844,"type":"point","name":"exType:baseline/permutationIndex:0/run:8/dialer:center/eavesCount:0/latencyMS:150/seq:5/fileSize:1048576/nodeType:Passive/nodeTypeIndex:2/meta:dup_blks_rcvd","measures":{"value":0}}
{"ts":1669475095337777799,"type":"point","name":"exType:baseline/permutationIndex:0/run:9/dialer:center/eavesCount:0/latencyMS:150/seq:5/fileSize:1048576/nodeType:Passive/nodeTypeIndex:2/meta:msgs_rcvd","measures":{"value":6}}
{"ts":1669475095338190636,"type":"point","name":"exType:baseline/permutationIndex:0/run:9/dialer:center/eavesCount:0/latencyMS:150/seq:5/fileSize:1048576/nodeType:Passive/nodeTypeIndex:2/meta:data_sent","measures":{"value":0}}
{"ts":1669475095338222936,"type":"point","name":"exType:baseline/permutationIndex:0/run:9/dialer:center/eavesCount:0/latencyMS:150/seq:5/fileSize:1048576/nodeType:Passive/nodeTypeIndex:2/meta:data_rcvd","measures":{"value":0}}
{"ts":1669475095338235071,"type":"point","name":"exType:baseline/permutationIndex:0/run:9/dialer:center/eavesCount:0/latencyMS:150/seq:5/fileSize:1048576/nodeType:Passive/nodeTypeIndex:2/meta:dup_data_rcvd","measures":{"value":0}}
{"ts":1669475095338245456,"type":"point","name":"exType:baseline/permutationIndex:0/run:9/dialer:center/eavesCount:0/latencyMS:150/seq:5/fileSize:1048576/nodeType:Passive/nodeTypeIndex:2/meta:blks_sent","measures":{"value":0}}
{"ts":1669475095338255860,"type":"point","name":"exType:baseline/permutationIndex:0/run:9/dialer:center/eavesCount:0/latencyMS:150/seq:5/fileSize:1048576/nodeType:Passive/nodeTypeIndex:2/meta:blks_rcvd","measures":{"value":0}}
{"ts":1669475095338266392,"type":"point","name":"exType:baseline/permutationIndex:0/run:9/dialer:center/eavesCount:0/latencyMS:150/seq:5/fileSize:1048576/nodeType:Passive/nodeTypeIndex:2/meta:dup_blks_rcvd","measures":{"value":0}}
{"ts":1669475100557506594,"type":"point","name":"exType:baseline/permutationIndex:0/run:10/dialer:center/eavesCount:0/latencyMS:150/seq:5/fileSize:1048576/nodeType:Passive/nodeTypeIndex:2/meta:msgs_rcvd","measures":{"value":6}}
{"ts":1669475100557561509,"type":"point","name":"exType:baseline/permutationIndex:0/run:10/dialer:center/eavesCount:0/latencyMS:150/seq:5/fileSize:1048576/nodeType:Passive/nodeTypeIndex:2/meta:data_sent","measures":{"value":0}}
{"ts":1669475100557577123,"type":"point","name":"exType:baseline/permutationIndex:0/run:10/dialer:center/eavesCount:0/latencyMS:150/seq:5/fileSize:1048576/nodeType:Passive/nodeTypeIndex:2/meta:data_rcvd","measures":{"value":0}}
{"ts":1669475100557587593,"type":"point","name":"exType:baseline/permutationIndex:0/run:10/dialer:center/eavesCount:0/latencyMS:150/seq:5/fileSize:1048576/nodeType:Passive/nodeTypeIndex:2/meta:dup_data_rcvd","measures":{"value":0}}
{"ts":1669475100557597428,"type":"point","name":"exType:baseline/permutationIndex:0/run:10/dialer:center/eavesCount:0/latencyMS:150/seq:5/fileSize:1048576/nodeType:Passive/nodeTypeIndex:2/meta:blks_sent","measures":{"value":0}}
{"ts":1669475100557606770,"type":"point","name":"exType:baseline/permutationIndex:0/run:10/dialer:center/eavesCount:0/latencyMS:150/seq:5/fileSize:1048576/nodeType:Passive/nodeTypeIndex:2/meta:blks_rcvd","measures":{"value":0}}
{"ts":1669475100557615679,"type":"point","name":"exType:baseline/permutationIndex:0/run:10/dialer:center/eavesCount:0/latencyMS:150/seq:5/fileSize:1048576/nodeType:Passive/nodeTypeIndex:2/meta:dup_blks_rcvd","measures":{"value":0}}
{"ts":1669475104973432353,"type":"point","name":"exType:baseline/permutationIndex:0/run:11/dialer:center/eavesCount:0/latencyMS:150/seq:5/fileSize:1048576/nodeType:Passive/nodeTypeIndex:2/meta:msgs_rcvd","measures":{"value":6}}
{"ts":1669475104973466073,"type":"point","name":"exType:baseline/permutationIndex:0/run:11/dialer:center/eavesCount:0/latencyMS:150/seq:5/fileSize:1048576/nodeType:Passive/nodeTypeIndex:2/meta:data_sent","measures":{"value":0}}
{"ts":1669475104973475836,"type":"point","name":"exType:baseline/permutationIndex:0/run:11/dialer:center/eavesCount:0/latencyMS:150/seq:5/fileSize:1048576/nodeType:Passive/nodeTypeIndex:2/meta:data_rcvd","measures":{"value":0}}
{"ts":1669475104973478808,"type":"point","name":"exType:baseline/permutationIndex:0/run:11/dialer:center/eavesCount:0/latencyMS:150/seq:5/fileSize:1048576/nodeType:Passive/nodeTypeIndex:2/meta:dup_data_rcvd","measures":{"value":0}}
{"ts":1669475104973481011,"type":"point","name":"exType:baseline/permutationIndex:0/run:11/dialer:center/eavesCount:0/latencyMS:150/seq:5/fileSize:1048576/nodeType:Passive/nodeTypeIndex:2/meta:blks_sent","measures":{"value":0}}
{"ts":1669475104973483573,"type":"point","name":"exType:baseline/permutationIndex:0/run:11/dialer:center/eavesCount:0/latencyMS:150/seq:5/fileSize:1048576/nodeType:Passive/nodeTypeIndex:2/meta:blks_rcvd","measures":{"value":0}}
{"ts":1669475104973486126,"type":"point","name":"exType:baseline/permutationIndex:0/run:11/dialer:center/eavesCount:0/latencyMS:150/seq:5/fileSize:1048576/nodeType:Passive/nodeTypeIndex:2/meta:dup_blks_rcvd","measures":{"value":0}}
{"ts":1669475109416403728,"type":"point","name":"exType:baseline/permutationIndex:0/run:12/dialer:center/eavesCount:0/latencyMS:150/seq:5/fileSize:1048576/nodeType:Passive/nodeTypeIndex:2/meta:msgs_rcvd","measures":{"value":4}}
{"ts":1669475109416429805,"type":"point","name":"exType:baseline/permutationIndex:0/run:12/dialer:center/eavesCount:0/latencyMS:150/seq:5/fileSize:1048576/nodeType:Passive/nodeTypeIndex:2/meta:data_sent","measures":{"value":0}}
{"ts":1669475109416433499,"type":"point","name":"exType:baseline/permutationIndex:0/run:12/dialer:center/eavesCount:0/latencyMS:150/seq:5/fileSize:1048576/nodeType:Passive/nodeTypeIndex:2/meta:data_rcvd","measures":{"value":0}}
{"ts":1669475109416436116,"type":"point","name":"exType:baseline/permutationIndex:0/run:12/dialer:center/eavesCount:0/latencyMS:150/seq:5/fileSize:1048576/nodeType:Passive/nodeTypeIndex:2/meta:dup_data_rcvd","measures":{"value":0}}
{"ts":1669475109416438824,"type":"point","name":"exType:baseline/permutationIndex:0/run:12/dialer:center/eavesCount:0/latencyMS:150/seq:5/fileSize:1048576/nodeType:Passive/nodeTypeIndex:2/meta:blks_sent","measures":{"value":0}}
{"ts":1669475109416441636,"type":"point","name":"exType:baseline/permutationIndex:0/run:12/dialer:center/eavesCount:0/latencyMS:150/seq:5/fileSize:1048576/nodeType:Passive/nodeTypeIndex:2/meta:blks_rcvd","measures":{"value":0}}
{"ts":1669475109416444919,"type":"point","name":"exType:baseline/permutationIndex:0/run:12/dialer:center/eavesCount:0/latencyMS:150/seq:5/fileSize:1048576/nodeType:Passive/nodeTypeIndex:2/meta:dup_blks_rcvd","measures":{"value":0}}
{"ts":1669475114197034747,"type":"point","name":"exType:baseline/permutationIndex:0/run:13/dialer:center/eavesCount:0/latencyMS:150/seq:5/fileSize:1048576/nodeType:Passive/nodeTypeIndex:2/meta:msgs_rcvd","measures":{"value":3}}
{"ts":1669475114197061202,"type":"point","name":"exType:baseline/permutationIndex:0/run:13/dialer:center/eavesCount:0/latencyMS:150/seq:5/fileSize:1048576/nodeType:Passive/nodeTypeIndex:2/meta:data_sent","measures":{"value":0}}
{"ts":1669475114197065548,"type":"point","name":"exType:baseline/permutationIndex:0/run:13/dialer:center/eavesCount:0/latencyMS:150/seq:5/fileSize:1048576/nodeType:Passive/nodeTypeIndex:2/meta:data_rcvd","measures":{"value":0}}
{"ts":1669475114197068716,"type":"point","name":"exType:baseline/permutationIndex:0/run:13/dialer:center/eavesCount:0/latencyMS:150/seq:5/fileSize:1048576/nodeType:Passive/nodeTypeIndex:2/meta:dup_data_rcvd","measures":{"value":0}}
{"ts":1669475114197071991,"type":"point","name":"exType:baseline/permutationIndex:0/run:13/dialer:center/eavesCount:0/latencyMS:150/seq:5/fileSize:1048576/nodeType:Passive/nodeTypeIndex:2/meta:blks_sent","measures":{"value":0}}
{"ts":1669475114197074951,"type":"point","name":"exType:baseline/permutationIndex:0/run:13/dialer:center/eavesCount:0/latencyMS:150/seq:5/fileSize:1048576/nodeType:Passive/nodeTypeIndex:2/meta:blks_rcvd","measures":{"value":0}}
{"ts":1669475114197083789,"type":"point","name":"exType:baseline/permutationIndex:0/run:13/dialer:center/eavesCount:0/latencyMS:150/seq:5/fileSize:1048576/nodeType:Passive/nodeTypeIndex:2/meta:dup_blks_rcvd","measures":{"value":0}}
{"ts":1669475119283020491,"type":"point","name":"exType:baseline/permutationIndex:0/run:14/dialer:center/eavesCount:0/latencyMS:150/seq:5/fileSize:1048576/nodeType:Passive/nodeTypeIndex:2/meta:msgs_rcvd","measures":{"value":6}}
{"ts":1669475119283044748,"type":"point","name":"exType:baseline/permutationIndex:0/run:14/dialer:center/eavesCount:0/latencyMS:150/seq:5/fileSize:1048576/nodeType:Passive/nodeTypeIndex:2/meta:data_sent","measures":{"value":0}}
{"ts":1669475119283049166,"type":"point","name":"exType:baseline/permutationIndex:0/run:14/dialer:center/eavesCount:0/latencyMS:150/seq:5/fileSize:1048576/nodeType:Passive/nodeTypeIndex:2/meta:data_rcvd","measures":{"value":0}}
{"ts":1669475119283051757,"type":"point","name":"exType:baseline/permutationIndex:0/run:14/dialer:center/eavesCount:0/latencyMS:150/seq:5/fileSize:1048576/nodeType:Passive/nodeTypeIndex:2/meta:dup_data_rcvd","measures":{"value":0}}
{"ts":1669475119283054639,"type":"point","name":"exType:baseline/permutationIndex:0/run:14/dialer:center/eavesCount:0/latencyMS:150/seq:5/fileSize:1048576/nodeType:Passive/nodeTypeIndex:2/meta:blks_sent","measures":{"value":0}}
{"ts":1669475119283057147,"type":"point","name":"exType:baseline/permutationIndex:0/run:14/dialer:center/eavesCount:0/latencyMS:150/seq:5/fileSize:1048576/nodeType:Passive/nodeTypeIndex:2/meta:blks_rcvd","measures":{"value":0}}
{"ts":1669475119283059004,"type":"point","name":"exType:baseline/permutationIndex:0/run:14/dialer:center/eavesCount:0/latencyMS:150/seq:5/fileSize:1048576/nodeType:Passive/nodeTypeIndex:2/meta:dup_blks_rcvd","measures":{"value":0}}
{"ts":1669475124081434563,"type":"point","name":"exType:baseline/permutationIndex:0/run:15/dialer:center/eavesCount:0/latencyMS:150/seq:5/fileSize:1048576/nodeType:Passive/nodeTypeIndex:2/meta:msgs_rcvd","measures":{"value":5}}
{"ts":1669475124081462336,"type":"point","name":"exType:baseline/permutationIndex:0/run:15/dialer:center/eavesCount:0/latencyMS:150/seq:5/fileSize:1048576/nodeType:Passive/nodeTypeIndex:2/meta:data_sent","measures":{"value":0}}
{"ts":1669475124081465511,"type":"point","name":"exType:baseline/permutationIndex:0/run:15/dialer:center/eavesCount:0/latencyMS:150/seq:5/fileSize:1048576/nodeType:Passive/nodeTypeIndex:2/meta:data_rcvd","measures":{"value":0}}
{"ts":1669475124081467930,"type":"point","name":"exType:baseline/permutationIndex:0/run:15/dialer:center/eavesCount:0/latencyMS:150/seq:5/fileSize:1048576/nodeType:Passive/nodeTypeIndex:2/meta:dup_data_rcvd","measures":{"value":0}}
{"ts":1669475124081470222,"type":"point","name":"exType:baseline/permutationIndex:0/run:15/dialer:center/eavesCount:0/latencyMS:150/seq:5/fileSize:1048576/nodeType:Passive/nodeTypeIndex:2/meta:blks_sent","measures":{"value":0}}
{"ts":1669475124081472527,"type":"point","name":"exType:baseline/permutationIndex:0/run:15/dialer:center/eavesCount:0/latencyMS:150/seq:5/fileSize:1048576/nodeType:Passive/nodeTypeIndex:2/meta:blks_rcvd","measures":{"value":0}}
{"ts":1669475124081474733,"type":"point","name":"exType:baseline/permutationIndex:0/run:15/dialer:center/eavesCount:0/latencyMS:150/seq:5/fileSize:1048576/nodeType:Passive/nodeTypeIndex:2/meta:dup_blks_rcvd","measures":{"value":0}}
{"ts":1669475128847125827,"type":"point","name":"exType:baseline/permutationIndex:0/run:16/dialer:center/eavesCount:0/latencyMS:150/seq:5/fileSize:1048576/nodeType:Passive/nodeTypeIndex:2/meta:msgs_rcvd","measures":{"value":4}}
{"ts":1669475128847169989,"type":"point","name":"exType:baseline/permutationIndex:0/run:16/dialer:center/eavesCount:0/latencyMS:150/seq:5/fileSize:1048576/nodeType:Passive/nodeTypeIndex:2/meta:data_sent","measures":{"value":0}}
{"ts":1669475128847182097,"type":"point","name":"exType:baseline/permutationIndex:0/run:16/dialer:center/eavesCount:0/latencyMS:150/seq:5/fileSize:1048576/nodeType:Passive/nodeTypeIndex:2/meta:data_rcvd","measures":{"value":0}}
{"ts":1669475128847214876,"type":"point","name":"exType:baseline/permutationIndex:0/run:16/dialer:center/eavesCount:0/latencyMS:150/seq:5/fileSize:1048576/nodeType:Passive/nodeTypeIndex:2/meta:dup_data_rcvd","measures":{"value":0}}
{"ts":1669475128847223494,"type":"point","name":"exType:baseline/permutationIndex:0/run:16/dialer:center/eavesCount:0/latencyMS:150/seq:5/fileSize:1048576/nodeType:Passive/nodeTypeIndex:2/meta:blks_sent","measures":{"value":0}}
{"ts":1669475128847229803,"type":"point","name":"exType:baseline/permutationIndex:0/run:16/dialer:center/eavesCount:0/latencyMS:150/seq:5/fileSize:1048576/nodeType:Passive/nodeTypeIndex:2/meta:blks_rcvd","measures":{"value":0}}
{"ts":1669475128847234899,"type":"point","name":"exType:baseline/permutationIndex:0/run:16/dialer:center/eavesCount:0/latencyMS:150/seq:5/fileSize:1048576/nodeType:Passive/nodeTypeIndex:2/meta:dup_blks_rcvd","measures":{"value":0}}
{"ts":1669475134191004404,"type":"point","name":"exType:baseline/permutationIndex:0/run:17/dialer:center/eavesCount:0/latencyMS:150/seq:5/fileSize:1048576/nodeType:Passive/nodeTypeIndex:2/meta:msgs_rcvd","measures":{"value":6}}
{"ts":1669475134191035537,"type":"point","name":"exType:baseline/permutationIndex:0/run:17/dialer:center/eavesCount:0/latencyMS:150/seq:5/fileSize:1048576/nodeType:Passive/nodeTypeIndex:2/meta:data_sent","measures":{"value":0}}
{"ts":1669475134191038666,"type":"point","name":"exType:baseline/permutationIndex:0/run:17/dialer:center/eavesCount:0/latencyMS:150/seq:5/fileSize:1048576/nodeType:Passive/nodeTypeIndex:2/meta:data_rcvd","measures":{"value":0}}
{"ts":1669475134191041190,"type":"point","name":"exType:baseline/permutationIndex:0/run:17/dialer:center/eavesCount:0/latencyMS:150/seq:5/fileSize:1048576/nodeType:Passive/nodeTypeIndex:2/meta:dup_data_rcvd","measures":{"value":0}}
{"ts":1669475134191043499,"type":"point","name":"exType:baseline/permutationIndex:0/run:17/dialer:center/eavesCount:0/latencyMS:150/seq:5/fileSize:1048576/nodeType:Passive/nodeTypeIndex:2/meta:blks_sent","measures":{"value":0}}
{"ts":1669475134191045891,"type":"point","name":"exType:baseline/permutationIndex:0/run:17/dialer:center/eavesCount:0/latencyMS:150/seq:5/fileSize:1048576/nodeType:Passive/nodeTypeIndex:2/meta:blks_rcvd","measures":{"value":0}}
{"ts":1669475134191048441,"type":"point","name":"exType:baseline/permutationIndex:0/run:17/dialer:center/eavesCount:0/latencyMS:150/seq:5/fileSize:1048576/nodeType:Passive/nodeTypeIndex:2/meta:dup_blks_rcvd","measures":{"value":0}}
{"ts":1669475138520029313,"type":"point","name":"exType:baseline/permutationIndex:0/run:18/dialer:center/eavesCount:0/latencyMS:150/seq:5/fileSize:1048576/nodeType:Passive/nodeTypeIndex:2/meta:msgs_rcvd","measures":{"value":5}}
{"ts":1669475138520052545,"type":"point","name":"exType:baseline/permutationIndex:0/run:18/dialer:center/eavesCount:0/latencyMS:150/seq:5/fileSize:1048576/nodeType:Passive/nodeTypeIndex:2/meta:data_sent","measures":{"value":0}}
{"ts":1669475138520055842,"type":"point","name":"exType:baseline/permutationIndex:0/run:18/dialer:center/eavesCount:0/latencyMS:150/seq:5/fileSize:1048576/nodeType:Passive/nodeTypeIndex:2/meta:data_rcvd","measures":{"value":0}}
{"ts":1669475138520058358,"type":"point","name":"exType:baseline/permutationIndex:0/run:18/dialer:center/eavesCount:0/latencyMS:150/seq:5/fileSize:1048576/nodeType:Passive/nodeTypeIndex:2/meta:dup_data_rcvd","measures":{"value":0}}
{"ts":1669475138520060768,"type":"point","name":"exType:baseline/permutationIndex:0/run:18/dialer:center/eavesCount:0/latencyMS:150/seq:5/fileSize:1048576/nodeType:Passive/nodeTypeIndex:2/meta:blks_sent","measures":{"value":0}}
{"ts":1669475138520063473,"type":"point","name":"exType:baseline/permutationIndex:0/run:18/dialer:center/eavesCount:0/latencyMS:150/seq:5/fileSize:1048576/nodeType:Passive/nodeTypeIndex:2/meta:blks_rcvd","measures":{"value":0}}
{"ts":1669475138520065784,"type":"point","name":"exType:baseline/permutationIndex:0/run:18/dialer:center/eavesCount:0/latencyMS:150/seq:5/fileSize:1048576/nodeType:Passive/nodeTypeIndex:2/meta:dup_blks_rcvd","measures":{"value":0}}
{"ts":1669475142984664752,"type":"point","name":"exType:baseline/permutationIndex:0/run:19/dialer:center/eavesCount:0/latencyMS:150/seq:5/fileSize:1048576/nodeType:Passive/nodeTypeIndex:2/meta:msgs_rcvd","measures":{"value":5}}
{"ts":1669475142984700661,"type":"point","name":"exType:baseline/permutationIndex:0/run:19/dialer:center/eavesCount:0/latencyMS:150/seq:5/fileSize:1048576/nodeType:Passive/nodeTypeIndex:2/meta:data_sent","measures":{"value":0}}
{"ts":1669475142984709195,"type":"point","name":"exType:baseline/permutationIndex:0/run:19/dialer:center/eavesCount:0/latencyMS:150/seq:5/fileSize:1048576/nodeType:Passive/nodeTypeIndex:2/meta:data_rcvd","measures":{"value":0}}
{"ts":1669475142984714677,"type":"point","name":"exType:baseline/permutationIndex:0/run:19/dialer:center/eavesCount:0/latencyMS:150/seq:5/fileSize:1048576/nodeType:Passive/nodeTypeIndex:2/meta:dup_data_rcvd","measures":{"value":0}}
{"ts":1669475142984719866,"type":"point","name":"exType:baseline/permutationIndex:0/run:19/dialer:center/eavesCount:0/latencyMS:150/seq:5/fileSize:1048576/nodeType:Passive/nodeTypeIndex:2/meta:blks_sent","measures":{"value":0}}
{"ts":1669475142984724934,"type":"point","name":"exType:baseline/permutationIndex:0/run:19/dialer:center/eavesCount:0/latencyMS:150/seq:5/fileSize:1048576/nodeType:Passive/nodeTypeIndex:2/meta:blks_rcvd","measures":{"value":0}}
{"ts":1669475142984729817,"type":"point","name":"exType:baseline/permutationIndex:0/run:19/dialer:center/eavesCount:0/latencyMS:150/seq:5/fileSize:1048576/nodeType:Passive/nodeTypeIndex:2/meta:dup_blks_rcvd","measures":{"value":0}}
{"ts":1669475147496168937,"type":"point","name":"exType:baseline/permutationIndex:0/run:20/dialer:center/eavesCount:0/latencyMS:150/seq:5/fileSize:1048576/nodeType:Passive/nodeTypeIndex:2/meta:msgs_rcvd","measures":{"value":2}}
{"ts":1669475147496200418,"type":"point","name":"exType:baseline/permutationIndex:0/run:20/dialer:center/eavesCount:0/latencyMS:150/seq:5/fileSize:1048576/nodeType:Passive/nodeTypeIndex:2/meta:data_sent","measures":{"value":0}}
{"ts":1669475147496206564,"type":"point","name":"exType:baseline/permutationIndex:0/run:20/dialer:center/eavesCount:0/latencyMS:150/seq:5/fileSize:1048576/nodeType:Passive/nodeTypeIndex:2/meta:data_rcvd","measures":{"value":0}}
{"ts":1669475147496209856,"type":"point","name":"exType:baseline/permutationIndex:0/run:20/dialer:center/eavesCount:0/latencyMS:150/seq:5/fileSize:1048576/nodeType:Passive/nodeTypeIndex:2/meta:dup_data_rcvd","measures":{"value":0}}
{"ts":1669475147496212838,"type":"point","name":"exType:baseline/permutationIndex:0/run:20/dialer:center/eavesCount:0/latencyMS:150/seq:5/fileSize:1048576/nodeType:Passive/nodeTypeIndex:2/meta:blks_sent","measures":{"value":0}}
{"ts":1669475147496215595,"type":"point","name":"exType:baseline/permutationIndex:0/run:20/dialer:center/eavesCount:0/latencyMS:150/seq:5/fileSize:1048576/nodeType:Passive/nodeTypeIndex:2/meta:blks_rcvd","measures":{"value":0}}
{"ts":1669475147496219045,"type":"point","name":"exType:baseline/permutationIndex:0/run:20/dialer:center/eavesCount:0/latencyMS:150/seq:5/fileSize:1048576/nodeType:Passive/nodeTypeIndex:2/meta:dup_blks_rcvd","measures":{"value":0}}
{"ts":1669475152006598672,"type":"point","name":"exType:baseline/permutationIndex:0/run:21/dialer:center/eavesCount:0/latencyMS:150/seq:5/fileSize:1048576/nodeType:Passive/nodeTypeIndex:2/meta:msgs_rcvd","measures":{"value":5}}
{"ts":1669475152006689272,"type":"point","name":"exType:baseline/permutationIndex:0/run:21/dialer:center/eavesCount:0/latencyMS:150/seq:5/fileSize:1048576/nodeType:Passive/nodeTypeIndex:2/meta:data_sent","measures":{"value":0}}
{"ts":1669475152006708984,"type":"point","name":"exType:baseline/permutationIndex:0/run:21/dialer:center/eavesCount:0/latencyMS:150/seq:5/fileSize:1048576/nodeType:Passive/nodeTypeIndex:2/meta:data_rcvd","measures":{"value":0}}
{"ts":1669475152006719700,"type":"point","name":"exType:baseline/permutationIndex:0/run:21/dialer:center/eavesCount:0/latencyMS:150/seq:5/fileSize:1048576/nodeType:Passive/nodeTypeIndex:2/meta:dup_data_rcvd","measures":{"value":0}}
{"ts":1669475152006751633,"type":"point","name":"exType:baseline/permutationIndex:0/run:21/dialer:center/eavesCount:0/latencyMS:150/seq:5/fileSize:1048576/nodeType:Passive/nodeTypeIndex:2/meta:blks_sent","measures":{"value":0}}
{"ts":1669475152006762886,"type":"point","name":"exType:baseline/permutationIndex:0/run:21/dialer:center/eavesCount:0/latencyMS:150/seq:5/fileSize:1048576/nodeType:Passive/nodeTypeIndex:2/meta:blks_rcvd","measures":{"value":0}}
{"ts":1669475152006773212,"type":"point","name":"exType:baseline/permutationIndex:0/run:21/dialer:center/eavesCount:0/latencyMS:150/seq:5/fileSize:1048576/nodeType:Passive/nodeTypeIndex:2/meta:dup_blks_rcvd","measures":{"value":0}}
{"ts":1669475156470887241,"type":"point","name":"exType:baseline/permutationIndex:0/run:22/dialer:center/eavesCount:0/latencyMS:150/seq:5/fileSize:1048576/nodeType:Passive/nodeTypeIndex:2/meta:msgs_rcvd","measures":{"value":3}}
{"ts":1669475156470914158,"type":"point","name":"exType:baseline/permutationIndex:0/run:22/dialer:center/eavesCount:0/latencyMS:150/seq:5/fileSize:1048576/nodeType:Passive/nodeTypeIndex:2/meta:data_sent","measures":{"value":0}}
{"ts":1669475156470917360,"type":"point","name":"exType:baseline/permutationIndex:0/run:22/dialer:center/eavesCount:0/latencyMS:150/seq:5/fileSize:1048576/nodeType:Passive/nodeTypeIndex:2/meta:data_rcvd","measures":{"value":0}}
{"ts":1669475156470919944,"type":"point","name":"exType:baseline/permutationIndex:0/run:22/dialer:center/eavesCount:0/latencyMS:150/seq:5/fileSize:1048576/nodeType:Passive/nodeTypeIndex:2/meta:dup_data_rcvd","measures":{"value":0}}
{"ts":1669475156470922430,"type":"point","name":"exType:baseline/permutationIndex:0/run:22/dialer:center/eavesCount:0/latencyMS:150/seq:5/fileSize:1048576/nodeType:Passive/nodeTypeIndex:2/meta:blks_sent","measures":{"value":0}}
{"ts":1669475156470924911,"type":"point","name":"exType:baseline/permutationIndex:0/run:22/dialer:center/eavesCount:0/latencyMS:150/seq:5/fileSize:1048576/nodeType:Passive/nodeTypeIndex:2/meta:blks_rcvd","measures":{"value":0}}
{"ts":1669475156470927420,"type":"point","name":"exType:baseline/permutationIndex:0/run:22/dialer:center/eavesCount:0/latencyMS:150/seq:5/fileSize:1048576/nodeType:Passive/nodeTypeIndex:2/meta:dup_blks_rcvd","measures":{"value":0}}
{"ts":1669475161247795871,"type":"point","name":"exType:baseline/permutationIndex:0/run:23/dialer:center/eavesCount:0/latencyMS:150/seq:5/fileSize:1048576/nodeType:Passive/nodeTypeIndex:2/meta:msgs_rcvd","measures":{"value":7}}
{"ts":1669475161247818941,"type":"point","name":"exType:baseline/permutationIndex:0/run:23/dialer:center/eavesCount:0/latencyMS:150/seq:5/fileSize:1048576/nodeType:Passive/nodeTypeIndex:2/meta:data_sent","measures":{"value":0}}
{"ts":1669475161247822998,"type":"point","name":"exType:baseline/permutationIndex:0/run:23/dialer:center/eavesCount:0/latencyMS:150/seq:5/fileSize:1048576/nodeType:Passive/nodeTypeIndex:2/meta:data_rcvd","measures":{"value":0}}
{"ts":1669475161247825890,"type":"point","name":"exType:baseline/permutationIndex:0/run:23/dialer:center/eavesCount:0/latencyMS:150/seq:5/fileSize:1048576/nodeType:Passive/nodeTypeIndex:2/meta:dup_data_rcvd","measures":{"value":0}}
{"ts":1669475161247828607,"type":"point","name":"exType:baseline/permutationIndex:0/run:23/dialer:center/eavesCount:0/latencyMS:150/seq:5/fileSize:1048576/nodeType:Passive/nodeTypeIndex:2/meta:blks_sent","measures":{"value":0}}
{"ts":1669475161247831182,"type":"point","name":"exType:baseline/permutationIndex:0/run:23/dialer:center/eavesCount:0/latencyMS:150/seq:5/fileSize:1048576/nodeType:Passive/nodeTypeIndex:2/meta:blks_rcvd","measures":{"value":0}}
{"ts":1669475161247834294,"type":"point","name":"exType:baseline/permutationIndex:0/run:23/dialer:center/eavesCount:0/latencyMS:150/seq:5/fileSize:1048576/nodeType:Passive/nodeTypeIndex:2/meta:dup_blks_rcvd","measures":{"value":0}}
{"ts":1669475165690817915,"type":"point","name":"exType:baseline/permutationIndex:0/run:24/dialer:center/eavesCount:0/latencyMS:150/seq:5/fileSize:1048576/nodeType:Passive/nodeTypeIndex:2/meta:msgs_rcvd","measures":{"value":4}}
{"ts":1669475165690862936,"type":"point","name":"exType:baseline/permutationIndex:0/run:24/dialer:center/eavesCount:0/latencyMS:150/seq:5/fileSize:1048576/nodeType:Passive/nodeTypeIndex:2/meta:data_sent","measures":{"value":0}}
{"ts":1669475165690867091,"type":"point","name":"exType:baseline/permutationIndex:0/run:24/dialer:center/eavesCount:0/latencyMS:150/seq:5/fileSize:1048576/nodeType:Passive/nodeTypeIndex:2/meta:data_rcvd","measures":{"value":0}}
{"ts":1669475165690869965,"type":"point","name":"exType:baseline/permutationIndex:0/run:24/dialer:center/eavesCount:0/latencyMS:150/seq:5/fileSize:1048576/nodeType:Passive/nodeTypeIndex:2/meta:dup_data_rcvd","measures":{"value":0}}
{"ts":1669475165690872754,"type":"point","name":"exType:baseline/permutationIndex:0/run:24/dialer:center/eavesCount:0/latencyMS:150/seq:5/fileSize:1048576/nodeType:Passive/nodeTypeIndex:2/meta:blks_sent","measures":{"value":0}}
{"ts":1669475165690875271,"type":"point","name":"exType:baseline/permutationIndex:0/run:24/dialer:center/eavesCount:0/latencyMS:150/seq:5/fileSize:1048576/nodeType:Passive/nodeTypeIndex:2/meta:blks_rcvd","measures":{"value":0}}
{"ts":1669475165690878234,"type":"point","name":"exType:baseline/permutationIndex:0/run:24/dialer:center/eavesCount:0/latencyMS:150/seq:5/fileSize:1048576/nodeType:Passive/nodeTypeIndex:2/meta:dup_blks_rcvd","measures":{"value":0}}
