{"ts":1669475057193494861,"type":"point","name":"exType:baseline/permutationIndex:0/run:1/dialer:center/eavesCount:0/latencyMS:150/seq:4/fileSize:1048576/nodeType:Passive/nodeTypeIndex:1/meta:msgs_rcvd","measures":{"value":6}}
{"ts":1669475057193524199,"type":"point","name":"exType:baseline/permutationIndex:0/run:1/dialer:center/eavesCount:0/latencyMS:150/seq:4/fileSize:1048576/nodeType:Passive/nodeTypeIndex:1/meta:data_sent","measures":{"value":0}}
{"ts":1669475057193527865,"type":"point","name":"exType:baseline/permutationIndex:0/run:1/dialer:center/eavesCount:0/latencyMS:150/seq:4/fileSize:1048576/nodeType:Passive/nodeTypeIndex:1/meta:data_rcvd","measures":{"value":0}}
{"ts":1669475057193530429,"type":"point","name":"exType:baseline/permutationIndex:0/run:1/dialer:center/eavesCount:0/latencyMS:150/seq:4/fileSize:1048576/nodeType:Passive/nodeTypeIndex:1/meta:dup_data_rcvd","measures":{"value":0}}
{"ts":1669475057193532742,"type":"point","name":"exType:baseline/permutationIndex:0/run:1/dialer:center/eavesCount:0/latencyMS:150/seq:4/fileSize:1048576/nodeType:Passive/nodeTypeIndex:1/meta:blks_sent","measures":{"value":0}}
{"ts":1669475057193535008,"type":"point","name":"exType:baseline/permutationIndex:0/run:1/dialer:center/eavesCount:0/latencyMS:150/seq:4/fileSize:1048576/nodeType:Passive/nodeTypeIndex:1/meta:blks_rcvd","measures":{"value":0}}
{"ts":1669475057193537362,"type":"point","name":"exType:baseline/permutationIndex:0/run:1/dialer:center/eavesCount:0/latencyMS:150/seq:4/fileSize:1048576/nodeType:Passive/nodeTypeIndex:1/meta:dup_blks_rcvd","measures":{"value":0}}
{"ts":1669475061769092955,"type":"point","name":"exType:baseline/permutationIndex:0/run:2/dialer:center/eavesCount:0/latencyMS:150/seq:4/fileSize:1048576/nodeType:Passive/nodeTypeIndex:1/meta:msgs_rcvd","measures":{"value":3}}
{"ts":1669475061769131596,"type":"point","name":"exType:baseline/permutationIndex:0/run:2/dialer:center/eavesCount:0/latencyMS:150/seq:4/fileSize:1048576/nodeType:Passive/nodeTypeIndex:1/meta:data_sent","measures":{"value":0}}
{"ts":1669475061769139390,"type":"point","name":"exType:baseline/permutationIndex:0/run:2/dialer:center/eavesCount:0/latencyMS:150/seq:4/fileSize:1048576/nodeType:Passive/nodeTypeIndex:1/meta:data_rcvd","measures":{"value":0}}
{"ts":1669475061769144534,"type":"point","name":"exType:baseline/permutationIndex:0/run:2/dialer:center/eavesCount:0/latencyMS:150/seq:4/fileSize:1048576/nodeType:Passive/nodeTypeIndex:1/meta:dup_data_rcvd","measures":{"value":0}}
{"ts":1669475061769149774,"type":"point","name":"exType:baseline/permutationIndex:0/run:2/dialer:center/eavesCount:0/latencyMS:150/seq:4/fileSize:1048576/nodeType:Passive/nodeTypeIndex:1/meta:blks_sent","measures":{"value":0}}
{"ts":1669475061769153912,"type":"point","name":"exType:baseline/permutationIndex:0/run:2/dialer:center/eavesCount:0/latencyMS:150/seq:4/fileSize:1048576/nodeType:Passive/nodeTypeIndex:1/meta:blks_rcvd","measures":{"value":0}}
{"ts":1669475061769159009,"type":"point","name":"exType:baseline/permutationIndex:0/run:2/dialer:center/eavesCount:0/latencyMS:150/seq:4/fileSize:1048576/nodeType:Passive/nodeTypeIndex:1/meta:dup_blks_rcvd","measures":{"value":0}}
{"ts":1669475066278860977,"type":"point","name":"exType:baseline/permutationIndex:0/run:3/dialer:center/eavesCount:0/latencyMS:150/seq:4/fileSize:1048576/nodeType:Passive/nodeTypeIndex:1/meta:msgs_rcvd","measures":{"value":72}}
{"ts":1669475066278889988,"type":"point","name":"exType:baseline/permutationIndex:0/run:3/dialer:center/eavesCount:0/latencyMS:150/seq:4/fileSize:1048576/nodeType:Passive/nodeTypeIndex:1/meta:data_sent","measures":{"value":0}}
{"ts":1669475066278893542,"type":"point","name":"exType:baseline/permutationIndex:0/run:3/dialer:center/eavesCount:0/latencyMS:150/seq:4/fileSize:1048576/nodeType:Passive/nodeTypeIndex:1/meta:data_rcvd","measures":{"value":0}}
{"ts":1669475066278895964,"type":"point","name":"exType:baseline/permutationIndex:0/run:3/dialer:center/eavesCount:0/latencyMS:150/seq:4/fileSize:1048576/nodeType:Passive/nodeTypeIndex:1/meta:dup_data_rcvd","measures":{"value":0}}
{"ts":1669475066278907960,"type":"point","name":"exType:baseline/permutationIndex:0/run:3/dialer:center/eavesCount:0/latencyMS:150/seq:4/fileSize:1048576/nodeType:Passive/nodeTypeIndex:1/meta:blks_sent","measures":{"value":0}}
{"ts":1669475066278910384,"type":"point","name":"exType:baseline/permutationIndex:0/run:3/dialer:center/eavesCount:0/latencyMS:150/seq:4/fileSize:1048576/nodeType:Passive/nodeTypeIndex:1/meta:blks_rcvd","measures":{"value":0}}
{"ts":1669475066278912780,"type":"point","name":"exType:baseline/permutationIndex:0/run:3/dialer:center/eavesCount:0/latencyMS:150/seq:4/fileSize:1048576/nodeType:Passive/nodeTypeIndex:1/meta:dup_blks_rcvd","measures":{"value":0}}
{"ts":1669475070758505287,"type":"point","name":"exType:baseline/permutationIndex:0/run:4/dialer:center/eavesCount:0/latencyMS:150/seq:4/fileSize:1048576/nodeType:Passive/nodeTypeIndex:1/meta:msgs_rcvd","measures":{"value":2}}
{"ts":1669475070758534692,"type":"point","name":"exType:baseline/permutationIndex:0/run:4/dialer:center/eavesCount:0/latencyMS:150/seq:4/fileSize:1048576/nodeType:Passive/nodeTypeIndex:1/meta:data_sent","measures":{"value":0}}
{"ts":1669475070758540036,"type":"point","name":"exType:baseline/permutationIndex:0/run:4/dialer:center/eavesCount:0/latencyMS:150/seq:4/fileSize:1048576/nodeType:Passive/nodeTypeIndex:1/meta:data_rcvd","measures":{"value":0}}
{"ts":1669475070758544698,"type":"point","name":"exType:baseline/permutationIndex:0/run:4/dialer:center/eavesCount:0/latencyMS:150/seq:4/fileSize:1048576/nodeType:Passive/nodeTypeIndex:1/meta:dup_data_rcvd","measures":{"value":0}}
{"ts":1669475070758550011,"type":"point","name":"exType:baseline/permutationIndex:0/run:4/dialer:center/eavesCount:0/latencyMS:150/seq:4/fileSize:1048576/nodeType:Passive/nodeTypeIndex:1/meta:blks_sent","measures":{"value":0}}
{"ts":1669475070758554995,"type":"point","name":"exType:baseline/permutationIndex:0/run:4/dialer:center/eavesCount:0/latencyMS:150/seq:4/fileSize:1048576/nodeType:Passive/nodeTypeIndex:1/meta:blks_rcvd","measures":{"value":0}}
{"ts":1669475070758560047,"type":"point","name":"exType:baseline/permutationIndex:0/run:4/dialer:center/eavesCount:0/latencyMS:150/seq:4/fileSize:1048576/nodeType:Passive/nodeTypeIndex:1/meta:dup_blks_rcvd","measures":{"value":0}}
{"ts":1669475075105375109,"type":"point","name":"exType:baseline/permutationIndex:0/run:5/dialer:center/eavesCount:0/latencyMS:150/seq:4/fileSize:1048576/nodeType:Passive/nodeTypeIndex:1/meta:msgs_rcvd","measures":{"value":58}}
{"ts":1669475075105404921,"type":"point","name":"exType:baseline/permutationIndex:0/run:5/dialer:center/eavesCount:0/latencyMS:150/seq:4/fileSize:1048576/nodeType:Passive/nodeTypeIndex:1/meta:data_sent","measures":{"value":0}}
{"ts":1669475075105408856,"type":"point","name":"exType:baseline/permutationIndex:0/run:5/dialer:center/eavesCount:0/latencyMS:150/seq:4/fileSize:1048576/nodeType:Passive/nodeTypeIndex:1/meta:data_rcvd","measures":{"value":0}}
{"ts":1669475075105412786,"type":"point","name":"exType:baseline/permutationIndex:0/run:5/dialer:center/eavesCount:0/latencyMS:150/seq:4/fileSize:1048576/nodeType:Passive/nodeTypeIndex:1/meta:dup_data_rcvd","measures":{"value":0}}
{"ts":1669475075105415439,"type":"point","name":"exType:baseline/permutationIndex:0/run:5/dialer:center/eavesCount:0/latencyMS:150/seq:4/fileSize:1048576/nodeType:Passive/nodeTypeIndex:1/meta:blks_sent","measures":{"value":0}}
{"ts":1669475075105417924,"type":"point","name":"exType:baseline/permutationIndex:0/run:5/dialer:center/eavesCount:0/latencyMS:150/seq:4/fileSize:1048576/nodeType:Passive/nodeTypeIndex:1/meta:blks_rcvd","measures":{"value":0}}
{"ts":1669475075105420142,"type":"point","name":"exType:baseline/permutationIndex:0/run:5/dialer:center/eavesCount:0/latencyMS:150/seq:4/fileSize:1048576/nodeType:Passive/nodeTypeIndex:1/meta:dup_blks_rcvd","measures":{"value":0}}
{"ts":1669475080434208388,"type":"point","name":"exType:baseline/permutationIndex:0/run:6/dialer:center/eavesCount:0/latencyMS:150/seq:4/fileSize:1048576/nodeType:Passive/nodeTypeIndex:1/meta:msgs_rcvd","measures":{"value":103}}
{"ts":1669475080434248488,"type":"point","name":"exType:baseline/permutationIndex:0/run:6/dialer:center/eavesCount:0/latencyMS:150/seq:4/fileSize:1048576/nodeType:Passive/nodeTypeIndex:1/meta:data_sent","measures":{"value":0}}
{"ts":1669475080434256613,"type":"point","name":"exType:baseline/permutationIndex:0/run:6/dialer:center/eavesCount:0/latencyMS:150/seq:4/fileSize:1048576/nodeType:Passive/nodeTypeIndex:1/meta:data_rcvd","measures":{"value":0}}
{"ts":1669475080434262499,"type":"point","name":"exType:baseline/permutationIndex:0/run:6/dialer:center/eavesCount:0/latencyMS:150/seq:4/fileSize:1048576/nodeType:Passive/nodeTypeIndex:1/meta:dup_data_rcvd","measures":{"value":0}}
{"ts":1669475080434267701,"type":"point","name":"exType:baseline/permutationIndex:0/run:6/dialer:center/eavesCount:0/latencyMS:150/seq:4/fileSize:1048576/nodeType:Passive/nodeTypeIndex:1/meta:blks_sent","measures":{"value":0}}
{"ts":1669475080434273322,"type":"point","name":"exType:baseline/permutationIndex:0/run:6/dialer:center/eavesCount:0/latencyMS:150/seq:4/fileSize:1048576/nodeType:Passive/nodeTypeIndex:1/meta:blks_rcvd","measures":{"value":0}}
{"ts":1669475080434278794,"type":"point","name":"exType:baseline/permutationIndex:0/run:6/dialer:center/eavesCount:0/latencyMS:150/seq:4/fileSize:1048576/nodeType:Passive/nodeTypeIndex:1/meta:dup_blks_rcvd","measures":{"value":0}}
{"ts":1669475085661339857,"type":"point","name":"exType:baseline/permutationIndex:0/run:7/dialer:center/eavesCount:0/latencyMS:150/seq:4/fileSize:1048576/nodeType:Passive/nodeTypeIndex:1/meta:msgs_rcvd","measures":{"value":42}}
{"ts":1669475085661372997,"type":"point","name":"exType:baseline/permutationIndex:0/run:7/dialer:center/eavesCount:0/latencyMS:150/seq:4/fileSize:1048576/nodeType:Passive/nodeTypeIndex:1/meta:data_sent","measures":{"value":0}}
{"ts":1669475085661378736,"type":"point","name":"exType:baseline/permutationIndex:0/run:7/dialer:center/eavesCount:0/latencyMS:150/seq:4/fileSize:1048576/nodeType:Passive/nodeTypeIndex:1/meta:data_rcvd","measures":{"value":0}}
{"ts":1669475085661381208,"type":"point","name":"exType:baseline/permutationIndex:0/run:7/dialer:center/eavesCount:0/latencyMS:150/seq:4/fileSize:1048576/nodeType:Passive/nodeTypeIndex:1/meta:dup_data_rcvd","measures":{"value":0}}
{"ts":1669475085661383719,"type":"point","name":"exType:baseline/permutationIndex:0/run:7/dialer:center/eavesCount:0/latencyMS:150/seq:4/fileSize:1048576/nodeType:Passive/nodeTypeIndex:1/meta:blks_sent","measures":{"value":0}}
{"ts":1669475085661388604,"type":"point","name":"exType:baseline/permutationIndex:0/run:7/dialer:center/eavesCount:0/latencyMS:150/seq:4/fileSize:1048576/nodeType:Passive/nodeTypeIndex:1/meta:blks_rcvd","measures":{"value":0}}
{"ts":1669475085661390933,"type":"point","name":"exType:baseline/permutationIndex:0/run:7/dialer:center/eavesCount:0/latencyMS:150/seq:4/fileSize:1048576/nodeType:Passive/nodeTypeIndex:1/meta:dup_blks_rcvd","measures":{"value":0}}
{"ts":1669475090121223299,"type":"point","name":"exType:baseline/permutationIndex:0/run:8/dialer:center/eavesCount:0/latencyMS:150/seq:4/fileSize:1048576/nodeType:Passive/nodeTypeIndex:1/meta:msgs_rcvd","measures":{"value":52}}
{"ts":1669475090121336330,"type":"point","name":"exType:baseline/permutationIndex:0/run:8/dialer:center/eavesCount:0/latencyMS:150/seq:4/fileSize:1048576/nodeType:Passive/nodeTypeIndex:1/meta:data_sent","measures":{"value":0}}
{"ts":1669475090121368813,"type":"point","name":"exType:baseline/permutationIndex:0/run:8/dialer:center/eavesCount:0/latencyMS:150/seq:4/fileSize:1048576/nodeType:Passive/nodeTypeIndex:1/meta:data_rcvd","measures":{"value":0}}
{"ts":1669475090121391329,"type":"point","name":"exType:baseline/permutationIndex:0/run:8/dialer:center/eavesCount:0/latencyMS:150/seq:4/fileSize:1048576/nodeType:Passive/nodeTypeIndex:1/meta:dup_data_rcvd","measures":{"value":0}}
{"ts":1669475090121411292,"type":"point","name":"exType:baseline/permutationIndex:0/run:8/dialer:center/eavesCount:0/latencyMS:150/seq:4/fileSize:1048576/nodeType:Passive/nodeTypeIndex:1/meta:blks_sent","measures":{"value":0}}
{"ts":1669475090121469473,"type":"point","name":"exType:baseline/permutationIndex:0/run:8/dialer:center/eavesCount:0/latencyMS:150/seq:4/fileSize:1048576/nodeType:Passive/nodeTypeIndex:1/meta:blks_rcvd","measures":{"value":0}}
{"ts":1669475090121489484,"type":"point","name":"exType:baseline/permutationIndex:0/run:8/dialer:center/eavesCount:0/latencyMS:150/seq:4/fileSize:1048576/nodeType:Passive/nodeTypeIndex:1/meta:dup_blks_rcvd","measures":{"value":0}}
{"ts":1669475095337183230,"type":"point","name":"exType:baseline/permutationIndex:0/run:9/dialer:center/eavesCount:0/latencyMS:150/seq:4/fileSize:1048576/nodeType:Passive/nodeTypeIndex:1/meta:msgs_rcvd","measures":{"value":112}}
{"ts":1669475095337241472,"type":"point","name":"exType:baseline/permutationIndex:0/run:9/dialer:center/eavesCount:0/latencyMS:150/seq:4/fileSize:1048576/nodeType:Passive/nodeTypeIndex:1/meta:data_sent","measures":{"value":0}}
{"ts":1669475095337256254,"type":"point","name":"exType:baseline/permutationIndex:0/run:9/dialer:center/eavesCount:0/latencyMS:150/seq:4/fileSize:1048576/nodeType:Passive/nodeTypeIndex:1/meta:data_rcvd","measures":{"value":0}}
{"ts":1669475095337267189,"type":"point","name":"exType:baseline/permutationIndex:0/run:9/dialer:center/eavesCount:0/latencyMS:150/seq:4/fileSize:1048576/nodeType:Passive/nodeTypeIndex:1/meta:dup_data_rcvd","measures":{"value":0}}
{"ts":1669475095337278099,"type":"point","name":"exType:baseline/permutationIndex:0/run:9/dialer:center/eavesCount:0/latencyMS:150/seq:4/fileSize:1048576/nodeType:Passive/nodeTypeIndex:1/meta:blks_sent","measures":{"value":0}}
{"ts":1669475095337289167,"type":"point","name":"exType:baseline/permutationIndex:0/run:9/dialer:center/eavesCount:0/latencyMS:150/seq:4/fileSize:1048576/nodeType:Passive/nodeTypeIndex:1/meta:blks_rcvd","measures":{"value":0}}
{"ts":1669475095337299647,"type":"point","name":"exType:baseline/permutationIndex:0/run:9/dialer:center/eavesCount:0/latencyMS:150/seq:4/fileSize:1048576/nodeType:Passive/nodeTypeIndex:1/meta:dup_blks_rcvd","measures":{"value":0}}
{"ts":1669475100557502140,"type":"point","name":"exType:baseline/permutationIndex:0/run:10/dialer:center/eavesCount:0/latencyMS:150/seq:4/fileSize:1048576/nodeType:Passive/nodeTypeIndex:1/meta:msgs_rcvd","measures":{"value":116}}
{"ts":1669475100557542794,"type":"point","name":"exType:baseline/permutationIndex:0/run:10/dialer:center/eavesCount:0/latencyMS:150/seq:4/fileSize:1048576/nodeType:Passive/nodeTypeIndex:1/meta:data_sent","measures":{"value":0}}
{"ts":1669475100557553489,"type":"point","name":"exType:baseline/permutationIndex:0/run:10/dialer:center/eavesCount:0/latencyMS:150/seq:4/fileSize:1048576/nodeType:Passive/nodeTypeIndex:1/meta:data_rcvd","measures":{"value":0}}
{"ts":1669475100557559914,"type":"point","name":"exType:baseline/permutationIndex:0/run:10/dialer:center/eavesCount:0/latencyMS:150/seq:4/fileSize:1048576/nodeType:Passive/nodeTypeIndex:1/meta:dup_data_rcvd","measures":{"value":0}}
{"ts":1669475100557565457,"type":"point","name":"exType:baseline/permutationIndex:0/run:10/dialer:center/eavesCount:0/latencyMS:150/seq:4/fileSize:1048576/nodeType:Passive/nodeTypeIndex:1/meta:blks_sent","measures":{"value":0}}
{"ts":1669475100557571110,"type":"point","name":"exType:baseline/permutationIndex:0/run:10/dialer:center/eavesCount:0/latencyMS:150/seq:4/fileSize:1048576/nodeType:Passive/nodeTypeIndex:1/meta:blks_rcvd","measures":{"value":0}}
{"ts":1669475100557578523,"type":"point","name":"exType:baseline/permutationIndex:0/run:10/dialer:center/eavesCount:0/latencyMS:150/seq:4/fileSize:1048576/nodeType:Passive/nodeTypeIndex:1/meta:dup_blks_rcvd","measures":{"value":0}}
{"ts":1669475104973457009,"type":"point","name":"exType:baseline/permutationIndex:0/run:11/dialer:center/eavesCount:0/latencyMS:150/seq:4/fileSize:1048576/nodeType:Passive/nodeTypeIndex:1/meta:msgs_rcvd","measures":{"value":74}}
{"ts":1669475104973481627,"type":"point","name":"exType:baseline/permutationIndex:0/run:11/dialer:center/eavesCount:0/latencyMS:150/seq:4/fileSize:1048576/nodeType:Passive/nodeTypeIndex:1/meta:data_sent","measures":{"value":0}}
{"ts":1669475104973490696,"type":"point","name":"exType:baseline/permutationIndex:0/run:11/dialer:center/eavesCount:0/latencyMS:150/seq:4/fileSize:1048576/nodeType:Passive/nodeTypeIndex:1/meta:data_rcvd","measures":{"value":0}}
{"ts":1669475104973493256,"type":"point","name":"exType:baseline/permutationIndex:0/run:11/dialer:center/eavesCount:0/latencyMS:150/seq:4/fileSize:1048576/nodeType:Passive/nodeTypeIndex:1/meta:dup_data_rcvd","measures":{"value":0}}
{"ts":1669475104973495588,"type":"point","name":"exType:baseline/permutationIndex:0/run:11/dialer:center/eavesCount:0/latencyMS:150/seq:4/fileSize:1048576/nodeType:Passive/nodeTypeIndex:1/meta:blks_sent","measures":{"value":0}}
{"ts":1669475104973498866,"type":"point","name":"exType:baseline/permutationIndex:0/run:11/dialer:center/eavesCount:0/latencyMS:150/seq:4/fileSize:1048576/nodeType:Passive/nodeTypeIndex:1/meta:blks_rcvd","measures":{"value":0}}
{"ts":1669475104973501205,"type":"point","name":"exType:baseline/permutationIndex:0/run:11/dialer:center/eavesCount:0/latencyMS:150/seq:4/fileSize:1048576/nodeType:Passive/nodeTypeIndex:1/meta:dup_blks_rcvd","measures":{"value":0}}
{"ts":1669475109416325119,"type":"point","name":"exType:baseline/permutationIndex:0/run:12/dialer:center/eavesCount:0/latencyMS:150/seq:4/fileSize:1048576/nodeType:Passive/nodeTypeIndex:1/meta:msgs_rcvd","measures":{"value":17}}
{"ts":1669475109416348131,"type":"point","name":"exType:baseline/permutationIndex:0/run:12/dialer:center/eavesCount:0/latencyMS:150/seq:4/fileSize:1048576/nodeType:Passive/nodeTypeIndex:1/meta:data_sent","measures":{"value":0}}
{"ts":1669475109416352492,"type":"point","name":"exType:baseline/permutationIndex:0/run:12/dialer:center/eavesCount:0/latencyMS:150/seq:4/fileSize:1048576/nodeType:Passive/nodeTypeIndex:1/meta:data_rcvd","measures":{"value":0}}
{"ts":1669475109416354756,"type":"point","name":"exType:baseline/permutationIndex:0/run:12/dialer:center/eavesCount:0/latencyMS:150/seq:4/fileSize:1048576/nodeType:Passive/nodeTypeIndex:1/meta:dup_data_rcvd","measures":{"value":0}}
{"ts":1669475109416356994,"type":"point","name":"exType:baseline/permutationIndex:0/run:12/dialer:center/eavesCount:0/latencyMS:150/seq:4/fileSize:1048576/nodeType:Passive/nodeTypeIndex:1/meta:blks_sent","measures":{"value":0}}
{"ts":1669475109416359489,"type":"point","name":"exType:baseline/permutationIndex:0/run:12/dialer:center/eavesCount:0/latencyMS:150/seq:4/fileSize:1048576/nodeType:Passive/nodeTypeIndex:1/meta:blks_rcvd","measures":{"value":0}}
{"ts":1669475109416361805,"type":"point","name":"exType:baseline/permutationIndex:0/run:12/dialer:center/eavesCount:0/latencyMS:150/seq:4/fileSize:1048576/nodeType:Passive/nodeTypeIndex:1/meta:dup_blks_rcvd","measures":{"value":0}}
{"ts":1669475114196858496,"type":"point","name":"exType:baseline/permutationIndex:0/run:13/dialer:center/eavesCount:0/latencyMS:150/seq:4/fileSize:1048576/nodeType:Passive/nodeTypeIndex:1/meta:msgs_rcvd","measures":{"value":100}}
{"ts":1669475114196882475,"type":"point","name":"exType:baseline/permutationIndex:0/run:13/dialer:center/eavesCount:0/latencyMS:150/seq:4/fileSize:1048576/nodeType:Passive/nodeTypeIndex:1/meta:data_sent","measures":{"value":0}}
{"ts":1669475114196887080,"type":"point","name":"exType:baseline/permutationIndex:0/run:13/dialer:center/eavesCount:0/latencyMS:150/seq:4/fileSize:1048576/nodeType:Passive/nodeTypeIndex:1/meta:data_rcvd","measures":{"value":0}}
{"ts":1669475114196889266,"type":"point","name":"exType:baseline/permutationIndex:0/run:13/dialer:center/eavesCount:0/latencyMS:150/seq:4/fileSize:1048576/nodeType:Passive/nodeTypeIndex:1/meta:dup_data_rcvd","measures":{"value":0}}
{"ts":1669475114196892972,"type":"point","name":"exType:baseline/permutationIndex:0/run:13/dialer:center/eavesCount:0/latencyMS:150/seq:4/fileSize:1048576/nodeType:Passive/nodeTypeIndex:1/meta:blks_sent","measures":{"value":0}}
{"ts":1669475114196896226,"type":"point","name":"exType:baseline/permutationIndex:0/run:13/dialer:center/eavesCount:0/latencyMS:150/seq:4/fileSize:1048576/nodeType:Passive/nodeTypeIndex:1/meta:blks_rcvd","measures":{"value":0}}
{"ts":1669475114196907610,"type":"point","name":"exType:baseline/permutationIndex:0/run:13/dialer:center/eavesCount:0/latencyMS:150/seq:4/fileSize:1048576/nodeType:Passive/nodeTypeIndex:1/meta:dup_blks_rcvd","measures":{"value":0}}
{"ts":1669475119283059137,"type":"point","name":"exType:baseline/permutationIndex:0/run:14/dialer:center/eavesCount:0/latencyMS:150/seq:4/fileSize:1048576/nodeType:Passive/nodeTypeIndex:1/meta:msgs_rcvd","measures":{"value":75}}
{"ts":1669475119283080340,"type":"point","name":"exType:baseline/permutationIndex:0/run:14/dialer:center/eavesCount:0/latencyMS:150/seq:4/fileSize:1048576/nodeType:Passive/nodeTypeIndex:1/meta:data_sent","measures":{"value":0}}
{"ts":1669475119283084416,"type":"point","name":"exType:baseline/permutationIndex:0/run:14/dialer:center/eavesCount:0/latencyMS:150/seq:4/fileSize:1048576/nodeType:Passive/nodeTypeIndex:1/meta:data_rcvd","measures":{"value":0}}
{"ts":1669475119283087379,"type":"point","name":"exType:baseline/permutationIndex:0/run:14/dialer:center/eavesCount:0/latencyMS:150/seq:4/fileSize:1048576/nodeType:Passive/nodeTypeIndex:1/meta:dup_data_rcvd","measures":{"value":0}}
{"ts":1669475119283090064,"type":"point","name":"exType:baseline/permutationIndex:0/run:14/dialer:center/eavesCount:0/latencyMS:150/seq:4/fileSize:1048576/nodeType:Passive/nodeTypeIndex:1/meta:blks_sent","measures":{"value":0}}
{"ts":1669475119283092580,"type":"point","name":"exType:baseline/permutationIndex:0/run:14/dialer:center/eavesCount:0/latencyMS:150/seq:4/fileSize:1048576/nodeType:Passive/nodeTypeIndex:1/meta:blks_rcvd","measures":{"value":0}}
{"ts":1669475119283094926,"type":"point","name":"exType:baseline/permutationIndex:0/run:14/dialer:center/eavesCount:0/latencyMS:150/seq:4/fileSize:1048576/nodeType:Passive/nodeTypeIndex:1/meta:dup_blks_rcvd","measures":{"value":0}}
{"ts":1669475124081353892,"type":"point","name":"exType:baseline/permutationIndex:0/run:15/dialer:center/eavesCount:0/latencyMS:150/seq:4/fileSize:1048576/nodeType:Passive/nodeTypeIndex:1/meta:msgs_rcvd","measures":{"value":5}}
{"ts":1669475124081376304,"type":"point","name":"exType:baseline/permutationIndex:0/run:15/dialer:center/eavesCount:0/latencyMS:150/seq:4/fileSize:1048576/nodeType:Passive/nodeTypeIndex:1/meta:data_sent","measures":{"value":0}}
{"ts":1669475124081381115,"type":"point","name":"exType:baseline/permutationIndex:0/run:15/dialer:center/eavesCount:0/latencyMS:150/seq:4/fileSize:1048576/nodeType:Passive/nodeTypeIndex:1/meta:data_rcvd","measures":{"value":0}}
{"ts":1669475124081383970,"type":"point","name":"exType:baseline/permutationIndex:0/run:15/dialer:center/eavesCount:0/latencyMS:150/seq:4/fileSize:1048576/nodeType:Passive/nodeTypeIndex:1/meta:dup_data_rcvd","measures":{"value":0}}
{"ts":1669475124081386857,"type":"point","name":"exType:baseline/permutationIndex:0/run:15/dialer:center/eavesCount:0/latencyMS:150/seq:4/fileSize:1048576/nodeType:Passive/nodeTypeIndex:1/meta:blks_sent","measures":{"value":0}}
{"ts":1669475124081389312,"type":"point","name":"exType:baseline/permutationIndex:0/run:15/dialer:center/eavesCount:0/latencyMS:150/seq:4/fileSize:1048576/nodeType:Passive/nodeTypeIndex:1/meta:blks_rcvd","measures":{"value":0}}
{"ts":1669475124081391809,"type":"point","name":"exType:baseline/permutationIndex:0/run:15/dialer:center/eavesCount:0/latencyMS:150/seq:4/fileSize:1048576/nodeType:Passive/nodeTypeIndex:1/meta:dup_blks_rcvd","measures":{"value":0}}
{"ts":1669475128846999674,"type":"point","name":"exType:baseline/permutationIndex:0/run:16/dialer:center/eavesCount:0/latencyMS:150/seq:4/fileSize:1048576/nodeType:Passive/nodeTypeIndex:1/meta:msgs_rcvd","measures":{"value":88}}
{"ts":1669475128847025508,"type":"point","name":"exType:baseline/permutationIndex:0/run:16/dialer:center/eavesCount:0/latencyMS:150/seq:4/fileSize:1048576/nodeType:Passive/nodeTypeIndex:1/meta:data_sent","measures":{"value":0}}
{"ts":1669475128847031684,"type":"point","name":"exType:baseline/permutationIndex:0/run:16/dialer:center/eavesCount:0/latencyMS:150/seq:4/fileSize:1048576/nodeType:Passive/nodeTypeIndex:1/meta:data_rcvd","measures":{"value":0}}
{"ts":1669475128847044826,"type":"point","name":"exType:baseline/permutationIndex:0/run:16/dialer:center/eavesCount:0/latencyMS:150/seq:4/fileSize:1048576/nodeType:Passive/nodeTypeIndex:1/meta:dup_data_rcvd","measures":{"value":0}}
{"ts":1669475128847049127,"type":"point","name":"exType:baseline/permutationIndex:0/run:16/dialer:center/eavesCount:0/latencyMS:150/seq:4/fileSize:1048576/nodeType:Passive/nodeTypeIndex:1/meta:blks_sent","measures":{"value":0}}
{"ts":1669475128847054122,"type":"point","name":"exType:baseline/permutationIndex:0/run:16/dialer:center/eavesCount:0/latencyMS:150/seq:4/fileSize:1048576/nodeType:Passive/nodeTypeIndex:1/meta:blks_rcvd","measures":{"value":0}}
{"ts":1669475128847058783,"type":"point","name":"exType:baseline/permutationIndex:0/run:16/dialer:center/eavesCount:0/latencyMS:150/seq:4/fileSize:1048576/nodeType:Passive/nodeTypeIndex:1/meta:dup_blks_rcvd","measures":{"value":0}}
{"ts":1669475134190849777,"type":"point","name":"exType:baseline/permutationIndex:0/run:17/dialer:center/eavesCount:0/latencyMS:150/seq:4/fileSize:1048576/nodeType:Passive/nodeTypeIndex:1/meta:msgs_rcvd","measures":{"value":84}}
{"ts":1669475134190881924,"type":"point","name":"exType:baseline/permutationIndex:0/run:17/dialer:center/eavesCount:0/latencyMS:150/seq:4/fileSize:1048576/nodeType:Passive/nodeTypeIndex:1/meta:data_sent","measures":{"value":0}}
{"ts":1669475134190888606,"type":"point","name":"exType:baseline/permutationIndex:0/run:17/dialer:center/eavesCount:0/latencyMS:150/seq:4/fileSize:1048576/nodeType:Passive/nodeTypeIndex:1/meta:data_rcvd","measures":{"value":0}}
{"ts":1669475134190893271,"type":"point","name":"exType:baseline/permutationIndex:0/run:17/dialer:center/eavesCount:0/latencyMS:150/seq:4/fileSize:1048576/nodeType:Passive/nodeTypeIndex:1/meta:dup_data_rcvd","measures":{"value":0}}
{"ts":1669475134190897405,"type":"point","name":"exType:baseline/permutationIndex:0/run:17/dialer:center/eavesCount:0/latencyMS:150/seq:4/fileSize:1048576/nodeType:Passive/nodeTypeIndex:1/meta:blks_sent","measures":{"value":0}}
{"ts":1669475134190901344,"type":"point","name":"exType:baseline/permutationIndex:0/run:17/dialer:center/eavesCount:0/latencyMS:150/seq:4/fileSize:1048576/nodeType:Passive/nodeTypeIndex:1/meta:blks_rcvd","measures":{"value":0}}
{"ts":1669475134190905581,"type":"point","name":"exType:baseline/permutationIndex:0/run:17/dialer:center/eavesCount:0/latencyMS:150/seq:4/fileSize:1048576/nodeType:Passive/nodeTypeIndex:1/meta:dup_blks_rcvd","measures":{"value":0}}
{"ts":1669475138520007691,"type":"point","name":"exType:baseline/permutationIndex:0/run:18/dialer:center/eavesCount:0/latencyMS:150/seq:4/fileSize:1048576/nodeType:Passive/nodeTypeIndex:1/meta:msgs_rcvd","measures":{"value":134}}
{"ts":1669475138520029765,"type":"point","name":"exType:baseline/permutationIndex:0/run:18/dialer:center/eavesCount:0/latencyMS:150/seq:4/fileSize:1048576/nodeType:Passive/nodeTypeIndex:1/meta:data_sent","measures":{"value":0}}
{"ts":1669475138520033824,"type":"point","name":"exType:baseline/permutationIndex:0/run:18/dialer:center/eavesCount:0/latencyMS:150/seq:4/fileSize:1048576/nodeType:Passive/nodeTypeIndex:1/meta:data_rcvd","measures":{"value":0}}
{"ts":1669475138520036486,"type":"point","name":"exType:baseline/permutationIndex:0/run:18/dialer:center/eavesCount:0/latencyMS:150/seq:4/fileSize:1048576/nodeType:Passive/nodeTypeIndex:1/meta:dup_data_rcvd","measures":{"value":0}}
{"ts":1669475138520038881,"type":"point","name":"exType:baseline/permutationIndex:0/run:18/dialer:center/eavesCount:0/latencyMS:150/seq:4/fileSize:1048576/nodeType:Passive/nodeTypeIndex:1/meta:blks_sent","measures":{"value":0}}
{"ts":1669475138520041338,"type":"point","name":"exType:baseline/permutationIndex:0/run:18/dialer:center/eavesCount:0/latencyMS:150/seq:4/fileSize:1048576/nodeType:Passive/nodeTypeIndex:1/meta:blks_rcvd","measures":{"value":0}}
{"ts":1669475138520043917,"type":"point","name":"exType:baseline/permutationIndex:0/run:18/dialer:center/eavesCount:0/latencyMS:150/seq:4/fileSize:1048576/nodeType:Passive/nodeTypeIndex:1/meta:dup_blks_rcvd","measures":{"value":0}}
{"ts":1669475142984659859,"type":"point","name":"exType:baseline/permutationIndex:0/run:19/dialer:center/eavesCount:0/latencyMS:150/seq:4/fileSize:1048576/nodeType:Passive/nodeTypeIndex:1/meta:msgs_rcvd","measures":{"value":3}}
{"ts":1669475142984698893,"type":"point","name":"exType:baseline/permutationIndex:0/run:19/dialer:center/eavesCount:0/latencyMS:150/seq:4/fileSize:1048576/nodeType:Passive/nodeTypeIndex:1/meta:data_sent","measures":{"value":0}}
{"ts":1669475142984707791,"type":"point","name":"exType:baseline/permutationIndex:0/run:19/dialer:center/eavesCount:0/latencyMS:150/seq:4/fileSize:1048576/nodeType:Passive/nodeTypeIndex:1/meta:data_rcvd","measures":{"value":0}}
{"ts":1669475142984713800,"type":"point","name":"exType:baseline/permutationIndex:0/run:19/dialer:center/eavesCount:0/latencyMS:150/seq:4/fileSize:1048576/nodeType:Passive/nodeTypeIndex:1/meta:dup_data_rcvd","measures":{"value":0}}
{"ts":1669475142984718842,"type":"point","name":"exType:baseline/permutationIndex:0/run:19/dialer:center/eavesCount:0/latencyMS:150/seq:4/fileSize:1048576/nodeType:Passive/nodeTypeIndex:1/meta:blks_sent","measures":{"value":0}}
{"ts":1669475142984723767,"type":"point","name":"exType:baseline/permutationIndex:0/run:19/dialer:center/eavesCount:0/latencyMS:150/seq:4/fileSize:1048576/nodeType:Passive/nodeTypeIndex:1/meta:blks_rcvd","measures":{"value":0}}
{"ts":1669475142984728586,"type":"point","name":"exType:baseline/permutationIndex:0/run:19/dialer:center/eavesCount:0/latencyMS:150/seq:4/fileSize:1048576/nodeType:Passive/nodeTypeIndex:1/meta:dup_blks_rcvd","measures":{"value":0}}
{"ts":1669475147495627942,"type":"point","name":"exType:baseline/permutationIndex:0/run:20/dialer:center/eavesCount:0/latencyMS:150/seq:4/fileSize:1048576/nodeType:Passive/nodeTypeIndex:1/meta:msgs_rcvd","measures":{"value":170}}
{"ts":1669475147495648113,"type":"point","name":"exType:baseline/permutationIndex:0/run:20/dialer:center/eavesCount:0/latencyMS:150/seq:4/fileSize:1048576/nodeType:Passive/nodeTypeIndex:1/meta:data_sent","measures":{"value":0}}
{"ts":1669475147495651335,"type":"point","name":"exType:baseline/permutationIndex:0/run:20/dialer:center/eavesCount:0/latencyMS:150/seq:4/fileSize:1048576/nodeType:Passive/nodeTypeIndex:1/meta:data_rcvd","measures":{"value":0}}
{"ts":1669475147495653873,"type":"point","name":"exType:baseline/permutationIndex:0/run:20/dialer:center/eavesCount:0/latencyMS:150/seq:4/fileSize:1048576/nodeType:Passive/nodeTypeIndex:1/meta:dup_data_rcvd","measures":{"value":0}}
{"ts":1669475147495656469,"type":"point","name":"exType:baseline/permutationIndex:0/run:20/dialer:center/eavesCount:0/latencyMS:150/seq:4/fileSize:1048576/nodeType:Passive/nodeTypeIndex:1/meta:blks_sent","measures":{"value":0}}
{"ts":1669475147495658630,"type":"point","name":"exType:baseline/permutationIndex:0/run:20/dialer:center/eavesCount:0/latencyMS:150/seq:4/fileSize:1048576/nodeType:Passive/nodeTypeIndex:1/meta:blks_rcvd","measures":{"value":0}}
{"ts":1669475147495661079,"type":"point","name":"exType:baseline/permutationIndex:0/run:20/dialer:center/eavesCount:0/latencyMS:150/seq:4/fileSize:1048576/nodeType:Passive/nodeTypeIndex:1/meta:dup_blks_rcvd","measures":{"value":0}}
{"ts":1669475152004526288,"type":"point","name":"exType:baseline/permutationIndex:0/run:21/dialer:center/eavesCount:0/latencyMS:150/seq:4/fileSize:1048576/nodeType:Passive/nodeTypeIndex:1/meta:msgs_rcvd","measures":{"value":3}}
{"ts":1669475152004560780,"type":"point","name":"exType:baseline/permutationIndex:0/run:21/dialer:center/eavesCount:0/latencyMS:150/seq:4/fileSize:1048576/nodeType:Passive/nodeTypeIndex:1/meta:data_sent","measures":{"value":0}}
{"ts":1669475152004567145,"type":"point","name":"exType:baseline/permutationIndex:0/run:21/dialer:center/eavesCount:0/latencyMS:150/seq:4/fileSize:1048576/nodeType:Passive/nodeTypeIndex:1/meta:data_rcvd","measures":{"value":0}}
{"ts":1669475152004570957,"type":"point","name":"exType:baseline/permutationIndex:0/run:21/dialer:center/eavesCount:0/latencyMS:150/seq:4/fileSize:1048576/nodeType:Passive/nodeTypeIndex:1/meta:dup_data_rcvd","measures":{"value":0}}
{"ts":1669475152004583551,"type":"point","name":"exType:baseline/permutationIndex:0/run:21/dialer:center/eavesCount:0/latencyMS:150/seq:4/fileSize:1048576/nodeType:Passive/nodeTypeIndex:1/meta:blks_sent","measures":{"value":0}}
{"ts":1669475152004587179,"type":"point","name":"exType:baseline/permutationIndex:0/run:21/dialer:center/eavesCount:0/latencyMS:150/seq:4/fileSize:1048576/nodeType:Passive/nodeTypeIndex:1/meta:blks_rcvd","measures":{"value":0}}
{"ts":1669475152004590525,"type":"point","name":"exType:baseline/permutationIndex:0/run:21/dialer:center/eavesCount:0/latencyMS:150/seq:4/fileSize:1048576/nodeType:Passive/nodeTypeIndex:1/meta:dup_blks_rcvd","measures":{"value":0}}
{"ts":1669475156470873391,"type":"point","name":"exType:baseline/permutationIndex:0/run:22/dialer:center/eavesCount:0/latencyMS:150/seq:4/fileSize:1048576/nodeType:Passive/nodeTypeIndex:1/meta:msgs_rcvd","measures":{"value":2}}
{"ts":1669475156470900864,"type":"point","name":"exType:baseline/permutationIndex:0/run:22/dialer:center/eavesCount:0/latencyMS:150/seq:4/fileSize:1048576/nodeType:Passive/nodeTypeIndex:1/meta:data_sent","measures":{"value":0}}
{"ts":1669475156470904637,"type":"point","name":"exType:baseline/permutationIndex:0/run:22/dialer:center/eavesCount:0/latencyMS:150/seq:4/fileSize:1048576/nodeType:Passive/nodeTypeIndex:1/meta:data_rcvd","measures":{"value":0}}
{"ts":1669475156470909688,"type":"point","name":"exType:baseline/permutationIndex:0/run:22/dialer:center/eavesCount:0/latencyMS:150/seq:4/fileSize:1048576/nodeType:Passive/nodeTypeIndex:1/meta:dup_data_rcvd","measures":{"value":0}}
{"ts":1669475156470912272,"type":"point","name":"exType:baseline/permutationIndex:0/run:22/dialer:center/eavesCount:0/latencyMS:150/seq:4/fileSize:1048576/nodeType:Passive/nodeTypeIndex:1/meta:blks_sent","measures":{"value":0}}
{"ts":1669475156470914953,"type":"point","name":"exType:baseline/permutationIndex:0/run:22/dialer:center/eavesCount:0/latencyMS:150/seq:4/fileSize:1048576/nodeType:Passive/nodeTypeIndex:1/meta:blks_rcvd","measures":{"value":0}}
{"ts":1669475156470917656,"type":"point","name":"exType:baseline/permutationIndex:0/run:22/dialer:center/eavesCount:0/latencyMS:150/seq:4/fileSize:1048576/nodeType:Passive/nodeTypeIndex:1/meta:dup_blks_rcvd","measures":{"value":0}}
{"ts":1669475161247822163,"type":"point","name":"exType:baseline/permutationIndex:0/run:23/dialer:center/eavesCount:0/latencyMS:150/seq:4/fileSize:1048576/nodeType:Passive/nodeTypeIndex:1/meta:msgs_rcvd","measures":{"value":79}}
{"ts":1669475161247847285,"type":"point","name":"exType:baseline/permutationIndex:0/run:23/dialer:center/eavesCount:0/latencyMS:150/seq:4/fileSize:1048576/nodeType:Passive/nodeTypeIndex:1/meta:data_sent","measures":{"value":0}}
{"ts":1669475161247852040,"type":"point","name":"exType:baseline/permutationIndex:0/run:23/dialer:center/eavesCount:0/latencyMS:150/seq:4/fileSize:1048576/nodeType:Passive/nodeTypeIndex:1/meta:data_rcvd","measures":{"value":0}}
{"ts":1669475161247854671,"type":"point","name":"exType:baseline/permutationIndex:0/run:23/dialer:center/eavesCount:0/latencyMS:150/seq:4/fileSize:1048576/nodeType:Passive/nodeTypeIndex:1/meta:dup_data_rcvd","measures":{"value":0}}
{"ts":1669475161247857203,"type":"point","name":"exType:baseline/permutationIndex:0/run:23/dialer:center/eavesCount:0/latencyMS:150/seq:4/fileSize:1048576/nodeType:Passive/nodeTypeIndex:1/meta:blks_sent","measures":{"value":0}}
{"ts":1669475161247859384,"type":"point","name":"exType:baseline/permutationIndex:0/run:23/dialer:center/eavesCount:0/latencyMS:150/seq:4/fileSize:1048576/nodeType:Passive/nodeTypeIndex:1/meta:blks_rcvd","measures":{"value":0}}
{"ts":1669475161247861636,"type":"point","name":"exType:baseline/permutationIndex:0/run:23/dialer:center/eavesCount:0/latencyMS:150/seq:4/fileSize:1048576/nodeType:Passive/nodeTypeIndex:1/meta:dup_blks_rcvd","measures":{"value":0}}
{"ts":1669475165691046239,"type":"point","name":"exType:baseline/permutationIndex:0/run:24/dialer:center/eavesCount:0/latencyMS:150/seq:4/fileSize:1048576/nodeType:Passive/nodeTypeIndex:1/meta:msgs_rcvd","measures":{"value":36}}
{"ts":1669475165691080523,"type":"point","name":"exType:baseline/permutationIndex:0/run:24/dialer:center/eavesCount:0/latencyMS:150/seq:4/fileSize:1048576/nodeType:Passive/nodeTypeIndex:1/meta:data_sent","measures":{"value":0}}
{"ts":1669475165691085509,"type":"point","name":"exType:baseline/permutationIndex:0/run:24/dialer:center/eavesCount:0/latencyMS:150/seq:4/fileSize:1048576/nodeType:Passive/nodeTypeIndex:1/meta:data_rcvd","measures":{"value":0}}
{"ts":1669475165691089230,"type":"point","name":"exType:baseline/permutationIndex:0/run:24/dialer:center/eavesCount:0/latencyMS:150/seq:4/fileSize:1048576/nodeType:Passive/nodeTypeIndex:1/meta:dup_data_rcvd","measures":{"value":0}}
{"ts":1669475165691093227,"type":"point","name":"exType:baseline/permutationIndex:0/run:24/dialer:center/eavesCount:0/latencyMS:150/seq:4/fileSize:1048576/nodeType:Passive/nodeTypeIndex:1/meta:blks_sent","measures":{"value":0}}
{"ts":1669475165691097122,"type":"point","name":"exType:baseline/permutationIndex:0/run:24/dialer:center/eavesCount:0/latencyMS:150/seq:4/fileSize:1048576/nodeType:Passive/nodeTypeIndex:1/meta:blks_rcvd","measures":{"value":0}}
{"ts":1669475165691100862,"type":"point","name":"exType:baseline/permutationIndex:0/run:24/dialer:center/eavesCount:0/latencyMS:150/seq:4/fileSize:1048576/nodeType:Passive/nodeTypeIndex:1/meta:dup_blks_rcvd","measures":{"value":0}}
