{"ts":1669475057193597445,"type":"point","name":"exType:baseline/permutationIndex:0/run:1/dialer:center/eavesCount:0/latencyMS:150/seq:6/fileSize:1048576/nodeType:Passive/nodeTypeIndex:3/meta:msgs_rcvd","measures":{"value":3}}
{"ts":1669475057193647765,"type":"point","name":"exType:baseline/permutationIndex:0/run:1/dialer:center/eavesCount:0/latencyMS:150/seq:6/fileSize:1048576/nodeType:Passive/nodeTypeIndex:3/meta:data_sent","measures":{"value":0}}
{"ts":1669475057193660477,"type":"point","name":"exType:baseline/permutationIndex:0/run:1/dialer:center/eavesCount:0/latencyMS:150/seq:6/fileSize:1048576/nodeType:Passive/nodeTypeIndex:3/meta:data_rcvd","measures":{"value":0}}
{"ts":1669475057193665244,"type":"point","name":"exType:baseline/permutationIndex:0/run:1/dialer:center/eavesCount:0/latencyMS:150/seq:6/fileSize:1048576/nodeType:Passive/nodeTypeIndex:3/meta:dup_data_rcvd","measures":{"value":0}}
{"ts":1669475057193669157,"type":"point","name":"exType:baseline/permutationIndex:0/run:1/dialer:center/eavesCount:0/latencyMS:150/seq:6/fileSize:1048576/nodeType:Passive/nodeTypeIndex:3/meta:blks_sent","measures":{"value":0}}
{"ts":1669475057193673178,"type":"point","name":"exType:baseline/permutationIndex:0/run:1/dialer:center/eavesCount:0/latencyMS:150/seq:6/fileSize:1048576/nodeType:Passive/nodeTypeIndex:3/meta:blks_rcvd","measures":{"value":0}}
{"ts":1669475057193677330,"type":"point","name":"exType:baseline/permutationIndex:0/run:1/dialer:center/eavesCount:0/latencyMS:150/seq:6/fileSize:1048576/nodeType:Passive/nodeTypeIndex:3/meta:dup_blks_rcvd","measures":{"value":0}}
{"ts":1669475061769205858,"type":"point","name":"exType:baseline/permutationIndex:0/run:2/dialer:center/eavesCount:0/latencyMS:150/seq:6/fileSize:1048576/nodeType:Passive/nodeTypeIndex:3/meta:msgs_rcvd","measures":{"value":3}}
{"ts":1669475061769241386,"type":"point","name":"exType:baseline/permutationIndex:0/run:2/dialer:center/eavesCount:0/latencyMS:150/seq:6/fileSize:1048576/nodeType:Passive/nodeTypeIndex:3/meta:data_sent","measures":{"value":0}}
{"ts":1669475061769250054,"type":"point","name":"exType:baseline/permutationIndex:0/run:2/dialer:center/eavesCount:0/latencyMS:150/seq:6/fileSize:1048576/nodeType:Passive/nodeTypeIndex:3/meta:data_rcvd","measures":{"value":0}}
{"ts":1669475061769255270,"type":"point","name":"exType:baseline/permutationIndex:0/run:2/dialer:center/eavesCount:0/latencyMS:150/seq:6/fileSize:1048576/nodeType:Passive/nodeTypeIndex:3/meta:dup_data_rcvd","measures":{"value":0}}
{"ts":1669475061769260253,"type":"point","name":"exType:baseline/permutationIndex:0/run:2/dialer:center/eavesCount:0/latencyMS:150/seq:6/fileSize:1048576/nodeType:Passive/nodeTypeIndex:3/meta:blks_sent","measures":{"value":0}}
{"ts":1669475061769266052,"type":"point","name":"exType:baseline/permutationIndex:0/run:2/dialer:center/eavesCount:0/latencyMS:150/seq:6/fileSize:1048576/nodeType:Passive/nodeTypeIndex:3/meta:blks_rcvd","measures":{"value":0}}
{"ts":1669475061769271515,"type":"point","name":"exType:baseline/permutationIndex:0/run:2/dialer:center/eavesCount:0/latencyMS:150/seq:6/fileSize:1048576/nodeType:Passive/nodeTypeIndex:3/meta:dup_blks_rcvd","measures":{"value":0}}
{"ts":1669475066278928329,"type":"point","name":"exType:baseline/permutationIndex:0/run:3/dialer:center/eavesCount:0/latencyMS:150/seq:6/fileSize:1048576/nodeType:Passive/nodeTypeIndex:3/meta:msgs_rcvd","measures":{"value":19}}
{"ts":1669475066278947858,"type":"point","name":"exType:baseline/permutationIndex:0/run:3/dialer:center/eavesCount:0/latencyMS:150/seq:6/fileSize:1048576/nodeType:Passive/nodeTypeIndex:3/meta:data_sent","measures":{"value":0}}
{"ts":1669475066278952499,"type":"point","name":"exType:baseline/permutationIndex:0/run:3/dialer:center/eavesCount:0/latencyMS:150/seq:6/fileSize:1048576/nodeType:Passive/nodeTypeIndex:3/meta:data_rcvd","measures":{"value":0}}
{"ts":1669475066278954917,"type":"point","name":"exType:baseline/permutationIndex:0/run:3/dialer:center/eavesCount:0/latencyMS:150/seq:6/fileSize:1048576/nodeType:Passive/nodeTypeIndex:3/meta:dup_data_rcvd","measures":{"value":0}}
{"ts":1669475066278963099,"type":"point","name":"exType:baseline/permutationIndex:0/run:3/dialer:center/eavesCount:0/latencyMS:150/seq:6/fileSize:1048576/nodeType:Passive/nodeTypeIndex:3/meta:blks_sent","measures":{"value":0}}
{"ts":1669475066278965412,"type":"point","name":"exType:baseline/permutationIndex:0/run:3/dialer:center/eavesCount:0/latencyMS:150/seq:6/fileSize:1048576/nodeType:Passive/nodeTypeIndex:3/meta:blks_rcvd","measures":{"value":0}}
{"ts":1669475066278968075,"type":"point","name":"exType:baseline/permutationIndex:0/run:3/dialer:center/eavesCount:0/latencyMS:150/seq:6/fileSize:1048576/nodeType:Passive/nodeTypeIndex:3/meta:dup_blks_rcvd","measures":{"value":0}}
{"ts":1669475070758547063,"type":"point","name":"exType:baseline/permutationIndex:0/run:4/dialer:center/eavesCount:0/latencyMS:150/seq:6/fileSize:1048576/nodeType:Passive/nodeTypeIndex:3/meta:msgs_rcvd","measures":{"value":11}}
{"ts":1669475070758579097,"type":"point","name":"exType:baseline/permutationIndex:0/run:4/dialer:center/eavesCount:0/latencyMS:150/seq:6/fileSize:1048576/nodeType:Passive/nodeTypeIndex:3/meta:data_sent","measures":{"value":0}}
{"ts":1669475070758589293,"type":"point","name":"exType:baseline/permutationIndex:0/run:4/dialer:center/eavesCount:0/latencyMS:150/seq:6/fileSize:1048576/nodeType:Passive/nodeTypeIndex:3/meta:data_rcvd","measures":{"value":0}}
{"ts":1669475070758595600,"type":"point","name":"exType:baseline/permutationIndex:0/run:4/dialer:center/eavesCount:0/latencyMS:150/seq:6/fileSize:1048576/nodeType:Passive/nodeTypeIndex:3/meta:dup_data_rcvd","measures":{"value":0}}
{"ts":1669475070758601757,"type":"point","name":"exType:baseline/permutationIndex:0/run:4/dialer:center/eavesCount:0/latencyMS:150/seq:6/fileSize:1048576/nodeType:Passive/nodeTypeIndex:3/meta:blks_sent","measures":{"value":0}}
{"ts":1669475070758607051,"type":"point","name":"exType:baseline/permutationIndex:0/run:4/dialer:center/eavesCount:0/latencyMS:150/seq:6/fileSize:1048576/nodeType:Passive/nodeTypeIndex:3/meta:blks_rcvd","measures":{"value":0}}
{"ts":1669475070758611518,"type":"point","name":"exType:baseline/permutationIndex:0/run:4/dialer:center/eavesCount:0/latencyMS:150/seq:6/fileSize:1048576/nodeType:Passive/nodeTypeIndex:3/meta:dup_blks_rcvd","measures":{"value":0}}
{"ts":1669475075105436147,"type":"point","name":"exType:baseline/permutationIndex:0/run:5/dialer:center/eavesCount:0/latencyMS:150/seq:6/fileSize:1048576/nodeType:Passive/nodeTypeIndex:3/meta:msgs_rcvd","measures":{"value":3}}
{"ts":1669475075105459553,"type":"point","name":"exType:baseline/permutationIndex:0/run:5/dialer:center/eavesCount:0/latencyMS:150/seq:6/fileSize:1048576/nodeType:Passive/nodeTypeIndex:3/meta:data_sent","measures":{"value":0}}
{"ts":1669475075105463758,"type":"point","name":"exType:baseline/permutationIndex:0/run:5/dialer:center/eavesCount:0/latencyMS:150/seq:6/fileSize:1048576/nodeType:Passive/nodeTypeIndex:3/meta:data_rcvd","measures":{"value":0}}
{"ts":1669475075105466836,"type":"point","name":"exType:baseline/permutationIndex:0/run:5/dialer:center/eavesCount:0/latencyMS:150/seq:6/fileSize:1048576/nodeType:Passive/nodeTypeIndex:3/meta:dup_data_rcvd","measures":{"value":0}}
{"ts":1669475075105469477,"type":"point","name":"exType:baseline/permutationIndex:0/run:5/dialer:center/eavesCount:0/latencyMS:150/seq:6/fileSize:1048576/nodeType:Passive/nodeTypeIndex:3/meta:blks_sent","measures":{"value":0}}
{"ts":1669475075105472074,"type":"point","name":"exType:baseline/permutationIndex:0/run:5/dialer:center/eavesCount:0/latencyMS:150/seq:6/fileSize:1048576/nodeType:Passive/nodeTypeIndex:3/meta:blks_rcvd","measures":{"value":0}}
{"ts":1669475075105474693,"type":"point","name":"exType:baseline/permutationIndex:0/run:5/dialer:center/eavesCount:0/latencyMS:150/seq:6/fileSize:1048576/nodeType:Passive/nodeTypeIndex:3/meta:dup_blks_rcvd","measures":{"value":0}}
{"ts":1669475080434154935,"type":"point","name":"exType:baseline/permutationIndex:0/run:6/dialer:center/eavesCount:0/latencyMS:150/seq:6/fileSize:1048576/nodeType:Passive/nodeTypeIndex:3/meta:msgs_rcvd","measures":{"value":27}}
{"ts":1669475080434179138,"type":"point","name":"exType:baseline/permutationIndex:0/run:6/dialer:center/eavesCount:0/latencyMS:150/seq:6/fileSize:1048576/nodeType:Passive/nodeTypeIndex:3/meta:data_sent","measures":{"value":0}}
{"ts":1669475080434182427,"type":"point","name":"exType:baseline/permutationIndex:0/run:6/dialer:center/eavesCount:0/latencyMS:150/seq:6/fileSize:1048576/nodeType:Passive/nodeTypeIndex:3/meta:data_rcvd","measures":{"value":0}}
{"ts":1669475080434185135,"type":"point","name":"exType:baseline/permutationIndex:0/run:6/dialer:center/eavesCount:0/latencyMS:150/seq:6/fileSize:1048576/nodeType:Passive/nodeTypeIndex:3/meta:dup_data_rcvd","measures":{"value":0}}
{"ts":1669475080434187690,"type":"point","name":"exType:baseline/permutationIndex:0/run:6/dialer:center/eavesCount:0/latencyMS:150/seq:6/fileSize:1048576/nodeType:Passive/nodeTypeIndex:3/meta:blks_sent","measures":{"value":0}}
{"ts":1669475080434190299,"type":"point","name":"exType:baseline/permutationIndex:0/run:6/dialer:center/eavesCount:0/latencyMS:150/seq:6/fileSize:1048576/nodeType:Passive/nodeTypeIndex:3/meta:blks_rcvd","measures":{"value":0}}
{"ts":1669475080434192620,"type":"point","name":"exType:baseline/permutationIndex:0/run:6/dialer:center/eavesCount:0/latencyMS:150/seq:6/fileSize:1048576/nodeType:Passive/nodeTypeIndex:3/meta:dup_blks_rcvd","measures":{"value":0}}
{"ts":1669475085661312568,"type":"point","name":"exType:baseline/permutationIndex:0/run:7/dialer:center/eavesCount:0/latencyMS:150/seq:6/fileSize:1048576/nodeType:Passive/nodeTypeIndex:3/meta:msgs_rcvd","measures":{"value":35}}
{"ts":1669475085661563880,"type":"point","name":"exType:baseline/permutationIndex:0/run:7/dialer:center/eavesCount:0/latencyMS:150/seq:6/fileSize:1048576/nodeType:Passive/nodeTypeIndex:3/meta:data_sent","measures":{"value":0}}
{"ts":1669475085661567932,"type":"point","name":"exType:baseline/permutationIndex:0/run:7/dialer:center/eavesCount:0/latencyMS:150/seq:6/fileSize:1048576/nodeType:Passive/nodeTypeIndex:3/meta:data_rcvd","measures":{"value":0}}
{"ts":1669475085661570495,"type":"point","name":"exType:baseline/permutationIndex:0/run:7/dialer:center/eavesCount:0/latencyMS:150/seq:6/fileSize:1048576/nodeType:Passive/nodeTypeIndex:3/meta:dup_data_rcvd","measures":{"value":0}}
{"ts":1669475085661572989,"type":"point","name":"exType:baseline/permutationIndex:0/run:7/dialer:center/eavesCount:0/latencyMS:150/seq:6/fileSize:1048576/nodeType:Passive/nodeTypeIndex:3/meta:blks_sent","measures":{"value":0}}
{"ts":1669475085661575782,"type":"point","name":"exType:baseline/permutationIndex:0/run:7/dialer:center/eavesCount:0/latencyMS:150/seq:6/fileSize:1048576/nodeType:Passive/nodeTypeIndex:3/meta:blks_rcvd","measures":{"value":0}}
{"ts":1669475085661578034,"type":"point","name":"exType:baseline/permutationIndex:0/run:7/dialer:center/eavesCount:0/latencyMS:150/seq:6/fileSize:1048576/nodeType:Passive/nodeTypeIndex:3/meta:dup_blks_rcvd","measures":{"value":0}}
{"ts":1669475090120151895,"type":"point","name":"exType:baseline/permutationIndex:0/run:8/dialer:center/eavesCount:0/latencyMS:150/seq:6/fileSize:1048576/nodeType:Passive/nodeTypeIndex:3/meta:msgs_rcvd","measures":{"value":20}}
{"ts":1669475090120341373,"type":"point","name":"exType:baseline/permutationIndex:0/run:8/dialer:center/eavesCount:0/latencyMS:150/seq:6/fileSize:1048576/nodeType:Passive/nodeTypeIndex:3/meta:data_sent","measures":{"value":0}}
{"ts":1669475090120378104,"type":"point","name":"exType:baseline/permutationIndex:0/run:8/dialer:center/eavesCount:0/latencyMS:150/seq:6/fileSize:1048576/nodeType:Passive/nodeTypeIndex:3/meta:data_rcvd","measures":{"value":0}}
{"ts":1669475090120399673,"type":"point","name":"exType:baseline/permutationIndex:0/run:8/dialer:center/eavesCount:0/latencyMS:150/seq:6/fileSize:1048576/nodeType:Passive/nodeTypeIndex:3/meta:dup_data_rcvd","measures":{"value":0}}
{"ts":1669475090120418992,"type":"point","name":"exType:baseline/permutationIndex:0/run:8/dialer:center/eavesCount:0/latencyMS:150/seq:6/fileSize:1048576/nodeType:Passive/nodeTypeIndex:3/meta:blks_sent","measures":{"value":0}}
{"ts":1669475090120469344,"type":"point","name":"exType:baseline/permutationIndex:0/run:8/dialer:center/eavesCount:0/latencyMS:150/seq:6/fileSize:1048576/nodeType:Passive/nodeTypeIndex:3/meta:blks_rcvd","measures":{"value":0}}
{"ts":1669475090120489338,"type":"point","name":"exType:baseline/permutationIndex:0/run:8/dialer:center/eavesCount:0/latencyMS:150/seq:6/fileSize:1048576/nodeType:Passive/nodeTypeIndex:3/meta:dup_blks_rcvd","measures":{"value":0}}
{"ts":1669475095337812733,"type":"point","name":"exType:baseline/permutationIndex:0/run:9/dialer:center/eavesCount:0/latencyMS:150/seq:6/fileSize:1048576/nodeType:Passive/nodeTypeIndex:3/meta:msgs_rcvd","measures":{"value":7}}
{"ts":1669475095337894733,"type":"point","name":"exType:baseline/permutationIndex:0/run:9/dialer:center/eavesCount:0/latencyMS:150/seq:6/fileSize:1048576/nodeType:Passive/nodeTypeIndex:3/meta:data_sent","measures":{"value":0}}
{"ts":1669475095337912353,"type":"point","name":"exType:baseline/permutationIndex:0/run:9/dialer:center/eavesCount:0/latencyMS:150/seq:6/fileSize:1048576/nodeType:Passive/nodeTypeIndex:3/meta:data_rcvd","measures":{"value":0}}
{"ts":1669475095337924256,"type":"point","name":"exType:baseline/permutationIndex:0/run:9/dialer:center/eavesCount:0/latencyMS:150/seq:6/fileSize:1048576/nodeType:Passive/nodeTypeIndex:3/meta:dup_data_rcvd","measures":{"value":0}}
{"ts":1669475095337935386,"type":"point","name":"exType:baseline/permutationIndex:0/run:9/dialer:center/eavesCount:0/latencyMS:150/seq:6/fileSize:1048576/nodeType:Passive/nodeTypeIndex:3/meta:blks_sent","measures":{"value":0}}
{"ts":1669475095337945858,"type":"point","name":"exType:baseline/permutationIndex:0/run:9/dialer:center/eavesCount:0/latencyMS:150/seq:6/fileSize:1048576/nodeType:Passive/nodeTypeIndex:3/meta:blks_rcvd","measures":{"value":0}}
{"ts":1669475095337956769,"type":"point","name":"exType:baseline/permutationIndex:0/run:9/dialer:center/eavesCount:0/latencyMS:150/seq:6/fileSize:1048576/nodeType:Passive/nodeTypeIndex:3/meta:dup_blks_rcvd","measures":{"value":0}}
{"ts":1669475100559426133,"type":"point","name":"exType:baseline/permutationIndex:0/run:10/dialer:center/eavesCount:0/latencyMS:150/seq:6/fileSize:1048576/nodeType:Passive/nodeTypeIndex:3/meta:msgs_rcvd","measures":{"value":15}}
{"ts":1669475100559458110,"type":"point","name":"exType:baseline/permutationIndex:0/run:10/dialer:center/eavesCount:0/latencyMS:150/seq:6/fileSize:1048576/nodeType:Passive/nodeTypeIndex:3/meta:data_sent","measures":{"value":0}}
{"ts":1669475100559466822,"type":"point","name":"exType:baseline/permutationIndex:0/run:10/dialer:center/eavesCount:0/latencyMS:150/seq:6/fileSize:1048576/nodeType:Passive/nodeTypeIndex:3/meta:data_rcvd","measures":{"value":0}}
{"ts":1669475100559473193,"type":"point","name":"exType:baseline/permutationIndex:0/run:10/dialer:center/eavesCount:0/latencyMS:150/seq:6/fileSize:1048576/nodeType:Passive/nodeTypeIndex:3/meta:dup_data_rcvd","measures":{"value":0}}
{"ts":1669475100559479298,"type":"point","name":"exType:baseline/permutationIndex:0/run:10/dialer:center/eavesCount:0/latencyMS:150/seq:6/fileSize:1048576/nodeType:Passive/nodeTypeIndex:3/meta:blks_sent","measures":{"value":0}}
{"ts":1669475100559485325,"type":"point","name":"exType:baseline/permutationIndex:0/run:10/dialer:center/eavesCount:0/latencyMS:150/seq:6/fileSize:1048576/nodeType:Passive/nodeTypeIndex:3/meta:blks_rcvd","measures":{"value":0}}
{"ts":1669475100559491261,"type":"point","name":"exType:baseline/permutationIndex:0/run:10/dialer:center/eavesCount:0/latencyMS:150/seq:6/fileSize:1048576/nodeType:Passive/nodeTypeIndex:3/meta:dup_blks_rcvd","measures":{"value":0}}
{"ts":1669475104973515707,"type":"point","name":"exType:baseline/permutationIndex:0/run:11/dialer:center/eavesCount:0/latencyMS:150/seq:6/fileSize:1048576/nodeType:Passive/nodeTypeIndex:3/meta:msgs_rcvd","measures":{"value":19}}
{"ts":1669475104973562078,"type":"point","name":"exType:baseline/permutationIndex:0/run:11/dialer:center/eavesCount:0/latencyMS:150/seq:6/fileSize:1048576/nodeType:Passive/nodeTypeIndex:3/meta:data_sent","measures":{"value":0}}
{"ts":1669475104973574819,"type":"point","name":"exType:baseline/permutationIndex:0/run:11/dialer:center/eavesCount:0/latencyMS:150/seq:6/fileSize:1048576/nodeType:Passive/nodeTypeIndex:3/meta:data_rcvd","measures":{"value":0}}
{"ts":1669475104973577952,"type":"point","name":"exType:baseline/permutationIndex:0/run:11/dialer:center/eavesCount:0/latencyMS:150/seq:6/fileSize:1048576/nodeType:Passive/nodeTypeIndex:3/meta:dup_data_rcvd","measures":{"value":0}}
{"ts":1669475104973580463,"type":"point","name":"exType:baseline/permutationIndex:0/run:11/dialer:center/eavesCount:0/latencyMS:150/seq:6/fileSize:1048576/nodeType:Passive/nodeTypeIndex:3/meta:blks_sent","measures":{"value":0}}
{"ts":1669475104973582951,"type":"point","name":"exType:baseline/permutationIndex:0/run:11/dialer:center/eavesCount:0/latencyMS:150/seq:6/fileSize:1048576/nodeType:Passive/nodeTypeIndex:3/meta:blks_rcvd","measures":{"value":0}}
{"ts":1669475104973585405,"type":"point","name":"exType:baseline/permutationIndex:0/run:11/dialer:center/eavesCount:0/latencyMS:150/seq:6/fileSize:1048576/nodeType:Passive/nodeTypeIndex:3/meta:dup_blks_rcvd","measures":{"value":0}}
{"ts":1669475109416284604,"type":"point","name":"exType:baseline/permutationIndex:0/run:12/dialer:center/eavesCount:0/latencyMS:150/seq:6/fileSize:1048576/nodeType:Passive/nodeTypeIndex:3/meta:msgs_rcvd","measures":{"value":10}}
{"ts":1669475109416321027,"type":"point","name":"exType:baseline/permutationIndex:0/run:12/dialer:center/eavesCount:0/latencyMS:150/seq:6/fileSize:1048576/nodeType:Passive/nodeTypeIndex:3/meta:data_sent","measures":{"value":0}}
{"ts":1669475109416324467,"type":"point","name":"exType:baseline/permutationIndex:0/run:12/dialer:center/eavesCount:0/latencyMS:150/seq:6/fileSize:1048576/nodeType:Passive/nodeTypeIndex:3/meta:data_rcvd","measures":{"value":0}}
{"ts":1669475109416326936,"type":"point","name":"exType:baseline/permutationIndex:0/run:12/dialer:center/eavesCount:0/latencyMS:150/seq:6/fileSize:1048576/nodeType:Passive/nodeTypeIndex:3/meta:dup_data_rcvd","measures":{"value":0}}
{"ts":1669475109416329093,"type":"point","name":"exType:baseline/permutationIndex:0/run:12/dialer:center/eavesCount:0/latencyMS:150/seq:6/fileSize:1048576/nodeType:Passive/nodeTypeIndex:3/meta:blks_sent","measures":{"value":0}}
{"ts":1669475109416331063,"type":"point","name":"exType:baseline/permutationIndex:0/run:12/dialer:center/eavesCount:0/latencyMS:150/seq:6/fileSize:1048576/nodeType:Passive/nodeTypeIndex:3/meta:blks_rcvd","measures":{"value":0}}
{"ts":1669475109416333331,"type":"point","name":"exType:baseline/permutationIndex:0/run:12/dialer:center/eavesCount:0/latencyMS:150/seq:6/fileSize:1048576/nodeType:Passive/nodeTypeIndex:3/meta:dup_blks_rcvd","measures":{"value":0}}
{"ts":1669475114196951797,"type":"point","name":"exType:baseline/permutationIndex:0/run:13/dialer:center/eavesCount:0/latencyMS:150/seq:6/fileSize:1048576/nodeType:Passive/nodeTypeIndex:3/meta:msgs_rcvd","measures":{"value":10}}
{"ts":1669475114196976984,"type":"point","name":"exType:baseline/permutationIndex:0/run:13/dialer:center/eavesCount:0/latencyMS:150/seq:6/fileSize:1048576/nodeType:Passive/nodeTypeIndex:3/meta:data_sent","measures":{"value":0}}
{"ts":1669475114196984482,"type":"point","name":"exType:baseline/permutationIndex:0/run:13/dialer:center/eavesCount:0/latencyMS:150/seq:6/fileSize:1048576/nodeType:Passive/nodeTypeIndex:3/meta:data_rcvd","measures":{"value":0}}
{"ts":1669475114196988204,"type":"point","name":"exType:baseline/permutationIndex:0/run:13/dialer:center/eavesCount:0/latencyMS:150/seq:6/fileSize:1048576/nodeType:Passive/nodeTypeIndex:3/meta:dup_data_rcvd","measures":{"value":0}}
{"ts":1669475114196991373,"type":"point","name":"exType:baseline/permutationIndex:0/run:13/dialer:center/eavesCount:0/latencyMS:150/seq:6/fileSize:1048576/nodeType:Passive/nodeTypeIndex:3/meta:blks_sent","measures":{"value":0}}
{"ts":1669475114196994619,"type":"point","name":"exType:baseline/permutationIndex:0/run:13/dialer:center/eavesCount:0/latencyMS:150/seq:6/fileSize:1048576/nodeType:Passive/nodeTypeIndex:3/meta:blks_rcvd","measures":{"value":0}}
{"ts":1669475114197005360,"type":"point","name":"exType:baseline/permutationIndex:0/run:13/dialer:center/eavesCount:0/latencyMS:150/seq:6/fileSize:1048576/nodeType:Passive/nodeTypeIndex:3/meta:dup_blks_rcvd","measures":{"value":0}}
{"ts":1669475119283041033,"type":"point","name":"exType:baseline/permutationIndex:0/run:14/dialer:center/eavesCount:0/latencyMS:150/seq:6/fileSize:1048576/nodeType:Passive/nodeTypeIndex:3/meta:msgs_rcvd","measures":{"value":3}}
{"ts":1669475119283065571,"type":"point","name":"exType:baseline/permutationIndex:0/run:14/dialer:center/eavesCount:0/latencyMS:150/seq:6/fileSize:1048576/nodeType:Passive/nodeTypeIndex:3/meta:data_sent","measures":{"value":0}}
{"ts":1669475119283070863,"type":"point","name":"exType:baseline/permutationIndex:0/run:14/dialer:center/eavesCount:0/latencyMS:150/seq:6/fileSize:1048576/nodeType:Passive/nodeTypeIndex:3/meta:data_rcvd","measures":{"value":0}}
{"ts":1669475119283076710,"type":"point","name":"exType:baseline/permutationIndex:0/run:14/dialer:center/eavesCount:0/latencyMS:150/seq:6/fileSize:1048576/nodeType:Passive/nodeTypeIndex:3/meta:dup_data_rcvd","measures":{"value":0}}
{"ts":1669475119283079841,"type":"point","name":"exType:baseline/permutationIndex:0/run:14/dialer:center/eavesCount:0/latencyMS:150/seq:6/fileSize:1048576/nodeType:Passive/nodeTypeIndex:3/meta:blks_sent","measures":{"value":0}}
{"ts":1669475119283082715,"type":"point","name":"exType:baseline/permutationIndex:0/run:14/dialer:center/eavesCount:0/latencyMS:150/seq:6/fileSize:1048576/nodeType:Passive/nodeTypeIndex:3/meta:blks_rcvd","measures":{"value":0}}
{"ts":1669475119283085636,"type":"point","name":"exType:baseline/permutationIndex:0/run:14/dialer:center/eavesCount:0/latencyMS:150/seq:6/fileSize:1048576/nodeType:Passive/nodeTypeIndex:3/meta:dup_blks_rcvd","measures":{"value":0}}
{"ts":1669475124081309715,"type":"point","name":"exType:baseline/permutationIndex:0/run:15/dialer:center/eavesCount:0/latencyMS:150/seq:6/fileSize:1048576/nodeType:Passive/nodeTypeIndex:3/meta:msgs_rcvd","measures":{"value":14}}
{"ts":1669475124081341110,"type":"point","name":"exType:baseline/permutationIndex:0/run:15/dialer:center/eavesCount:0/latencyMS:150/seq:6/fileSize:1048576/nodeType:Passive/nodeTypeIndex:3/meta:data_sent","measures":{"value":0}}
{"ts":1669475124081345256,"type":"point","name":"exType:baseline/permutationIndex:0/run:15/dialer:center/eavesCount:0/latencyMS:150/seq:6/fileSize:1048576/nodeType:Passive/nodeTypeIndex:3/meta:data_rcvd","measures":{"value":0}}
{"ts":1669475124081348046,"type":"point","name":"exType:baseline/permutationIndex:0/run:15/dialer:center/eavesCount:0/latencyMS:150/seq:6/fileSize:1048576/nodeType:Passive/nodeTypeIndex:3/meta:dup_data_rcvd","measures":{"value":0}}
{"ts":1669475124081350717,"type":"point","name":"exType:baseline/permutationIndex:0/run:15/dialer:center/eavesCount:0/latencyMS:150/seq:6/fileSize:1048576/nodeType:Passive/nodeTypeIndex:3/meta:blks_sent","measures":{"value":0}}
{"ts":1669475124081353100,"type":"point","name":"exType:baseline/permutationIndex:0/run:15/dialer:center/eavesCount:0/latencyMS:150/seq:6/fileSize:1048576/nodeType:Passive/nodeTypeIndex:3/meta:blks_rcvd","measures":{"value":0}}
{"ts":1669475124081355407,"type":"point","name":"exType:baseline/permutationIndex:0/run:15/dialer:center/eavesCount:0/latencyMS:150/seq:6/fileSize:1048576/nodeType:Passive/nodeTypeIndex:3/meta:dup_blks_rcvd","measures":{"value":0}}
{"ts":1669475128847097568,"type":"point","name":"exType:baseline/permutationIndex:0/run:16/dialer:center/eavesCount:0/latencyMS:150/seq:6/fileSize:1048576/nodeType:Passive/nodeTypeIndex:3/meta:msgs_rcvd","measures":{"value":15}}
{"ts":1669475128847122872,"type":"point","name":"exType:baseline/permutationIndex:0/run:16/dialer:center/eavesCount:0/latencyMS:150/seq:6/fileSize:1048576/nodeType:Passive/nodeTypeIndex:3/meta:data_sent","measures":{"value":0}}
{"ts":1669475128847127109,"type":"point","name":"exType:baseline/permutationIndex:0/run:16/dialer:center/eavesCount:0/latencyMS:150/seq:6/fileSize:1048576/nodeType:Passive/nodeTypeIndex:3/meta:data_rcvd","measures":{"value":0}}
{"ts":1669475128847138682,"type":"point","name":"exType:baseline/permutationIndex:0/run:16/dialer:center/eavesCount:0/latencyMS:150/seq:6/fileSize:1048576/nodeType:Passive/nodeTypeIndex:3/meta:dup_data_rcvd","measures":{"value":0}}
{"ts":1669475128847152490,"type":"point","name":"exType:baseline/permutationIndex:0/run:16/dialer:center/eavesCount:0/latencyMS:150/seq:6/fileSize:1048576/nodeType:Passive/nodeTypeIndex:3/meta:blks_sent","measures":{"value":0}}
{"ts":1669475128847155812,"type":"point","name":"exType:baseline/permutationIndex:0/run:16/dialer:center/eavesCount:0/latencyMS:150/seq:6/fileSize:1048576/nodeType:Passive/nodeTypeIndex:3/meta:blks_rcvd","measures":{"value":0}}
{"ts":1669475128847159145,"type":"point","name":"exType:baseline/permutationIndex:0/run:16/dialer:center/eavesCount:0/latencyMS:150/seq:6/fileSize:1048576/nodeType:Passive/nodeTypeIndex:3/meta:dup_blks_rcvd","measures":{"value":0}}
{"ts":1669475134190805282,"type":"point","name":"exType:baseline/permutationIndex:0/run:17/dialer:center/eavesCount:0/latencyMS:150/seq:6/fileSize:1048576/nodeType:Passive/nodeTypeIndex:3/meta:msgs_rcvd","measures":{"value":3}}
{"ts":1669475134190847394,"type":"point","name":"exType:baseline/permutationIndex:0/run:17/dialer:center/eavesCount:0/latencyMS:150/seq:6/fileSize:1048576/nodeType:Passive/nodeTypeIndex:3/meta:data_sent","measures":{"value":0}}
{"ts":1669475134190852054,"type":"point","name":"exType:baseline/permutationIndex:0/run:17/dialer:center/eavesCount:0/latencyMS:150/seq:6/fileSize:1048576/nodeType:Passive/nodeTypeIndex:3/meta:data_rcvd","measures":{"value":0}}
{"ts":1669475134190854679,"type":"point","name":"exType:baseline/permutationIndex:0/run:17/dialer:center/eavesCount:0/latencyMS:150/seq:6/fileSize:1048576/nodeType:Passive/nodeTypeIndex:3/meta:dup_data_rcvd","measures":{"value":0}}
{"ts":1669475134190857341,"type":"point","name":"exType:baseline/permutationIndex:0/run:17/dialer:center/eavesCount:0/latencyMS:150/seq:6/fileSize:1048576/nodeType:Passive/nodeTypeIndex:3/meta:blks_sent","measures":{"value":0}}
{"ts":1669475134190860127,"type":"point","name":"exType:baseline/permutationIndex:0/run:17/dialer:center/eavesCount:0/latencyMS:150/seq:6/fileSize:1048576/nodeType:Passive/nodeTypeIndex:3/meta:blks_rcvd","measures":{"value":0}}
{"ts":1669475134190862565,"type":"point","name":"exType:baseline/permutationIndex:0/run:17/dialer:center/eavesCount:0/latencyMS:150/seq:6/fileSize:1048576/nodeType:Passive/nodeTypeIndex:3/meta:dup_blks_rcvd","measures":{"value":0}}
{"ts":1669475138520005844,"type":"point","name":"exType:baseline/permutationIndex:0/run:18/dialer:center/eavesCount:0/latencyMS:150/seq:6/fileSize:1048576/nodeType:Passive/nodeTypeIndex:3/meta:msgs_rcvd","measures":{"value":13}}
{"ts":1669475138520038097,"type":"point","name":"exType:baseline/permutationIndex:0/run:18/dialer:center/eavesCount:0/latencyMS:150/seq:6/fileSize:1048576/nodeType:Passive/nodeTypeIndex:3/meta:data_sent","measures":{"value":0}}
{"ts":1669475138520045718,"type":"point","name":"exType:baseline/permutationIndex:0/run:18/dialer:center/eavesCount:0/latencyMS:150/seq:6/fileSize:1048576/nodeType:Passive/nodeTypeIndex:3/meta:data_rcvd","measures":{"value":0}}
{"ts":1669475138520050564,"type":"point","name":"exType:baseline/permutationIndex:0/run:18/dialer:center/eavesCount:0/latencyMS:150/seq:6/fileSize:1048576/nodeType:Passive/nodeTypeIndex:3/meta:dup_data_rcvd","measures":{"value":0}}
{"ts":1669475138520055224,"type":"point","name":"exType:baseline/permutationIndex:0/run:18/dialer:center/eavesCount:0/latencyMS:150/seq:6/fileSize:1048576/nodeType:Passive/nodeTypeIndex:3/meta:blks_sent","measures":{"value":0}}
{"ts":1669475138520059320,"type":"point","name":"exType:baseline/permutationIndex:0/run:18/dialer:center/eavesCount:0/latencyMS:150/seq:6/fileSize:1048576/nodeType:Passive/nodeTypeIndex:3/meta:blks_rcvd","measures":{"value":0}}
{"ts":1669475138520063599,"type":"point","name":"exType:baseline/permutationIndex:0/run:18/dialer:center/eavesCount:0/latencyMS:150/seq:6/fileSize:1048576/nodeType:Passive/nodeTypeIndex:3/meta:dup_blks_rcvd","measures":{"value":0}}
{"ts":1669475142984657796,"type":"point","name":"exType:baseline/permutationIndex:0/run:19/dialer:center/eavesCount:0/latencyMS:150/seq:6/fileSize:1048576/nodeType:Passive/nodeTypeIndex:3/meta:msgs_rcvd","measures":{"value":27}}
{"ts":1669475142984702903,"type":"point","name":"exType:baseline/permutationIndex:0/run:19/dialer:center/eavesCount:0/latencyMS:150/seq:6/fileSize:1048576/nodeType:Passive/nodeTypeIndex:3/meta:data_sent","measures":{"value":0}}
{"ts":1669475142984713607,"type":"point","name":"exType:baseline/permutationIndex:0/run:19/dialer:center/eavesCount:0/latencyMS:150/seq:6/fileSize:1048576/nodeType:Passive/nodeTypeIndex:3/meta:data_rcvd","measures":{"value":0}}
{"ts":1669475142984720184,"type":"point","name":"exType:baseline/permutationIndex:0/run:19/dialer:center/eavesCount:0/latencyMS:150/seq:6/fileSize:1048576/nodeType:Passive/nodeTypeIndex:3/meta:dup_data_rcvd","measures":{"value":0}}
{"ts":1669475142984725268,"type":"point","name":"exType:baseline/permutationIndex:0/run:19/dialer:center/eavesCount:0/latencyMS:150/seq:6/fileSize:1048576/nodeType:Passive/nodeTypeIndex:3/meta:blks_sent","measures":{"value":0}}
{"ts":1669475142984730841,"type":"point","name":"exType:baseline/permutationIndex:0/run:19/dialer:center/eavesCount:0/latencyMS:150/seq:6/fileSize:1048576/nodeType:Passive/nodeTypeIndex:3/meta:blks_rcvd","measures":{"value":0}}
{"ts":1669475142984736293,"type":"point","name":"exType:baseline/permutationIndex:0/run:19/dialer:center/eavesCount:0/latencyMS:150/seq:6/fileSize:1048576/nodeType:Passive/nodeTypeIndex:3/meta:dup_blks_rcvd","measures":{"value":0}}
{"ts":1669475147495612645,"type":"point","name":"exType:baseline/permutationIndex:0/run:20/dialer:center/eavesCount:0/latencyMS:150/seq:6/fileSize:1048576/nodeType:Passive/nodeTypeIndex:3/meta:msgs_rcvd","measures":{"value":3}}
{"ts":1669475147495642557,"type":"point","name":"exType:baseline/permutationIndex:0/run:20/dialer:center/eavesCount:0/latencyMS:150/seq:6/fileSize:1048576/nodeType:Passive/nodeTypeIndex:3/meta:data_sent","measures":{"value":0}}
{"ts":1669475147495647626,"type":"point","name":"exType:baseline/permutationIndex:0/run:20/dialer:center/eavesCount:0/latencyMS:150/seq:6/fileSize:1048576/nodeType:Passive/nodeTypeIndex:3/meta:data_rcvd","measures":{"value":0}}
{"ts":1669475147495650114,"type":"point","name":"exType:baseline/permutationIndex:0/run:20/dialer:center/eavesCount:0/latencyMS:150/seq:6/fileSize:1048576/nodeType:Passive/nodeTypeIndex:3/meta:dup_data_rcvd","measures":{"value":0}}
{"ts":1669475147495652675,"type":"point","name":"exType:baseline/permutationIndex:0/run:20/dialer:center/eavesCount:0/latencyMS:150/seq:6/fileSize:1048576/nodeType:Passive/nodeTypeIndex:3/meta:blks_sent","measures":{"value":0}}
{"ts":1669475147495655111,"type":"point","name":"exType:baseline/permutationIndex:0/run:20/dialer:center/eavesCount:0/latencyMS:150/seq:6/fileSize:1048576/nodeType:Passive/nodeTypeIndex:3/meta:blks_rcvd","measures":{"value":0}}
{"ts":1669475147495657537,"type":"point","name":"exType:baseline/permutationIndex:0/run:20/dialer:center/eavesCount:0/latencyMS:150/seq:6/fileSize:1048576/nodeType:Passive/nodeTypeIndex:3/meta:dup_blks_rcvd","measures":{"value":0}}
{"ts":1669475152004855758,"type":"point","name":"exType:baseline/permutationIndex:0/run:21/dialer:center/eavesCount:0/latencyMS:150/seq:6/fileSize:1048576/nodeType:Passive/nodeTypeIndex:3/meta:msgs_rcvd","measures":{"value":3}}
{"ts":1669475152004880257,"type":"point","name":"exType:baseline/permutationIndex:0/run:21/dialer:center/eavesCount:0/latencyMS:150/seq:6/fileSize:1048576/nodeType:Passive/nodeTypeIndex:3/meta:data_sent","measures":{"value":0}}
{"ts":1669475152004884801,"type":"point","name":"exType:baseline/permutationIndex:0/run:21/dialer:center/eavesCount:0/latencyMS:150/seq:6/fileSize:1048576/nodeType:Passive/nodeTypeIndex:3/meta:data_rcvd","measures":{"value":0}}
{"ts":1669475152004888474,"type":"point","name":"exType:baseline/permutationIndex:0/run:21/dialer:center/eavesCount:0/latencyMS:150/seq:6/fileSize:1048576/nodeType:Passive/nodeTypeIndex:3/meta:dup_data_rcvd","measures":{"value":0}}
{"ts":1669475152004900025,"type":"point","name":"exType:baseline/permutationIndex:0/run:21/dialer:center/eavesCount:0/latencyMS:150/seq:6/fileSize:1048576/nodeType:Passive/nodeTypeIndex:3/meta:blks_sent","measures":{"value":0}}
{"ts":1669475152004903567,"type":"point","name":"exType:baseline/permutationIndex:0/run:21/dialer:center/eavesCount:0/latencyMS:150/seq:6/fileSize:1048576/nodeType:Passive/nodeTypeIndex:3/meta:blks_rcvd","measures":{"value":0}}
{"ts":1669475152004906776,"type":"point","name":"exType:baseline/permutationIndex:0/run:21/dialer:center/eavesCount:0/latencyMS:150/seq:6/fileSize:1048576/nodeType:Passive/nodeTypeIndex:3/meta:dup_blks_rcvd","measures":{"value":0}}
{"ts":1669475156470866364,"type":"point","name":"exType:baseline/permutationIndex:0/run:22/dialer:center/eavesCount:0/latencyMS:150/seq:6/fileSize:1048576/nodeType:Passive/nodeTypeIndex:3/meta:msgs_rcvd","measures":{"value":9}}
{"ts":1669475156470898137,"type":"point","name":"exType:baseline/permutationIndex:0/run:22/dialer:center/eavesCount:0/latencyMS:150/seq:6/fileSize:1048576/nodeType:Passive/nodeTypeIndex:3/meta:data_sent","measures":{"value":0}}
{"ts":1669475156470902896,"type":"point","name":"exType:baseline/permutationIndex:0/run:22/dialer:center/eavesCount:0/latencyMS:150/seq:6/fileSize:1048576/nodeType:Passive/nodeTypeIndex:3/meta:data_rcvd","measures":{"value":0}}
{"ts":1669475156470905643,"type":"point","name":"exType:baseline/permutationIndex:0/run:22/dialer:center/eavesCount:0/latencyMS:150/seq:6/fileSize:1048576/nodeType:Passive/nodeTypeIndex:3/meta:dup_data_rcvd","measures":{"value":0}}
{"ts":1669475156470908373,"type":"point","name":"exType:baseline/permutationIndex:0/run:22/dialer:center/eavesCount:0/latencyMS:150/seq:6/fileSize:1048576/nodeType:Passive/nodeTypeIndex:3/meta:blks_sent","measures":{"value":0}}
{"ts":1669475156470910663,"type":"point","name":"exType:baseline/permutationIndex:0/run:22/dialer:center/eavesCount:0/latencyMS:150/seq:6/fileSize:1048576/nodeType:Passive/nodeTypeIndex:3/meta:blks_rcvd","measures":{"value":0}}
{"ts":1669475156470913526,"type":"point","name":"exType:baseline/permutationIndex:0/run:22/dialer:center/eavesCount:0/latencyMS:150/seq:6/fileSize:1048576/nodeType:Passive/nodeTypeIndex:3/meta:dup_blks_rcvd","measures":{"value":0}}
{"ts":1669475161247899824,"type":"point","name":"exType:baseline/permutationIndex:0/run:23/dialer:center/eavesCount:0/latencyMS:150/seq:6/fileSize:1048576/nodeType:Passive/nodeTypeIndex:3/meta:msgs_rcvd","measures":{"value":4}}
{"ts":1669475161247927400,"type":"point","name":"exType:baseline/permutationIndex:0/run:23/dialer:center/eavesCount:0/latencyMS:150/seq:6/fileSize:1048576/nodeType:Passive/nodeTypeIndex:3/meta:data_sent","measures":{"value":0}}
{"ts":1669475161247931935,"type":"point","name":"exType:baseline/permutationIndex:0/run:23/dialer:center/eavesCount:0/latencyMS:150/seq:6/fileSize:1048576/nodeType:Passive/nodeTypeIndex:3/meta:data_rcvd","measures":{"value":0}}
{"ts":1669475161247934164,"type":"point","name":"exType:baseline/permutationIndex:0/run:23/dialer:center/eavesCount:0/latencyMS:150/seq:6/fileSize:1048576/nodeType:Passive/nodeTypeIndex:3/meta:dup_data_rcvd","measures":{"value":0}}
{"ts":1669475161247936522,"type":"point","name":"exType:baseline/permutationIndex:0/run:23/dialer:center/eavesCount:0/latencyMS:150/seq:6/fileSize:1048576/nodeType:Passive/nodeTypeIndex:3/meta:blks_sent","measures":{"value":0}}
{"ts":1669475161247939130,"type":"point","name":"exType:baseline/permutationIndex:0/run:23/dialer:center/eavesCount:0/latencyMS:150/seq:6/fileSize:1048576/nodeType:Passive/nodeTypeIndex:3/meta:blks_rcvd","measures":{"value":0}}
{"ts":1669475161247941412,"type":"point","name":"exType:baseline/permutationIndex:0/run:23/dialer:center/eavesCount:0/latencyMS:150/seq:6/fileSize:1048576/nodeType:Passive/nodeTypeIndex:3/meta:dup_blks_rcvd","measures":{"value":0}}
{"ts":1669475165690891347,"type":"point","name":"exType:baseline/permutationIndex:0/run:24/dialer:center/eavesCount:0/latencyMS:150/seq:6/fileSize:1048576/nodeType:Passive/nodeTypeIndex:3/meta:msgs_rcvd","measures":{"value":14}}
{"ts":1669475165690953757,"type":"point","name":"exType:baseline/permutationIndex:0/run:24/dialer:center/eavesCount:0/latencyMS:150/seq:6/fileSize:1048576/nodeType:Passive/nodeTypeIndex:3/meta:data_sent","measures":{"value":0}}
{"ts":1669475165690969069,"type":"point","name":"exType:baseline/permutationIndex:0/run:24/dialer:center/eavesCount:0/latencyMS:150/seq:6/fileSize:1048576/nodeType:Passive/nodeTypeIndex:3/meta:data_rcvd","measures":{"value":0}}
{"ts":1669475165690992310,"type":"point","name":"exType:baseline/permutationIndex:0/run:24/dialer:center/eavesCount:0/latencyMS:150/seq:6/fileSize:1048576/nodeType:Passive/nodeTypeIndex:3/meta:dup_data_rcvd","measures":{"value":0}}
{"ts":1669475165690996730,"type":"point","name":"exType:baseline/permutationIndex:0/run:24/dialer:center/eavesCount:0/latencyMS:150/seq:6/fileSize:1048576/nodeType:Passive/nodeTypeIndex:3/meta:blks_sent","measures":{"value":0}}
{"ts":1669475165690999632,"type":"point","name":"exType:baseline/permutationIndex:0/run:24/dialer:center/eavesCount:0/latencyMS:150/seq:6/fileSize:1048576/nodeType:Passive/nodeTypeIndex:3/meta:blks_rcvd","measures":{"value":0}}
{"ts":1669475165691002650,"type":"point","name":"exType:baseline/permutationIndex:0/run:24/dialer:center/eavesCount:0/latencyMS:150/seq:6/fileSize:1048576/nodeType:Passive/nodeTypeIndex:3/meta:dup_blks_rcvd","measures":{"value":0}}
