{"ts":1669476176252009919,"type":"point","name":"exType:baseline/permutationIndex:0/run:1/dialer:center/eavesCount:0/latencyMS:100/seq:10/fileSize:153600/nodeType:Passive/nodeTypeIndex:7/meta:msgs_rcvd","measures":{"value":74}}
{"ts":1669476176252168523,"type":"point","name":"exType:baseline/permutationIndex:0/run:1/dialer:center/eavesCount:0/latencyMS:100/seq:10/fileSize:153600/nodeType:Passive/nodeTypeIndex:7/meta:data_sent","measures":{"value":0}}
{"ts":1669476176252188182,"type":"point","name":"exType:baseline/permutationIndex:0/run:1/dialer:center/eavesCount:0/latencyMS:100/seq:10/fileSize:153600/nodeType:Passive/nodeTypeIndex:7/meta:data_rcvd","measures":{"value":0}}
{"ts":1669476176252200380,"type":"point","name":"exType:baseline/permutationIndex:0/run:1/dialer:center/eavesCount:0/latencyMS:100/seq:10/fileSize:153600/nodeType:Passive/nodeTypeIndex:7/meta:dup_data_rcvd","measures":{"value":0}}
{"ts":1669476176252212778,"type":"point","name":"exType:baseline/permutationIndex:0/run:1/dialer:center/eavesCount:0/latencyMS:100/seq:10/fileSize:153600/nodeType:Passive/nodeTypeIndex:7/meta:blks_sent","measures":{"value":0}}
{"ts":1669476176252226168,"type":"point","name":"exType:baseline/permutationIndex:0/run:1/dialer:center/eavesCount:0/latencyMS:100/seq:10/fileSize:153600/nodeType:Passive/nodeTypeIndex:7/meta:blks_rcvd","measures":{"value":0}}
{"ts":1669476176252238697,"type":"point","name":"exType:baseline/permutationIndex:0/run:1/dialer:center/eavesCount:0/latencyMS:100/seq:10/fileSize:153600/nodeType:Passive/nodeTypeIndex:7/meta:dup_blks_rcvd","measures":{"value":0}}
{"ts":1669476179129484297,"type":"point","name":"exType:baseline/permutationIndex:0/run:2/dialer:center/eavesCount:0/latencyMS:100/seq:10/fileSize:153600/nodeType:Passive/nodeTypeIndex:7/meta:msgs_rcvd","measures":{"value":61}}
{"ts":1669476179129593798,"type":"point","name":"exType:baseline/permutationIndex:0/run:2/dialer:center/eavesCount:0/latencyMS:100/seq:10/fileSize:153600/nodeType:Passive/nodeTypeIndex:7/meta:data_sent","measures":{"value":0}}
{"ts":1669476179129620158,"type":"point","name":"exType:baseline/permutationIndex:0/run:2/dialer:center/eavesCount:0/latencyMS:100/seq:10/fileSize:153600/nodeType:Passive/nodeTypeIndex:7/meta:data_rcvd","measures":{"value":0}}
{"ts":1669476179129641179,"type":"point","name":"exType:baseline/permutationIndex:0/run:2/dialer:center/eavesCount:0/latencyMS:100/seq:10/fileSize:153600/nodeType:Passive/nodeTypeIndex:7/meta:dup_data_rcvd","measures":{"value":0}}
{"ts":1669476179129662820,"type":"point","name":"exType:baseline/permutationIndex:0/run:2/dialer:center/eavesCount:0/latencyMS:100/seq:10/fileSize:153600/nodeType:Passive/nodeTypeIndex:7/meta:blks_sent","measures":{"value":0}}
{"ts":1669476179129684170,"type":"point","name":"exType:baseline/permutationIndex:0/run:2/dialer:center/eavesCount:0/latencyMS:100/seq:10/fileSize:153600/nodeType:Passive/nodeTypeIndex:7/meta:blks_rcvd","measures":{"value":0}}
{"ts":1669476179129704956,"type":"point","name":"exType:baseline/permutationIndex:0/run:2/dialer:center/eavesCount:0/latencyMS:100/seq:10/fileSize:153600/nodeType:Passive/nodeTypeIndex:7/meta:dup_blks_rcvd","measures":{"value":0}}
{"ts":1669476182103506743,"type":"point","name":"exType:baseline/permutationIndex:0/run:3/dialer:center/eavesCount:0/latencyMS:100/seq:10/fileSize:153600/nodeType:Passive/nodeTypeIndex:7/meta:msgs_rcvd","measures":{"value":116}}
{"ts":1669476182103532482,"type":"point","name":"exType:baseline/permutationIndex:0/run:3/dialer:center/eavesCount:0/latencyMS:100/seq:10/fileSize:153600/nodeType:Passive/nodeTypeIndex:7/meta:data_sent","measures":{"value":0}}
{"ts":1669476182103540860,"type":"point","name":"exType:baseline/permutationIndex:0/run:3/dialer:center/eavesCount:0/latencyMS:100/seq:10/fileSize:153600/nodeType:Passive/nodeTypeIndex:7/meta:data_rcvd","measures":{"value":0}}
{"ts":1669476182103542629,"type":"point","name":"exType:baseline/permutationIndex:0/run:3/dialer:center/eavesCount:0/latencyMS:100/seq:10/fileSize:153600/nodeType:Passive/nodeTypeIndex:7/meta:dup_data_rcvd","measures":{"value":0}}
{"ts":1669476182103550120,"type":"point","name":"exType:baseline/permutationIndex:0/run:3/dialer:center/eavesCount:0/latencyMS:100/seq:10/fileSize:153600/nodeType:Passive/nodeTypeIndex:7/meta:blks_sent","measures":{"value":0}}
{"ts":1669476182103551713,"type":"point","name":"exType:baseline/permutationIndex:0/run:3/dialer:center/eavesCount:0/latencyMS:100/seq:10/fileSize:153600/nodeType:Passive/nodeTypeIndex:7/meta:blks_rcvd","measures":{"value":0}}
{"ts":1669476182103553178,"type":"point","name":"exType:baseline/permutationIndex:0/run:3/dialer:center/eavesCount:0/latencyMS:100/seq:10/fileSize:153600/nodeType:Passive/nodeTypeIndex:7/meta:dup_blks_rcvd","measures":{"value":0}}
{"ts":1669476185028641001,"type":"point","name":"exType:baseline/permutationIndex:0/run:4/dialer:center/eavesCount:0/latencyMS:100/seq:10/fileSize:153600/nodeType:Passive/nodeTypeIndex:7/meta:msgs_rcvd","measures":{"value":119}}
{"ts":1669476185028766986,"type":"point","name":"exType:baseline/permutationIndex:0/run:4/dialer:center/eavesCount:0/latencyMS:100/seq:10/fileSize:153600/nodeType:Passive/nodeTypeIndex:7/meta:data_sent","measures":{"value":0}}
{"ts":1669476185028805363,"type":"point","name":"exType:baseline/permutationIndex:0/run:4/dialer:center/eavesCount:0/latencyMS:100/seq:10/fileSize:153600/nodeType:Passive/nodeTypeIndex:7/meta:data_rcvd","measures":{"value":0}}
{"ts":1669476185028827035,"type":"point","name":"exType:baseline/permutationIndex:0/run:4/dialer:center/eavesCount:0/latencyMS:100/seq:10/fileSize:153600/nodeType:Passive/nodeTypeIndex:7/meta:dup_data_rcvd","measures":{"value":0}}
{"ts":1669476185028846805,"type":"point","name":"exType:baseline/permutationIndex:0/run:4/dialer:center/eavesCount:0/latencyMS:100/seq:10/fileSize:153600/nodeType:Passive/nodeTypeIndex:7/meta:blks_sent","measures":{"value":0}}
{"ts":1669476185028865135,"type":"point","name":"exType:baseline/permutationIndex:0/run:4/dialer:center/eavesCount:0/latencyMS:100/seq:10/fileSize:153600/nodeType:Passive/nodeTypeIndex:7/meta:blks_rcvd","measures":{"value":0}}
{"ts":1669476185028882704,"type":"point","name":"exType:baseline/permutationIndex:0/run:4/dialer:center/eavesCount:0/latencyMS:100/seq:10/fileSize:153600/nodeType:Passive/nodeTypeIndex:7/meta:dup_blks_rcvd","measures":{"value":0}}
{"ts":1669476187641683627,"type":"point","name":"exType:baseline/permutationIndex:0/run:5/dialer:center/eavesCount:0/latencyMS:100/seq:10/fileSize:153600/nodeType:Passive/nodeTypeIndex:7/meta:msgs_rcvd","measures":{"value":58}}
{"ts":1669476187641711560,"type":"point","name":"exType:baseline/permutationIndex:0/run:5/dialer:center/eavesCount:0/latencyMS:100/seq:10/fileSize:153600/nodeType:Passive/nodeTypeIndex:7/meta:data_sent","measures":{"value":0}}
{"ts":1669476187641721290,"type":"point","name":"exType:baseline/permutationIndex:0/run:5/dialer:center/eavesCount:0/latencyMS:100/seq:10/fileSize:153600/nodeType:Passive/nodeTypeIndex:7/meta:data_rcvd","measures":{"value":0}}
{"ts":1669476187641727583,"type":"point","name":"exType:baseline/permutationIndex:0/run:5/dialer:center/eavesCount:0/latencyMS:100/seq:10/fileSize:153600/nodeType:Passive/nodeTypeIndex:7/meta:dup_data_rcvd","measures":{"value":0}}
{"ts":1669476187641733187,"type":"point","name":"exType:baseline/permutationIndex:0/run:5/dialer:center/eavesCount:0/latencyMS:100/seq:10/fileSize:153600/nodeType:Passive/nodeTypeIndex:7/meta:blks_sent","measures":{"value":0}}
{"ts":1669476187641739210,"type":"point","name":"exType:baseline/permutationIndex:0/run:5/dialer:center/eavesCount:0/latencyMS:100/seq:10/fileSize:153600/nodeType:Passive/nodeTypeIndex:7/meta:blks_rcvd","measures":{"value":0}}
{"ts":1669476187641745841,"type":"point","name":"exType:baseline/permutationIndex:0/run:5/dialer:center/eavesCount:0/latencyMS:100/seq:10/fileSize:153600/nodeType:Passive/nodeTypeIndex:7/meta:dup_blks_rcvd","measures":{"value":0}}
{"ts":1669476190233104905,"type":"point","name":"exType:baseline/permutationIndex:0/run:6/dialer:center/eavesCount:0/latencyMS:100/seq:10/fileSize:153600/nodeType:Passive/nodeTypeIndex:7/meta:msgs_rcvd","measures":{"value":57}}
{"ts":1669476190233248575,"type":"point","name":"exType:baseline/permutationIndex:0/run:6/dialer:center/eavesCount:0/latencyMS:100/seq:10/fileSize:153600/nodeType:Passive/nodeTypeIndex:7/meta:data_sent","measures":{"value":0}}
{"ts":1669476190233275995,"type":"point","name":"exType:baseline/permutationIndex:0/run:6/dialer:center/eavesCount:0/latencyMS:100/seq:10/fileSize:153600/nodeType:Passive/nodeTypeIndex:7/meta:data_rcvd","measures":{"value":0}}
{"ts":1669476190233296458,"type":"point","name":"exType:baseline/permutationIndex:0/run:6/dialer:center/eavesCount:0/latencyMS:100/seq:10/fileSize:153600/nodeType:Passive/nodeTypeIndex:7/meta:dup_data_rcvd","measures":{"value":0}}
{"ts":1669476190233315559,"type":"point","name":"exType:baseline/permutationIndex:0/run:6/dialer:center/eavesCount:0/latencyMS:100/seq:10/fileSize:153600/nodeType:Passive/nodeTypeIndex:7/meta:blks_sent","measures":{"value":0}}
{"ts":1669476190233334946,"type":"point","name":"exType:baseline/permutationIndex:0/run:6/dialer:center/eavesCount:0/latencyMS:100/seq:10/fileSize:153600/nodeType:Passive/nodeTypeIndex:7/meta:blks_rcvd","measures":{"value":0}}
{"ts":1669476190233353971,"type":"point","name":"exType:baseline/permutationIndex:0/run:6/dialer:center/eavesCount:0/latencyMS:100/seq:10/fileSize:153600/nodeType:Passive/nodeTypeIndex:7/meta:dup_blks_rcvd","measures":{"value":0}}
{"ts":1669476193149117622,"type":"point","name":"exType:baseline/permutationIndex:0/run:7/dialer:center/eavesCount:0/latencyMS:100/seq:10/fileSize:153600/nodeType:Passive/nodeTypeIndex:7/meta:msgs_rcvd","measures":{"value":40}}
{"ts":1669476193149178956,"type":"point","name":"exType:baseline/permutationIndex:0/run:7/dialer:center/eavesCount:0/latencyMS:100/seq:10/fileSize:153600/nodeType:Passive/nodeTypeIndex:7/meta:data_sent","measures":{"value":0}}
{"ts":1669476193149196342,"type":"point","name":"exType:baseline/permutationIndex:0/run:7/dialer:center/eavesCount:0/latencyMS:100/seq:10/fileSize:153600/nodeType:Passive/nodeTypeIndex:7/meta:data_rcvd","measures":{"value":0}}
{"ts":1669476193149201890,"type":"point","name":"exType:baseline/permutationIndex:0/run:7/dialer:center/eavesCount:0/latencyMS:100/seq:10/fileSize:153600/nodeType:Passive/nodeTypeIndex:7/meta:dup_data_rcvd","measures":{"value":0}}
{"ts":1669476193149207718,"type":"point","name":"exType:baseline/permutationIndex:0/run:7/dialer:center/eavesCount:0/latencyMS:100/seq:10/fileSize:153600/nodeType:Passive/nodeTypeIndex:7/meta:blks_sent","measures":{"value":0}}
{"ts":1669476193149211848,"type":"point","name":"exType:baseline/permutationIndex:0/run:7/dialer:center/eavesCount:0/latencyMS:100/seq:10/fileSize:153600/nodeType:Passive/nodeTypeIndex:7/meta:blks_rcvd","measures":{"value":0}}
{"ts":1669476193149215961,"type":"point","name":"exType:baseline/permutationIndex:0/run:7/dialer:center/eavesCount:0/latencyMS:100/seq:10/fileSize:153600/nodeType:Passive/nodeTypeIndex:7/meta:dup_blks_rcvd","measures":{"value":0}}
{"ts":1669476196485400759,"type":"point","name":"exType:baseline/permutationIndex:0/run:8/dialer:center/eavesCount:0/latencyMS:100/seq:10/fileSize:153600/nodeType:Passive/nodeTypeIndex:7/meta:msgs_rcvd","measures":{"value":62}}
{"ts":1669476196485425530,"type":"point","name":"exType:baseline/permutationIndex:0/run:8/dialer:center/eavesCount:0/latencyMS:100/seq:10/fileSize:153600/nodeType:Passive/nodeTypeIndex:7/meta:data_sent","measures":{"value":0}}
{"ts":1669476196485430826,"type":"point","name":"exType:baseline/permutationIndex:0/run:8/dialer:center/eavesCount:0/latencyMS:100/seq:10/fileSize:153600/nodeType:Passive/nodeTypeIndex:7/meta:data_rcvd","measures":{"value":0}}
{"ts":1669476196485435448,"type":"point","name":"exType:baseline/permutationIndex:0/run:8/dialer:center/eavesCount:0/latencyMS:100/seq:10/fileSize:153600/nodeType:Passive/nodeTypeIndex:7/meta:dup_data_rcvd","measures":{"value":0}}
{"ts":1669476196485439024,"type":"point","name":"exType:baseline/permutationIndex:0/run:8/dialer:center/eavesCount:0/latencyMS:100/seq:10/fileSize:153600/nodeType:Passive/nodeTypeIndex:7/meta:blks_sent","measures":{"value":0}}
{"ts":1669476196485448185,"type":"point","name":"exType:baseline/permutationIndex:0/run:8/dialer:center/eavesCount:0/latencyMS:100/seq:10/fileSize:153600/nodeType:Passive/nodeTypeIndex:7/meta:blks_rcvd","measures":{"value":0}}
{"ts":1669476196485449877,"type":"point","name":"exType:baseline/permutationIndex:0/run:8/dialer:center/eavesCount:0/latencyMS:100/seq:10/fileSize:153600/nodeType:Passive/nodeTypeIndex:7/meta:dup_blks_rcvd","measures":{"value":0}}
{"ts":1669476199599379230,"type":"point","name":"exType:baseline/permutationIndex:0/run:9/dialer:center/eavesCount:0/latencyMS:100/seq:10/fileSize:153600/nodeType:Passive/nodeTypeIndex:7/meta:msgs_rcvd","measures":{"value":23}}
{"ts":1669476199599398706,"type":"point","name":"exType:baseline/permutationIndex:0/run:9/dialer:center/eavesCount:0/latencyMS:100/seq:10/fileSize:153600/nodeType:Passive/nodeTypeIndex:7/meta:data_sent","measures":{"value":0}}
{"ts":1669476199599401287,"type":"point","name":"exType:baseline/permutationIndex:0/run:9/dialer:center/eavesCount:0/latencyMS:100/seq:10/fileSize:153600/nodeType:Passive/nodeTypeIndex:7/meta:data_rcvd","measures":{"value":0}}
{"ts":1669476199599403016,"type":"point","name":"exType:baseline/permutationIndex:0/run:9/dialer:center/eavesCount:0/latencyMS:100/seq:10/fileSize:153600/nodeType:Passive/nodeTypeIndex:7/meta:dup_data_rcvd","measures":{"value":0}}
{"ts":1669476199599404653,"type":"point","name":"exType:baseline/permutationIndex:0/run:9/dialer:center/eavesCount:0/latencyMS:100/seq:10/fileSize:153600/nodeType:Passive/nodeTypeIndex:7/meta:blks_sent","measures":{"value":0}}
{"ts":1669476199599406590,"type":"point","name":"exType:baseline/permutationIndex:0/run:9/dialer:center/eavesCount:0/latencyMS:100/seq:10/fileSize:153600/nodeType:Passive/nodeTypeIndex:7/meta:blks_rcvd","measures":{"value":0}}
{"ts":1669476199599408180,"type":"point","name":"exType:baseline/permutationIndex:0/run:9/dialer:center/eavesCount:0/latencyMS:100/seq:10/fileSize:153600/nodeType:Passive/nodeTypeIndex:7/meta:dup_blks_rcvd","measures":{"value":0}}
{"ts":1669476202936743807,"type":"point","name":"exType:baseline/permutationIndex:0/run:10/dialer:center/eavesCount:0/latencyMS:100/seq:10/fileSize:153600/nodeType:Passive/nodeTypeIndex:7/meta:msgs_rcvd","measures":{"value":15}}
{"ts":1669476202936831752,"type":"point","name":"exType:baseline/permutationIndex:0/run:10/dialer:center/eavesCount:0/latencyMS:100/seq:10/fileSize:153600/nodeType:Passive/nodeTypeIndex:7/meta:data_sent","measures":{"value":0}}
{"ts":1669476202936865045,"type":"point","name":"exType:baseline/permutationIndex:0/run:10/dialer:center/eavesCount:0/latencyMS:100/seq:10/fileSize:153600/nodeType:Passive/nodeTypeIndex:7/meta:data_rcvd","measures":{"value":0}}
{"ts":1669476202936885190,"type":"point","name":"exType:baseline/permutationIndex:0/run:10/dialer:center/eavesCount:0/latencyMS:100/seq:10/fileSize:153600/nodeType:Passive/nodeTypeIndex:7/meta:dup_data_rcvd","measures":{"value":0}}
{"ts":1669476202936903294,"type":"point","name":"exType:baseline/permutationIndex:0/run:10/dialer:center/eavesCount:0/latencyMS:100/seq:10/fileSize:153600/nodeType:Passive/nodeTypeIndex:7/meta:blks_sent","measures":{"value":0}}
{"ts":1669476202936922413,"type":"point","name":"exType:baseline/permutationIndex:0/run:10/dialer:center/eavesCount:0/latencyMS:100/seq:10/fileSize:153600/nodeType:Passive/nodeTypeIndex:7/meta:blks_rcvd","measures":{"value":0}}
{"ts":1669476202936942312,"type":"point","name":"exType:baseline/permutationIndex:0/run:10/dialer:center/eavesCount:0/latencyMS:100/seq:10/fileSize:153600/nodeType:Passive/nodeTypeIndex:7/meta:dup_blks_rcvd","measures":{"value":0}}
{"ts":1669476205859567198,"type":"point","name":"exType:baseline/permutationIndex:0/run:11/dialer:center/eavesCount:0/latencyMS:100/seq:10/fileSize:153600/nodeType:Passive/nodeTypeIndex:7/meta:msgs_rcvd","measures":{"value":57}}
{"ts":1669476205859590283,"type":"point","name":"exType:baseline/permutationIndex:0/run:11/dialer:center/eavesCount:0/latencyMS:100/seq:10/fileSize:153600/nodeType:Passive/nodeTypeIndex:7/meta:data_sent","measures":{"value":0}}
{"ts":1669476205859600194,"type":"point","name":"exType:baseline/permutationIndex:0/run:11/dialer:center/eavesCount:0/latencyMS:100/seq:10/fileSize:153600/nodeType:Passive/nodeTypeIndex:7/meta:data_rcvd","measures":{"value":0}}
{"ts":1669476205859602764,"type":"point","name":"exType:baseline/permutationIndex:0/run:11/dialer:center/eavesCount:0/latencyMS:100/seq:10/fileSize:153600/nodeType:Passive/nodeTypeIndex:7/meta:dup_data_rcvd","measures":{"value":0}}
{"ts":1669476205859605231,"type":"point","name":"exType:baseline/permutationIndex:0/run:11/dialer:center/eavesCount:0/latencyMS:100/seq:10/fileSize:153600/nodeType:Passive/nodeTypeIndex:7/meta:blks_sent","measures":{"value":0}}
{"ts":1669476205859608847,"type":"point","name":"exType:baseline/permutationIndex:0/run:11/dialer:center/eavesCount:0/latencyMS:100/seq:10/fileSize:153600/nodeType:Passive/nodeTypeIndex:7/meta:blks_rcvd","measures":{"value":0}}
{"ts":1669476205859613232,"type":"point","name":"exType:baseline/permutationIndex:0/run:11/dialer:center/eavesCount:0/latencyMS:100/seq:10/fileSize:153600/nodeType:Passive/nodeTypeIndex:7/meta:dup_blks_rcvd","measures":{"value":0}}
{"ts":1669476208448047486,"type":"point","name":"exType:baseline/permutationIndex:0/run:12/dialer:center/eavesCount:0/latencyMS:100/seq:10/fileSize:153600/nodeType:Passive/nodeTypeIndex:7/meta:msgs_rcvd","measures":{"value":11}}
{"ts":1669476208448072796,"type":"point","name":"exType:baseline/permutationIndex:0/run:12/dialer:center/eavesCount:0/latencyMS:100/seq:10/fileSize:153600/nodeType:Passive/nodeTypeIndex:7/meta:data_sent","measures":{"value":0}}
{"ts":1669476208448077926,"type":"point","name":"exType:baseline/permutationIndex:0/run:12/dialer:center/eavesCount:0/latencyMS:100/seq:10/fileSize:153600/nodeType:Passive/nodeTypeIndex:7/meta:data_rcvd","measures":{"value":0}}
{"ts":1669476208448081608,"type":"point","name":"exType:baseline/permutationIndex:0/run:12/dialer:center/eavesCount:0/latencyMS:100/seq:10/fileSize:153600/nodeType:Passive/nodeTypeIndex:7/meta:dup_data_rcvd","measures":{"value":0}}
{"ts":1669476208448085009,"type":"point","name":"exType:baseline/permutationIndex:0/run:12/dialer:center/eavesCount:0/latencyMS:100/seq:10/fileSize:153600/nodeType:Passive/nodeTypeIndex:7/meta:blks_sent","measures":{"value":0}}
{"ts":1669476208448088480,"type":"point","name":"exType:baseline/permutationIndex:0/run:12/dialer:center/eavesCount:0/latencyMS:100/seq:10/fileSize:153600/nodeType:Passive/nodeTypeIndex:7/meta:blks_rcvd","measures":{"value":0}}
{"ts":1669476208448091823,"type":"point","name":"exType:baseline/permutationIndex:0/run:12/dialer:center/eavesCount:0/latencyMS:100/seq:10/fileSize:153600/nodeType:Passive/nodeTypeIndex:7/meta:dup_blks_rcvd","measures":{"value":0}}
{"ts":1669476211192112451,"type":"point","name":"exType:baseline/permutationIndex:0/run:13/dialer:center/eavesCount:0/latencyMS:100/seq:10/fileSize:153600/nodeType:Passive/nodeTypeIndex:7/meta:msgs_rcvd","measures":{"value":29}}
{"ts":1669476211192213823,"type":"point","name":"exType:baseline/permutationIndex:0/run:13/dialer:center/eavesCount:0/latencyMS:100/seq:10/fileSize:153600/nodeType:Passive/nodeTypeIndex:7/meta:data_sent","measures":{"value":0}}
{"ts":1669476211192249391,"type":"point","name":"exType:baseline/permutationIndex:0/run:13/dialer:center/eavesCount:0/latencyMS:100/seq:10/fileSize:153600/nodeType:Passive/nodeTypeIndex:7/meta:data_rcvd","measures":{"value":0}}
{"ts":1669476211192270346,"type":"point","name":"exType:baseline/permutationIndex:0/run:13/dialer:center/eavesCount:0/latencyMS:100/seq:10/fileSize:153600/nodeType:Passive/nodeTypeIndex:7/meta:dup_data_rcvd","measures":{"value":0}}
{"ts":1669476211192289373,"type":"point","name":"exType:baseline/permutationIndex:0/run:13/dialer:center/eavesCount:0/latencyMS:100/seq:10/fileSize:153600/nodeType:Passive/nodeTypeIndex:7/meta:blks_sent","measures":{"value":0}}
{"ts":1669476211192307761,"type":"point","name":"exType:baseline/permutationIndex:0/run:13/dialer:center/eavesCount:0/latencyMS:100/seq:10/fileSize:153600/nodeType:Passive/nodeTypeIndex:7/meta:blks_rcvd","measures":{"value":0}}
{"ts":1669476211192363841,"type":"point","name":"exType:baseline/permutationIndex:0/run:13/dialer:center/eavesCount:0/latencyMS:100/seq:10/fileSize:153600/nodeType:Passive/nodeTypeIndex:7/meta:dup_blks_rcvd","measures":{"value":0}}
{"ts":1669476214045714848,"type":"point","name":"exType:baseline/permutationIndex:0/run:14/dialer:center/eavesCount:0/latencyMS:100/seq:10/fileSize:153600/nodeType:Passive/nodeTypeIndex:7/meta:msgs_rcvd","measures":{"value":60}}
{"ts":1669476214045826472,"type":"point","name":"exType:baseline/permutationIndex:0/run:14/dialer:center/eavesCount:0/latencyMS:100/seq:10/fileSize:153600/nodeType:Passive/nodeTypeIndex:7/meta:data_sent","measures":{"value":0}}
{"ts":1669476214045854897,"type":"point","name":"exType:baseline/permutationIndex:0/run:14/dialer:center/eavesCount:0/latencyMS:100/seq:10/fileSize:153600/nodeType:Passive/nodeTypeIndex:7/meta:data_rcvd","measures":{"value":0}}
{"ts":1669476214045876392,"type":"point","name":"exType:baseline/permutationIndex:0/run:14/dialer:center/eavesCount:0/latencyMS:100/seq:10/fileSize:153600/nodeType:Passive/nodeTypeIndex:7/meta:dup_data_rcvd","measures":{"value":0}}
{"ts":1669476214045897753,"type":"point","name":"exType:baseline/permutationIndex:0/run:14/dialer:center/eavesCount:0/latencyMS:100/seq:10/fileSize:153600/nodeType:Passive/nodeTypeIndex:7/meta:blks_sent","measures":{"value":0}}
{"ts":1669476214045917144,"type":"point","name":"exType:baseline/permutationIndex:0/run:14/dialer:center/eavesCount:0/latencyMS:100/seq:10/fileSize:153600/nodeType:Passive/nodeTypeIndex:7/meta:blks_rcvd","measures":{"value":0}}
{"ts":1669476214045936389,"type":"point","name":"exType:baseline/permutationIndex:0/run:14/dialer:center/eavesCount:0/latencyMS:100/seq:10/fileSize:153600/nodeType:Passive/nodeTypeIndex:7/meta:dup_blks_rcvd","measures":{"value":0}}
{"ts":1669476217364304511,"type":"point","name":"exType:baseline/permutationIndex:0/run:15/dialer:center/eavesCount:0/latencyMS:100/seq:10/fileSize:153600/nodeType:Passive/nodeTypeIndex:7/meta:msgs_rcvd","measures":{"value":95}}
{"ts":1669476217364327499,"type":"point","name":"exType:baseline/permutationIndex:0/run:15/dialer:center/eavesCount:0/latencyMS:100/seq:10/fileSize:153600/nodeType:Passive/nodeTypeIndex:7/meta:data_sent","measures":{"value":0}}
{"ts":1669476217364331150,"type":"point","name":"exType:baseline/permutationIndex:0/run:15/dialer:center/eavesCount:0/latencyMS:100/seq:10/fileSize:153600/nodeType:Passive/nodeTypeIndex:7/meta:data_rcvd","measures":{"value":0}}
{"ts":1669476217364333837,"type":"point","name":"exType:baseline/permutationIndex:0/run:15/dialer:center/eavesCount:0/latencyMS:100/seq:10/fileSize:153600/nodeType:Passive/nodeTypeIndex:7/meta:dup_data_rcvd","measures":{"value":0}}
{"ts":1669476217364336120,"type":"point","name":"exType:baseline/permutationIndex:0/run:15/dialer:center/eavesCount:0/latencyMS:100/seq:10/fileSize:153600/nodeType:Passive/nodeTypeIndex:7/meta:blks_sent","measures":{"value":0}}
{"ts":1669476217364338456,"type":"point","name":"exType:baseline/permutationIndex:0/run:15/dialer:center/eavesCount:0/latencyMS:100/seq:10/fileSize:153600/nodeType:Passive/nodeTypeIndex:7/meta:blks_rcvd","measures":{"value":0}}
{"ts":1669476217364340760,"type":"point","name":"exType:baseline/permutationIndex:0/run:15/dialer:center/eavesCount:0/latencyMS:100/seq:10/fileSize:153600/nodeType:Passive/nodeTypeIndex:7/meta:dup_blks_rcvd","measures":{"value":0}}
{"ts":1669476220880159108,"type":"point","name":"exType:baseline/permutationIndex:0/run:16/dialer:center/eavesCount:0/latencyMS:100/seq:10/fileSize:153600/nodeType:Passive/nodeTypeIndex:7/meta:msgs_rcvd","measures":{"value":9}}
{"ts":1669476220880236789,"type":"point","name":"exType:baseline/permutationIndex:0/run:16/dialer:center/eavesCount:0/latencyMS:100/seq:10/fileSize:153600/nodeType:Passive/nodeTypeIndex:7/meta:data_sent","measures":{"value":0}}
{"ts":1669476220880254880,"type":"point","name":"exType:baseline/permutationIndex:0/run:16/dialer:center/eavesCount:0/latencyMS:100/seq:10/fileSize:153600/nodeType:Passive/nodeTypeIndex:7/meta:data_rcvd","measures":{"value":0}}
{"ts":1669476220880287261,"type":"point","name":"exType:baseline/permutationIndex:0/run:16/dialer:center/eavesCount:0/latencyMS:100/seq:10/fileSize:153600/nodeType:Passive/nodeTypeIndex:7/meta:dup_data_rcvd","measures":{"value":0}}
{"ts":1669476220880299204,"type":"point","name":"exType:baseline/permutationIndex:0/run:16/dialer:center/eavesCount:0/latencyMS:100/seq:10/fileSize:153600/nodeType:Passive/nodeTypeIndex:7/meta:blks_sent","measures":{"value":0}}
{"ts":1669476220880311535,"type":"point","name":"exType:baseline/permutationIndex:0/run:16/dialer:center/eavesCount:0/latencyMS:100/seq:10/fileSize:153600/nodeType:Passive/nodeTypeIndex:7/meta:blks_rcvd","measures":{"value":0}}
{"ts":1669476220880321195,"type":"point","name":"exType:baseline/permutationIndex:0/run:16/dialer:center/eavesCount:0/latencyMS:100/seq:10/fileSize:153600/nodeType:Passive/nodeTypeIndex:7/meta:dup_blks_rcvd","measures":{"value":0}}
{"ts":1669476224235961489,"type":"point","name":"exType:baseline/permutationIndex:0/run:17/dialer:center/eavesCount:0/latencyMS:100/seq:10/fileSize:153600/nodeType:Passive/nodeTypeIndex:7/meta:msgs_rcvd","measures":{"value":38}}
{"ts":1669476224236444374,"type":"point","name":"exType:baseline/permutationIndex:0/run:17/dialer:center/eavesCount:0/latencyMS:100/seq:10/fileSize:153600/nodeType:Passive/nodeTypeIndex:7/meta:data_sent","measures":{"value":0}}
{"ts":1669476224236479520,"type":"point","name":"exType:baseline/permutationIndex:0/run:17/dialer:center/eavesCount:0/latencyMS:100/seq:10/fileSize:153600/nodeType:Passive/nodeTypeIndex:7/meta:data_rcvd","measures":{"value":0}}
{"ts":1669476224236500768,"type":"point","name":"exType:baseline/permutationIndex:0/run:17/dialer:center/eavesCount:0/latencyMS:100/seq:10/fileSize:153600/nodeType:Passive/nodeTypeIndex:7/meta:dup_data_rcvd","measures":{"value":0}}
{"ts":1669476224236521537,"type":"point","name":"exType:baseline/permutationIndex:0/run:17/dialer:center/eavesCount:0/latencyMS:100/seq:10/fileSize:153600/nodeType:Passive/nodeTypeIndex:7/meta:blks_sent","measures":{"value":0}}
{"ts":1669476224236542636,"type":"point","name":"exType:baseline/permutationIndex:0/run:17/dialer:center/eavesCount:0/latencyMS:100/seq:10/fileSize:153600/nodeType:Passive/nodeTypeIndex:7/meta:blks_rcvd","measures":{"value":0}}
{"ts":1669476224236568011,"type":"point","name":"exType:baseline/permutationIndex:0/run:17/dialer:center/eavesCount:0/latencyMS:100/seq:10/fileSize:153600/nodeType:Passive/nodeTypeIndex:7/meta:dup_blks_rcvd","measures":{"value":0}}
{"ts":1669476227155760134,"type":"point","name":"exType:baseline/permutationIndex:0/run:18/dialer:center/eavesCount:0/latencyMS:100/seq:10/fileSize:153600/nodeType:Passive/nodeTypeIndex:7/meta:msgs_rcvd","measures":{"value":19}}
{"ts":1669476227155770159,"type":"point","name":"exType:baseline/permutationIndex:0/run:18/dialer:center/eavesCount:0/latencyMS:100/seq:10/fileSize:153600/nodeType:Passive/nodeTypeIndex:7/meta:data_sent","measures":{"value":0}}
{"ts":1669476227155772155,"type":"point","name":"exType:baseline/permutationIndex:0/run:18/dialer:center/eavesCount:0/latencyMS:100/seq:10/fileSize:153600/nodeType:Passive/nodeTypeIndex:7/meta:data_rcvd","measures":{"value":0}}
{"ts":1669476227155773913,"type":"point","name":"exType:baseline/permutationIndex:0/run:18/dialer:center/eavesCount:0/latencyMS:100/seq:10/fileSize:153600/nodeType:Passive/nodeTypeIndex:7/meta:dup_data_rcvd","measures":{"value":0}}
{"ts":1669476227155775542,"type":"point","name":"exType:baseline/permutationIndex:0/run:18/dialer:center/eavesCount:0/latencyMS:100/seq:10/fileSize:153600/nodeType:Passive/nodeTypeIndex:7/meta:blks_sent","measures":{"value":0}}
{"ts":1669476227155777189,"type":"point","name":"exType:baseline/permutationIndex:0/run:18/dialer:center/eavesCount:0/latencyMS:100/seq:10/fileSize:153600/nodeType:Passive/nodeTypeIndex:7/meta:blks_rcvd","measures":{"value":0}}
{"ts":1669476227155778827,"type":"point","name":"exType:baseline/permutationIndex:0/run:18/dialer:center/eavesCount:0/latencyMS:100/seq:10/fileSize:153600/nodeType:Passive/nodeTypeIndex:7/meta:dup_blks_rcvd","measures":{"value":0}}
{"ts":1669476232065960068,"type":"point","name":"exType:baseline/permutationIndex:0/run:19/dialer:center/eavesCount:0/latencyMS:100/seq:10/fileSize:153600/nodeType:Passive/nodeTypeIndex:7/meta:msgs_rcvd","measures":{"value":172}}
{"ts":1669476232065978299,"type":"point","name":"exType:baseline/permutationIndex:0/run:19/dialer:center/eavesCount:0/latencyMS:100/seq:10/fileSize:153600/nodeType:Passive/nodeTypeIndex:7/meta:data_sent","measures":{"value":0}}
{"ts":1669476232065981271,"type":"point","name":"exType:baseline/permutationIndex:0/run:19/dialer:center/eavesCount:0/latencyMS:100/seq:10/fileSize:153600/nodeType:Passive/nodeTypeIndex:7/meta:data_rcvd","measures":{"value":0}}
{"ts":1669476232065984520,"type":"point","name":"exType:baseline/permutationIndex:0/run:19/dialer:center/eavesCount:0/latencyMS:100/seq:10/fileSize:153600/nodeType:Passive/nodeTypeIndex:7/meta:dup_data_rcvd","measures":{"value":0}}
{"ts":1669476232065986806,"type":"point","name":"exType:baseline/permutationIndex:0/run:19/dialer:center/eavesCount:0/latencyMS:100/seq:10/fileSize:153600/nodeType:Passive/nodeTypeIndex:7/meta:blks_sent","measures":{"value":0}}
{"ts":1669476232065989803,"type":"point","name":"exType:baseline/permutationIndex:0/run:19/dialer:center/eavesCount:0/latencyMS:100/seq:10/fileSize:153600/nodeType:Passive/nodeTypeIndex:7/meta:blks_rcvd","measures":{"value":0}}
{"ts":1669476232065992087,"type":"point","name":"exType:baseline/permutationIndex:0/run:19/dialer:center/eavesCount:0/latencyMS:100/seq:10/fileSize:153600/nodeType:Passive/nodeTypeIndex:7/meta:dup_blks_rcvd","measures":{"value":0}}
{"ts":1669476235879386669,"type":"point","name":"exType:baseline/permutationIndex:0/run:20/dialer:center/eavesCount:0/latencyMS:100/seq:10/fileSize:153600/nodeType:Passive/nodeTypeIndex:7/meta:msgs_rcvd","measures":{"value":128}}
{"ts":1669476235879560824,"type":"point","name":"exType:baseline/permutationIndex:0/run:20/dialer:center/eavesCount:0/latencyMS:100/seq:10/fileSize:153600/nodeType:Passive/nodeTypeIndex:7/meta:data_sent","measures":{"value":0}}
{"ts":1669476235879595371,"type":"point","name":"exType:baseline/permutationIndex:0/run:20/dialer:center/eavesCount:0/latencyMS:100/seq:10/fileSize:153600/nodeType:Passive/nodeTypeIndex:7/meta:data_rcvd","measures":{"value":0}}
{"ts":1669476235879625617,"type":"point","name":"exType:baseline/permutationIndex:0/run:20/dialer:center/eavesCount:0/latencyMS:100/seq:10/fileSize:153600/nodeType:Passive/nodeTypeIndex:7/meta:dup_data_rcvd","measures":{"value":0}}
{"ts":1669476235879645242,"type":"point","name":"exType:baseline/permutationIndex:0/run:20/dialer:center/eavesCount:0/latencyMS:100/seq:10/fileSize:153600/nodeType:Passive/nodeTypeIndex:7/meta:blks_sent","measures":{"value":0}}
{"ts":1669476235879672182,"type":"point","name":"exType:baseline/permutationIndex:0/run:20/dialer:center/eavesCount:0/latencyMS:100/seq:10/fileSize:153600/nodeType:Passive/nodeTypeIndex:7/meta:blks_rcvd","measures":{"value":0}}
{"ts":1669476235879694401,"type":"point","name":"exType:baseline/permutationIndex:0/run:20/dialer:center/eavesCount:0/latencyMS:100/seq:10/fileSize:153600/nodeType:Passive/nodeTypeIndex:7/meta:dup_blks_rcvd","measures":{"value":0}}
{"ts":1669476238763629465,"type":"point","name":"exType:baseline/permutationIndex:0/run:21/dialer:center/eavesCount:0/latencyMS:100/seq:10/fileSize:153600/nodeType:Passive/nodeTypeIndex:7/meta:msgs_rcvd","measures":{"value":34}}
{"ts":1669476238763692057,"type":"point","name":"exType:baseline/permutationIndex:0/run:21/dialer:center/eavesCount:0/latencyMS:100/seq:10/fileSize:153600/nodeType:Passive/nodeTypeIndex:7/meta:data_sent","measures":{"value":0}}
{"ts":1669476238763725879,"type":"point","name":"exType:baseline/permutationIndex:0/run:21/dialer:center/eavesCount:0/latencyMS:100/seq:10/fileSize:153600/nodeType:Passive/nodeTypeIndex:7/meta:data_rcvd","measures":{"value":0}}
{"ts":1669476238763747995,"type":"point","name":"exType:baseline/permutationIndex:0/run:21/dialer:center/eavesCount:0/latencyMS:100/seq:10/fileSize:153600/nodeType:Passive/nodeTypeIndex:7/meta:dup_data_rcvd","measures":{"value":0}}
{"ts":1669476238763941259,"type":"point","name":"exType:baseline/permutationIndex:0/run:21/dialer:center/eavesCount:0/latencyMS:100/seq:10/fileSize:153600/nodeType:Passive/nodeTypeIndex:7/meta:blks_sent","measures":{"value":0}}
{"ts":1669476238763980119,"type":"point","name":"exType:baseline/permutationIndex:0/run:21/dialer:center/eavesCount:0/latencyMS:100/seq:10/fileSize:153600/nodeType:Passive/nodeTypeIndex:7/meta:blks_rcvd","measures":{"value":0}}
{"ts":1669476238764009833,"type":"point","name":"exType:baseline/permutationIndex:0/run:21/dialer:center/eavesCount:0/latencyMS:100/seq:10/fileSize:153600/nodeType:Passive/nodeTypeIndex:7/meta:dup_blks_rcvd","measures":{"value":0}}
{"ts":1669476241670368416,"type":"point","name":"exType:baseline/permutationIndex:0/run:22/dialer:center/eavesCount:0/latencyMS:100/seq:10/fileSize:153600/nodeType:Passive/nodeTypeIndex:7/meta:msgs_rcvd","measures":{"value":14}}
{"ts":1669476241670388118,"type":"point","name":"exType:baseline/permutationIndex:0/run:22/dialer:center/eavesCount:0/latencyMS:100/seq:10/fileSize:153600/nodeType:Passive/nodeTypeIndex:7/meta:data_sent","measures":{"value":0}}
{"ts":1669476241670391916,"type":"point","name":"exType:baseline/permutationIndex:0/run:22/dialer:center/eavesCount:0/latencyMS:100/seq:10/fileSize:153600/nodeType:Passive/nodeTypeIndex:7/meta:data_rcvd","measures":{"value":0}}
{"ts":1669476241670394293,"type":"point","name":"exType:baseline/permutationIndex:0/run:22/dialer:center/eavesCount:0/latencyMS:100/seq:10/fileSize:153600/nodeType:Passive/nodeTypeIndex:7/meta:dup_data_rcvd","measures":{"value":0}}
{"ts":1669476241670397493,"type":"point","name":"exType:baseline/permutationIndex:0/run:22/dialer:center/eavesCount:0/latencyMS:100/seq:10/fileSize:153600/nodeType:Passive/nodeTypeIndex:7/meta:blks_sent","measures":{"value":0}}
{"ts":1669476241670399692,"type":"point","name":"exType:baseline/permutationIndex:0/run:22/dialer:center/eavesCount:0/latencyMS:100/seq:10/fileSize:153600/nodeType:Passive/nodeTypeIndex:7/meta:blks_rcvd","measures":{"value":0}}
{"ts":1669476241670401956,"type":"point","name":"exType:baseline/permutationIndex:0/run:22/dialer:center/eavesCount:0/latencyMS:100/seq:10/fileSize:153600/nodeType:Passive/nodeTypeIndex:7/meta:dup_blks_rcvd","measures":{"value":0}}
{"ts":1669476244381926953,"type":"point","name":"exType:baseline/permutationIndex:0/run:23/dialer:center/eavesCount:0/latencyMS:100/seq:10/fileSize:153600/nodeType:Passive/nodeTypeIndex:7/meta:msgs_rcvd","measures":{"value":21}}
{"ts":1669476244382022610,"type":"point","name":"exType:baseline/permutationIndex:0/run:23/dialer:center/eavesCount:0/latencyMS:100/seq:10/fileSize:153600/nodeType:Passive/nodeTypeIndex:7/meta:data_sent","measures":{"value":0}}
{"ts":1669476244382051139,"type":"point","name":"exType:baseline/permutationIndex:0/run:23/dialer:center/eavesCount:0/latencyMS:100/seq:10/fileSize:153600/nodeType:Passive/nodeTypeIndex:7/meta:data_rcvd","measures":{"value":0}}
{"ts":1669476244382071495,"type":"point","name":"exType:baseline/permutationIndex:0/run:23/dialer:center/eavesCount:0/latencyMS:100/seq:10/fileSize:153600/nodeType:Passive/nodeTypeIndex:7/meta:dup_data_rcvd","measures":{"value":0}}
{"ts":1669476244382092609,"type":"point","name":"exType:baseline/permutationIndex:0/run:23/dialer:center/eavesCount:0/latencyMS:100/seq:10/fileSize:153600/nodeType:Passive/nodeTypeIndex:7/meta:blks_sent","measures":{"value":0}}
{"ts":1669476244382112806,"type":"point","name":"exType:baseline/permutationIndex:0/run:23/dialer:center/eavesCount:0/latencyMS:100/seq:10/fileSize:153600/nodeType:Passive/nodeTypeIndex:7/meta:blks_rcvd","measures":{"value":0}}
{"ts":1669476244382132195,"type":"point","name":"exType:baseline/permutationIndex:0/run:23/dialer:center/eavesCount:0/latencyMS:100/seq:10/fileSize:153600/nodeType:Passive/nodeTypeIndex:7/meta:dup_blks_rcvd","measures":{"value":0}}
{"ts":1669476247292351861,"type":"point","name":"exType:baseline/permutationIndex:0/run:24/dialer:center/eavesCount:0/latencyMS:100/seq:10/fileSize:153600/nodeType:Passive/nodeTypeIndex:7/meta:msgs_rcvd","measures":{"value":31}}
{"ts":1669476247292384227,"type":"point","name":"exType:baseline/permutationIndex:0/run:24/dialer:center/eavesCount:0/latencyMS:100/seq:10/fileSize:153600/nodeType:Passive/nodeTypeIndex:7/meta:data_sent","measures":{"value":0}}
{"ts":1669476247292388389,"type":"point","name":"exType:baseline/permutationIndex:0/run:24/dialer:center/eavesCount:0/latencyMS:100/seq:10/fileSize:153600/nodeType:Passive/nodeTypeIndex:7/meta:data_rcvd","measures":{"value":0}}
{"ts":1669476247292391468,"type":"point","name":"exType:baseline/permutationIndex:0/run:24/dialer:center/eavesCount:0/latencyMS:100/seq:10/fileSize:153600/nodeType:Passive/nodeTypeIndex:7/meta:dup_data_rcvd","measures":{"value":0}}
{"ts":1669476247292393911,"type":"point","name":"exType:baseline/permutationIndex:0/run:24/dialer:center/eavesCount:0/latencyMS:100/seq:10/fileSize:153600/nodeType:Passive/nodeTypeIndex:7/meta:blks_sent","measures":{"value":0}}
{"ts":1669476247292396644,"type":"point","name":"exType:baseline/permutationIndex:0/run:24/dialer:center/eavesCount:0/latencyMS:100/seq:10/fileSize:153600/nodeType:Passive/nodeTypeIndex:7/meta:blks_rcvd","measures":{"value":0}}
{"ts":1669476247292426096,"type":"point","name":"exType:baseline/permutationIndex:0/run:24/dialer:center/eavesCount:0/latencyMS:100/seq:10/fileSize:153600/nodeType:Passive/nodeTypeIndex:7/meta:dup_blks_rcvd","measures":{"value":0}}
{"ts":1669476250166282901,"type":"point","name":"exType:baseline/permutationIndex:0/run:25/dialer:center/eavesCount:0/latencyMS:100/seq:10/fileSize:153600/nodeType:Passive/nodeTypeIndex:7/meta:msgs_rcvd","measures":{"value":7}}
{"ts":1669476250166313447,"type":"point","name":"exType:baseline/permutationIndex:0/run:25/dialer:center/eavesCount:0/latencyMS:100/seq:10/fileSize:153600/nodeType:Passive/nodeTypeIndex:7/meta:data_sent","measures":{"value":0}}
{"ts":1669476250166321574,"type":"point","name":"exType:baseline/permutationIndex:0/run:25/dialer:center/eavesCount:0/latencyMS:100/seq:10/fileSize:153600/nodeType:Passive/nodeTypeIndex:7/meta:data_rcvd","measures":{"value":0}}
{"ts":1669476250166327342,"type":"point","name":"exType:baseline/permutationIndex:0/run:25/dialer:center/eavesCount:0/latencyMS:100/seq:10/fileSize:153600/nodeType:Passive/nodeTypeIndex:7/meta:dup_data_rcvd","measures":{"value":0}}
{"ts":1669476250166332915,"type":"point","name":"exType:baseline/permutationIndex:0/run:25/dialer:center/eavesCount:0/latencyMS:100/seq:10/fileSize:153600/nodeType:Passive/nodeTypeIndex:7/meta:blks_sent","measures":{"value":0}}
{"ts":1669476250166338475,"type":"point","name":"exType:baseline/permutationIndex:0/run:25/dialer:center/eavesCount:0/latencyMS:100/seq:10/fileSize:153600/nodeType:Passive/nodeTypeIndex:7/meta:blks_rcvd","measures":{"value":0}}
{"ts":1669476250166343979,"type":"point","name":"exType:baseline/permutationIndex:0/run:25/dialer:center/eavesCount:0/latencyMS:100/seq:10/fileSize:153600/nodeType:Passive/nodeTypeIndex:7/meta:dup_blks_rcvd","measures":{"value":0}}
{"ts":1669476252885076696,"type":"point","name":"exType:baseline/permutationIndex:0/run:26/dialer:center/eavesCount:0/latencyMS:100/seq:10/fileSize:153600/nodeType:Passive/nodeTypeIndex:7/meta:msgs_rcvd","measures":{"value":7}}
{"ts":1669476252885130617,"type":"point","name":"exType:baseline/permutationIndex:0/run:26/dialer:center/eavesCount:0/latencyMS:100/seq:10/fileSize:153600/nodeType:Passive/nodeTypeIndex:7/meta:data_sent","measures":{"value":0}}
{"ts":1669476252885149342,"type":"point","name":"exType:baseline/permutationIndex:0/run:26/dialer:center/eavesCount:0/latencyMS:100/seq:10/fileSize:153600/nodeType:Passive/nodeTypeIndex:7/meta:data_rcvd","measures":{"value":0}}
{"ts":1669476252885160904,"type":"point","name":"exType:baseline/permutationIndex:0/run:26/dialer:center/eavesCount:0/latencyMS:100/seq:10/fileSize:153600/nodeType:Passive/nodeTypeIndex:7/meta:dup_data_rcvd","measures":{"value":0}}
{"ts":1669476252885187888,"type":"point","name":"exType:baseline/permutationIndex:0/run:26/dialer:center/eavesCount:0/latencyMS:100/seq:10/fileSize:153600/nodeType:Passive/nodeTypeIndex:7/meta:blks_sent","measures":{"value":0}}
{"ts":1669476252885199961,"type":"point","name":"exType:baseline/permutationIndex:0/run:26/dialer:center/eavesCount:0/latencyMS:100/seq:10/fileSize:153600/nodeType:Passive/nodeTypeIndex:7/meta:blks_rcvd","measures":{"value":0}}
{"ts":1669476252885212596,"type":"point","name":"exType:baseline/permutationIndex:0/run:26/dialer:center/eavesCount:0/latencyMS:100/seq:10/fileSize:153600/nodeType:Passive/nodeTypeIndex:7/meta:dup_blks_rcvd","measures":{"value":0}}
{"ts":1669476256096496564,"type":"point","name":"exType:baseline/permutationIndex:0/run:27/dialer:center/eavesCount:0/latencyMS:100/seq:10/fileSize:153600/nodeType:Passive/nodeTypeIndex:7/meta:msgs_rcvd","measures":{"value":9}}
{"ts":1669476256096615479,"type":"point","name":"exType:baseline/permutationIndex:0/run:27/dialer:center/eavesCount:0/latencyMS:100/seq:10/fileSize:153600/nodeType:Passive/nodeTypeIndex:7/meta:data_sent","measures":{"value":0}}
{"ts":1669476256096644809,"type":"point","name":"exType:baseline/permutationIndex:0/run:27/dialer:center/eavesCount:0/latencyMS:100/seq:10/fileSize:153600/nodeType:Passive/nodeTypeIndex:7/meta:data_rcvd","measures":{"value":0}}
{"ts":1669476256096667181,"type":"point","name":"exType:baseline/permutationIndex:0/run:27/dialer:center/eavesCount:0/latencyMS:100/seq:10/fileSize:153600/nodeType:Passive/nodeTypeIndex:7/meta:dup_data_rcvd","measures":{"value":0}}
{"ts":1669476256096687243,"type":"point","name":"exType:baseline/permutationIndex:0/run:27/dialer:center/eavesCount:0/latencyMS:100/seq:10/fileSize:153600/nodeType:Passive/nodeTypeIndex:7/meta:blks_sent","measures":{"value":0}}
{"ts":1669476256096706761,"type":"point","name":"exType:baseline/permutationIndex:0/run:27/dialer:center/eavesCount:0/latencyMS:100/seq:10/fileSize:153600/nodeType:Passive/nodeTypeIndex:7/meta:blks_rcvd","measures":{"value":0}}
{"ts":1669476256096728632,"type":"point","name":"exType:baseline/permutationIndex:0/run:27/dialer:center/eavesCount:0/latencyMS:100/seq:10/fileSize:153600/nodeType:Passive/nodeTypeIndex:7/meta:dup_blks_rcvd","measures":{"value":0}}
{"ts":1669476258988325300,"type":"point","name":"exType:baseline/permutationIndex:0/run:28/dialer:center/eavesCount:0/latencyMS:100/seq:10/fileSize:153600/nodeType:Passive/nodeTypeIndex:7/meta:msgs_rcvd","measures":{"value":17}}
{"ts":1669476258988442769,"type":"point","name":"exType:baseline/permutationIndex:0/run:28/dialer:center/eavesCount:0/latencyMS:100/seq:10/fileSize:153600/nodeType:Passive/nodeTypeIndex:7/meta:data_sent","measures":{"value":0}}
{"ts":1669476258988472614,"type":"point","name":"exType:baseline/permutationIndex:0/run:28/dialer:center/eavesCount:0/latencyMS:100/seq:10/fileSize:153600/nodeType:Passive/nodeTypeIndex:7/meta:data_rcvd","measures":{"value":0}}
{"ts":1669476258988493232,"type":"point","name":"exType:baseline/permutationIndex:0/run:28/dialer:center/eavesCount:0/latencyMS:100/seq:10/fileSize:153600/nodeType:Passive/nodeTypeIndex:7/meta:dup_data_rcvd","measures":{"value":0}}
{"ts":1669476258988515207,"type":"point","name":"exType:baseline/permutationIndex:0/run:28/dialer:center/eavesCount:0/latencyMS:100/seq:10/fileSize:153600/nodeType:Passive/nodeTypeIndex:7/meta:blks_sent","measures":{"value":0}}
{"ts":1669476258988535651,"type":"point","name":"exType:baseline/permutationIndex:0/run:28/dialer:center/eavesCount:0/latencyMS:100/seq:10/fileSize:153600/nodeType:Passive/nodeTypeIndex:7/meta:blks_rcvd","measures":{"value":0}}
{"ts":1669476258988556150,"type":"point","name":"exType:baseline/permutationIndex:0/run:28/dialer:center/eavesCount:0/latencyMS:100/seq:10/fileSize:153600/nodeType:Passive/nodeTypeIndex:7/meta:dup_blks_rcvd","measures":{"value":0}}
{"ts":1669476262440718262,"type":"point","name":"exType:baseline/permutationIndex:0/run:29/dialer:center/eavesCount:0/latencyMS:100/seq:10/fileSize:153600/nodeType:Passive/nodeTypeIndex:7/meta:msgs_rcvd","measures":{"value":45}}
{"ts":1669476262440745755,"type":"point","name":"exType:baseline/permutationIndex:0/run:29/dialer:center/eavesCount:0/latencyMS:100/seq:10/fileSize:153600/nodeType:Passive/nodeTypeIndex:7/meta:data_sent","measures":{"value":0}}
{"ts":1669476262440750178,"type":"point","name":"exType:baseline/permutationIndex:0/run:29/dialer:center/eavesCount:0/latencyMS:100/seq:10/fileSize:153600/nodeType:Passive/nodeTypeIndex:7/meta:data_rcvd","measures":{"value":0}}
{"ts":1669476262440752673,"type":"point","name":"exType:baseline/permutationIndex:0/run:29/dialer:center/eavesCount:0/latencyMS:100/seq:10/fileSize:153600/nodeType:Passive/nodeTypeIndex:7/meta:dup_data_rcvd","measures":{"value":0}}
{"ts":1669476262440754958,"type":"point","name":"exType:baseline/permutationIndex:0/run:29/dialer:center/eavesCount:0/latencyMS:100/seq:10/fileSize:153600/nodeType:Passive/nodeTypeIndex:7/meta:blks_sent","measures":{"value":0}}
{"ts":1669476262440757244,"type":"point","name":"exType:baseline/permutationIndex:0/run:29/dialer:center/eavesCount:0/latencyMS:100/seq:10/fileSize:153600/nodeType:Passive/nodeTypeIndex:7/meta:blks_rcvd","measures":{"value":0}}
{"ts":1669476262440759638,"type":"point","name":"exType:baseline/permutationIndex:0/run:29/dialer:center/eavesCount:0/latencyMS:100/seq:10/fileSize:153600/nodeType:Passive/nodeTypeIndex:7/meta:dup_blks_rcvd","measures":{"value":0}}
{"ts":1669476265313757934,"type":"point","name":"exType:baseline/permutationIndex:0/run:30/dialer:center/eavesCount:0/latencyMS:100/seq:10/fileSize:153600/nodeType:Passive/nodeTypeIndex:7/meta:msgs_rcvd","measures":{"value":12}}
{"ts":1669476265313878971,"type":"point","name":"exType:baseline/permutationIndex:0/run:30/dialer:center/eavesCount:0/latencyMS:100/seq:10/fileSize:153600/nodeType:Passive/nodeTypeIndex:7/meta:data_sent","measures":{"value":0}}
{"ts":1669476265313911237,"type":"point","name":"exType:baseline/permutationIndex:0/run:30/dialer:center/eavesCount:0/latencyMS:100/seq:10/fileSize:153600/nodeType:Passive/nodeTypeIndex:7/meta:data_rcvd","measures":{"value":0}}
{"ts":1669476265313932494,"type":"point","name":"exType:baseline/permutationIndex:0/run:30/dialer:center/eavesCount:0/latencyMS:100/seq:10/fileSize:153600/nodeType:Passive/nodeTypeIndex:7/meta:dup_data_rcvd","measures":{"value":0}}
{"ts":1669476265313954370,"type":"point","name":"exType:baseline/permutationIndex:0/run:30/dialer:center/eavesCount:0/latencyMS:100/seq:10/fileSize:153600/nodeType:Passive/nodeTypeIndex:7/meta:blks_sent","measures":{"value":0}}
{"ts":1669476265313974806,"type":"point","name":"exType:baseline/permutationIndex:0/run:30/dialer:center/eavesCount:0/latencyMS:100/seq:10/fileSize:153600/nodeType:Passive/nodeTypeIndex:7/meta:blks_rcvd","measures":{"value":0}}
{"ts":1669476265313995315,"type":"point","name":"exType:baseline/permutationIndex:0/run:30/dialer:center/eavesCount:0/latencyMS:100/seq:10/fileSize:153600/nodeType:Passive/nodeTypeIndex:7/meta:dup_blks_rcvd","measures":{"value":0}}
{"ts":1669476267919800585,"type":"point","name":"exType:baseline/permutationIndex:0/run:31/dialer:center/eavesCount:0/latencyMS:100/seq:10/fileSize:153600/nodeType:Passive/nodeTypeIndex:7/meta:msgs_rcvd","measures":{"value":7}}
{"ts":1669476267919823824,"type":"point","name":"exType:baseline/permutationIndex:0/run:31/dialer:center/eavesCount:0/latencyMS:100/seq:10/fileSize:153600/nodeType:Passive/nodeTypeIndex:7/meta:data_sent","measures":{"value":0}}
{"ts":1669476267919829261,"type":"point","name":"exType:baseline/permutationIndex:0/run:31/dialer:center/eavesCount:0/latencyMS:100/seq:10/fileSize:153600/nodeType:Passive/nodeTypeIndex:7/meta:data_rcvd","measures":{"value":0}}
{"ts":1669476267919833403,"type":"point","name":"exType:baseline/permutationIndex:0/run:31/dialer:center/eavesCount:0/latencyMS:100/seq:10/fileSize:153600/nodeType:Passive/nodeTypeIndex:7/meta:dup_data_rcvd","measures":{"value":0}}
{"ts":1669476267919836540,"type":"point","name":"exType:baseline/permutationIndex:0/run:31/dialer:center/eavesCount:0/latencyMS:100/seq:10/fileSize:153600/nodeType:Passive/nodeTypeIndex:7/meta:blks_sent","measures":{"value":0}}
{"ts":1669476267919854454,"type":"point","name":"exType:baseline/permutationIndex:0/run:31/dialer:center/eavesCount:0/latencyMS:100/seq:10/fileSize:153600/nodeType:Passive/nodeTypeIndex:7/meta:blks_rcvd","measures":{"value":0}}
{"ts":1669476267919858815,"type":"point","name":"exType:baseline/permutationIndex:0/run:31/dialer:center/eavesCount:0/latencyMS:100/seq:10/fileSize:153600/nodeType:Passive/nodeTypeIndex:7/meta:dup_blks_rcvd","measures":{"value":0}}
{"ts":1669476270635945229,"type":"point","name":"exType:baseline/permutationIndex:0/run:32/dialer:center/eavesCount:0/latencyMS:100/seq:10/fileSize:153600/nodeType:Passive/nodeTypeIndex:7/meta:msgs_rcvd","measures":{"value":12}}
{"ts":1669476270636056026,"type":"point","name":"exType:baseline/permutationIndex:0/run:32/dialer:center/eavesCount:0/latencyMS:100/seq:10/fileSize:153600/nodeType:Passive/nodeTypeIndex:7/meta:data_sent","measures":{"value":0}}
{"ts":1669476270636087365,"type":"point","name":"exType:baseline/permutationIndex:0/run:32/dialer:center/eavesCount:0/latencyMS:100/seq:10/fileSize:153600/nodeType:Passive/nodeTypeIndex:7/meta:data_rcvd","measures":{"value":0}}
{"ts":1669476270636112000,"type":"point","name":"exType:baseline/permutationIndex:0/run:32/dialer:center/eavesCount:0/latencyMS:100/seq:10/fileSize:153600/nodeType:Passive/nodeTypeIndex:7/meta:dup_data_rcvd","measures":{"value":0}}
{"ts":1669476270636130735,"type":"point","name":"exType:baseline/permutationIndex:0/run:32/dialer:center/eavesCount:0/latencyMS:100/seq:10/fileSize:153600/nodeType:Passive/nodeTypeIndex:7/meta:blks_sent","measures":{"value":0}}
{"ts":1669476270636149020,"type":"point","name":"exType:baseline/permutationIndex:0/run:32/dialer:center/eavesCount:0/latencyMS:100/seq:10/fileSize:153600/nodeType:Passive/nodeTypeIndex:7/meta:blks_rcvd","measures":{"value":0}}
{"ts":1669476270636166464,"type":"point","name":"exType:baseline/permutationIndex:0/run:32/dialer:center/eavesCount:0/latencyMS:100/seq:10/fileSize:153600/nodeType:Passive/nodeTypeIndex:7/meta:dup_blks_rcvd","measures":{"value":0}}
{"ts":1669476273531610399,"type":"point","name":"exType:baseline/permutationIndex:0/run:33/dialer:center/eavesCount:0/latencyMS:100/seq:10/fileSize:153600/nodeType:Passive/nodeTypeIndex:7/meta:msgs_rcvd","measures":{"value":18}}
{"ts":1669476273531629246,"type":"point","name":"exType:baseline/permutationIndex:0/run:33/dialer:center/eavesCount:0/latencyMS:100/seq:10/fileSize:153600/nodeType:Passive/nodeTypeIndex:7/meta:data_sent","measures":{"value":0}}
{"ts":1669476273531632654,"type":"point","name":"exType:baseline/permutationIndex:0/run:33/dialer:center/eavesCount:0/latencyMS:100/seq:10/fileSize:153600/nodeType:Passive/nodeTypeIndex:7/meta:data_rcvd","measures":{"value":0}}
{"ts":1669476273531635090,"type":"point","name":"exType:baseline/permutationIndex:0/run:33/dialer:center/eavesCount:0/latencyMS:100/seq:10/fileSize:153600/nodeType:Passive/nodeTypeIndex:7/meta:dup_data_rcvd","measures":{"value":0}}
{"ts":1669476273531637530,"type":"point","name":"exType:baseline/permutationIndex:0/run:33/dialer:center/eavesCount:0/latencyMS:100/seq:10/fileSize:153600/nodeType:Passive/nodeTypeIndex:7/meta:blks_sent","measures":{"value":0}}
{"ts":1669476273531639981,"type":"point","name":"exType:baseline/permutationIndex:0/run:33/dialer:center/eavesCount:0/latencyMS:100/seq:10/fileSize:153600/nodeType:Passive/nodeTypeIndex:7/meta:blks_rcvd","measures":{"value":0}}
{"ts":1669476273531642461,"type":"point","name":"exType:baseline/permutationIndex:0/run:33/dialer:center/eavesCount:0/latencyMS:100/seq:10/fileSize:153600/nodeType:Passive/nodeTypeIndex:7/meta:dup_blks_rcvd","measures":{"value":0}}
{"ts":1669476276424117047,"type":"point","name":"exType:baseline/permutationIndex:0/run:34/dialer:center/eavesCount:0/latencyMS:100/seq:10/fileSize:153600/nodeType:Passive/nodeTypeIndex:7/meta:msgs_rcvd","measures":{"value":11}}
{"ts":1669476276424137873,"type":"point","name":"exType:baseline/permutationIndex:0/run:34/dialer:center/eavesCount:0/latencyMS:100/seq:10/fileSize:153600/nodeType:Passive/nodeTypeIndex:7/meta:data_sent","measures":{"value":0}}
{"ts":1669476276424148242,"type":"point","name":"exType:baseline/permutationIndex:0/run:34/dialer:center/eavesCount:0/latencyMS:100/seq:10/fileSize:153600/nodeType:Passive/nodeTypeIndex:7/meta:data_rcvd","measures":{"value":0}}
{"ts":1669476276424150918,"type":"point","name":"exType:baseline/permutationIndex:0/run:34/dialer:center/eavesCount:0/latencyMS:100/seq:10/fileSize:153600/nodeType:Passive/nodeTypeIndex:7/meta:dup_data_rcvd","measures":{"value":0}}
{"ts":1669476276424153453,"type":"point","name":"exType:baseline/permutationIndex:0/run:34/dialer:center/eavesCount:0/latencyMS:100/seq:10/fileSize:153600/nodeType:Passive/nodeTypeIndex:7/meta:blks_sent","measures":{"value":0}}
{"ts":1669476276424155863,"type":"point","name":"exType:baseline/permutationIndex:0/run:34/dialer:center/eavesCount:0/latencyMS:100/seq:10/fileSize:153600/nodeType:Passive/nodeTypeIndex:7/meta:blks_rcvd","measures":{"value":0}}
{"ts":1669476276424158459,"type":"point","name":"exType:baseline/permutationIndex:0/run:34/dialer:center/eavesCount:0/latencyMS:100/seq:10/fileSize:153600/nodeType:Passive/nodeTypeIndex:7/meta:dup_blks_rcvd","measures":{"value":0}}
{"ts":1669476279292771297,"type":"point","name":"exType:baseline/permutationIndex:0/run:35/dialer:center/eavesCount:0/latencyMS:100/seq:10/fileSize:153600/nodeType:Passive/nodeTypeIndex:7/meta:msgs_rcvd","measures":{"value":5}}
{"ts":1669476279292891126,"type":"point","name":"exType:baseline/permutationIndex:0/run:35/dialer:center/eavesCount:0/latencyMS:100/seq:10/fileSize:153600/nodeType:Passive/nodeTypeIndex:7/meta:data_sent","measures":{"value":0}}
{"ts":1669476279292926534,"type":"point","name":"exType:baseline/permutationIndex:0/run:35/dialer:center/eavesCount:0/latencyMS:100/seq:10/fileSize:153600/nodeType:Passive/nodeTypeIndex:7/meta:data_rcvd","measures":{"value":0}}
{"ts":1669476279292950086,"type":"point","name":"exType:baseline/permutationIndex:0/run:35/dialer:center/eavesCount:0/latencyMS:100/seq:10/fileSize:153600/nodeType:Passive/nodeTypeIndex:7/meta:dup_data_rcvd","measures":{"value":0}}
{"ts":1669476279292970112,"type":"point","name":"exType:baseline/permutationIndex:0/run:35/dialer:center/eavesCount:0/latencyMS:100/seq:10/fileSize:153600/nodeType:Passive/nodeTypeIndex:7/meta:blks_sent","measures":{"value":0}}
{"ts":1669476279292990187,"type":"point","name":"exType:baseline/permutationIndex:0/run:35/dialer:center/eavesCount:0/latencyMS:100/seq:10/fileSize:153600/nodeType:Passive/nodeTypeIndex:7/meta:blks_rcvd","measures":{"value":0}}
{"ts":1669476279293008978,"type":"point","name":"exType:baseline/permutationIndex:0/run:35/dialer:center/eavesCount:0/latencyMS:100/seq:10/fileSize:153600/nodeType:Passive/nodeTypeIndex:7/meta:dup_blks_rcvd","measures":{"value":0}}
{"ts":1669476281962966332,"type":"point","name":"exType:baseline/permutationIndex:0/run:36/dialer:center/eavesCount:0/latencyMS:100/seq:10/fileSize:153600/nodeType:Passive/nodeTypeIndex:7/meta:msgs_rcvd","measures":{"value":30}}
{"ts":1669476281963016769,"type":"point","name":"exType:baseline/permutationIndex:0/run:36/dialer:center/eavesCount:0/latencyMS:100/seq:10/fileSize:153600/nodeType:Passive/nodeTypeIndex:7/meta:data_sent","measures":{"value":0}}
{"ts":1669476281963030909,"type":"point","name":"exType:baseline/permutationIndex:0/run:36/dialer:center/eavesCount:0/latencyMS:100/seq:10/fileSize:153600/nodeType:Passive/nodeTypeIndex:7/meta:data_rcvd","measures":{"value":0}}
{"ts":1669476281963041350,"type":"point","name":"exType:baseline/permutationIndex:0/run:36/dialer:center/eavesCount:0/latencyMS:100/seq:10/fileSize:153600/nodeType:Passive/nodeTypeIndex:7/meta:dup_data_rcvd","measures":{"value":0}}
{"ts":1669476281963051248,"type":"point","name":"exType:baseline/permutationIndex:0/run:36/dialer:center/eavesCount:0/latencyMS:100/seq:10/fileSize:153600/nodeType:Passive/nodeTypeIndex:7/meta:blks_sent","measures":{"value":0}}
{"ts":1669476281963060678,"type":"point","name":"exType:baseline/permutationIndex:0/run:36/dialer:center/eavesCount:0/latencyMS:100/seq:10/fileSize:153600/nodeType:Passive/nodeTypeIndex:7/meta:blks_rcvd","measures":{"value":0}}
{"ts":1669476281963087339,"type":"point","name":"exType:baseline/permutationIndex:0/run:36/dialer:center/eavesCount:0/latencyMS:100/seq:10/fileSize:153600/nodeType:Passive/nodeTypeIndex:7/meta:dup_blks_rcvd","measures":{"value":0}}
{"ts":1669476285052359575,"type":"point","name":"exType:baseline/permutationIndex:0/run:37/dialer:center/eavesCount:0/latencyMS:100/seq:10/fileSize:153600/nodeType:Passive/nodeTypeIndex:7/meta:msgs_rcvd","measures":{"value":23}}
{"ts":1669476285052492001,"type":"point","name":"exType:baseline/permutationIndex:0/run:37/dialer:center/eavesCount:0/latencyMS:100/seq:10/fileSize:153600/nodeType:Passive/nodeTypeIndex:7/meta:data_sent","measures":{"value":0}}
{"ts":1669476285052521515,"type":"point","name":"exType:baseline/permutationIndex:0/run:37/dialer:center/eavesCount:0/latencyMS:100/seq:10/fileSize:153600/nodeType:Passive/nodeTypeIndex:7/meta:data_rcvd","measures":{"value":0}}
{"ts":1669476285052540788,"type":"point","name":"exType:baseline/permutationIndex:0/run:37/dialer:center/eavesCount:0/latencyMS:100/seq:10/fileSize:153600/nodeType:Passive/nodeTypeIndex:7/meta:dup_data_rcvd","measures":{"value":0}}
{"ts":1669476285052559576,"type":"point","name":"exType:baseline/permutationIndex:0/run:37/dialer:center/eavesCount:0/latencyMS:100/seq:10/fileSize:153600/nodeType:Passive/nodeTypeIndex:7/meta:blks_sent","measures":{"value":0}}
{"ts":1669476285052577651,"type":"point","name":"exType:baseline/permutationIndex:0/run:37/dialer:center/eavesCount:0/latencyMS:100/seq:10/fileSize:153600/nodeType:Passive/nodeTypeIndex:7/meta:blks_rcvd","measures":{"value":0}}
{"ts":1669476285052596187,"type":"point","name":"exType:baseline/permutationIndex:0/run:37/dialer:center/eavesCount:0/latencyMS:100/seq:10/fileSize:153600/nodeType:Passive/nodeTypeIndex:7/meta:dup_blks_rcvd","measures":{"value":0}}
{"ts":1669476287789511277,"type":"point","name":"exType:baseline/permutationIndex:0/run:38/dialer:center/eavesCount:0/latencyMS:100/seq:10/fileSize:153600/nodeType:Passive/nodeTypeIndex:7/meta:msgs_rcvd","measures":{"value":14}}
{"ts":1669476287789531916,"type":"point","name":"exType:baseline/permutationIndex:0/run:38/dialer:center/eavesCount:0/latencyMS:100/seq:10/fileSize:153600/nodeType:Passive/nodeTypeIndex:7/meta:data_sent","measures":{"value":0}}
{"ts":1669476287789538703,"type":"point","name":"exType:baseline/permutationIndex:0/run:38/dialer:center/eavesCount:0/latencyMS:100/seq:10/fileSize:153600/nodeType:Passive/nodeTypeIndex:7/meta:data_rcvd","measures":{"value":0}}
{"ts":1669476287789542634,"type":"point","name":"exType:baseline/permutationIndex:0/run:38/dialer:center/eavesCount:0/latencyMS:100/seq:10/fileSize:153600/nodeType:Passive/nodeTypeIndex:7/meta:dup_data_rcvd","measures":{"value":0}}
{"ts":1669476287789545109,"type":"point","name":"exType:baseline/permutationIndex:0/run:38/dialer:center/eavesCount:0/latencyMS:100/seq:10/fileSize:153600/nodeType:Passive/nodeTypeIndex:7/meta:blks_sent","measures":{"value":0}}
{"ts":1669476287789547160,"type":"point","name":"exType:baseline/permutationIndex:0/run:38/dialer:center/eavesCount:0/latencyMS:100/seq:10/fileSize:153600/nodeType:Passive/nodeTypeIndex:7/meta:blks_rcvd","measures":{"value":0}}
{"ts":1669476287789549494,"type":"point","name":"exType:baseline/permutationIndex:0/run:38/dialer:center/eavesCount:0/latencyMS:100/seq:10/fileSize:153600/nodeType:Passive/nodeTypeIndex:7/meta:dup_blks_rcvd","measures":{"value":0}}
{"ts":1669476290699142786,"type":"point","name":"exType:baseline/permutationIndex:0/run:39/dialer:center/eavesCount:0/latencyMS:100/seq:10/fileSize:153600/nodeType:Passive/nodeTypeIndex:7/meta:msgs_rcvd","measures":{"value":12}}
{"ts":1669476290699179894,"type":"point","name":"exType:baseline/permutationIndex:0/run:39/dialer:center/eavesCount:0/latencyMS:100/seq:10/fileSize:153600/nodeType:Passive/nodeTypeIndex:7/meta:data_sent","measures":{"value":0}}
{"ts":1669476290699190280,"type":"point","name":"exType:baseline/permutationIndex:0/run:39/dialer:center/eavesCount:0/latencyMS:100/seq:10/fileSize:153600/nodeType:Passive/nodeTypeIndex:7/meta:data_rcvd","measures":{"value":0}}
{"ts":1669476290699208779,"type":"point","name":"exType:baseline/permutationIndex:0/run:39/dialer:center/eavesCount:0/latencyMS:100/seq:10/fileSize:153600/nodeType:Passive/nodeTypeIndex:7/meta:dup_data_rcvd","measures":{"value":0}}
{"ts":1669476290699213939,"type":"point","name":"exType:baseline/permutationIndex:0/run:39/dialer:center/eavesCount:0/latencyMS:100/seq:10/fileSize:153600/nodeType:Passive/nodeTypeIndex:7/meta:blks_sent","measures":{"value":0}}
{"ts":1669476290699218873,"type":"point","name":"exType:baseline/permutationIndex:0/run:39/dialer:center/eavesCount:0/latencyMS:100/seq:10/fileSize:153600/nodeType:Passive/nodeTypeIndex:7/meta:blks_rcvd","measures":{"value":0}}
{"ts":1669476290699226269,"type":"point","name":"exType:baseline/permutationIndex:0/run:39/dialer:center/eavesCount:0/latencyMS:100/seq:10/fileSize:153600/nodeType:Passive/nodeTypeIndex:7/meta:dup_blks_rcvd","measures":{"value":0}}
{"ts":1669476293796095763,"type":"point","name":"exType:baseline/permutationIndex:0/run:40/dialer:center/eavesCount:0/latencyMS:100/seq:10/fileSize:153600/nodeType:Passive/nodeTypeIndex:7/meta:msgs_rcvd","measures":{"value":60}}
{"ts":1669476293796111997,"type":"point","name":"exType:baseline/permutationIndex:0/run:40/dialer:center/eavesCount:0/latencyMS:100/seq:10/fileSize:153600/nodeType:Passive/nodeTypeIndex:7/meta:data_sent","measures":{"value":0}}
{"ts":1669476293796115437,"type":"point","name":"exType:baseline/permutationIndex:0/run:40/dialer:center/eavesCount:0/latencyMS:100/seq:10/fileSize:153600/nodeType:Passive/nodeTypeIndex:7/meta:data_rcvd","measures":{"value":0}}
{"ts":1669476293796117771,"type":"point","name":"exType:baseline/permutationIndex:0/run:40/dialer:center/eavesCount:0/latencyMS:100/seq:10/fileSize:153600/nodeType:Passive/nodeTypeIndex:7/meta:dup_data_rcvd","measures":{"value":0}}
{"ts":1669476293796120080,"type":"point","name":"exType:baseline/permutationIndex:0/run:40/dialer:center/eavesCount:0/latencyMS:100/seq:10/fileSize:153600/nodeType:Passive/nodeTypeIndex:7/meta:blks_sent","measures":{"value":0}}
{"ts":1669476293796122596,"type":"point","name":"exType:baseline/permutationIndex:0/run:40/dialer:center/eavesCount:0/latencyMS:100/seq:10/fileSize:153600/nodeType:Passive/nodeTypeIndex:7/meta:blks_rcvd","measures":{"value":0}}
{"ts":1669476293796124996,"type":"point","name":"exType:baseline/permutationIndex:0/run:40/dialer:center/eavesCount:0/latencyMS:100/seq:10/fileSize:153600/nodeType:Passive/nodeTypeIndex:7/meta:dup_blks_rcvd","measures":{"value":0}}
{"ts":1669476296427053639,"type":"point","name":"exType:baseline/permutationIndex:0/run:41/dialer:center/eavesCount:0/latencyMS:100/seq:10/fileSize:153600/nodeType:Passive/nodeTypeIndex:7/meta:msgs_rcvd","measures":{"value":18}}
{"ts":1669476296427089004,"type":"point","name":"exType:baseline/permutationIndex:0/run:41/dialer:center/eavesCount:0/latencyMS:100/seq:10/fileSize:153600/nodeType:Passive/nodeTypeIndex:7/meta:data_sent","measures":{"value":0}}
{"ts":1669476296427095930,"type":"point","name":"exType:baseline/permutationIndex:0/run:41/dialer:center/eavesCount:0/latencyMS:100/seq:10/fileSize:153600/nodeType:Passive/nodeTypeIndex:7/meta:data_rcvd","measures":{"value":0}}
{"ts":1669476296427101163,"type":"point","name":"exType:baseline/permutationIndex:0/run:41/dialer:center/eavesCount:0/latencyMS:100/seq:10/fileSize:153600/nodeType:Passive/nodeTypeIndex:7/meta:dup_data_rcvd","measures":{"value":0}}
{"ts":1669476296427106194,"type":"point","name":"exType:baseline/permutationIndex:0/run:41/dialer:center/eavesCount:0/latencyMS:100/seq:10/fileSize:153600/nodeType:Passive/nodeTypeIndex:7/meta:blks_sent","measures":{"value":0}}
{"ts":1669476296427110909,"type":"point","name":"exType:baseline/permutationIndex:0/run:41/dialer:center/eavesCount:0/latencyMS:100/seq:10/fileSize:153600/nodeType:Passive/nodeTypeIndex:7/meta:blks_rcvd","measures":{"value":0}}
{"ts":1669476296427115882,"type":"point","name":"exType:baseline/permutationIndex:0/run:41/dialer:center/eavesCount:0/latencyMS:100/seq:10/fileSize:153600/nodeType:Passive/nodeTypeIndex:7/meta:dup_blks_rcvd","measures":{"value":0}}
{"ts":1669476299110881601,"type":"point","name":"exType:baseline/permutationIndex:0/run:42/dialer:center/eavesCount:0/latencyMS:100/seq:10/fileSize:153600/nodeType:Passive/nodeTypeIndex:7/meta:msgs_rcvd","measures":{"value":41}}
{"ts":1669476299110986763,"type":"point","name":"exType:baseline/permutationIndex:0/run:42/dialer:center/eavesCount:0/latencyMS:100/seq:10/fileSize:153600/nodeType:Passive/nodeTypeIndex:7/meta:data_sent","measures":{"value":0}}
{"ts":1669476299111016764,"type":"point","name":"exType:baseline/permutationIndex:0/run:42/dialer:center/eavesCount:0/latencyMS:100/seq:10/fileSize:153600/nodeType:Passive/nodeTypeIndex:7/meta:data_rcvd","measures":{"value":0}}
{"ts":1669476299111038698,"type":"point","name":"exType:baseline/permutationIndex:0/run:42/dialer:center/eavesCount:0/latencyMS:100/seq:10/fileSize:153600/nodeType:Passive/nodeTypeIndex:7/meta:dup_data_rcvd","measures":{"value":0}}
{"ts":1669476299111059197,"type":"point","name":"exType:baseline/permutationIndex:0/run:42/dialer:center/eavesCount:0/latencyMS:100/seq:10/fileSize:153600/nodeType:Passive/nodeTypeIndex:7/meta:blks_sent","measures":{"value":0}}
{"ts":1669476299111080458,"type":"point","name":"exType:baseline/permutationIndex:0/run:42/dialer:center/eavesCount:0/latencyMS:100/seq:10/fileSize:153600/nodeType:Passive/nodeTypeIndex:7/meta:blks_rcvd","measures":{"value":0}}
{"ts":1669476299111101114,"type":"point","name":"exType:baseline/permutationIndex:0/run:42/dialer:center/eavesCount:0/latencyMS:100/seq:10/fileSize:153600/nodeType:Passive/nodeTypeIndex:7/meta:dup_blks_rcvd","measures":{"value":0}}
{"ts":1669476302343346522,"type":"point","name":"exType:baseline/permutationIndex:0/run:43/dialer:center/eavesCount:0/latencyMS:100/seq:10/fileSize:153600/nodeType:Passive/nodeTypeIndex:7/meta:msgs_rcvd","measures":{"value":31}}
{"ts":1669476302343403138,"type":"point","name":"exType:baseline/permutationIndex:0/run:43/dialer:center/eavesCount:0/latencyMS:100/seq:10/fileSize:153600/nodeType:Passive/nodeTypeIndex:7/meta:data_sent","measures":{"value":0}}
{"ts":1669476302343419852,"type":"point","name":"exType:baseline/permutationIndex:0/run:43/dialer:center/eavesCount:0/latencyMS:100/seq:10/fileSize:153600/nodeType:Passive/nodeTypeIndex:7/meta:data_rcvd","measures":{"value":0}}
{"ts":1669476302343431737,"type":"point","name":"exType:baseline/permutationIndex:0/run:43/dialer:center/eavesCount:0/latencyMS:100/seq:10/fileSize:153600/nodeType:Passive/nodeTypeIndex:7/meta:dup_data_rcvd","measures":{"value":0}}
{"ts":1669476302343448583,"type":"point","name":"exType:baseline/permutationIndex:0/run:43/dialer:center/eavesCount:0/latencyMS:100/seq:10/fileSize:153600/nodeType:Passive/nodeTypeIndex:7/meta:blks_sent","measures":{"value":0}}
{"ts":1669476302343465096,"type":"point","name":"exType:baseline/permutationIndex:0/run:43/dialer:center/eavesCount:0/latencyMS:100/seq:10/fileSize:153600/nodeType:Passive/nodeTypeIndex:7/meta:blks_rcvd","measures":{"value":0}}
{"ts":1669476302343482031,"type":"point","name":"exType:baseline/permutationIndex:0/run:43/dialer:center/eavesCount:0/latencyMS:100/seq:10/fileSize:153600/nodeType:Passive/nodeTypeIndex:7/meta:dup_blks_rcvd","measures":{"value":0}}
{"ts":1669476305750204808,"type":"point","name":"exType:baseline/permutationIndex:0/run:44/dialer:center/eavesCount:0/latencyMS:100/seq:10/fileSize:153600/nodeType:Passive/nodeTypeIndex:7/meta:msgs_rcvd","measures":{"value":59}}
{"ts":1669476305750250984,"type":"point","name":"exType:baseline/permutationIndex:0/run:44/dialer:center/eavesCount:0/latencyMS:100/seq:10/fileSize:153600/nodeType:Passive/nodeTypeIndex:7/meta:data_sent","measures":{"value":0}}
{"ts":1669476305750259769,"type":"point","name":"exType:baseline/permutationIndex:0/run:44/dialer:center/eavesCount:0/latencyMS:100/seq:10/fileSize:153600/nodeType:Passive/nodeTypeIndex:7/meta:data_rcvd","measures":{"value":0}}
{"ts":1669476305750281498,"type":"point","name":"exType:baseline/permutationIndex:0/run:44/dialer:center/eavesCount:0/latencyMS:100/seq:10/fileSize:153600/nodeType:Passive/nodeTypeIndex:7/meta:dup_data_rcvd","measures":{"value":0}}
{"ts":1669476305750288045,"type":"point","name":"exType:baseline/permutationIndex:0/run:44/dialer:center/eavesCount:0/latencyMS:100/seq:10/fileSize:153600/nodeType:Passive/nodeTypeIndex:7/meta:blks_sent","measures":{"value":0}}
{"ts":1669476305750294064,"type":"point","name":"exType:baseline/permutationIndex:0/run:44/dialer:center/eavesCount:0/latencyMS:100/seq:10/fileSize:153600/nodeType:Passive/nodeTypeIndex:7/meta:blks_rcvd","measures":{"value":0}}
{"ts":1669476305750300367,"type":"point","name":"exType:baseline/permutationIndex:0/run:44/dialer:center/eavesCount:0/latencyMS:100/seq:10/fileSize:153600/nodeType:Passive/nodeTypeIndex:7/meta:dup_blks_rcvd","measures":{"value":0}}
{"ts":1669476308355063315,"type":"point","name":"exType:baseline/permutationIndex:0/run:45/dialer:center/eavesCount:0/latencyMS:100/seq:10/fileSize:153600/nodeType:Passive/nodeTypeIndex:7/meta:msgs_rcvd","measures":{"value":8}}
{"ts":1669476308355089450,"type":"point","name":"exType:baseline/permutationIndex:0/run:45/dialer:center/eavesCount:0/latencyMS:100/seq:10/fileSize:153600/nodeType:Passive/nodeTypeIndex:7/meta:data_sent","measures":{"value":0}}
{"ts":1669476308355097770,"type":"point","name":"exType:baseline/permutationIndex:0/run:45/dialer:center/eavesCount:0/latencyMS:100/seq:10/fileSize:153600/nodeType:Passive/nodeTypeIndex:7/meta:data_rcvd","measures":{"value":0}}
{"ts":1669476308355103829,"type":"point","name":"exType:baseline/permutationIndex:0/run:45/dialer:center/eavesCount:0/latencyMS:100/seq:10/fileSize:153600/nodeType:Passive/nodeTypeIndex:7/meta:dup_data_rcvd","measures":{"value":0}}
{"ts":1669476308355108941,"type":"point","name":"exType:baseline/permutationIndex:0/run:45/dialer:center/eavesCount:0/latencyMS:100/seq:10/fileSize:153600/nodeType:Passive/nodeTypeIndex:7/meta:blks_sent","measures":{"value":0}}
{"ts":1669476308355114577,"type":"point","name":"exType:baseline/permutationIndex:0/run:45/dialer:center/eavesCount:0/latencyMS:100/seq:10/fileSize:153600/nodeType:Passive/nodeTypeIndex:7/meta:blks_rcvd","measures":{"value":0}}
{"ts":1669476308355120163,"type":"point","name":"exType:baseline/permutationIndex:0/run:45/dialer:center/eavesCount:0/latencyMS:100/seq:10/fileSize:153600/nodeType:Passive/nodeTypeIndex:7/meta:dup_blks_rcvd","measures":{"value":0}}
{"ts":1669476311075831608,"type":"point","name":"exType:baseline/permutationIndex:0/run:46/dialer:center/eavesCount:0/latencyMS:100/seq:10/fileSize:153600/nodeType:Passive/nodeTypeIndex:7/meta:msgs_rcvd","measures":{"value":7}}
{"ts":1669476311075950035,"type":"point","name":"exType:baseline/permutationIndex:0/run:46/dialer:center/eavesCount:0/latencyMS:100/seq:10/fileSize:153600/nodeType:Passive/nodeTypeIndex:7/meta:data_sent","measures":{"value":0}}
{"ts":1669476311075978943,"type":"point","name":"exType:baseline/permutationIndex:0/run:46/dialer:center/eavesCount:0/latencyMS:100/seq:10/fileSize:153600/nodeType:Passive/nodeTypeIndex:7/meta:data_rcvd","measures":{"value":0}}
{"ts":1669476311075999436,"type":"point","name":"exType:baseline/permutationIndex:0/run:46/dialer:center/eavesCount:0/latencyMS:100/seq:10/fileSize:153600/nodeType:Passive/nodeTypeIndex:7/meta:dup_data_rcvd","measures":{"value":0}}
{"ts":1669476311076018597,"type":"point","name":"exType:baseline/permutationIndex:0/run:46/dialer:center/eavesCount:0/latencyMS:100/seq:10/fileSize:153600/nodeType:Passive/nodeTypeIndex:7/meta:blks_sent","measures":{"value":0}}
{"ts":1669476311076038619,"type":"point","name":"exType:baseline/permutationIndex:0/run:46/dialer:center/eavesCount:0/latencyMS:100/seq:10/fileSize:153600/nodeType:Passive/nodeTypeIndex:7/meta:blks_rcvd","measures":{"value":0}}
{"ts":1669476311076057901,"type":"point","name":"exType:baseline/permutationIndex:0/run:46/dialer:center/eavesCount:0/latencyMS:100/seq:10/fileSize:153600/nodeType:Passive/nodeTypeIndex:7/meta:dup_blks_rcvd","measures":{"value":0}}
{"ts":1669476313962147922,"type":"point","name":"exType:baseline/permutationIndex:0/run:47/dialer:center/eavesCount:0/latencyMS:100/seq:10/fileSize:153600/nodeType:Passive/nodeTypeIndex:7/meta:msgs_rcvd","measures":{"value":26}}
{"ts":1669476313962236983,"type":"point","name":"exType:baseline/permutationIndex:0/run:47/dialer:center/eavesCount:0/latencyMS:100/seq:10/fileSize:153600/nodeType:Passive/nodeTypeIndex:7/meta:data_sent","measures":{"value":0}}
{"ts":1669476313962264119,"type":"point","name":"exType:baseline/permutationIndex:0/run:47/dialer:center/eavesCount:0/latencyMS:100/seq:10/fileSize:153600/nodeType:Passive/nodeTypeIndex:7/meta:data_rcvd","measures":{"value":0}}
{"ts":1669476313962285179,"type":"point","name":"exType:baseline/permutationIndex:0/run:47/dialer:center/eavesCount:0/latencyMS:100/seq:10/fileSize:153600/nodeType:Passive/nodeTypeIndex:7/meta:dup_data_rcvd","measures":{"value":0}}
{"ts":1669476313962306817,"type":"point","name":"exType:baseline/permutationIndex:0/run:47/dialer:center/eavesCount:0/latencyMS:100/seq:10/fileSize:153600/nodeType:Passive/nodeTypeIndex:7/meta:blks_sent","measures":{"value":0}}
{"ts":1669476313962327753,"type":"point","name":"exType:baseline/permutationIndex:0/run:47/dialer:center/eavesCount:0/latencyMS:100/seq:10/fileSize:153600/nodeType:Passive/nodeTypeIndex:7/meta:blks_rcvd","measures":{"value":0}}
{"ts":1669476313962347090,"type":"point","name":"exType:baseline/permutationIndex:0/run:47/dialer:center/eavesCount:0/latencyMS:100/seq:10/fileSize:153600/nodeType:Passive/nodeTypeIndex:7/meta:dup_blks_rcvd","measures":{"value":0}}
{"ts":1669476317475085523,"type":"point","name":"exType:baseline/permutationIndex:0/run:48/dialer:center/eavesCount:0/latencyMS:100/seq:10/fileSize:153600/nodeType:Passive/nodeTypeIndex:7/meta:msgs_rcvd","measures":{"value":32}}
{"ts":1669476317475119953,"type":"point","name":"exType:baseline/permutationIndex:0/run:48/dialer:center/eavesCount:0/latencyMS:100/seq:10/fileSize:153600/nodeType:Passive/nodeTypeIndex:7/meta:data_sent","measures":{"value":0}}
{"ts":1669476317475127425,"type":"point","name":"exType:baseline/permutationIndex:0/run:48/dialer:center/eavesCount:0/latencyMS:100/seq:10/fileSize:153600/nodeType:Passive/nodeTypeIndex:7/meta:data_rcvd","measures":{"value":0}}
{"ts":1669476317475133053,"type":"point","name":"exType:baseline/permutationIndex:0/run:48/dialer:center/eavesCount:0/latencyMS:100/seq:10/fileSize:153600/nodeType:Passive/nodeTypeIndex:7/meta:dup_data_rcvd","measures":{"value":0}}
{"ts":1669476317475138110,"type":"point","name":"exType:baseline/permutationIndex:0/run:48/dialer:center/eavesCount:0/latencyMS:100/seq:10/fileSize:153600/nodeType:Passive/nodeTypeIndex:7/meta:blks_sent","measures":{"value":0}}
{"ts":1669476317475143247,"type":"point","name":"exType:baseline/permutationIndex:0/run:48/dialer:center/eavesCount:0/latencyMS:100/seq:10/fileSize:153600/nodeType:Passive/nodeTypeIndex:7/meta:blks_rcvd","measures":{"value":0}}
{"ts":1669476317475148459,"type":"point","name":"exType:baseline/permutationIndex:0/run:48/dialer:center/eavesCount:0/latencyMS:100/seq:10/fileSize:153600/nodeType:Passive/nodeTypeIndex:7/meta:dup_blks_rcvd","measures":{"value":0}}
{"ts":1669476320158866615,"type":"point","name":"exType:baseline/permutationIndex:0/run:49/dialer:center/eavesCount:0/latencyMS:100/seq:10/fileSize:153600/nodeType:Passive/nodeTypeIndex:7/meta:msgs_rcvd","measures":{"value":14}}
{"ts":1669476320158931805,"type":"point","name":"exType:baseline/permutationIndex:0/run:49/dialer:center/eavesCount:0/latencyMS:100/seq:10/fileSize:153600/nodeType:Passive/nodeTypeIndex:7/meta:data_sent","measures":{"value":0}}
{"ts":1669476320158956490,"type":"point","name":"exType:baseline/permutationIndex:0/run:49/dialer:center/eavesCount:0/latencyMS:100/seq:10/fileSize:153600/nodeType:Passive/nodeTypeIndex:7/meta:data_rcvd","measures":{"value":0}}
{"ts":1669476320158976955,"type":"point","name":"exType:baseline/permutationIndex:0/run:49/dialer:center/eavesCount:0/latencyMS:100/seq:10/fileSize:153600/nodeType:Passive/nodeTypeIndex:7/meta:dup_data_rcvd","measures":{"value":0}}
{"ts":1669476320159016581,"type":"point","name":"exType:baseline/permutationIndex:0/run:49/dialer:center/eavesCount:0/latencyMS:100/seq:10/fileSize:153600/nodeType:Passive/nodeTypeIndex:7/meta:blks_sent","measures":{"value":0}}
{"ts":1669476320159037781,"type":"point","name":"exType:baseline/permutationIndex:0/run:49/dialer:center/eavesCount:0/latencyMS:100/seq:10/fileSize:153600/nodeType:Passive/nodeTypeIndex:7/meta:blks_rcvd","measures":{"value":0}}
{"ts":1669476320159057883,"type":"point","name":"exType:baseline/permutationIndex:0/run:49/dialer:center/eavesCount:0/latencyMS:100/seq:10/fileSize:153600/nodeType:Passive/nodeTypeIndex:7/meta:dup_blks_rcvd","measures":{"value":0}}
{"ts":1669476323076466390,"type":"point","name":"exType:baseline/permutationIndex:0/run:50/dialer:center/eavesCount:0/latencyMS:100/seq:10/fileSize:153600/nodeType:Passive/nodeTypeIndex:7/meta:msgs_rcvd","measures":{"value":8}}
{"ts":1669476323076485542,"type":"point","name":"exType:baseline/permutationIndex:0/run:50/dialer:center/eavesCount:0/latencyMS:100/seq:10/fileSize:153600/nodeType:Passive/nodeTypeIndex:7/meta:data_sent","measures":{"value":0}}
{"ts":1669476323076489585,"type":"point","name":"exType:baseline/permutationIndex:0/run:50/dialer:center/eavesCount:0/latencyMS:100/seq:10/fileSize:153600/nodeType:Passive/nodeTypeIndex:7/meta:data_rcvd","measures":{"value":0}}
{"ts":1669476323076492182,"type":"point","name":"exType:baseline/permutationIndex:0/run:50/dialer:center/eavesCount:0/latencyMS:100/seq:10/fileSize:153600/nodeType:Passive/nodeTypeIndex:7/meta:dup_data_rcvd","measures":{"value":0}}
{"ts":1669476323076494776,"type":"point","name":"exType:baseline/permutationIndex:0/run:50/dialer:center/eavesCount:0/latencyMS:100/seq:10/fileSize:153600/nodeType:Passive/nodeTypeIndex:7/meta:blks_sent","measures":{"value":0}}
{"ts":1669476323076497419,"type":"point","name":"exType:baseline/permutationIndex:0/run:50/dialer:center/eavesCount:0/latencyMS:100/seq:10/fileSize:153600/nodeType:Passive/nodeTypeIndex:7/meta:blks_rcvd","measures":{"value":0}}
{"ts":1669476323076499335,"type":"point","name":"exType:baseline/permutationIndex:0/run:50/dialer:center/eavesCount:0/latencyMS:100/seq:10/fileSize:153600/nodeType:Passive/nodeTypeIndex:7/meta:dup_blks_rcvd","measures":{"value":0}}
{"ts":1669476325971019665,"type":"point","name":"exType:baseline/permutationIndex:0/run:51/dialer:center/eavesCount:0/latencyMS:100/seq:10/fileSize:153600/nodeType:Passive/nodeTypeIndex:7/meta:msgs_rcvd","measures":{"value":24}}
{"ts":1669476325971102519,"type":"point","name":"exType:baseline/permutationIndex:0/run:51/dialer:center/eavesCount:0/latencyMS:100/seq:10/fileSize:153600/nodeType:Passive/nodeTypeIndex:7/meta:data_sent","measures":{"value":0}}
{"ts":1669476325971126561,"type":"point","name":"exType:baseline/permutationIndex:0/run:51/dialer:center/eavesCount:0/latencyMS:100/seq:10/fileSize:153600/nodeType:Passive/nodeTypeIndex:7/meta:data_rcvd","measures":{"value":0}}
{"ts":1669476325971143019,"type":"point","name":"exType:baseline/permutationIndex:0/run:51/dialer:center/eavesCount:0/latencyMS:100/seq:10/fileSize:153600/nodeType:Passive/nodeTypeIndex:7/meta:dup_data_rcvd","measures":{"value":0}}
{"ts":1669476325971158548,"type":"point","name":"exType:baseline/permutationIndex:0/run:51/dialer:center/eavesCount:0/latencyMS:100/seq:10/fileSize:153600/nodeType:Passive/nodeTypeIndex:7/meta:blks_sent","measures":{"value":0}}
{"ts":1669476325971176718,"type":"point","name":"exType:baseline/permutationIndex:0/run:51/dialer:center/eavesCount:0/latencyMS:100/seq:10/fileSize:153600/nodeType:Passive/nodeTypeIndex:7/meta:blks_rcvd","measures":{"value":0}}
{"ts":1669476325971193176,"type":"point","name":"exType:baseline/permutationIndex:0/run:51/dialer:center/eavesCount:0/latencyMS:100/seq:10/fileSize:153600/nodeType:Passive/nodeTypeIndex:7/meta:dup_blks_rcvd","measures":{"value":0}}
{"ts":1669476328841503513,"type":"point","name":"exType:baseline/permutationIndex:0/run:52/dialer:center/eavesCount:0/latencyMS:100/seq:10/fileSize:153600/nodeType:Passive/nodeTypeIndex:7/meta:msgs_rcvd","measures":{"value":21}}
{"ts":1669476328841527238,"type":"point","name":"exType:baseline/permutationIndex:0/run:52/dialer:center/eavesCount:0/latencyMS:100/seq:10/fileSize:153600/nodeType:Passive/nodeTypeIndex:7/meta:data_sent","measures":{"value":0}}
{"ts":1669476328841530702,"type":"point","name":"exType:baseline/permutationIndex:0/run:52/dialer:center/eavesCount:0/latencyMS:100/seq:10/fileSize:153600/nodeType:Passive/nodeTypeIndex:7/meta:data_rcvd","measures":{"value":0}}
{"ts":1669476328841533522,"type":"point","name":"exType:baseline/permutationIndex:0/run:52/dialer:center/eavesCount:0/latencyMS:100/seq:10/fileSize:153600/nodeType:Passive/nodeTypeIndex:7/meta:dup_data_rcvd","measures":{"value":0}}
{"ts":1669476328841536151,"type":"point","name":"exType:baseline/permutationIndex:0/run:52/dialer:center/eavesCount:0/latencyMS:100/seq:10/fileSize:153600/nodeType:Passive/nodeTypeIndex:7/meta:blks_sent","measures":{"value":0}}
{"ts":1669476328841538865,"type":"point","name":"exType:baseline/permutationIndex:0/run:52/dialer:center/eavesCount:0/latencyMS:100/seq:10/fileSize:153600/nodeType:Passive/nodeTypeIndex:7/meta:blks_rcvd","measures":{"value":0}}
{"ts":1669476328841540996,"type":"point","name":"exType:baseline/permutationIndex:0/run:52/dialer:center/eavesCount:0/latencyMS:100/seq:10/fileSize:153600/nodeType:Passive/nodeTypeIndex:7/meta:dup_blks_rcvd","measures":{"value":0}}
{"ts":1669476331548276791,"type":"point","name":"exType:baseline/permutationIndex:0/run:53/dialer:center/eavesCount:0/latencyMS:100/seq:10/fileSize:153600/nodeType:Passive/nodeTypeIndex:7/meta:msgs_rcvd","measures":{"value":31}}
{"ts":1669476331548418254,"type":"point","name":"exType:baseline/permutationIndex:0/run:53/dialer:center/eavesCount:0/latencyMS:100/seq:10/fileSize:153600/nodeType:Passive/nodeTypeIndex:7/meta:data_sent","measures":{"value":0}}
{"ts":1669476331548452990,"type":"point","name":"exType:baseline/permutationIndex:0/run:53/dialer:center/eavesCount:0/latencyMS:100/seq:10/fileSize:153600/nodeType:Passive/nodeTypeIndex:7/meta:data_rcvd","measures":{"value":0}}
{"ts":1669476331548474043,"type":"point","name":"exType:baseline/permutationIndex:0/run:53/dialer:center/eavesCount:0/latencyMS:100/seq:10/fileSize:153600/nodeType:Passive/nodeTypeIndex:7/meta:dup_data_rcvd","measures":{"value":0}}
{"ts":1669476331548498924,"type":"point","name":"exType:baseline/permutationIndex:0/run:53/dialer:center/eavesCount:0/latencyMS:100/seq:10/fileSize:153600/nodeType:Passive/nodeTypeIndex:7/meta:blks_sent","measures":{"value":0}}
{"ts":1669476331548520038,"type":"point","name":"exType:baseline/permutationIndex:0/run:53/dialer:center/eavesCount:0/latencyMS:100/seq:10/fileSize:153600/nodeType:Passive/nodeTypeIndex:7/meta:blks_rcvd","measures":{"value":0}}
{"ts":1669476331548547288,"type":"point","name":"exType:baseline/permutationIndex:0/run:53/dialer:center/eavesCount:0/latencyMS:100/seq:10/fileSize:153600/nodeType:Passive/nodeTypeIndex:7/meta:dup_blks_rcvd","measures":{"value":0}}
