{"ts":1669476176257937505,"type":"point","name":"exType:baseline/permutationIndex:0/run:1/dialer:center/eavesCount:0/latencyMS:100/seq:7/fileSize:153600/nodeType:Passive/nodeTypeIndex:4/meta:msgs_rcvd","measures":{"value":2}}
{"ts":1669476176258000915,"type":"point","name":"exType:baseline/permutationIndex:0/run:1/dialer:center/eavesCount:0/latencyMS:100/seq:7/fileSize:153600/nodeType:Passive/nodeTypeIndex:4/meta:data_sent","measures":{"value":0}}
{"ts":1669476176258003940,"type":"point","name":"exType:baseline/permutationIndex:0/run:1/dialer:center/eavesCount:0/latencyMS:100/seq:7/fileSize:153600/nodeType:Passive/nodeTypeIndex:4/meta:data_rcvd","measures":{"value":0}}
{"ts":1669476176258005844,"type":"point","name":"exType:baseline/permutationIndex:0/run:1/dialer:center/eavesCount:0/latencyMS:100/seq:7/fileSize:153600/nodeType:Passive/nodeTypeIndex:4/meta:dup_data_rcvd","measures":{"value":0}}
{"ts":1669476176258007499,"type":"point","name":"exType:baseline/permutationIndex:0/run:1/dialer:center/eavesCount:0/latencyMS:100/seq:7/fileSize:153600/nodeType:Passive/nodeTypeIndex:4/meta:blks_sent","measures":{"value":0}}
{"ts":1669476176258008958,"type":"point","name":"exType:baseline/permutationIndex:0/run:1/dialer:center/eavesCount:0/latencyMS:100/seq:7/fileSize:153600/nodeType:Passive/nodeTypeIndex:4/meta:blks_rcvd","measures":{"value":0}}
{"ts":1669476176258011510,"type":"point","name":"exType:baseline/permutationIndex:0/run:1/dialer:center/eavesCount:0/latencyMS:100/seq:7/fileSize:153600/nodeType:Passive/nodeTypeIndex:4/meta:dup_blks_rcvd","measures":{"value":0}}
{"ts":1669476179129221770,"type":"point","name":"exType:baseline/permutationIndex:0/run:2/dialer:center/eavesCount:0/latencyMS:100/seq:7/fileSize:153600/nodeType:Passive/nodeTypeIndex:4/meta:msgs_rcvd","measures":{"value":3}}
{"ts":1669476179129322712,"type":"point","name":"exType:baseline/permutationIndex:0/run:2/dialer:center/eavesCount:0/latencyMS:100/seq:7/fileSize:153600/nodeType:Passive/nodeTypeIndex:4/meta:data_sent","measures":{"value":0}}
{"ts":1669476179129367159,"type":"point","name":"exType:baseline/permutationIndex:0/run:2/dialer:center/eavesCount:0/latencyMS:100/seq:7/fileSize:153600/nodeType:Passive/nodeTypeIndex:4/meta:data_rcvd","measures":{"value":0}}
{"ts":1669476179129388488,"type":"point","name":"exType:baseline/permutationIndex:0/run:2/dialer:center/eavesCount:0/latencyMS:100/seq:7/fileSize:153600/nodeType:Passive/nodeTypeIndex:4/meta:dup_data_rcvd","measures":{"value":0}}
{"ts":1669476179129408475,"type":"point","name":"exType:baseline/permutationIndex:0/run:2/dialer:center/eavesCount:0/latencyMS:100/seq:7/fileSize:153600/nodeType:Passive/nodeTypeIndex:4/meta:blks_sent","measures":{"value":0}}
{"ts":1669476179129430616,"type":"point","name":"exType:baseline/permutationIndex:0/run:2/dialer:center/eavesCount:0/latencyMS:100/seq:7/fileSize:153600/nodeType:Passive/nodeTypeIndex:4/meta:blks_rcvd","measures":{"value":0}}
{"ts":1669476179129451627,"type":"point","name":"exType:baseline/permutationIndex:0/run:2/dialer:center/eavesCount:0/latencyMS:100/seq:7/fileSize:153600/nodeType:Passive/nodeTypeIndex:4/meta:dup_blks_rcvd","measures":{"value":0}}
{"ts":1669476182103624524,"type":"point","name":"exType:baseline/permutationIndex:0/run:3/dialer:center/eavesCount:0/latencyMS:100/seq:7/fileSize:153600/nodeType:Passive/nodeTypeIndex:4/meta:msgs_rcvd","measures":{"value":12}}
{"ts":1669476182103667831,"type":"point","name":"exType:baseline/permutationIndex:0/run:3/dialer:center/eavesCount:0/latencyMS:100/seq:7/fileSize:153600/nodeType:Passive/nodeTypeIndex:4/meta:data_sent","measures":{"value":0}}
{"ts":1669476182103676289,"type":"point","name":"exType:baseline/permutationIndex:0/run:3/dialer:center/eavesCount:0/latencyMS:100/seq:7/fileSize:153600/nodeType:Passive/nodeTypeIndex:4/meta:data_rcvd","measures":{"value":0}}
{"ts":1669476182103682216,"type":"point","name":"exType:baseline/permutationIndex:0/run:3/dialer:center/eavesCount:0/latencyMS:100/seq:7/fileSize:153600/nodeType:Passive/nodeTypeIndex:4/meta:dup_data_rcvd","measures":{"value":0}}
{"ts":1669476182103688225,"type":"point","name":"exType:baseline/permutationIndex:0/run:3/dialer:center/eavesCount:0/latencyMS:100/seq:7/fileSize:153600/nodeType:Passive/nodeTypeIndex:4/meta:blks_sent","measures":{"value":0}}
{"ts":1669476182103705606,"type":"point","name":"exType:baseline/permutationIndex:0/run:3/dialer:center/eavesCount:0/latencyMS:100/seq:7/fileSize:153600/nodeType:Passive/nodeTypeIndex:4/meta:blks_rcvd","measures":{"value":0}}
{"ts":1669476182103711015,"type":"point","name":"exType:baseline/permutationIndex:0/run:3/dialer:center/eavesCount:0/latencyMS:100/seq:7/fileSize:153600/nodeType:Passive/nodeTypeIndex:4/meta:dup_blks_rcvd","measures":{"value":0}}
{"ts":1669476185028162542,"type":"point","name":"exType:baseline/permutationIndex:0/run:4/dialer:center/eavesCount:0/latencyMS:100/seq:7/fileSize:153600/nodeType:Passive/nodeTypeIndex:4/meta:msgs_rcvd","measures":{"value":3}}
{"ts":1669476185028244601,"type":"point","name":"exType:baseline/permutationIndex:0/run:4/dialer:center/eavesCount:0/latencyMS:100/seq:7/fileSize:153600/nodeType:Passive/nodeTypeIndex:4/meta:data_sent","measures":{"value":0}}
{"ts":1669476185028269510,"type":"point","name":"exType:baseline/permutationIndex:0/run:4/dialer:center/eavesCount:0/latencyMS:100/seq:7/fileSize:153600/nodeType:Passive/nodeTypeIndex:4/meta:data_rcvd","measures":{"value":0}}
{"ts":1669476185028290249,"type":"point","name":"exType:baseline/permutationIndex:0/run:4/dialer:center/eavesCount:0/latencyMS:100/seq:7/fileSize:153600/nodeType:Passive/nodeTypeIndex:4/meta:dup_data_rcvd","measures":{"value":0}}
{"ts":1669476185028311390,"type":"point","name":"exType:baseline/permutationIndex:0/run:4/dialer:center/eavesCount:0/latencyMS:100/seq:7/fileSize:153600/nodeType:Passive/nodeTypeIndex:4/meta:blks_sent","measures":{"value":0}}
{"ts":1669476185028332447,"type":"point","name":"exType:baseline/permutationIndex:0/run:4/dialer:center/eavesCount:0/latencyMS:100/seq:7/fileSize:153600/nodeType:Passive/nodeTypeIndex:4/meta:blks_rcvd","measures":{"value":0}}
{"ts":1669476185028353136,"type":"point","name":"exType:baseline/permutationIndex:0/run:4/dialer:center/eavesCount:0/latencyMS:100/seq:7/fileSize:153600/nodeType:Passive/nodeTypeIndex:4/meta:dup_blks_rcvd","measures":{"value":0}}
{"ts":1669476187641592802,"type":"point","name":"exType:baseline/permutationIndex:0/run:5/dialer:center/eavesCount:0/latencyMS:100/seq:7/fileSize:153600/nodeType:Passive/nodeTypeIndex:4/meta:msgs_rcvd","measures":{"value":2}}
{"ts":1669476187641611749,"type":"point","name":"exType:baseline/permutationIndex:0/run:5/dialer:center/eavesCount:0/latencyMS:100/seq:7/fileSize:153600/nodeType:Passive/nodeTypeIndex:4/meta:data_sent","measures":{"value":0}}
{"ts":1669476187641615603,"type":"point","name":"exType:baseline/permutationIndex:0/run:5/dialer:center/eavesCount:0/latencyMS:100/seq:7/fileSize:153600/nodeType:Passive/nodeTypeIndex:4/meta:data_rcvd","measures":{"value":0}}
{"ts":1669476187641619975,"type":"point","name":"exType:baseline/permutationIndex:0/run:5/dialer:center/eavesCount:0/latencyMS:100/seq:7/fileSize:153600/nodeType:Passive/nodeTypeIndex:4/meta:dup_data_rcvd","measures":{"value":0}}
{"ts":1669476187641624531,"type":"point","name":"exType:baseline/permutationIndex:0/run:5/dialer:center/eavesCount:0/latencyMS:100/seq:7/fileSize:153600/nodeType:Passive/nodeTypeIndex:4/meta:blks_sent","measures":{"value":0}}
{"ts":1669476187641629088,"type":"point","name":"exType:baseline/permutationIndex:0/run:5/dialer:center/eavesCount:0/latencyMS:100/seq:7/fileSize:153600/nodeType:Passive/nodeTypeIndex:4/meta:blks_rcvd","measures":{"value":0}}
{"ts":1669476187641633805,"type":"point","name":"exType:baseline/permutationIndex:0/run:5/dialer:center/eavesCount:0/latencyMS:100/seq:7/fileSize:153600/nodeType:Passive/nodeTypeIndex:4/meta:dup_blks_rcvd","measures":{"value":0}}
{"ts":1669476190233164671,"type":"point","name":"exType:baseline/permutationIndex:0/run:6/dialer:center/eavesCount:0/latencyMS:100/seq:7/fileSize:153600/nodeType:Passive/nodeTypeIndex:4/meta:msgs_rcvd","measures":{"value":3}}
{"ts":1669476190233275084,"type":"point","name":"exType:baseline/permutationIndex:0/run:6/dialer:center/eavesCount:0/latencyMS:100/seq:7/fileSize:153600/nodeType:Passive/nodeTypeIndex:4/meta:data_sent","measures":{"value":0}}
{"ts":1669476190233352479,"type":"point","name":"exType:baseline/permutationIndex:0/run:6/dialer:center/eavesCount:0/latencyMS:100/seq:7/fileSize:153600/nodeType:Passive/nodeTypeIndex:4/meta:data_rcvd","measures":{"value":0}}
{"ts":1669476190233371739,"type":"point","name":"exType:baseline/permutationIndex:0/run:6/dialer:center/eavesCount:0/latencyMS:100/seq:7/fileSize:153600/nodeType:Passive/nodeTypeIndex:4/meta:dup_data_rcvd","measures":{"value":0}}
{"ts":1669476190233384296,"type":"point","name":"exType:baseline/permutationIndex:0/run:6/dialer:center/eavesCount:0/latencyMS:100/seq:7/fileSize:153600/nodeType:Passive/nodeTypeIndex:4/meta:blks_sent","measures":{"value":0}}
{"ts":1669476190233402838,"type":"point","name":"exType:baseline/permutationIndex:0/run:6/dialer:center/eavesCount:0/latencyMS:100/seq:7/fileSize:153600/nodeType:Passive/nodeTypeIndex:4/meta:blks_rcvd","measures":{"value":0}}
{"ts":1669476190233423035,"type":"point","name":"exType:baseline/permutationIndex:0/run:6/dialer:center/eavesCount:0/latencyMS:100/seq:7/fileSize:153600/nodeType:Passive/nodeTypeIndex:4/meta:dup_blks_rcvd","measures":{"value":0}}
{"ts":1669476193149153598,"type":"point","name":"exType:baseline/permutationIndex:0/run:7/dialer:center/eavesCount:0/latencyMS:100/seq:7/fileSize:153600/nodeType:Passive/nodeTypeIndex:4/meta:msgs_rcvd","measures":{"value":2}}
{"ts":1669476193149182078,"type":"point","name":"exType:baseline/permutationIndex:0/run:7/dialer:center/eavesCount:0/latencyMS:100/seq:7/fileSize:153600/nodeType:Passive/nodeTypeIndex:4/meta:data_sent","measures":{"value":0}}
{"ts":1669476193149189013,"type":"point","name":"exType:baseline/permutationIndex:0/run:7/dialer:center/eavesCount:0/latencyMS:100/seq:7/fileSize:153600/nodeType:Passive/nodeTypeIndex:4/meta:data_rcvd","measures":{"value":0}}
{"ts":1669476193149194259,"type":"point","name":"exType:baseline/permutationIndex:0/run:7/dialer:center/eavesCount:0/latencyMS:100/seq:7/fileSize:153600/nodeType:Passive/nodeTypeIndex:4/meta:dup_data_rcvd","measures":{"value":0}}
{"ts":1669476193149198974,"type":"point","name":"exType:baseline/permutationIndex:0/run:7/dialer:center/eavesCount:0/latencyMS:100/seq:7/fileSize:153600/nodeType:Passive/nodeTypeIndex:4/meta:blks_sent","measures":{"value":0}}
{"ts":1669476193149203499,"type":"point","name":"exType:baseline/permutationIndex:0/run:7/dialer:center/eavesCount:0/latencyMS:100/seq:7/fileSize:153600/nodeType:Passive/nodeTypeIndex:4/meta:blks_rcvd","measures":{"value":0}}
{"ts":1669476193149208939,"type":"point","name":"exType:baseline/permutationIndex:0/run:7/dialer:center/eavesCount:0/latencyMS:100/seq:7/fileSize:153600/nodeType:Passive/nodeTypeIndex:4/meta:dup_blks_rcvd","measures":{"value":0}}
{"ts":1669476196485853302,"type":"point","name":"exType:baseline/permutationIndex:0/run:8/dialer:center/eavesCount:0/latencyMS:100/seq:7/fileSize:153600/nodeType:Passive/nodeTypeIndex:4/meta:msgs_rcvd","measures":{"value":2}}
{"ts":1669476196485903349,"type":"point","name":"exType:baseline/permutationIndex:0/run:8/dialer:center/eavesCount:0/latencyMS:100/seq:7/fileSize:153600/nodeType:Passive/nodeTypeIndex:4/meta:data_sent","measures":{"value":0}}
{"ts":1669476196485917435,"type":"point","name":"exType:baseline/permutationIndex:0/run:8/dialer:center/eavesCount:0/latencyMS:100/seq:7/fileSize:153600/nodeType:Passive/nodeTypeIndex:4/meta:data_rcvd","measures":{"value":0}}
{"ts":1669476196485927014,"type":"point","name":"exType:baseline/permutationIndex:0/run:8/dialer:center/eavesCount:0/latencyMS:100/seq:7/fileSize:153600/nodeType:Passive/nodeTypeIndex:4/meta:dup_data_rcvd","measures":{"value":0}}
{"ts":1669476196485935594,"type":"point","name":"exType:baseline/permutationIndex:0/run:8/dialer:center/eavesCount:0/latencyMS:100/seq:7/fileSize:153600/nodeType:Passive/nodeTypeIndex:4/meta:blks_sent","measures":{"value":0}}
{"ts":1669476196485944270,"type":"point","name":"exType:baseline/permutationIndex:0/run:8/dialer:center/eavesCount:0/latencyMS:100/seq:7/fileSize:153600/nodeType:Passive/nodeTypeIndex:4/meta:blks_rcvd","measures":{"value":0}}
{"ts":1669476196485968853,"type":"point","name":"exType:baseline/permutationIndex:0/run:8/dialer:center/eavesCount:0/latencyMS:100/seq:7/fileSize:153600/nodeType:Passive/nodeTypeIndex:4/meta:dup_blks_rcvd","measures":{"value":0}}
{"ts":1669476199599390261,"type":"point","name":"exType:baseline/permutationIndex:0/run:9/dialer:center/eavesCount:0/latencyMS:100/seq:7/fileSize:153600/nodeType:Passive/nodeTypeIndex:4/meta:msgs_rcvd","measures":{"value":4}}
{"ts":1669476199599406925,"type":"point","name":"exType:baseline/permutationIndex:0/run:9/dialer:center/eavesCount:0/latencyMS:100/seq:7/fileSize:153600/nodeType:Passive/nodeTypeIndex:4/meta:data_sent","measures":{"value":0}}
{"ts":1669476199599409814,"type":"point","name":"exType:baseline/permutationIndex:0/run:9/dialer:center/eavesCount:0/latencyMS:100/seq:7/fileSize:153600/nodeType:Passive/nodeTypeIndex:4/meta:data_rcvd","measures":{"value":0}}
{"ts":1669476199599412310,"type":"point","name":"exType:baseline/permutationIndex:0/run:9/dialer:center/eavesCount:0/latencyMS:100/seq:7/fileSize:153600/nodeType:Passive/nodeTypeIndex:4/meta:dup_data_rcvd","measures":{"value":0}}
{"ts":1669476199599414596,"type":"point","name":"exType:baseline/permutationIndex:0/run:9/dialer:center/eavesCount:0/latencyMS:100/seq:7/fileSize:153600/nodeType:Passive/nodeTypeIndex:4/meta:blks_sent","measures":{"value":0}}
{"ts":1669476199599416891,"type":"point","name":"exType:baseline/permutationIndex:0/run:9/dialer:center/eavesCount:0/latencyMS:100/seq:7/fileSize:153600/nodeType:Passive/nodeTypeIndex:4/meta:blks_rcvd","measures":{"value":0}}
{"ts":1669476199599419350,"type":"point","name":"exType:baseline/permutationIndex:0/run:9/dialer:center/eavesCount:0/latencyMS:100/seq:7/fileSize:153600/nodeType:Passive/nodeTypeIndex:4/meta:dup_blks_rcvd","measures":{"value":0}}
{"ts":1669476202939038499,"type":"point","name":"exType:baseline/permutationIndex:0/run:10/dialer:center/eavesCount:0/latencyMS:100/seq:7/fileSize:153600/nodeType:Passive/nodeTypeIndex:4/meta:msgs_rcvd","measures":{"value":2}}
{"ts":1669476202939048620,"type":"point","name":"exType:baseline/permutationIndex:0/run:10/dialer:center/eavesCount:0/latencyMS:100/seq:7/fileSize:153600/nodeType:Passive/nodeTypeIndex:4/meta:data_sent","measures":{"value":0}}
{"ts":1669476202939052569,"type":"point","name":"exType:baseline/permutationIndex:0/run:10/dialer:center/eavesCount:0/latencyMS:100/seq:7/fileSize:153600/nodeType:Passive/nodeTypeIndex:4/meta:data_rcvd","measures":{"value":0}}
{"ts":1669476202939055382,"type":"point","name":"exType:baseline/permutationIndex:0/run:10/dialer:center/eavesCount:0/latencyMS:100/seq:7/fileSize:153600/nodeType:Passive/nodeTypeIndex:4/meta:dup_data_rcvd","measures":{"value":0}}
{"ts":1669476202939057967,"type":"point","name":"exType:baseline/permutationIndex:0/run:10/dialer:center/eavesCount:0/latencyMS:100/seq:7/fileSize:153600/nodeType:Passive/nodeTypeIndex:4/meta:blks_sent","measures":{"value":0}}
{"ts":1669476202939060541,"type":"point","name":"exType:baseline/permutationIndex:0/run:10/dialer:center/eavesCount:0/latencyMS:100/seq:7/fileSize:153600/nodeType:Passive/nodeTypeIndex:4/meta:blks_rcvd","measures":{"value":0}}
{"ts":1669476202939063025,"type":"point","name":"exType:baseline/permutationIndex:0/run:10/dialer:center/eavesCount:0/latencyMS:100/seq:7/fileSize:153600/nodeType:Passive/nodeTypeIndex:4/meta:dup_blks_rcvd","measures":{"value":0}}
{"ts":1669476205859591769,"type":"point","name":"exType:baseline/permutationIndex:0/run:11/dialer:center/eavesCount:0/latencyMS:100/seq:7/fileSize:153600/nodeType:Passive/nodeTypeIndex:4/meta:msgs_rcvd","measures":{"value":2}}
{"ts":1669476205859618274,"type":"point","name":"exType:baseline/permutationIndex:0/run:11/dialer:center/eavesCount:0/latencyMS:100/seq:7/fileSize:153600/nodeType:Passive/nodeTypeIndex:4/meta:data_sent","measures":{"value":0}}
{"ts":1669476205859623342,"type":"point","name":"exType:baseline/permutationIndex:0/run:11/dialer:center/eavesCount:0/latencyMS:100/seq:7/fileSize:153600/nodeType:Passive/nodeTypeIndex:4/meta:data_rcvd","measures":{"value":0}}
{"ts":1669476205859639198,"type":"point","name":"exType:baseline/permutationIndex:0/run:11/dialer:center/eavesCount:0/latencyMS:100/seq:7/fileSize:153600/nodeType:Passive/nodeTypeIndex:4/meta:dup_data_rcvd","measures":{"value":0}}
{"ts":1669476205859644165,"type":"point","name":"exType:baseline/permutationIndex:0/run:11/dialer:center/eavesCount:0/latencyMS:100/seq:7/fileSize:153600/nodeType:Passive/nodeTypeIndex:4/meta:blks_sent","measures":{"value":0}}
{"ts":1669476205859649170,"type":"point","name":"exType:baseline/permutationIndex:0/run:11/dialer:center/eavesCount:0/latencyMS:100/seq:7/fileSize:153600/nodeType:Passive/nodeTypeIndex:4/meta:blks_rcvd","measures":{"value":0}}
{"ts":1669476205859652917,"type":"point","name":"exType:baseline/permutationIndex:0/run:11/dialer:center/eavesCount:0/latencyMS:100/seq:7/fileSize:153600/nodeType:Passive/nodeTypeIndex:4/meta:dup_blks_rcvd","measures":{"value":0}}
{"ts":1669476208448129049,"type":"point","name":"exType:baseline/permutationIndex:0/run:12/dialer:center/eavesCount:0/latencyMS:100/seq:7/fileSize:153600/nodeType:Passive/nodeTypeIndex:4/meta:msgs_rcvd","measures":{"value":2}}
{"ts":1669476208448163421,"type":"point","name":"exType:baseline/permutationIndex:0/run:12/dialer:center/eavesCount:0/latencyMS:100/seq:7/fileSize:153600/nodeType:Passive/nodeTypeIndex:4/meta:data_sent","measures":{"value":0}}
{"ts":1669476208448173379,"type":"point","name":"exType:baseline/permutationIndex:0/run:12/dialer:center/eavesCount:0/latencyMS:100/seq:7/fileSize:153600/nodeType:Passive/nodeTypeIndex:4/meta:data_rcvd","measures":{"value":0}}
{"ts":1669476208448179960,"type":"point","name":"exType:baseline/permutationIndex:0/run:12/dialer:center/eavesCount:0/latencyMS:100/seq:7/fileSize:153600/nodeType:Passive/nodeTypeIndex:4/meta:dup_data_rcvd","measures":{"value":0}}
{"ts":1669476208448185190,"type":"point","name":"exType:baseline/permutationIndex:0/run:12/dialer:center/eavesCount:0/latencyMS:100/seq:7/fileSize:153600/nodeType:Passive/nodeTypeIndex:4/meta:blks_sent","measures":{"value":0}}
{"ts":1669476208448191641,"type":"point","name":"exType:baseline/permutationIndex:0/run:12/dialer:center/eavesCount:0/latencyMS:100/seq:7/fileSize:153600/nodeType:Passive/nodeTypeIndex:4/meta:blks_rcvd","measures":{"value":0}}
{"ts":1669476208448196959,"type":"point","name":"exType:baseline/permutationIndex:0/run:12/dialer:center/eavesCount:0/latencyMS:100/seq:7/fileSize:153600/nodeType:Passive/nodeTypeIndex:4/meta:dup_blks_rcvd","measures":{"value":0}}
{"ts":1669476211191894193,"type":"point","name":"exType:baseline/permutationIndex:0/run:13/dialer:center/eavesCount:0/latencyMS:100/seq:7/fileSize:153600/nodeType:Passive/nodeTypeIndex:4/meta:msgs_rcvd","measures":{"value":2}}
{"ts":1669476211192020493,"type":"point","name":"exType:baseline/permutationIndex:0/run:13/dialer:center/eavesCount:0/latencyMS:100/seq:7/fileSize:153600/nodeType:Passive/nodeTypeIndex:4/meta:data_sent","measures":{"value":0}}
{"ts":1669476211192057773,"type":"point","name":"exType:baseline/permutationIndex:0/run:13/dialer:center/eavesCount:0/latencyMS:100/seq:7/fileSize:153600/nodeType:Passive/nodeTypeIndex:4/meta:data_rcvd","measures":{"value":0}}
{"ts":1669476211192078224,"type":"point","name":"exType:baseline/permutationIndex:0/run:13/dialer:center/eavesCount:0/latencyMS:100/seq:7/fileSize:153600/nodeType:Passive/nodeTypeIndex:4/meta:dup_data_rcvd","measures":{"value":0}}
{"ts":1669476211192096948,"type":"point","name":"exType:baseline/permutationIndex:0/run:13/dialer:center/eavesCount:0/latencyMS:100/seq:7/fileSize:153600/nodeType:Passive/nodeTypeIndex:4/meta:blks_sent","measures":{"value":0}}
{"ts":1669476211192115338,"type":"point","name":"exType:baseline/permutationIndex:0/run:13/dialer:center/eavesCount:0/latencyMS:100/seq:7/fileSize:153600/nodeType:Passive/nodeTypeIndex:4/meta:blks_rcvd","measures":{"value":0}}
{"ts":1669476211192134240,"type":"point","name":"exType:baseline/permutationIndex:0/run:13/dialer:center/eavesCount:0/latencyMS:100/seq:7/fileSize:153600/nodeType:Passive/nodeTypeIndex:4/meta:dup_blks_rcvd","measures":{"value":0}}
{"ts":1669476214045613263,"type":"point","name":"exType:baseline/permutationIndex:0/run:14/dialer:center/eavesCount:0/latencyMS:100/seq:7/fileSize:153600/nodeType:Passive/nodeTypeIndex:4/meta:msgs_rcvd","measures":{"value":2}}
{"ts":1669476214045688583,"type":"point","name":"exType:baseline/permutationIndex:0/run:14/dialer:center/eavesCount:0/latencyMS:100/seq:7/fileSize:153600/nodeType:Passive/nodeTypeIndex:4/meta:data_sent","measures":{"value":0}}
{"ts":1669476214045712947,"type":"point","name":"exType:baseline/permutationIndex:0/run:14/dialer:center/eavesCount:0/latencyMS:100/seq:7/fileSize:153600/nodeType:Passive/nodeTypeIndex:4/meta:data_rcvd","measures":{"value":0}}
{"ts":1669476214045732440,"type":"point","name":"exType:baseline/permutationIndex:0/run:14/dialer:center/eavesCount:0/latencyMS:100/seq:7/fileSize:153600/nodeType:Passive/nodeTypeIndex:4/meta:dup_data_rcvd","measures":{"value":0}}
{"ts":1669476214045750987,"type":"point","name":"exType:baseline/permutationIndex:0/run:14/dialer:center/eavesCount:0/latencyMS:100/seq:7/fileSize:153600/nodeType:Passive/nodeTypeIndex:4/meta:blks_sent","measures":{"value":0}}
{"ts":1669476214045770520,"type":"point","name":"exType:baseline/permutationIndex:0/run:14/dialer:center/eavesCount:0/latencyMS:100/seq:7/fileSize:153600/nodeType:Passive/nodeTypeIndex:4/meta:blks_rcvd","measures":{"value":0}}
{"ts":1669476214045788895,"type":"point","name":"exType:baseline/permutationIndex:0/run:14/dialer:center/eavesCount:0/latencyMS:100/seq:7/fileSize:153600/nodeType:Passive/nodeTypeIndex:4/meta:dup_blks_rcvd","measures":{"value":0}}
{"ts":1669476217364417336,"type":"point","name":"exType:baseline/permutationIndex:0/run:15/dialer:center/eavesCount:0/latencyMS:100/seq:7/fileSize:153600/nodeType:Passive/nodeTypeIndex:4/meta:msgs_rcvd","measures":{"value":1}}
{"ts":1669476217364454158,"type":"point","name":"exType:baseline/permutationIndex:0/run:15/dialer:center/eavesCount:0/latencyMS:100/seq:7/fileSize:153600/nodeType:Passive/nodeTypeIndex:4/meta:data_sent","measures":{"value":0}}
{"ts":1669476217364462460,"type":"point","name":"exType:baseline/permutationIndex:0/run:15/dialer:center/eavesCount:0/latencyMS:100/seq:7/fileSize:153600/nodeType:Passive/nodeTypeIndex:4/meta:data_rcvd","measures":{"value":0}}
{"ts":1669476217364468275,"type":"point","name":"exType:baseline/permutationIndex:0/run:15/dialer:center/eavesCount:0/latencyMS:100/seq:7/fileSize:153600/nodeType:Passive/nodeTypeIndex:4/meta:dup_data_rcvd","measures":{"value":0}}
{"ts":1669476217364473844,"type":"point","name":"exType:baseline/permutationIndex:0/run:15/dialer:center/eavesCount:0/latencyMS:100/seq:7/fileSize:153600/nodeType:Passive/nodeTypeIndex:4/meta:blks_sent","measures":{"value":0}}
{"ts":1669476217364479059,"type":"point","name":"exType:baseline/permutationIndex:0/run:15/dialer:center/eavesCount:0/latencyMS:100/seq:7/fileSize:153600/nodeType:Passive/nodeTypeIndex:4/meta:blks_rcvd","measures":{"value":0}}
{"ts":1669476217364484409,"type":"point","name":"exType:baseline/permutationIndex:0/run:15/dialer:center/eavesCount:0/latencyMS:100/seq:7/fileSize:153600/nodeType:Passive/nodeTypeIndex:4/meta:dup_blks_rcvd","measures":{"value":0}}
{"ts":1669476220871495710,"type":"point","name":"exType:baseline/permutationIndex:0/run:16/dialer:center/eavesCount:0/latencyMS:100/seq:7/fileSize:153600/nodeType:Passive/nodeTypeIndex:4/meta:msgs_rcvd","measures":{"value":4}}
{"ts":1669476220871593424,"type":"point","name":"exType:baseline/permutationIndex:0/run:16/dialer:center/eavesCount:0/latencyMS:100/seq:7/fileSize:153600/nodeType:Passive/nodeTypeIndex:4/meta:data_sent","measures":{"value":0}}
{"ts":1669476220871617267,"type":"point","name":"exType:baseline/permutationIndex:0/run:16/dialer:center/eavesCount:0/latencyMS:100/seq:7/fileSize:153600/nodeType:Passive/nodeTypeIndex:4/meta:data_rcvd","measures":{"value":0}}
{"ts":1669476220871636285,"type":"point","name":"exType:baseline/permutationIndex:0/run:16/dialer:center/eavesCount:0/latencyMS:100/seq:7/fileSize:153600/nodeType:Passive/nodeTypeIndex:4/meta:dup_data_rcvd","measures":{"value":0}}
{"ts":1669476220871684181,"type":"point","name":"exType:baseline/permutationIndex:0/run:16/dialer:center/eavesCount:0/latencyMS:100/seq:7/fileSize:153600/nodeType:Passive/nodeTypeIndex:4/meta:blks_sent","measures":{"value":0}}
{"ts":1669476220871700796,"type":"point","name":"exType:baseline/permutationIndex:0/run:16/dialer:center/eavesCount:0/latencyMS:100/seq:7/fileSize:153600/nodeType:Passive/nodeTypeIndex:4/meta:blks_rcvd","measures":{"value":0}}
{"ts":1669476220871716430,"type":"point","name":"exType:baseline/permutationIndex:0/run:16/dialer:center/eavesCount:0/latencyMS:100/seq:7/fileSize:153600/nodeType:Passive/nodeTypeIndex:4/meta:dup_blks_rcvd","measures":{"value":0}}
{"ts":1669476224236454975,"type":"point","name":"exType:baseline/permutationIndex:0/run:17/dialer:center/eavesCount:0/latencyMS:100/seq:7/fileSize:153600/nodeType:Passive/nodeTypeIndex:4/meta:msgs_rcvd","measures":{"value":2}}
{"ts":1669476224236565005,"type":"point","name":"exType:baseline/permutationIndex:0/run:17/dialer:center/eavesCount:0/latencyMS:100/seq:7/fileSize:153600/nodeType:Passive/nodeTypeIndex:4/meta:data_sent","measures":{"value":0}}
{"ts":1669476224236599125,"type":"point","name":"exType:baseline/permutationIndex:0/run:17/dialer:center/eavesCount:0/latencyMS:100/seq:7/fileSize:153600/nodeType:Passive/nodeTypeIndex:4/meta:data_rcvd","measures":{"value":0}}
{"ts":1669476224236620271,"type":"point","name":"exType:baseline/permutationIndex:0/run:17/dialer:center/eavesCount:0/latencyMS:100/seq:7/fileSize:153600/nodeType:Passive/nodeTypeIndex:4/meta:dup_data_rcvd","measures":{"value":0}}
{"ts":1669476224236640864,"type":"point","name":"exType:baseline/permutationIndex:0/run:17/dialer:center/eavesCount:0/latencyMS:100/seq:7/fileSize:153600/nodeType:Passive/nodeTypeIndex:4/meta:blks_sent","measures":{"value":0}}
{"ts":1669476224236661335,"type":"point","name":"exType:baseline/permutationIndex:0/run:17/dialer:center/eavesCount:0/latencyMS:100/seq:7/fileSize:153600/nodeType:Passive/nodeTypeIndex:4/meta:blks_rcvd","measures":{"value":0}}
{"ts":1669476224236680782,"type":"point","name":"exType:baseline/permutationIndex:0/run:17/dialer:center/eavesCount:0/latencyMS:100/seq:7/fileSize:153600/nodeType:Passive/nodeTypeIndex:4/meta:dup_blks_rcvd","measures":{"value":0}}
{"ts":1669476227155654646,"type":"point","name":"exType:baseline/permutationIndex:0/run:18/dialer:center/eavesCount:0/latencyMS:100/seq:7/fileSize:153600/nodeType:Passive/nodeTypeIndex:4/meta:msgs_rcvd","measures":{"value":3}}
{"ts":1669476227155703659,"type":"point","name":"exType:baseline/permutationIndex:0/run:18/dialer:center/eavesCount:0/latencyMS:100/seq:7/fileSize:153600/nodeType:Passive/nodeTypeIndex:4/meta:data_sent","measures":{"value":0}}
{"ts":1669476227155715414,"type":"point","name":"exType:baseline/permutationIndex:0/run:18/dialer:center/eavesCount:0/latencyMS:100/seq:7/fileSize:153600/nodeType:Passive/nodeTypeIndex:4/meta:data_rcvd","measures":{"value":0}}
{"ts":1669476227155724917,"type":"point","name":"exType:baseline/permutationIndex:0/run:18/dialer:center/eavesCount:0/latencyMS:100/seq:7/fileSize:153600/nodeType:Passive/nodeTypeIndex:4/meta:dup_data_rcvd","measures":{"value":0}}
{"ts":1669476227155732641,"type":"point","name":"exType:baseline/permutationIndex:0/run:18/dialer:center/eavesCount:0/latencyMS:100/seq:7/fileSize:153600/nodeType:Passive/nodeTypeIndex:4/meta:blks_sent","measures":{"value":0}}
{"ts":1669476227155739658,"type":"point","name":"exType:baseline/permutationIndex:0/run:18/dialer:center/eavesCount:0/latencyMS:100/seq:7/fileSize:153600/nodeType:Passive/nodeTypeIndex:4/meta:blks_rcvd","measures":{"value":0}}
{"ts":1669476227155747378,"type":"point","name":"exType:baseline/permutationIndex:0/run:18/dialer:center/eavesCount:0/latencyMS:100/seq:7/fileSize:153600/nodeType:Passive/nodeTypeIndex:4/meta:dup_blks_rcvd","measures":{"value":0}}
{"ts":1669476232065945802,"type":"point","name":"exType:baseline/permutationIndex:0/run:19/dialer:center/eavesCount:0/latencyMS:100/seq:7/fileSize:153600/nodeType:Passive/nodeTypeIndex:4/meta:msgs_rcvd","measures":{"value":3}}
{"ts":1669476232065969134,"type":"point","name":"exType:baseline/permutationIndex:0/run:19/dialer:center/eavesCount:0/latencyMS:100/seq:7/fileSize:153600/nodeType:Passive/nodeTypeIndex:4/meta:data_sent","measures":{"value":0}}
{"ts":1669476232065971977,"type":"point","name":"exType:baseline/permutationIndex:0/run:19/dialer:center/eavesCount:0/latencyMS:100/seq:7/fileSize:153600/nodeType:Passive/nodeTypeIndex:4/meta:data_rcvd","measures":{"value":0}}
{"ts":1669476232065976837,"type":"point","name":"exType:baseline/permutationIndex:0/run:19/dialer:center/eavesCount:0/latencyMS:100/seq:7/fileSize:153600/nodeType:Passive/nodeTypeIndex:4/meta:dup_data_rcvd","measures":{"value":0}}
{"ts":1669476232065979407,"type":"point","name":"exType:baseline/permutationIndex:0/run:19/dialer:center/eavesCount:0/latencyMS:100/seq:7/fileSize:153600/nodeType:Passive/nodeTypeIndex:4/meta:blks_sent","measures":{"value":0}}
{"ts":1669476232065982840,"type":"point","name":"exType:baseline/permutationIndex:0/run:19/dialer:center/eavesCount:0/latencyMS:100/seq:7/fileSize:153600/nodeType:Passive/nodeTypeIndex:4/meta:blks_rcvd","measures":{"value":0}}
{"ts":1669476232065985481,"type":"point","name":"exType:baseline/permutationIndex:0/run:19/dialer:center/eavesCount:0/latencyMS:100/seq:7/fileSize:153600/nodeType:Passive/nodeTypeIndex:4/meta:dup_blks_rcvd","measures":{"value":0}}
{"ts":1669476235878611953,"type":"point","name":"exType:baseline/permutationIndex:0/run:20/dialer:center/eavesCount:0/latencyMS:100/seq:7/fileSize:153600/nodeType:Passive/nodeTypeIndex:4/meta:msgs_rcvd","measures":{"value":1}}
{"ts":1669476235878750063,"type":"point","name":"exType:baseline/permutationIndex:0/run:20/dialer:center/eavesCount:0/latencyMS:100/seq:7/fileSize:153600/nodeType:Passive/nodeTypeIndex:4/meta:data_sent","measures":{"value":0}}
{"ts":1669476235878778254,"type":"point","name":"exType:baseline/permutationIndex:0/run:20/dialer:center/eavesCount:0/latencyMS:100/seq:7/fileSize:153600/nodeType:Passive/nodeTypeIndex:4/meta:data_rcvd","measures":{"value":0}}
{"ts":1669476235878797362,"type":"point","name":"exType:baseline/permutationIndex:0/run:20/dialer:center/eavesCount:0/latencyMS:100/seq:7/fileSize:153600/nodeType:Passive/nodeTypeIndex:4/meta:dup_data_rcvd","measures":{"value":0}}
{"ts":1669476235878816666,"type":"point","name":"exType:baseline/permutationIndex:0/run:20/dialer:center/eavesCount:0/latencyMS:100/seq:7/fileSize:153600/nodeType:Passive/nodeTypeIndex:4/meta:blks_sent","measures":{"value":0}}
{"ts":1669476235878834874,"type":"point","name":"exType:baseline/permutationIndex:0/run:20/dialer:center/eavesCount:0/latencyMS:100/seq:7/fileSize:153600/nodeType:Passive/nodeTypeIndex:4/meta:blks_rcvd","measures":{"value":0}}
{"ts":1669476235878855019,"type":"point","name":"exType:baseline/permutationIndex:0/run:20/dialer:center/eavesCount:0/latencyMS:100/seq:7/fileSize:153600/nodeType:Passive/nodeTypeIndex:4/meta:dup_blks_rcvd","measures":{"value":0}}
{"ts":1669476238763431427,"type":"point","name":"exType:baseline/permutationIndex:0/run:21/dialer:center/eavesCount:0/latencyMS:100/seq:7/fileSize:153600/nodeType:Passive/nodeTypeIndex:4/meta:msgs_rcvd","measures":{"value":1}}
{"ts":1669476238763455486,"type":"point","name":"exType:baseline/permutationIndex:0/run:21/dialer:center/eavesCount:0/latencyMS:100/seq:7/fileSize:153600/nodeType:Passive/nodeTypeIndex:4/meta:data_sent","measures":{"value":0}}
{"ts":1669476238763461665,"type":"point","name":"exType:baseline/permutationIndex:0/run:21/dialer:center/eavesCount:0/latencyMS:100/seq:7/fileSize:153600/nodeType:Passive/nodeTypeIndex:4/meta:data_rcvd","measures":{"value":0}}
{"ts":1669476238763466752,"type":"point","name":"exType:baseline/permutationIndex:0/run:21/dialer:center/eavesCount:0/latencyMS:100/seq:7/fileSize:153600/nodeType:Passive/nodeTypeIndex:4/meta:dup_data_rcvd","measures":{"value":0}}
{"ts":1669476238763477324,"type":"point","name":"exType:baseline/permutationIndex:0/run:21/dialer:center/eavesCount:0/latencyMS:100/seq:7/fileSize:153600/nodeType:Passive/nodeTypeIndex:4/meta:blks_sent","measures":{"value":0}}
{"ts":1669476238763482243,"type":"point","name":"exType:baseline/permutationIndex:0/run:21/dialer:center/eavesCount:0/latencyMS:100/seq:7/fileSize:153600/nodeType:Passive/nodeTypeIndex:4/meta:blks_rcvd","measures":{"value":0}}
{"ts":1669476238763487223,"type":"point","name":"exType:baseline/permutationIndex:0/run:21/dialer:center/eavesCount:0/latencyMS:100/seq:7/fileSize:153600/nodeType:Passive/nodeTypeIndex:4/meta:dup_blks_rcvd","measures":{"value":0}}
{"ts":1669476241670695908,"type":"point","name":"exType:baseline/permutationIndex:0/run:22/dialer:center/eavesCount:0/latencyMS:100/seq:7/fileSize:153600/nodeType:Passive/nodeTypeIndex:4/meta:msgs_rcvd","measures":{"value":1}}
{"ts":1669476241670793961,"type":"point","name":"exType:baseline/permutationIndex:0/run:22/dialer:center/eavesCount:0/latencyMS:100/seq:7/fileSize:153600/nodeType:Passive/nodeTypeIndex:4/meta:data_sent","measures":{"value":0}}
{"ts":1669476241670821400,"type":"point","name":"exType:baseline/permutationIndex:0/run:22/dialer:center/eavesCount:0/latencyMS:100/seq:7/fileSize:153600/nodeType:Passive/nodeTypeIndex:4/meta:data_rcvd","measures":{"value":0}}
{"ts":1669476241670841066,"type":"point","name":"exType:baseline/permutationIndex:0/run:22/dialer:center/eavesCount:0/latencyMS:100/seq:7/fileSize:153600/nodeType:Passive/nodeTypeIndex:4/meta:dup_data_rcvd","measures":{"value":0}}
{"ts":1669476241670859554,"type":"point","name":"exType:baseline/permutationIndex:0/run:22/dialer:center/eavesCount:0/latencyMS:100/seq:7/fileSize:153600/nodeType:Passive/nodeTypeIndex:4/meta:blks_sent","measures":{"value":0}}
{"ts":1669476241670878558,"type":"point","name":"exType:baseline/permutationIndex:0/run:22/dialer:center/eavesCount:0/latencyMS:100/seq:7/fileSize:153600/nodeType:Passive/nodeTypeIndex:4/meta:blks_rcvd","measures":{"value":0}}
{"ts":1669476241670897798,"type":"point","name":"exType:baseline/permutationIndex:0/run:22/dialer:center/eavesCount:0/latencyMS:100/seq:7/fileSize:153600/nodeType:Passive/nodeTypeIndex:4/meta:dup_blks_rcvd","measures":{"value":0}}
{"ts":1669476244381499358,"type":"point","name":"exType:baseline/permutationIndex:0/run:23/dialer:center/eavesCount:0/latencyMS:100/seq:7/fileSize:153600/nodeType:Passive/nodeTypeIndex:4/meta:msgs_rcvd","measures":{"value":1}}
{"ts":1669476244381598416,"type":"point","name":"exType:baseline/permutationIndex:0/run:23/dialer:center/eavesCount:0/latencyMS:100/seq:7/fileSize:153600/nodeType:Passive/nodeTypeIndex:4/meta:data_sent","measures":{"value":0}}
{"ts":1669476244381624085,"type":"point","name":"exType:baseline/permutationIndex:0/run:23/dialer:center/eavesCount:0/latencyMS:100/seq:7/fileSize:153600/nodeType:Passive/nodeTypeIndex:4/meta:data_rcvd","measures":{"value":0}}
{"ts":1669476244381643532,"type":"point","name":"exType:baseline/permutationIndex:0/run:23/dialer:center/eavesCount:0/latencyMS:100/seq:7/fileSize:153600/nodeType:Passive/nodeTypeIndex:4/meta:dup_data_rcvd","measures":{"value":0}}
{"ts":1669476244381661432,"type":"point","name":"exType:baseline/permutationIndex:0/run:23/dialer:center/eavesCount:0/latencyMS:100/seq:7/fileSize:153600/nodeType:Passive/nodeTypeIndex:4/meta:blks_sent","measures":{"value":0}}
{"ts":1669476244381679431,"type":"point","name":"exType:baseline/permutationIndex:0/run:23/dialer:center/eavesCount:0/latencyMS:100/seq:7/fileSize:153600/nodeType:Passive/nodeTypeIndex:4/meta:blks_rcvd","measures":{"value":0}}
{"ts":1669476244381697022,"type":"point","name":"exType:baseline/permutationIndex:0/run:23/dialer:center/eavesCount:0/latencyMS:100/seq:7/fileSize:153600/nodeType:Passive/nodeTypeIndex:4/meta:dup_blks_rcvd","measures":{"value":0}}
{"ts":1669476247292312604,"type":"point","name":"exType:baseline/permutationIndex:0/run:24/dialer:center/eavesCount:0/latencyMS:100/seq:7/fileSize:153600/nodeType:Passive/nodeTypeIndex:4/meta:msgs_rcvd","measures":{"value":6}}
{"ts":1669476247292344661,"type":"point","name":"exType:baseline/permutationIndex:0/run:24/dialer:center/eavesCount:0/latencyMS:100/seq:7/fileSize:153600/nodeType:Passive/nodeTypeIndex:4/meta:data_sent","measures":{"value":0}}
{"ts":1669476247292349104,"type":"point","name":"exType:baseline/permutationIndex:0/run:24/dialer:center/eavesCount:0/latencyMS:100/seq:7/fileSize:153600/nodeType:Passive/nodeTypeIndex:4/meta:data_rcvd","measures":{"value":0}}
{"ts":1669476247292352122,"type":"point","name":"exType:baseline/permutationIndex:0/run:24/dialer:center/eavesCount:0/latencyMS:100/seq:7/fileSize:153600/nodeType:Passive/nodeTypeIndex:4/meta:dup_data_rcvd","measures":{"value":0}}
{"ts":1669476247292354957,"type":"point","name":"exType:baseline/permutationIndex:0/run:24/dialer:center/eavesCount:0/latencyMS:100/seq:7/fileSize:153600/nodeType:Passive/nodeTypeIndex:4/meta:blks_sent","measures":{"value":0}}
{"ts":1669476247292358079,"type":"point","name":"exType:baseline/permutationIndex:0/run:24/dialer:center/eavesCount:0/latencyMS:100/seq:7/fileSize:153600/nodeType:Passive/nodeTypeIndex:4/meta:blks_rcvd","measures":{"value":0}}
{"ts":1669476247292360842,"type":"point","name":"exType:baseline/permutationIndex:0/run:24/dialer:center/eavesCount:0/latencyMS:100/seq:7/fileSize:153600/nodeType:Passive/nodeTypeIndex:4/meta:dup_blks_rcvd","measures":{"value":0}}
{"ts":1669476250166713045,"type":"point","name":"exType:baseline/permutationIndex:0/run:25/dialer:center/eavesCount:0/latencyMS:100/seq:7/fileSize:153600/nodeType:Passive/nodeTypeIndex:4/meta:msgs_rcvd","measures":{"value":3}}
{"ts":1669476250166826211,"type":"point","name":"exType:baseline/permutationIndex:0/run:25/dialer:center/eavesCount:0/latencyMS:100/seq:7/fileSize:153600/nodeType:Passive/nodeTypeIndex:4/meta:data_sent","measures":{"value":0}}
{"ts":1669476250166856948,"type":"point","name":"exType:baseline/permutationIndex:0/run:25/dialer:center/eavesCount:0/latencyMS:100/seq:7/fileSize:153600/nodeType:Passive/nodeTypeIndex:4/meta:data_rcvd","measures":{"value":0}}
{"ts":1669476250166878504,"type":"point","name":"exType:baseline/permutationIndex:0/run:25/dialer:center/eavesCount:0/latencyMS:100/seq:7/fileSize:153600/nodeType:Passive/nodeTypeIndex:4/meta:dup_data_rcvd","measures":{"value":0}}
{"ts":1669476250166898504,"type":"point","name":"exType:baseline/permutationIndex:0/run:25/dialer:center/eavesCount:0/latencyMS:100/seq:7/fileSize:153600/nodeType:Passive/nodeTypeIndex:4/meta:blks_sent","measures":{"value":0}}
{"ts":1669476250166918151,"type":"point","name":"exType:baseline/permutationIndex:0/run:25/dialer:center/eavesCount:0/latencyMS:100/seq:7/fileSize:153600/nodeType:Passive/nodeTypeIndex:4/meta:blks_rcvd","measures":{"value":0}}
{"ts":1669476250166936890,"type":"point","name":"exType:baseline/permutationIndex:0/run:25/dialer:center/eavesCount:0/latencyMS:100/seq:7/fileSize:153600/nodeType:Passive/nodeTypeIndex:4/meta:dup_blks_rcvd","measures":{"value":0}}
{"ts":1669476252884916983,"type":"point","name":"exType:baseline/permutationIndex:0/run:26/dialer:center/eavesCount:0/latencyMS:100/seq:7/fileSize:153600/nodeType:Passive/nodeTypeIndex:4/meta:msgs_rcvd","measures":{"value":1}}
{"ts":1669476252884941479,"type":"point","name":"exType:baseline/permutationIndex:0/run:26/dialer:center/eavesCount:0/latencyMS:100/seq:7/fileSize:153600/nodeType:Passive/nodeTypeIndex:4/meta:data_sent","measures":{"value":0}}
{"ts":1669476252884945513,"type":"point","name":"exType:baseline/permutationIndex:0/run:26/dialer:center/eavesCount:0/latencyMS:100/seq:7/fileSize:153600/nodeType:Passive/nodeTypeIndex:4/meta:data_rcvd","measures":{"value":0}}
{"ts":1669476252884947947,"type":"point","name":"exType:baseline/permutationIndex:0/run:26/dialer:center/eavesCount:0/latencyMS:100/seq:7/fileSize:153600/nodeType:Passive/nodeTypeIndex:4/meta:dup_data_rcvd","measures":{"value":0}}
{"ts":1669476252884950246,"type":"point","name":"exType:baseline/permutationIndex:0/run:26/dialer:center/eavesCount:0/latencyMS:100/seq:7/fileSize:153600/nodeType:Passive/nodeTypeIndex:4/meta:blks_sent","measures":{"value":0}}
{"ts":1669476252884959370,"type":"point","name":"exType:baseline/permutationIndex:0/run:26/dialer:center/eavesCount:0/latencyMS:100/seq:7/fileSize:153600/nodeType:Passive/nodeTypeIndex:4/meta:blks_rcvd","measures":{"value":0}}
{"ts":1669476252884962148,"type":"point","name":"exType:baseline/permutationIndex:0/run:26/dialer:center/eavesCount:0/latencyMS:100/seq:7/fileSize:153600/nodeType:Passive/nodeTypeIndex:4/meta:dup_blks_rcvd","measures":{"value":0}}
{"ts":1669476256096419792,"type":"point","name":"exType:baseline/permutationIndex:0/run:27/dialer:center/eavesCount:0/latencyMS:100/seq:7/fileSize:153600/nodeType:Passive/nodeTypeIndex:4/meta:msgs_rcvd","measures":{"value":2}}
{"ts":1669476256096524442,"type":"point","name":"exType:baseline/permutationIndex:0/run:27/dialer:center/eavesCount:0/latencyMS:100/seq:7/fileSize:153600/nodeType:Passive/nodeTypeIndex:4/meta:data_sent","measures":{"value":0}}
{"ts":1669476256096560250,"type":"point","name":"exType:baseline/permutationIndex:0/run:27/dialer:center/eavesCount:0/latencyMS:100/seq:7/fileSize:153600/nodeType:Passive/nodeTypeIndex:4/meta:data_rcvd","measures":{"value":0}}
{"ts":1669476256096577483,"type":"point","name":"exType:baseline/permutationIndex:0/run:27/dialer:center/eavesCount:0/latencyMS:100/seq:7/fileSize:153600/nodeType:Passive/nodeTypeIndex:4/meta:dup_data_rcvd","measures":{"value":0}}
{"ts":1669476256096598343,"type":"point","name":"exType:baseline/permutationIndex:0/run:27/dialer:center/eavesCount:0/latencyMS:100/seq:7/fileSize:153600/nodeType:Passive/nodeTypeIndex:4/meta:blks_sent","measures":{"value":0}}
{"ts":1669476256096617406,"type":"point","name":"exType:baseline/permutationIndex:0/run:27/dialer:center/eavesCount:0/latencyMS:100/seq:7/fileSize:153600/nodeType:Passive/nodeTypeIndex:4/meta:blks_rcvd","measures":{"value":0}}
{"ts":1669476256096637496,"type":"point","name":"exType:baseline/permutationIndex:0/run:27/dialer:center/eavesCount:0/latencyMS:100/seq:7/fileSize:153600/nodeType:Passive/nodeTypeIndex:4/meta:dup_blks_rcvd","measures":{"value":0}}
{"ts":1669476258988826229,"type":"point","name":"exType:baseline/permutationIndex:0/run:28/dialer:center/eavesCount:0/latencyMS:100/seq:7/fileSize:153600/nodeType:Passive/nodeTypeIndex:4/meta:msgs_rcvd","measures":{"value":1}}
{"ts":1669476258988937402,"type":"point","name":"exType:baseline/permutationIndex:0/run:28/dialer:center/eavesCount:0/latencyMS:100/seq:7/fileSize:153600/nodeType:Passive/nodeTypeIndex:4/meta:data_sent","measures":{"value":0}}
{"ts":1669476258988963575,"type":"point","name":"exType:baseline/permutationIndex:0/run:28/dialer:center/eavesCount:0/latencyMS:100/seq:7/fileSize:153600/nodeType:Passive/nodeTypeIndex:4/meta:data_rcvd","measures":{"value":0}}
{"ts":1669476258988982814,"type":"point","name":"exType:baseline/permutationIndex:0/run:28/dialer:center/eavesCount:0/latencyMS:100/seq:7/fileSize:153600/nodeType:Passive/nodeTypeIndex:4/meta:dup_data_rcvd","measures":{"value":0}}
{"ts":1669476258989001072,"type":"point","name":"exType:baseline/permutationIndex:0/run:28/dialer:center/eavesCount:0/latencyMS:100/seq:7/fileSize:153600/nodeType:Passive/nodeTypeIndex:4/meta:blks_sent","measures":{"value":0}}
{"ts":1669476258989018322,"type":"point","name":"exType:baseline/permutationIndex:0/run:28/dialer:center/eavesCount:0/latencyMS:100/seq:7/fileSize:153600/nodeType:Passive/nodeTypeIndex:4/meta:blks_rcvd","measures":{"value":0}}
{"ts":1669476258989036406,"type":"point","name":"exType:baseline/permutationIndex:0/run:28/dialer:center/eavesCount:0/latencyMS:100/seq:7/fileSize:153600/nodeType:Passive/nodeTypeIndex:4/meta:dup_blks_rcvd","measures":{"value":0}}
{"ts":1669476262439125412,"type":"point","name":"exType:baseline/permutationIndex:0/run:29/dialer:center/eavesCount:0/latencyMS:100/seq:7/fileSize:153600/nodeType:Passive/nodeTypeIndex:4/meta:msgs_rcvd","measures":{"value":4}}
{"ts":1669476262439147886,"type":"point","name":"exType:baseline/permutationIndex:0/run:29/dialer:center/eavesCount:0/latencyMS:100/seq:7/fileSize:153600/nodeType:Passive/nodeTypeIndex:4/meta:data_sent","measures":{"value":0}}
{"ts":1669476262439157612,"type":"point","name":"exType:baseline/permutationIndex:0/run:29/dialer:center/eavesCount:0/latencyMS:100/seq:7/fileSize:153600/nodeType:Passive/nodeTypeIndex:4/meta:data_rcvd","measures":{"value":0}}
{"ts":1669476262439160213,"type":"point","name":"exType:baseline/permutationIndex:0/run:29/dialer:center/eavesCount:0/latencyMS:100/seq:7/fileSize:153600/nodeType:Passive/nodeTypeIndex:4/meta:dup_data_rcvd","measures":{"value":0}}
{"ts":1669476262439162546,"type":"point","name":"exType:baseline/permutationIndex:0/run:29/dialer:center/eavesCount:0/latencyMS:100/seq:7/fileSize:153600/nodeType:Passive/nodeTypeIndex:4/meta:blks_sent","measures":{"value":0}}
{"ts":1669476262439164833,"type":"point","name":"exType:baseline/permutationIndex:0/run:29/dialer:center/eavesCount:0/latencyMS:100/seq:7/fileSize:153600/nodeType:Passive/nodeTypeIndex:4/meta:blks_rcvd","measures":{"value":0}}
{"ts":1669476262439167000,"type":"point","name":"exType:baseline/permutationIndex:0/run:29/dialer:center/eavesCount:0/latencyMS:100/seq:7/fileSize:153600/nodeType:Passive/nodeTypeIndex:4/meta:dup_blks_rcvd","measures":{"value":0}}
{"ts":1669476265313830199,"type":"point","name":"exType:baseline/permutationIndex:0/run:30/dialer:center/eavesCount:0/latencyMS:100/seq:7/fileSize:153600/nodeType:Passive/nodeTypeIndex:4/meta:msgs_rcvd","measures":{"value":2}}
{"ts":1669476265313945242,"type":"point","name":"exType:baseline/permutationIndex:0/run:30/dialer:center/eavesCount:0/latencyMS:100/seq:7/fileSize:153600/nodeType:Passive/nodeTypeIndex:4/meta:data_sent","measures":{"value":0}}
{"ts":1669476265313977697,"type":"point","name":"exType:baseline/permutationIndex:0/run:30/dialer:center/eavesCount:0/latencyMS:100/seq:7/fileSize:153600/nodeType:Passive/nodeTypeIndex:4/meta:data_rcvd","measures":{"value":0}}
{"ts":1669476265313997745,"type":"point","name":"exType:baseline/permutationIndex:0/run:30/dialer:center/eavesCount:0/latencyMS:100/seq:7/fileSize:153600/nodeType:Passive/nodeTypeIndex:4/meta:dup_data_rcvd","measures":{"value":0}}
{"ts":1669476265314017131,"type":"point","name":"exType:baseline/permutationIndex:0/run:30/dialer:center/eavesCount:0/latencyMS:100/seq:7/fileSize:153600/nodeType:Passive/nodeTypeIndex:4/meta:blks_sent","measures":{"value":0}}
{"ts":1669476265314036908,"type":"point","name":"exType:baseline/permutationIndex:0/run:30/dialer:center/eavesCount:0/latencyMS:100/seq:7/fileSize:153600/nodeType:Passive/nodeTypeIndex:4/meta:blks_rcvd","measures":{"value":0}}
{"ts":1669476265314055919,"type":"point","name":"exType:baseline/permutationIndex:0/run:30/dialer:center/eavesCount:0/latencyMS:100/seq:7/fileSize:153600/nodeType:Passive/nodeTypeIndex:4/meta:dup_blks_rcvd","measures":{"value":0}}
{"ts":1669476267919769516,"type":"point","name":"exType:baseline/permutationIndex:0/run:31/dialer:center/eavesCount:0/latencyMS:100/seq:7/fileSize:153600/nodeType:Passive/nodeTypeIndex:4/meta:msgs_rcvd","measures":{"value":1}}
{"ts":1669476267919801479,"type":"point","name":"exType:baseline/permutationIndex:0/run:31/dialer:center/eavesCount:0/latencyMS:100/seq:7/fileSize:153600/nodeType:Passive/nodeTypeIndex:4/meta:data_sent","measures":{"value":0}}
{"ts":1669476267919807489,"type":"point","name":"exType:baseline/permutationIndex:0/run:31/dialer:center/eavesCount:0/latencyMS:100/seq:7/fileSize:153600/nodeType:Passive/nodeTypeIndex:4/meta:data_rcvd","measures":{"value":0}}
{"ts":1669476267919810845,"type":"point","name":"exType:baseline/permutationIndex:0/run:31/dialer:center/eavesCount:0/latencyMS:100/seq:7/fileSize:153600/nodeType:Passive/nodeTypeIndex:4/meta:dup_data_rcvd","measures":{"value":0}}
{"ts":1669476267919815541,"type":"point","name":"exType:baseline/permutationIndex:0/run:31/dialer:center/eavesCount:0/latencyMS:100/seq:7/fileSize:153600/nodeType:Passive/nodeTypeIndex:4/meta:blks_sent","measures":{"value":0}}
{"ts":1669476267919820401,"type":"point","name":"exType:baseline/permutationIndex:0/run:31/dialer:center/eavesCount:0/latencyMS:100/seq:7/fileSize:153600/nodeType:Passive/nodeTypeIndex:4/meta:blks_rcvd","measures":{"value":0}}
{"ts":1669476267919833909,"type":"point","name":"exType:baseline/permutationIndex:0/run:31/dialer:center/eavesCount:0/latencyMS:100/seq:7/fileSize:153600/nodeType:Passive/nodeTypeIndex:4/meta:dup_blks_rcvd","measures":{"value":0}}
{"ts":1669476270636080380,"type":"point","name":"exType:baseline/permutationIndex:0/run:32/dialer:center/eavesCount:0/latencyMS:100/seq:7/fileSize:153600/nodeType:Passive/nodeTypeIndex:4/meta:msgs_rcvd","measures":{"value":2}}
{"ts":1669476270636177473,"type":"point","name":"exType:baseline/permutationIndex:0/run:32/dialer:center/eavesCount:0/latencyMS:100/seq:7/fileSize:153600/nodeType:Passive/nodeTypeIndex:4/meta:data_sent","measures":{"value":0}}
{"ts":1669476270636208739,"type":"point","name":"exType:baseline/permutationIndex:0/run:32/dialer:center/eavesCount:0/latencyMS:100/seq:7/fileSize:153600/nodeType:Passive/nodeTypeIndex:4/meta:data_rcvd","measures":{"value":0}}
{"ts":1669476270636229241,"type":"point","name":"exType:baseline/permutationIndex:0/run:32/dialer:center/eavesCount:0/latencyMS:100/seq:7/fileSize:153600/nodeType:Passive/nodeTypeIndex:4/meta:dup_data_rcvd","measures":{"value":0}}
{"ts":1669476270636250350,"type":"point","name":"exType:baseline/permutationIndex:0/run:32/dialer:center/eavesCount:0/latencyMS:100/seq:7/fileSize:153600/nodeType:Passive/nodeTypeIndex:4/meta:blks_sent","measures":{"value":0}}
{"ts":1669476270636271448,"type":"point","name":"exType:baseline/permutationIndex:0/run:32/dialer:center/eavesCount:0/latencyMS:100/seq:7/fileSize:153600/nodeType:Passive/nodeTypeIndex:4/meta:blks_rcvd","measures":{"value":0}}
{"ts":1669476270636292386,"type":"point","name":"exType:baseline/permutationIndex:0/run:32/dialer:center/eavesCount:0/latencyMS:100/seq:7/fileSize:153600/nodeType:Passive/nodeTypeIndex:4/meta:dup_blks_rcvd","measures":{"value":0}}
{"ts":1669476273531572676,"type":"point","name":"exType:baseline/permutationIndex:0/run:33/dialer:center/eavesCount:0/latencyMS:100/seq:7/fileSize:153600/nodeType:Passive/nodeTypeIndex:4/meta:msgs_rcvd","measures":{"value":2}}
{"ts":1669476273531638577,"type":"point","name":"exType:baseline/permutationIndex:0/run:33/dialer:center/eavesCount:0/latencyMS:100/seq:7/fileSize:153600/nodeType:Passive/nodeTypeIndex:4/meta:data_sent","measures":{"value":0}}
{"ts":1669476273531659723,"type":"point","name":"exType:baseline/permutationIndex:0/run:33/dialer:center/eavesCount:0/latencyMS:100/seq:7/fileSize:153600/nodeType:Passive/nodeTypeIndex:4/meta:data_rcvd","measures":{"value":0}}
{"ts":1669476273531673391,"type":"point","name":"exType:baseline/permutationIndex:0/run:33/dialer:center/eavesCount:0/latencyMS:100/seq:7/fileSize:153600/nodeType:Passive/nodeTypeIndex:4/meta:dup_data_rcvd","measures":{"value":0}}
{"ts":1669476273531686158,"type":"point","name":"exType:baseline/permutationIndex:0/run:33/dialer:center/eavesCount:0/latencyMS:100/seq:7/fileSize:153600/nodeType:Passive/nodeTypeIndex:4/meta:blks_sent","measures":{"value":0}}
{"ts":1669476273531700688,"type":"point","name":"exType:baseline/permutationIndex:0/run:33/dialer:center/eavesCount:0/latencyMS:100/seq:7/fileSize:153600/nodeType:Passive/nodeTypeIndex:4/meta:blks_rcvd","measures":{"value":0}}
{"ts":1669476273531713943,"type":"point","name":"exType:baseline/permutationIndex:0/run:33/dialer:center/eavesCount:0/latencyMS:100/seq:7/fileSize:153600/nodeType:Passive/nodeTypeIndex:4/meta:dup_blks_rcvd","measures":{"value":0}}
{"ts":1669476276424228339,"type":"point","name":"exType:baseline/permutationIndex:0/run:34/dialer:center/eavesCount:0/latencyMS:100/seq:7/fileSize:153600/nodeType:Passive/nodeTypeIndex:4/meta:msgs_rcvd","measures":{"value":2}}
{"ts":1669476276424263434,"type":"point","name":"exType:baseline/permutationIndex:0/run:34/dialer:center/eavesCount:0/latencyMS:100/seq:7/fileSize:153600/nodeType:Passive/nodeTypeIndex:4/meta:data_sent","measures":{"value":0}}
{"ts":1669476276424271547,"type":"point","name":"exType:baseline/permutationIndex:0/run:34/dialer:center/eavesCount:0/latencyMS:100/seq:7/fileSize:153600/nodeType:Passive/nodeTypeIndex:4/meta:data_rcvd","measures":{"value":0}}
{"ts":1669476276424287860,"type":"point","name":"exType:baseline/permutationIndex:0/run:34/dialer:center/eavesCount:0/latencyMS:100/seq:7/fileSize:153600/nodeType:Passive/nodeTypeIndex:4/meta:dup_data_rcvd","measures":{"value":0}}
{"ts":1669476276424293318,"type":"point","name":"exType:baseline/permutationIndex:0/run:34/dialer:center/eavesCount:0/latencyMS:100/seq:7/fileSize:153600/nodeType:Passive/nodeTypeIndex:4/meta:blks_sent","measures":{"value":0}}
{"ts":1669476276424299389,"type":"point","name":"exType:baseline/permutationIndex:0/run:34/dialer:center/eavesCount:0/latencyMS:100/seq:7/fileSize:153600/nodeType:Passive/nodeTypeIndex:4/meta:blks_rcvd","measures":{"value":0}}
{"ts":1669476276424306108,"type":"point","name":"exType:baseline/permutationIndex:0/run:34/dialer:center/eavesCount:0/latencyMS:100/seq:7/fileSize:153600/nodeType:Passive/nodeTypeIndex:4/meta:dup_blks_rcvd","measures":{"value":0}}
{"ts":1669476279293243600,"type":"point","name":"exType:baseline/permutationIndex:0/run:35/dialer:center/eavesCount:0/latencyMS:100/seq:7/fileSize:153600/nodeType:Passive/nodeTypeIndex:4/meta:msgs_rcvd","measures":{"value":7}}
{"ts":1669476279293330084,"type":"point","name":"exType:baseline/permutationIndex:0/run:35/dialer:center/eavesCount:0/latencyMS:100/seq:7/fileSize:153600/nodeType:Passive/nodeTypeIndex:4/meta:data_sent","measures":{"value":0}}
{"ts":1669476279293363504,"type":"point","name":"exType:baseline/permutationIndex:0/run:35/dialer:center/eavesCount:0/latencyMS:100/seq:7/fileSize:153600/nodeType:Passive/nodeTypeIndex:4/meta:data_rcvd","measures":{"value":0}}
{"ts":1669476279293384891,"type":"point","name":"exType:baseline/permutationIndex:0/run:35/dialer:center/eavesCount:0/latencyMS:100/seq:7/fileSize:153600/nodeType:Passive/nodeTypeIndex:4/meta:dup_data_rcvd","measures":{"value":0}}
{"ts":1669476279293404115,"type":"point","name":"exType:baseline/permutationIndex:0/run:35/dialer:center/eavesCount:0/latencyMS:100/seq:7/fileSize:153600/nodeType:Passive/nodeTypeIndex:4/meta:blks_sent","measures":{"value":0}}
{"ts":1669476279293423549,"type":"point","name":"exType:baseline/permutationIndex:0/run:35/dialer:center/eavesCount:0/latencyMS:100/seq:7/fileSize:153600/nodeType:Passive/nodeTypeIndex:4/meta:blks_rcvd","measures":{"value":0}}
{"ts":1669476279293441793,"type":"point","name":"exType:baseline/permutationIndex:0/run:35/dialer:center/eavesCount:0/latencyMS:100/seq:7/fileSize:153600/nodeType:Passive/nodeTypeIndex:4/meta:dup_blks_rcvd","measures":{"value":0}}
{"ts":1669476281962607821,"type":"point","name":"exType:baseline/permutationIndex:0/run:36/dialer:center/eavesCount:0/latencyMS:100/seq:7/fileSize:153600/nodeType:Passive/nodeTypeIndex:4/meta:msgs_rcvd","measures":{"value":5}}
{"ts":1669476281962626978,"type":"point","name":"exType:baseline/permutationIndex:0/run:36/dialer:center/eavesCount:0/latencyMS:100/seq:7/fileSize:153600/nodeType:Passive/nodeTypeIndex:4/meta:data_sent","measures":{"value":0}}
{"ts":1669476281962632637,"type":"point","name":"exType:baseline/permutationIndex:0/run:36/dialer:center/eavesCount:0/latencyMS:100/seq:7/fileSize:153600/nodeType:Passive/nodeTypeIndex:4/meta:data_rcvd","measures":{"value":0}}
{"ts":1669476281962636673,"type":"point","name":"exType:baseline/permutationIndex:0/run:36/dialer:center/eavesCount:0/latencyMS:100/seq:7/fileSize:153600/nodeType:Passive/nodeTypeIndex:4/meta:dup_data_rcvd","measures":{"value":0}}
{"ts":1669476281962641696,"type":"point","name":"exType:baseline/permutationIndex:0/run:36/dialer:center/eavesCount:0/latencyMS:100/seq:7/fileSize:153600/nodeType:Passive/nodeTypeIndex:4/meta:blks_sent","measures":{"value":0}}
{"ts":1669476281962645352,"type":"point","name":"exType:baseline/permutationIndex:0/run:36/dialer:center/eavesCount:0/latencyMS:100/seq:7/fileSize:153600/nodeType:Passive/nodeTypeIndex:4/meta:blks_rcvd","measures":{"value":0}}
{"ts":1669476281962649740,"type":"point","name":"exType:baseline/permutationIndex:0/run:36/dialer:center/eavesCount:0/latencyMS:100/seq:7/fileSize:153600/nodeType:Passive/nodeTypeIndex:4/meta:dup_blks_rcvd","measures":{"value":0}}
{"ts":1669476285052397353,"type":"point","name":"exType:baseline/permutationIndex:0/run:37/dialer:center/eavesCount:0/latencyMS:100/seq:7/fileSize:153600/nodeType:Passive/nodeTypeIndex:4/meta:msgs_rcvd","measures":{"value":2}}
{"ts":1669476285052520521,"type":"point","name":"exType:baseline/permutationIndex:0/run:37/dialer:center/eavesCount:0/latencyMS:100/seq:7/fileSize:153600/nodeType:Passive/nodeTypeIndex:4/meta:data_sent","measures":{"value":0}}
{"ts":1669476285052550559,"type":"point","name":"exType:baseline/permutationIndex:0/run:37/dialer:center/eavesCount:0/latencyMS:100/seq:7/fileSize:153600/nodeType:Passive/nodeTypeIndex:4/meta:data_rcvd","measures":{"value":0}}
{"ts":1669476285052572401,"type":"point","name":"exType:baseline/permutationIndex:0/run:37/dialer:center/eavesCount:0/latencyMS:100/seq:7/fileSize:153600/nodeType:Passive/nodeTypeIndex:4/meta:dup_data_rcvd","measures":{"value":0}}
{"ts":1669476285052594539,"type":"point","name":"exType:baseline/permutationIndex:0/run:37/dialer:center/eavesCount:0/latencyMS:100/seq:7/fileSize:153600/nodeType:Passive/nodeTypeIndex:4/meta:blks_sent","measures":{"value":0}}
{"ts":1669476285052614357,"type":"point","name":"exType:baseline/permutationIndex:0/run:37/dialer:center/eavesCount:0/latencyMS:100/seq:7/fileSize:153600/nodeType:Passive/nodeTypeIndex:4/meta:blks_rcvd","measures":{"value":0}}
{"ts":1669476285052636278,"type":"point","name":"exType:baseline/permutationIndex:0/run:37/dialer:center/eavesCount:0/latencyMS:100/seq:7/fileSize:153600/nodeType:Passive/nodeTypeIndex:4/meta:dup_blks_rcvd","measures":{"value":0}}
{"ts":1669476287789572070,"type":"point","name":"exType:baseline/permutationIndex:0/run:38/dialer:center/eavesCount:0/latencyMS:100/seq:7/fileSize:153600/nodeType:Passive/nodeTypeIndex:4/meta:msgs_rcvd","measures":{"value":1}}
{"ts":1669476287789602152,"type":"point","name":"exType:baseline/permutationIndex:0/run:38/dialer:center/eavesCount:0/latencyMS:100/seq:7/fileSize:153600/nodeType:Passive/nodeTypeIndex:4/meta:data_sent","measures":{"value":0}}
{"ts":1669476287789606488,"type":"point","name":"exType:baseline/permutationIndex:0/run:38/dialer:center/eavesCount:0/latencyMS:100/seq:7/fileSize:153600/nodeType:Passive/nodeTypeIndex:4/meta:data_rcvd","measures":{"value":0}}
{"ts":1669476287789609642,"type":"point","name":"exType:baseline/permutationIndex:0/run:38/dialer:center/eavesCount:0/latencyMS:100/seq:7/fileSize:153600/nodeType:Passive/nodeTypeIndex:4/meta:dup_data_rcvd","measures":{"value":0}}
{"ts":1669476287789612707,"type":"point","name":"exType:baseline/permutationIndex:0/run:38/dialer:center/eavesCount:0/latencyMS:100/seq:7/fileSize:153600/nodeType:Passive/nodeTypeIndex:4/meta:blks_sent","measures":{"value":0}}
{"ts":1669476287789615350,"type":"point","name":"exType:baseline/permutationIndex:0/run:38/dialer:center/eavesCount:0/latencyMS:100/seq:7/fileSize:153600/nodeType:Passive/nodeTypeIndex:4/meta:blks_rcvd","measures":{"value":0}}
{"ts":1669476287789617696,"type":"point","name":"exType:baseline/permutationIndex:0/run:38/dialer:center/eavesCount:0/latencyMS:100/seq:7/fileSize:153600/nodeType:Passive/nodeTypeIndex:4/meta:dup_blks_rcvd","measures":{"value":0}}
{"ts":1669476290699134427,"type":"point","name":"exType:baseline/permutationIndex:0/run:39/dialer:center/eavesCount:0/latencyMS:100/seq:7/fileSize:153600/nodeType:Passive/nodeTypeIndex:4/meta:msgs_rcvd","measures":{"value":2}}
{"ts":1669476290699171596,"type":"point","name":"exType:baseline/permutationIndex:0/run:39/dialer:center/eavesCount:0/latencyMS:100/seq:7/fileSize:153600/nodeType:Passive/nodeTypeIndex:4/meta:data_sent","measures":{"value":0}}
{"ts":1669476290699179559,"type":"point","name":"exType:baseline/permutationIndex:0/run:39/dialer:center/eavesCount:0/latencyMS:100/seq:7/fileSize:153600/nodeType:Passive/nodeTypeIndex:4/meta:data_rcvd","measures":{"value":0}}
{"ts":1669476290699184038,"type":"point","name":"exType:baseline/permutationIndex:0/run:39/dialer:center/eavesCount:0/latencyMS:100/seq:7/fileSize:153600/nodeType:Passive/nodeTypeIndex:4/meta:dup_data_rcvd","measures":{"value":0}}
{"ts":1669476290699203573,"type":"point","name":"exType:baseline/permutationIndex:0/run:39/dialer:center/eavesCount:0/latencyMS:100/seq:7/fileSize:153600/nodeType:Passive/nodeTypeIndex:4/meta:blks_sent","measures":{"value":0}}
{"ts":1669476290699211342,"type":"point","name":"exType:baseline/permutationIndex:0/run:39/dialer:center/eavesCount:0/latencyMS:100/seq:7/fileSize:153600/nodeType:Passive/nodeTypeIndex:4/meta:blks_rcvd","measures":{"value":0}}
{"ts":1669476290699218647,"type":"point","name":"exType:baseline/permutationIndex:0/run:39/dialer:center/eavesCount:0/latencyMS:100/seq:7/fileSize:153600/nodeType:Passive/nodeTypeIndex:4/meta:dup_blks_rcvd","measures":{"value":0}}
{"ts":1669476293796680083,"type":"point","name":"exType:baseline/permutationIndex:0/run:40/dialer:center/eavesCount:0/latencyMS:100/seq:7/fileSize:153600/nodeType:Passive/nodeTypeIndex:4/meta:msgs_rcvd","measures":{"value":3}}
{"ts":1669476293796783225,"type":"point","name":"exType:baseline/permutationIndex:0/run:40/dialer:center/eavesCount:0/latencyMS:100/seq:7/fileSize:153600/nodeType:Passive/nodeTypeIndex:4/meta:data_sent","measures":{"value":0}}
{"ts":1669476293796815016,"type":"point","name":"exType:baseline/permutationIndex:0/run:40/dialer:center/eavesCount:0/latencyMS:100/seq:7/fileSize:153600/nodeType:Passive/nodeTypeIndex:4/meta:data_rcvd","measures":{"value":0}}
{"ts":1669476293796834513,"type":"point","name":"exType:baseline/permutationIndex:0/run:40/dialer:center/eavesCount:0/latencyMS:100/seq:7/fileSize:153600/nodeType:Passive/nodeTypeIndex:4/meta:dup_data_rcvd","measures":{"value":0}}
{"ts":1669476293796854285,"type":"point","name":"exType:baseline/permutationIndex:0/run:40/dialer:center/eavesCount:0/latencyMS:100/seq:7/fileSize:153600/nodeType:Passive/nodeTypeIndex:4/meta:blks_sent","measures":{"value":0}}
{"ts":1669476293796873576,"type":"point","name":"exType:baseline/permutationIndex:0/run:40/dialer:center/eavesCount:0/latencyMS:100/seq:7/fileSize:153600/nodeType:Passive/nodeTypeIndex:4/meta:blks_rcvd","measures":{"value":0}}
{"ts":1669476293796894405,"type":"point","name":"exType:baseline/permutationIndex:0/run:40/dialer:center/eavesCount:0/latencyMS:100/seq:7/fileSize:153600/nodeType:Passive/nodeTypeIndex:4/meta:dup_blks_rcvd","measures":{"value":0}}
{"ts":1669476296427018908,"type":"point","name":"exType:baseline/permutationIndex:0/run:41/dialer:center/eavesCount:0/latencyMS:100/seq:7/fileSize:153600/nodeType:Passive/nodeTypeIndex:4/meta:msgs_rcvd","measures":{"value":2}}
{"ts":1669476296427044113,"type":"point","name":"exType:baseline/permutationIndex:0/run:41/dialer:center/eavesCount:0/latencyMS:100/seq:7/fileSize:153600/nodeType:Passive/nodeTypeIndex:4/meta:data_sent","measures":{"value":0}}
{"ts":1669476296427051617,"type":"point","name":"exType:baseline/permutationIndex:0/run:41/dialer:center/eavesCount:0/latencyMS:100/seq:7/fileSize:153600/nodeType:Passive/nodeTypeIndex:4/meta:data_rcvd","measures":{"value":0}}
{"ts":1669476296427060629,"type":"point","name":"exType:baseline/permutationIndex:0/run:41/dialer:center/eavesCount:0/latencyMS:100/seq:7/fileSize:153600/nodeType:Passive/nodeTypeIndex:4/meta:dup_data_rcvd","measures":{"value":0}}
{"ts":1669476296427064898,"type":"point","name":"exType:baseline/permutationIndex:0/run:41/dialer:center/eavesCount:0/latencyMS:100/seq:7/fileSize:153600/nodeType:Passive/nodeTypeIndex:4/meta:blks_sent","measures":{"value":0}}
{"ts":1669476296427070276,"type":"point","name":"exType:baseline/permutationIndex:0/run:41/dialer:center/eavesCount:0/latencyMS:100/seq:7/fileSize:153600/nodeType:Passive/nodeTypeIndex:4/meta:blks_rcvd","measures":{"value":0}}
{"ts":1669476296427075715,"type":"point","name":"exType:baseline/permutationIndex:0/run:41/dialer:center/eavesCount:0/latencyMS:100/seq:7/fileSize:153600/nodeType:Passive/nodeTypeIndex:4/meta:dup_blks_rcvd","measures":{"value":0}}
{"ts":1669476299110727952,"type":"point","name":"exType:baseline/permutationIndex:0/run:42/dialer:center/eavesCount:0/latencyMS:100/seq:7/fileSize:153600/nodeType:Passive/nodeTypeIndex:4/meta:msgs_rcvd","measures":{"value":3}}
{"ts":1669476299110917487,"type":"point","name":"exType:baseline/permutationIndex:0/run:42/dialer:center/eavesCount:0/latencyMS:100/seq:7/fileSize:153600/nodeType:Passive/nodeTypeIndex:4/meta:data_sent","measures":{"value":0}}
{"ts":1669476299110950742,"type":"point","name":"exType:baseline/permutationIndex:0/run:42/dialer:center/eavesCount:0/latencyMS:100/seq:7/fileSize:153600/nodeType:Passive/nodeTypeIndex:4/meta:data_rcvd","measures":{"value":0}}
{"ts":1669476299110971815,"type":"point","name":"exType:baseline/permutationIndex:0/run:42/dialer:center/eavesCount:0/latencyMS:100/seq:7/fileSize:153600/nodeType:Passive/nodeTypeIndex:4/meta:dup_data_rcvd","measures":{"value":0}}
{"ts":1669476299110991004,"type":"point","name":"exType:baseline/permutationIndex:0/run:42/dialer:center/eavesCount:0/latencyMS:100/seq:7/fileSize:153600/nodeType:Passive/nodeTypeIndex:4/meta:blks_sent","measures":{"value":0}}
{"ts":1669476299111011056,"type":"point","name":"exType:baseline/permutationIndex:0/run:42/dialer:center/eavesCount:0/latencyMS:100/seq:7/fileSize:153600/nodeType:Passive/nodeTypeIndex:4/meta:blks_rcvd","measures":{"value":0}}
{"ts":1669476299111031595,"type":"point","name":"exType:baseline/permutationIndex:0/run:42/dialer:center/eavesCount:0/latencyMS:100/seq:7/fileSize:153600/nodeType:Passive/nodeTypeIndex:4/meta:dup_blks_rcvd","measures":{"value":0}}
{"ts":1669476302343147312,"type":"point","name":"exType:baseline/permutationIndex:0/run:43/dialer:center/eavesCount:0/latencyMS:100/seq:7/fileSize:153600/nodeType:Passive/nodeTypeIndex:4/meta:msgs_rcvd","measures":{"value":4}}
{"ts":1669476302343184474,"type":"point","name":"exType:baseline/permutationIndex:0/run:43/dialer:center/eavesCount:0/latencyMS:100/seq:7/fileSize:153600/nodeType:Passive/nodeTypeIndex:4/meta:data_sent","measures":{"value":0}}
{"ts":1669476302343193138,"type":"point","name":"exType:baseline/permutationIndex:0/run:43/dialer:center/eavesCount:0/latencyMS:100/seq:7/fileSize:153600/nodeType:Passive/nodeTypeIndex:4/meta:data_rcvd","measures":{"value":0}}
{"ts":1669476302343198429,"type":"point","name":"exType:baseline/permutationIndex:0/run:43/dialer:center/eavesCount:0/latencyMS:100/seq:7/fileSize:153600/nodeType:Passive/nodeTypeIndex:4/meta:dup_data_rcvd","measures":{"value":0}}
{"ts":1669476302343202714,"type":"point","name":"exType:baseline/permutationIndex:0/run:43/dialer:center/eavesCount:0/latencyMS:100/seq:7/fileSize:153600/nodeType:Passive/nodeTypeIndex:4/meta:blks_sent","measures":{"value":0}}
{"ts":1669476302343206374,"type":"point","name":"exType:baseline/permutationIndex:0/run:43/dialer:center/eavesCount:0/latencyMS:100/seq:7/fileSize:153600/nodeType:Passive/nodeTypeIndex:4/meta:blks_rcvd","measures":{"value":0}}
{"ts":1669476302343210513,"type":"point","name":"exType:baseline/permutationIndex:0/run:43/dialer:center/eavesCount:0/latencyMS:100/seq:7/fileSize:153600/nodeType:Passive/nodeTypeIndex:4/meta:dup_blks_rcvd","measures":{"value":0}}
{"ts":1669476305750291811,"type":"point","name":"exType:baseline/permutationIndex:0/run:44/dialer:center/eavesCount:0/latencyMS:100/seq:7/fileSize:153600/nodeType:Passive/nodeTypeIndex:4/meta:msgs_rcvd","measures":{"value":3}}
{"ts":1669476305750328891,"type":"point","name":"exType:baseline/permutationIndex:0/run:44/dialer:center/eavesCount:0/latencyMS:100/seq:7/fileSize:153600/nodeType:Passive/nodeTypeIndex:4/meta:data_sent","measures":{"value":0}}
{"ts":1669476305750339139,"type":"point","name":"exType:baseline/permutationIndex:0/run:44/dialer:center/eavesCount:0/latencyMS:100/seq:7/fileSize:153600/nodeType:Passive/nodeTypeIndex:4/meta:data_rcvd","measures":{"value":0}}
{"ts":1669476305750345666,"type":"point","name":"exType:baseline/permutationIndex:0/run:44/dialer:center/eavesCount:0/latencyMS:100/seq:7/fileSize:153600/nodeType:Passive/nodeTypeIndex:4/meta:dup_data_rcvd","measures":{"value":0}}
{"ts":1669476305750351672,"type":"point","name":"exType:baseline/permutationIndex:0/run:44/dialer:center/eavesCount:0/latencyMS:100/seq:7/fileSize:153600/nodeType:Passive/nodeTypeIndex:4/meta:blks_sent","measures":{"value":0}}
{"ts":1669476305750372430,"type":"point","name":"exType:baseline/permutationIndex:0/run:44/dialer:center/eavesCount:0/latencyMS:100/seq:7/fileSize:153600/nodeType:Passive/nodeTypeIndex:4/meta:blks_rcvd","measures":{"value":0}}
{"ts":1669476305750378622,"type":"point","name":"exType:baseline/permutationIndex:0/run:44/dialer:center/eavesCount:0/latencyMS:100/seq:7/fileSize:153600/nodeType:Passive/nodeTypeIndex:4/meta:dup_blks_rcvd","measures":{"value":0}}
{"ts":1669476308355000760,"type":"point","name":"exType:baseline/permutationIndex:0/run:45/dialer:center/eavesCount:0/latencyMS:100/seq:7/fileSize:153600/nodeType:Passive/nodeTypeIndex:4/meta:msgs_rcvd","measures":{"value":2}}
{"ts":1669476308355017163,"type":"point","name":"exType:baseline/permutationIndex:0/run:45/dialer:center/eavesCount:0/latencyMS:100/seq:7/fileSize:153600/nodeType:Passive/nodeTypeIndex:4/meta:data_sent","measures":{"value":0}}
{"ts":1669476308355022599,"type":"point","name":"exType:baseline/permutationIndex:0/run:45/dialer:center/eavesCount:0/latencyMS:100/seq:7/fileSize:153600/nodeType:Passive/nodeTypeIndex:4/meta:data_rcvd","measures":{"value":0}}
{"ts":1669476308355024937,"type":"point","name":"exType:baseline/permutationIndex:0/run:45/dialer:center/eavesCount:0/latencyMS:100/seq:7/fileSize:153600/nodeType:Passive/nodeTypeIndex:4/meta:dup_data_rcvd","measures":{"value":0}}
{"ts":1669476308355027629,"type":"point","name":"exType:baseline/permutationIndex:0/run:45/dialer:center/eavesCount:0/latencyMS:100/seq:7/fileSize:153600/nodeType:Passive/nodeTypeIndex:4/meta:blks_sent","measures":{"value":0}}
{"ts":1669476308355030021,"type":"point","name":"exType:baseline/permutationIndex:0/run:45/dialer:center/eavesCount:0/latencyMS:100/seq:7/fileSize:153600/nodeType:Passive/nodeTypeIndex:4/meta:blks_rcvd","measures":{"value":0}}
{"ts":1669476308355032438,"type":"point","name":"exType:baseline/permutationIndex:0/run:45/dialer:center/eavesCount:0/latencyMS:100/seq:7/fileSize:153600/nodeType:Passive/nodeTypeIndex:4/meta:dup_blks_rcvd","measures":{"value":0}}
{"ts":1669476311075587719,"type":"point","name":"exType:baseline/permutationIndex:0/run:46/dialer:center/eavesCount:0/latencyMS:100/seq:7/fileSize:153600/nodeType:Passive/nodeTypeIndex:4/meta:msgs_rcvd","measures":{"value":2}}
{"ts":1669476311075709585,"type":"point","name":"exType:baseline/permutationIndex:0/run:46/dialer:center/eavesCount:0/latencyMS:100/seq:7/fileSize:153600/nodeType:Passive/nodeTypeIndex:4/meta:data_sent","measures":{"value":0}}
{"ts":1669476311075751515,"type":"point","name":"exType:baseline/permutationIndex:0/run:46/dialer:center/eavesCount:0/latencyMS:100/seq:7/fileSize:153600/nodeType:Passive/nodeTypeIndex:4/meta:data_rcvd","measures":{"value":0}}
{"ts":1669476311075772010,"type":"point","name":"exType:baseline/permutationIndex:0/run:46/dialer:center/eavesCount:0/latencyMS:100/seq:7/fileSize:153600/nodeType:Passive/nodeTypeIndex:4/meta:dup_data_rcvd","measures":{"value":0}}
{"ts":1669476311075795552,"type":"point","name":"exType:baseline/permutationIndex:0/run:46/dialer:center/eavesCount:0/latencyMS:100/seq:7/fileSize:153600/nodeType:Passive/nodeTypeIndex:4/meta:blks_sent","measures":{"value":0}}
{"ts":1669476311075813327,"type":"point","name":"exType:baseline/permutationIndex:0/run:46/dialer:center/eavesCount:0/latencyMS:100/seq:7/fileSize:153600/nodeType:Passive/nodeTypeIndex:4/meta:blks_rcvd","measures":{"value":0}}
{"ts":1669476311075835803,"type":"point","name":"exType:baseline/permutationIndex:0/run:46/dialer:center/eavesCount:0/latencyMS:100/seq:7/fileSize:153600/nodeType:Passive/nodeTypeIndex:4/meta:dup_blks_rcvd","measures":{"value":0}}
{"ts":1669476313962501849,"type":"point","name":"exType:baseline/permutationIndex:0/run:47/dialer:center/eavesCount:0/latencyMS:100/seq:7/fileSize:153600/nodeType:Passive/nodeTypeIndex:4/meta:msgs_rcvd","measures":{"value":2}}
{"ts":1669476313962603611,"type":"point","name":"exType:baseline/permutationIndex:0/run:47/dialer:center/eavesCount:0/latencyMS:100/seq:7/fileSize:153600/nodeType:Passive/nodeTypeIndex:4/meta:data_sent","measures":{"value":0}}
{"ts":1669476313962696597,"type":"point","name":"exType:baseline/permutationIndex:0/run:47/dialer:center/eavesCount:0/latencyMS:100/seq:7/fileSize:153600/nodeType:Passive/nodeTypeIndex:4/meta:data_rcvd","measures":{"value":0}}
{"ts":1669476313962722315,"type":"point","name":"exType:baseline/permutationIndex:0/run:47/dialer:center/eavesCount:0/latencyMS:100/seq:7/fileSize:153600/nodeType:Passive/nodeTypeIndex:4/meta:dup_data_rcvd","measures":{"value":0}}
{"ts":1669476313962742654,"type":"point","name":"exType:baseline/permutationIndex:0/run:47/dialer:center/eavesCount:0/latencyMS:100/seq:7/fileSize:153600/nodeType:Passive/nodeTypeIndex:4/meta:blks_sent","measures":{"value":0}}
{"ts":1669476313962760994,"type":"point","name":"exType:baseline/permutationIndex:0/run:47/dialer:center/eavesCount:0/latencyMS:100/seq:7/fileSize:153600/nodeType:Passive/nodeTypeIndex:4/meta:blks_rcvd","measures":{"value":0}}
{"ts":1669476313962778926,"type":"point","name":"exType:baseline/permutationIndex:0/run:47/dialer:center/eavesCount:0/latencyMS:100/seq:7/fileSize:153600/nodeType:Passive/nodeTypeIndex:4/meta:dup_blks_rcvd","measures":{"value":0}}
{"ts":1669476317475153377,"type":"point","name":"exType:baseline/permutationIndex:0/run:48/dialer:center/eavesCount:0/latencyMS:100/seq:7/fileSize:153600/nodeType:Passive/nodeTypeIndex:4/meta:msgs_rcvd","measures":{"value":3}}
{"ts":1669476317475250422,"type":"point","name":"exType:baseline/permutationIndex:0/run:48/dialer:center/eavesCount:0/latencyMS:100/seq:7/fileSize:153600/nodeType:Passive/nodeTypeIndex:4/meta:data_sent","measures":{"value":0}}
{"ts":1669476317475278230,"type":"point","name":"exType:baseline/permutationIndex:0/run:48/dialer:center/eavesCount:0/latencyMS:100/seq:7/fileSize:153600/nodeType:Passive/nodeTypeIndex:4/meta:data_rcvd","measures":{"value":0}}
{"ts":1669476317475296552,"type":"point","name":"exType:baseline/permutationIndex:0/run:48/dialer:center/eavesCount:0/latencyMS:100/seq:7/fileSize:153600/nodeType:Passive/nodeTypeIndex:4/meta:dup_data_rcvd","measures":{"value":0}}
{"ts":1669476317475313307,"type":"point","name":"exType:baseline/permutationIndex:0/run:48/dialer:center/eavesCount:0/latencyMS:100/seq:7/fileSize:153600/nodeType:Passive/nodeTypeIndex:4/meta:blks_sent","measures":{"value":0}}
{"ts":1669476317475330194,"type":"point","name":"exType:baseline/permutationIndex:0/run:48/dialer:center/eavesCount:0/latencyMS:100/seq:7/fileSize:153600/nodeType:Passive/nodeTypeIndex:4/meta:blks_rcvd","measures":{"value":0}}
{"ts":1669476317475347533,"type":"point","name":"exType:baseline/permutationIndex:0/run:48/dialer:center/eavesCount:0/latencyMS:100/seq:7/fileSize:153600/nodeType:Passive/nodeTypeIndex:4/meta:dup_blks_rcvd","measures":{"value":0}}
{"ts":1669476320158439958,"type":"point","name":"exType:baseline/permutationIndex:0/run:49/dialer:center/eavesCount:0/latencyMS:100/seq:7/fileSize:153600/nodeType:Passive/nodeTypeIndex:4/meta:msgs_rcvd","measures":{"value":2}}
{"ts":1669476320158538440,"type":"point","name":"exType:baseline/permutationIndex:0/run:49/dialer:center/eavesCount:0/latencyMS:100/seq:7/fileSize:153600/nodeType:Passive/nodeTypeIndex:4/meta:data_sent","measures":{"value":0}}
{"ts":1669476320158579811,"type":"point","name":"exType:baseline/permutationIndex:0/run:49/dialer:center/eavesCount:0/latencyMS:100/seq:7/fileSize:153600/nodeType:Passive/nodeTypeIndex:4/meta:data_rcvd","measures":{"value":0}}
{"ts":1669476320158600257,"type":"point","name":"exType:baseline/permutationIndex:0/run:49/dialer:center/eavesCount:0/latencyMS:100/seq:7/fileSize:153600/nodeType:Passive/nodeTypeIndex:4/meta:dup_data_rcvd","measures":{"value":0}}
{"ts":1669476320158618689,"type":"point","name":"exType:baseline/permutationIndex:0/run:49/dialer:center/eavesCount:0/latencyMS:100/seq:7/fileSize:153600/nodeType:Passive/nodeTypeIndex:4/meta:blks_sent","measures":{"value":0}}
{"ts":1669476320158637717,"type":"point","name":"exType:baseline/permutationIndex:0/run:49/dialer:center/eavesCount:0/latencyMS:100/seq:7/fileSize:153600/nodeType:Passive/nodeTypeIndex:4/meta:blks_rcvd","measures":{"value":0}}
{"ts":1669476320158734238,"type":"point","name":"exType:baseline/permutationIndex:0/run:49/dialer:center/eavesCount:0/latencyMS:100/seq:7/fileSize:153600/nodeType:Passive/nodeTypeIndex:4/meta:dup_blks_rcvd","measures":{"value":0}}
{"ts":1669476323076494340,"type":"point","name":"exType:baseline/permutationIndex:0/run:50/dialer:center/eavesCount:0/latencyMS:100/seq:7/fileSize:153600/nodeType:Passive/nodeTypeIndex:4/meta:msgs_rcvd","measures":{"value":2}}
{"ts":1669476323076507620,"type":"point","name":"exType:baseline/permutationIndex:0/run:50/dialer:center/eavesCount:0/latencyMS:100/seq:7/fileSize:153600/nodeType:Passive/nodeTypeIndex:4/meta:data_sent","measures":{"value":0}}
{"ts":1669476323076509865,"type":"point","name":"exType:baseline/permutationIndex:0/run:50/dialer:center/eavesCount:0/latencyMS:100/seq:7/fileSize:153600/nodeType:Passive/nodeTypeIndex:4/meta:data_rcvd","measures":{"value":0}}
{"ts":1669476323076512203,"type":"point","name":"exType:baseline/permutationIndex:0/run:50/dialer:center/eavesCount:0/latencyMS:100/seq:7/fileSize:153600/nodeType:Passive/nodeTypeIndex:4/meta:dup_data_rcvd","measures":{"value":0}}
{"ts":1669476323076514566,"type":"point","name":"exType:baseline/permutationIndex:0/run:50/dialer:center/eavesCount:0/latencyMS:100/seq:7/fileSize:153600/nodeType:Passive/nodeTypeIndex:4/meta:blks_sent","measures":{"value":0}}
{"ts":1669476323076516822,"type":"point","name":"exType:baseline/permutationIndex:0/run:50/dialer:center/eavesCount:0/latencyMS:100/seq:7/fileSize:153600/nodeType:Passive/nodeTypeIndex:4/meta:blks_rcvd","measures":{"value":0}}
{"ts":1669476323076518949,"type":"point","name":"exType:baseline/permutationIndex:0/run:50/dialer:center/eavesCount:0/latencyMS:100/seq:7/fileSize:153600/nodeType:Passive/nodeTypeIndex:4/meta:dup_blks_rcvd","measures":{"value":0}}
{"ts":1669476325970441959,"type":"point","name":"exType:baseline/permutationIndex:0/run:51/dialer:center/eavesCount:0/latencyMS:100/seq:7/fileSize:153600/nodeType:Passive/nodeTypeIndex:4/meta:msgs_rcvd","measures":{"value":1}}
{"ts":1669476325970529787,"type":"point","name":"exType:baseline/permutationIndex:0/run:51/dialer:center/eavesCount:0/latencyMS:100/seq:7/fileSize:153600/nodeType:Passive/nodeTypeIndex:4/meta:data_sent","measures":{"value":0}}
{"ts":1669476325970559600,"type":"point","name":"exType:baseline/permutationIndex:0/run:51/dialer:center/eavesCount:0/latencyMS:100/seq:7/fileSize:153600/nodeType:Passive/nodeTypeIndex:4/meta:data_rcvd","measures":{"value":0}}
{"ts":1669476325970577222,"type":"point","name":"exType:baseline/permutationIndex:0/run:51/dialer:center/eavesCount:0/latencyMS:100/seq:7/fileSize:153600/nodeType:Passive/nodeTypeIndex:4/meta:dup_data_rcvd","measures":{"value":0}}
{"ts":1669476325970595304,"type":"point","name":"exType:baseline/permutationIndex:0/run:51/dialer:center/eavesCount:0/latencyMS:100/seq:7/fileSize:153600/nodeType:Passive/nodeTypeIndex:4/meta:blks_sent","measures":{"value":0}}
{"ts":1669476325970614989,"type":"point","name":"exType:baseline/permutationIndex:0/run:51/dialer:center/eavesCount:0/latencyMS:100/seq:7/fileSize:153600/nodeType:Passive/nodeTypeIndex:4/meta:blks_rcvd","measures":{"value":0}}
{"ts":1669476325970632501,"type":"point","name":"exType:baseline/permutationIndex:0/run:51/dialer:center/eavesCount:0/latencyMS:100/seq:7/fileSize:153600/nodeType:Passive/nodeTypeIndex:4/meta:dup_blks_rcvd","measures":{"value":0}}
{"ts":1669476328841477710,"type":"point","name":"exType:baseline/permutationIndex:0/run:52/dialer:center/eavesCount:0/latencyMS:100/seq:7/fileSize:153600/nodeType:Passive/nodeTypeIndex:4/meta:msgs_rcvd","measures":{"value":3}}
{"ts":1669476328841501771,"type":"point","name":"exType:baseline/permutationIndex:0/run:52/dialer:center/eavesCount:0/latencyMS:100/seq:7/fileSize:153600/nodeType:Passive/nodeTypeIndex:4/meta:data_sent","measures":{"value":0}}
{"ts":1669476328841508400,"type":"point","name":"exType:baseline/permutationIndex:0/run:52/dialer:center/eavesCount:0/latencyMS:100/seq:7/fileSize:153600/nodeType:Passive/nodeTypeIndex:4/meta:data_rcvd","measures":{"value":0}}
{"ts":1669476328841519641,"type":"point","name":"exType:baseline/permutationIndex:0/run:52/dialer:center/eavesCount:0/latencyMS:100/seq:7/fileSize:153600/nodeType:Passive/nodeTypeIndex:4/meta:dup_data_rcvd","measures":{"value":0}}
{"ts":1669476328841523784,"type":"point","name":"exType:baseline/permutationIndex:0/run:52/dialer:center/eavesCount:0/latencyMS:100/seq:7/fileSize:153600/nodeType:Passive/nodeTypeIndex:4/meta:blks_sent","measures":{"value":0}}
{"ts":1669476328841528140,"type":"point","name":"exType:baseline/permutationIndex:0/run:52/dialer:center/eavesCount:0/latencyMS:100/seq:7/fileSize:153600/nodeType:Passive/nodeTypeIndex:4/meta:blks_rcvd","measures":{"value":0}}
{"ts":1669476328841532326,"type":"point","name":"exType:baseline/permutationIndex:0/run:52/dialer:center/eavesCount:0/latencyMS:100/seq:7/fileSize:153600/nodeType:Passive/nodeTypeIndex:4/meta:dup_blks_rcvd","measures":{"value":0}}
{"ts":1669476331547849623,"type":"point","name":"exType:baseline/permutationIndex:0/run:53/dialer:center/eavesCount:0/latencyMS:100/seq:7/fileSize:153600/nodeType:Passive/nodeTypeIndex:4/meta:msgs_rcvd","measures":{"value":3}}
{"ts":1669476331547905673,"type":"point","name":"exType:baseline/permutationIndex:0/run:53/dialer:center/eavesCount:0/latencyMS:100/seq:7/fileSize:153600/nodeType:Passive/nodeTypeIndex:4/meta:data_sent","measures":{"value":0}}
{"ts":1669476331547921402,"type":"point","name":"exType:baseline/permutationIndex:0/run:53/dialer:center/eavesCount:0/latencyMS:100/seq:7/fileSize:153600/nodeType:Passive/nodeTypeIndex:4/meta:data_rcvd","measures":{"value":0}}
{"ts":1669476331547933612,"type":"point","name":"exType:baseline/permutationIndex:0/run:53/dialer:center/eavesCount:0/latencyMS:100/seq:7/fileSize:153600/nodeType:Passive/nodeTypeIndex:4/meta:dup_data_rcvd","measures":{"value":0}}
{"ts":1669476331547943743,"type":"point","name":"exType:baseline/permutationIndex:0/run:53/dialer:center/eavesCount:0/latencyMS:100/seq:7/fileSize:153600/nodeType:Passive/nodeTypeIndex:4/meta:blks_sent","measures":{"value":0}}
{"ts":1669476331547953747,"type":"point","name":"exType:baseline/permutationIndex:0/run:53/dialer:center/eavesCount:0/latencyMS:100/seq:7/fileSize:153600/nodeType:Passive/nodeTypeIndex:4/meta:blks_rcvd","measures":{"value":0}}
{"ts":1669476331547963943,"type":"point","name":"exType:baseline/permutationIndex:0/run:53/dialer:center/eavesCount:0/latencyMS:100/seq:7/fileSize:153600/nodeType:Passive/nodeTypeIndex:4/meta:dup_blks_rcvd","measures":{"value":0}}
