{"ts":1669476176250111891,"type":"point","name":"exType:baseline/permutationIndex:0/run:1/dialer:center/eavesCount:0/latencyMS:100/seq:6/fileSize:153600/nodeType:Passive/nodeTypeIndex:3/meta:msgs_rcvd","measures":{"value":5}}
{"ts":1669476176250201015,"type":"point","name":"exType:baseline/permutationIndex:0/run:1/dialer:center/eavesCount:0/latencyMS:100/seq:6/fileSize:153600/nodeType:Passive/nodeTypeIndex:3/meta:data_sent","measures":{"value":0}}
{"ts":1669476176250210942,"type":"point","name":"exType:baseline/permutationIndex:0/run:1/dialer:center/eavesCount:0/latencyMS:100/seq:6/fileSize:153600/nodeType:Passive/nodeTypeIndex:3/meta:data_rcvd","measures":{"value":0}}
{"ts":1669476176250216639,"type":"point","name":"exType:baseline/permutationIndex:0/run:1/dialer:center/eavesCount:0/latencyMS:100/seq:6/fileSize:153600/nodeType:Passive/nodeTypeIndex:3/meta:dup_data_rcvd","measures":{"value":0}}
{"ts":1669476176250222601,"type":"point","name":"exType:baseline/permutationIndex:0/run:1/dialer:center/eavesCount:0/latencyMS:100/seq:6/fileSize:153600/nodeType:Passive/nodeTypeIndex:3/meta:blks_sent","measures":{"value":0}}
{"ts":1669476176250228387,"type":"point","name":"exType:baseline/permutationIndex:0/run:1/dialer:center/eavesCount:0/latencyMS:100/seq:6/fileSize:153600/nodeType:Passive/nodeTypeIndex:3/meta:blks_rcvd","measures":{"value":0}}
{"ts":1669476176250234086,"type":"point","name":"exType:baseline/permutationIndex:0/run:1/dialer:center/eavesCount:0/latencyMS:100/seq:6/fileSize:153600/nodeType:Passive/nodeTypeIndex:3/meta:dup_blks_rcvd","measures":{"value":0}}
{"ts":1669476179130383577,"type":"point","name":"exType:baseline/permutationIndex:0/run:2/dialer:center/eavesCount:0/latencyMS:100/seq:6/fileSize:153600/nodeType:Passive/nodeTypeIndex:3/meta:msgs_rcvd","measures":{"value":2}}
{"ts":1669476179130463611,"type":"point","name":"exType:baseline/permutationIndex:0/run:2/dialer:center/eavesCount:0/latencyMS:100/seq:6/fileSize:153600/nodeType:Passive/nodeTypeIndex:3/meta:data_sent","measures":{"value":0}}
{"ts":1669476179130491222,"type":"point","name":"exType:baseline/permutationIndex:0/run:2/dialer:center/eavesCount:0/latencyMS:100/seq:6/fileSize:153600/nodeType:Passive/nodeTypeIndex:3/meta:data_rcvd","measures":{"value":0}}
{"ts":1669476179130510917,"type":"point","name":"exType:baseline/permutationIndex:0/run:2/dialer:center/eavesCount:0/latencyMS:100/seq:6/fileSize:153600/nodeType:Passive/nodeTypeIndex:3/meta:dup_data_rcvd","measures":{"value":0}}
{"ts":1669476179130529497,"type":"point","name":"exType:baseline/permutationIndex:0/run:2/dialer:center/eavesCount:0/latencyMS:100/seq:6/fileSize:153600/nodeType:Passive/nodeTypeIndex:3/meta:blks_sent","measures":{"value":0}}
{"ts":1669476179130548111,"type":"point","name":"exType:baseline/permutationIndex:0/run:2/dialer:center/eavesCount:0/latencyMS:100/seq:6/fileSize:153600/nodeType:Passive/nodeTypeIndex:3/meta:blks_rcvd","measures":{"value":0}}
{"ts":1669476179130567994,"type":"point","name":"exType:baseline/permutationIndex:0/run:2/dialer:center/eavesCount:0/latencyMS:100/seq:6/fileSize:153600/nodeType:Passive/nodeTypeIndex:3/meta:dup_blks_rcvd","measures":{"value":0}}
{"ts":1669476182103861267,"type":"point","name":"exType:baseline/permutationIndex:0/run:3/dialer:center/eavesCount:0/latencyMS:100/seq:6/fileSize:153600/nodeType:Passive/nodeTypeIndex:3/meta:msgs_rcvd","measures":{"value":4}}
{"ts":1669476182103941417,"type":"point","name":"exType:baseline/permutationIndex:0/run:3/dialer:center/eavesCount:0/latencyMS:100/seq:6/fileSize:153600/nodeType:Passive/nodeTypeIndex:3/meta:data_sent","measures":{"value":0}}
{"ts":1669476182103970268,"type":"point","name":"exType:baseline/permutationIndex:0/run:3/dialer:center/eavesCount:0/latencyMS:100/seq:6/fileSize:153600/nodeType:Passive/nodeTypeIndex:3/meta:data_rcvd","measures":{"value":0}}
{"ts":1669476182103991665,"type":"point","name":"exType:baseline/permutationIndex:0/run:3/dialer:center/eavesCount:0/latencyMS:100/seq:6/fileSize:153600/nodeType:Passive/nodeTypeIndex:3/meta:dup_data_rcvd","measures":{"value":0}}
{"ts":1669476182104009882,"type":"point","name":"exType:baseline/permutationIndex:0/run:3/dialer:center/eavesCount:0/latencyMS:100/seq:6/fileSize:153600/nodeType:Passive/nodeTypeIndex:3/meta:blks_sent","measures":{"value":0}}
{"ts":1669476182104064426,"type":"point","name":"exType:baseline/permutationIndex:0/run:3/dialer:center/eavesCount:0/latencyMS:100/seq:6/fileSize:153600/nodeType:Passive/nodeTypeIndex:3/meta:blks_rcvd","measures":{"value":0}}
{"ts":1669476182104087900,"type":"point","name":"exType:baseline/permutationIndex:0/run:3/dialer:center/eavesCount:0/latencyMS:100/seq:6/fileSize:153600/nodeType:Passive/nodeTypeIndex:3/meta:dup_blks_rcvd","measures":{"value":0}}
{"ts":1669476185028288831,"type":"point","name":"exType:baseline/permutationIndex:0/run:4/dialer:center/eavesCount:0/latencyMS:100/seq:6/fileSize:153600/nodeType:Passive/nodeTypeIndex:3/meta:msgs_rcvd","measures":{"value":6}}
{"ts":1669476185028416668,"type":"point","name":"exType:baseline/permutationIndex:0/run:4/dialer:center/eavesCount:0/latencyMS:100/seq:6/fileSize:153600/nodeType:Passive/nodeTypeIndex:3/meta:data_sent","measures":{"value":0}}
{"ts":1669476185028444448,"type":"point","name":"exType:baseline/permutationIndex:0/run:4/dialer:center/eavesCount:0/latencyMS:100/seq:6/fileSize:153600/nodeType:Passive/nodeTypeIndex:3/meta:data_rcvd","measures":{"value":0}}
{"ts":1669476185028467053,"type":"point","name":"exType:baseline/permutationIndex:0/run:4/dialer:center/eavesCount:0/latencyMS:100/seq:6/fileSize:153600/nodeType:Passive/nodeTypeIndex:3/meta:dup_data_rcvd","measures":{"value":0}}
{"ts":1669476185028486472,"type":"point","name":"exType:baseline/permutationIndex:0/run:4/dialer:center/eavesCount:0/latencyMS:100/seq:6/fileSize:153600/nodeType:Passive/nodeTypeIndex:3/meta:blks_sent","measures":{"value":0}}
{"ts":1669476185028504638,"type":"point","name":"exType:baseline/permutationIndex:0/run:4/dialer:center/eavesCount:0/latencyMS:100/seq:6/fileSize:153600/nodeType:Passive/nodeTypeIndex:3/meta:blks_rcvd","measures":{"value":0}}
{"ts":1669476185028523356,"type":"point","name":"exType:baseline/permutationIndex:0/run:4/dialer:center/eavesCount:0/latencyMS:100/seq:6/fileSize:153600/nodeType:Passive/nodeTypeIndex:3/meta:dup_blks_rcvd","measures":{"value":0}}
{"ts":1669476187641584452,"type":"point","name":"exType:baseline/permutationIndex:0/run:5/dialer:center/eavesCount:0/latencyMS:100/seq:6/fileSize:153600/nodeType:Passive/nodeTypeIndex:3/meta:msgs_rcvd","measures":{"value":7}}
{"ts":1669476187641610662,"type":"point","name":"exType:baseline/permutationIndex:0/run:5/dialer:center/eavesCount:0/latencyMS:100/seq:6/fileSize:153600/nodeType:Passive/nodeTypeIndex:3/meta:data_sent","measures":{"value":0}}
{"ts":1669476187641615541,"type":"point","name":"exType:baseline/permutationIndex:0/run:5/dialer:center/eavesCount:0/latencyMS:100/seq:6/fileSize:153600/nodeType:Passive/nodeTypeIndex:3/meta:data_rcvd","measures":{"value":0}}
{"ts":1669476187641619966,"type":"point","name":"exType:baseline/permutationIndex:0/run:5/dialer:center/eavesCount:0/latencyMS:100/seq:6/fileSize:153600/nodeType:Passive/nodeTypeIndex:3/meta:dup_data_rcvd","measures":{"value":0}}
{"ts":1669476187641624669,"type":"point","name":"exType:baseline/permutationIndex:0/run:5/dialer:center/eavesCount:0/latencyMS:100/seq:6/fileSize:153600/nodeType:Passive/nodeTypeIndex:3/meta:blks_sent","measures":{"value":0}}
{"ts":1669476187641629465,"type":"point","name":"exType:baseline/permutationIndex:0/run:5/dialer:center/eavesCount:0/latencyMS:100/seq:6/fileSize:153600/nodeType:Passive/nodeTypeIndex:3/meta:blks_rcvd","measures":{"value":0}}
{"ts":1669476187641634265,"type":"point","name":"exType:baseline/permutationIndex:0/run:5/dialer:center/eavesCount:0/latencyMS:100/seq:6/fileSize:153600/nodeType:Passive/nodeTypeIndex:3/meta:dup_blks_rcvd","measures":{"value":0}}
{"ts":1669476190233260331,"type":"point","name":"exType:baseline/permutationIndex:0/run:6/dialer:center/eavesCount:0/latencyMS:100/seq:6/fileSize:153600/nodeType:Passive/nodeTypeIndex:3/meta:msgs_rcvd","measures":{"value":2}}
{"ts":1669476190233364583,"type":"point","name":"exType:baseline/permutationIndex:0/run:6/dialer:center/eavesCount:0/latencyMS:100/seq:6/fileSize:153600/nodeType:Passive/nodeTypeIndex:3/meta:data_sent","measures":{"value":0}}
{"ts":1669476190233432254,"type":"point","name":"exType:baseline/permutationIndex:0/run:6/dialer:center/eavesCount:0/latencyMS:100/seq:6/fileSize:153600/nodeType:Passive/nodeTypeIndex:3/meta:data_rcvd","measures":{"value":0}}
{"ts":1669476190233455553,"type":"point","name":"exType:baseline/permutationIndex:0/run:6/dialer:center/eavesCount:0/latencyMS:100/seq:6/fileSize:153600/nodeType:Passive/nodeTypeIndex:3/meta:dup_data_rcvd","measures":{"value":0}}
{"ts":1669476190233476017,"type":"point","name":"exType:baseline/permutationIndex:0/run:6/dialer:center/eavesCount:0/latencyMS:100/seq:6/fileSize:153600/nodeType:Passive/nodeTypeIndex:3/meta:blks_sent","measures":{"value":0}}
{"ts":1669476190233497408,"type":"point","name":"exType:baseline/permutationIndex:0/run:6/dialer:center/eavesCount:0/latencyMS:100/seq:6/fileSize:153600/nodeType:Passive/nodeTypeIndex:3/meta:blks_rcvd","measures":{"value":0}}
{"ts":1669476190233515705,"type":"point","name":"exType:baseline/permutationIndex:0/run:6/dialer:center/eavesCount:0/latencyMS:100/seq:6/fileSize:153600/nodeType:Passive/nodeTypeIndex:3/meta:dup_blks_rcvd","measures":{"value":0}}
{"ts":1669476193149145967,"type":"point","name":"exType:baseline/permutationIndex:0/run:7/dialer:center/eavesCount:0/latencyMS:100/seq:6/fileSize:153600/nodeType:Passive/nodeTypeIndex:3/meta:msgs_rcvd","measures":{"value":9}}
{"ts":1669476193149176166,"type":"point","name":"exType:baseline/permutationIndex:0/run:7/dialer:center/eavesCount:0/latencyMS:100/seq:6/fileSize:153600/nodeType:Passive/nodeTypeIndex:3/meta:data_sent","measures":{"value":0}}
{"ts":1669476193149182829,"type":"point","name":"exType:baseline/permutationIndex:0/run:7/dialer:center/eavesCount:0/latencyMS:100/seq:6/fileSize:153600/nodeType:Passive/nodeTypeIndex:3/meta:data_rcvd","measures":{"value":0}}
{"ts":1669476193149188378,"type":"point","name":"exType:baseline/permutationIndex:0/run:7/dialer:center/eavesCount:0/latencyMS:100/seq:6/fileSize:153600/nodeType:Passive/nodeTypeIndex:3/meta:dup_data_rcvd","measures":{"value":0}}
{"ts":1669476193149192999,"type":"point","name":"exType:baseline/permutationIndex:0/run:7/dialer:center/eavesCount:0/latencyMS:100/seq:6/fileSize:153600/nodeType:Passive/nodeTypeIndex:3/meta:blks_sent","measures":{"value":0}}
{"ts":1669476193149197634,"type":"point","name":"exType:baseline/permutationIndex:0/run:7/dialer:center/eavesCount:0/latencyMS:100/seq:6/fileSize:153600/nodeType:Passive/nodeTypeIndex:3/meta:blks_rcvd","measures":{"value":0}}
{"ts":1669476193149202061,"type":"point","name":"exType:baseline/permutationIndex:0/run:7/dialer:center/eavesCount:0/latencyMS:100/seq:6/fileSize:153600/nodeType:Passive/nodeTypeIndex:3/meta:dup_blks_rcvd","measures":{"value":0}}
{"ts":1669476196485466863,"type":"point","name":"exType:baseline/permutationIndex:0/run:8/dialer:center/eavesCount:0/latencyMS:100/seq:6/fileSize:153600/nodeType:Passive/nodeTypeIndex:3/meta:msgs_rcvd","measures":{"value":3}}
{"ts":1669476196485490878,"type":"point","name":"exType:baseline/permutationIndex:0/run:8/dialer:center/eavesCount:0/latencyMS:100/seq:6/fileSize:153600/nodeType:Passive/nodeTypeIndex:3/meta:data_sent","measures":{"value":0}}
{"ts":1669476196485496919,"type":"point","name":"exType:baseline/permutationIndex:0/run:8/dialer:center/eavesCount:0/latencyMS:100/seq:6/fileSize:153600/nodeType:Passive/nodeTypeIndex:3/meta:data_rcvd","measures":{"value":0}}
{"ts":1669476196485500384,"type":"point","name":"exType:baseline/permutationIndex:0/run:8/dialer:center/eavesCount:0/latencyMS:100/seq:6/fileSize:153600/nodeType:Passive/nodeTypeIndex:3/meta:dup_data_rcvd","measures":{"value":0}}
{"ts":1669476196485503703,"type":"point","name":"exType:baseline/permutationIndex:0/run:8/dialer:center/eavesCount:0/latencyMS:100/seq:6/fileSize:153600/nodeType:Passive/nodeTypeIndex:3/meta:blks_sent","measures":{"value":0}}
{"ts":1669476196485507105,"type":"point","name":"exType:baseline/permutationIndex:0/run:8/dialer:center/eavesCount:0/latencyMS:100/seq:6/fileSize:153600/nodeType:Passive/nodeTypeIndex:3/meta:blks_rcvd","measures":{"value":0}}
{"ts":1669476196485517187,"type":"point","name":"exType:baseline/permutationIndex:0/run:8/dialer:center/eavesCount:0/latencyMS:100/seq:6/fileSize:153600/nodeType:Passive/nodeTypeIndex:3/meta:dup_blks_rcvd","measures":{"value":0}}
{"ts":1669476199599420118,"type":"point","name":"exType:baseline/permutationIndex:0/run:9/dialer:center/eavesCount:0/latencyMS:100/seq:6/fileSize:153600/nodeType:Passive/nodeTypeIndex:3/meta:msgs_rcvd","measures":{"value":11}}
{"ts":1669476199599444865,"type":"point","name":"exType:baseline/permutationIndex:0/run:9/dialer:center/eavesCount:0/latencyMS:100/seq:6/fileSize:153600/nodeType:Passive/nodeTypeIndex:3/meta:data_sent","measures":{"value":0}}
{"ts":1669476199599449518,"type":"point","name":"exType:baseline/permutationIndex:0/run:9/dialer:center/eavesCount:0/latencyMS:100/seq:6/fileSize:153600/nodeType:Passive/nodeTypeIndex:3/meta:data_rcvd","measures":{"value":0}}
{"ts":1669476199599452816,"type":"point","name":"exType:baseline/permutationIndex:0/run:9/dialer:center/eavesCount:0/latencyMS:100/seq:6/fileSize:153600/nodeType:Passive/nodeTypeIndex:3/meta:dup_data_rcvd","measures":{"value":0}}
{"ts":1669476199599455852,"type":"point","name":"exType:baseline/permutationIndex:0/run:9/dialer:center/eavesCount:0/latencyMS:100/seq:6/fileSize:153600/nodeType:Passive/nodeTypeIndex:3/meta:blks_sent","measures":{"value":0}}
{"ts":1669476199599458480,"type":"point","name":"exType:baseline/permutationIndex:0/run:9/dialer:center/eavesCount:0/latencyMS:100/seq:6/fileSize:153600/nodeType:Passive/nodeTypeIndex:3/meta:blks_rcvd","measures":{"value":0}}
{"ts":1669476199599460961,"type":"point","name":"exType:baseline/permutationIndex:0/run:9/dialer:center/eavesCount:0/latencyMS:100/seq:6/fileSize:153600/nodeType:Passive/nodeTypeIndex:3/meta:dup_blks_rcvd","measures":{"value":0}}
{"ts":1669476202936163695,"type":"point","name":"exType:baseline/permutationIndex:0/run:10/dialer:center/eavesCount:0/latencyMS:100/seq:6/fileSize:153600/nodeType:Passive/nodeTypeIndex:3/meta:msgs_rcvd","measures":{"value":32}}
{"ts":1669476202936180337,"type":"point","name":"exType:baseline/permutationIndex:0/run:10/dialer:center/eavesCount:0/latencyMS:100/seq:6/fileSize:153600/nodeType:Passive/nodeTypeIndex:3/meta:data_sent","measures":{"value":0}}
{"ts":1669476202936183835,"type":"point","name":"exType:baseline/permutationIndex:0/run:10/dialer:center/eavesCount:0/latencyMS:100/seq:6/fileSize:153600/nodeType:Passive/nodeTypeIndex:3/meta:data_rcvd","measures":{"value":0}}
{"ts":1669476202936186172,"type":"point","name":"exType:baseline/permutationIndex:0/run:10/dialer:center/eavesCount:0/latencyMS:100/seq:6/fileSize:153600/nodeType:Passive/nodeTypeIndex:3/meta:dup_data_rcvd","measures":{"value":0}}
{"ts":1669476202936189065,"type":"point","name":"exType:baseline/permutationIndex:0/run:10/dialer:center/eavesCount:0/latencyMS:100/seq:6/fileSize:153600/nodeType:Passive/nodeTypeIndex:3/meta:blks_sent","measures":{"value":0}}
{"ts":1669476202936191176,"type":"point","name":"exType:baseline/permutationIndex:0/run:10/dialer:center/eavesCount:0/latencyMS:100/seq:6/fileSize:153600/nodeType:Passive/nodeTypeIndex:3/meta:blks_rcvd","measures":{"value":0}}
{"ts":1669476202936193642,"type":"point","name":"exType:baseline/permutationIndex:0/run:10/dialer:center/eavesCount:0/latencyMS:100/seq:6/fileSize:153600/nodeType:Passive/nodeTypeIndex:3/meta:dup_blks_rcvd","measures":{"value":0}}
{"ts":1669476205859625019,"type":"point","name":"exType:baseline/permutationIndex:0/run:11/dialer:center/eavesCount:0/latencyMS:100/seq:6/fileSize:153600/nodeType:Passive/nodeTypeIndex:3/meta:msgs_rcvd","measures":{"value":12}}
{"ts":1669476205859650681,"type":"point","name":"exType:baseline/permutationIndex:0/run:11/dialer:center/eavesCount:0/latencyMS:100/seq:6/fileSize:153600/nodeType:Passive/nodeTypeIndex:3/meta:data_sent","measures":{"value":0}}
{"ts":1669476205859657960,"type":"point","name":"exType:baseline/permutationIndex:0/run:11/dialer:center/eavesCount:0/latencyMS:100/seq:6/fileSize:153600/nodeType:Passive/nodeTypeIndex:3/meta:data_rcvd","measures":{"value":0}}
{"ts":1669476205859668004,"type":"point","name":"exType:baseline/permutationIndex:0/run:11/dialer:center/eavesCount:0/latencyMS:100/seq:6/fileSize:153600/nodeType:Passive/nodeTypeIndex:3/meta:dup_data_rcvd","measures":{"value":0}}
{"ts":1669476205859671547,"type":"point","name":"exType:baseline/permutationIndex:0/run:11/dialer:center/eavesCount:0/latencyMS:100/seq:6/fileSize:153600/nodeType:Passive/nodeTypeIndex:3/meta:blks_sent","measures":{"value":0}}
{"ts":1669476205859676660,"type":"point","name":"exType:baseline/permutationIndex:0/run:11/dialer:center/eavesCount:0/latencyMS:100/seq:6/fileSize:153600/nodeType:Passive/nodeTypeIndex:3/meta:blks_rcvd","measures":{"value":0}}
{"ts":1669476205859680440,"type":"point","name":"exType:baseline/permutationIndex:0/run:11/dialer:center/eavesCount:0/latencyMS:100/seq:6/fileSize:153600/nodeType:Passive/nodeTypeIndex:3/meta:dup_blks_rcvd","measures":{"value":0}}
{"ts":1669476208448319353,"type":"point","name":"exType:baseline/permutationIndex:0/run:12/dialer:center/eavesCount:0/latencyMS:100/seq:6/fileSize:153600/nodeType:Passive/nodeTypeIndex:3/meta:msgs_rcvd","measures":{"value":6}}
{"ts":1669476208448397977,"type":"point","name":"exType:baseline/permutationIndex:0/run:12/dialer:center/eavesCount:0/latencyMS:100/seq:6/fileSize:153600/nodeType:Passive/nodeTypeIndex:3/meta:data_sent","measures":{"value":0}}
{"ts":1669476208448421344,"type":"point","name":"exType:baseline/permutationIndex:0/run:12/dialer:center/eavesCount:0/latencyMS:100/seq:6/fileSize:153600/nodeType:Passive/nodeTypeIndex:3/meta:data_rcvd","measures":{"value":0}}
{"ts":1669476208448436848,"type":"point","name":"exType:baseline/permutationIndex:0/run:12/dialer:center/eavesCount:0/latencyMS:100/seq:6/fileSize:153600/nodeType:Passive/nodeTypeIndex:3/meta:dup_data_rcvd","measures":{"value":0}}
{"ts":1669476208448450594,"type":"point","name":"exType:baseline/permutationIndex:0/run:12/dialer:center/eavesCount:0/latencyMS:100/seq:6/fileSize:153600/nodeType:Passive/nodeTypeIndex:3/meta:blks_sent","measures":{"value":0}}
{"ts":1669476208448464668,"type":"point","name":"exType:baseline/permutationIndex:0/run:12/dialer:center/eavesCount:0/latencyMS:100/seq:6/fileSize:153600/nodeType:Passive/nodeTypeIndex:3/meta:blks_rcvd","measures":{"value":0}}
{"ts":1669476208448480793,"type":"point","name":"exType:baseline/permutationIndex:0/run:12/dialer:center/eavesCount:0/latencyMS:100/seq:6/fileSize:153600/nodeType:Passive/nodeTypeIndex:3/meta:dup_blks_rcvd","measures":{"value":0}}
{"ts":1669476211192216291,"type":"point","name":"exType:baseline/permutationIndex:0/run:13/dialer:center/eavesCount:0/latencyMS:100/seq:6/fileSize:153600/nodeType:Passive/nodeTypeIndex:3/meta:msgs_rcvd","measures":{"value":3}}
{"ts":1669476211192337726,"type":"point","name":"exType:baseline/permutationIndex:0/run:13/dialer:center/eavesCount:0/latencyMS:100/seq:6/fileSize:153600/nodeType:Passive/nodeTypeIndex:3/meta:data_sent","measures":{"value":0}}
{"ts":1669476211192368495,"type":"point","name":"exType:baseline/permutationIndex:0/run:13/dialer:center/eavesCount:0/latencyMS:100/seq:6/fileSize:153600/nodeType:Passive/nodeTypeIndex:3/meta:data_rcvd","measures":{"value":0}}
{"ts":1669476211192390655,"type":"point","name":"exType:baseline/permutationIndex:0/run:13/dialer:center/eavesCount:0/latencyMS:100/seq:6/fileSize:153600/nodeType:Passive/nodeTypeIndex:3/meta:dup_data_rcvd","measures":{"value":0}}
{"ts":1669476211192412506,"type":"point","name":"exType:baseline/permutationIndex:0/run:13/dialer:center/eavesCount:0/latencyMS:100/seq:6/fileSize:153600/nodeType:Passive/nodeTypeIndex:3/meta:blks_sent","measures":{"value":0}}
{"ts":1669476211192432663,"type":"point","name":"exType:baseline/permutationIndex:0/run:13/dialer:center/eavesCount:0/latencyMS:100/seq:6/fileSize:153600/nodeType:Passive/nodeTypeIndex:3/meta:blks_rcvd","measures":{"value":0}}
{"ts":1669476211192451101,"type":"point","name":"exType:baseline/permutationIndex:0/run:13/dialer:center/eavesCount:0/latencyMS:100/seq:6/fileSize:153600/nodeType:Passive/nodeTypeIndex:3/meta:dup_blks_rcvd","measures":{"value":0}}
{"ts":1669476214045706480,"type":"point","name":"exType:baseline/permutationIndex:0/run:14/dialer:center/eavesCount:0/latencyMS:100/seq:6/fileSize:153600/nodeType:Passive/nodeTypeIndex:3/meta:msgs_rcvd","measures":{"value":1}}
{"ts":1669476214045815123,"type":"point","name":"exType:baseline/permutationIndex:0/run:14/dialer:center/eavesCount:0/latencyMS:100/seq:6/fileSize:153600/nodeType:Passive/nodeTypeIndex:3/meta:data_sent","measures":{"value":0}}
{"ts":1669476214045846967,"type":"point","name":"exType:baseline/permutationIndex:0/run:14/dialer:center/eavesCount:0/latencyMS:100/seq:6/fileSize:153600/nodeType:Passive/nodeTypeIndex:3/meta:data_rcvd","measures":{"value":0}}
{"ts":1669476214045867586,"type":"point","name":"exType:baseline/permutationIndex:0/run:14/dialer:center/eavesCount:0/latencyMS:100/seq:6/fileSize:153600/nodeType:Passive/nodeTypeIndex:3/meta:dup_data_rcvd","measures":{"value":0}}
{"ts":1669476214045886861,"type":"point","name":"exType:baseline/permutationIndex:0/run:14/dialer:center/eavesCount:0/latencyMS:100/seq:6/fileSize:153600/nodeType:Passive/nodeTypeIndex:3/meta:blks_sent","measures":{"value":0}}
{"ts":1669476214045906291,"type":"point","name":"exType:baseline/permutationIndex:0/run:14/dialer:center/eavesCount:0/latencyMS:100/seq:6/fileSize:153600/nodeType:Passive/nodeTypeIndex:3/meta:blks_rcvd","measures":{"value":0}}
{"ts":1669476214045924834,"type":"point","name":"exType:baseline/permutationIndex:0/run:14/dialer:center/eavesCount:0/latencyMS:100/seq:6/fileSize:153600/nodeType:Passive/nodeTypeIndex:3/meta:dup_blks_rcvd","measures":{"value":0}}
{"ts":1669476217364572883,"type":"point","name":"exType:baseline/permutationIndex:0/run:15/dialer:center/eavesCount:0/latencyMS:100/seq:6/fileSize:153600/nodeType:Passive/nodeTypeIndex:3/meta:msgs_rcvd","measures":{"value":13}}
{"ts":1669476217364629111,"type":"point","name":"exType:baseline/permutationIndex:0/run:15/dialer:center/eavesCount:0/latencyMS:100/seq:6/fileSize:153600/nodeType:Passive/nodeTypeIndex:3/meta:data_sent","measures":{"value":0}}
{"ts":1669476217364648346,"type":"point","name":"exType:baseline/permutationIndex:0/run:15/dialer:center/eavesCount:0/latencyMS:100/seq:6/fileSize:153600/nodeType:Passive/nodeTypeIndex:3/meta:data_rcvd","measures":{"value":0}}
{"ts":1669476217364659152,"type":"point","name":"exType:baseline/permutationIndex:0/run:15/dialer:center/eavesCount:0/latencyMS:100/seq:6/fileSize:153600/nodeType:Passive/nodeTypeIndex:3/meta:dup_data_rcvd","measures":{"value":0}}
{"ts":1669476217364668351,"type":"point","name":"exType:baseline/permutationIndex:0/run:15/dialer:center/eavesCount:0/latencyMS:100/seq:6/fileSize:153600/nodeType:Passive/nodeTypeIndex:3/meta:blks_sent","measures":{"value":0}}
{"ts":1669476217364677090,"type":"point","name":"exType:baseline/permutationIndex:0/run:15/dialer:center/eavesCount:0/latencyMS:100/seq:6/fileSize:153600/nodeType:Passive/nodeTypeIndex:3/meta:blks_rcvd","measures":{"value":0}}
{"ts":1669476217364700280,"type":"point","name":"exType:baseline/permutationIndex:0/run:15/dialer:center/eavesCount:0/latencyMS:100/seq:6/fileSize:153600/nodeType:Passive/nodeTypeIndex:3/meta:dup_blks_rcvd","measures":{"value":0}}
{"ts":1669476220871410057,"type":"point","name":"exType:baseline/permutationIndex:0/run:16/dialer:center/eavesCount:0/latencyMS:100/seq:6/fileSize:153600/nodeType:Passive/nodeTypeIndex:3/meta:msgs_rcvd","measures":{"value":2}}
{"ts":1669476220871531687,"type":"point","name":"exType:baseline/permutationIndex:0/run:16/dialer:center/eavesCount:0/latencyMS:100/seq:6/fileSize:153600/nodeType:Passive/nodeTypeIndex:3/meta:data_sent","measures":{"value":0}}
{"ts":1669476220871563688,"type":"point","name":"exType:baseline/permutationIndex:0/run:16/dialer:center/eavesCount:0/latencyMS:100/seq:6/fileSize:153600/nodeType:Passive/nodeTypeIndex:3/meta:data_rcvd","measures":{"value":0}}
{"ts":1669476220871613440,"type":"point","name":"exType:baseline/permutationIndex:0/run:16/dialer:center/eavesCount:0/latencyMS:100/seq:6/fileSize:153600/nodeType:Passive/nodeTypeIndex:3/meta:dup_data_rcvd","measures":{"value":0}}
{"ts":1669476220871632056,"type":"point","name":"exType:baseline/permutationIndex:0/run:16/dialer:center/eavesCount:0/latencyMS:100/seq:6/fileSize:153600/nodeType:Passive/nodeTypeIndex:3/meta:blks_sent","measures":{"value":0}}
{"ts":1669476220871650506,"type":"point","name":"exType:baseline/permutationIndex:0/run:16/dialer:center/eavesCount:0/latencyMS:100/seq:6/fileSize:153600/nodeType:Passive/nodeTypeIndex:3/meta:blks_rcvd","measures":{"value":0}}
{"ts":1669476220871666089,"type":"point","name":"exType:baseline/permutationIndex:0/run:16/dialer:center/eavesCount:0/latencyMS:100/seq:6/fileSize:153600/nodeType:Passive/nodeTypeIndex:3/meta:dup_blks_rcvd","measures":{"value":0}}
{"ts":1669476224236397203,"type":"point","name":"exType:baseline/permutationIndex:0/run:17/dialer:center/eavesCount:0/latencyMS:100/seq:6/fileSize:153600/nodeType:Passive/nodeTypeIndex:3/meta:msgs_rcvd","measures":{"value":1}}
{"ts":1669476224236524295,"type":"point","name":"exType:baseline/permutationIndex:0/run:17/dialer:center/eavesCount:0/latencyMS:100/seq:6/fileSize:153600/nodeType:Passive/nodeTypeIndex:3/meta:data_sent","measures":{"value":0}}
{"ts":1669476224236560036,"type":"point","name":"exType:baseline/permutationIndex:0/run:17/dialer:center/eavesCount:0/latencyMS:100/seq:6/fileSize:153600/nodeType:Passive/nodeTypeIndex:3/meta:data_rcvd","measures":{"value":0}}
{"ts":1669476224236581978,"type":"point","name":"exType:baseline/permutationIndex:0/run:17/dialer:center/eavesCount:0/latencyMS:100/seq:6/fileSize:153600/nodeType:Passive/nodeTypeIndex:3/meta:dup_data_rcvd","measures":{"value":0}}
{"ts":1669476224236603036,"type":"point","name":"exType:baseline/permutationIndex:0/run:17/dialer:center/eavesCount:0/latencyMS:100/seq:6/fileSize:153600/nodeType:Passive/nodeTypeIndex:3/meta:blks_sent","measures":{"value":0}}
{"ts":1669476224236621276,"type":"point","name":"exType:baseline/permutationIndex:0/run:17/dialer:center/eavesCount:0/latencyMS:100/seq:6/fileSize:153600/nodeType:Passive/nodeTypeIndex:3/meta:blks_rcvd","measures":{"value":0}}
{"ts":1669476224236642136,"type":"point","name":"exType:baseline/permutationIndex:0/run:17/dialer:center/eavesCount:0/latencyMS:100/seq:6/fileSize:153600/nodeType:Passive/nodeTypeIndex:3/meta:dup_blks_rcvd","measures":{"value":0}}
{"ts":1669476227155756575,"type":"point","name":"exType:baseline/permutationIndex:0/run:18/dialer:center/eavesCount:0/latencyMS:100/seq:6/fileSize:153600/nodeType:Passive/nodeTypeIndex:3/meta:msgs_rcvd","measures":{"value":3}}
{"ts":1669476227155793295,"type":"point","name":"exType:baseline/permutationIndex:0/run:18/dialer:center/eavesCount:0/latencyMS:100/seq:6/fileSize:153600/nodeType:Passive/nodeTypeIndex:3/meta:data_sent","measures":{"value":0}}
{"ts":1669476227155802168,"type":"point","name":"exType:baseline/permutationIndex:0/run:18/dialer:center/eavesCount:0/latencyMS:100/seq:6/fileSize:153600/nodeType:Passive/nodeTypeIndex:3/meta:data_rcvd","measures":{"value":0}}
{"ts":1669476227155809551,"type":"point","name":"exType:baseline/permutationIndex:0/run:18/dialer:center/eavesCount:0/latencyMS:100/seq:6/fileSize:153600/nodeType:Passive/nodeTypeIndex:3/meta:dup_data_rcvd","measures":{"value":0}}
{"ts":1669476227155815675,"type":"point","name":"exType:baseline/permutationIndex:0/run:18/dialer:center/eavesCount:0/latencyMS:100/seq:6/fileSize:153600/nodeType:Passive/nodeTypeIndex:3/meta:blks_sent","measures":{"value":0}}
{"ts":1669476227155821851,"type":"point","name":"exType:baseline/permutationIndex:0/run:18/dialer:center/eavesCount:0/latencyMS:100/seq:6/fileSize:153600/nodeType:Passive/nodeTypeIndex:3/meta:blks_rcvd","measures":{"value":0}}
{"ts":1669476227155830129,"type":"point","name":"exType:baseline/permutationIndex:0/run:18/dialer:center/eavesCount:0/latencyMS:100/seq:6/fileSize:153600/nodeType:Passive/nodeTypeIndex:3/meta:dup_blks_rcvd","measures":{"value":0}}
{"ts":1669476232066080864,"type":"point","name":"exType:baseline/permutationIndex:0/run:19/dialer:center/eavesCount:0/latencyMS:100/seq:6/fileSize:153600/nodeType:Passive/nodeTypeIndex:3/meta:msgs_rcvd","measures":{"value":1}}
{"ts":1669476232066103352,"type":"point","name":"exType:baseline/permutationIndex:0/run:19/dialer:center/eavesCount:0/latencyMS:100/seq:6/fileSize:153600/nodeType:Passive/nodeTypeIndex:3/meta:data_sent","measures":{"value":0}}
{"ts":1669476232066107061,"type":"point","name":"exType:baseline/permutationIndex:0/run:19/dialer:center/eavesCount:0/latencyMS:100/seq:6/fileSize:153600/nodeType:Passive/nodeTypeIndex:3/meta:data_rcvd","measures":{"value":0}}
{"ts":1669476232066111138,"type":"point","name":"exType:baseline/permutationIndex:0/run:19/dialer:center/eavesCount:0/latencyMS:100/seq:6/fileSize:153600/nodeType:Passive/nodeTypeIndex:3/meta:dup_data_rcvd","measures":{"value":0}}
{"ts":1669476232066113611,"type":"point","name":"exType:baseline/permutationIndex:0/run:19/dialer:center/eavesCount:0/latencyMS:100/seq:6/fileSize:153600/nodeType:Passive/nodeTypeIndex:3/meta:blks_sent","measures":{"value":0}}
{"ts":1669476232066116204,"type":"point","name":"exType:baseline/permutationIndex:0/run:19/dialer:center/eavesCount:0/latencyMS:100/seq:6/fileSize:153600/nodeType:Passive/nodeTypeIndex:3/meta:blks_rcvd","measures":{"value":0}}
{"ts":1669476232066119065,"type":"point","name":"exType:baseline/permutationIndex:0/run:19/dialer:center/eavesCount:0/latencyMS:100/seq:6/fileSize:153600/nodeType:Passive/nodeTypeIndex:3/meta:dup_blks_rcvd","measures":{"value":0}}
{"ts":1669476235879098395,"type":"point","name":"exType:baseline/permutationIndex:0/run:20/dialer:center/eavesCount:0/latencyMS:100/seq:6/fileSize:153600/nodeType:Passive/nodeTypeIndex:3/meta:msgs_rcvd","measures":{"value":3}}
{"ts":1669476235879191933,"type":"point","name":"exType:baseline/permutationIndex:0/run:20/dialer:center/eavesCount:0/latencyMS:100/seq:6/fileSize:153600/nodeType:Passive/nodeTypeIndex:3/meta:data_sent","measures":{"value":0}}
{"ts":1669476235879219746,"type":"point","name":"exType:baseline/permutationIndex:0/run:20/dialer:center/eavesCount:0/latencyMS:100/seq:6/fileSize:153600/nodeType:Passive/nodeTypeIndex:3/meta:data_rcvd","measures":{"value":0}}
{"ts":1669476235879240021,"type":"point","name":"exType:baseline/permutationIndex:0/run:20/dialer:center/eavesCount:0/latencyMS:100/seq:6/fileSize:153600/nodeType:Passive/nodeTypeIndex:3/meta:dup_data_rcvd","measures":{"value":0}}
{"ts":1669476235879258989,"type":"point","name":"exType:baseline/permutationIndex:0/run:20/dialer:center/eavesCount:0/latencyMS:100/seq:6/fileSize:153600/nodeType:Passive/nodeTypeIndex:3/meta:blks_sent","measures":{"value":0}}
{"ts":1669476235879277605,"type":"point","name":"exType:baseline/permutationIndex:0/run:20/dialer:center/eavesCount:0/latencyMS:100/seq:6/fileSize:153600/nodeType:Passive/nodeTypeIndex:3/meta:blks_rcvd","measures":{"value":0}}
{"ts":1669476235879295595,"type":"point","name":"exType:baseline/permutationIndex:0/run:20/dialer:center/eavesCount:0/latencyMS:100/seq:6/fileSize:153600/nodeType:Passive/nodeTypeIndex:3/meta:dup_blks_rcvd","measures":{"value":0}}
{"ts":1669476238763394256,"type":"point","name":"exType:baseline/permutationIndex:0/run:21/dialer:center/eavesCount:0/latencyMS:100/seq:6/fileSize:153600/nodeType:Passive/nodeTypeIndex:3/meta:msgs_rcvd","measures":{"value":4}}
{"ts":1669476238763460059,"type":"point","name":"exType:baseline/permutationIndex:0/run:21/dialer:center/eavesCount:0/latencyMS:100/seq:6/fileSize:153600/nodeType:Passive/nodeTypeIndex:3/meta:data_sent","measures":{"value":0}}
{"ts":1669476238763489405,"type":"point","name":"exType:baseline/permutationIndex:0/run:21/dialer:center/eavesCount:0/latencyMS:100/seq:6/fileSize:153600/nodeType:Passive/nodeTypeIndex:3/meta:data_rcvd","measures":{"value":0}}
{"ts":1669476238763495572,"type":"point","name":"exType:baseline/permutationIndex:0/run:21/dialer:center/eavesCount:0/latencyMS:100/seq:6/fileSize:153600/nodeType:Passive/nodeTypeIndex:3/meta:dup_data_rcvd","measures":{"value":0}}
{"ts":1669476238763510307,"type":"point","name":"exType:baseline/permutationIndex:0/run:21/dialer:center/eavesCount:0/latencyMS:100/seq:6/fileSize:153600/nodeType:Passive/nodeTypeIndex:3/meta:blks_sent","measures":{"value":0}}
{"ts":1669476238763515686,"type":"point","name":"exType:baseline/permutationIndex:0/run:21/dialer:center/eavesCount:0/latencyMS:100/seq:6/fileSize:153600/nodeType:Passive/nodeTypeIndex:3/meta:blks_rcvd","measures":{"value":0}}
{"ts":1669476238763521673,"type":"point","name":"exType:baseline/permutationIndex:0/run:21/dialer:center/eavesCount:0/latencyMS:100/seq:6/fileSize:153600/nodeType:Passive/nodeTypeIndex:3/meta:dup_blks_rcvd","measures":{"value":0}}
{"ts":1669476241670316152,"type":"point","name":"exType:baseline/permutationIndex:0/run:22/dialer:center/eavesCount:0/latencyMS:100/seq:6/fileSize:153600/nodeType:Passive/nodeTypeIndex:3/meta:msgs_rcvd","measures":{"value":1}}
{"ts":1669476241670334008,"type":"point","name":"exType:baseline/permutationIndex:0/run:22/dialer:center/eavesCount:0/latencyMS:100/seq:6/fileSize:153600/nodeType:Passive/nodeTypeIndex:3/meta:data_sent","measures":{"value":0}}
{"ts":1669476241670338246,"type":"point","name":"exType:baseline/permutationIndex:0/run:22/dialer:center/eavesCount:0/latencyMS:100/seq:6/fileSize:153600/nodeType:Passive/nodeTypeIndex:3/meta:data_rcvd","measures":{"value":0}}
{"ts":1669476241670340767,"type":"point","name":"exType:baseline/permutationIndex:0/run:22/dialer:center/eavesCount:0/latencyMS:100/seq:6/fileSize:153600/nodeType:Passive/nodeTypeIndex:3/meta:dup_data_rcvd","measures":{"value":0}}
{"ts":1669476241670343307,"type":"point","name":"exType:baseline/permutationIndex:0/run:22/dialer:center/eavesCount:0/latencyMS:100/seq:6/fileSize:153600/nodeType:Passive/nodeTypeIndex:3/meta:blks_sent","measures":{"value":0}}
{"ts":1669476241670345691,"type":"point","name":"exType:baseline/permutationIndex:0/run:22/dialer:center/eavesCount:0/latencyMS:100/seq:6/fileSize:153600/nodeType:Passive/nodeTypeIndex:3/meta:blks_rcvd","measures":{"value":0}}
{"ts":1669476241670348179,"type":"point","name":"exType:baseline/permutationIndex:0/run:22/dialer:center/eavesCount:0/latencyMS:100/seq:6/fileSize:153600/nodeType:Passive/nodeTypeIndex:3/meta:dup_blks_rcvd","measures":{"value":0}}
{"ts":1669476244382006854,"type":"point","name":"exType:baseline/permutationIndex:0/run:23/dialer:center/eavesCount:0/latencyMS:100/seq:6/fileSize:153600/nodeType:Passive/nodeTypeIndex:3/meta:msgs_rcvd","measures":{"value":4}}
{"ts":1669476244382116835,"type":"point","name":"exType:baseline/permutationIndex:0/run:23/dialer:center/eavesCount:0/latencyMS:100/seq:6/fileSize:153600/nodeType:Passive/nodeTypeIndex:3/meta:data_sent","measures":{"value":0}}
{"ts":1669476244382146140,"type":"point","name":"exType:baseline/permutationIndex:0/run:23/dialer:center/eavesCount:0/latencyMS:100/seq:6/fileSize:153600/nodeType:Passive/nodeTypeIndex:3/meta:data_rcvd","measures":{"value":0}}
{"ts":1669476244382173411,"type":"point","name":"exType:baseline/permutationIndex:0/run:23/dialer:center/eavesCount:0/latencyMS:100/seq:6/fileSize:153600/nodeType:Passive/nodeTypeIndex:3/meta:dup_data_rcvd","measures":{"value":0}}
{"ts":1669476244382193902,"type":"point","name":"exType:baseline/permutationIndex:0/run:23/dialer:center/eavesCount:0/latencyMS:100/seq:6/fileSize:153600/nodeType:Passive/nodeTypeIndex:3/meta:blks_sent","measures":{"value":0}}
{"ts":1669476244382214846,"type":"point","name":"exType:baseline/permutationIndex:0/run:23/dialer:center/eavesCount:0/latencyMS:100/seq:6/fileSize:153600/nodeType:Passive/nodeTypeIndex:3/meta:blks_rcvd","measures":{"value":0}}
{"ts":1669476244382236168,"type":"point","name":"exType:baseline/permutationIndex:0/run:23/dialer:center/eavesCount:0/latencyMS:100/seq:6/fileSize:153600/nodeType:Passive/nodeTypeIndex:3/meta:dup_blks_rcvd","measures":{"value":0}}
{"ts":1669476247292341353,"type":"point","name":"exType:baseline/permutationIndex:0/run:24/dialer:center/eavesCount:0/latencyMS:100/seq:6/fileSize:153600/nodeType:Passive/nodeTypeIndex:3/meta:msgs_rcvd","measures":{"value":6}}
{"ts":1669476247292366083,"type":"point","name":"exType:baseline/permutationIndex:0/run:24/dialer:center/eavesCount:0/latencyMS:100/seq:6/fileSize:153600/nodeType:Passive/nodeTypeIndex:3/meta:data_sent","measures":{"value":0}}
{"ts":1669476247292370888,"type":"point","name":"exType:baseline/permutationIndex:0/run:24/dialer:center/eavesCount:0/latencyMS:100/seq:6/fileSize:153600/nodeType:Passive/nodeTypeIndex:3/meta:data_rcvd","measures":{"value":0}}
{"ts":1669476247292373509,"type":"point","name":"exType:baseline/permutationIndex:0/run:24/dialer:center/eavesCount:0/latencyMS:100/seq:6/fileSize:153600/nodeType:Passive/nodeTypeIndex:3/meta:dup_data_rcvd","measures":{"value":0}}
{"ts":1669476247292376498,"type":"point","name":"exType:baseline/permutationIndex:0/run:24/dialer:center/eavesCount:0/latencyMS:100/seq:6/fileSize:153600/nodeType:Passive/nodeTypeIndex:3/meta:blks_sent","measures":{"value":0}}
{"ts":1669476247292379748,"type":"point","name":"exType:baseline/permutationIndex:0/run:24/dialer:center/eavesCount:0/latencyMS:100/seq:6/fileSize:153600/nodeType:Passive/nodeTypeIndex:3/meta:blks_rcvd","measures":{"value":0}}
{"ts":1669476247292382915,"type":"point","name":"exType:baseline/permutationIndex:0/run:24/dialer:center/eavesCount:0/latencyMS:100/seq:6/fileSize:153600/nodeType:Passive/nodeTypeIndex:3/meta:dup_blks_rcvd","measures":{"value":0}}
{"ts":1669476250166847510,"type":"point","name":"exType:baseline/permutationIndex:0/run:25/dialer:center/eavesCount:0/latencyMS:100/seq:6/fileSize:153600/nodeType:Passive/nodeTypeIndex:3/meta:msgs_rcvd","measures":{"value":1}}
{"ts":1669476250166955562,"type":"point","name":"exType:baseline/permutationIndex:0/run:25/dialer:center/eavesCount:0/latencyMS:100/seq:6/fileSize:153600/nodeType:Passive/nodeTypeIndex:3/meta:data_sent","measures":{"value":0}}
{"ts":1669476250166984064,"type":"point","name":"exType:baseline/permutationIndex:0/run:25/dialer:center/eavesCount:0/latencyMS:100/seq:6/fileSize:153600/nodeType:Passive/nodeTypeIndex:3/meta:data_rcvd","measures":{"value":0}}
{"ts":1669476250167002990,"type":"point","name":"exType:baseline/permutationIndex:0/run:25/dialer:center/eavesCount:0/latencyMS:100/seq:6/fileSize:153600/nodeType:Passive/nodeTypeIndex:3/meta:dup_data_rcvd","measures":{"value":0}}
{"ts":1669476250167020210,"type":"point","name":"exType:baseline/permutationIndex:0/run:25/dialer:center/eavesCount:0/latencyMS:100/seq:6/fileSize:153600/nodeType:Passive/nodeTypeIndex:3/meta:blks_sent","measures":{"value":0}}
{"ts":1669476250167039894,"type":"point","name":"exType:baseline/permutationIndex:0/run:25/dialer:center/eavesCount:0/latencyMS:100/seq:6/fileSize:153600/nodeType:Passive/nodeTypeIndex:3/meta:blks_rcvd","measures":{"value":0}}
{"ts":1669476250167058807,"type":"point","name":"exType:baseline/permutationIndex:0/run:25/dialer:center/eavesCount:0/latencyMS:100/seq:6/fileSize:153600/nodeType:Passive/nodeTypeIndex:3/meta:dup_blks_rcvd","measures":{"value":0}}
{"ts":1669476252884893811,"type":"point","name":"exType:baseline/permutationIndex:0/run:26/dialer:center/eavesCount:0/latencyMS:100/seq:6/fileSize:153600/nodeType:Passive/nodeTypeIndex:3/meta:msgs_rcvd","measures":{"value":1}}
{"ts":1669476252884916354,"type":"point","name":"exType:baseline/permutationIndex:0/run:26/dialer:center/eavesCount:0/latencyMS:100/seq:6/fileSize:153600/nodeType:Passive/nodeTypeIndex:3/meta:data_sent","measures":{"value":0}}
{"ts":1669476252884919901,"type":"point","name":"exType:baseline/permutationIndex:0/run:26/dialer:center/eavesCount:0/latencyMS:100/seq:6/fileSize:153600/nodeType:Passive/nodeTypeIndex:3/meta:data_rcvd","measures":{"value":0}}
{"ts":1669476252884922539,"type":"point","name":"exType:baseline/permutationIndex:0/run:26/dialer:center/eavesCount:0/latencyMS:100/seq:6/fileSize:153600/nodeType:Passive/nodeTypeIndex:3/meta:dup_data_rcvd","measures":{"value":0}}
{"ts":1669476252884924904,"type":"point","name":"exType:baseline/permutationIndex:0/run:26/dialer:center/eavesCount:0/latencyMS:100/seq:6/fileSize:153600/nodeType:Passive/nodeTypeIndex:3/meta:blks_sent","measures":{"value":0}}
{"ts":1669476252885112652,"type":"point","name":"exType:baseline/permutationIndex:0/run:26/dialer:center/eavesCount:0/latencyMS:100/seq:6/fileSize:153600/nodeType:Passive/nodeTypeIndex:3/meta:blks_rcvd","measures":{"value":0}}
{"ts":1669476252885120877,"type":"point","name":"exType:baseline/permutationIndex:0/run:26/dialer:center/eavesCount:0/latencyMS:100/seq:6/fileSize:153600/nodeType:Passive/nodeTypeIndex:3/meta:dup_blks_rcvd","measures":{"value":0}}
{"ts":1669476256096354797,"type":"point","name":"exType:baseline/permutationIndex:0/run:27/dialer:center/eavesCount:0/latencyMS:100/seq:6/fileSize:153600/nodeType:Passive/nodeTypeIndex:3/meta:msgs_rcvd","measures":{"value":2}}
{"ts":1669476256096470606,"type":"point","name":"exType:baseline/permutationIndex:0/run:27/dialer:center/eavesCount:0/latencyMS:100/seq:6/fileSize:153600/nodeType:Passive/nodeTypeIndex:3/meta:data_sent","measures":{"value":0}}
{"ts":1669476256096490919,"type":"point","name":"exType:baseline/permutationIndex:0/run:27/dialer:center/eavesCount:0/latencyMS:100/seq:6/fileSize:153600/nodeType:Passive/nodeTypeIndex:3/meta:data_rcvd","measures":{"value":0}}
{"ts":1669476256096504832,"type":"point","name":"exType:baseline/permutationIndex:0/run:27/dialer:center/eavesCount:0/latencyMS:100/seq:6/fileSize:153600/nodeType:Passive/nodeTypeIndex:3/meta:dup_data_rcvd","measures":{"value":0}}
{"ts":1669476256096517389,"type":"point","name":"exType:baseline/permutationIndex:0/run:27/dialer:center/eavesCount:0/latencyMS:100/seq:6/fileSize:153600/nodeType:Passive/nodeTypeIndex:3/meta:blks_sent","measures":{"value":0}}
{"ts":1669476256096533029,"type":"point","name":"exType:baseline/permutationIndex:0/run:27/dialer:center/eavesCount:0/latencyMS:100/seq:6/fileSize:153600/nodeType:Passive/nodeTypeIndex:3/meta:blks_rcvd","measures":{"value":0}}
{"ts":1669476256096552144,"type":"point","name":"exType:baseline/permutationIndex:0/run:27/dialer:center/eavesCount:0/latencyMS:100/seq:6/fileSize:153600/nodeType:Passive/nodeTypeIndex:3/meta:dup_blks_rcvd","measures":{"value":0}}
{"ts":1669476258989260468,"type":"point","name":"exType:baseline/permutationIndex:0/run:28/dialer:center/eavesCount:0/latencyMS:100/seq:6/fileSize:153600/nodeType:Passive/nodeTypeIndex:3/meta:msgs_rcvd","measures":{"value":5}}
{"ts":1669476258989354487,"type":"point","name":"exType:baseline/permutationIndex:0/run:28/dialer:center/eavesCount:0/latencyMS:100/seq:6/fileSize:153600/nodeType:Passive/nodeTypeIndex:3/meta:data_sent","measures":{"value":0}}
{"ts":1669476258989379398,"type":"point","name":"exType:baseline/permutationIndex:0/run:28/dialer:center/eavesCount:0/latencyMS:100/seq:6/fileSize:153600/nodeType:Passive/nodeTypeIndex:3/meta:data_rcvd","measures":{"value":0}}
{"ts":1669476258989550564,"type":"point","name":"exType:baseline/permutationIndex:0/run:28/dialer:center/eavesCount:0/latencyMS:100/seq:6/fileSize:153600/nodeType:Passive/nodeTypeIndex:3/meta:dup_data_rcvd","measures":{"value":0}}
{"ts":1669476258989572425,"type":"point","name":"exType:baseline/permutationIndex:0/run:28/dialer:center/eavesCount:0/latencyMS:100/seq:6/fileSize:153600/nodeType:Passive/nodeTypeIndex:3/meta:blks_sent","measures":{"value":0}}
{"ts":1669476258989643242,"type":"point","name":"exType:baseline/permutationIndex:0/run:28/dialer:center/eavesCount:0/latencyMS:100/seq:6/fileSize:153600/nodeType:Passive/nodeTypeIndex:3/meta:blks_rcvd","measures":{"value":0}}
{"ts":1669476258989663565,"type":"point","name":"exType:baseline/permutationIndex:0/run:28/dialer:center/eavesCount:0/latencyMS:100/seq:6/fileSize:153600/nodeType:Passive/nodeTypeIndex:3/meta:dup_blks_rcvd","measures":{"value":0}}
{"ts":1669476262439815187,"type":"point","name":"exType:baseline/permutationIndex:0/run:29/dialer:center/eavesCount:0/latencyMS:100/seq:6/fileSize:153600/nodeType:Passive/nodeTypeIndex:3/meta:msgs_rcvd","measures":{"value":5}}
{"ts":1669476262439926829,"type":"point","name":"exType:baseline/permutationIndex:0/run:29/dialer:center/eavesCount:0/latencyMS:100/seq:6/fileSize:153600/nodeType:Passive/nodeTypeIndex:3/meta:data_sent","measures":{"value":0}}
{"ts":1669476262439999326,"type":"point","name":"exType:baseline/permutationIndex:0/run:29/dialer:center/eavesCount:0/latencyMS:100/seq:6/fileSize:153600/nodeType:Passive/nodeTypeIndex:3/meta:data_rcvd","measures":{"value":0}}
{"ts":1669476262440020837,"type":"point","name":"exType:baseline/permutationIndex:0/run:29/dialer:center/eavesCount:0/latencyMS:100/seq:6/fileSize:153600/nodeType:Passive/nodeTypeIndex:3/meta:dup_data_rcvd","measures":{"value":0}}
{"ts":1669476262440040082,"type":"point","name":"exType:baseline/permutationIndex:0/run:29/dialer:center/eavesCount:0/latencyMS:100/seq:6/fileSize:153600/nodeType:Passive/nodeTypeIndex:3/meta:blks_sent","measures":{"value":0}}
{"ts":1669476262440058869,"type":"point","name":"exType:baseline/permutationIndex:0/run:29/dialer:center/eavesCount:0/latencyMS:100/seq:6/fileSize:153600/nodeType:Passive/nodeTypeIndex:3/meta:blks_rcvd","measures":{"value":0}}
{"ts":1669476262440078846,"type":"point","name":"exType:baseline/permutationIndex:0/run:29/dialer:center/eavesCount:0/latencyMS:100/seq:6/fileSize:153600/nodeType:Passive/nodeTypeIndex:3/meta:dup_blks_rcvd","measures":{"value":0}}
{"ts":1669476265313959792,"type":"point","name":"exType:baseline/permutationIndex:0/run:30/dialer:center/eavesCount:0/latencyMS:100/seq:6/fileSize:153600/nodeType:Passive/nodeTypeIndex:3/meta:msgs_rcvd","measures":{"value":7}}
{"ts":1669476265314087100,"type":"point","name":"exType:baseline/permutationIndex:0/run:30/dialer:center/eavesCount:0/latencyMS:100/seq:6/fileSize:153600/nodeType:Passive/nodeTypeIndex:3/meta:data_sent","measures":{"value":0}}
{"ts":1669476265314120148,"type":"point","name":"exType:baseline/permutationIndex:0/run:30/dialer:center/eavesCount:0/latencyMS:100/seq:6/fileSize:153600/nodeType:Passive/nodeTypeIndex:3/meta:data_rcvd","measures":{"value":0}}
{"ts":1669476265314141346,"type":"point","name":"exType:baseline/permutationIndex:0/run:30/dialer:center/eavesCount:0/latencyMS:100/seq:6/fileSize:153600/nodeType:Passive/nodeTypeIndex:3/meta:dup_data_rcvd","measures":{"value":0}}
{"ts":1669476265314159843,"type":"point","name":"exType:baseline/permutationIndex:0/run:30/dialer:center/eavesCount:0/latencyMS:100/seq:6/fileSize:153600/nodeType:Passive/nodeTypeIndex:3/meta:blks_sent","measures":{"value":0}}
{"ts":1669476265314182722,"type":"point","name":"exType:baseline/permutationIndex:0/run:30/dialer:center/eavesCount:0/latencyMS:100/seq:6/fileSize:153600/nodeType:Passive/nodeTypeIndex:3/meta:blks_rcvd","measures":{"value":0}}
{"ts":1669476265314201489,"type":"point","name":"exType:baseline/permutationIndex:0/run:30/dialer:center/eavesCount:0/latencyMS:100/seq:6/fileSize:153600/nodeType:Passive/nodeTypeIndex:3/meta:dup_blks_rcvd","measures":{"value":0}}
{"ts":1669476267919760480,"type":"point","name":"exType:baseline/permutationIndex:0/run:31/dialer:center/eavesCount:0/latencyMS:100/seq:6/fileSize:153600/nodeType:Passive/nodeTypeIndex:3/meta:msgs_rcvd","measures":{"value":2}}
{"ts":1669476267919783983,"type":"point","name":"exType:baseline/permutationIndex:0/run:31/dialer:center/eavesCount:0/latencyMS:100/seq:6/fileSize:153600/nodeType:Passive/nodeTypeIndex:3/meta:data_sent","measures":{"value":0}}
{"ts":1669476267919789686,"type":"point","name":"exType:baseline/permutationIndex:0/run:31/dialer:center/eavesCount:0/latencyMS:100/seq:6/fileSize:153600/nodeType:Passive/nodeTypeIndex:3/meta:data_rcvd","measures":{"value":0}}
{"ts":1669476267919792933,"type":"point","name":"exType:baseline/permutationIndex:0/run:31/dialer:center/eavesCount:0/latencyMS:100/seq:6/fileSize:153600/nodeType:Passive/nodeTypeIndex:3/meta:dup_data_rcvd","measures":{"value":0}}
{"ts":1669476267919795408,"type":"point","name":"exType:baseline/permutationIndex:0/run:31/dialer:center/eavesCount:0/latencyMS:100/seq:6/fileSize:153600/nodeType:Passive/nodeTypeIndex:3/meta:blks_sent","measures":{"value":0}}
{"ts":1669476267919798107,"type":"point","name":"exType:baseline/permutationIndex:0/run:31/dialer:center/eavesCount:0/latencyMS:100/seq:6/fileSize:153600/nodeType:Passive/nodeTypeIndex:3/meta:blks_rcvd","measures":{"value":0}}
{"ts":1669476267919806435,"type":"point","name":"exType:baseline/permutationIndex:0/run:31/dialer:center/eavesCount:0/latencyMS:100/seq:6/fileSize:153600/nodeType:Passive/nodeTypeIndex:3/meta:dup_blks_rcvd","measures":{"value":0}}
{"ts":1669476270636390923,"type":"point","name":"exType:baseline/permutationIndex:0/run:32/dialer:center/eavesCount:0/latencyMS:100/seq:6/fileSize:153600/nodeType:Passive/nodeTypeIndex:3/meta:msgs_rcvd","measures":{"value":1}}
{"ts":1669476270636498001,"type":"point","name":"exType:baseline/permutationIndex:0/run:32/dialer:center/eavesCount:0/latencyMS:100/seq:6/fileSize:153600/nodeType:Passive/nodeTypeIndex:3/meta:data_sent","measures":{"value":0}}
{"ts":1669476270636533357,"type":"point","name":"exType:baseline/permutationIndex:0/run:32/dialer:center/eavesCount:0/latencyMS:100/seq:6/fileSize:153600/nodeType:Passive/nodeTypeIndex:3/meta:data_rcvd","measures":{"value":0}}
{"ts":1669476270636554944,"type":"point","name":"exType:baseline/permutationIndex:0/run:32/dialer:center/eavesCount:0/latencyMS:100/seq:6/fileSize:153600/nodeType:Passive/nodeTypeIndex:3/meta:dup_data_rcvd","measures":{"value":0}}
{"ts":1669476270636574845,"type":"point","name":"exType:baseline/permutationIndex:0/run:32/dialer:center/eavesCount:0/latencyMS:100/seq:6/fileSize:153600/nodeType:Passive/nodeTypeIndex:3/meta:blks_sent","measures":{"value":0}}
{"ts":1669476270636593315,"type":"point","name":"exType:baseline/permutationIndex:0/run:32/dialer:center/eavesCount:0/latencyMS:100/seq:6/fileSize:153600/nodeType:Passive/nodeTypeIndex:3/meta:blks_rcvd","measures":{"value":0}}
{"ts":1669476270636622717,"type":"point","name":"exType:baseline/permutationIndex:0/run:32/dialer:center/eavesCount:0/latencyMS:100/seq:6/fileSize:153600/nodeType:Passive/nodeTypeIndex:3/meta:dup_blks_rcvd","measures":{"value":0}}
{"ts":1669476273531278964,"type":"point","name":"exType:baseline/permutationIndex:0/run:33/dialer:center/eavesCount:0/latencyMS:100/seq:6/fileSize:153600/nodeType:Passive/nodeTypeIndex:3/meta:msgs_rcvd","measures":{"value":2}}
{"ts":1669476273531297040,"type":"point","name":"exType:baseline/permutationIndex:0/run:33/dialer:center/eavesCount:0/latencyMS:100/seq:6/fileSize:153600/nodeType:Passive/nodeTypeIndex:3/meta:data_sent","measures":{"value":0}}
{"ts":1669476273531300818,"type":"point","name":"exType:baseline/permutationIndex:0/run:33/dialer:center/eavesCount:0/latencyMS:100/seq:6/fileSize:153600/nodeType:Passive/nodeTypeIndex:3/meta:data_rcvd","measures":{"value":0}}
{"ts":1669476273531303274,"type":"point","name":"exType:baseline/permutationIndex:0/run:33/dialer:center/eavesCount:0/latencyMS:100/seq:6/fileSize:153600/nodeType:Passive/nodeTypeIndex:3/meta:dup_data_rcvd","measures":{"value":0}}
{"ts":1669476273531305577,"type":"point","name":"exType:baseline/permutationIndex:0/run:33/dialer:center/eavesCount:0/latencyMS:100/seq:6/fileSize:153600/nodeType:Passive/nodeTypeIndex:3/meta:blks_sent","measures":{"value":0}}
{"ts":1669476273531307653,"type":"point","name":"exType:baseline/permutationIndex:0/run:33/dialer:center/eavesCount:0/latencyMS:100/seq:6/fileSize:153600/nodeType:Passive/nodeTypeIndex:3/meta:blks_rcvd","measures":{"value":0}}
{"ts":1669476273531309957,"type":"point","name":"exType:baseline/permutationIndex:0/run:33/dialer:center/eavesCount:0/latencyMS:100/seq:6/fileSize:153600/nodeType:Passive/nodeTypeIndex:3/meta:dup_blks_rcvd","measures":{"value":0}}
{"ts":1669476276424301758,"type":"point","name":"exType:baseline/permutationIndex:0/run:34/dialer:center/eavesCount:0/latencyMS:100/seq:6/fileSize:153600/nodeType:Passive/nodeTypeIndex:3/meta:msgs_rcvd","measures":{"value":3}}
{"ts":1669476276424333036,"type":"point","name":"exType:baseline/permutationIndex:0/run:34/dialer:center/eavesCount:0/latencyMS:100/seq:6/fileSize:153600/nodeType:Passive/nodeTypeIndex:3/meta:data_sent","measures":{"value":0}}
{"ts":1669476276424340319,"type":"point","name":"exType:baseline/permutationIndex:0/run:34/dialer:center/eavesCount:0/latencyMS:100/seq:6/fileSize:153600/nodeType:Passive/nodeTypeIndex:3/meta:data_rcvd","measures":{"value":0}}
{"ts":1669476276424357451,"type":"point","name":"exType:baseline/permutationIndex:0/run:34/dialer:center/eavesCount:0/latencyMS:100/seq:6/fileSize:153600/nodeType:Passive/nodeTypeIndex:3/meta:dup_data_rcvd","measures":{"value":0}}
{"ts":1669476276424362576,"type":"point","name":"exType:baseline/permutationIndex:0/run:34/dialer:center/eavesCount:0/latencyMS:100/seq:6/fileSize:153600/nodeType:Passive/nodeTypeIndex:3/meta:blks_sent","measures":{"value":0}}
{"ts":1669476276424367827,"type":"point","name":"exType:baseline/permutationIndex:0/run:34/dialer:center/eavesCount:0/latencyMS:100/seq:6/fileSize:153600/nodeType:Passive/nodeTypeIndex:3/meta:blks_rcvd","measures":{"value":0}}
{"ts":1669476276424373432,"type":"point","name":"exType:baseline/permutationIndex:0/run:34/dialer:center/eavesCount:0/latencyMS:100/seq:6/fileSize:153600/nodeType:Passive/nodeTypeIndex:3/meta:dup_blks_rcvd","measures":{"value":0}}
{"ts":1669476279292747764,"type":"point","name":"exType:baseline/permutationIndex:0/run:35/dialer:center/eavesCount:0/latencyMS:100/seq:6/fileSize:153600/nodeType:Passive/nodeTypeIndex:3/meta:msgs_rcvd","measures":{"value":3}}
{"ts":1669476279292861944,"type":"point","name":"exType:baseline/permutationIndex:0/run:35/dialer:center/eavesCount:0/latencyMS:100/seq:6/fileSize:153600/nodeType:Passive/nodeTypeIndex:3/meta:data_sent","measures":{"value":0}}
{"ts":1669476279292882695,"type":"point","name":"exType:baseline/permutationIndex:0/run:35/dialer:center/eavesCount:0/latencyMS:100/seq:6/fileSize:153600/nodeType:Passive/nodeTypeIndex:3/meta:data_rcvd","measures":{"value":0}}
{"ts":1669476279292896293,"type":"point","name":"exType:baseline/permutationIndex:0/run:35/dialer:center/eavesCount:0/latencyMS:100/seq:6/fileSize:153600/nodeType:Passive/nodeTypeIndex:3/meta:dup_data_rcvd","measures":{"value":0}}
{"ts":1669476279292908730,"type":"point","name":"exType:baseline/permutationIndex:0/run:35/dialer:center/eavesCount:0/latencyMS:100/seq:6/fileSize:153600/nodeType:Passive/nodeTypeIndex:3/meta:blks_sent","measures":{"value":0}}
{"ts":1669476279292920632,"type":"point","name":"exType:baseline/permutationIndex:0/run:35/dialer:center/eavesCount:0/latencyMS:100/seq:6/fileSize:153600/nodeType:Passive/nodeTypeIndex:3/meta:blks_rcvd","measures":{"value":0}}
{"ts":1669476279292934725,"type":"point","name":"exType:baseline/permutationIndex:0/run:35/dialer:center/eavesCount:0/latencyMS:100/seq:6/fileSize:153600/nodeType:Passive/nodeTypeIndex:3/meta:dup_blks_rcvd","measures":{"value":0}}
{"ts":1669476281962728660,"type":"point","name":"exType:baseline/permutationIndex:0/run:36/dialer:center/eavesCount:0/latencyMS:100/seq:6/fileSize:153600/nodeType:Passive/nodeTypeIndex:3/meta:msgs_rcvd","measures":{"value":3}}
{"ts":1669476281962765611,"type":"point","name":"exType:baseline/permutationIndex:0/run:36/dialer:center/eavesCount:0/latencyMS:100/seq:6/fileSize:153600/nodeType:Passive/nodeTypeIndex:3/meta:data_sent","measures":{"value":0}}
{"ts":1669476281962774037,"type":"point","name":"exType:baseline/permutationIndex:0/run:36/dialer:center/eavesCount:0/latencyMS:100/seq:6/fileSize:153600/nodeType:Passive/nodeTypeIndex:3/meta:data_rcvd","measures":{"value":0}}
{"ts":1669476281962778687,"type":"point","name":"exType:baseline/permutationIndex:0/run:36/dialer:center/eavesCount:0/latencyMS:100/seq:6/fileSize:153600/nodeType:Passive/nodeTypeIndex:3/meta:dup_data_rcvd","measures":{"value":0}}
{"ts":1669476281962783852,"type":"point","name":"exType:baseline/permutationIndex:0/run:36/dialer:center/eavesCount:0/latencyMS:100/seq:6/fileSize:153600/nodeType:Passive/nodeTypeIndex:3/meta:blks_sent","measures":{"value":0}}
{"ts":1669476281962788477,"type":"point","name":"exType:baseline/permutationIndex:0/run:36/dialer:center/eavesCount:0/latencyMS:100/seq:6/fileSize:153600/nodeType:Passive/nodeTypeIndex:3/meta:blks_rcvd","measures":{"value":0}}
{"ts":1669476281962795402,"type":"point","name":"exType:baseline/permutationIndex:0/run:36/dialer:center/eavesCount:0/latencyMS:100/seq:6/fileSize:153600/nodeType:Passive/nodeTypeIndex:3/meta:dup_blks_rcvd","measures":{"value":0}}
{"ts":1669476285052636569,"type":"point","name":"exType:baseline/permutationIndex:0/run:37/dialer:center/eavesCount:0/latencyMS:100/seq:6/fileSize:153600/nodeType:Passive/nodeTypeIndex:3/meta:msgs_rcvd","measures":{"value":10}}
{"ts":1669476285052768598,"type":"point","name":"exType:baseline/permutationIndex:0/run:37/dialer:center/eavesCount:0/latencyMS:100/seq:6/fileSize:153600/nodeType:Passive/nodeTypeIndex:3/meta:data_sent","measures":{"value":0}}
{"ts":1669476285052805539,"type":"point","name":"exType:baseline/permutationIndex:0/run:37/dialer:center/eavesCount:0/latencyMS:100/seq:6/fileSize:153600/nodeType:Passive/nodeTypeIndex:3/meta:data_rcvd","measures":{"value":0}}
{"ts":1669476285052829498,"type":"point","name":"exType:baseline/permutationIndex:0/run:37/dialer:center/eavesCount:0/latencyMS:100/seq:6/fileSize:153600/nodeType:Passive/nodeTypeIndex:3/meta:dup_data_rcvd","measures":{"value":0}}
{"ts":1669476285052848085,"type":"point","name":"exType:baseline/permutationIndex:0/run:37/dialer:center/eavesCount:0/latencyMS:100/seq:6/fileSize:153600/nodeType:Passive/nodeTypeIndex:3/meta:blks_sent","measures":{"value":0}}
{"ts":1669476285052867636,"type":"point","name":"exType:baseline/permutationIndex:0/run:37/dialer:center/eavesCount:0/latencyMS:100/seq:6/fileSize:153600/nodeType:Passive/nodeTypeIndex:3/meta:blks_rcvd","measures":{"value":0}}
{"ts":1669476285052886945,"type":"point","name":"exType:baseline/permutationIndex:0/run:37/dialer:center/eavesCount:0/latencyMS:100/seq:6/fileSize:153600/nodeType:Passive/nodeTypeIndex:3/meta:dup_blks_rcvd","measures":{"value":0}}
{"ts":1669476287789623367,"type":"point","name":"exType:baseline/permutationIndex:0/run:38/dialer:center/eavesCount:0/latencyMS:100/seq:6/fileSize:153600/nodeType:Passive/nodeTypeIndex:3/meta:msgs_rcvd","measures":{"value":2}}
{"ts":1669476287789642339,"type":"point","name":"exType:baseline/permutationIndex:0/run:38/dialer:center/eavesCount:0/latencyMS:100/seq:6/fileSize:153600/nodeType:Passive/nodeTypeIndex:3/meta:data_sent","measures":{"value":0}}
{"ts":1669476287789646087,"type":"point","name":"exType:baseline/permutationIndex:0/run:38/dialer:center/eavesCount:0/latencyMS:100/seq:6/fileSize:153600/nodeType:Passive/nodeTypeIndex:3/meta:data_rcvd","measures":{"value":0}}
{"ts":1669476287789648560,"type":"point","name":"exType:baseline/permutationIndex:0/run:38/dialer:center/eavesCount:0/latencyMS:100/seq:6/fileSize:153600/nodeType:Passive/nodeTypeIndex:3/meta:dup_data_rcvd","measures":{"value":0}}
{"ts":1669476287789650938,"type":"point","name":"exType:baseline/permutationIndex:0/run:38/dialer:center/eavesCount:0/latencyMS:100/seq:6/fileSize:153600/nodeType:Passive/nodeTypeIndex:3/meta:blks_sent","measures":{"value":0}}
{"ts":1669476287789653310,"type":"point","name":"exType:baseline/permutationIndex:0/run:38/dialer:center/eavesCount:0/latencyMS:100/seq:6/fileSize:153600/nodeType:Passive/nodeTypeIndex:3/meta:blks_rcvd","measures":{"value":0}}
{"ts":1669476287789655619,"type":"point","name":"exType:baseline/permutationIndex:0/run:38/dialer:center/eavesCount:0/latencyMS:100/seq:6/fileSize:153600/nodeType:Passive/nodeTypeIndex:3/meta:dup_blks_rcvd","measures":{"value":0}}
{"ts":1669476290699492019,"type":"point","name":"exType:baseline/permutationIndex:0/run:39/dialer:center/eavesCount:0/latencyMS:100/seq:6/fileSize:153600/nodeType:Passive/nodeTypeIndex:3/meta:msgs_rcvd","measures":{"value":3}}
{"ts":1669476290699562561,"type":"point","name":"exType:baseline/permutationIndex:0/run:39/dialer:center/eavesCount:0/latencyMS:100/seq:6/fileSize:153600/nodeType:Passive/nodeTypeIndex:3/meta:data_sent","measures":{"value":0}}
{"ts":1669476290699581249,"type":"point","name":"exType:baseline/permutationIndex:0/run:39/dialer:center/eavesCount:0/latencyMS:100/seq:6/fileSize:153600/nodeType:Passive/nodeTypeIndex:3/meta:data_rcvd","measures":{"value":0}}
{"ts":1669476290699595250,"type":"point","name":"exType:baseline/permutationIndex:0/run:39/dialer:center/eavesCount:0/latencyMS:100/seq:6/fileSize:153600/nodeType:Passive/nodeTypeIndex:3/meta:dup_data_rcvd","measures":{"value":0}}
{"ts":1669476290699631705,"type":"point","name":"exType:baseline/permutationIndex:0/run:39/dialer:center/eavesCount:0/latencyMS:100/seq:6/fileSize:153600/nodeType:Passive/nodeTypeIndex:3/meta:blks_sent","measures":{"value":0}}
{"ts":1669476290699646309,"type":"point","name":"exType:baseline/permutationIndex:0/run:39/dialer:center/eavesCount:0/latencyMS:100/seq:6/fileSize:153600/nodeType:Passive/nodeTypeIndex:3/meta:blks_rcvd","measures":{"value":0}}
{"ts":1669476290699659672,"type":"point","name":"exType:baseline/permutationIndex:0/run:39/dialer:center/eavesCount:0/latencyMS:100/seq:6/fileSize:153600/nodeType:Passive/nodeTypeIndex:3/meta:dup_blks_rcvd","measures":{"value":0}}
{"ts":1669476293796215921,"type":"point","name":"exType:baseline/permutationIndex:0/run:40/dialer:center/eavesCount:0/latencyMS:100/seq:6/fileSize:153600/nodeType:Passive/nodeTypeIndex:3/meta:msgs_rcvd","measures":{"value":2}}
{"ts":1669476293796274051,"type":"point","name":"exType:baseline/permutationIndex:0/run:40/dialer:center/eavesCount:0/latencyMS:100/seq:6/fileSize:153600/nodeType:Passive/nodeTypeIndex:3/meta:data_sent","measures":{"value":0}}
{"ts":1669476293796290242,"type":"point","name":"exType:baseline/permutationIndex:0/run:40/dialer:center/eavesCount:0/latencyMS:100/seq:6/fileSize:153600/nodeType:Passive/nodeTypeIndex:3/meta:data_rcvd","measures":{"value":0}}
{"ts":1669476293796301592,"type":"point","name":"exType:baseline/permutationIndex:0/run:40/dialer:center/eavesCount:0/latencyMS:100/seq:6/fileSize:153600/nodeType:Passive/nodeTypeIndex:3/meta:dup_data_rcvd","measures":{"value":0}}
{"ts":1669476293796311568,"type":"point","name":"exType:baseline/permutationIndex:0/run:40/dialer:center/eavesCount:0/latencyMS:100/seq:6/fileSize:153600/nodeType:Passive/nodeTypeIndex:3/meta:blks_sent","measures":{"value":0}}
{"ts":1669476293796321124,"type":"point","name":"exType:baseline/permutationIndex:0/run:40/dialer:center/eavesCount:0/latencyMS:100/seq:6/fileSize:153600/nodeType:Passive/nodeTypeIndex:3/meta:blks_rcvd","measures":{"value":0}}
{"ts":1669476293796330338,"type":"point","name":"exType:baseline/permutationIndex:0/run:40/dialer:center/eavesCount:0/latencyMS:100/seq:6/fileSize:153600/nodeType:Passive/nodeTypeIndex:3/meta:dup_blks_rcvd","measures":{"value":0}}
{"ts":1669476296427020700,"type":"point","name":"exType:baseline/permutationIndex:0/run:41/dialer:center/eavesCount:0/latencyMS:100/seq:6/fileSize:153600/nodeType:Passive/nodeTypeIndex:3/meta:msgs_rcvd","measures":{"value":10}}
{"ts":1669476296427047516,"type":"point","name":"exType:baseline/permutationIndex:0/run:41/dialer:center/eavesCount:0/latencyMS:100/seq:6/fileSize:153600/nodeType:Passive/nodeTypeIndex:3/meta:data_sent","measures":{"value":0}}
{"ts":1669476296427055122,"type":"point","name":"exType:baseline/permutationIndex:0/run:41/dialer:center/eavesCount:0/latencyMS:100/seq:6/fileSize:153600/nodeType:Passive/nodeTypeIndex:3/meta:data_rcvd","measures":{"value":0}}
{"ts":1669476296427061469,"type":"point","name":"exType:baseline/permutationIndex:0/run:41/dialer:center/eavesCount:0/latencyMS:100/seq:6/fileSize:153600/nodeType:Passive/nodeTypeIndex:3/meta:dup_data_rcvd","measures":{"value":0}}
{"ts":1669476296427065953,"type":"point","name":"exType:baseline/permutationIndex:0/run:41/dialer:center/eavesCount:0/latencyMS:100/seq:6/fileSize:153600/nodeType:Passive/nodeTypeIndex:3/meta:blks_sent","measures":{"value":0}}
{"ts":1669476296427071370,"type":"point","name":"exType:baseline/permutationIndex:0/run:41/dialer:center/eavesCount:0/latencyMS:100/seq:6/fileSize:153600/nodeType:Passive/nodeTypeIndex:3/meta:blks_rcvd","measures":{"value":0}}
{"ts":1669476296427076180,"type":"point","name":"exType:baseline/permutationIndex:0/run:41/dialer:center/eavesCount:0/latencyMS:100/seq:6/fileSize:153600/nodeType:Passive/nodeTypeIndex:3/meta:dup_blks_rcvd","measures":{"value":0}}
{"ts":1669476299110869320,"type":"point","name":"exType:baseline/permutationIndex:0/run:42/dialer:center/eavesCount:0/latencyMS:100/seq:6/fileSize:153600/nodeType:Passive/nodeTypeIndex:3/meta:msgs_rcvd","measures":{"value":5}}
{"ts":1669476299111008087,"type":"point","name":"exType:baseline/permutationIndex:0/run:42/dialer:center/eavesCount:0/latencyMS:100/seq:6/fileSize:153600/nodeType:Passive/nodeTypeIndex:3/meta:data_sent","measures":{"value":0}}
{"ts":1669476299111060875,"type":"point","name":"exType:baseline/permutationIndex:0/run:42/dialer:center/eavesCount:0/latencyMS:100/seq:6/fileSize:153600/nodeType:Passive/nodeTypeIndex:3/meta:data_rcvd","measures":{"value":0}}
{"ts":1669476299111081422,"type":"point","name":"exType:baseline/permutationIndex:0/run:42/dialer:center/eavesCount:0/latencyMS:100/seq:6/fileSize:153600/nodeType:Passive/nodeTypeIndex:3/meta:dup_data_rcvd","measures":{"value":0}}
{"ts":1669476299111100927,"type":"point","name":"exType:baseline/permutationIndex:0/run:42/dialer:center/eavesCount:0/latencyMS:100/seq:6/fileSize:153600/nodeType:Passive/nodeTypeIndex:3/meta:blks_sent","measures":{"value":0}}
{"ts":1669476299111118955,"type":"point","name":"exType:baseline/permutationIndex:0/run:42/dialer:center/eavesCount:0/latencyMS:100/seq:6/fileSize:153600/nodeType:Passive/nodeTypeIndex:3/meta:blks_rcvd","measures":{"value":0}}
{"ts":1669476299111150151,"type":"point","name":"exType:baseline/permutationIndex:0/run:42/dialer:center/eavesCount:0/latencyMS:100/seq:6/fileSize:153600/nodeType:Passive/nodeTypeIndex:3/meta:dup_blks_rcvd","measures":{"value":0}}
{"ts":1669476302343056121,"type":"point","name":"exType:baseline/permutationIndex:0/run:43/dialer:center/eavesCount:0/latencyMS:100/seq:6/fileSize:153600/nodeType:Passive/nodeTypeIndex:3/meta:msgs_rcvd","measures":{"value":13}}
{"ts":1669476302343073885,"type":"point","name":"exType:baseline/permutationIndex:0/run:43/dialer:center/eavesCount:0/latencyMS:100/seq:6/fileSize:153600/nodeType:Passive/nodeTypeIndex:3/meta:data_sent","measures":{"value":0}}
{"ts":1669476302343076682,"type":"point","name":"exType:baseline/permutationIndex:0/run:43/dialer:center/eavesCount:0/latencyMS:100/seq:6/fileSize:153600/nodeType:Passive/nodeTypeIndex:3/meta:data_rcvd","measures":{"value":0}}
{"ts":1669476302343079068,"type":"point","name":"exType:baseline/permutationIndex:0/run:43/dialer:center/eavesCount:0/latencyMS:100/seq:6/fileSize:153600/nodeType:Passive/nodeTypeIndex:3/meta:dup_data_rcvd","measures":{"value":0}}
{"ts":1669476302343081558,"type":"point","name":"exType:baseline/permutationIndex:0/run:43/dialer:center/eavesCount:0/latencyMS:100/seq:6/fileSize:153600/nodeType:Passive/nodeTypeIndex:3/meta:blks_sent","measures":{"value":0}}
{"ts":1669476302343084180,"type":"point","name":"exType:baseline/permutationIndex:0/run:43/dialer:center/eavesCount:0/latencyMS:100/seq:6/fileSize:153600/nodeType:Passive/nodeTypeIndex:3/meta:blks_rcvd","measures":{"value":0}}
{"ts":1669476302343085855,"type":"point","name":"exType:baseline/permutationIndex:0/run:43/dialer:center/eavesCount:0/latencyMS:100/seq:6/fileSize:153600/nodeType:Passive/nodeTypeIndex:3/meta:dup_blks_rcvd","measures":{"value":0}}
{"ts":1669476305750265340,"type":"point","name":"exType:baseline/permutationIndex:0/run:44/dialer:center/eavesCount:0/latencyMS:100/seq:6/fileSize:153600/nodeType:Passive/nodeTypeIndex:3/meta:msgs_rcvd","measures":{"value":1}}
{"ts":1669476305750312253,"type":"point","name":"exType:baseline/permutationIndex:0/run:44/dialer:center/eavesCount:0/latencyMS:100/seq:6/fileSize:153600/nodeType:Passive/nodeTypeIndex:3/meta:data_sent","measures":{"value":0}}
{"ts":1669476305750324219,"type":"point","name":"exType:baseline/permutationIndex:0/run:44/dialer:center/eavesCount:0/latencyMS:100/seq:6/fileSize:153600/nodeType:Passive/nodeTypeIndex:3/meta:data_rcvd","measures":{"value":0}}
{"ts":1669476305750331139,"type":"point","name":"exType:baseline/permutationIndex:0/run:44/dialer:center/eavesCount:0/latencyMS:100/seq:6/fileSize:153600/nodeType:Passive/nodeTypeIndex:3/meta:dup_data_rcvd","measures":{"value":0}}
{"ts":1669476305750337813,"type":"point","name":"exType:baseline/permutationIndex:0/run:44/dialer:center/eavesCount:0/latencyMS:100/seq:6/fileSize:153600/nodeType:Passive/nodeTypeIndex:3/meta:blks_sent","measures":{"value":0}}
{"ts":1669476305750358293,"type":"point","name":"exType:baseline/permutationIndex:0/run:44/dialer:center/eavesCount:0/latencyMS:100/seq:6/fileSize:153600/nodeType:Passive/nodeTypeIndex:3/meta:blks_rcvd","measures":{"value":0}}
{"ts":1669476305750400075,"type":"point","name":"exType:baseline/permutationIndex:0/run:44/dialer:center/eavesCount:0/latencyMS:100/seq:6/fileSize:153600/nodeType:Passive/nodeTypeIndex:3/meta:dup_blks_rcvd","measures":{"value":0}}
{"ts":1669476308355287980,"type":"point","name":"exType:baseline/permutationIndex:0/run:45/dialer:center/eavesCount:0/latencyMS:100/seq:6/fileSize:153600/nodeType:Passive/nodeTypeIndex:3/meta:msgs_rcvd","measures":{"value":4}}
{"ts":1669476308355362148,"type":"point","name":"exType:baseline/permutationIndex:0/run:45/dialer:center/eavesCount:0/latencyMS:100/seq:6/fileSize:153600/nodeType:Passive/nodeTypeIndex:3/meta:data_sent","measures":{"value":0}}
{"ts":1669476308355387259,"type":"point","name":"exType:baseline/permutationIndex:0/run:45/dialer:center/eavesCount:0/latencyMS:100/seq:6/fileSize:153600/nodeType:Passive/nodeTypeIndex:3/meta:data_rcvd","measures":{"value":0}}
{"ts":1669476308355408117,"type":"point","name":"exType:baseline/permutationIndex:0/run:45/dialer:center/eavesCount:0/latencyMS:100/seq:6/fileSize:153600/nodeType:Passive/nodeTypeIndex:3/meta:dup_data_rcvd","measures":{"value":0}}
{"ts":1669476308355429245,"type":"point","name":"exType:baseline/permutationIndex:0/run:45/dialer:center/eavesCount:0/latencyMS:100/seq:6/fileSize:153600/nodeType:Passive/nodeTypeIndex:3/meta:blks_sent","measures":{"value":0}}
{"ts":1669476308355448894,"type":"point","name":"exType:baseline/permutationIndex:0/run:45/dialer:center/eavesCount:0/latencyMS:100/seq:6/fileSize:153600/nodeType:Passive/nodeTypeIndex:3/meta:blks_rcvd","measures":{"value":0}}
{"ts":1669476308355469316,"type":"point","name":"exType:baseline/permutationIndex:0/run:45/dialer:center/eavesCount:0/latencyMS:100/seq:6/fileSize:153600/nodeType:Passive/nodeTypeIndex:3/meta:dup_blks_rcvd","measures":{"value":0}}
{"ts":1669476311075119910,"type":"point","name":"exType:baseline/permutationIndex:0/run:46/dialer:center/eavesCount:0/latencyMS:100/seq:6/fileSize:153600/nodeType:Passive/nodeTypeIndex:3/meta:msgs_rcvd","measures":{"value":2}}
{"ts":1669476311075223728,"type":"point","name":"exType:baseline/permutationIndex:0/run:46/dialer:center/eavesCount:0/latencyMS:100/seq:6/fileSize:153600/nodeType:Passive/nodeTypeIndex:3/meta:data_sent","measures":{"value":0}}
{"ts":1669476311075255062,"type":"point","name":"exType:baseline/permutationIndex:0/run:46/dialer:center/eavesCount:0/latencyMS:100/seq:6/fileSize:153600/nodeType:Passive/nodeTypeIndex:3/meta:data_rcvd","measures":{"value":0}}
{"ts":1669476311075278486,"type":"point","name":"exType:baseline/permutationIndex:0/run:46/dialer:center/eavesCount:0/latencyMS:100/seq:6/fileSize:153600/nodeType:Passive/nodeTypeIndex:3/meta:dup_data_rcvd","measures":{"value":0}}
{"ts":1669476311075296961,"type":"point","name":"exType:baseline/permutationIndex:0/run:46/dialer:center/eavesCount:0/latencyMS:100/seq:6/fileSize:153600/nodeType:Passive/nodeTypeIndex:3/meta:blks_sent","measures":{"value":0}}
{"ts":1669476311075315495,"type":"point","name":"exType:baseline/permutationIndex:0/run:46/dialer:center/eavesCount:0/latencyMS:100/seq:6/fileSize:153600/nodeType:Passive/nodeTypeIndex:3/meta:blks_rcvd","measures":{"value":0}}
{"ts":1669476311075337649,"type":"point","name":"exType:baseline/permutationIndex:0/run:46/dialer:center/eavesCount:0/latencyMS:100/seq:6/fileSize:153600/nodeType:Passive/nodeTypeIndex:3/meta:dup_blks_rcvd","measures":{"value":0}}
{"ts":1669476313962491139,"type":"point","name":"exType:baseline/permutationIndex:0/run:47/dialer:center/eavesCount:0/latencyMS:100/seq:6/fileSize:153600/nodeType:Passive/nodeTypeIndex:3/meta:msgs_rcvd","measures":{"value":2}}
{"ts":1669476313962620532,"type":"point","name":"exType:baseline/permutationIndex:0/run:47/dialer:center/eavesCount:0/latencyMS:100/seq:6/fileSize:153600/nodeType:Passive/nodeTypeIndex:3/meta:data_sent","measures":{"value":0}}
{"ts":1669476313962720013,"type":"point","name":"exType:baseline/permutationIndex:0/run:47/dialer:center/eavesCount:0/latencyMS:100/seq:6/fileSize:153600/nodeType:Passive/nodeTypeIndex:3/meta:data_rcvd","measures":{"value":0}}
{"ts":1669476313962748405,"type":"point","name":"exType:baseline/permutationIndex:0/run:47/dialer:center/eavesCount:0/latencyMS:100/seq:6/fileSize:153600/nodeType:Passive/nodeTypeIndex:3/meta:dup_data_rcvd","measures":{"value":0}}
{"ts":1669476313962769334,"type":"point","name":"exType:baseline/permutationIndex:0/run:47/dialer:center/eavesCount:0/latencyMS:100/seq:6/fileSize:153600/nodeType:Passive/nodeTypeIndex:3/meta:blks_sent","measures":{"value":0}}
{"ts":1669476313962791042,"type":"point","name":"exType:baseline/permutationIndex:0/run:47/dialer:center/eavesCount:0/latencyMS:100/seq:6/fileSize:153600/nodeType:Passive/nodeTypeIndex:3/meta:blks_rcvd","measures":{"value":0}}
{"ts":1669476313962812171,"type":"point","name":"exType:baseline/permutationIndex:0/run:47/dialer:center/eavesCount:0/latencyMS:100/seq:6/fileSize:153600/nodeType:Passive/nodeTypeIndex:3/meta:dup_blks_rcvd","measures":{"value":0}}
{"ts":1669476317475109430,"type":"point","name":"exType:baseline/permutationIndex:0/run:48/dialer:center/eavesCount:0/latencyMS:100/seq:6/fileSize:153600/nodeType:Passive/nodeTypeIndex:3/meta:msgs_rcvd","measures":{"value":4}}
{"ts":1669476317475135908,"type":"point","name":"exType:baseline/permutationIndex:0/run:48/dialer:center/eavesCount:0/latencyMS:100/seq:6/fileSize:153600/nodeType:Passive/nodeTypeIndex:3/meta:data_sent","measures":{"value":0}}
{"ts":1669476317475141736,"type":"point","name":"exType:baseline/permutationIndex:0/run:48/dialer:center/eavesCount:0/latencyMS:100/seq:6/fileSize:153600/nodeType:Passive/nodeTypeIndex:3/meta:data_rcvd","measures":{"value":0}}
{"ts":1669476317475146102,"type":"point","name":"exType:baseline/permutationIndex:0/run:48/dialer:center/eavesCount:0/latencyMS:100/seq:6/fileSize:153600/nodeType:Passive/nodeTypeIndex:3/meta:dup_data_rcvd","measures":{"value":0}}
{"ts":1669476317475150286,"type":"point","name":"exType:baseline/permutationIndex:0/run:48/dialer:center/eavesCount:0/latencyMS:100/seq:6/fileSize:153600/nodeType:Passive/nodeTypeIndex:3/meta:blks_sent","measures":{"value":0}}
{"ts":1669476317475154305,"type":"point","name":"exType:baseline/permutationIndex:0/run:48/dialer:center/eavesCount:0/latencyMS:100/seq:6/fileSize:153600/nodeType:Passive/nodeTypeIndex:3/meta:blks_rcvd","measures":{"value":0}}
{"ts":1669476317475160071,"type":"point","name":"exType:baseline/permutationIndex:0/run:48/dialer:center/eavesCount:0/latencyMS:100/seq:6/fileSize:153600/nodeType:Passive/nodeTypeIndex:3/meta:dup_blks_rcvd","measures":{"value":0}}
{"ts":1669476320158960092,"type":"point","name":"exType:baseline/permutationIndex:0/run:49/dialer:center/eavesCount:0/latencyMS:100/seq:6/fileSize:153600/nodeType:Passive/nodeTypeIndex:3/meta:msgs_rcvd","measures":{"value":9}}
{"ts":1669476320159064408,"type":"point","name":"exType:baseline/permutationIndex:0/run:49/dialer:center/eavesCount:0/latencyMS:100/seq:6/fileSize:153600/nodeType:Passive/nodeTypeIndex:3/meta:data_sent","measures":{"value":0}}
{"ts":1669476320159101293,"type":"point","name":"exType:baseline/permutationIndex:0/run:49/dialer:center/eavesCount:0/latencyMS:100/seq:6/fileSize:153600/nodeType:Passive/nodeTypeIndex:3/meta:data_rcvd","measures":{"value":0}}
{"ts":1669476320159170544,"type":"point","name":"exType:baseline/permutationIndex:0/run:49/dialer:center/eavesCount:0/latencyMS:100/seq:6/fileSize:153600/nodeType:Passive/nodeTypeIndex:3/meta:dup_data_rcvd","measures":{"value":0}}
{"ts":1669476320159196493,"type":"point","name":"exType:baseline/permutationIndex:0/run:49/dialer:center/eavesCount:0/latencyMS:100/seq:6/fileSize:153600/nodeType:Passive/nodeTypeIndex:3/meta:blks_sent","measures":{"value":0}}
{"ts":1669476320159217866,"type":"point","name":"exType:baseline/permutationIndex:0/run:49/dialer:center/eavesCount:0/latencyMS:100/seq:6/fileSize:153600/nodeType:Passive/nodeTypeIndex:3/meta:blks_rcvd","measures":{"value":0}}
{"ts":1669476320159269946,"type":"point","name":"exType:baseline/permutationIndex:0/run:49/dialer:center/eavesCount:0/latencyMS:100/seq:6/fileSize:153600/nodeType:Passive/nodeTypeIndex:3/meta:dup_blks_rcvd","measures":{"value":0}}
{"ts":1669476323076971975,"type":"point","name":"exType:baseline/permutationIndex:0/run:50/dialer:center/eavesCount:0/latencyMS:100/seq:6/fileSize:153600/nodeType:Passive/nodeTypeIndex:3/meta:msgs_rcvd","measures":{"value":2}}
{"ts":1669476323077082055,"type":"point","name":"exType:baseline/permutationIndex:0/run:50/dialer:center/eavesCount:0/latencyMS:100/seq:6/fileSize:153600/nodeType:Passive/nodeTypeIndex:3/meta:data_sent","measures":{"value":0}}
{"ts":1669476323077112641,"type":"point","name":"exType:baseline/permutationIndex:0/run:50/dialer:center/eavesCount:0/latencyMS:100/seq:6/fileSize:153600/nodeType:Passive/nodeTypeIndex:3/meta:data_rcvd","measures":{"value":0}}
{"ts":1669476323077139330,"type":"point","name":"exType:baseline/permutationIndex:0/run:50/dialer:center/eavesCount:0/latencyMS:100/seq:6/fileSize:153600/nodeType:Passive/nodeTypeIndex:3/meta:dup_data_rcvd","measures":{"value":0}}
{"ts":1669476323077158054,"type":"point","name":"exType:baseline/permutationIndex:0/run:50/dialer:center/eavesCount:0/latencyMS:100/seq:6/fileSize:153600/nodeType:Passive/nodeTypeIndex:3/meta:blks_sent","measures":{"value":0}}
{"ts":1669476323077180372,"type":"point","name":"exType:baseline/permutationIndex:0/run:50/dialer:center/eavesCount:0/latencyMS:100/seq:6/fileSize:153600/nodeType:Passive/nodeTypeIndex:3/meta:blks_rcvd","measures":{"value":0}}
{"ts":1669476323077199565,"type":"point","name":"exType:baseline/permutationIndex:0/run:50/dialer:center/eavesCount:0/latencyMS:100/seq:6/fileSize:153600/nodeType:Passive/nodeTypeIndex:3/meta:dup_blks_rcvd","measures":{"value":0}}
{"ts":1669476325970281735,"type":"point","name":"exType:baseline/permutationIndex:0/run:51/dialer:center/eavesCount:0/latencyMS:100/seq:6/fileSize:153600/nodeType:Passive/nodeTypeIndex:3/meta:msgs_rcvd","measures":{"value":4}}
{"ts":1669476325970408401,"type":"point","name":"exType:baseline/permutationIndex:0/run:51/dialer:center/eavesCount:0/latencyMS:100/seq:6/fileSize:153600/nodeType:Passive/nodeTypeIndex:3/meta:data_sent","measures":{"value":0}}
{"ts":1669476325970442858,"type":"point","name":"exType:baseline/permutationIndex:0/run:51/dialer:center/eavesCount:0/latencyMS:100/seq:6/fileSize:153600/nodeType:Passive/nodeTypeIndex:3/meta:data_rcvd","measures":{"value":0}}
{"ts":1669476325970465496,"type":"point","name":"exType:baseline/permutationIndex:0/run:51/dialer:center/eavesCount:0/latencyMS:100/seq:6/fileSize:153600/nodeType:Passive/nodeTypeIndex:3/meta:dup_data_rcvd","measures":{"value":0}}
{"ts":1669476325970486370,"type":"point","name":"exType:baseline/permutationIndex:0/run:51/dialer:center/eavesCount:0/latencyMS:100/seq:6/fileSize:153600/nodeType:Passive/nodeTypeIndex:3/meta:blks_sent","measures":{"value":0}}
{"ts":1669476325970506028,"type":"point","name":"exType:baseline/permutationIndex:0/run:51/dialer:center/eavesCount:0/latencyMS:100/seq:6/fileSize:153600/nodeType:Passive/nodeTypeIndex:3/meta:blks_rcvd","measures":{"value":0}}
{"ts":1669476325970525836,"type":"point","name":"exType:baseline/permutationIndex:0/run:51/dialer:center/eavesCount:0/latencyMS:100/seq:6/fileSize:153600/nodeType:Passive/nodeTypeIndex:3/meta:dup_blks_rcvd","measures":{"value":0}}
{"ts":1669476328841495848,"type":"point","name":"exType:baseline/permutationIndex:0/run:52/dialer:center/eavesCount:0/latencyMS:100/seq:6/fileSize:153600/nodeType:Passive/nodeTypeIndex:3/meta:msgs_rcvd","measures":{"value":9}}
{"ts":1669476328841520617,"type":"point","name":"exType:baseline/permutationIndex:0/run:52/dialer:center/eavesCount:0/latencyMS:100/seq:6/fileSize:153600/nodeType:Passive/nodeTypeIndex:3/meta:data_sent","measures":{"value":0}}
{"ts":1669476328841526586,"type":"point","name":"exType:baseline/permutationIndex:0/run:52/dialer:center/eavesCount:0/latencyMS:100/seq:6/fileSize:153600/nodeType:Passive/nodeTypeIndex:3/meta:data_rcvd","measures":{"value":0}}
{"ts":1669476328841539479,"type":"point","name":"exType:baseline/permutationIndex:0/run:52/dialer:center/eavesCount:0/latencyMS:100/seq:6/fileSize:153600/nodeType:Passive/nodeTypeIndex:3/meta:dup_data_rcvd","measures":{"value":0}}
{"ts":1669476328841543569,"type":"point","name":"exType:baseline/permutationIndex:0/run:52/dialer:center/eavesCount:0/latencyMS:100/seq:6/fileSize:153600/nodeType:Passive/nodeTypeIndex:3/meta:blks_sent","measures":{"value":0}}
{"ts":1669476328841548025,"type":"point","name":"exType:baseline/permutationIndex:0/run:52/dialer:center/eavesCount:0/latencyMS:100/seq:6/fileSize:153600/nodeType:Passive/nodeTypeIndex:3/meta:blks_rcvd","measures":{"value":0}}
{"ts":1669476328841552097,"type":"point","name":"exType:baseline/permutationIndex:0/run:52/dialer:center/eavesCount:0/latencyMS:100/seq:6/fileSize:153600/nodeType:Passive/nodeTypeIndex:3/meta:dup_blks_rcvd","measures":{"value":0}}
{"ts":1669476331547632255,"type":"point","name":"exType:baseline/permutationIndex:0/run:53/dialer:center/eavesCount:0/latencyMS:100/seq:6/fileSize:153600/nodeType:Passive/nodeTypeIndex:3/meta:msgs_rcvd","measures":{"value":2}}
{"ts":1669476331547665628,"type":"point","name":"exType:baseline/permutationIndex:0/run:53/dialer:center/eavesCount:0/latencyMS:100/seq:6/fileSize:153600/nodeType:Passive/nodeTypeIndex:3/meta:data_sent","measures":{"value":0}}
{"ts":1669476331547691688,"type":"point","name":"exType:baseline/permutationIndex:0/run:53/dialer:center/eavesCount:0/latencyMS:100/seq:6/fileSize:153600/nodeType:Passive/nodeTypeIndex:3/meta:data_rcvd","measures":{"value":0}}
{"ts":1669476331547697235,"type":"point","name":"exType:baseline/permutationIndex:0/run:53/dialer:center/eavesCount:0/latencyMS:100/seq:6/fileSize:153600/nodeType:Passive/nodeTypeIndex:3/meta:dup_data_rcvd","measures":{"value":0}}
{"ts":1669476331547701018,"type":"point","name":"exType:baseline/permutationIndex:0/run:53/dialer:center/eavesCount:0/latencyMS:100/seq:6/fileSize:153600/nodeType:Passive/nodeTypeIndex:3/meta:blks_sent","measures":{"value":0}}
{"ts":1669476331547713340,"type":"point","name":"exType:baseline/permutationIndex:0/run:53/dialer:center/eavesCount:0/latencyMS:100/seq:6/fileSize:153600/nodeType:Passive/nodeTypeIndex:3/meta:blks_rcvd","measures":{"value":0}}
{"ts":1669476331547726714,"type":"point","name":"exType:baseline/permutationIndex:0/run:53/dialer:center/eavesCount:0/latencyMS:100/seq:6/fileSize:153600/nodeType:Passive/nodeTypeIndex:3/meta:dup_blks_rcvd","measures":{"value":0}}
