{"ts":1670665318237472669,"type":"point","name":"exType:trickle/permutationIndex:0/run:1/dialer:edge/eavesCount:0/latencyMS:100/tricklingDelay:0/seq:4/fileSize:1048576/nodeType:Passive/nodeTypeIndex:1/meta:msgs_rcvd","measures":{"value":47}}
{"ts":1670665318237609941,"type":"point","name":"exType:trickle/permutationIndex:0/run:1/dialer:edge/eavesCount:0/latencyMS:100/tricklingDelay:0/seq:4/fileSize:1048576/nodeType:Passive/nodeTypeIndex:1/meta:data_sent","measures":{"value":2360022}}
{"ts":1670665318237642911,"type":"point","name":"exType:trickle/permutationIndex:0/run:1/dialer:edge/eavesCount:0/latencyMS:100/tricklingDelay:0/seq:4/fileSize:1048576/nodeType:Passive/nodeTypeIndex:1/meta:data_rcvd","measures":{"value":2360022}}
{"ts":1670665318237664079,"type":"point","name":"exType:trickle/permutationIndex:0/run:1/dialer:edge/eavesCount:0/latencyMS:100/tricklingDelay:0/seq:4/fileSize:1048576/nodeType:Passive/nodeTypeIndex:1/meta:dup_data_rcvd","measures":{"value":1311190}}
{"ts":1670665318237684823,"type":"point","name":"exType:trickle/permutationIndex:0/run:1/dialer:edge/eavesCount:0/latencyMS:100/tricklingDelay:0/seq:4/fileSize:1048576/nodeType:Passive/nodeTypeIndex:1/meta:blks_sent","measures":{"value":12}}
{"ts":1670665318237703619,"type":"point","name":"exType:trickle/permutationIndex:0/run:1/dialer:edge/eavesCount:0/latencyMS:100/tricklingDelay:0/seq:4/fileSize:1048576/nodeType:Passive/nodeTypeIndex:1/meta:blks_rcvd","measures":{"value":12}}
{"ts":1670665318237723448,"type":"point","name":"exType:trickle/permutationIndex:0/run:1/dialer:edge/eavesCount:0/latencyMS:100/tricklingDelay:0/seq:4/fileSize:1048576/nodeType:Passive/nodeTypeIndex:1/meta:dup_blks_rcvd","measures":{"value":7}}
{"ts":1670665329011652198,"type":"point","name":"exType:trickle/permutationIndex:0/run:2/dialer:edge/eavesCount:0/latencyMS:100/tricklingDelay:0/seq:4/fileSize:1048576/nodeType:Passive/nodeTypeIndex:1/meta:msgs_rcvd","measures":{"value":39}}
{"ts":1670665329011734077,"type":"point","name":"exType:trickle/permutationIndex:0/run:2/dialer:edge/eavesCount:0/latencyMS:100/tricklingDelay:0/seq:4/fileSize:1048576/nodeType:Passive/nodeTypeIndex:1/meta:data_sent","measures":{"value":2097864}}
{"ts":1670665329011762256,"type":"point","name":"exType:trickle/permutationIndex:0/run:2/dialer:edge/eavesCount:0/latencyMS:100/tricklingDelay:0/seq:4/fileSize:1048576/nodeType:Passive/nodeTypeIndex:1/meta:data_rcvd","measures":{"value":2360022}}
{"ts":1670665329011784947,"type":"point","name":"exType:trickle/permutationIndex:0/run:2/dialer:edge/eavesCount:0/latencyMS:100/tricklingDelay:0/seq:4/fileSize:1048576/nodeType:Passive/nodeTypeIndex:1/meta:dup_data_rcvd","measures":{"value":1311190}}
{"ts":1670665329011807865,"type":"point","name":"exType:trickle/permutationIndex:0/run:2/dialer:edge/eavesCount:0/latencyMS:100/tricklingDelay:0/seq:4/fileSize:1048576/nodeType:Passive/nodeTypeIndex:1/meta:blks_sent","measures":{"value":11}}
{"ts":1670665329011829267,"type":"point","name":"exType:trickle/permutationIndex:0/run:2/dialer:edge/eavesCount:0/latencyMS:100/tricklingDelay:0/seq:4/fileSize:1048576/nodeType:Passive/nodeTypeIndex:1/meta:blks_rcvd","measures":{"value":12}}
{"ts":1670665329011849632,"type":"point","name":"exType:trickle/permutationIndex:0/run:2/dialer:edge/eavesCount:0/latencyMS:100/tricklingDelay:0/seq:4/fileSize:1048576/nodeType:Passive/nodeTypeIndex:1/meta:dup_blks_rcvd","measures":{"value":7}}
{"ts":1670665339659348250,"type":"point","name":"exType:trickle/permutationIndex:0/run:3/dialer:edge/eavesCount:0/latencyMS:100/tricklingDelay:0/seq:4/fileSize:1048576/nodeType:Passive/nodeTypeIndex:1/meta:msgs_rcvd","measures":{"value":40}}
{"ts":1670665339659448920,"type":"point","name":"exType:trickle/permutationIndex:0/run:3/dialer:edge/eavesCount:0/latencyMS:100/tricklingDelay:0/seq:4/fileSize:1048576/nodeType:Passive/nodeTypeIndex:1/meta:data_sent","measures":{"value":2360022}}
{"ts":1670665339659478799,"type":"point","name":"exType:trickle/permutationIndex:0/run:3/dialer:edge/eavesCount:0/latencyMS:100/tricklingDelay:0/seq:4/fileSize:1048576/nodeType:Passive/nodeTypeIndex:1/meta:data_rcvd","measures":{"value":2360022}}
{"ts":1670665339659557423,"type":"point","name":"exType:trickle/permutationIndex:0/run:3/dialer:edge/eavesCount:0/latencyMS:100/tricklingDelay:0/seq:4/fileSize:1048576/nodeType:Passive/nodeTypeIndex:1/meta:dup_data_rcvd","measures":{"value":1311190}}
{"ts":1670665339659591635,"type":"point","name":"exType:trickle/permutationIndex:0/run:3/dialer:edge/eavesCount:0/latencyMS:100/tricklingDelay:0/seq:4/fileSize:1048576/nodeType:Passive/nodeTypeIndex:1/meta:blks_sent","measures":{"value":12}}
{"ts":1670665339659618125,"type":"point","name":"exType:trickle/permutationIndex:0/run:3/dialer:edge/eavesCount:0/latencyMS:100/tricklingDelay:0/seq:4/fileSize:1048576/nodeType:Passive/nodeTypeIndex:1/meta:blks_rcvd","measures":{"value":12}}
{"ts":1670665339659643529,"type":"point","name":"exType:trickle/permutationIndex:0/run:3/dialer:edge/eavesCount:0/latencyMS:100/tricklingDelay:0/seq:4/fileSize:1048576/nodeType:Passive/nodeTypeIndex:1/meta:dup_blks_rcvd","measures":{"value":7}}
{"ts":1670665350597762356,"type":"point","name":"exType:trickle/permutationIndex:0/run:4/dialer:edge/eavesCount:0/latencyMS:100/tricklingDelay:0/seq:4/fileSize:1048576/nodeType:Passive/nodeTypeIndex:1/meta:msgs_rcvd","measures":{"value":36}}
{"ts":1670665350597857396,"type":"point","name":"exType:trickle/permutationIndex:0/run:4/dialer:edge/eavesCount:0/latencyMS:100/tricklingDelay:0/seq:4/fileSize:1048576/nodeType:Passive/nodeTypeIndex:1/meta:data_sent","measures":{"value":2622180}}
{"ts":1670665350597886920,"type":"point","name":"exType:trickle/permutationIndex:0/run:4/dialer:edge/eavesCount:0/latencyMS:100/tricklingDelay:0/seq:4/fileSize:1048576/nodeType:Passive/nodeTypeIndex:1/meta:data_rcvd","measures":{"value":1311390}}
{"ts":1670665350597908606,"type":"point","name":"exType:trickle/permutationIndex:0/run:4/dialer:edge/eavesCount:0/latencyMS:100/tricklingDelay:0/seq:4/fileSize:1048576/nodeType:Passive/nodeTypeIndex:1/meta:dup_data_rcvd","measures":{"value":262558}}
{"ts":1670665350597930143,"type":"point","name":"exType:trickle/permutationIndex:0/run:4/dialer:edge/eavesCount:0/latencyMS:100/tricklingDelay:0/seq:4/fileSize:1048576/nodeType:Passive/nodeTypeIndex:1/meta:blks_sent","measures":{"value":13}}
{"ts":1670665350597951096,"type":"point","name":"exType:trickle/permutationIndex:0/run:4/dialer:edge/eavesCount:0/latencyMS:100/tricklingDelay:0/seq:4/fileSize:1048576/nodeType:Passive/nodeTypeIndex:1/meta:blks_rcvd","measures":{"value":8}}
{"ts":1670665350597976240,"type":"point","name":"exType:trickle/permutationIndex:0/run:4/dialer:edge/eavesCount:0/latencyMS:100/tricklingDelay:0/seq:4/fileSize:1048576/nodeType:Passive/nodeTypeIndex:1/meta:dup_blks_rcvd","measures":{"value":3}}
{"ts":1670665360735647769,"type":"point","name":"exType:trickle/permutationIndex:0/run:5/dialer:edge/eavesCount:0/latencyMS:100/tricklingDelay:0/seq:4/fileSize:1048576/nodeType:Passive/nodeTypeIndex:1/meta:msgs_rcvd","measures":{"value":36}}
{"ts":1670665360735800938,"type":"point","name":"exType:trickle/permutationIndex:0/run:5/dialer:edge/eavesCount:0/latencyMS:100/tricklingDelay:0/seq:4/fileSize:1048576/nodeType:Passive/nodeTypeIndex:1/meta:data_sent","measures":{"value":2360022}}
{"ts":1670665360735829468,"type":"point","name":"exType:trickle/permutationIndex:0/run:5/dialer:edge/eavesCount:0/latencyMS:100/tricklingDelay:0/seq:4/fileSize:1048576/nodeType:Passive/nodeTypeIndex:1/meta:data_rcvd","measures":{"value":1835706}}
{"ts":1670665360735850125,"type":"point","name":"exType:trickle/permutationIndex:0/run:5/dialer:edge/eavesCount:0/latencyMS:100/tricklingDelay:0/seq:4/fileSize:1048576/nodeType:Passive/nodeTypeIndex:1/meta:dup_data_rcvd","measures":{"value":786874}}
{"ts":1670665360735870594,"type":"point","name":"exType:trickle/permutationIndex:0/run:5/dialer:edge/eavesCount:0/latencyMS:100/tricklingDelay:0/seq:4/fileSize:1048576/nodeType:Passive/nodeTypeIndex:1/meta:blks_sent","measures":{"value":12}}
{"ts":1670665360735899188,"type":"point","name":"exType:trickle/permutationIndex:0/run:5/dialer:edge/eavesCount:0/latencyMS:100/tricklingDelay:0/seq:4/fileSize:1048576/nodeType:Passive/nodeTypeIndex:1/meta:blks_rcvd","measures":{"value":10}}
{"ts":1670665360735955531,"type":"point","name":"exType:trickle/permutationIndex:0/run:5/dialer:edge/eavesCount:0/latencyMS:100/tricklingDelay:0/seq:4/fileSize:1048576/nodeType:Passive/nodeTypeIndex:1/meta:dup_blks_rcvd","measures":{"value":5}}
{"ts":1670665371583249861,"type":"point","name":"exType:trickle/permutationIndex:0/run:6/dialer:edge/eavesCount:0/latencyMS:100/tricklingDelay:0/seq:4/fileSize:1048576/nodeType:Passive/nodeTypeIndex:1/meta:msgs_rcvd","measures":{"value":38}}
{"ts":1670665371583330402,"type":"point","name":"exType:trickle/permutationIndex:0/run:6/dialer:edge/eavesCount:0/latencyMS:100/tricklingDelay:0/seq:4/fileSize:1048576/nodeType:Passive/nodeTypeIndex:1/meta:data_sent","measures":{"value":1835706}}
{"ts":1670665371583355071,"type":"point","name":"exType:trickle/permutationIndex:0/run:6/dialer:edge/eavesCount:0/latencyMS:100/tricklingDelay:0/seq:4/fileSize:1048576/nodeType:Passive/nodeTypeIndex:1/meta:data_rcvd","measures":{"value":2359822}}
{"ts":1670665371583375483,"type":"point","name":"exType:trickle/permutationIndex:0/run:6/dialer:edge/eavesCount:0/latencyMS:100/tricklingDelay:0/seq:4/fileSize:1048576/nodeType:Passive/nodeTypeIndex:1/meta:dup_data_rcvd","measures":{"value":1310990}}
{"ts":1670665371583395280,"type":"point","name":"exType:trickle/permutationIndex:0/run:6/dialer:edge/eavesCount:0/latencyMS:100/tricklingDelay:0/seq:4/fileSize:1048576/nodeType:Passive/nodeTypeIndex:1/meta:blks_sent","measures":{"value":10}}
{"ts":1670665371583414378,"type":"point","name":"exType:trickle/permutationIndex:0/run:6/dialer:edge/eavesCount:0/latencyMS:100/tricklingDelay:0/seq:4/fileSize:1048576/nodeType:Passive/nodeTypeIndex:1/meta:blks_rcvd","measures":{"value":11}}
{"ts":1670665371583433088,"type":"point","name":"exType:trickle/permutationIndex:0/run:6/dialer:edge/eavesCount:0/latencyMS:100/tricklingDelay:0/seq:4/fileSize:1048576/nodeType:Passive/nodeTypeIndex:1/meta:dup_blks_rcvd","measures":{"value":6}}
{"ts":1670665382112626176,"type":"point","name":"exType:trickle/permutationIndex:0/run:7/dialer:edge/eavesCount:0/latencyMS:100/tricklingDelay:0/seq:4/fileSize:1048576/nodeType:Passive/nodeTypeIndex:1/meta:msgs_rcvd","measures":{"value":38}}
{"ts":1670665382112739479,"type":"point","name":"exType:trickle/permutationIndex:0/run:7/dialer:edge/eavesCount:0/latencyMS:100/tricklingDelay:0/seq:4/fileSize:1048576/nodeType:Passive/nodeTypeIndex:1/meta:data_sent","measures":{"value":2360022}}
{"ts":1670665382112768875,"type":"point","name":"exType:trickle/permutationIndex:0/run:7/dialer:edge/eavesCount:0/latencyMS:100/tricklingDelay:0/seq:4/fileSize:1048576/nodeType:Passive/nodeTypeIndex:1/meta:data_rcvd","measures":{"value":2360022}}
{"ts":1670665382112790624,"type":"point","name":"exType:trickle/permutationIndex:0/run:7/dialer:edge/eavesCount:0/latencyMS:100/tricklingDelay:0/seq:4/fileSize:1048576/nodeType:Passive/nodeTypeIndex:1/meta:dup_data_rcvd","measures":{"value":1311190}}
{"ts":1670665382112811142,"type":"point","name":"exType:trickle/permutationIndex:0/run:7/dialer:edge/eavesCount:0/latencyMS:100/tricklingDelay:0/seq:4/fileSize:1048576/nodeType:Passive/nodeTypeIndex:1/meta:blks_sent","measures":{"value":12}}
{"ts":1670665382112832246,"type":"point","name":"exType:trickle/permutationIndex:0/run:7/dialer:edge/eavesCount:0/latencyMS:100/tricklingDelay:0/seq:4/fileSize:1048576/nodeType:Passive/nodeTypeIndex:1/meta:blks_rcvd","measures":{"value":12}}
{"ts":1670665382112851200,"type":"point","name":"exType:trickle/permutationIndex:0/run:7/dialer:edge/eavesCount:0/latencyMS:100/tricklingDelay:0/seq:4/fileSize:1048576/nodeType:Passive/nodeTypeIndex:1/meta:dup_blks_rcvd","measures":{"value":7}}
{"ts":1670665393011033693,"type":"point","name":"exType:trickle/permutationIndex:0/run:8/dialer:edge/eavesCount:0/latencyMS:100/tricklingDelay:0/seq:4/fileSize:1048576/nodeType:Passive/nodeTypeIndex:1/meta:msgs_rcvd","measures":{"value":38}}
{"ts":1670665393011180012,"type":"point","name":"exType:trickle/permutationIndex:0/run:8/dialer:edge/eavesCount:0/latencyMS:100/tricklingDelay:0/seq:4/fileSize:1048576/nodeType:Passive/nodeTypeIndex:1/meta:data_sent","measures":{"value":2097864}}
{"ts":1670665393011256331,"type":"point","name":"exType:trickle/permutationIndex:0/run:8/dialer:edge/eavesCount:0/latencyMS:100/tricklingDelay:0/seq:4/fileSize:1048576/nodeType:Passive/nodeTypeIndex:1/meta:data_rcvd","measures":{"value":2360022}}
{"ts":1670665393011280294,"type":"point","name":"exType:trickle/permutationIndex:0/run:8/dialer:edge/eavesCount:0/latencyMS:100/tricklingDelay:0/seq:4/fileSize:1048576/nodeType:Passive/nodeTypeIndex:1/meta:dup_data_rcvd","measures":{"value":1311190}}
{"ts":1670665393011299632,"type":"point","name":"exType:trickle/permutationIndex:0/run:8/dialer:edge/eavesCount:0/latencyMS:100/tricklingDelay:0/seq:4/fileSize:1048576/nodeType:Passive/nodeTypeIndex:1/meta:blks_sent","measures":{"value":11}}
{"ts":1670665393011322054,"type":"point","name":"exType:trickle/permutationIndex:0/run:8/dialer:edge/eavesCount:0/latencyMS:100/tricklingDelay:0/seq:4/fileSize:1048576/nodeType:Passive/nodeTypeIndex:1/meta:blks_rcvd","measures":{"value":12}}
{"ts":1670665393011342341,"type":"point","name":"exType:trickle/permutationIndex:0/run:8/dialer:edge/eavesCount:0/latencyMS:100/tricklingDelay:0/seq:4/fileSize:1048576/nodeType:Passive/nodeTypeIndex:1/meta:dup_blks_rcvd","measures":{"value":7}}
{"ts":1670665404094846574,"type":"point","name":"exType:trickle/permutationIndex:0/run:9/dialer:edge/eavesCount:0/latencyMS:100/tricklingDelay:0/seq:4/fileSize:1048576/nodeType:Passive/nodeTypeIndex:1/meta:msgs_rcvd","measures":{"value":40}}
{"ts":1670665404094929375,"type":"point","name":"exType:trickle/permutationIndex:0/run:9/dialer:edge/eavesCount:0/latencyMS:100/tricklingDelay:0/seq:4/fileSize:1048576/nodeType:Passive/nodeTypeIndex:1/meta:data_sent","measures":{"value":2622180}}
{"ts":1670665404094958199,"type":"point","name":"exType:trickle/permutationIndex:0/run:9/dialer:edge/eavesCount:0/latencyMS:100/tricklingDelay:0/seq:4/fileSize:1048576/nodeType:Passive/nodeTypeIndex:1/meta:data_rcvd","measures":{"value":2360022}}
{"ts":1670665404094982078,"type":"point","name":"exType:trickle/permutationIndex:0/run:9/dialer:edge/eavesCount:0/latencyMS:100/tricklingDelay:0/seq:4/fileSize:1048576/nodeType:Passive/nodeTypeIndex:1/meta:dup_data_rcvd","measures":{"value":1311190}}
{"ts":1670665404095002948,"type":"point","name":"exType:trickle/permutationIndex:0/run:9/dialer:edge/eavesCount:0/latencyMS:100/tricklingDelay:0/seq:4/fileSize:1048576/nodeType:Passive/nodeTypeIndex:1/meta:blks_sent","measures":{"value":13}}
{"ts":1670665404095024472,"type":"point","name":"exType:trickle/permutationIndex:0/run:9/dialer:edge/eavesCount:0/latencyMS:100/tricklingDelay:0/seq:4/fileSize:1048576/nodeType:Passive/nodeTypeIndex:1/meta:blks_rcvd","measures":{"value":12}}
{"ts":1670665404095045403,"type":"point","name":"exType:trickle/permutationIndex:0/run:9/dialer:edge/eavesCount:0/latencyMS:100/tricklingDelay:0/seq:4/fileSize:1048576/nodeType:Passive/nodeTypeIndex:1/meta:dup_blks_rcvd","measures":{"value":7}}
{"ts":1670665415333151190,"type":"point","name":"exType:trickle/permutationIndex:0/run:10/dialer:edge/eavesCount:0/latencyMS:100/tricklingDelay:0/seq:4/fileSize:1048576/nodeType:Passive/nodeTypeIndex:1/meta:msgs_rcvd","measures":{"value":35}}
{"ts":1670665415333234656,"type":"point","name":"exType:trickle/permutationIndex:0/run:10/dialer:edge/eavesCount:0/latencyMS:100/tricklingDelay:0/seq:4/fileSize:1048576/nodeType:Passive/nodeTypeIndex:1/meta:data_sent","measures":{"value":2622180}}
{"ts":1670665415333275634,"type":"point","name":"exType:trickle/permutationIndex:0/run:10/dialer:edge/eavesCount:0/latencyMS:100/tricklingDelay:0/seq:4/fileSize:1048576/nodeType:Passive/nodeTypeIndex:1/meta:data_rcvd","measures":{"value":1311390}}
{"ts":1670665415333297583,"type":"point","name":"exType:trickle/permutationIndex:0/run:10/dialer:edge/eavesCount:0/latencyMS:100/tricklingDelay:0/seq:4/fileSize:1048576/nodeType:Passive/nodeTypeIndex:1/meta:dup_data_rcvd","measures":{"value":262558}}
{"ts":1670665415333346804,"type":"point","name":"exType:trickle/permutationIndex:0/run:10/dialer:edge/eavesCount:0/latencyMS:100/tricklingDelay:0/seq:4/fileSize:1048576/nodeType:Passive/nodeTypeIndex:1/meta:blks_sent","measures":{"value":13}}
{"ts":1670665415333367929,"type":"point","name":"exType:trickle/permutationIndex:0/run:10/dialer:edge/eavesCount:0/latencyMS:100/tricklingDelay:0/seq:4/fileSize:1048576/nodeType:Passive/nodeTypeIndex:1/meta:blks_rcvd","measures":{"value":8}}
{"ts":1670665415333386034,"type":"point","name":"exType:trickle/permutationIndex:0/run:10/dialer:edge/eavesCount:0/latencyMS:100/tricklingDelay:0/seq:4/fileSize:1048576/nodeType:Passive/nodeTypeIndex:1/meta:dup_blks_rcvd","measures":{"value":3}}
{"ts":1670665425916983399,"type":"point","name":"exType:trickle/permutationIndex:0/run:11/dialer:edge/eavesCount:0/latencyMS:100/tricklingDelay:0/seq:4/fileSize:1048576/nodeType:Passive/nodeTypeIndex:1/meta:msgs_rcvd","measures":{"value":33}}
{"ts":1670665425917188731,"type":"point","name":"exType:trickle/permutationIndex:0/run:11/dialer:edge/eavesCount:0/latencyMS:100/tricklingDelay:0/seq:4/fileSize:1048576/nodeType:Passive/nodeTypeIndex:1/meta:data_sent","measures":{"value":2622180}}
{"ts":1670665425917222045,"type":"point","name":"exType:trickle/permutationIndex:0/run:11/dialer:edge/eavesCount:0/latencyMS:100/tricklingDelay:0/seq:4/fileSize:1048576/nodeType:Passive/nodeTypeIndex:1/meta:data_rcvd","measures":{"value":1835506}}
{"ts":1670665425917254331,"type":"point","name":"exType:trickle/permutationIndex:0/run:11/dialer:edge/eavesCount:0/latencyMS:100/tricklingDelay:0/seq:4/fileSize:1048576/nodeType:Passive/nodeTypeIndex:1/meta:dup_data_rcvd","measures":{"value":786674}}
{"ts":1670665425917272593,"type":"point","name":"exType:trickle/permutationIndex:0/run:11/dialer:edge/eavesCount:0/latencyMS:100/tricklingDelay:0/seq:4/fileSize:1048576/nodeType:Passive/nodeTypeIndex:1/meta:blks_sent","measures":{"value":13}}
{"ts":1670665425917291336,"type":"point","name":"exType:trickle/permutationIndex:0/run:11/dialer:edge/eavesCount:0/latencyMS:100/tricklingDelay:0/seq:4/fileSize:1048576/nodeType:Passive/nodeTypeIndex:1/meta:blks_rcvd","measures":{"value":9}}
{"ts":1670665425917311124,"type":"point","name":"exType:trickle/permutationIndex:0/run:11/dialer:edge/eavesCount:0/latencyMS:100/tricklingDelay:0/seq:4/fileSize:1048576/nodeType:Passive/nodeTypeIndex:1/meta:dup_blks_rcvd","measures":{"value":4}}
{"ts":1670665436594138466,"type":"point","name":"exType:trickle/permutationIndex:0/run:12/dialer:edge/eavesCount:0/latencyMS:100/tricklingDelay:0/seq:4/fileSize:1048576/nodeType:Passive/nodeTypeIndex:1/meta:msgs_rcvd","measures":{"value":39}}
{"ts":1670665436594242754,"type":"point","name":"exType:trickle/permutationIndex:0/run:12/dialer:edge/eavesCount:0/latencyMS:100/tricklingDelay:0/seq:4/fileSize:1048576/nodeType:Passive/nodeTypeIndex:1/meta:data_sent","measures":{"value":2360022}}
{"ts":1670665436594271118,"type":"point","name":"exType:trickle/permutationIndex:0/run:12/dialer:edge/eavesCount:0/latencyMS:100/tricklingDelay:0/seq:4/fileSize:1048576/nodeType:Passive/nodeTypeIndex:1/meta:data_rcvd","measures":{"value":1835706}}
{"ts":1670665436594293940,"type":"point","name":"exType:trickle/permutationIndex:0/run:12/dialer:edge/eavesCount:0/latencyMS:100/tricklingDelay:0/seq:4/fileSize:1048576/nodeType:Passive/nodeTypeIndex:1/meta:dup_data_rcvd","measures":{"value":786874}}
{"ts":1670665436594318879,"type":"point","name":"exType:trickle/permutationIndex:0/run:12/dialer:edge/eavesCount:0/latencyMS:100/tricklingDelay:0/seq:4/fileSize:1048576/nodeType:Passive/nodeTypeIndex:1/meta:blks_sent","measures":{"value":12}}
{"ts":1670665436594339824,"type":"point","name":"exType:trickle/permutationIndex:0/run:12/dialer:edge/eavesCount:0/latencyMS:100/tricklingDelay:0/seq:4/fileSize:1048576/nodeType:Passive/nodeTypeIndex:1/meta:blks_rcvd","measures":{"value":10}}
{"ts":1670665436594359416,"type":"point","name":"exType:trickle/permutationIndex:0/run:12/dialer:edge/eavesCount:0/latencyMS:100/tricklingDelay:0/seq:4/fileSize:1048576/nodeType:Passive/nodeTypeIndex:1/meta:dup_blks_rcvd","measures":{"value":5}}
{"ts":1670665447121740438,"type":"point","name":"exType:trickle/permutationIndex:0/run:13/dialer:edge/eavesCount:0/latencyMS:100/tricklingDelay:0/seq:4/fileSize:1048576/nodeType:Passive/nodeTypeIndex:1/meta:msgs_rcvd","measures":{"value":37}}
{"ts":1670665447121860121,"type":"point","name":"exType:trickle/permutationIndex:0/run:13/dialer:edge/eavesCount:0/latencyMS:100/tricklingDelay:0/seq:4/fileSize:1048576/nodeType:Passive/nodeTypeIndex:1/meta:data_sent","measures":{"value":2360022}}
{"ts":1670665447121889113,"type":"point","name":"exType:trickle/permutationIndex:0/run:13/dialer:edge/eavesCount:0/latencyMS:100/tricklingDelay:0/seq:4/fileSize:1048576/nodeType:Passive/nodeTypeIndex:1/meta:data_rcvd","measures":{"value":2097864}}
{"ts":1670665447121911066,"type":"point","name":"exType:trickle/permutationIndex:0/run:13/dialer:edge/eavesCount:0/latencyMS:100/tricklingDelay:0/seq:4/fileSize:1048576/nodeType:Passive/nodeTypeIndex:1/meta:dup_data_rcvd","measures":{"value":1049032}}
{"ts":1670665447121934953,"type":"point","name":"exType:trickle/permutationIndex:0/run:13/dialer:edge/eavesCount:0/latencyMS:100/tricklingDelay:0/seq:4/fileSize:1048576/nodeType:Passive/nodeTypeIndex:1/meta:blks_sent","measures":{"value":12}}
{"ts":1670665447121956470,"type":"point","name":"exType:trickle/permutationIndex:0/run:13/dialer:edge/eavesCount:0/latencyMS:100/tricklingDelay:0/seq:4/fileSize:1048576/nodeType:Passive/nodeTypeIndex:1/meta:blks_rcvd","measures":{"value":11}}
{"ts":1670665447121976486,"type":"point","name":"exType:trickle/permutationIndex:0/run:13/dialer:edge/eavesCount:0/latencyMS:100/tricklingDelay:0/seq:4/fileSize:1048576/nodeType:Passive/nodeTypeIndex:1/meta:dup_blks_rcvd","measures":{"value":6}}
{"ts":1670665457917568523,"type":"point","name":"exType:trickle/permutationIndex:0/run:14/dialer:edge/eavesCount:0/latencyMS:100/tricklingDelay:0/seq:4/fileSize:1048576/nodeType:Passive/nodeTypeIndex:1/meta:msgs_rcvd","measures":{"value":42}}
{"ts":1670665457917585607,"type":"point","name":"exType:trickle/permutationIndex:0/run:14/dialer:edge/eavesCount:0/latencyMS:100/tricklingDelay:0/seq:4/fileSize:1048576/nodeType:Passive/nodeTypeIndex:1/meta:data_sent","measures":{"value":2097864}}
{"ts":1670665457917589161,"type":"point","name":"exType:trickle/permutationIndex:0/run:14/dialer:edge/eavesCount:0/latencyMS:100/tricklingDelay:0/seq:4/fileSize:1048576/nodeType:Passive/nodeTypeIndex:1/meta:data_rcvd","measures":{"value":2360022}}
{"ts":1670665457917591833,"type":"point","name":"exType:trickle/permutationIndex:0/run:14/dialer:edge/eavesCount:0/latencyMS:100/tricklingDelay:0/seq:4/fileSize:1048576/nodeType:Passive/nodeTypeIndex:1/meta:dup_data_rcvd","measures":{"value":1311190}}
{"ts":1670665457917594997,"type":"point","name":"exType:trickle/permutationIndex:0/run:14/dialer:edge/eavesCount:0/latencyMS:100/tricklingDelay:0/seq:4/fileSize:1048576/nodeType:Passive/nodeTypeIndex:1/meta:blks_sent","measures":{"value":11}}
{"ts":1670665457917597664,"type":"point","name":"exType:trickle/permutationIndex:0/run:14/dialer:edge/eavesCount:0/latencyMS:100/tricklingDelay:0/seq:4/fileSize:1048576/nodeType:Passive/nodeTypeIndex:1/meta:blks_rcvd","measures":{"value":12}}
{"ts":1670665457917600722,"type":"point","name":"exType:trickle/permutationIndex:0/run:14/dialer:edge/eavesCount:0/latencyMS:100/tricklingDelay:0/seq:4/fileSize:1048576/nodeType:Passive/nodeTypeIndex:1/meta:dup_blks_rcvd","measures":{"value":7}}
{"ts":1670665468524578312,"type":"point","name":"exType:trickle/permutationIndex:0/run:15/dialer:edge/eavesCount:0/latencyMS:100/tricklingDelay:0/seq:4/fileSize:1048576/nodeType:Passive/nodeTypeIndex:1/meta:msgs_rcvd","measures":{"value":39}}
{"ts":1670665468524675612,"type":"point","name":"exType:trickle/permutationIndex:0/run:15/dialer:edge/eavesCount:0/latencyMS:100/tricklingDelay:0/seq:4/fileSize:1048576/nodeType:Passive/nodeTypeIndex:1/meta:data_sent","measures":{"value":1835706}}
{"ts":1670665468524708397,"type":"point","name":"exType:trickle/permutationIndex:0/run:15/dialer:edge/eavesCount:0/latencyMS:100/tricklingDelay:0/seq:4/fileSize:1048576/nodeType:Passive/nodeTypeIndex:1/meta:data_rcvd","measures":{"value":2360022}}
{"ts":1670665468524770946,"type":"point","name":"exType:trickle/permutationIndex:0/run:15/dialer:edge/eavesCount:0/latencyMS:100/tricklingDelay:0/seq:4/fileSize:1048576/nodeType:Passive/nodeTypeIndex:1/meta:dup_data_rcvd","measures":{"value":1311190}}
{"ts":1670665468524792578,"type":"point","name":"exType:trickle/permutationIndex:0/run:15/dialer:edge/eavesCount:0/latencyMS:100/tricklingDelay:0/seq:4/fileSize:1048576/nodeType:Passive/nodeTypeIndex:1/meta:blks_sent","measures":{"value":10}}
{"ts":1670665468524815747,"type":"point","name":"exType:trickle/permutationIndex:0/run:15/dialer:edge/eavesCount:0/latencyMS:100/tricklingDelay:0/seq:4/fileSize:1048576/nodeType:Passive/nodeTypeIndex:1/meta:blks_rcvd","measures":{"value":12}}
{"ts":1670665468524890219,"type":"point","name":"exType:trickle/permutationIndex:0/run:15/dialer:edge/eavesCount:0/latencyMS:100/tricklingDelay:0/seq:4/fileSize:1048576/nodeType:Passive/nodeTypeIndex:1/meta:dup_blks_rcvd","measures":{"value":7}}
{"ts":1670665479180322028,"type":"point","name":"exType:trickle/permutationIndex:0/run:16/dialer:edge/eavesCount:0/latencyMS:100/tricklingDelay:0/seq:4/fileSize:1048576/nodeType:Passive/nodeTypeIndex:1/meta:msgs_rcvd","measures":{"value":41}}
{"ts":1670665479180397518,"type":"point","name":"exType:trickle/permutationIndex:0/run:16/dialer:edge/eavesCount:0/latencyMS:100/tricklingDelay:0/seq:4/fileSize:1048576/nodeType:Passive/nodeTypeIndex:1/meta:data_sent","measures":{"value":1835706}}
{"ts":1670665479180424051,"type":"point","name":"exType:trickle/permutationIndex:0/run:16/dialer:edge/eavesCount:0/latencyMS:100/tricklingDelay:0/seq:4/fileSize:1048576/nodeType:Passive/nodeTypeIndex:1/meta:data_rcvd","measures":{"value":2360022}}
{"ts":1670665479180445908,"type":"point","name":"exType:trickle/permutationIndex:0/run:16/dialer:edge/eavesCount:0/latencyMS:100/tricklingDelay:0/seq:4/fileSize:1048576/nodeType:Passive/nodeTypeIndex:1/meta:dup_data_rcvd","measures":{"value":1311190}}
{"ts":1670665479180466972,"type":"point","name":"exType:trickle/permutationIndex:0/run:16/dialer:edge/eavesCount:0/latencyMS:100/tricklingDelay:0/seq:4/fileSize:1048576/nodeType:Passive/nodeTypeIndex:1/meta:blks_sent","measures":{"value":10}}
{"ts":1670665479180489707,"type":"point","name":"exType:trickle/permutationIndex:0/run:16/dialer:edge/eavesCount:0/latencyMS:100/tricklingDelay:0/seq:4/fileSize:1048576/nodeType:Passive/nodeTypeIndex:1/meta:blks_rcvd","measures":{"value":12}}
{"ts":1670665479180511732,"type":"point","name":"exType:trickle/permutationIndex:0/run:16/dialer:edge/eavesCount:0/latencyMS:100/tricklingDelay:0/seq:4/fileSize:1048576/nodeType:Passive/nodeTypeIndex:1/meta:dup_blks_rcvd","measures":{"value":7}}
{"ts":1670665489935921332,"type":"point","name":"exType:trickle/permutationIndex:0/run:17/dialer:edge/eavesCount:0/latencyMS:100/tricklingDelay:0/seq:4/fileSize:1048576/nodeType:Passive/nodeTypeIndex:1/meta:msgs_rcvd","measures":{"value":39}}
{"ts":1670665489935940805,"type":"point","name":"exType:trickle/permutationIndex:0/run:17/dialer:edge/eavesCount:0/latencyMS:100/tricklingDelay:0/seq:4/fileSize:1048576/nodeType:Passive/nodeTypeIndex:1/meta:data_sent","measures":{"value":2621980}}
{"ts":1670665489935945447,"type":"point","name":"exType:trickle/permutationIndex:0/run:17/dialer:edge/eavesCount:0/latencyMS:100/tricklingDelay:0/seq:4/fileSize:1048576/nodeType:Passive/nodeTypeIndex:1/meta:data_rcvd","measures":{"value":1835706}}
{"ts":1670665489935948080,"type":"point","name":"exType:trickle/permutationIndex:0/run:17/dialer:edge/eavesCount:0/latencyMS:100/tricklingDelay:0/seq:4/fileSize:1048576/nodeType:Passive/nodeTypeIndex:1/meta:dup_data_rcvd","measures":{"value":786874}}
{"ts":1670665489935950406,"type":"point","name":"exType:trickle/permutationIndex:0/run:17/dialer:edge/eavesCount:0/latencyMS:100/tricklingDelay:0/seq:4/fileSize:1048576/nodeType:Passive/nodeTypeIndex:1/meta:blks_sent","measures":{"value":12}}
{"ts":1670665489935959362,"type":"point","name":"exType:trickle/permutationIndex:0/run:17/dialer:edge/eavesCount:0/latencyMS:100/tricklingDelay:0/seq:4/fileSize:1048576/nodeType:Passive/nodeTypeIndex:1/meta:blks_rcvd","measures":{"value":10}}
{"ts":1670665489935961703,"type":"point","name":"exType:trickle/permutationIndex:0/run:17/dialer:edge/eavesCount:0/latencyMS:100/tricklingDelay:0/seq:4/fileSize:1048576/nodeType:Passive/nodeTypeIndex:1/meta:dup_blks_rcvd","measures":{"value":5}}
{"ts":1670665500744430796,"type":"point","name":"exType:trickle/permutationIndex:0/run:18/dialer:edge/eavesCount:0/latencyMS:100/tricklingDelay:0/seq:4/fileSize:1048576/nodeType:Passive/nodeTypeIndex:1/meta:msgs_rcvd","measures":{"value":41}}
{"ts":1670665500744493759,"type":"point","name":"exType:trickle/permutationIndex:0/run:18/dialer:edge/eavesCount:0/latencyMS:100/tricklingDelay:0/seq:4/fileSize:1048576/nodeType:Passive/nodeTypeIndex:1/meta:data_sent","measures":{"value":2097864}}
{"ts":1670665500744517781,"type":"point","name":"exType:trickle/permutationIndex:0/run:18/dialer:edge/eavesCount:0/latencyMS:100/tricklingDelay:0/seq:4/fileSize:1048576/nodeType:Passive/nodeTypeIndex:1/meta:data_rcvd","measures":{"value":2360022}}
{"ts":1670665500744537476,"type":"point","name":"exType:trickle/permutationIndex:0/run:18/dialer:edge/eavesCount:0/latencyMS:100/tricklingDelay:0/seq:4/fileSize:1048576/nodeType:Passive/nodeTypeIndex:1/meta:dup_data_rcvd","measures":{"value":1311190}}
{"ts":1670665500744558821,"type":"point","name":"exType:trickle/permutationIndex:0/run:18/dialer:edge/eavesCount:0/latencyMS:100/tricklingDelay:0/seq:4/fileSize:1048576/nodeType:Passive/nodeTypeIndex:1/meta:blks_sent","measures":{"value":11}}
{"ts":1670665500744578424,"type":"point","name":"exType:trickle/permutationIndex:0/run:18/dialer:edge/eavesCount:0/latencyMS:100/tricklingDelay:0/seq:4/fileSize:1048576/nodeType:Passive/nodeTypeIndex:1/meta:blks_rcvd","measures":{"value":12}}
{"ts":1670665500744598050,"type":"point","name":"exType:trickle/permutationIndex:0/run:18/dialer:edge/eavesCount:0/latencyMS:100/tricklingDelay:0/seq:4/fileSize:1048576/nodeType:Passive/nodeTypeIndex:1/meta:dup_blks_rcvd","measures":{"value":7}}
{"ts":1670665511667028817,"type":"point","name":"exType:trickle/permutationIndex:0/run:19/dialer:edge/eavesCount:0/latencyMS:100/tricklingDelay:0/seq:4/fileSize:1048576/nodeType:Passive/nodeTypeIndex:1/meta:msgs_rcvd","measures":{"value":41}}
{"ts":1670665511667125038,"type":"point","name":"exType:trickle/permutationIndex:0/run:19/dialer:edge/eavesCount:0/latencyMS:100/tricklingDelay:0/seq:4/fileSize:1048576/nodeType:Passive/nodeTypeIndex:1/meta:data_sent","measures":{"value":2360022}}
{"ts":1670665511667155372,"type":"point","name":"exType:trickle/permutationIndex:0/run:19/dialer:edge/eavesCount:0/latencyMS:100/tricklingDelay:0/seq:4/fileSize:1048576/nodeType:Passive/nodeTypeIndex:1/meta:data_rcvd","measures":{"value":2097864}}
{"ts":1670665511667176784,"type":"point","name":"exType:trickle/permutationIndex:0/run:19/dialer:edge/eavesCount:0/latencyMS:100/tricklingDelay:0/seq:4/fileSize:1048576/nodeType:Passive/nodeTypeIndex:1/meta:dup_data_rcvd","measures":{"value":786874}}
{"ts":1670665511667196180,"type":"point","name":"exType:trickle/permutationIndex:0/run:19/dialer:edge/eavesCount:0/latencyMS:100/tricklingDelay:0/seq:4/fileSize:1048576/nodeType:Passive/nodeTypeIndex:1/meta:blks_sent","measures":{"value":12}}
{"ts":1670665511667215674,"type":"point","name":"exType:trickle/permutationIndex:0/run:19/dialer:edge/eavesCount:0/latencyMS:100/tricklingDelay:0/seq:4/fileSize:1048576/nodeType:Passive/nodeTypeIndex:1/meta:blks_rcvd","measures":{"value":11}}
{"ts":1670665511667235546,"type":"point","name":"exType:trickle/permutationIndex:0/run:19/dialer:edge/eavesCount:0/latencyMS:100/tricklingDelay:0/seq:4/fileSize:1048576/nodeType:Passive/nodeTypeIndex:1/meta:dup_blks_rcvd","measures":{"value":5}}
{"ts":1670665522952361939,"type":"point","name":"exType:trickle/permutationIndex:0/run:20/dialer:edge/eavesCount:0/latencyMS:100/tricklingDelay:0/seq:4/fileSize:1048576/nodeType:Passive/nodeTypeIndex:1/meta:msgs_rcvd","measures":{"value":33}}
{"ts":1670665522952470542,"type":"point","name":"exType:trickle/permutationIndex:0/run:20/dialer:edge/eavesCount:0/latencyMS:100/tricklingDelay:0/seq:4/fileSize:1048576/nodeType:Passive/nodeTypeIndex:1/meta:data_sent","measures":{"value":2622180}}
{"ts":1670665522952502598,"type":"point","name":"exType:trickle/permutationIndex:0/run:20/dialer:edge/eavesCount:0/latencyMS:100/tricklingDelay:0/seq:4/fileSize:1048576/nodeType:Passive/nodeTypeIndex:1/meta:data_rcvd","measures":{"value":1573348}}
{"ts":1670665522952525908,"type":"point","name":"exType:trickle/permutationIndex:0/run:20/dialer:edge/eavesCount:0/latencyMS:100/tricklingDelay:0/seq:4/fileSize:1048576/nodeType:Passive/nodeTypeIndex:1/meta:dup_data_rcvd","measures":{"value":524516}}
{"ts":1670665522952549551,"type":"point","name":"exType:trickle/permutationIndex:0/run:20/dialer:edge/eavesCount:0/latencyMS:100/tricklingDelay:0/seq:4/fileSize:1048576/nodeType:Passive/nodeTypeIndex:1/meta:blks_sent","measures":{"value":13}}
{"ts":1670665522952570631,"type":"point","name":"exType:trickle/permutationIndex:0/run:20/dialer:edge/eavesCount:0/latencyMS:100/tricklingDelay:0/seq:4/fileSize:1048576/nodeType:Passive/nodeTypeIndex:1/meta:blks_rcvd","measures":{"value":8}}
{"ts":1670665522952595208,"type":"point","name":"exType:trickle/permutationIndex:0/run:20/dialer:edge/eavesCount:0/latencyMS:100/tricklingDelay:0/seq:4/fileSize:1048576/nodeType:Passive/nodeTypeIndex:1/meta:dup_blks_rcvd","measures":{"value":3}}
{"ts":1670665533789296830,"type":"point","name":"exType:trickle/permutationIndex:0/run:21/dialer:edge/eavesCount:0/latencyMS:100/tricklingDelay:0/seq:4/fileSize:1048576/nodeType:Passive/nodeTypeIndex:1/meta:msgs_rcvd","measures":{"value":41}}
{"ts":1670665533789311493,"type":"point","name":"exType:trickle/permutationIndex:0/run:21/dialer:edge/eavesCount:0/latencyMS:100/tricklingDelay:0/seq:4/fileSize:1048576/nodeType:Passive/nodeTypeIndex:1/meta:data_sent","measures":{"value":1573548}}
{"ts":1670665533789315481,"type":"point","name":"exType:trickle/permutationIndex:0/run:21/dialer:edge/eavesCount:0/latencyMS:100/tricklingDelay:0/seq:4/fileSize:1048576/nodeType:Passive/nodeTypeIndex:1/meta:data_rcvd","measures":{"value":2622180}}
{"ts":1670665533789317795,"type":"point","name":"exType:trickle/permutationIndex:0/run:21/dialer:edge/eavesCount:0/latencyMS:100/tricklingDelay:0/seq:4/fileSize:1048576/nodeType:Passive/nodeTypeIndex:1/meta:dup_data_rcvd","measures":{"value":1573348}}
{"ts":1670665533789319445,"type":"point","name":"exType:trickle/permutationIndex:0/run:21/dialer:edge/eavesCount:0/latencyMS:100/tricklingDelay:0/seq:4/fileSize:1048576/nodeType:Passive/nodeTypeIndex:1/meta:blks_sent","measures":{"value":9}}
{"ts":1670665533789322456,"type":"point","name":"exType:trickle/permutationIndex:0/run:21/dialer:edge/eavesCount:0/latencyMS:100/tricklingDelay:0/seq:4/fileSize:1048576/nodeType:Passive/nodeTypeIndex:1/meta:blks_rcvd","measures":{"value":13}}
{"ts":1670665533789325065,"type":"point","name":"exType:trickle/permutationIndex:0/run:21/dialer:edge/eavesCount:0/latencyMS:100/tricklingDelay:0/seq:4/fileSize:1048576/nodeType:Passive/nodeTypeIndex:1/meta:dup_blks_rcvd","measures":{"value":8}}
{"ts":1670665544229968768,"type":"point","name":"exType:trickle/permutationIndex:0/run:22/dialer:edge/eavesCount:0/latencyMS:100/tricklingDelay:0/seq:4/fileSize:1048576/nodeType:Passive/nodeTypeIndex:1/meta:msgs_rcvd","measures":{"value":37}}
{"ts":1670665544230034308,"type":"point","name":"exType:trickle/permutationIndex:0/run:22/dialer:edge/eavesCount:0/latencyMS:100/tricklingDelay:0/seq:4/fileSize:1048576/nodeType:Passive/nodeTypeIndex:1/meta:data_sent","measures":{"value":2360022}}
{"ts":1670665544230060597,"type":"point","name":"exType:trickle/permutationIndex:0/run:22/dialer:edge/eavesCount:0/latencyMS:100/tricklingDelay:0/seq:4/fileSize:1048576/nodeType:Passive/nodeTypeIndex:1/meta:data_rcvd","measures":{"value":1835706}}
{"ts":1670665544230083744,"type":"point","name":"exType:trickle/permutationIndex:0/run:22/dialer:edge/eavesCount:0/latencyMS:100/tricklingDelay:0/seq:4/fileSize:1048576/nodeType:Passive/nodeTypeIndex:1/meta:dup_data_rcvd","measures":{"value":786874}}
{"ts":1670665544230138700,"type":"point","name":"exType:trickle/permutationIndex:0/run:22/dialer:edge/eavesCount:0/latencyMS:100/tricklingDelay:0/seq:4/fileSize:1048576/nodeType:Passive/nodeTypeIndex:1/meta:blks_sent","measures":{"value":12}}
{"ts":1670665544230160708,"type":"point","name":"exType:trickle/permutationIndex:0/run:22/dialer:edge/eavesCount:0/latencyMS:100/tricklingDelay:0/seq:4/fileSize:1048576/nodeType:Passive/nodeTypeIndex:1/meta:blks_rcvd","measures":{"value":10}}
{"ts":1670665544230182425,"type":"point","name":"exType:trickle/permutationIndex:0/run:22/dialer:edge/eavesCount:0/latencyMS:100/tricklingDelay:0/seq:4/fileSize:1048576/nodeType:Passive/nodeTypeIndex:1/meta:dup_blks_rcvd","measures":{"value":5}}
{"ts":1670665554879839310,"type":"point","name":"exType:trickle/permutationIndex:0/run:23/dialer:edge/eavesCount:0/latencyMS:100/tricklingDelay:0/seq:4/fileSize:1048576/nodeType:Passive/nodeTypeIndex:1/meta:msgs_rcvd","measures":{"value":42}}
{"ts":1670665554879895513,"type":"point","name":"exType:trickle/permutationIndex:0/run:23/dialer:edge/eavesCount:0/latencyMS:100/tricklingDelay:0/seq:4/fileSize:1048576/nodeType:Passive/nodeTypeIndex:1/meta:data_sent","measures":{"value":2360022}}
{"ts":1670665554879927734,"type":"point","name":"exType:trickle/permutationIndex:0/run:23/dialer:edge/eavesCount:0/latencyMS:100/tricklingDelay:0/seq:4/fileSize:1048576/nodeType:Passive/nodeTypeIndex:1/meta:data_rcvd","measures":{"value":2097864}}
{"ts":1670665554879950312,"type":"point","name":"exType:trickle/permutationIndex:0/run:23/dialer:edge/eavesCount:0/latencyMS:100/tricklingDelay:0/seq:4/fileSize:1048576/nodeType:Passive/nodeTypeIndex:1/meta:dup_data_rcvd","measures":{"value":1049032}}
{"ts":1670665554879971369,"type":"point","name":"exType:trickle/permutationIndex:0/run:23/dialer:edge/eavesCount:0/latencyMS:100/tricklingDelay:0/seq:4/fileSize:1048576/nodeType:Passive/nodeTypeIndex:1/meta:blks_sent","measures":{"value":12}}
{"ts":1670665554879995120,"type":"point","name":"exType:trickle/permutationIndex:0/run:23/dialer:edge/eavesCount:0/latencyMS:100/tricklingDelay:0/seq:4/fileSize:1048576/nodeType:Passive/nodeTypeIndex:1/meta:blks_rcvd","measures":{"value":11}}
{"ts":1670665554880015652,"type":"point","name":"exType:trickle/permutationIndex:0/run:23/dialer:edge/eavesCount:0/latencyMS:100/tricklingDelay:0/seq:4/fileSize:1048576/nodeType:Passive/nodeTypeIndex:1/meta:dup_blks_rcvd","measures":{"value":6}}
{"ts":1670665565342877967,"type":"point","name":"exType:trickle/permutationIndex:0/run:24/dialer:edge/eavesCount:0/latencyMS:100/tricklingDelay:0/seq:4/fileSize:1048576/nodeType:Passive/nodeTypeIndex:1/meta:msgs_rcvd","measures":{"value":40}}
{"ts":1670665565342906097,"type":"point","name":"exType:trickle/permutationIndex:0/run:24/dialer:edge/eavesCount:0/latencyMS:100/tricklingDelay:0/seq:4/fileSize:1048576/nodeType:Passive/nodeTypeIndex:1/meta:data_sent","measures":{"value":2360022}}
{"ts":1670665565342910095,"type":"point","name":"exType:trickle/permutationIndex:0/run:24/dialer:edge/eavesCount:0/latencyMS:100/tricklingDelay:0/seq:4/fileSize:1048576/nodeType:Passive/nodeTypeIndex:1/meta:data_rcvd","measures":{"value":2097864}}
{"ts":1670665565342914986,"type":"point","name":"exType:trickle/permutationIndex:0/run:24/dialer:edge/eavesCount:0/latencyMS:100/tricklingDelay:0/seq:4/fileSize:1048576/nodeType:Passive/nodeTypeIndex:1/meta:dup_data_rcvd","measures":{"value":1049032}}
{"ts":1670665565342919219,"type":"point","name":"exType:trickle/permutationIndex:0/run:24/dialer:edge/eavesCount:0/latencyMS:100/tricklingDelay:0/seq:4/fileSize:1048576/nodeType:Passive/nodeTypeIndex:1/meta:blks_sent","measures":{"value":12}}
{"ts":1670665565342923597,"type":"point","name":"exType:trickle/permutationIndex:0/run:24/dialer:edge/eavesCount:0/latencyMS:100/tricklingDelay:0/seq:4/fileSize:1048576/nodeType:Passive/nodeTypeIndex:1/meta:blks_rcvd","measures":{"value":11}}
{"ts":1670665565342934410,"type":"point","name":"exType:trickle/permutationIndex:0/run:24/dialer:edge/eavesCount:0/latencyMS:100/tricklingDelay:0/seq:4/fileSize:1048576/nodeType:Passive/nodeTypeIndex:1/meta:dup_blks_rcvd","measures":{"value":6}}
{"ts":1670665576123555061,"type":"point","name":"exType:trickle/permutationIndex:0/run:25/dialer:edge/eavesCount:0/latencyMS:100/tricklingDelay:0/seq:4/fileSize:1048576/nodeType:Passive/nodeTypeIndex:1/meta:msgs_rcvd","measures":{"value":37}}
{"ts":1670665576123635594,"type":"point","name":"exType:trickle/permutationIndex:0/run:25/dialer:edge/eavesCount:0/latencyMS:100/tricklingDelay:0/seq:4/fileSize:1048576/nodeType:Passive/nodeTypeIndex:1/meta:data_sent","measures":{"value":2360022}}
{"ts":1670665576123674078,"type":"point","name":"exType:trickle/permutationIndex:0/run:25/dialer:edge/eavesCount:0/latencyMS:100/tricklingDelay:0/seq:4/fileSize:1048576/nodeType:Passive/nodeTypeIndex:1/meta:data_rcvd","measures":{"value":2359822}}
{"ts":1670665576123694970,"type":"point","name":"exType:trickle/permutationIndex:0/run:25/dialer:edge/eavesCount:0/latencyMS:100/tricklingDelay:0/seq:4/fileSize:1048576/nodeType:Passive/nodeTypeIndex:1/meta:dup_data_rcvd","measures":{"value":1310990}}
{"ts":1670665576123715659,"type":"point","name":"exType:trickle/permutationIndex:0/run:25/dialer:edge/eavesCount:0/latencyMS:100/tricklingDelay:0/seq:4/fileSize:1048576/nodeType:Passive/nodeTypeIndex:1/meta:blks_sent","measures":{"value":12}}
{"ts":1670665576123735420,"type":"point","name":"exType:trickle/permutationIndex:0/run:25/dialer:edge/eavesCount:0/latencyMS:100/tricklingDelay:0/seq:4/fileSize:1048576/nodeType:Passive/nodeTypeIndex:1/meta:blks_rcvd","measures":{"value":11}}
{"ts":1670665576123755839,"type":"point","name":"exType:trickle/permutationIndex:0/run:25/dialer:edge/eavesCount:0/latencyMS:100/tricklingDelay:0/seq:4/fileSize:1048576/nodeType:Passive/nodeTypeIndex:1/meta:dup_blks_rcvd","measures":{"value":6}}
{"ts":1670665592331112535,"type":"point","name":"exType:trickle/permutationIndex:1/run:1/dialer:edge/eavesCount:0/latencyMS:100/tricklingDelay:50/seq:4/fileSize:1048576/nodeType:Passive/nodeTypeIndex:1/meta:msgs_rcvd","measures":{"value":34}}
{"ts":1670665592331224117,"type":"point","name":"exType:trickle/permutationIndex:1/run:1/dialer:edge/eavesCount:0/latencyMS:100/tricklingDelay:50/seq:4/fileSize:1048576/nodeType:Passive/nodeTypeIndex:1/meta:data_sent","measures":{"value":2097864}}
{"ts":1670665592331258970,"type":"point","name":"exType:trickle/permutationIndex:1/run:1/dialer:edge/eavesCount:0/latencyMS:100/tricklingDelay:50/seq:4/fileSize:1048576/nodeType:Passive/nodeTypeIndex:1/meta:data_rcvd","measures":{"value":2097464}}
{"ts":1670665592331281722,"type":"point","name":"exType:trickle/permutationIndex:1/run:1/dialer:edge/eavesCount:0/latencyMS:100/tricklingDelay:50/seq:4/fileSize:1048576/nodeType:Passive/nodeTypeIndex:1/meta:dup_data_rcvd","measures":{"value":1048632}}
{"ts":1670665592331305142,"type":"point","name":"exType:trickle/permutationIndex:1/run:1/dialer:edge/eavesCount:0/latencyMS:100/tricklingDelay:50/seq:4/fileSize:1048576/nodeType:Passive/nodeTypeIndex:1/meta:blks_sent","measures":{"value":11}}
{"ts":1670665592331331341,"type":"point","name":"exType:trickle/permutationIndex:1/run:1/dialer:edge/eavesCount:0/latencyMS:100/tricklingDelay:50/seq:4/fileSize:1048576/nodeType:Passive/nodeTypeIndex:1/meta:blks_rcvd","measures":{"value":9}}
{"ts":1670665592331357509,"type":"point","name":"exType:trickle/permutationIndex:1/run:1/dialer:edge/eavesCount:0/latencyMS:100/tricklingDelay:50/seq:4/fileSize:1048576/nodeType:Passive/nodeTypeIndex:1/meta:dup_blks_rcvd","measures":{"value":4}}
{"ts":1670665606201344122,"type":"point","name":"exType:trickle/permutationIndex:1/run:2/dialer:edge/eavesCount:0/latencyMS:100/tricklingDelay:50/seq:4/fileSize:1048576/nodeType:Passive/nodeTypeIndex:1/meta:msgs_rcvd","measures":{"value":35}}
{"ts":1670665606201983027,"type":"point","name":"exType:trickle/permutationIndex:1/run:2/dialer:edge/eavesCount:0/latencyMS:100/tricklingDelay:50/seq:4/fileSize:1048576/nodeType:Passive/nodeTypeIndex:1/meta:data_sent","measures":{"value":2359622}}
{"ts":1670665606202009239,"type":"point","name":"exType:trickle/permutationIndex:1/run:2/dialer:edge/eavesCount:0/latencyMS:100/tricklingDelay:50/seq:4/fileSize:1048576/nodeType:Passive/nodeTypeIndex:1/meta:data_rcvd","measures":{"value":1573548}}
{"ts":1670665606202014444,"type":"point","name":"exType:trickle/permutationIndex:1/run:2/dialer:edge/eavesCount:0/latencyMS:100/tricklingDelay:50/seq:4/fileSize:1048576/nodeType:Passive/nodeTypeIndex:1/meta:dup_data_rcvd","measures":{"value":524716}}
{"ts":1670665606202019790,"type":"point","name":"exType:trickle/permutationIndex:1/run:2/dialer:edge/eavesCount:0/latencyMS:100/tricklingDelay:50/seq:4/fileSize:1048576/nodeType:Passive/nodeTypeIndex:1/meta:blks_sent","measures":{"value":10}}
{"ts":1670665606202024896,"type":"point","name":"exType:trickle/permutationIndex:1/run:2/dialer:edge/eavesCount:0/latencyMS:100/tricklingDelay:50/seq:4/fileSize:1048576/nodeType:Passive/nodeTypeIndex:1/meta:blks_rcvd","measures":{"value":9}}
{"ts":1670665606202029162,"type":"point","name":"exType:trickle/permutationIndex:1/run:2/dialer:edge/eavesCount:0/latencyMS:100/tricklingDelay:50/seq:4/fileSize:1048576/nodeType:Passive/nodeTypeIndex:1/meta:dup_blks_rcvd","measures":{"value":4}}
{"ts":1670665620090587660,"type":"point","name":"exType:trickle/permutationIndex:1/run:3/dialer:edge/eavesCount:0/latencyMS:100/tricklingDelay:50/seq:4/fileSize:1048576/nodeType:Passive/nodeTypeIndex:1/meta:msgs_rcvd","measures":{"value":36}}
{"ts":1670665620090717634,"type":"point","name":"exType:trickle/permutationIndex:1/run:3/dialer:edge/eavesCount:0/latencyMS:100/tricklingDelay:50/seq:4/fileSize:1048576/nodeType:Passive/nodeTypeIndex:1/meta:data_sent","measures":{"value":2359622}}
{"ts":1670665620090761860,"type":"point","name":"exType:trickle/permutationIndex:1/run:3/dialer:edge/eavesCount:0/latencyMS:100/tricklingDelay:50/seq:4/fileSize:1048576/nodeType:Passive/nodeTypeIndex:1/meta:data_rcvd","measures":{"value":1835706}}
{"ts":1670665620090783894,"type":"point","name":"exType:trickle/permutationIndex:1/run:3/dialer:edge/eavesCount:0/latencyMS:100/tricklingDelay:50/seq:4/fileSize:1048576/nodeType:Passive/nodeTypeIndex:1/meta:dup_data_rcvd","measures":{"value":786874}}
{"ts":1670665620090807904,"type":"point","name":"exType:trickle/permutationIndex:1/run:3/dialer:edge/eavesCount:0/latencyMS:100/tricklingDelay:50/seq:4/fileSize:1048576/nodeType:Passive/nodeTypeIndex:1/meta:blks_sent","measures":{"value":10}}
{"ts":1670665620090828901,"type":"point","name":"exType:trickle/permutationIndex:1/run:3/dialer:edge/eavesCount:0/latencyMS:100/tricklingDelay:50/seq:4/fileSize:1048576/nodeType:Passive/nodeTypeIndex:1/meta:blks_rcvd","measures":{"value":10}}
{"ts":1670665620090850809,"type":"point","name":"exType:trickle/permutationIndex:1/run:3/dialer:edge/eavesCount:0/latencyMS:100/tricklingDelay:50/seq:4/fileSize:1048576/nodeType:Passive/nodeTypeIndex:1/meta:dup_blks_rcvd","measures":{"value":5}}
{"ts":1670665633536710444,"type":"point","name":"exType:trickle/permutationIndex:1/run:4/dialer:edge/eavesCount:0/latencyMS:100/tricklingDelay:50/seq:4/fileSize:1048576/nodeType:Passive/nodeTypeIndex:1/meta:msgs_rcvd","measures":{"value":33}}
{"ts":1670665633536742722,"type":"point","name":"exType:trickle/permutationIndex:1/run:4/dialer:edge/eavesCount:0/latencyMS:100/tricklingDelay:50/seq:4/fileSize:1048576/nodeType:Passive/nodeTypeIndex:1/meta:data_sent","measures":{"value":2359622}}
{"ts":1670665633536748002,"type":"point","name":"exType:trickle/permutationIndex:1/run:4/dialer:edge/eavesCount:0/latencyMS:100/tricklingDelay:50/seq:4/fileSize:1048576/nodeType:Passive/nodeTypeIndex:1/meta:data_rcvd","measures":{"value":1835506}}
{"ts":1670665633536752231,"type":"point","name":"exType:trickle/permutationIndex:1/run:4/dialer:edge/eavesCount:0/latencyMS:100/tricklingDelay:50/seq:4/fileSize:1048576/nodeType:Passive/nodeTypeIndex:1/meta:dup_data_rcvd","measures":{"value":786674}}
{"ts":1670665633536766109,"type":"point","name":"exType:trickle/permutationIndex:1/run:4/dialer:edge/eavesCount:0/latencyMS:100/tricklingDelay:50/seq:4/fileSize:1048576/nodeType:Passive/nodeTypeIndex:1/meta:blks_sent","measures":{"value":10}}
{"ts":1670665633536771556,"type":"point","name":"exType:trickle/permutationIndex:1/run:4/dialer:edge/eavesCount:0/latencyMS:100/tricklingDelay:50/seq:4/fileSize:1048576/nodeType:Passive/nodeTypeIndex:1/meta:blks_rcvd","measures":{"value":9}}
{"ts":1670665633536775790,"type":"point","name":"exType:trickle/permutationIndex:1/run:4/dialer:edge/eavesCount:0/latencyMS:100/tricklingDelay:50/seq:4/fileSize:1048576/nodeType:Passive/nodeTypeIndex:1/meta:dup_blks_rcvd","measures":{"value":4}}
{"ts":1670665647199165206,"type":"point","name":"exType:trickle/permutationIndex:1/run:5/dialer:edge/eavesCount:0/latencyMS:100/tricklingDelay:50/seq:4/fileSize:1048576/nodeType:Passive/nodeTypeIndex:1/meta:msgs_rcvd","measures":{"value":34}}
{"ts":1670665647199244901,"type":"point","name":"exType:trickle/permutationIndex:1/run:5/dialer:edge/eavesCount:0/latencyMS:100/tricklingDelay:50/seq:4/fileSize:1048576/nodeType:Passive/nodeTypeIndex:1/meta:data_sent","measures":{"value":2097664}}
{"ts":1670665647199270053,"type":"point","name":"exType:trickle/permutationIndex:1/run:5/dialer:edge/eavesCount:0/latencyMS:100/tricklingDelay:50/seq:4/fileSize:1048576/nodeType:Passive/nodeTypeIndex:1/meta:data_rcvd","measures":{"value":2097664}}
{"ts":1670665647199291764,"type":"point","name":"exType:trickle/permutationIndex:1/run:5/dialer:edge/eavesCount:0/latencyMS:100/tricklingDelay:50/seq:4/fileSize:1048576/nodeType:Passive/nodeTypeIndex:1/meta:dup_data_rcvd","measures":{"value":1048832}}
{"ts":1670665647199311367,"type":"point","name":"exType:trickle/permutationIndex:1/run:5/dialer:edge/eavesCount:0/latencyMS:100/tricklingDelay:50/seq:4/fileSize:1048576/nodeType:Passive/nodeTypeIndex:1/meta:blks_sent","measures":{"value":10}}
{"ts":1670665647199332316,"type":"point","name":"exType:trickle/permutationIndex:1/run:5/dialer:edge/eavesCount:0/latencyMS:100/tricklingDelay:50/seq:4/fileSize:1048576/nodeType:Passive/nodeTypeIndex:1/meta:blks_rcvd","measures":{"value":10}}
{"ts":1670665647199353325,"type":"point","name":"exType:trickle/permutationIndex:1/run:5/dialer:edge/eavesCount:0/latencyMS:100/tricklingDelay:50/seq:4/fileSize:1048576/nodeType:Passive/nodeTypeIndex:1/meta:dup_blks_rcvd","measures":{"value":5}}
{"ts":1670665660705625396,"type":"point","name":"exType:trickle/permutationIndex:1/run:6/dialer:edge/eavesCount:0/latencyMS:100/tricklingDelay:50/seq:4/fileSize:1048576/nodeType:Passive/nodeTypeIndex:1/meta:msgs_rcvd","measures":{"value":37}}
{"ts":1670665660705729288,"type":"point","name":"exType:trickle/permutationIndex:1/run:6/dialer:edge/eavesCount:0/latencyMS:100/tricklingDelay:50/seq:4/fileSize:1048576/nodeType:Passive/nodeTypeIndex:1/meta:data_sent","measures":{"value":2097464}}
{"ts":1670665660705759936,"type":"point","name":"exType:trickle/permutationIndex:1/run:6/dialer:edge/eavesCount:0/latencyMS:100/tricklingDelay:50/seq:4/fileSize:1048576/nodeType:Passive/nodeTypeIndex:1/meta:data_rcvd","measures":{"value":2097864}}
{"ts":1670665660705781701,"type":"point","name":"exType:trickle/permutationIndex:1/run:6/dialer:edge/eavesCount:0/latencyMS:100/tricklingDelay:50/seq:4/fileSize:1048576/nodeType:Passive/nodeTypeIndex:1/meta:dup_data_rcvd","measures":{"value":1049032}}
{"ts":1670665660705800749,"type":"point","name":"exType:trickle/permutationIndex:1/run:6/dialer:edge/eavesCount:0/latencyMS:100/tricklingDelay:50/seq:4/fileSize:1048576/nodeType:Passive/nodeTypeIndex:1/meta:blks_sent","measures":{"value":9}}
{"ts":1670665660705819807,"type":"point","name":"exType:trickle/permutationIndex:1/run:6/dialer:edge/eavesCount:0/latencyMS:100/tricklingDelay:50/seq:4/fileSize:1048576/nodeType:Passive/nodeTypeIndex:1/meta:blks_rcvd","measures":{"value":11}}
{"ts":1670665660705837938,"type":"point","name":"exType:trickle/permutationIndex:1/run:6/dialer:edge/eavesCount:0/latencyMS:100/tricklingDelay:50/seq:4/fileSize:1048576/nodeType:Passive/nodeTypeIndex:1/meta:dup_blks_rcvd","measures":{"value":6}}
