{"ts":1669475057193543841,"type":"point","name":"exType:baseline/permutationIndex:0/run:1/dialer:center/eavesCount:0/latencyMS:150/seq:7/fileSize:1048576/nodeType:Passive/nodeTypeIndex:4/meta:msgs_rcvd","measures":{"value":17}}
{"ts":1669475057193586552,"type":"point","name":"exType:baseline/permutationIndex:0/run:1/dialer:center/eavesCount:0/latencyMS:150/seq:7/fileSize:1048576/nodeType:Passive/nodeTypeIndex:4/meta:data_sent","measures":{"value":0}}
{"ts":1669475057193593814,"type":"point","name":"exType:baseline/permutationIndex:0/run:1/dialer:center/eavesCount:0/latencyMS:150/seq:7/fileSize:1048576/nodeType:Passive/nodeTypeIndex:4/meta:data_rcvd","measures":{"value":0}}
{"ts":1669475057193598105,"type":"point","name":"exType:baseline/permutationIndex:0/run:1/dialer:center/eavesCount:0/latencyMS:150/seq:7/fileSize:1048576/nodeType:Passive/nodeTypeIndex:4/meta:dup_data_rcvd","measures":{"value":0}}
{"ts":1669475057193601612,"type":"point","name":"exType:baseline/permutationIndex:0/run:1/dialer:center/eavesCount:0/latencyMS:150/seq:7/fileSize:1048576/nodeType:Passive/nodeTypeIndex:4/meta:blks_sent","measures":{"value":0}}
{"ts":1669475057193605068,"type":"point","name":"exType:baseline/permutationIndex:0/run:1/dialer:center/eavesCount:0/latencyMS:150/seq:7/fileSize:1048576/nodeType:Passive/nodeTypeIndex:4/meta:blks_rcvd","measures":{"value":0}}
{"ts":1669475057193608857,"type":"point","name":"exType:baseline/permutationIndex:0/run:1/dialer:center/eavesCount:0/latencyMS:150/seq:7/fileSize:1048576/nodeType:Passive/nodeTypeIndex:4/meta:dup_blks_rcvd","measures":{"value":0}}
{"ts":1669475061769306565,"type":"point","name":"exType:baseline/permutationIndex:0/run:2/dialer:center/eavesCount:0/latencyMS:150/seq:7/fileSize:1048576/nodeType:Passive/nodeTypeIndex:4/meta:msgs_rcvd","measures":{"value":12}}
{"ts":1669475061769367127,"type":"point","name":"exType:baseline/permutationIndex:0/run:2/dialer:center/eavesCount:0/latencyMS:150/seq:7/fileSize:1048576/nodeType:Passive/nodeTypeIndex:4/meta:data_sent","measures":{"value":0}}
{"ts":1669475061769390864,"type":"point","name":"exType:baseline/permutationIndex:0/run:2/dialer:center/eavesCount:0/latencyMS:150/seq:7/fileSize:1048576/nodeType:Passive/nodeTypeIndex:4/meta:data_rcvd","measures":{"value":0}}
{"ts":1669475061769403726,"type":"point","name":"exType:baseline/permutationIndex:0/run:2/dialer:center/eavesCount:0/latencyMS:150/seq:7/fileSize:1048576/nodeType:Passive/nodeTypeIndex:4/meta:dup_data_rcvd","measures":{"value":0}}
{"ts":1669475061769414633,"type":"point","name":"exType:baseline/permutationIndex:0/run:2/dialer:center/eavesCount:0/latencyMS:150/seq:7/fileSize:1048576/nodeType:Passive/nodeTypeIndex:4/meta:blks_sent","measures":{"value":0}}
{"ts":1669475061769425746,"type":"point","name":"exType:baseline/permutationIndex:0/run:2/dialer:center/eavesCount:0/latencyMS:150/seq:7/fileSize:1048576/nodeType:Passive/nodeTypeIndex:4/meta:blks_rcvd","measures":{"value":0}}
{"ts":1669475061769440217,"type":"point","name":"exType:baseline/permutationIndex:0/run:2/dialer:center/eavesCount:0/latencyMS:150/seq:7/fileSize:1048576/nodeType:Passive/nodeTypeIndex:4/meta:dup_blks_rcvd","measures":{"value":0}}
{"ts":1669475066278908007,"type":"point","name":"exType:baseline/permutationIndex:0/run:3/dialer:center/eavesCount:0/latencyMS:150/seq:7/fileSize:1048576/nodeType:Passive/nodeTypeIndex:4/meta:msgs_rcvd","measures":{"value":17}}
{"ts":1669475066278927294,"type":"point","name":"exType:baseline/permutationIndex:0/run:3/dialer:center/eavesCount:0/latencyMS:150/seq:7/fileSize:1048576/nodeType:Passive/nodeTypeIndex:4/meta:data_sent","measures":{"value":0}}
{"ts":1669475066278930349,"type":"point","name":"exType:baseline/permutationIndex:0/run:3/dialer:center/eavesCount:0/latencyMS:150/seq:7/fileSize:1048576/nodeType:Passive/nodeTypeIndex:4/meta:data_rcvd","measures":{"value":0}}
{"ts":1669475066278932935,"type":"point","name":"exType:baseline/permutationIndex:0/run:3/dialer:center/eavesCount:0/latencyMS:150/seq:7/fileSize:1048576/nodeType:Passive/nodeTypeIndex:4/meta:dup_data_rcvd","measures":{"value":0}}
{"ts":1669475066278940727,"type":"point","name":"exType:baseline/permutationIndex:0/run:3/dialer:center/eavesCount:0/latencyMS:150/seq:7/fileSize:1048576/nodeType:Passive/nodeTypeIndex:4/meta:blks_sent","measures":{"value":0}}
{"ts":1669475066278943194,"type":"point","name":"exType:baseline/permutationIndex:0/run:3/dialer:center/eavesCount:0/latencyMS:150/seq:7/fileSize:1048576/nodeType:Passive/nodeTypeIndex:4/meta:blks_rcvd","measures":{"value":0}}
{"ts":1669475066278945580,"type":"point","name":"exType:baseline/permutationIndex:0/run:3/dialer:center/eavesCount:0/latencyMS:150/seq:7/fileSize:1048576/nodeType:Passive/nodeTypeIndex:4/meta:dup_blks_rcvd","measures":{"value":0}}
{"ts":1669475070758532694,"type":"point","name":"exType:baseline/permutationIndex:0/run:4/dialer:center/eavesCount:0/latencyMS:150/seq:7/fileSize:1048576/nodeType:Passive/nodeTypeIndex:4/meta:msgs_rcvd","measures":{"value":13}}
{"ts":1669475070758557477,"type":"point","name":"exType:baseline/permutationIndex:0/run:4/dialer:center/eavesCount:0/latencyMS:150/seq:7/fileSize:1048576/nodeType:Passive/nodeTypeIndex:4/meta:data_sent","measures":{"value":0}}
{"ts":1669475070758564865,"type":"point","name":"exType:baseline/permutationIndex:0/run:4/dialer:center/eavesCount:0/latencyMS:150/seq:7/fileSize:1048576/nodeType:Passive/nodeTypeIndex:4/meta:data_rcvd","measures":{"value":0}}
{"ts":1669475070758571520,"type":"point","name":"exType:baseline/permutationIndex:0/run:4/dialer:center/eavesCount:0/latencyMS:150/seq:7/fileSize:1048576/nodeType:Passive/nodeTypeIndex:4/meta:dup_data_rcvd","measures":{"value":0}}
{"ts":1669475070758578116,"type":"point","name":"exType:baseline/permutationIndex:0/run:4/dialer:center/eavesCount:0/latencyMS:150/seq:7/fileSize:1048576/nodeType:Passive/nodeTypeIndex:4/meta:blks_sent","measures":{"value":0}}
{"ts":1669475070758583153,"type":"point","name":"exType:baseline/permutationIndex:0/run:4/dialer:center/eavesCount:0/latencyMS:150/seq:7/fileSize:1048576/nodeType:Passive/nodeTypeIndex:4/meta:blks_rcvd","measures":{"value":0}}
{"ts":1669475070758588138,"type":"point","name":"exType:baseline/permutationIndex:0/run:4/dialer:center/eavesCount:0/latencyMS:150/seq:7/fileSize:1048576/nodeType:Passive/nodeTypeIndex:4/meta:dup_blks_rcvd","measures":{"value":0}}
{"ts":1669475075105342768,"type":"point","name":"exType:baseline/permutationIndex:0/run:5/dialer:center/eavesCount:0/latencyMS:150/seq:7/fileSize:1048576/nodeType:Passive/nodeTypeIndex:4/meta:msgs_rcvd","measures":{"value":16}}
{"ts":1669475075105372125,"type":"point","name":"exType:baseline/permutationIndex:0/run:5/dialer:center/eavesCount:0/latencyMS:150/seq:7/fileSize:1048576/nodeType:Passive/nodeTypeIndex:4/meta:data_sent","measures":{"value":0}}
{"ts":1669475075105376864,"type":"point","name":"exType:baseline/permutationIndex:0/run:5/dialer:center/eavesCount:0/latencyMS:150/seq:7/fileSize:1048576/nodeType:Passive/nodeTypeIndex:4/meta:data_rcvd","measures":{"value":0}}
{"ts":1669475075105379557,"type":"point","name":"exType:baseline/permutationIndex:0/run:5/dialer:center/eavesCount:0/latencyMS:150/seq:7/fileSize:1048576/nodeType:Passive/nodeTypeIndex:4/meta:dup_data_rcvd","measures":{"value":0}}
{"ts":1669475075105381742,"type":"point","name":"exType:baseline/permutationIndex:0/run:5/dialer:center/eavesCount:0/latencyMS:150/seq:7/fileSize:1048576/nodeType:Passive/nodeTypeIndex:4/meta:blks_sent","measures":{"value":0}}
{"ts":1669475075105384032,"type":"point","name":"exType:baseline/permutationIndex:0/run:5/dialer:center/eavesCount:0/latencyMS:150/seq:7/fileSize:1048576/nodeType:Passive/nodeTypeIndex:4/meta:blks_rcvd","measures":{"value":0}}
{"ts":1669475075105386509,"type":"point","name":"exType:baseline/permutationIndex:0/run:5/dialer:center/eavesCount:0/latencyMS:150/seq:7/fileSize:1048576/nodeType:Passive/nodeTypeIndex:4/meta:dup_blks_rcvd","measures":{"value":0}}
{"ts":1669475080434197015,"type":"point","name":"exType:baseline/permutationIndex:0/run:6/dialer:center/eavesCount:0/latencyMS:150/seq:7/fileSize:1048576/nodeType:Passive/nodeTypeIndex:4/meta:msgs_rcvd","measures":{"value":19}}
{"ts":1669475080434241441,"type":"point","name":"exType:baseline/permutationIndex:0/run:6/dialer:center/eavesCount:0/latencyMS:150/seq:7/fileSize:1048576/nodeType:Passive/nodeTypeIndex:4/meta:data_sent","measures":{"value":0}}
{"ts":1669475080434249983,"type":"point","name":"exType:baseline/permutationIndex:0/run:6/dialer:center/eavesCount:0/latencyMS:150/seq:7/fileSize:1048576/nodeType:Passive/nodeTypeIndex:4/meta:data_rcvd","measures":{"value":0}}
{"ts":1669475080434256044,"type":"point","name":"exType:baseline/permutationIndex:0/run:6/dialer:center/eavesCount:0/latencyMS:150/seq:7/fileSize:1048576/nodeType:Passive/nodeTypeIndex:4/meta:dup_data_rcvd","measures":{"value":0}}
{"ts":1669475080434261580,"type":"point","name":"exType:baseline/permutationIndex:0/run:6/dialer:center/eavesCount:0/latencyMS:150/seq:7/fileSize:1048576/nodeType:Passive/nodeTypeIndex:4/meta:blks_sent","measures":{"value":0}}
{"ts":1669475080434266948,"type":"point","name":"exType:baseline/permutationIndex:0/run:6/dialer:center/eavesCount:0/latencyMS:150/seq:7/fileSize:1048576/nodeType:Passive/nodeTypeIndex:4/meta:blks_rcvd","measures":{"value":0}}
{"ts":1669475080434272357,"type":"point","name":"exType:baseline/permutationIndex:0/run:6/dialer:center/eavesCount:0/latencyMS:150/seq:7/fileSize:1048576/nodeType:Passive/nodeTypeIndex:4/meta:dup_blks_rcvd","measures":{"value":0}}
{"ts":1669475085661309231,"type":"point","name":"exType:baseline/permutationIndex:0/run:7/dialer:center/eavesCount:0/latencyMS:150/seq:7/fileSize:1048576/nodeType:Passive/nodeTypeIndex:4/meta:msgs_rcvd","measures":{"value":9}}
{"ts":1669475085661351545,"type":"point","name":"exType:baseline/permutationIndex:0/run:7/dialer:center/eavesCount:0/latencyMS:150/seq:7/fileSize:1048576/nodeType:Passive/nodeTypeIndex:4/meta:data_sent","measures":{"value":0}}
{"ts":1669475085661356028,"type":"point","name":"exType:baseline/permutationIndex:0/run:7/dialer:center/eavesCount:0/latencyMS:150/seq:7/fileSize:1048576/nodeType:Passive/nodeTypeIndex:4/meta:data_rcvd","measures":{"value":0}}
{"ts":1669475085661359216,"type":"point","name":"exType:baseline/permutationIndex:0/run:7/dialer:center/eavesCount:0/latencyMS:150/seq:7/fileSize:1048576/nodeType:Passive/nodeTypeIndex:4/meta:dup_data_rcvd","measures":{"value":0}}
{"ts":1669475085661362537,"type":"point","name":"exType:baseline/permutationIndex:0/run:7/dialer:center/eavesCount:0/latencyMS:150/seq:7/fileSize:1048576/nodeType:Passive/nodeTypeIndex:4/meta:blks_sent","measures":{"value":0}}
{"ts":1669475085661365113,"type":"point","name":"exType:baseline/permutationIndex:0/run:7/dialer:center/eavesCount:0/latencyMS:150/seq:7/fileSize:1048576/nodeType:Passive/nodeTypeIndex:4/meta:blks_rcvd","measures":{"value":0}}
{"ts":1669475085661367748,"type":"point","name":"exType:baseline/permutationIndex:0/run:7/dialer:center/eavesCount:0/latencyMS:150/seq:7/fileSize:1048576/nodeType:Passive/nodeTypeIndex:4/meta:dup_blks_rcvd","measures":{"value":0}}
{"ts":1669475090120131828,"type":"point","name":"exType:baseline/permutationIndex:0/run:8/dialer:center/eavesCount:0/latencyMS:150/seq:7/fileSize:1048576/nodeType:Passive/nodeTypeIndex:4/meta:msgs_rcvd","measures":{"value":17}}
{"ts":1669475090120176396,"type":"point","name":"exType:baseline/permutationIndex:0/run:8/dialer:center/eavesCount:0/latencyMS:150/seq:7/fileSize:1048576/nodeType:Passive/nodeTypeIndex:4/meta:data_sent","measures":{"value":0}}
{"ts":1669475090120211278,"type":"point","name":"exType:baseline/permutationIndex:0/run:8/dialer:center/eavesCount:0/latencyMS:150/seq:7/fileSize:1048576/nodeType:Passive/nodeTypeIndex:4/meta:data_rcvd","measures":{"value":0}}
{"ts":1669475090120231662,"type":"point","name":"exType:baseline/permutationIndex:0/run:8/dialer:center/eavesCount:0/latencyMS:150/seq:7/fileSize:1048576/nodeType:Passive/nodeTypeIndex:4/meta:dup_data_rcvd","measures":{"value":0}}
{"ts":1669475090120250606,"type":"point","name":"exType:baseline/permutationIndex:0/run:8/dialer:center/eavesCount:0/latencyMS:150/seq:7/fileSize:1048576/nodeType:Passive/nodeTypeIndex:4/meta:blks_sent","measures":{"value":0}}
{"ts":1669475090120302727,"type":"point","name":"exType:baseline/permutationIndex:0/run:8/dialer:center/eavesCount:0/latencyMS:150/seq:7/fileSize:1048576/nodeType:Passive/nodeTypeIndex:4/meta:blks_rcvd","measures":{"value":0}}
{"ts":1669475090120322030,"type":"point","name":"exType:baseline/permutationIndex:0/run:8/dialer:center/eavesCount:0/latencyMS:150/seq:7/fileSize:1048576/nodeType:Passive/nodeTypeIndex:4/meta:dup_blks_rcvd","measures":{"value":0}}
{"ts":1669475095337168548,"type":"point","name":"exType:baseline/permutationIndex:0/run:9/dialer:center/eavesCount:0/latencyMS:150/seq:7/fileSize:1048576/nodeType:Passive/nodeTypeIndex:4/meta:msgs_rcvd","measures":{"value":29}}
{"ts":1669475095337227140,"type":"point","name":"exType:baseline/permutationIndex:0/run:9/dialer:center/eavesCount:0/latencyMS:150/seq:7/fileSize:1048576/nodeType:Passive/nodeTypeIndex:4/meta:data_sent","measures":{"value":0}}
{"ts":1669475095337243244,"type":"point","name":"exType:baseline/permutationIndex:0/run:9/dialer:center/eavesCount:0/latencyMS:150/seq:7/fileSize:1048576/nodeType:Passive/nodeTypeIndex:4/meta:data_rcvd","measures":{"value":0}}
{"ts":1669475095337254828,"type":"point","name":"exType:baseline/permutationIndex:0/run:9/dialer:center/eavesCount:0/latencyMS:150/seq:7/fileSize:1048576/nodeType:Passive/nodeTypeIndex:4/meta:dup_data_rcvd","measures":{"value":0}}
{"ts":1669475095337266222,"type":"point","name":"exType:baseline/permutationIndex:0/run:9/dialer:center/eavesCount:0/latencyMS:150/seq:7/fileSize:1048576/nodeType:Passive/nodeTypeIndex:4/meta:blks_sent","measures":{"value":0}}
{"ts":1669475095337277216,"type":"point","name":"exType:baseline/permutationIndex:0/run:9/dialer:center/eavesCount:0/latencyMS:150/seq:7/fileSize:1048576/nodeType:Passive/nodeTypeIndex:4/meta:blks_rcvd","measures":{"value":0}}
{"ts":1669475095337288505,"type":"point","name":"exType:baseline/permutationIndex:0/run:9/dialer:center/eavesCount:0/latencyMS:150/seq:7/fileSize:1048576/nodeType:Passive/nodeTypeIndex:4/meta:dup_blks_rcvd","measures":{"value":0}}
{"ts":1669475100562909375,"type":"point","name":"exType:baseline/permutationIndex:0/run:10/dialer:center/eavesCount:0/latencyMS:150/seq:7/fileSize:1048576/nodeType:Passive/nodeTypeIndex:4/meta:msgs_rcvd","measures":{"value":13}}
{"ts":1669475100562951094,"type":"point","name":"exType:baseline/permutationIndex:0/run:10/dialer:center/eavesCount:0/latencyMS:150/seq:7/fileSize:1048576/nodeType:Passive/nodeTypeIndex:4/meta:data_sent","measures":{"value":0}}
{"ts":1669475100562958803,"type":"point","name":"exType:baseline/permutationIndex:0/run:10/dialer:center/eavesCount:0/latencyMS:150/seq:7/fileSize:1048576/nodeType:Passive/nodeTypeIndex:4/meta:data_rcvd","measures":{"value":0}}
{"ts":1669475100562964523,"type":"point","name":"exType:baseline/permutationIndex:0/run:10/dialer:center/eavesCount:0/latencyMS:150/seq:7/fileSize:1048576/nodeType:Passive/nodeTypeIndex:4/meta:dup_data_rcvd","measures":{"value":0}}
{"ts":1669475100562969667,"type":"point","name":"exType:baseline/permutationIndex:0/run:10/dialer:center/eavesCount:0/latencyMS:150/seq:7/fileSize:1048576/nodeType:Passive/nodeTypeIndex:4/meta:blks_sent","measures":{"value":0}}
{"ts":1669475100562974913,"type":"point","name":"exType:baseline/permutationIndex:0/run:10/dialer:center/eavesCount:0/latencyMS:150/seq:7/fileSize:1048576/nodeType:Passive/nodeTypeIndex:4/meta:blks_rcvd","measures":{"value":0}}
{"ts":1669475100562979774,"type":"point","name":"exType:baseline/permutationIndex:0/run:10/dialer:center/eavesCount:0/latencyMS:150/seq:7/fileSize:1048576/nodeType:Passive/nodeTypeIndex:4/meta:dup_blks_rcvd","measures":{"value":0}}
{"ts":1669475104973434375,"type":"point","name":"exType:baseline/permutationIndex:0/run:11/dialer:center/eavesCount:0/latencyMS:150/seq:7/fileSize:1048576/nodeType:Passive/nodeTypeIndex:4/meta:msgs_rcvd","measures":{"value":14}}
{"ts":1669475104973467400,"type":"point","name":"exType:baseline/permutationIndex:0/run:11/dialer:center/eavesCount:0/latencyMS:150/seq:7/fileSize:1048576/nodeType:Passive/nodeTypeIndex:4/meta:data_sent","measures":{"value":0}}
{"ts":1669475104973478038,"type":"point","name":"exType:baseline/permutationIndex:0/run:11/dialer:center/eavesCount:0/latencyMS:150/seq:7/fileSize:1048576/nodeType:Passive/nodeTypeIndex:4/meta:data_rcvd","measures":{"value":0}}
{"ts":1669475104973481093,"type":"point","name":"exType:baseline/permutationIndex:0/run:11/dialer:center/eavesCount:0/latencyMS:150/seq:7/fileSize:1048576/nodeType:Passive/nodeTypeIndex:4/meta:dup_data_rcvd","measures":{"value":0}}
{"ts":1669475104973484005,"type":"point","name":"exType:baseline/permutationIndex:0/run:11/dialer:center/eavesCount:0/latencyMS:150/seq:7/fileSize:1048576/nodeType:Passive/nodeTypeIndex:4/meta:blks_sent","measures":{"value":0}}
{"ts":1669475104973486618,"type":"point","name":"exType:baseline/permutationIndex:0/run:11/dialer:center/eavesCount:0/latencyMS:150/seq:7/fileSize:1048576/nodeType:Passive/nodeTypeIndex:4/meta:blks_rcvd","measures":{"value":0}}
{"ts":1669475104973489240,"type":"point","name":"exType:baseline/permutationIndex:0/run:11/dialer:center/eavesCount:0/latencyMS:150/seq:7/fileSize:1048576/nodeType:Passive/nodeTypeIndex:4/meta:dup_blks_rcvd","measures":{"value":0}}
{"ts":1669475109416290429,"type":"point","name":"exType:baseline/permutationIndex:0/run:12/dialer:center/eavesCount:0/latencyMS:150/seq:7/fileSize:1048576/nodeType:Passive/nodeTypeIndex:4/meta:msgs_rcvd","measures":{"value":29}}
{"ts":1669475109416320698,"type":"point","name":"exType:baseline/permutationIndex:0/run:12/dialer:center/eavesCount:0/latencyMS:150/seq:7/fileSize:1048576/nodeType:Passive/nodeTypeIndex:4/meta:data_sent","measures":{"value":0}}
{"ts":1669475109416323545,"type":"point","name":"exType:baseline/permutationIndex:0/run:12/dialer:center/eavesCount:0/latencyMS:150/seq:7/fileSize:1048576/nodeType:Passive/nodeTypeIndex:4/meta:data_rcvd","measures":{"value":0}}
{"ts":1669475109416325288,"type":"point","name":"exType:baseline/permutationIndex:0/run:12/dialer:center/eavesCount:0/latencyMS:150/seq:7/fileSize:1048576/nodeType:Passive/nodeTypeIndex:4/meta:dup_data_rcvd","measures":{"value":0}}
{"ts":1669475109416327657,"type":"point","name":"exType:baseline/permutationIndex:0/run:12/dialer:center/eavesCount:0/latencyMS:150/seq:7/fileSize:1048576/nodeType:Passive/nodeTypeIndex:4/meta:blks_sent","measures":{"value":0}}
{"ts":1669475109416329316,"type":"point","name":"exType:baseline/permutationIndex:0/run:12/dialer:center/eavesCount:0/latencyMS:150/seq:7/fileSize:1048576/nodeType:Passive/nodeTypeIndex:4/meta:blks_rcvd","measures":{"value":0}}
{"ts":1669475109416331473,"type":"point","name":"exType:baseline/permutationIndex:0/run:12/dialer:center/eavesCount:0/latencyMS:150/seq:7/fileSize:1048576/nodeType:Passive/nodeTypeIndex:4/meta:dup_blks_rcvd","measures":{"value":0}}
{"ts":1669475114196897896,"type":"point","name":"exType:baseline/permutationIndex:0/run:13/dialer:center/eavesCount:0/latencyMS:150/seq:7/fileSize:1048576/nodeType:Passive/nodeTypeIndex:4/meta:msgs_rcvd","measures":{"value":19}}
{"ts":1669475114196919580,"type":"point","name":"exType:baseline/permutationIndex:0/run:13/dialer:center/eavesCount:0/latencyMS:150/seq:7/fileSize:1048576/nodeType:Passive/nodeTypeIndex:4/meta:data_sent","measures":{"value":0}}
{"ts":1669475114196924160,"type":"point","name":"exType:baseline/permutationIndex:0/run:13/dialer:center/eavesCount:0/latencyMS:150/seq:7/fileSize:1048576/nodeType:Passive/nodeTypeIndex:4/meta:data_rcvd","measures":{"value":0}}
{"ts":1669475114196927824,"type":"point","name":"exType:baseline/permutationIndex:0/run:13/dialer:center/eavesCount:0/latencyMS:150/seq:7/fileSize:1048576/nodeType:Passive/nodeTypeIndex:4/meta:dup_data_rcvd","measures":{"value":0}}
{"ts":1669475114196931319,"type":"point","name":"exType:baseline/permutationIndex:0/run:13/dialer:center/eavesCount:0/latencyMS:150/seq:7/fileSize:1048576/nodeType:Passive/nodeTypeIndex:4/meta:blks_sent","measures":{"value":0}}
{"ts":1669475114196935893,"type":"point","name":"exType:baseline/permutationIndex:0/run:13/dialer:center/eavesCount:0/latencyMS:150/seq:7/fileSize:1048576/nodeType:Passive/nodeTypeIndex:4/meta:blks_rcvd","measures":{"value":0}}
{"ts":1669475114196943719,"type":"point","name":"exType:baseline/permutationIndex:0/run:13/dialer:center/eavesCount:0/latencyMS:150/seq:7/fileSize:1048576/nodeType:Passive/nodeTypeIndex:4/meta:dup_blks_rcvd","measures":{"value":0}}
{"ts":1669475119282969621,"type":"point","name":"exType:baseline/permutationIndex:0/run:14/dialer:center/eavesCount:0/latencyMS:150/seq:7/fileSize:1048576/nodeType:Passive/nodeTypeIndex:4/meta:msgs_rcvd","measures":{"value":16}}
{"ts":1669475119282999909,"type":"point","name":"exType:baseline/permutationIndex:0/run:14/dialer:center/eavesCount:0/latencyMS:150/seq:7/fileSize:1048576/nodeType:Passive/nodeTypeIndex:4/meta:data_sent","measures":{"value":0}}
{"ts":1669475119283004997,"type":"point","name":"exType:baseline/permutationIndex:0/run:14/dialer:center/eavesCount:0/latencyMS:150/seq:7/fileSize:1048576/nodeType:Passive/nodeTypeIndex:4/meta:data_rcvd","measures":{"value":0}}
{"ts":1669475119283007630,"type":"point","name":"exType:baseline/permutationIndex:0/run:14/dialer:center/eavesCount:0/latencyMS:150/seq:7/fileSize:1048576/nodeType:Passive/nodeTypeIndex:4/meta:dup_data_rcvd","measures":{"value":0}}
{"ts":1669475119283010008,"type":"point","name":"exType:baseline/permutationIndex:0/run:14/dialer:center/eavesCount:0/latencyMS:150/seq:7/fileSize:1048576/nodeType:Passive/nodeTypeIndex:4/meta:blks_sent","measures":{"value":0}}
{"ts":1669475119283012863,"type":"point","name":"exType:baseline/permutationIndex:0/run:14/dialer:center/eavesCount:0/latencyMS:150/seq:7/fileSize:1048576/nodeType:Passive/nodeTypeIndex:4/meta:blks_rcvd","measures":{"value":0}}
{"ts":1669475119283015693,"type":"point","name":"exType:baseline/permutationIndex:0/run:14/dialer:center/eavesCount:0/latencyMS:150/seq:7/fileSize:1048576/nodeType:Passive/nodeTypeIndex:4/meta:dup_blks_rcvd","measures":{"value":0}}
{"ts":1669475124081325439,"type":"point","name":"exType:baseline/permutationIndex:0/run:15/dialer:center/eavesCount:0/latencyMS:150/seq:7/fileSize:1048576/nodeType:Passive/nodeTypeIndex:4/meta:msgs_rcvd","measures":{"value":27}}
{"ts":1669475124081351435,"type":"point","name":"exType:baseline/permutationIndex:0/run:15/dialer:center/eavesCount:0/latencyMS:150/seq:7/fileSize:1048576/nodeType:Passive/nodeTypeIndex:4/meta:data_sent","measures":{"value":0}}
{"ts":1669475124081355950,"type":"point","name":"exType:baseline/permutationIndex:0/run:15/dialer:center/eavesCount:0/latencyMS:150/seq:7/fileSize:1048576/nodeType:Passive/nodeTypeIndex:4/meta:data_rcvd","measures":{"value":0}}
{"ts":1669475124081358414,"type":"point","name":"exType:baseline/permutationIndex:0/run:15/dialer:center/eavesCount:0/latencyMS:150/seq:7/fileSize:1048576/nodeType:Passive/nodeTypeIndex:4/meta:dup_data_rcvd","measures":{"value":0}}
{"ts":1669475124081360907,"type":"point","name":"exType:baseline/permutationIndex:0/run:15/dialer:center/eavesCount:0/latencyMS:150/seq:7/fileSize:1048576/nodeType:Passive/nodeTypeIndex:4/meta:blks_sent","measures":{"value":0}}
{"ts":1669475124081363310,"type":"point","name":"exType:baseline/permutationIndex:0/run:15/dialer:center/eavesCount:0/latencyMS:150/seq:7/fileSize:1048576/nodeType:Passive/nodeTypeIndex:4/meta:blks_rcvd","measures":{"value":0}}
{"ts":1669475124081365729,"type":"point","name":"exType:baseline/permutationIndex:0/run:15/dialer:center/eavesCount:0/latencyMS:150/seq:7/fileSize:1048576/nodeType:Passive/nodeTypeIndex:4/meta:dup_blks_rcvd","measures":{"value":0}}
{"ts":1669475128847010854,"type":"point","name":"exType:baseline/permutationIndex:0/run:16/dialer:center/eavesCount:0/latencyMS:150/seq:7/fileSize:1048576/nodeType:Passive/nodeTypeIndex:4/meta:msgs_rcvd","measures":{"value":20}}
{"ts":1669475128847038837,"type":"point","name":"exType:baseline/permutationIndex:0/run:16/dialer:center/eavesCount:0/latencyMS:150/seq:7/fileSize:1048576/nodeType:Passive/nodeTypeIndex:4/meta:data_sent","measures":{"value":0}}
{"ts":1669475128847045931,"type":"point","name":"exType:baseline/permutationIndex:0/run:16/dialer:center/eavesCount:0/latencyMS:150/seq:7/fileSize:1048576/nodeType:Passive/nodeTypeIndex:4/meta:data_rcvd","measures":{"value":0}}
{"ts":1669475128847061087,"type":"point","name":"exType:baseline/permutationIndex:0/run:16/dialer:center/eavesCount:0/latencyMS:150/seq:7/fileSize:1048576/nodeType:Passive/nodeTypeIndex:4/meta:dup_data_rcvd","measures":{"value":0}}
{"ts":1669475128847066476,"type":"point","name":"exType:baseline/permutationIndex:0/run:16/dialer:center/eavesCount:0/latencyMS:150/seq:7/fileSize:1048576/nodeType:Passive/nodeTypeIndex:4/meta:blks_sent","measures":{"value":0}}
{"ts":1669475128847071238,"type":"point","name":"exType:baseline/permutationIndex:0/run:16/dialer:center/eavesCount:0/latencyMS:150/seq:7/fileSize:1048576/nodeType:Passive/nodeTypeIndex:4/meta:blks_rcvd","measures":{"value":0}}
{"ts":1669475128847075434,"type":"point","name":"exType:baseline/permutationIndex:0/run:16/dialer:center/eavesCount:0/latencyMS:150/seq:7/fileSize:1048576/nodeType:Passive/nodeTypeIndex:4/meta:dup_blks_rcvd","measures":{"value":0}}
{"ts":1669475134190842043,"type":"point","name":"exType:baseline/permutationIndex:0/run:17/dialer:center/eavesCount:0/latencyMS:150/seq:7/fileSize:1048576/nodeType:Passive/nodeTypeIndex:4/meta:msgs_rcvd","measures":{"value":74}}
{"ts":1669475134190869937,"type":"point","name":"exType:baseline/permutationIndex:0/run:17/dialer:center/eavesCount:0/latencyMS:150/seq:7/fileSize:1048576/nodeType:Passive/nodeTypeIndex:4/meta:data_sent","measures":{"value":0}}
{"ts":1669475134190873591,"type":"point","name":"exType:baseline/permutationIndex:0/run:17/dialer:center/eavesCount:0/latencyMS:150/seq:7/fileSize:1048576/nodeType:Passive/nodeTypeIndex:4/meta:data_rcvd","measures":{"value":0}}
{"ts":1669475134190876248,"type":"point","name":"exType:baseline/permutationIndex:0/run:17/dialer:center/eavesCount:0/latencyMS:150/seq:7/fileSize:1048576/nodeType:Passive/nodeTypeIndex:4/meta:dup_data_rcvd","measures":{"value":0}}
{"ts":1669475134190880785,"type":"point","name":"exType:baseline/permutationIndex:0/run:17/dialer:center/eavesCount:0/latencyMS:150/seq:7/fileSize:1048576/nodeType:Passive/nodeTypeIndex:4/meta:blks_sent","measures":{"value":0}}
{"ts":1669475134190883495,"type":"point","name":"exType:baseline/permutationIndex:0/run:17/dialer:center/eavesCount:0/latencyMS:150/seq:7/fileSize:1048576/nodeType:Passive/nodeTypeIndex:4/meta:blks_rcvd","measures":{"value":0}}
{"ts":1669475134190886168,"type":"point","name":"exType:baseline/permutationIndex:0/run:17/dialer:center/eavesCount:0/latencyMS:150/seq:7/fileSize:1048576/nodeType:Passive/nodeTypeIndex:4/meta:dup_blks_rcvd","measures":{"value":0}}
{"ts":1669475138519951240,"type":"point","name":"exType:baseline/permutationIndex:0/run:18/dialer:center/eavesCount:0/latencyMS:150/seq:7/fileSize:1048576/nodeType:Passive/nodeTypeIndex:4/meta:msgs_rcvd","measures":{"value":18}}
{"ts":1669475138519981352,"type":"point","name":"exType:baseline/permutationIndex:0/run:18/dialer:center/eavesCount:0/latencyMS:150/seq:7/fileSize:1048576/nodeType:Passive/nodeTypeIndex:4/meta:data_sent","measures":{"value":0}}
{"ts":1669475138519985270,"type":"point","name":"exType:baseline/permutationIndex:0/run:18/dialer:center/eavesCount:0/latencyMS:150/seq:7/fileSize:1048576/nodeType:Passive/nodeTypeIndex:4/meta:data_rcvd","measures":{"value":0}}
{"ts":1669475138519987650,"type":"point","name":"exType:baseline/permutationIndex:0/run:18/dialer:center/eavesCount:0/latencyMS:150/seq:7/fileSize:1048576/nodeType:Passive/nodeTypeIndex:4/meta:dup_data_rcvd","measures":{"value":0}}
{"ts":1669475138519990110,"type":"point","name":"exType:baseline/permutationIndex:0/run:18/dialer:center/eavesCount:0/latencyMS:150/seq:7/fileSize:1048576/nodeType:Passive/nodeTypeIndex:4/meta:blks_sent","measures":{"value":0}}
{"ts":1669475138519992309,"type":"point","name":"exType:baseline/permutationIndex:0/run:18/dialer:center/eavesCount:0/latencyMS:150/seq:7/fileSize:1048576/nodeType:Passive/nodeTypeIndex:4/meta:blks_rcvd","measures":{"value":0}}
{"ts":1669475138519994524,"type":"point","name":"exType:baseline/permutationIndex:0/run:18/dialer:center/eavesCount:0/latencyMS:150/seq:7/fileSize:1048576/nodeType:Passive/nodeTypeIndex:4/meta:dup_blks_rcvd","measures":{"value":0}}
{"ts":1669475142985759110,"type":"point","name":"exType:baseline/permutationIndex:0/run:19/dialer:center/eavesCount:0/latencyMS:150/seq:7/fileSize:1048576/nodeType:Passive/nodeTypeIndex:4/meta:msgs_rcvd","measures":{"value":21}}
{"ts":1669475142985797843,"type":"point","name":"exType:baseline/permutationIndex:0/run:19/dialer:center/eavesCount:0/latencyMS:150/seq:7/fileSize:1048576/nodeType:Passive/nodeTypeIndex:4/meta:data_sent","measures":{"value":0}}
{"ts":1669475142985805686,"type":"point","name":"exType:baseline/permutationIndex:0/run:19/dialer:center/eavesCount:0/latencyMS:150/seq:7/fileSize:1048576/nodeType:Passive/nodeTypeIndex:4/meta:data_rcvd","measures":{"value":0}}
{"ts":1669475142985810927,"type":"point","name":"exType:baseline/permutationIndex:0/run:19/dialer:center/eavesCount:0/latencyMS:150/seq:7/fileSize:1048576/nodeType:Passive/nodeTypeIndex:4/meta:dup_data_rcvd","measures":{"value":0}}
{"ts":1669475142985815937,"type":"point","name":"exType:baseline/permutationIndex:0/run:19/dialer:center/eavesCount:0/latencyMS:150/seq:7/fileSize:1048576/nodeType:Passive/nodeTypeIndex:4/meta:blks_sent","measures":{"value":0}}
{"ts":1669475142985820606,"type":"point","name":"exType:baseline/permutationIndex:0/run:19/dialer:center/eavesCount:0/latencyMS:150/seq:7/fileSize:1048576/nodeType:Passive/nodeTypeIndex:4/meta:blks_rcvd","measures":{"value":0}}
{"ts":1669475142985836749,"type":"point","name":"exType:baseline/permutationIndex:0/run:19/dialer:center/eavesCount:0/latencyMS:150/seq:7/fileSize:1048576/nodeType:Passive/nodeTypeIndex:4/meta:dup_blks_rcvd","measures":{"value":0}}
{"ts":1669475147495624270,"type":"point","name":"exType:baseline/permutationIndex:0/run:20/dialer:center/eavesCount:0/latencyMS:150/seq:7/fileSize:1048576/nodeType:Passive/nodeTypeIndex:4/meta:msgs_rcvd","measures":{"value":20}}
{"ts":1669475147495651479,"type":"point","name":"exType:baseline/permutationIndex:0/run:20/dialer:center/eavesCount:0/latencyMS:150/seq:7/fileSize:1048576/nodeType:Passive/nodeTypeIndex:4/meta:data_sent","measures":{"value":0}}
{"ts":1669475147495655736,"type":"point","name":"exType:baseline/permutationIndex:0/run:20/dialer:center/eavesCount:0/latencyMS:150/seq:7/fileSize:1048576/nodeType:Passive/nodeTypeIndex:4/meta:data_rcvd","measures":{"value":0}}
{"ts":1669475147495658372,"type":"point","name":"exType:baseline/permutationIndex:0/run:20/dialer:center/eavesCount:0/latencyMS:150/seq:7/fileSize:1048576/nodeType:Passive/nodeTypeIndex:4/meta:dup_data_rcvd","measures":{"value":0}}
{"ts":1669475147495660942,"type":"point","name":"exType:baseline/permutationIndex:0/run:20/dialer:center/eavesCount:0/latencyMS:150/seq:7/fileSize:1048576/nodeType:Passive/nodeTypeIndex:4/meta:blks_sent","measures":{"value":0}}
{"ts":1669475147495663130,"type":"point","name":"exType:baseline/permutationIndex:0/run:20/dialer:center/eavesCount:0/latencyMS:150/seq:7/fileSize:1048576/nodeType:Passive/nodeTypeIndex:4/meta:blks_rcvd","measures":{"value":0}}
{"ts":1669475147495665475,"type":"point","name":"exType:baseline/permutationIndex:0/run:20/dialer:center/eavesCount:0/latencyMS:150/seq:7/fileSize:1048576/nodeType:Passive/nodeTypeIndex:4/meta:dup_blks_rcvd","measures":{"value":0}}
{"ts":1669475152004249970,"type":"point","name":"exType:baseline/permutationIndex:0/run:21/dialer:center/eavesCount:0/latencyMS:150/seq:7/fileSize:1048576/nodeType:Passive/nodeTypeIndex:4/meta:msgs_rcvd","measures":{"value":30}}
{"ts":1669475152004284011,"type":"point","name":"exType:baseline/permutationIndex:0/run:21/dialer:center/eavesCount:0/latencyMS:150/seq:7/fileSize:1048576/nodeType:Passive/nodeTypeIndex:4/meta:data_sent","measures":{"value":0}}
{"ts":1669475152004291914,"type":"point","name":"exType:baseline/permutationIndex:0/run:21/dialer:center/eavesCount:0/latencyMS:150/seq:7/fileSize:1048576/nodeType:Passive/nodeTypeIndex:4/meta:data_rcvd","measures":{"value":0}}
{"ts":1669475152004295707,"type":"point","name":"exType:baseline/permutationIndex:0/run:21/dialer:center/eavesCount:0/latencyMS:150/seq:7/fileSize:1048576/nodeType:Passive/nodeTypeIndex:4/meta:dup_data_rcvd","measures":{"value":0}}
{"ts":1669475152004309302,"type":"point","name":"exType:baseline/permutationIndex:0/run:21/dialer:center/eavesCount:0/latencyMS:150/seq:7/fileSize:1048576/nodeType:Passive/nodeTypeIndex:4/meta:blks_sent","measures":{"value":0}}
{"ts":1669475152004312787,"type":"point","name":"exType:baseline/permutationIndex:0/run:21/dialer:center/eavesCount:0/latencyMS:150/seq:7/fileSize:1048576/nodeType:Passive/nodeTypeIndex:4/meta:blks_rcvd","measures":{"value":0}}
{"ts":1669475152004316188,"type":"point","name":"exType:baseline/permutationIndex:0/run:21/dialer:center/eavesCount:0/latencyMS:150/seq:7/fileSize:1048576/nodeType:Passive/nodeTypeIndex:4/meta:dup_blks_rcvd","measures":{"value":0}}
{"ts":1669475156470833447,"type":"point","name":"exType:baseline/permutationIndex:0/run:22/dialer:center/eavesCount:0/latencyMS:150/seq:7/fileSize:1048576/nodeType:Passive/nodeTypeIndex:4/meta:msgs_rcvd","measures":{"value":19}}
{"ts":1669475156470869842,"type":"point","name":"exType:baseline/permutationIndex:0/run:22/dialer:center/eavesCount:0/latencyMS:150/seq:7/fileSize:1048576/nodeType:Passive/nodeTypeIndex:4/meta:data_sent","measures":{"value":0}}
{"ts":1669475156470873891,"type":"point","name":"exType:baseline/permutationIndex:0/run:22/dialer:center/eavesCount:0/latencyMS:150/seq:7/fileSize:1048576/nodeType:Passive/nodeTypeIndex:4/meta:data_rcvd","measures":{"value":0}}
{"ts":1669475156470876827,"type":"point","name":"exType:baseline/permutationIndex:0/run:22/dialer:center/eavesCount:0/latencyMS:150/seq:7/fileSize:1048576/nodeType:Passive/nodeTypeIndex:4/meta:dup_data_rcvd","measures":{"value":0}}
{"ts":1669475156470879322,"type":"point","name":"exType:baseline/permutationIndex:0/run:22/dialer:center/eavesCount:0/latencyMS:150/seq:7/fileSize:1048576/nodeType:Passive/nodeTypeIndex:4/meta:blks_sent","measures":{"value":0}}
{"ts":1669475156470881845,"type":"point","name":"exType:baseline/permutationIndex:0/run:22/dialer:center/eavesCount:0/latencyMS:150/seq:7/fileSize:1048576/nodeType:Passive/nodeTypeIndex:4/meta:blks_rcvd","measures":{"value":0}}
{"ts":1669475156470884210,"type":"point","name":"exType:baseline/permutationIndex:0/run:22/dialer:center/eavesCount:0/latencyMS:150/seq:7/fileSize:1048576/nodeType:Passive/nodeTypeIndex:4/meta:dup_blks_rcvd","measures":{"value":0}}
{"ts":1669475161247815102,"type":"point","name":"exType:baseline/permutationIndex:0/run:23/dialer:center/eavesCount:0/latencyMS:150/seq:7/fileSize:1048576/nodeType:Passive/nodeTypeIndex:4/meta:msgs_rcvd","measures":{"value":21}}
{"ts":1669475161247836198,"type":"point","name":"exType:baseline/permutationIndex:0/run:23/dialer:center/eavesCount:0/latencyMS:150/seq:7/fileSize:1048576/nodeType:Passive/nodeTypeIndex:4/meta:data_sent","measures":{"value":0}}
{"ts":1669475161247839540,"type":"point","name":"exType:baseline/permutationIndex:0/run:23/dialer:center/eavesCount:0/latencyMS:150/seq:7/fileSize:1048576/nodeType:Passive/nodeTypeIndex:4/meta:data_rcvd","measures":{"value":0}}
{"ts":1669475161247842366,"type":"point","name":"exType:baseline/permutationIndex:0/run:23/dialer:center/eavesCount:0/latencyMS:150/seq:7/fileSize:1048576/nodeType:Passive/nodeTypeIndex:4/meta:dup_data_rcvd","measures":{"value":0}}
{"ts":1669475161247844945,"type":"point","name":"exType:baseline/permutationIndex:0/run:23/dialer:center/eavesCount:0/latencyMS:150/seq:7/fileSize:1048576/nodeType:Passive/nodeTypeIndex:4/meta:blks_sent","measures":{"value":0}}
{"ts":1669475161247847539,"type":"point","name":"exType:baseline/permutationIndex:0/run:23/dialer:center/eavesCount:0/latencyMS:150/seq:7/fileSize:1048576/nodeType:Passive/nodeTypeIndex:4/meta:blks_rcvd","measures":{"value":0}}
{"ts":1669475161247850212,"type":"point","name":"exType:baseline/permutationIndex:0/run:23/dialer:center/eavesCount:0/latencyMS:150/seq:7/fileSize:1048576/nodeType:Passive/nodeTypeIndex:4/meta:dup_blks_rcvd","measures":{"value":0}}
{"ts":1669475165690997716,"type":"point","name":"exType:baseline/permutationIndex:0/run:24/dialer:center/eavesCount:0/latencyMS:150/seq:7/fileSize:1048576/nodeType:Passive/nodeTypeIndex:4/meta:msgs_rcvd","measures":{"value":17}}
{"ts":1669475165691046242,"type":"point","name":"exType:baseline/permutationIndex:0/run:24/dialer:center/eavesCount:0/latencyMS:150/seq:7/fileSize:1048576/nodeType:Passive/nodeTypeIndex:4/meta:data_sent","measures":{"value":0}}
{"ts":1669475165691051892,"type":"point","name":"exType:baseline/permutationIndex:0/run:24/dialer:center/eavesCount:0/latencyMS:150/seq:7/fileSize:1048576/nodeType:Passive/nodeTypeIndex:4/meta:data_rcvd","measures":{"value":0}}
{"ts":1669475165691055470,"type":"point","name":"exType:baseline/permutationIndex:0/run:24/dialer:center/eavesCount:0/latencyMS:150/seq:7/fileSize:1048576/nodeType:Passive/nodeTypeIndex:4/meta:dup_data_rcvd","measures":{"value":0}}
{"ts":1669475165691059153,"type":"point","name":"exType:baseline/permutationIndex:0/run:24/dialer:center/eavesCount:0/latencyMS:150/seq:7/fileSize:1048576/nodeType:Passive/nodeTypeIndex:4/meta:blks_sent","measures":{"value":0}}
{"ts":1669475165691062611,"type":"point","name":"exType:baseline/permutationIndex:0/run:24/dialer:center/eavesCount:0/latencyMS:150/seq:7/fileSize:1048576/nodeType:Passive/nodeTypeIndex:4/meta:blks_rcvd","measures":{"value":0}}
{"ts":1669475165691066187,"type":"point","name":"exType:baseline/permutationIndex:0/run:24/dialer:center/eavesCount:0/latencyMS:150/seq:7/fileSize:1048576/nodeType:Passive/nodeTypeIndex:4/meta:dup_blks_rcvd","measures":{"value":0}}
