{"ts":1670665318236924582,"type":"point","name":"exType:trickle/permutationIndex:0/run:1/dialer:edge/eavesCount:0/latencyMS:100/tricklingDelay:0/seq:2/fileSize:1048576/nodeType:Seed/nodeTypeIndex:0/meta:msgs_rcvd","measures":{"value":27}}
{"ts":1670665318236972185,"type":"point","name":"exType:trickle/permutationIndex:0/run:1/dialer:edge/eavesCount:0/latencyMS:100/tricklingDelay:0/seq:2/fileSize:1048576/nodeType:Seed/nodeTypeIndex:0/meta:data_sent","measures":{"value":3146496}}
{"ts":1670665318236980453,"type":"point","name":"exType:trickle/permutationIndex:0/run:1/dialer:edge/eavesCount:0/latencyMS:100/tricklingDelay:0/seq:2/fileSize:1048576/nodeType:Seed/nodeTypeIndex:0/meta:data_rcvd","measures":{"value":0}}
{"ts":1670665318236986915,"type":"point","name":"exType:trickle/permutationIndex:0/run:1/dialer:edge/eavesCount:0/latencyMS:100/tricklingDelay:0/seq:2/fileSize:1048576/nodeType:Seed/nodeTypeIndex:0/meta:dup_data_rcvd","measures":{"value":0}}
{"ts":1670665318236992589,"type":"point","name":"exType:trickle/permutationIndex:0/run:1/dialer:edge/eavesCount:0/latencyMS:100/tricklingDelay:0/seq:2/fileSize:1048576/nodeType:Seed/nodeTypeIndex:0/meta:blks_sent","measures":{"value":15}}
{"ts":1670665318236998086,"type":"point","name":"exType:trickle/permutationIndex:0/run:1/dialer:edge/eavesCount:0/latencyMS:100/tricklingDelay:0/seq:2/fileSize:1048576/nodeType:Seed/nodeTypeIndex:0/meta:blks_rcvd","measures":{"value":0}}
{"ts":1670665318237003385,"type":"point","name":"exType:trickle/permutationIndex:0/run:1/dialer:edge/eavesCount:0/latencyMS:100/tricklingDelay:0/seq:2/fileSize:1048576/nodeType:Seed/nodeTypeIndex:0/meta:dup_blks_rcvd","measures":{"value":0}}
{"ts":1670665329011718175,"type":"point","name":"exType:trickle/permutationIndex:0/run:2/dialer:edge/eavesCount:0/latencyMS:100/tricklingDelay:0/seq:2/fileSize:1048576/nodeType:Seed/nodeTypeIndex:0/meta:msgs_rcvd","measures":{"value":26}}
{"ts":1670665329011812365,"type":"point","name":"exType:trickle/permutationIndex:0/run:2/dialer:edge/eavesCount:0/latencyMS:100/tricklingDelay:0/seq:2/fileSize:1048576/nodeType:Seed/nodeTypeIndex:0/meta:data_sent","measures":{"value":3146496}}
{"ts":1670665329011842757,"type":"point","name":"exType:trickle/permutationIndex:0/run:2/dialer:edge/eavesCount:0/latencyMS:100/tricklingDelay:0/seq:2/fileSize:1048576/nodeType:Seed/nodeTypeIndex:0/meta:data_rcvd","measures":{"value":0}}
{"ts":1670665329011865569,"type":"point","name":"exType:trickle/permutationIndex:0/run:2/dialer:edge/eavesCount:0/latencyMS:100/tricklingDelay:0/seq:2/fileSize:1048576/nodeType:Seed/nodeTypeIndex:0/meta:dup_data_rcvd","measures":{"value":0}}
{"ts":1670665329011887280,"type":"point","name":"exType:trickle/permutationIndex:0/run:2/dialer:edge/eavesCount:0/latencyMS:100/tricklingDelay:0/seq:2/fileSize:1048576/nodeType:Seed/nodeTypeIndex:0/meta:blks_sent","measures":{"value":15}}
{"ts":1670665329011908331,"type":"point","name":"exType:trickle/permutationIndex:0/run:2/dialer:edge/eavesCount:0/latencyMS:100/tricklingDelay:0/seq:2/fileSize:1048576/nodeType:Seed/nodeTypeIndex:0/meta:blks_rcvd","measures":{"value":0}}
{"ts":1670665329011928056,"type":"point","name":"exType:trickle/permutationIndex:0/run:2/dialer:edge/eavesCount:0/latencyMS:100/tricklingDelay:0/seq:2/fileSize:1048576/nodeType:Seed/nodeTypeIndex:0/meta:dup_blks_rcvd","measures":{"value":0}}
{"ts":1670665339659552160,"type":"point","name":"exType:trickle/permutationIndex:0/run:3/dialer:edge/eavesCount:0/latencyMS:100/tricklingDelay:0/seq:2/fileSize:1048576/nodeType:Seed/nodeTypeIndex:0/meta:msgs_rcvd","measures":{"value":27}}
{"ts":1670665339659641228,"type":"point","name":"exType:trickle/permutationIndex:0/run:3/dialer:edge/eavesCount:0/latencyMS:100/tricklingDelay:0/seq:2/fileSize:1048576/nodeType:Seed/nodeTypeIndex:0/meta:data_sent","measures":{"value":3146496}}
{"ts":1670665339659673054,"type":"point","name":"exType:trickle/permutationIndex:0/run:3/dialer:edge/eavesCount:0/latencyMS:100/tricklingDelay:0/seq:2/fileSize:1048576/nodeType:Seed/nodeTypeIndex:0/meta:data_rcvd","measures":{"value":0}}
{"ts":1670665339659695656,"type":"point","name":"exType:trickle/permutationIndex:0/run:3/dialer:edge/eavesCount:0/latencyMS:100/tricklingDelay:0/seq:2/fileSize:1048576/nodeType:Seed/nodeTypeIndex:0/meta:dup_data_rcvd","measures":{"value":0}}
{"ts":1670665339659757802,"type":"point","name":"exType:trickle/permutationIndex:0/run:3/dialer:edge/eavesCount:0/latencyMS:100/tricklingDelay:0/seq:2/fileSize:1048576/nodeType:Seed/nodeTypeIndex:0/meta:blks_sent","measures":{"value":15}}
{"ts":1670665339659779475,"type":"point","name":"exType:trickle/permutationIndex:0/run:3/dialer:edge/eavesCount:0/latencyMS:100/tricklingDelay:0/seq:2/fileSize:1048576/nodeType:Seed/nodeTypeIndex:0/meta:blks_rcvd","measures":{"value":0}}
{"ts":1670665339659801110,"type":"point","name":"exType:trickle/permutationIndex:0/run:3/dialer:edge/eavesCount:0/latencyMS:100/tricklingDelay:0/seq:2/fileSize:1048576/nodeType:Seed/nodeTypeIndex:0/meta:dup_blks_rcvd","measures":{"value":0}}
{"ts":1670665350597590881,"type":"point","name":"exType:trickle/permutationIndex:0/run:4/dialer:edge/eavesCount:0/latencyMS:100/tricklingDelay:0/seq:2/fileSize:1048576/nodeType:Seed/nodeTypeIndex:0/meta:msgs_rcvd","measures":{"value":25}}
{"ts":1670665350597686499,"type":"point","name":"exType:trickle/permutationIndex:0/run:4/dialer:edge/eavesCount:0/latencyMS:100/tricklingDelay:0/seq:2/fileSize:1048576/nodeType:Seed/nodeTypeIndex:0/meta:data_sent","measures":{"value":3146496}}
{"ts":1670665350597716013,"type":"point","name":"exType:trickle/permutationIndex:0/run:4/dialer:edge/eavesCount:0/latencyMS:100/tricklingDelay:0/seq:2/fileSize:1048576/nodeType:Seed/nodeTypeIndex:0/meta:data_rcvd","measures":{"value":0}}
{"ts":1670665350597738241,"type":"point","name":"exType:trickle/permutationIndex:0/run:4/dialer:edge/eavesCount:0/latencyMS:100/tricklingDelay:0/seq:2/fileSize:1048576/nodeType:Seed/nodeTypeIndex:0/meta:dup_data_rcvd","measures":{"value":0}}
{"ts":1670665350597762837,"type":"point","name":"exType:trickle/permutationIndex:0/run:4/dialer:edge/eavesCount:0/latencyMS:100/tricklingDelay:0/seq:2/fileSize:1048576/nodeType:Seed/nodeTypeIndex:0/meta:blks_sent","measures":{"value":15}}
{"ts":1670665350597853896,"type":"point","name":"exType:trickle/permutationIndex:0/run:4/dialer:edge/eavesCount:0/latencyMS:100/tricklingDelay:0/seq:2/fileSize:1048576/nodeType:Seed/nodeTypeIndex:0/meta:blks_rcvd","measures":{"value":0}}
{"ts":1670665350597883412,"type":"point","name":"exType:trickle/permutationIndex:0/run:4/dialer:edge/eavesCount:0/latencyMS:100/tricklingDelay:0/seq:2/fileSize:1048576/nodeType:Seed/nodeTypeIndex:0/meta:dup_blks_rcvd","measures":{"value":0}}
{"ts":1670665360735643064,"type":"point","name":"exType:trickle/permutationIndex:0/run:5/dialer:edge/eavesCount:0/latencyMS:100/tricklingDelay:0/seq:2/fileSize:1048576/nodeType:Seed/nodeTypeIndex:0/meta:msgs_rcvd","measures":{"value":25}}
{"ts":1670665360735750336,"type":"point","name":"exType:trickle/permutationIndex:0/run:5/dialer:edge/eavesCount:0/latencyMS:100/tricklingDelay:0/seq:2/fileSize:1048576/nodeType:Seed/nodeTypeIndex:0/meta:data_sent","measures":{"value":3146496}}
{"ts":1670665360735783462,"type":"point","name":"exType:trickle/permutationIndex:0/run:5/dialer:edge/eavesCount:0/latencyMS:100/tricklingDelay:0/seq:2/fileSize:1048576/nodeType:Seed/nodeTypeIndex:0/meta:data_rcvd","measures":{"value":0}}
{"ts":1670665360735805997,"type":"point","name":"exType:trickle/permutationIndex:0/run:5/dialer:edge/eavesCount:0/latencyMS:100/tricklingDelay:0/seq:2/fileSize:1048576/nodeType:Seed/nodeTypeIndex:0/meta:dup_data_rcvd","measures":{"value":0}}
{"ts":1670665360735827584,"type":"point","name":"exType:trickle/permutationIndex:0/run:5/dialer:edge/eavesCount:0/latencyMS:100/tricklingDelay:0/seq:2/fileSize:1048576/nodeType:Seed/nodeTypeIndex:0/meta:blks_sent","measures":{"value":15}}
{"ts":1670665360735848172,"type":"point","name":"exType:trickle/permutationIndex:0/run:5/dialer:edge/eavesCount:0/latencyMS:100/tricklingDelay:0/seq:2/fileSize:1048576/nodeType:Seed/nodeTypeIndex:0/meta:blks_rcvd","measures":{"value":0}}
{"ts":1670665360735868101,"type":"point","name":"exType:trickle/permutationIndex:0/run:5/dialer:edge/eavesCount:0/latencyMS:100/tricklingDelay:0/seq:2/fileSize:1048576/nodeType:Seed/nodeTypeIndex:0/meta:dup_blks_rcvd","measures":{"value":0}}
{"ts":1670665371581992327,"type":"point","name":"exType:trickle/permutationIndex:0/run:6/dialer:edge/eavesCount:0/latencyMS:100/tricklingDelay:0/seq:2/fileSize:1048576/nodeType:Seed/nodeTypeIndex:0/meta:msgs_rcvd","measures":{"value":26}}
{"ts":1670665371582098194,"type":"point","name":"exType:trickle/permutationIndex:0/run:6/dialer:edge/eavesCount:0/latencyMS:100/tricklingDelay:0/seq:2/fileSize:1048576/nodeType:Seed/nodeTypeIndex:0/meta:data_sent","measures":{"value":3146496}}
{"ts":1670665371582135472,"type":"point","name":"exType:trickle/permutationIndex:0/run:6/dialer:edge/eavesCount:0/latencyMS:100/tricklingDelay:0/seq:2/fileSize:1048576/nodeType:Seed/nodeTypeIndex:0/meta:data_rcvd","measures":{"value":0}}
{"ts":1670665371582157525,"type":"point","name":"exType:trickle/permutationIndex:0/run:6/dialer:edge/eavesCount:0/latencyMS:100/tricklingDelay:0/seq:2/fileSize:1048576/nodeType:Seed/nodeTypeIndex:0/meta:dup_data_rcvd","measures":{"value":0}}
{"ts":1670665371582178129,"type":"point","name":"exType:trickle/permutationIndex:0/run:6/dialer:edge/eavesCount:0/latencyMS:100/tricklingDelay:0/seq:2/fileSize:1048576/nodeType:Seed/nodeTypeIndex:0/meta:blks_sent","measures":{"value":15}}
{"ts":1670665371582199830,"type":"point","name":"exType:trickle/permutationIndex:0/run:6/dialer:edge/eavesCount:0/latencyMS:100/tricklingDelay:0/seq:2/fileSize:1048576/nodeType:Seed/nodeTypeIndex:0/meta:blks_rcvd","measures":{"value":0}}
{"ts":1670665371582220013,"type":"point","name":"exType:trickle/permutationIndex:0/run:6/dialer:edge/eavesCount:0/latencyMS:100/tricklingDelay:0/seq:2/fileSize:1048576/nodeType:Seed/nodeTypeIndex:0/meta:dup_blks_rcvd","measures":{"value":0}}
{"ts":1670665382112645207,"type":"point","name":"exType:trickle/permutationIndex:0/run:7/dialer:edge/eavesCount:0/latencyMS:100/tricklingDelay:0/seq:2/fileSize:1048576/nodeType:Seed/nodeTypeIndex:0/meta:msgs_rcvd","measures":{"value":27}}
{"ts":1670665382112738245,"type":"point","name":"exType:trickle/permutationIndex:0/run:7/dialer:edge/eavesCount:0/latencyMS:100/tricklingDelay:0/seq:2/fileSize:1048576/nodeType:Seed/nodeTypeIndex:0/meta:data_sent","measures":{"value":3146496}}
{"ts":1670665382112768167,"type":"point","name":"exType:trickle/permutationIndex:0/run:7/dialer:edge/eavesCount:0/latencyMS:100/tricklingDelay:0/seq:2/fileSize:1048576/nodeType:Seed/nodeTypeIndex:0/meta:data_rcvd","measures":{"value":0}}
{"ts":1670665382112792432,"type":"point","name":"exType:trickle/permutationIndex:0/run:7/dialer:edge/eavesCount:0/latencyMS:100/tricklingDelay:0/seq:2/fileSize:1048576/nodeType:Seed/nodeTypeIndex:0/meta:dup_data_rcvd","measures":{"value":0}}
{"ts":1670665382112812938,"type":"point","name":"exType:trickle/permutationIndex:0/run:7/dialer:edge/eavesCount:0/latencyMS:100/tricklingDelay:0/seq:2/fileSize:1048576/nodeType:Seed/nodeTypeIndex:0/meta:blks_sent","measures":{"value":15}}
{"ts":1670665382112833995,"type":"point","name":"exType:trickle/permutationIndex:0/run:7/dialer:edge/eavesCount:0/latencyMS:100/tricklingDelay:0/seq:2/fileSize:1048576/nodeType:Seed/nodeTypeIndex:0/meta:blks_rcvd","measures":{"value":0}}
{"ts":1670665382112855428,"type":"point","name":"exType:trickle/permutationIndex:0/run:7/dialer:edge/eavesCount:0/latencyMS:100/tricklingDelay:0/seq:2/fileSize:1048576/nodeType:Seed/nodeTypeIndex:0/meta:dup_blks_rcvd","measures":{"value":0}}
{"ts":1670665393011291591,"type":"point","name":"exType:trickle/permutationIndex:0/run:8/dialer:edge/eavesCount:0/latencyMS:100/tricklingDelay:0/seq:2/fileSize:1048576/nodeType:Seed/nodeTypeIndex:0/meta:msgs_rcvd","measures":{"value":26}}
{"ts":1670665393011312970,"type":"point","name":"exType:trickle/permutationIndex:0/run:8/dialer:edge/eavesCount:0/latencyMS:100/tricklingDelay:0/seq:2/fileSize:1048576/nodeType:Seed/nodeTypeIndex:0/meta:data_sent","measures":{"value":3146496}}
{"ts":1670665393011322141,"type":"point","name":"exType:trickle/permutationIndex:0/run:8/dialer:edge/eavesCount:0/latencyMS:100/tricklingDelay:0/seq:2/fileSize:1048576/nodeType:Seed/nodeTypeIndex:0/meta:data_rcvd","measures":{"value":0}}
{"ts":1670665393011343865,"type":"point","name":"exType:trickle/permutationIndex:0/run:8/dialer:edge/eavesCount:0/latencyMS:100/tricklingDelay:0/seq:2/fileSize:1048576/nodeType:Seed/nodeTypeIndex:0/meta:dup_data_rcvd","measures":{"value":0}}
{"ts":1670665393011349842,"type":"point","name":"exType:trickle/permutationIndex:0/run:8/dialer:edge/eavesCount:0/latencyMS:100/tricklingDelay:0/seq:2/fileSize:1048576/nodeType:Seed/nodeTypeIndex:0/meta:blks_sent","measures":{"value":15}}
{"ts":1670665393011356105,"type":"point","name":"exType:trickle/permutationIndex:0/run:8/dialer:edge/eavesCount:0/latencyMS:100/tricklingDelay:0/seq:2/fileSize:1048576/nodeType:Seed/nodeTypeIndex:0/meta:blks_rcvd","measures":{"value":0}}
{"ts":1670665393011360165,"type":"point","name":"exType:trickle/permutationIndex:0/run:8/dialer:edge/eavesCount:0/latencyMS:100/tricklingDelay:0/seq:2/fileSize:1048576/nodeType:Seed/nodeTypeIndex:0/meta:dup_blks_rcvd","measures":{"value":0}}
{"ts":1670665404094676543,"type":"point","name":"exType:trickle/permutationIndex:0/run:9/dialer:edge/eavesCount:0/latencyMS:100/tricklingDelay:0/seq:2/fileSize:1048576/nodeType:Seed/nodeTypeIndex:0/meta:msgs_rcvd","measures":{"value":26}}
{"ts":1670665404094765997,"type":"point","name":"exType:trickle/permutationIndex:0/run:9/dialer:edge/eavesCount:0/latencyMS:100/tricklingDelay:0/seq:2/fileSize:1048576/nodeType:Seed/nodeTypeIndex:0/meta:data_sent","measures":{"value":3146496}}
{"ts":1670665404094794926,"type":"point","name":"exType:trickle/permutationIndex:0/run:9/dialer:edge/eavesCount:0/latencyMS:100/tricklingDelay:0/seq:2/fileSize:1048576/nodeType:Seed/nodeTypeIndex:0/meta:data_rcvd","measures":{"value":0}}
{"ts":1670665404094817706,"type":"point","name":"exType:trickle/permutationIndex:0/run:9/dialer:edge/eavesCount:0/latencyMS:100/tricklingDelay:0/seq:2/fileSize:1048576/nodeType:Seed/nodeTypeIndex:0/meta:dup_data_rcvd","measures":{"value":0}}
{"ts":1670665404094839604,"type":"point","name":"exType:trickle/permutationIndex:0/run:9/dialer:edge/eavesCount:0/latencyMS:100/tricklingDelay:0/seq:2/fileSize:1048576/nodeType:Seed/nodeTypeIndex:0/meta:blks_sent","measures":{"value":15}}
{"ts":1670665404094861201,"type":"point","name":"exType:trickle/permutationIndex:0/run:9/dialer:edge/eavesCount:0/latencyMS:100/tricklingDelay:0/seq:2/fileSize:1048576/nodeType:Seed/nodeTypeIndex:0/meta:blks_rcvd","measures":{"value":0}}
{"ts":1670665404094881219,"type":"point","name":"exType:trickle/permutationIndex:0/run:9/dialer:edge/eavesCount:0/latencyMS:100/tricklingDelay:0/seq:2/fileSize:1048576/nodeType:Seed/nodeTypeIndex:0/meta:dup_blks_rcvd","measures":{"value":0}}
{"ts":1670665415333165756,"type":"point","name":"exType:trickle/permutationIndex:0/run:10/dialer:edge/eavesCount:0/latencyMS:100/tricklingDelay:0/seq:2/fileSize:1048576/nodeType:Seed/nodeTypeIndex:0/meta:msgs_rcvd","measures":{"value":26}}
{"ts":1670665415333273555,"type":"point","name":"exType:trickle/permutationIndex:0/run:10/dialer:edge/eavesCount:0/latencyMS:100/tricklingDelay:0/seq:2/fileSize:1048576/nodeType:Seed/nodeTypeIndex:0/meta:data_sent","measures":{"value":3146496}}
{"ts":1670665415333308707,"type":"point","name":"exType:trickle/permutationIndex:0/run:10/dialer:edge/eavesCount:0/latencyMS:100/tricklingDelay:0/seq:2/fileSize:1048576/nodeType:Seed/nodeTypeIndex:0/meta:data_rcvd","measures":{"value":0}}
{"ts":1670665415333339808,"type":"point","name":"exType:trickle/permutationIndex:0/run:10/dialer:edge/eavesCount:0/latencyMS:100/tricklingDelay:0/seq:2/fileSize:1048576/nodeType:Seed/nodeTypeIndex:0/meta:dup_data_rcvd","measures":{"value":0}}
{"ts":1670665415333361540,"type":"point","name":"exType:trickle/permutationIndex:0/run:10/dialer:edge/eavesCount:0/latencyMS:100/tricklingDelay:0/seq:2/fileSize:1048576/nodeType:Seed/nodeTypeIndex:0/meta:blks_sent","measures":{"value":15}}
{"ts":1670665415333384789,"type":"point","name":"exType:trickle/permutationIndex:0/run:10/dialer:edge/eavesCount:0/latencyMS:100/tricklingDelay:0/seq:2/fileSize:1048576/nodeType:Seed/nodeTypeIndex:0/meta:blks_rcvd","measures":{"value":0}}
{"ts":1670665415333485459,"type":"point","name":"exType:trickle/permutationIndex:0/run:10/dialer:edge/eavesCount:0/latencyMS:100/tricklingDelay:0/seq:2/fileSize:1048576/nodeType:Seed/nodeTypeIndex:0/meta:dup_blks_rcvd","measures":{"value":0}}
{"ts":1670665425916976485,"type":"point","name":"exType:trickle/permutationIndex:0/run:11/dialer:edge/eavesCount:0/latencyMS:100/tricklingDelay:0/seq:2/fileSize:1048576/nodeType:Seed/nodeTypeIndex:0/meta:msgs_rcvd","measures":{"value":24}}
{"ts":1670665425917076652,"type":"point","name":"exType:trickle/permutationIndex:0/run:11/dialer:edge/eavesCount:0/latencyMS:100/tricklingDelay:0/seq:2/fileSize:1048576/nodeType:Seed/nodeTypeIndex:0/meta:data_sent","measures":{"value":3146496}}
{"ts":1670665425917107188,"type":"point","name":"exType:trickle/permutationIndex:0/run:11/dialer:edge/eavesCount:0/latencyMS:100/tricklingDelay:0/seq:2/fileSize:1048576/nodeType:Seed/nodeTypeIndex:0/meta:data_rcvd","measures":{"value":0}}
{"ts":1670665425917130841,"type":"point","name":"exType:trickle/permutationIndex:0/run:11/dialer:edge/eavesCount:0/latencyMS:100/tricklingDelay:0/seq:2/fileSize:1048576/nodeType:Seed/nodeTypeIndex:0/meta:dup_data_rcvd","measures":{"value":0}}
{"ts":1670665425917147703,"type":"point","name":"exType:trickle/permutationIndex:0/run:11/dialer:edge/eavesCount:0/latencyMS:100/tricklingDelay:0/seq:2/fileSize:1048576/nodeType:Seed/nodeTypeIndex:0/meta:blks_sent","measures":{"value":15}}
{"ts":1670665425917162170,"type":"point","name":"exType:trickle/permutationIndex:0/run:11/dialer:edge/eavesCount:0/latencyMS:100/tricklingDelay:0/seq:2/fileSize:1048576/nodeType:Seed/nodeTypeIndex:0/meta:blks_rcvd","measures":{"value":0}}
{"ts":1670665425917175750,"type":"point","name":"exType:trickle/permutationIndex:0/run:11/dialer:edge/eavesCount:0/latencyMS:100/tricklingDelay:0/seq:2/fileSize:1048576/nodeType:Seed/nodeTypeIndex:0/meta:dup_blks_rcvd","measures":{"value":0}}
{"ts":1670665436594179087,"type":"point","name":"exType:trickle/permutationIndex:0/run:12/dialer:edge/eavesCount:0/latencyMS:100/tricklingDelay:0/seq:2/fileSize:1048576/nodeType:Seed/nodeTypeIndex:0/meta:msgs_rcvd","measures":{"value":27}}
{"ts":1670665436594286758,"type":"point","name":"exType:trickle/permutationIndex:0/run:12/dialer:edge/eavesCount:0/latencyMS:100/tricklingDelay:0/seq:2/fileSize:1048576/nodeType:Seed/nodeTypeIndex:0/meta:data_sent","measures":{"value":3146496}}
{"ts":1670665436594319363,"type":"point","name":"exType:trickle/permutationIndex:0/run:12/dialer:edge/eavesCount:0/latencyMS:100/tricklingDelay:0/seq:2/fileSize:1048576/nodeType:Seed/nodeTypeIndex:0/meta:data_rcvd","measures":{"value":0}}
{"ts":1670665436594343545,"type":"point","name":"exType:trickle/permutationIndex:0/run:12/dialer:edge/eavesCount:0/latencyMS:100/tricklingDelay:0/seq:2/fileSize:1048576/nodeType:Seed/nodeTypeIndex:0/meta:dup_data_rcvd","measures":{"value":0}}
{"ts":1670665436594364967,"type":"point","name":"exType:trickle/permutationIndex:0/run:12/dialer:edge/eavesCount:0/latencyMS:100/tricklingDelay:0/seq:2/fileSize:1048576/nodeType:Seed/nodeTypeIndex:0/meta:blks_sent","measures":{"value":15}}
{"ts":1670665436594387398,"type":"point","name":"exType:trickle/permutationIndex:0/run:12/dialer:edge/eavesCount:0/latencyMS:100/tricklingDelay:0/seq:2/fileSize:1048576/nodeType:Seed/nodeTypeIndex:0/meta:blks_rcvd","measures":{"value":0}}
{"ts":1670665436594411875,"type":"point","name":"exType:trickle/permutationIndex:0/run:12/dialer:edge/eavesCount:0/latencyMS:100/tricklingDelay:0/seq:2/fileSize:1048576/nodeType:Seed/nodeTypeIndex:0/meta:dup_blks_rcvd","measures":{"value":0}}
{"ts":1670665447121580490,"type":"point","name":"exType:trickle/permutationIndex:0/run:13/dialer:edge/eavesCount:0/latencyMS:100/tricklingDelay:0/seq:2/fileSize:1048576/nodeType:Seed/nodeTypeIndex:0/meta:msgs_rcvd","measures":{"value":24}}
{"ts":1670665447121681968,"type":"point","name":"exType:trickle/permutationIndex:0/run:13/dialer:edge/eavesCount:0/latencyMS:100/tricklingDelay:0/seq:2/fileSize:1048576/nodeType:Seed/nodeTypeIndex:0/meta:data_sent","measures":{"value":3146496}}
{"ts":1670665447121751671,"type":"point","name":"exType:trickle/permutationIndex:0/run:13/dialer:edge/eavesCount:0/latencyMS:100/tricklingDelay:0/seq:2/fileSize:1048576/nodeType:Seed/nodeTypeIndex:0/meta:data_rcvd","measures":{"value":0}}
{"ts":1670665447121777290,"type":"point","name":"exType:trickle/permutationIndex:0/run:13/dialer:edge/eavesCount:0/latencyMS:100/tricklingDelay:0/seq:2/fileSize:1048576/nodeType:Seed/nodeTypeIndex:0/meta:dup_data_rcvd","measures":{"value":0}}
{"ts":1670665447121795975,"type":"point","name":"exType:trickle/permutationIndex:0/run:13/dialer:edge/eavesCount:0/latencyMS:100/tricklingDelay:0/seq:2/fileSize:1048576/nodeType:Seed/nodeTypeIndex:0/meta:blks_sent","measures":{"value":15}}
{"ts":1670665447121816653,"type":"point","name":"exType:trickle/permutationIndex:0/run:13/dialer:edge/eavesCount:0/latencyMS:100/tricklingDelay:0/seq:2/fileSize:1048576/nodeType:Seed/nodeTypeIndex:0/meta:blks_rcvd","measures":{"value":0}}
{"ts":1670665447121845694,"type":"point","name":"exType:trickle/permutationIndex:0/run:13/dialer:edge/eavesCount:0/latencyMS:100/tricklingDelay:0/seq:2/fileSize:1048576/nodeType:Seed/nodeTypeIndex:0/meta:dup_blks_rcvd","measures":{"value":0}}
{"ts":1670665457917673816,"type":"point","name":"exType:trickle/permutationIndex:0/run:14/dialer:edge/eavesCount:0/latencyMS:100/tricklingDelay:0/seq:2/fileSize:1048576/nodeType:Seed/nodeTypeIndex:0/meta:msgs_rcvd","measures":{"value":26}}
{"ts":1670665457917766229,"type":"point","name":"exType:trickle/permutationIndex:0/run:14/dialer:edge/eavesCount:0/latencyMS:100/tricklingDelay:0/seq:2/fileSize:1048576/nodeType:Seed/nodeTypeIndex:0/meta:data_sent","measures":{"value":3146496}}
{"ts":1670665457917794215,"type":"point","name":"exType:trickle/permutationIndex:0/run:14/dialer:edge/eavesCount:0/latencyMS:100/tricklingDelay:0/seq:2/fileSize:1048576/nodeType:Seed/nodeTypeIndex:0/meta:data_rcvd","measures":{"value":0}}
{"ts":1670665457917815761,"type":"point","name":"exType:trickle/permutationIndex:0/run:14/dialer:edge/eavesCount:0/latencyMS:100/tricklingDelay:0/seq:2/fileSize:1048576/nodeType:Seed/nodeTypeIndex:0/meta:dup_data_rcvd","measures":{"value":0}}
{"ts":1670665457917836872,"type":"point","name":"exType:trickle/permutationIndex:0/run:14/dialer:edge/eavesCount:0/latencyMS:100/tricklingDelay:0/seq:2/fileSize:1048576/nodeType:Seed/nodeTypeIndex:0/meta:blks_sent","measures":{"value":15}}
{"ts":1670665457917857009,"type":"point","name":"exType:trickle/permutationIndex:0/run:14/dialer:edge/eavesCount:0/latencyMS:100/tricklingDelay:0/seq:2/fileSize:1048576/nodeType:Seed/nodeTypeIndex:0/meta:blks_rcvd","measures":{"value":0}}
{"ts":1670665457917877283,"type":"point","name":"exType:trickle/permutationIndex:0/run:14/dialer:edge/eavesCount:0/latencyMS:100/tricklingDelay:0/seq:2/fileSize:1048576/nodeType:Seed/nodeTypeIndex:0/meta:dup_blks_rcvd","measures":{"value":0}}
{"ts":1670665468524108621,"type":"point","name":"exType:trickle/permutationIndex:0/run:15/dialer:edge/eavesCount:0/latencyMS:100/tricklingDelay:0/seq:2/fileSize:1048576/nodeType:Seed/nodeTypeIndex:0/meta:msgs_rcvd","measures":{"value":26}}
{"ts":1670665468524135975,"type":"point","name":"exType:trickle/permutationIndex:0/run:15/dialer:edge/eavesCount:0/latencyMS:100/tricklingDelay:0/seq:2/fileSize:1048576/nodeType:Seed/nodeTypeIndex:0/meta:data_sent","measures":{"value":3146496}}
{"ts":1670665468524142185,"type":"point","name":"exType:trickle/permutationIndex:0/run:15/dialer:edge/eavesCount:0/latencyMS:100/tricklingDelay:0/seq:2/fileSize:1048576/nodeType:Seed/nodeTypeIndex:0/meta:data_rcvd","measures":{"value":0}}
{"ts":1670665468524146674,"type":"point","name":"exType:trickle/permutationIndex:0/run:15/dialer:edge/eavesCount:0/latencyMS:100/tricklingDelay:0/seq:2/fileSize:1048576/nodeType:Seed/nodeTypeIndex:0/meta:dup_data_rcvd","measures":{"value":0}}
{"ts":1670665468524153566,"type":"point","name":"exType:trickle/permutationIndex:0/run:15/dialer:edge/eavesCount:0/latencyMS:100/tricklingDelay:0/seq:2/fileSize:1048576/nodeType:Seed/nodeTypeIndex:0/meta:blks_sent","measures":{"value":15}}
{"ts":1670665468524167256,"type":"point","name":"exType:trickle/permutationIndex:0/run:15/dialer:edge/eavesCount:0/latencyMS:100/tricklingDelay:0/seq:2/fileSize:1048576/nodeType:Seed/nodeTypeIndex:0/meta:blks_rcvd","measures":{"value":0}}
{"ts":1670665468524171746,"type":"point","name":"exType:trickle/permutationIndex:0/run:15/dialer:edge/eavesCount:0/latencyMS:100/tricklingDelay:0/seq:2/fileSize:1048576/nodeType:Seed/nodeTypeIndex:0/meta:dup_blks_rcvd","measures":{"value":0}}
{"ts":1670665479180141795,"type":"point","name":"exType:trickle/permutationIndex:0/run:16/dialer:edge/eavesCount:0/latencyMS:100/tricklingDelay:0/seq:2/fileSize:1048576/nodeType:Seed/nodeTypeIndex:0/meta:msgs_rcvd","measures":{"value":25}}
{"ts":1670665479180228027,"type":"point","name":"exType:trickle/permutationIndex:0/run:16/dialer:edge/eavesCount:0/latencyMS:100/tricklingDelay:0/seq:2/fileSize:1048576/nodeType:Seed/nodeTypeIndex:0/meta:data_sent","measures":{"value":3146496}}
{"ts":1670665479180253655,"type":"point","name":"exType:trickle/permutationIndex:0/run:16/dialer:edge/eavesCount:0/latencyMS:100/tricklingDelay:0/seq:2/fileSize:1048576/nodeType:Seed/nodeTypeIndex:0/meta:data_rcvd","measures":{"value":0}}
{"ts":1670665479180273974,"type":"point","name":"exType:trickle/permutationIndex:0/run:16/dialer:edge/eavesCount:0/latencyMS:100/tricklingDelay:0/seq:2/fileSize:1048576/nodeType:Seed/nodeTypeIndex:0/meta:dup_data_rcvd","measures":{"value":0}}
{"ts":1670665479180293159,"type":"point","name":"exType:trickle/permutationIndex:0/run:16/dialer:edge/eavesCount:0/latencyMS:100/tricklingDelay:0/seq:2/fileSize:1048576/nodeType:Seed/nodeTypeIndex:0/meta:blks_sent","measures":{"value":15}}
{"ts":1670665479180312178,"type":"point","name":"exType:trickle/permutationIndex:0/run:16/dialer:edge/eavesCount:0/latencyMS:100/tricklingDelay:0/seq:2/fileSize:1048576/nodeType:Seed/nodeTypeIndex:0/meta:blks_rcvd","measures":{"value":0}}
{"ts":1670665479180329917,"type":"point","name":"exType:trickle/permutationIndex:0/run:16/dialer:edge/eavesCount:0/latencyMS:100/tricklingDelay:0/seq:2/fileSize:1048576/nodeType:Seed/nodeTypeIndex:0/meta:dup_blks_rcvd","measures":{"value":0}}
{"ts":1670665489936076001,"type":"point","name":"exType:trickle/permutationIndex:0/run:17/dialer:edge/eavesCount:0/latencyMS:100/tricklingDelay:0/seq:2/fileSize:1048576/nodeType:Seed/nodeTypeIndex:0/meta:msgs_rcvd","measures":{"value":24}}
{"ts":1670665489936090319,"type":"point","name":"exType:trickle/permutationIndex:0/run:17/dialer:edge/eavesCount:0/latencyMS:100/tricklingDelay:0/seq:2/fileSize:1048576/nodeType:Seed/nodeTypeIndex:0/meta:data_sent","measures":{"value":3146496}}
{"ts":1670665489936093861,"type":"point","name":"exType:trickle/permutationIndex:0/run:17/dialer:edge/eavesCount:0/latencyMS:100/tricklingDelay:0/seq:2/fileSize:1048576/nodeType:Seed/nodeTypeIndex:0/meta:data_rcvd","measures":{"value":0}}
{"ts":1670665489936096835,"type":"point","name":"exType:trickle/permutationIndex:0/run:17/dialer:edge/eavesCount:0/latencyMS:100/tricklingDelay:0/seq:2/fileSize:1048576/nodeType:Seed/nodeTypeIndex:0/meta:dup_data_rcvd","measures":{"value":0}}
{"ts":1670665489936099377,"type":"point","name":"exType:trickle/permutationIndex:0/run:17/dialer:edge/eavesCount:0/latencyMS:100/tricklingDelay:0/seq:2/fileSize:1048576/nodeType:Seed/nodeTypeIndex:0/meta:blks_sent","measures":{"value":15}}
{"ts":1670665489936102365,"type":"point","name":"exType:trickle/permutationIndex:0/run:17/dialer:edge/eavesCount:0/latencyMS:100/tricklingDelay:0/seq:2/fileSize:1048576/nodeType:Seed/nodeTypeIndex:0/meta:blks_rcvd","measures":{"value":0}}
{"ts":1670665489936104726,"type":"point","name":"exType:trickle/permutationIndex:0/run:17/dialer:edge/eavesCount:0/latencyMS:100/tricklingDelay:0/seq:2/fileSize:1048576/nodeType:Seed/nodeTypeIndex:0/meta:dup_blks_rcvd","measures":{"value":0}}
{"ts":1670665500744159125,"type":"point","name":"exType:trickle/permutationIndex:0/run:18/dialer:edge/eavesCount:0/latencyMS:100/tricklingDelay:0/seq:2/fileSize:1048576/nodeType:Seed/nodeTypeIndex:0/meta:msgs_rcvd","measures":{"value":25}}
{"ts":1670665500744311888,"type":"point","name":"exType:trickle/permutationIndex:0/run:18/dialer:edge/eavesCount:0/latencyMS:100/tricklingDelay:0/seq:2/fileSize:1048576/nodeType:Seed/nodeTypeIndex:0/meta:data_sent","measures":{"value":3146496}}
{"ts":1670665500744341252,"type":"point","name":"exType:trickle/permutationIndex:0/run:18/dialer:edge/eavesCount:0/latencyMS:100/tricklingDelay:0/seq:2/fileSize:1048576/nodeType:Seed/nodeTypeIndex:0/meta:data_rcvd","measures":{"value":0}}
{"ts":1670665500744363991,"type":"point","name":"exType:trickle/permutationIndex:0/run:18/dialer:edge/eavesCount:0/latencyMS:100/tricklingDelay:0/seq:2/fileSize:1048576/nodeType:Seed/nodeTypeIndex:0/meta:dup_data_rcvd","measures":{"value":0}}
{"ts":1670665500744383323,"type":"point","name":"exType:trickle/permutationIndex:0/run:18/dialer:edge/eavesCount:0/latencyMS:100/tricklingDelay:0/seq:2/fileSize:1048576/nodeType:Seed/nodeTypeIndex:0/meta:blks_sent","measures":{"value":15}}
{"ts":1670665500744405151,"type":"point","name":"exType:trickle/permutationIndex:0/run:18/dialer:edge/eavesCount:0/latencyMS:100/tricklingDelay:0/seq:2/fileSize:1048576/nodeType:Seed/nodeTypeIndex:0/meta:blks_rcvd","measures":{"value":0}}
{"ts":1670665500744425076,"type":"point","name":"exType:trickle/permutationIndex:0/run:18/dialer:edge/eavesCount:0/latencyMS:100/tricklingDelay:0/seq:2/fileSize:1048576/nodeType:Seed/nodeTypeIndex:0/meta:dup_blks_rcvd","measures":{"value":0}}
{"ts":1670665511667287411,"type":"point","name":"exType:trickle/permutationIndex:0/run:19/dialer:edge/eavesCount:0/latencyMS:100/tricklingDelay:0/seq:2/fileSize:1048576/nodeType:Seed/nodeTypeIndex:0/meta:msgs_rcvd","measures":{"value":26}}
{"ts":1670665511667389099,"type":"point","name":"exType:trickle/permutationIndex:0/run:19/dialer:edge/eavesCount:0/latencyMS:100/tricklingDelay:0/seq:2/fileSize:1048576/nodeType:Seed/nodeTypeIndex:0/meta:data_sent","measures":{"value":3146496}}
{"ts":1670665511667419803,"type":"point","name":"exType:trickle/permutationIndex:0/run:19/dialer:edge/eavesCount:0/latencyMS:100/tricklingDelay:0/seq:2/fileSize:1048576/nodeType:Seed/nodeTypeIndex:0/meta:data_rcvd","measures":{"value":0}}
{"ts":1670665511667444211,"type":"point","name":"exType:trickle/permutationIndex:0/run:19/dialer:edge/eavesCount:0/latencyMS:100/tricklingDelay:0/seq:2/fileSize:1048576/nodeType:Seed/nodeTypeIndex:0/meta:dup_data_rcvd","measures":{"value":0}}
{"ts":1670665511667465841,"type":"point","name":"exType:trickle/permutationIndex:0/run:19/dialer:edge/eavesCount:0/latencyMS:100/tricklingDelay:0/seq:2/fileSize:1048576/nodeType:Seed/nodeTypeIndex:0/meta:blks_sent","measures":{"value":15}}
{"ts":1670665511667489240,"type":"point","name":"exType:trickle/permutationIndex:0/run:19/dialer:edge/eavesCount:0/latencyMS:100/tricklingDelay:0/seq:2/fileSize:1048576/nodeType:Seed/nodeTypeIndex:0/meta:blks_rcvd","measures":{"value":0}}
{"ts":1670665511667509331,"type":"point","name":"exType:trickle/permutationIndex:0/run:19/dialer:edge/eavesCount:0/latencyMS:100/tricklingDelay:0/seq:2/fileSize:1048576/nodeType:Seed/nodeTypeIndex:0/meta:dup_blks_rcvd","measures":{"value":0}}
{"ts":1670665522952114487,"type":"point","name":"exType:trickle/permutationIndex:0/run:20/dialer:edge/eavesCount:0/latencyMS:100/tricklingDelay:0/seq:2/fileSize:1048576/nodeType:Seed/nodeTypeIndex:0/meta:msgs_rcvd","measures":{"value":25}}
{"ts":1670665522952188034,"type":"point","name":"exType:trickle/permutationIndex:0/run:20/dialer:edge/eavesCount:0/latencyMS:100/tricklingDelay:0/seq:2/fileSize:1048576/nodeType:Seed/nodeTypeIndex:0/meta:data_sent","measures":{"value":3146496}}
{"ts":1670665522952208655,"type":"point","name":"exType:trickle/permutationIndex:0/run:20/dialer:edge/eavesCount:0/latencyMS:100/tricklingDelay:0/seq:2/fileSize:1048576/nodeType:Seed/nodeTypeIndex:0/meta:data_rcvd","measures":{"value":0}}
{"ts":1670665522952224431,"type":"point","name":"exType:trickle/permutationIndex:0/run:20/dialer:edge/eavesCount:0/latencyMS:100/tricklingDelay:0/seq:2/fileSize:1048576/nodeType:Seed/nodeTypeIndex:0/meta:dup_data_rcvd","measures":{"value":0}}
{"ts":1670665522952265537,"type":"point","name":"exType:trickle/permutationIndex:0/run:20/dialer:edge/eavesCount:0/latencyMS:100/tricklingDelay:0/seq:2/fileSize:1048576/nodeType:Seed/nodeTypeIndex:0/meta:blks_sent","measures":{"value":15}}
{"ts":1670665522952282003,"type":"point","name":"exType:trickle/permutationIndex:0/run:20/dialer:edge/eavesCount:0/latencyMS:100/tricklingDelay:0/seq:2/fileSize:1048576/nodeType:Seed/nodeTypeIndex:0/meta:blks_rcvd","measures":{"value":0}}
{"ts":1670665522952296581,"type":"point","name":"exType:trickle/permutationIndex:0/run:20/dialer:edge/eavesCount:0/latencyMS:100/tricklingDelay:0/seq:2/fileSize:1048576/nodeType:Seed/nodeTypeIndex:0/meta:dup_blks_rcvd","measures":{"value":0}}
{"ts":1670665533789380724,"type":"point","name":"exType:trickle/permutationIndex:0/run:21/dialer:edge/eavesCount:0/latencyMS:100/tricklingDelay:0/seq:2/fileSize:1048576/nodeType:Seed/nodeTypeIndex:0/meta:msgs_rcvd","measures":{"value":26}}
{"ts":1670665533789397313,"type":"point","name":"exType:trickle/permutationIndex:0/run:21/dialer:edge/eavesCount:0/latencyMS:100/tricklingDelay:0/seq:2/fileSize:1048576/nodeType:Seed/nodeTypeIndex:0/meta:data_sent","measures":{"value":3146496}}
{"ts":1670665533789400998,"type":"point","name":"exType:trickle/permutationIndex:0/run:21/dialer:edge/eavesCount:0/latencyMS:100/tricklingDelay:0/seq:2/fileSize:1048576/nodeType:Seed/nodeTypeIndex:0/meta:data_rcvd","measures":{"value":0}}
{"ts":1670665533789404426,"type":"point","name":"exType:trickle/permutationIndex:0/run:21/dialer:edge/eavesCount:0/latencyMS:100/tricklingDelay:0/seq:2/fileSize:1048576/nodeType:Seed/nodeTypeIndex:0/meta:dup_data_rcvd","measures":{"value":0}}
{"ts":1670665533789407112,"type":"point","name":"exType:trickle/permutationIndex:0/run:21/dialer:edge/eavesCount:0/latencyMS:100/tricklingDelay:0/seq:2/fileSize:1048576/nodeType:Seed/nodeTypeIndex:0/meta:blks_sent","measures":{"value":15}}
{"ts":1670665533789409613,"type":"point","name":"exType:trickle/permutationIndex:0/run:21/dialer:edge/eavesCount:0/latencyMS:100/tricklingDelay:0/seq:2/fileSize:1048576/nodeType:Seed/nodeTypeIndex:0/meta:blks_rcvd","measures":{"value":0}}
{"ts":1670665533789411859,"type":"point","name":"exType:trickle/permutationIndex:0/run:21/dialer:edge/eavesCount:0/latencyMS:100/tricklingDelay:0/seq:2/fileSize:1048576/nodeType:Seed/nodeTypeIndex:0/meta:dup_blks_rcvd","measures":{"value":0}}
{"ts":1670665544229795742,"type":"point","name":"exType:trickle/permutationIndex:0/run:22/dialer:edge/eavesCount:0/latencyMS:100/tricklingDelay:0/seq:2/fileSize:1048576/nodeType:Seed/nodeTypeIndex:0/meta:msgs_rcvd","measures":{"value":26}}
{"ts":1670665544229812178,"type":"point","name":"exType:trickle/permutationIndex:0/run:22/dialer:edge/eavesCount:0/latencyMS:100/tricklingDelay:0/seq:2/fileSize:1048576/nodeType:Seed/nodeTypeIndex:0/meta:data_sent","measures":{"value":3146496}}
{"ts":1670665544229815586,"type":"point","name":"exType:trickle/permutationIndex:0/run:22/dialer:edge/eavesCount:0/latencyMS:100/tricklingDelay:0/seq:2/fileSize:1048576/nodeType:Seed/nodeTypeIndex:0/meta:data_rcvd","measures":{"value":0}}
{"ts":1670665544229818103,"type":"point","name":"exType:trickle/permutationIndex:0/run:22/dialer:edge/eavesCount:0/latencyMS:100/tricklingDelay:0/seq:2/fileSize:1048576/nodeType:Seed/nodeTypeIndex:0/meta:dup_data_rcvd","measures":{"value":0}}
{"ts":1670665544229820573,"type":"point","name":"exType:trickle/permutationIndex:0/run:22/dialer:edge/eavesCount:0/latencyMS:100/tricklingDelay:0/seq:2/fileSize:1048576/nodeType:Seed/nodeTypeIndex:0/meta:blks_sent","measures":{"value":15}}
{"ts":1670665544229822425,"type":"point","name":"exType:trickle/permutationIndex:0/run:22/dialer:edge/eavesCount:0/latencyMS:100/tricklingDelay:0/seq:2/fileSize:1048576/nodeType:Seed/nodeTypeIndex:0/meta:blks_rcvd","measures":{"value":0}}
{"ts":1670665544229824129,"type":"point","name":"exType:trickle/permutationIndex:0/run:22/dialer:edge/eavesCount:0/latencyMS:100/tricklingDelay:0/seq:2/fileSize:1048576/nodeType:Seed/nodeTypeIndex:0/meta:dup_blks_rcvd","measures":{"value":0}}
{"ts":1670665554879777772,"type":"point","name":"exType:trickle/permutationIndex:0/run:23/dialer:edge/eavesCount:0/latencyMS:100/tricklingDelay:0/seq:2/fileSize:1048576/nodeType:Seed/nodeTypeIndex:0/meta:msgs_rcvd","measures":{"value":27}}
{"ts":1670665554879863585,"type":"point","name":"exType:trickle/permutationIndex:0/run:23/dialer:edge/eavesCount:0/latencyMS:100/tricklingDelay:0/seq:2/fileSize:1048576/nodeType:Seed/nodeTypeIndex:0/meta:data_sent","measures":{"value":3146496}}
{"ts":1670665554879894146,"type":"point","name":"exType:trickle/permutationIndex:0/run:23/dialer:edge/eavesCount:0/latencyMS:100/tricklingDelay:0/seq:2/fileSize:1048576/nodeType:Seed/nodeTypeIndex:0/meta:data_rcvd","measures":{"value":0}}
{"ts":1670665554879915828,"type":"point","name":"exType:trickle/permutationIndex:0/run:23/dialer:edge/eavesCount:0/latencyMS:100/tricklingDelay:0/seq:2/fileSize:1048576/nodeType:Seed/nodeTypeIndex:0/meta:dup_data_rcvd","measures":{"value":0}}
{"ts":1670665554879939429,"type":"point","name":"exType:trickle/permutationIndex:0/run:23/dialer:edge/eavesCount:0/latencyMS:100/tricklingDelay:0/seq:2/fileSize:1048576/nodeType:Seed/nodeTypeIndex:0/meta:blks_sent","measures":{"value":15}}
{"ts":1670665554879961537,"type":"point","name":"exType:trickle/permutationIndex:0/run:23/dialer:edge/eavesCount:0/latencyMS:100/tricklingDelay:0/seq:2/fileSize:1048576/nodeType:Seed/nodeTypeIndex:0/meta:blks_rcvd","measures":{"value":0}}
{"ts":1670665554879984375,"type":"point","name":"exType:trickle/permutationIndex:0/run:23/dialer:edge/eavesCount:0/latencyMS:100/tricklingDelay:0/seq:2/fileSize:1048576/nodeType:Seed/nodeTypeIndex:0/meta:dup_blks_rcvd","measures":{"value":0}}
{"ts":1670665565343600584,"type":"point","name":"exType:trickle/permutationIndex:0/run:24/dialer:edge/eavesCount:0/latencyMS:100/tricklingDelay:0/seq:2/fileSize:1048576/nodeType:Seed/nodeTypeIndex:0/meta:msgs_rcvd","measures":{"value":25}}
{"ts":1670665565343619434,"type":"point","name":"exType:trickle/permutationIndex:0/run:24/dialer:edge/eavesCount:0/latencyMS:100/tricklingDelay:0/seq:2/fileSize:1048576/nodeType:Seed/nodeTypeIndex:0/meta:data_sent","measures":{"value":3146496}}
{"ts":1670665565343622730,"type":"point","name":"exType:trickle/permutationIndex:0/run:24/dialer:edge/eavesCount:0/latencyMS:100/tricklingDelay:0/seq:2/fileSize:1048576/nodeType:Seed/nodeTypeIndex:0/meta:data_rcvd","measures":{"value":0}}
{"ts":1670665565343625248,"type":"point","name":"exType:trickle/permutationIndex:0/run:24/dialer:edge/eavesCount:0/latencyMS:100/tricklingDelay:0/seq:2/fileSize:1048576/nodeType:Seed/nodeTypeIndex:0/meta:dup_data_rcvd","measures":{"value":0}}
{"ts":1670665565343627564,"type":"point","name":"exType:trickle/permutationIndex:0/run:24/dialer:edge/eavesCount:0/latencyMS:100/tricklingDelay:0/seq:2/fileSize:1048576/nodeType:Seed/nodeTypeIndex:0/meta:blks_sent","measures":{"value":15}}
{"ts":1670665565343629878,"type":"point","name":"exType:trickle/permutationIndex:0/run:24/dialer:edge/eavesCount:0/latencyMS:100/tricklingDelay:0/seq:2/fileSize:1048576/nodeType:Seed/nodeTypeIndex:0/meta:blks_rcvd","measures":{"value":0}}
{"ts":1670665565343632380,"type":"point","name":"exType:trickle/permutationIndex:0/run:24/dialer:edge/eavesCount:0/latencyMS:100/tricklingDelay:0/seq:2/fileSize:1048576/nodeType:Seed/nodeTypeIndex:0/meta:dup_blks_rcvd","measures":{"value":0}}
{"ts":1670665576123213466,"type":"point","name":"exType:trickle/permutationIndex:0/run:25/dialer:edge/eavesCount:0/latencyMS:100/tricklingDelay:0/seq:2/fileSize:1048576/nodeType:Seed/nodeTypeIndex:0/meta:msgs_rcvd","measures":{"value":25}}
{"ts":1670665576123318401,"type":"point","name":"exType:trickle/permutationIndex:0/run:25/dialer:edge/eavesCount:0/latencyMS:100/tricklingDelay:0/seq:2/fileSize:1048576/nodeType:Seed/nodeTypeIndex:0/meta:data_sent","measures":{"value":3146496}}
{"ts":1670665576123343905,"type":"point","name":"exType:trickle/permutationIndex:0/run:25/dialer:edge/eavesCount:0/latencyMS:100/tricklingDelay:0/seq:2/fileSize:1048576/nodeType:Seed/nodeTypeIndex:0/meta:data_rcvd","measures":{"value":0}}
{"ts":1670665576123391490,"type":"point","name":"exType:trickle/permutationIndex:0/run:25/dialer:edge/eavesCount:0/latencyMS:100/tricklingDelay:0/seq:2/fileSize:1048576/nodeType:Seed/nodeTypeIndex:0/meta:dup_data_rcvd","measures":{"value":0}}
{"ts":1670665576123412172,"type":"point","name":"exType:trickle/permutationIndex:0/run:25/dialer:edge/eavesCount:0/latencyMS:100/tricklingDelay:0/seq:2/fileSize:1048576/nodeType:Seed/nodeTypeIndex:0/meta:blks_sent","measures":{"value":15}}
{"ts":1670665576123435870,"type":"point","name":"exType:trickle/permutationIndex:0/run:25/dialer:edge/eavesCount:0/latencyMS:100/tricklingDelay:0/seq:2/fileSize:1048576/nodeType:Seed/nodeTypeIndex:0/meta:blks_rcvd","measures":{"value":0}}
{"ts":1670665576123456075,"type":"point","name":"exType:trickle/permutationIndex:0/run:25/dialer:edge/eavesCount:0/latencyMS:100/tricklingDelay:0/seq:2/fileSize:1048576/nodeType:Seed/nodeTypeIndex:0/meta:dup_blks_rcvd","measures":{"value":0}}
{"ts":1670665592331070533,"type":"point","name":"exType:trickle/permutationIndex:1/run:1/dialer:edge/eavesCount:0/latencyMS:100/tricklingDelay:50/seq:2/fileSize:1048576/nodeType:Seed/nodeTypeIndex:0/meta:msgs_rcvd","measures":{"value":26}}
{"ts":1670665592331173986,"type":"point","name":"exType:trickle/permutationIndex:1/run:1/dialer:edge/eavesCount:0/latencyMS:100/tricklingDelay:50/seq:2/fileSize:1048576/nodeType:Seed/nodeTypeIndex:0/meta:data_sent","measures":{"value":3146496}}
{"ts":1670665592331202439,"type":"point","name":"exType:trickle/permutationIndex:1/run:1/dialer:edge/eavesCount:0/latencyMS:100/tricklingDelay:50/seq:2/fileSize:1048576/nodeType:Seed/nodeTypeIndex:0/meta:data_rcvd","measures":{"value":0}}
{"ts":1670665592331224171,"type":"point","name":"exType:trickle/permutationIndex:1/run:1/dialer:edge/eavesCount:0/latencyMS:100/tricklingDelay:50/seq:2/fileSize:1048576/nodeType:Seed/nodeTypeIndex:0/meta:dup_data_rcvd","measures":{"value":0}}
{"ts":1670665592331244647,"type":"point","name":"exType:trickle/permutationIndex:1/run:1/dialer:edge/eavesCount:0/latencyMS:100/tricklingDelay:50/seq:2/fileSize:1048576/nodeType:Seed/nodeTypeIndex:0/meta:blks_sent","measures":{"value":15}}
{"ts":1670665592331266093,"type":"point","name":"exType:trickle/permutationIndex:1/run:1/dialer:edge/eavesCount:0/latencyMS:100/tricklingDelay:50/seq:2/fileSize:1048576/nodeType:Seed/nodeTypeIndex:0/meta:blks_rcvd","measures":{"value":0}}
{"ts":1670665592331285689,"type":"point","name":"exType:trickle/permutationIndex:1/run:1/dialer:edge/eavesCount:0/latencyMS:100/tricklingDelay:50/seq:2/fileSize:1048576/nodeType:Seed/nodeTypeIndex:0/meta:dup_blks_rcvd","measures":{"value":0}}
{"ts":1670665606201473651,"type":"point","name":"exType:trickle/permutationIndex:1/run:2/dialer:edge/eavesCount:0/latencyMS:100/tricklingDelay:50/seq:2/fileSize:1048576/nodeType:Seed/nodeTypeIndex:0/meta:msgs_rcvd","measures":{"value":25}}
{"ts":1670665606201571430,"type":"point","name":"exType:trickle/permutationIndex:1/run:2/dialer:edge/eavesCount:0/latencyMS:100/tricklingDelay:50/seq:2/fileSize:1048576/nodeType:Seed/nodeTypeIndex:0/meta:data_sent","measures":{"value":3146496}}
{"ts":1670665606201599315,"type":"point","name":"exType:trickle/permutationIndex:1/run:2/dialer:edge/eavesCount:0/latencyMS:100/tricklingDelay:50/seq:2/fileSize:1048576/nodeType:Seed/nodeTypeIndex:0/meta:data_rcvd","measures":{"value":0}}
{"ts":1670665606201618471,"type":"point","name":"exType:trickle/permutationIndex:1/run:2/dialer:edge/eavesCount:0/latencyMS:100/tricklingDelay:50/seq:2/fileSize:1048576/nodeType:Seed/nodeTypeIndex:0/meta:dup_data_rcvd","measures":{"value":0}}
{"ts":1670665606201636461,"type":"point","name":"exType:trickle/permutationIndex:1/run:2/dialer:edge/eavesCount:0/latencyMS:100/tricklingDelay:50/seq:2/fileSize:1048576/nodeType:Seed/nodeTypeIndex:0/meta:blks_sent","measures":{"value":15}}
{"ts":1670665606201764878,"type":"point","name":"exType:trickle/permutationIndex:1/run:2/dialer:edge/eavesCount:0/latencyMS:100/tricklingDelay:50/seq:2/fileSize:1048576/nodeType:Seed/nodeTypeIndex:0/meta:blks_rcvd","measures":{"value":0}}
{"ts":1670665606201835745,"type":"point","name":"exType:trickle/permutationIndex:1/run:2/dialer:edge/eavesCount:0/latencyMS:100/tricklingDelay:50/seq:2/fileSize:1048576/nodeType:Seed/nodeTypeIndex:0/meta:dup_blks_rcvd","measures":{"value":0}}
{"ts":1670665620090289457,"type":"point","name":"exType:trickle/permutationIndex:1/run:3/dialer:edge/eavesCount:0/latencyMS:100/tricklingDelay:50/seq:2/fileSize:1048576/nodeType:Seed/nodeTypeIndex:0/meta:msgs_rcvd","measures":{"value":26}}
{"ts":1670665620090307845,"type":"point","name":"exType:trickle/permutationIndex:1/run:3/dialer:edge/eavesCount:0/latencyMS:100/tricklingDelay:50/seq:2/fileSize:1048576/nodeType:Seed/nodeTypeIndex:0/meta:data_sent","measures":{"value":3146496}}
{"ts":1670665620090311754,"type":"point","name":"exType:trickle/permutationIndex:1/run:3/dialer:edge/eavesCount:0/latencyMS:100/tricklingDelay:50/seq:2/fileSize:1048576/nodeType:Seed/nodeTypeIndex:0/meta:data_rcvd","measures":{"value":0}}
{"ts":1670665620090314357,"type":"point","name":"exType:trickle/permutationIndex:1/run:3/dialer:edge/eavesCount:0/latencyMS:100/tricklingDelay:50/seq:2/fileSize:1048576/nodeType:Seed/nodeTypeIndex:0/meta:dup_data_rcvd","measures":{"value":0}}
{"ts":1670665620090316871,"type":"point","name":"exType:trickle/permutationIndex:1/run:3/dialer:edge/eavesCount:0/latencyMS:100/tricklingDelay:50/seq:2/fileSize:1048576/nodeType:Seed/nodeTypeIndex:0/meta:blks_sent","measures":{"value":15}}
{"ts":1670665620090319268,"type":"point","name":"exType:trickle/permutationIndex:1/run:3/dialer:edge/eavesCount:0/latencyMS:100/tricklingDelay:50/seq:2/fileSize:1048576/nodeType:Seed/nodeTypeIndex:0/meta:blks_rcvd","measures":{"value":0}}
{"ts":1670665620090321489,"type":"point","name":"exType:trickle/permutationIndex:1/run:3/dialer:edge/eavesCount:0/latencyMS:100/tricklingDelay:50/seq:2/fileSize:1048576/nodeType:Seed/nodeTypeIndex:0/meta:dup_blks_rcvd","measures":{"value":0}}
{"ts":1670665633536710275,"type":"point","name":"exType:trickle/permutationIndex:1/run:4/dialer:edge/eavesCount:0/latencyMS:100/tricklingDelay:50/seq:2/fileSize:1048576/nodeType:Seed/nodeTypeIndex:0/meta:msgs_rcvd","measures":{"value":25}}
{"ts":1670665633536740075,"type":"point","name":"exType:trickle/permutationIndex:1/run:4/dialer:edge/eavesCount:0/latencyMS:100/tricklingDelay:50/seq:2/fileSize:1048576/nodeType:Seed/nodeTypeIndex:0/meta:data_sent","measures":{"value":3146496}}
{"ts":1670665633536747303,"type":"point","name":"exType:trickle/permutationIndex:1/run:4/dialer:edge/eavesCount:0/latencyMS:100/tricklingDelay:50/seq:2/fileSize:1048576/nodeType:Seed/nodeTypeIndex:0/meta:data_rcvd","measures":{"value":0}}
{"ts":1670665633536751749,"type":"point","name":"exType:trickle/permutationIndex:1/run:4/dialer:edge/eavesCount:0/latencyMS:100/tricklingDelay:50/seq:2/fileSize:1048576/nodeType:Seed/nodeTypeIndex:0/meta:dup_data_rcvd","measures":{"value":0}}
{"ts":1670665633536755498,"type":"point","name":"exType:trickle/permutationIndex:1/run:4/dialer:edge/eavesCount:0/latencyMS:100/tricklingDelay:50/seq:2/fileSize:1048576/nodeType:Seed/nodeTypeIndex:0/meta:blks_sent","measures":{"value":15}}
{"ts":1670665633536759420,"type":"point","name":"exType:trickle/permutationIndex:1/run:4/dialer:edge/eavesCount:0/latencyMS:100/tricklingDelay:50/seq:2/fileSize:1048576/nodeType:Seed/nodeTypeIndex:0/meta:blks_rcvd","measures":{"value":0}}
{"ts":1670665633536763057,"type":"point","name":"exType:trickle/permutationIndex:1/run:4/dialer:edge/eavesCount:0/latencyMS:100/tricklingDelay:50/seq:2/fileSize:1048576/nodeType:Seed/nodeTypeIndex:0/meta:dup_blks_rcvd","measures":{"value":0}}
{"ts":1670665647199054181,"type":"point","name":"exType:trickle/permutationIndex:1/run:5/dialer:edge/eavesCount:0/latencyMS:100/tricklingDelay:50/seq:2/fileSize:1048576/nodeType:Seed/nodeTypeIndex:0/meta:msgs_rcvd","measures":{"value":25}}
{"ts":1670665647199195618,"type":"point","name":"exType:trickle/permutationIndex:1/run:5/dialer:edge/eavesCount:0/latencyMS:100/tricklingDelay:50/seq:2/fileSize:1048576/nodeType:Seed/nodeTypeIndex:0/meta:data_sent","measures":{"value":3146496}}
{"ts":1670665647199226568,"type":"point","name":"exType:trickle/permutationIndex:1/run:5/dialer:edge/eavesCount:0/latencyMS:100/tricklingDelay:50/seq:2/fileSize:1048576/nodeType:Seed/nodeTypeIndex:0/meta:data_rcvd","measures":{"value":0}}
{"ts":1670665647199249665,"type":"point","name":"exType:trickle/permutationIndex:1/run:5/dialer:edge/eavesCount:0/latencyMS:100/tricklingDelay:50/seq:2/fileSize:1048576/nodeType:Seed/nodeTypeIndex:0/meta:dup_data_rcvd","measures":{"value":0}}
{"ts":1670665647199269856,"type":"point","name":"exType:trickle/permutationIndex:1/run:5/dialer:edge/eavesCount:0/latencyMS:100/tricklingDelay:50/seq:2/fileSize:1048576/nodeType:Seed/nodeTypeIndex:0/meta:blks_sent","measures":{"value":15}}
{"ts":1670665647199290551,"type":"point","name":"exType:trickle/permutationIndex:1/run:5/dialer:edge/eavesCount:0/latencyMS:100/tricklingDelay:50/seq:2/fileSize:1048576/nodeType:Seed/nodeTypeIndex:0/meta:blks_rcvd","measures":{"value":0}}
{"ts":1670665647199314431,"type":"point","name":"exType:trickle/permutationIndex:1/run:5/dialer:edge/eavesCount:0/latencyMS:100/tricklingDelay:50/seq:2/fileSize:1048576/nodeType:Seed/nodeTypeIndex:0/meta:dup_blks_rcvd","measures":{"value":0}}
{"ts":1670665660705473856,"type":"point","name":"exType:trickle/permutationIndex:1/run:6/dialer:edge/eavesCount:0/latencyMS:100/tricklingDelay:50/seq:2/fileSize:1048576/nodeType:Seed/nodeTypeIndex:0/meta:msgs_rcvd","measures":{"value":25}}
{"ts":1670665660705571833,"type":"point","name":"exType:trickle/permutationIndex:1/run:6/dialer:edge/eavesCount:0/latencyMS:100/tricklingDelay:50/seq:2/fileSize:1048576/nodeType:Seed/nodeTypeIndex:0/meta:data_sent","measures":{"value":3146496}}
{"ts":1670665660705600551,"type":"point","name":"exType:trickle/permutationIndex:1/run:6/dialer:edge/eavesCount:0/latencyMS:100/tricklingDelay:50/seq:2/fileSize:1048576/nodeType:Seed/nodeTypeIndex:0/meta:data_rcvd","measures":{"value":0}}
{"ts":1670665660705624658,"type":"point","name":"exType:trickle/permutationIndex:1/run:6/dialer:edge/eavesCount:0/latencyMS:100/tricklingDelay:50/seq:2/fileSize:1048576/nodeType:Seed/nodeTypeIndex:0/meta:dup_data_rcvd","measures":{"value":0}}
{"ts":1670665660705645433,"type":"point","name":"exType:trickle/permutationIndex:1/run:6/dialer:edge/eavesCount:0/latencyMS:100/tricklingDelay:50/seq:2/fileSize:1048576/nodeType:Seed/nodeTypeIndex:0/meta:blks_sent","measures":{"value":15}}
{"ts":1670665660705667680,"type":"point","name":"exType:trickle/permutationIndex:1/run:6/dialer:edge/eavesCount:0/latencyMS:100/tricklingDelay:50/seq:2/fileSize:1048576/nodeType:Seed/nodeTypeIndex:0/meta:blks_rcvd","measures":{"value":0}}
{"ts":1670665660705691078,"type":"point","name":"exType:trickle/permutationIndex:1/run:6/dialer:edge/eavesCount:0/latencyMS:100/tricklingDelay:50/seq:2/fileSize:1048576/nodeType:Seed/nodeTypeIndex:0/meta:dup_blks_rcvd","measures":{"value":0}}
