{"ts":1669475057194007877,"type":"point","name":"exType:baseline/permutationIndex:0/run:1/dialer:center/eavesCount:0/latencyMS:150/seq:1/fileSize:1048576/nodeType:Leech/nodeTypeIndex:0/meta:time_to_fetch","measures":{"value":2948306259}}
{"ts":1669475057194035557,"type":"point","name":"exType:baseline/permutationIndex:0/run:1/dialer:center/eavesCount:0/latencyMS:150/seq:1/fileSize:1048576/nodeType:Leech/nodeTypeIndex:0/meta:leech_fails","measures":{"value":0}}
{"ts":1669475057194039394,"type":"point","name":"exType:baseline/permutationIndex:0/run:1/dialer:center/eavesCount:0/latencyMS:150/seq:1/fileSize:1048576/nodeType:Leech/nodeTypeIndex:0/meta:tcp_fetch","measures":{"value":0}}
{"ts":1669475057194238812,"type":"point","name":"exType:baseline/permutationIndex:0/run:1/dialer:center/eavesCount:0/latencyMS:150/seq:1/fileSize:1048576/nodeType:Leech/nodeTypeIndex:0/meta:msgs_rcvd","measures":{"value":51}}
{"ts":1669475057194245713,"type":"point","name":"exType:baseline/permutationIndex:0/run:1/dialer:center/eavesCount:0/latencyMS:150/seq:1/fileSize:1048576/nodeType:Leech/nodeTypeIndex:0/meta:data_sent","measures":{"value":0}}
{"ts":1669475057194248440,"type":"point","name":"exType:baseline/permutationIndex:0/run:1/dialer:center/eavesCount:0/latencyMS:150/seq:1/fileSize:1048576/nodeType:Leech/nodeTypeIndex:0/meta:data_rcvd","measures":{"value":1048832}}
{"ts":1669475057194250842,"type":"point","name":"exType:baseline/permutationIndex:0/run:1/dialer:center/eavesCount:0/latencyMS:150/seq:1/fileSize:1048576/nodeType:Leech/nodeTypeIndex:0/meta:dup_data_rcvd","measures":{"value":0}}
{"ts":1669475057194253079,"type":"point","name":"exType:baseline/permutationIndex:0/run:1/dialer:center/eavesCount:0/latencyMS:150/seq:1/fileSize:1048576/nodeType:Leech/nodeTypeIndex:0/meta:blks_sent","measures":{"value":0}}
{"ts":1669475057194255294,"type":"point","name":"exType:baseline/permutationIndex:0/run:1/dialer:center/eavesCount:0/latencyMS:150/seq:1/fileSize:1048576/nodeType:Leech/nodeTypeIndex:0/meta:blks_rcvd","measures":{"value":5}}
{"ts":1669475057194257921,"type":"point","name":"exType:baseline/permutationIndex:0/run:1/dialer:center/eavesCount:0/latencyMS:150/seq:1/fileSize:1048576/nodeType:Leech/nodeTypeIndex:0/meta:dup_blks_rcvd","measures":{"value":0}}
{"ts":1669475061772653946,"type":"point","name":"exType:baseline/permutationIndex:0/run:2/dialer:center/eavesCount:0/latencyMS:150/seq:1/fileSize:1048576/nodeType:Leech/nodeTypeIndex:0/meta:time_to_fetch","measures":{"value":3102341053}}
{"ts":1669475061772680603,"type":"point","name":"exType:baseline/permutationIndex:0/run:2/dialer:center/eavesCount:0/latencyMS:150/seq:1/fileSize:1048576/nodeType:Leech/nodeTypeIndex:0/meta:leech_fails","measures":{"value":0}}
{"ts":1669475061772684147,"type":"point","name":"exType:baseline/permutationIndex:0/run:2/dialer:center/eavesCount:0/latencyMS:150/seq:1/fileSize:1048576/nodeType:Leech/nodeTypeIndex:0/meta:tcp_fetch","measures":{"value":0}}
{"ts":1669475061772879457,"type":"point","name":"exType:baseline/permutationIndex:0/run:2/dialer:center/eavesCount:0/latencyMS:150/seq:1/fileSize:1048576/nodeType:Leech/nodeTypeIndex:0/meta:msgs_rcvd","measures":{"value":11}}
{"ts":1669475061772885775,"type":"point","name":"exType:baseline/permutationIndex:0/run:2/dialer:center/eavesCount:0/latencyMS:150/seq:1/fileSize:1048576/nodeType:Leech/nodeTypeIndex:0/meta:data_sent","measures":{"value":0}}
{"ts":1669475061772888948,"type":"point","name":"exType:baseline/permutationIndex:0/run:2/dialer:center/eavesCount:0/latencyMS:150/seq:1/fileSize:1048576/nodeType:Leech/nodeTypeIndex:0/meta:data_rcvd","measures":{"value":1048832}}
{"ts":1669475061772891811,"type":"point","name":"exType:baseline/permutationIndex:0/run:2/dialer:center/eavesCount:0/latencyMS:150/seq:1/fileSize:1048576/nodeType:Leech/nodeTypeIndex:0/meta:dup_data_rcvd","measures":{"value":0}}
{"ts":1669475061772894284,"type":"point","name":"exType:baseline/permutationIndex:0/run:2/dialer:center/eavesCount:0/latencyMS:150/seq:1/fileSize:1048576/nodeType:Leech/nodeTypeIndex:0/meta:blks_sent","measures":{"value":0}}
{"ts":1669475061772904927,"type":"point","name":"exType:baseline/permutationIndex:0/run:2/dialer:center/eavesCount:0/latencyMS:150/seq:1/fileSize:1048576/nodeType:Leech/nodeTypeIndex:0/meta:blks_rcvd","measures":{"value":5}}
{"ts":1669475061772907541,"type":"point","name":"exType:baseline/permutationIndex:0/run:2/dialer:center/eavesCount:0/latencyMS:150/seq:1/fileSize:1048576/nodeType:Leech/nodeTypeIndex:0/meta:dup_blks_rcvd","measures":{"value":0}}
{"ts":1669475066278973048,"type":"point","name":"exType:baseline/permutationIndex:0/run:3/dialer:center/eavesCount:0/latencyMS:150/seq:1/fileSize:1048576/nodeType:Leech/nodeTypeIndex:0/meta:time_to_fetch","measures":{"value":3095770651}}
{"ts":1669475066278990635,"type":"point","name":"exType:baseline/permutationIndex:0/run:3/dialer:center/eavesCount:0/latencyMS:150/seq:1/fileSize:1048576/nodeType:Leech/nodeTypeIndex:0/meta:leech_fails","measures":{"value":0}}
{"ts":1669475066278994921,"type":"point","name":"exType:baseline/permutationIndex:0/run:3/dialer:center/eavesCount:0/latencyMS:150/seq:1/fileSize:1048576/nodeType:Leech/nodeTypeIndex:0/meta:tcp_fetch","measures":{"value":0}}
{"ts":1669475066279905388,"type":"point","name":"exType:baseline/permutationIndex:0/run:3/dialer:center/eavesCount:0/latencyMS:150/seq:1/fileSize:1048576/nodeType:Leech/nodeTypeIndex:0/meta:msgs_rcvd","measures":{"value":34}}
{"ts":1669475066279921945,"type":"point","name":"exType:baseline/permutationIndex:0/run:3/dialer:center/eavesCount:0/latencyMS:150/seq:1/fileSize:1048576/nodeType:Leech/nodeTypeIndex:0/meta:data_sent","measures":{"value":0}}
{"ts":1669475066279926422,"type":"point","name":"exType:baseline/permutationIndex:0/run:3/dialer:center/eavesCount:0/latencyMS:150/seq:1/fileSize:1048576/nodeType:Leech/nodeTypeIndex:0/meta:data_rcvd","measures":{"value":1048832}}
{"ts":1669475066279929966,"type":"point","name":"exType:baseline/permutationIndex:0/run:3/dialer:center/eavesCount:0/latencyMS:150/seq:1/fileSize:1048576/nodeType:Leech/nodeTypeIndex:0/meta:dup_data_rcvd","measures":{"value":0}}
{"ts":1669475066279932848,"type":"point","name":"exType:baseline/permutationIndex:0/run:3/dialer:center/eavesCount:0/latencyMS:150/seq:1/fileSize:1048576/nodeType:Leech/nodeTypeIndex:0/meta:blks_sent","measures":{"value":0}}
{"ts":1669475066279935304,"type":"point","name":"exType:baseline/permutationIndex:0/run:3/dialer:center/eavesCount:0/latencyMS:150/seq:1/fileSize:1048576/nodeType:Leech/nodeTypeIndex:0/meta:blks_rcvd","measures":{"value":5}}
{"ts":1669475066279937598,"type":"point","name":"exType:baseline/permutationIndex:0/run:3/dialer:center/eavesCount:0/latencyMS:150/seq:1/fileSize:1048576/nodeType:Leech/nodeTypeIndex:0/meta:dup_blks_rcvd","measures":{"value":0}}
{"ts":1669475070764912773,"type":"point","name":"exType:baseline/permutationIndex:0/run:4/dialer:center/eavesCount:0/latencyMS:150/seq:1/fileSize:1048576/nodeType:Leech/nodeTypeIndex:0/meta:time_to_fetch","measures":{"value":3100391989}}
{"ts":1669475070764974520,"type":"point","name":"exType:baseline/permutationIndex:0/run:4/dialer:center/eavesCount:0/latencyMS:150/seq:1/fileSize:1048576/nodeType:Leech/nodeTypeIndex:0/meta:leech_fails","measures":{"value":0}}
{"ts":1669475070764991287,"type":"point","name":"exType:baseline/permutationIndex:0/run:4/dialer:center/eavesCount:0/latencyMS:150/seq:1/fileSize:1048576/nodeType:Leech/nodeTypeIndex:0/meta:tcp_fetch","measures":{"value":0}}
{"ts":1669475070765488663,"type":"point","name":"exType:baseline/permutationIndex:0/run:4/dialer:center/eavesCount:0/latencyMS:150/seq:1/fileSize:1048576/nodeType:Leech/nodeTypeIndex:0/meta:msgs_rcvd","measures":{"value":14}}
{"ts":1669475070765511214,"type":"point","name":"exType:baseline/permutationIndex:0/run:4/dialer:center/eavesCount:0/latencyMS:150/seq:1/fileSize:1048576/nodeType:Leech/nodeTypeIndex:0/meta:data_sent","measures":{"value":0}}
{"ts":1669475070765518355,"type":"point","name":"exType:baseline/permutationIndex:0/run:4/dialer:center/eavesCount:0/latencyMS:150/seq:1/fileSize:1048576/nodeType:Leech/nodeTypeIndex:0/meta:data_rcvd","measures":{"value":1048832}}
{"ts":1669475070765539571,"type":"point","name":"exType:baseline/permutationIndex:0/run:4/dialer:center/eavesCount:0/latencyMS:150/seq:1/fileSize:1048576/nodeType:Leech/nodeTypeIndex:0/meta:dup_data_rcvd","measures":{"value":0}}
{"ts":1669475070765546007,"type":"point","name":"exType:baseline/permutationIndex:0/run:4/dialer:center/eavesCount:0/latencyMS:150/seq:1/fileSize:1048576/nodeType:Leech/nodeTypeIndex:0/meta:blks_sent","measures":{"value":0}}
{"ts":1669475070765551605,"type":"point","name":"exType:baseline/permutationIndex:0/run:4/dialer:center/eavesCount:0/latencyMS:150/seq:1/fileSize:1048576/nodeType:Leech/nodeTypeIndex:0/meta:blks_rcvd","measures":{"value":5}}
{"ts":1669475070765557329,"type":"point","name":"exType:baseline/permutationIndex:0/run:4/dialer:center/eavesCount:0/latencyMS:150/seq:1/fileSize:1048576/nodeType:Leech/nodeTypeIndex:0/meta:dup_blks_rcvd","measures":{"value":0}}
{"ts":1669475075105541776,"type":"point","name":"exType:baseline/permutationIndex:0/run:5/dialer:center/eavesCount:0/latencyMS:150/seq:1/fileSize:1048576/nodeType:Leech/nodeTypeIndex:0/meta:time_to_fetch","measures":{"value":2966034927}}
{"ts":1669475075105568848,"type":"point","name":"exType:baseline/permutationIndex:0/run:5/dialer:center/eavesCount:0/latencyMS:150/seq:1/fileSize:1048576/nodeType:Leech/nodeTypeIndex:0/meta:leech_fails","measures":{"value":0}}
{"ts":1669475075105575310,"type":"point","name":"exType:baseline/permutationIndex:0/run:5/dialer:center/eavesCount:0/latencyMS:150/seq:1/fileSize:1048576/nodeType:Leech/nodeTypeIndex:0/meta:tcp_fetch","measures":{"value":0}}
{"ts":1669475075114408793,"type":"point","name":"exType:baseline/permutationIndex:0/run:5/dialer:center/eavesCount:0/latencyMS:150/seq:1/fileSize:1048576/nodeType:Leech/nodeTypeIndex:0/meta:msgs_rcvd","measures":{"value":116}}
{"ts":1669475075114446989,"type":"point","name":"exType:baseline/permutationIndex:0/run:5/dialer:center/eavesCount:0/latencyMS:150/seq:1/fileSize:1048576/nodeType:Leech/nodeTypeIndex:0/meta:data_sent","measures":{"value":0}}
{"ts":1669475075114460868,"type":"point","name":"exType:baseline/permutationIndex:0/run:5/dialer:center/eavesCount:0/latencyMS:150/seq:1/fileSize:1048576/nodeType:Leech/nodeTypeIndex:0/meta:data_rcvd","measures":{"value":1048832}}
{"ts":1669475075114471498,"type":"point","name":"exType:baseline/permutationIndex:0/run:5/dialer:center/eavesCount:0/latencyMS:150/seq:1/fileSize:1048576/nodeType:Leech/nodeTypeIndex:0/meta:dup_data_rcvd","measures":{"value":0}}
{"ts":1669475075114481526,"type":"point","name":"exType:baseline/permutationIndex:0/run:5/dialer:center/eavesCount:0/latencyMS:150/seq:1/fileSize:1048576/nodeType:Leech/nodeTypeIndex:0/meta:blks_sent","measures":{"value":0}}
{"ts":1669475075114491063,"type":"point","name":"exType:baseline/permutationIndex:0/run:5/dialer:center/eavesCount:0/latencyMS:150/seq:1/fileSize:1048576/nodeType:Leech/nodeTypeIndex:0/meta:blks_rcvd","measures":{"value":5}}
{"ts":1669475075114500765,"type":"point","name":"exType:baseline/permutationIndex:0/run:5/dialer:center/eavesCount:0/latencyMS:150/seq:1/fileSize:1048576/nodeType:Leech/nodeTypeIndex:0/meta:dup_blks_rcvd","measures":{"value":0}}
{"ts":1669475080434250071,"type":"point","name":"exType:baseline/permutationIndex:0/run:6/dialer:center/eavesCount:0/latencyMS:150/seq:1/fileSize:1048576/nodeType:Leech/nodeTypeIndex:0/meta:time_to_fetch","measures":{"value":3944864483}}
{"ts":1669475080434276572,"type":"point","name":"exType:baseline/permutationIndex:0/run:6/dialer:center/eavesCount:0/latencyMS:150/seq:1/fileSize:1048576/nodeType:Leech/nodeTypeIndex:0/meta:leech_fails","measures":{"value":0}}
{"ts":1669475080434284058,"type":"point","name":"exType:baseline/permutationIndex:0/run:6/dialer:center/eavesCount:0/latencyMS:150/seq:1/fileSize:1048576/nodeType:Leech/nodeTypeIndex:0/meta:tcp_fetch","measures":{"value":0}}
{"ts":1669475080434701949,"type":"point","name":"exType:baseline/permutationIndex:0/run:6/dialer:center/eavesCount:0/latencyMS:150/seq:1/fileSize:1048576/nodeType:Leech/nodeTypeIndex:0/meta:msgs_rcvd","measures":{"value":16}}
{"ts":1669475080434723115,"type":"point","name":"exType:baseline/permutationIndex:0/run:6/dialer:center/eavesCount:0/latencyMS:150/seq:1/fileSize:1048576/nodeType:Leech/nodeTypeIndex:0/meta:data_sent","measures":{"value":0}}
{"ts":1669475080434729116,"type":"point","name":"exType:baseline/permutationIndex:0/run:6/dialer:center/eavesCount:0/latencyMS:150/seq:1/fileSize:1048576/nodeType:Leech/nodeTypeIndex:0/meta:data_rcvd","measures":{"value":1048832}}
{"ts":1669475080434735039,"type":"point","name":"exType:baseline/permutationIndex:0/run:6/dialer:center/eavesCount:0/latencyMS:150/seq:1/fileSize:1048576/nodeType:Leech/nodeTypeIndex:0/meta:dup_data_rcvd","measures":{"value":0}}
{"ts":1669475080434740847,"type":"point","name":"exType:baseline/permutationIndex:0/run:6/dialer:center/eavesCount:0/latencyMS:150/seq:1/fileSize:1048576/nodeType:Leech/nodeTypeIndex:0/meta:blks_sent","measures":{"value":0}}
{"ts":1669475080434746756,"type":"point","name":"exType:baseline/permutationIndex:0/run:6/dialer:center/eavesCount:0/latencyMS:150/seq:1/fileSize:1048576/nodeType:Leech/nodeTypeIndex:0/meta:blks_rcvd","measures":{"value":5}}
{"ts":1669475080434752566,"type":"point","name":"exType:baseline/permutationIndex:0/run:6/dialer:center/eavesCount:0/latencyMS:150/seq:1/fileSize:1048576/nodeType:Leech/nodeTypeIndex:0/meta:dup_blks_rcvd","measures":{"value":0}}
{"ts":1669475085661590168,"type":"point","name":"exType:baseline/permutationIndex:0/run:7/dialer:center/eavesCount:0/latencyMS:150/seq:1/fileSize:1048576/nodeType:Leech/nodeTypeIndex:0/meta:time_to_fetch","measures":{"value":3841514659}}
{"ts":1669475085661611757,"type":"point","name":"exType:baseline/permutationIndex:0/run:7/dialer:center/eavesCount:0/latencyMS:150/seq:1/fileSize:1048576/nodeType:Leech/nodeTypeIndex:0/meta:leech_fails","measures":{"value":0}}
{"ts":1669475085661615975,"type":"point","name":"exType:baseline/permutationIndex:0/run:7/dialer:center/eavesCount:0/latencyMS:150/seq:1/fileSize:1048576/nodeType:Leech/nodeTypeIndex:0/meta:tcp_fetch","measures":{"value":0}}
{"ts":1669475085661801417,"type":"point","name":"exType:baseline/permutationIndex:0/run:7/dialer:center/eavesCount:0/latencyMS:150/seq:1/fileSize:1048576/nodeType:Leech/nodeTypeIndex:0/meta:msgs_rcvd","measures":{"value":50}}
{"ts":1669475085661807018,"type":"point","name":"exType:baseline/permutationIndex:0/run:7/dialer:center/eavesCount:0/latencyMS:150/seq:1/fileSize:1048576/nodeType:Leech/nodeTypeIndex:0/meta:data_sent","measures":{"value":0}}
{"ts":1669475085661810761,"type":"point","name":"exType:baseline/permutationIndex:0/run:7/dialer:center/eavesCount:0/latencyMS:150/seq:1/fileSize:1048576/nodeType:Leech/nodeTypeIndex:0/meta:data_rcvd","measures":{"value":1048832}}
{"ts":1669475085661815075,"type":"point","name":"exType:baseline/permutationIndex:0/run:7/dialer:center/eavesCount:0/latencyMS:150/seq:1/fileSize:1048576/nodeType:Leech/nodeTypeIndex:0/meta:dup_data_rcvd","measures":{"value":0}}
{"ts":1669475085661817377,"type":"point","name":"exType:baseline/permutationIndex:0/run:7/dialer:center/eavesCount:0/latencyMS:150/seq:1/fileSize:1048576/nodeType:Leech/nodeTypeIndex:0/meta:blks_sent","measures":{"value":0}}
{"ts":1669475085661820159,"type":"point","name":"exType:baseline/permutationIndex:0/run:7/dialer:center/eavesCount:0/latencyMS:150/seq:1/fileSize:1048576/nodeType:Leech/nodeTypeIndex:0/meta:blks_rcvd","measures":{"value":5}}
{"ts":1669475085661822864,"type":"point","name":"exType:baseline/permutationIndex:0/run:7/dialer:center/eavesCount:0/latencyMS:150/seq:1/fileSize:1048576/nodeType:Leech/nodeTypeIndex:0/meta:dup_blks_rcvd","measures":{"value":0}}
{"ts":1669475090120165227,"type":"point","name":"exType:baseline/permutationIndex:0/run:8/dialer:center/eavesCount:0/latencyMS:150/seq:1/fileSize:1048576/nodeType:Leech/nodeTypeIndex:0/meta:time_to_fetch","measures":{"value":3079066235}}
{"ts":1669475090120267680,"type":"point","name":"exType:baseline/permutationIndex:0/run:8/dialer:center/eavesCount:0/latencyMS:150/seq:1/fileSize:1048576/nodeType:Leech/nodeTypeIndex:0/meta:leech_fails","measures":{"value":0}}
{"ts":1669475090120331874,"type":"point","name":"exType:baseline/permutationIndex:0/run:8/dialer:center/eavesCount:0/latencyMS:150/seq:1/fileSize:1048576/nodeType:Leech/nodeTypeIndex:0/meta:tcp_fetch","measures":{"value":0}}
{"ts":1669475090121437677,"type":"point","name":"exType:baseline/permutationIndex:0/run:8/dialer:center/eavesCount:0/latencyMS:150/seq:1/fileSize:1048576/nodeType:Leech/nodeTypeIndex:0/meta:msgs_rcvd","measures":{"value":40}}
{"ts":1669475090121480638,"type":"point","name":"exType:baseline/permutationIndex:0/run:8/dialer:center/eavesCount:0/latencyMS:150/seq:1/fileSize:1048576/nodeType:Leech/nodeTypeIndex:0/meta:data_sent","measures":{"value":0}}
{"ts":1669475090121504747,"type":"point","name":"exType:baseline/permutationIndex:0/run:8/dialer:center/eavesCount:0/latencyMS:150/seq:1/fileSize:1048576/nodeType:Leech/nodeTypeIndex:0/meta:data_rcvd","measures":{"value":1048832}}
{"ts":1669475090121529227,"type":"point","name":"exType:baseline/permutationIndex:0/run:8/dialer:center/eavesCount:0/latencyMS:150/seq:1/fileSize:1048576/nodeType:Leech/nodeTypeIndex:0/meta:dup_data_rcvd","measures":{"value":0}}
{"ts":1669475090121552013,"type":"point","name":"exType:baseline/permutationIndex:0/run:8/dialer:center/eavesCount:0/latencyMS:150/seq:1/fileSize:1048576/nodeType:Leech/nodeTypeIndex:0/meta:blks_sent","measures":{"value":0}}
{"ts":1669475090121571764,"type":"point","name":"exType:baseline/permutationIndex:0/run:8/dialer:center/eavesCount:0/latencyMS:150/seq:1/fileSize:1048576/nodeType:Leech/nodeTypeIndex:0/meta:blks_rcvd","measures":{"value":5}}
{"ts":1669475090121593255,"type":"point","name":"exType:baseline/permutationIndex:0/run:8/dialer:center/eavesCount:0/latencyMS:150/seq:1/fileSize:1048576/nodeType:Leech/nodeTypeIndex:0/meta:dup_blks_rcvd","measures":{"value":0}}
{"ts":1669475095342382821,"type":"point","name":"exType:baseline/permutationIndex:0/run:9/dialer:center/eavesCount:0/latencyMS:150/seq:1/fileSize:1048576/nodeType:Leech/nodeTypeIndex:0/meta:time_to_fetch","measures":{"value":3831183153}}
{"ts":1669475095342486316,"type":"point","name":"exType:baseline/permutationIndex:0/run:9/dialer:center/eavesCount:0/latencyMS:150/seq:1/fileSize:1048576/nodeType:Leech/nodeTypeIndex:0/meta:leech_fails","measures":{"value":0}}
{"ts":1669475095342518631,"type":"point","name":"exType:baseline/permutationIndex:0/run:9/dialer:center/eavesCount:0/latencyMS:150/seq:1/fileSize:1048576/nodeType:Leech/nodeTypeIndex:0/meta:tcp_fetch","measures":{"value":0}}
{"ts":1669475095343640141,"type":"point","name":"exType:baseline/permutationIndex:0/run:9/dialer:center/eavesCount:0/latencyMS:150/seq:1/fileSize:1048576/nodeType:Leech/nodeTypeIndex:0/meta:msgs_rcvd","measures":{"value":67}}
{"ts":1669475095343678167,"type":"point","name":"exType:baseline/permutationIndex:0/run:9/dialer:center/eavesCount:0/latencyMS:150/seq:1/fileSize:1048576/nodeType:Leech/nodeTypeIndex:0/meta:data_sent","measures":{"value":0}}
{"ts":1669475095343697495,"type":"point","name":"exType:baseline/permutationIndex:0/run:9/dialer:center/eavesCount:0/latencyMS:150/seq:1/fileSize:1048576/nodeType:Leech/nodeTypeIndex:0/meta:data_rcvd","measures":{"value":1048832}}
{"ts":1669475095343715038,"type":"point","name":"exType:baseline/permutationIndex:0/run:9/dialer:center/eavesCount:0/latencyMS:150/seq:1/fileSize:1048576/nodeType:Leech/nodeTypeIndex:0/meta:dup_data_rcvd","measures":{"value":0}}
{"ts":1669475095343731562,"type":"point","name":"exType:baseline/permutationIndex:0/run:9/dialer:center/eavesCount:0/latencyMS:150/seq:1/fileSize:1048576/nodeType:Leech/nodeTypeIndex:0/meta:blks_sent","measures":{"value":0}}
{"ts":1669475095343750382,"type":"point","name":"exType:baseline/permutationIndex:0/run:9/dialer:center/eavesCount:0/latencyMS:150/seq:1/fileSize:1048576/nodeType:Leech/nodeTypeIndex:0/meta:blks_rcvd","measures":{"value":5}}
{"ts":1669475095343769534,"type":"point","name":"exType:baseline/permutationIndex:0/run:9/dialer:center/eavesCount:0/latencyMS:150/seq:1/fileSize:1048576/nodeType:Leech/nodeTypeIndex:0/meta:dup_blks_rcvd","measures":{"value":0}}
{"ts":1669475100565419896,"type":"point","name":"exType:baseline/permutationIndex:0/run:10/dialer:center/eavesCount:0/latencyMS:150/seq:1/fileSize:1048576/nodeType:Leech/nodeTypeIndex:0/meta:time_to_fetch","measures":{"value":3813597625}}
{"ts":1669475100565458528,"type":"point","name":"exType:baseline/permutationIndex:0/run:10/dialer:center/eavesCount:0/latencyMS:150/seq:1/fileSize:1048576/nodeType:Leech/nodeTypeIndex:0/meta:leech_fails","measures":{"value":0}}
{"ts":1669475100565477900,"type":"point","name":"exType:baseline/permutationIndex:0/run:10/dialer:center/eavesCount:0/latencyMS:150/seq:1/fileSize:1048576/nodeType:Leech/nodeTypeIndex:0/meta:tcp_fetch","measures":{"value":0}}
{"ts":1669475100565845843,"type":"point","name":"exType:baseline/permutationIndex:0/run:10/dialer:center/eavesCount:0/latencyMS:150/seq:1/fileSize:1048576/nodeType:Leech/nodeTypeIndex:0/meta:msgs_rcvd","measures":{"value":52}}
{"ts":1669475100565857047,"type":"point","name":"exType:baseline/permutationIndex:0/run:10/dialer:center/eavesCount:0/latencyMS:150/seq:1/fileSize:1048576/nodeType:Leech/nodeTypeIndex:0/meta:data_sent","measures":{"value":0}}
{"ts":1669475100565862288,"type":"point","name":"exType:baseline/permutationIndex:0/run:10/dialer:center/eavesCount:0/latencyMS:150/seq:1/fileSize:1048576/nodeType:Leech/nodeTypeIndex:0/meta:data_rcvd","measures":{"value":1048832}}
{"ts":1669475100565872586,"type":"point","name":"exType:baseline/permutationIndex:0/run:10/dialer:center/eavesCount:0/latencyMS:150/seq:1/fileSize:1048576/nodeType:Leech/nodeTypeIndex:0/meta:dup_data_rcvd","measures":{"value":0}}
{"ts":1669475100565878374,"type":"point","name":"exType:baseline/permutationIndex:0/run:10/dialer:center/eavesCount:0/latencyMS:150/seq:1/fileSize:1048576/nodeType:Leech/nodeTypeIndex:0/meta:blks_sent","measures":{"value":0}}
{"ts":1669475100565884470,"type":"point","name":"exType:baseline/permutationIndex:0/run:10/dialer:center/eavesCount:0/latencyMS:150/seq:1/fileSize:1048576/nodeType:Leech/nodeTypeIndex:0/meta:blks_rcvd","measures":{"value":5}}
{"ts":1669475100565890240,"type":"point","name":"exType:baseline/permutationIndex:0/run:10/dialer:center/eavesCount:0/latencyMS:150/seq:1/fileSize:1048576/nodeType:Leech/nodeTypeIndex:0/meta:dup_blks_rcvd","measures":{"value":0}}
{"ts":1669475104974030606,"type":"point","name":"exType:baseline/permutationIndex:0/run:11/dialer:center/eavesCount:0/latencyMS:150/seq:1/fileSize:1048576/nodeType:Leech/nodeTypeIndex:0/meta:time_to_fetch","measures":{"value":2942956933}}
{"ts":1669475104974189707,"type":"point","name":"exType:baseline/permutationIndex:0/run:11/dialer:center/eavesCount:0/latencyMS:150/seq:1/fileSize:1048576/nodeType:Leech/nodeTypeIndex:0/meta:leech_fails","measures":{"value":0}}
{"ts":1669475104974205695,"type":"point","name":"exType:baseline/permutationIndex:0/run:11/dialer:center/eavesCount:0/latencyMS:150/seq:1/fileSize:1048576/nodeType:Leech/nodeTypeIndex:0/meta:tcp_fetch","measures":{"value":0}}
{"ts":1669475104977993176,"type":"point","name":"exType:baseline/permutationIndex:0/run:11/dialer:center/eavesCount:0/latencyMS:150/seq:1/fileSize:1048576/nodeType:Leech/nodeTypeIndex:0/meta:msgs_rcvd","measures":{"value":35}}
{"ts":1669475104978052613,"type":"point","name":"exType:baseline/permutationIndex:0/run:11/dialer:center/eavesCount:0/latencyMS:150/seq:1/fileSize:1048576/nodeType:Leech/nodeTypeIndex:0/meta:data_sent","measures":{"value":0}}
{"ts":1669475104978070885,"type":"point","name":"exType:baseline/permutationIndex:0/run:11/dialer:center/eavesCount:0/latencyMS:150/seq:1/fileSize:1048576/nodeType:Leech/nodeTypeIndex:0/meta:data_rcvd","measures":{"value":1048832}}
{"ts":1669475104978083481,"type":"point","name":"exType:baseline/permutationIndex:0/run:11/dialer:center/eavesCount:0/latencyMS:150/seq:1/fileSize:1048576/nodeType:Leech/nodeTypeIndex:0/meta:dup_data_rcvd","measures":{"value":0}}
{"ts":1669475104978154711,"type":"point","name":"exType:baseline/permutationIndex:0/run:11/dialer:center/eavesCount:0/latencyMS:150/seq:1/fileSize:1048576/nodeType:Leech/nodeTypeIndex:0/meta:blks_sent","measures":{"value":0}}
{"ts":1669475104978195155,"type":"point","name":"exType:baseline/permutationIndex:0/run:11/dialer:center/eavesCount:0/latencyMS:150/seq:1/fileSize:1048576/nodeType:Leech/nodeTypeIndex:0/meta:blks_rcvd","measures":{"value":5}}
{"ts":1669475104978209012,"type":"point","name":"exType:baseline/permutationIndex:0/run:11/dialer:center/eavesCount:0/latencyMS:150/seq:1/fileSize:1048576/nodeType:Leech/nodeTypeIndex:0/meta:dup_blks_rcvd","measures":{"value":0}}
{"ts":1669475109416362402,"type":"point","name":"exType:baseline/permutationIndex:0/run:12/dialer:center/eavesCount:0/latencyMS:150/seq:1/fileSize:1048576/nodeType:Leech/nodeTypeIndex:0/meta:time_to_fetch","measures":{"value":3068246669}}
{"ts":1669475109416381603,"type":"point","name":"exType:baseline/permutationIndex:0/run:12/dialer:center/eavesCount:0/latencyMS:150/seq:1/fileSize:1048576/nodeType:Leech/nodeTypeIndex:0/meta:leech_fails","measures":{"value":0}}
{"ts":1669475109416393356,"type":"point","name":"exType:baseline/permutationIndex:0/run:12/dialer:center/eavesCount:0/latencyMS:150/seq:1/fileSize:1048576/nodeType:Leech/nodeTypeIndex:0/meta:tcp_fetch","measures":{"value":0}}
{"ts":1669475109416570847,"type":"point","name":"exType:baseline/permutationIndex:0/run:12/dialer:center/eavesCount:0/latencyMS:150/seq:1/fileSize:1048576/nodeType:Leech/nodeTypeIndex:0/meta:msgs_rcvd","measures":{"value":18}}
{"ts":1669475109416575731,"type":"point","name":"exType:baseline/permutationIndex:0/run:12/dialer:center/eavesCount:0/latencyMS:150/seq:1/fileSize:1048576/nodeType:Leech/nodeTypeIndex:0/meta:data_sent","measures":{"value":0}}
{"ts":1669475109416582786,"type":"point","name":"exType:baseline/permutationIndex:0/run:12/dialer:center/eavesCount:0/latencyMS:150/seq:1/fileSize:1048576/nodeType:Leech/nodeTypeIndex:0/meta:data_rcvd","measures":{"value":1048832}}
{"ts":1669475109416585601,"type":"point","name":"exType:baseline/permutationIndex:0/run:12/dialer:center/eavesCount:0/latencyMS:150/seq:1/fileSize:1048576/nodeType:Leech/nodeTypeIndex:0/meta:dup_data_rcvd","measures":{"value":0}}
{"ts":1669475109416587996,"type":"point","name":"exType:baseline/permutationIndex:0/run:12/dialer:center/eavesCount:0/latencyMS:150/seq:1/fileSize:1048576/nodeType:Leech/nodeTypeIndex:0/meta:blks_sent","measures":{"value":0}}
{"ts":1669475109416591542,"type":"point","name":"exType:baseline/permutationIndex:0/run:12/dialer:center/eavesCount:0/latencyMS:150/seq:1/fileSize:1048576/nodeType:Leech/nodeTypeIndex:0/meta:blks_rcvd","measures":{"value":5}}
{"ts":1669475109416594402,"type":"point","name":"exType:baseline/permutationIndex:0/run:12/dialer:center/eavesCount:0/latencyMS:150/seq:1/fileSize:1048576/nodeType:Leech/nodeTypeIndex:0/meta:dup_blks_rcvd","measures":{"value":0}}
{"ts":1669475114197050382,"type":"point","name":"exType:baseline/permutationIndex:0/run:13/dialer:center/eavesCount:0/latencyMS:150/seq:1/fileSize:1048576/nodeType:Leech/nodeTypeIndex:0/meta:time_to_fetch","measures":{"value":3384541238}}
{"ts":1669475114197073362,"type":"point","name":"exType:baseline/permutationIndex:0/run:13/dialer:center/eavesCount:0/latencyMS:150/seq:1/fileSize:1048576/nodeType:Leech/nodeTypeIndex:0/meta:leech_fails","measures":{"value":0}}
{"ts":1669475114197077651,"type":"point","name":"exType:baseline/permutationIndex:0/run:13/dialer:center/eavesCount:0/latencyMS:150/seq:1/fileSize:1048576/nodeType:Leech/nodeTypeIndex:0/meta:tcp_fetch","measures":{"value":0}}
{"ts":1669475114197723930,"type":"point","name":"exType:baseline/permutationIndex:0/run:13/dialer:center/eavesCount:0/latencyMS:150/seq:1/fileSize:1048576/nodeType:Leech/nodeTypeIndex:0/meta:msgs_rcvd","measures":{"value":39}}
{"ts":1669475114197768529,"type":"point","name":"exType:baseline/permutationIndex:0/run:13/dialer:center/eavesCount:0/latencyMS:150/seq:1/fileSize:1048576/nodeType:Leech/nodeTypeIndex:0/meta:data_sent","measures":{"value":0}}
{"ts":1669475114197780862,"type":"point","name":"exType:baseline/permutationIndex:0/run:13/dialer:center/eavesCount:0/latencyMS:150/seq:1/fileSize:1048576/nodeType:Leech/nodeTypeIndex:0/meta:data_rcvd","measures":{"value":1048832}}
{"ts":1669475114197834419,"type":"point","name":"exType:baseline/permutationIndex:0/run:13/dialer:center/eavesCount:0/latencyMS:150/seq:1/fileSize:1048576/nodeType:Leech/nodeTypeIndex:0/meta:dup_data_rcvd","measures":{"value":0}}
{"ts":1669475114197846486,"type":"point","name":"exType:baseline/permutationIndex:0/run:13/dialer:center/eavesCount:0/latencyMS:150/seq:1/fileSize:1048576/nodeType:Leech/nodeTypeIndex:0/meta:blks_sent","measures":{"value":0}}
{"ts":1669475114197857342,"type":"point","name":"exType:baseline/permutationIndex:0/run:13/dialer:center/eavesCount:0/latencyMS:150/seq:1/fileSize:1048576/nodeType:Leech/nodeTypeIndex:0/meta:blks_rcvd","measures":{"value":5}}
{"ts":1669475114197868784,"type":"point","name":"exType:baseline/permutationIndex:0/run:13/dialer:center/eavesCount:0/latencyMS:150/seq:1/fileSize:1048576/nodeType:Leech/nodeTypeIndex:0/meta:dup_blks_rcvd","measures":{"value":0}}
{"ts":1669475119292387964,"type":"point","name":"exType:baseline/permutationIndex:0/run:14/dialer:center/eavesCount:0/latencyMS:150/seq:1/fileSize:1048576/nodeType:Leech/nodeTypeIndex:0/meta:time_to_fetch","measures":{"value":3666565963}}
{"ts":1669475119292471003,"type":"point","name":"exType:baseline/permutationIndex:0/run:14/dialer:center/eavesCount:0/latencyMS:150/seq:1/fileSize:1048576/nodeType:Leech/nodeTypeIndex:0/meta:leech_fails","measures":{"value":0}}
{"ts":1669475119292492337,"type":"point","name":"exType:baseline/permutationIndex:0/run:14/dialer:center/eavesCount:0/latencyMS:150/seq:1/fileSize:1048576/nodeType:Leech/nodeTypeIndex:0/meta:tcp_fetch","measures":{"value":0}}
{"ts":1669475119293218061,"type":"point","name":"exType:baseline/permutationIndex:0/run:14/dialer:center/eavesCount:0/latencyMS:150/seq:1/fileSize:1048576/nodeType:Leech/nodeTypeIndex:0/meta:msgs_rcvd","measures":{"value":110}}
{"ts":1669475119293244675,"type":"point","name":"exType:baseline/permutationIndex:0/run:14/dialer:center/eavesCount:0/latencyMS:150/seq:1/fileSize:1048576/nodeType:Leech/nodeTypeIndex:0/meta:data_sent","measures":{"value":0}}
{"ts":1669475119293256473,"type":"point","name":"exType:baseline/permutationIndex:0/run:14/dialer:center/eavesCount:0/latencyMS:150/seq:1/fileSize:1048576/nodeType:Leech/nodeTypeIndex:0/meta:data_rcvd","measures":{"value":1048832}}
{"ts":1669475119293268881,"type":"point","name":"exType:baseline/permutationIndex:0/run:14/dialer:center/eavesCount:0/latencyMS:150/seq:1/fileSize:1048576/nodeType:Leech/nodeTypeIndex:0/meta:dup_data_rcvd","measures":{"value":0}}
{"ts":1669475119293280476,"type":"point","name":"exType:baseline/permutationIndex:0/run:14/dialer:center/eavesCount:0/latencyMS:150/seq:1/fileSize:1048576/nodeType:Leech/nodeTypeIndex:0/meta:blks_sent","measures":{"value":0}}
{"ts":1669475119293291677,"type":"point","name":"exType:baseline/permutationIndex:0/run:14/dialer:center/eavesCount:0/latencyMS:150/seq:1/fileSize:1048576/nodeType:Leech/nodeTypeIndex:0/meta:blks_rcvd","measures":{"value":5}}
{"ts":1669475119293303215,"type":"point","name":"exType:baseline/permutationIndex:0/run:14/dialer:center/eavesCount:0/latencyMS:150/seq:1/fileSize:1048576/nodeType:Leech/nodeTypeIndex:0/meta:dup_blks_rcvd","measures":{"value":0}}
{"ts":1669475124081383498,"type":"point","name":"exType:baseline/permutationIndex:0/run:15/dialer:center/eavesCount:0/latencyMS:150/seq:1/fileSize:1048576/nodeType:Leech/nodeTypeIndex:0/meta:time_to_fetch","measures":{"value":3386851083}}
{"ts":1669475124081402069,"type":"point","name":"exType:baseline/permutationIndex:0/run:15/dialer:center/eavesCount:0/latencyMS:150/seq:1/fileSize:1048576/nodeType:Leech/nodeTypeIndex:0/meta:leech_fails","measures":{"value":0}}
{"ts":1669475124081405534,"type":"point","name":"exType:baseline/permutationIndex:0/run:15/dialer:center/eavesCount:0/latencyMS:150/seq:1/fileSize:1048576/nodeType:Leech/nodeTypeIndex:0/meta:tcp_fetch","measures":{"value":0}}
{"ts":1669475124085787729,"type":"point","name":"exType:baseline/permutationIndex:0/run:15/dialer:center/eavesCount:0/latencyMS:150/seq:1/fileSize:1048576/nodeType:Leech/nodeTypeIndex:0/meta:msgs_rcvd","measures":{"value":40}}
{"ts":1669475124085829349,"type":"point","name":"exType:baseline/permutationIndex:0/run:15/dialer:center/eavesCount:0/latencyMS:150/seq:1/fileSize:1048576/nodeType:Leech/nodeTypeIndex:0/meta:data_sent","measures":{"value":0}}
{"ts":1669475124085835044,"type":"point","name":"exType:baseline/permutationIndex:0/run:15/dialer:center/eavesCount:0/latencyMS:150/seq:1/fileSize:1048576/nodeType:Leech/nodeTypeIndex:0/meta:data_rcvd","measures":{"value":1048832}}
{"ts":1669475124085839015,"type":"point","name":"exType:baseline/permutationIndex:0/run:15/dialer:center/eavesCount:0/latencyMS:150/seq:1/fileSize:1048576/nodeType:Leech/nodeTypeIndex:0/meta:dup_data_rcvd","measures":{"value":0}}
{"ts":1669475124085842722,"type":"point","name":"exType:baseline/permutationIndex:0/run:15/dialer:center/eavesCount:0/latencyMS:150/seq:1/fileSize:1048576/nodeType:Leech/nodeTypeIndex:0/meta:blks_sent","measures":{"value":0}}
{"ts":1669475124085847049,"type":"point","name":"exType:baseline/permutationIndex:0/run:15/dialer:center/eavesCount:0/latencyMS:150/seq:1/fileSize:1048576/nodeType:Leech/nodeTypeIndex:0/meta:blks_rcvd","measures":{"value":5}}
{"ts":1669475124085851015,"type":"point","name":"exType:baseline/permutationIndex:0/run:15/dialer:center/eavesCount:0/latencyMS:150/seq:1/fileSize:1048576/nodeType:Leech/nodeTypeIndex:0/meta:dup_blks_rcvd","measures":{"value":0}}
{"ts":1669475128847071251,"type":"point","name":"exType:baseline/permutationIndex:0/run:16/dialer:center/eavesCount:0/latencyMS:150/seq:1/fileSize:1048576/nodeType:Leech/nodeTypeIndex:0/meta:time_to_fetch","measures":{"value":3382596642}}
{"ts":1669475128847092501,"type":"point","name":"exType:baseline/permutationIndex:0/run:16/dialer:center/eavesCount:0/latencyMS:150/seq:1/fileSize:1048576/nodeType:Leech/nodeTypeIndex:0/meta:leech_fails","measures":{"value":0}}
{"ts":1669475128847098506,"type":"point","name":"exType:baseline/permutationIndex:0/run:16/dialer:center/eavesCount:0/latencyMS:150/seq:1/fileSize:1048576/nodeType:Leech/nodeTypeIndex:0/meta:tcp_fetch","measures":{"value":0}}
{"ts":1669475128854957228,"type":"point","name":"exType:baseline/permutationIndex:0/run:16/dialer:center/eavesCount:0/latencyMS:150/seq:1/fileSize:1048576/nodeType:Leech/nodeTypeIndex:0/meta:msgs_rcvd","measures":{"value":53}}
{"ts":1669475128855010500,"type":"point","name":"exType:baseline/permutationIndex:0/run:16/dialer:center/eavesCount:0/latencyMS:150/seq:1/fileSize:1048576/nodeType:Leech/nodeTypeIndex:0/meta:data_sent","measures":{"value":0}}
{"ts":1669475128855021356,"type":"point","name":"exType:baseline/permutationIndex:0/run:16/dialer:center/eavesCount:0/latencyMS:150/seq:1/fileSize:1048576/nodeType:Leech/nodeTypeIndex:0/meta:data_rcvd","measures":{"value":1048832}}
{"ts":1669475128855030190,"type":"point","name":"exType:baseline/permutationIndex:0/run:16/dialer:center/eavesCount:0/latencyMS:150/seq:1/fileSize:1048576/nodeType:Leech/nodeTypeIndex:0/meta:dup_data_rcvd","measures":{"value":0}}
{"ts":1669475128855038503,"type":"point","name":"exType:baseline/permutationIndex:0/run:16/dialer:center/eavesCount:0/latencyMS:150/seq:1/fileSize:1048576/nodeType:Leech/nodeTypeIndex:0/meta:blks_sent","measures":{"value":0}}
{"ts":1669475128855049504,"type":"point","name":"exType:baseline/permutationIndex:0/run:16/dialer:center/eavesCount:0/latencyMS:150/seq:1/fileSize:1048576/nodeType:Leech/nodeTypeIndex:0/meta:blks_rcvd","measures":{"value":5}}
{"ts":1669475128855059141,"type":"point","name":"exType:baseline/permutationIndex:0/run:16/dialer:center/eavesCount:0/latencyMS:150/seq:1/fileSize:1048576/nodeType:Leech/nodeTypeIndex:0/meta:dup_blks_rcvd","measures":{"value":0}}
{"ts":1669475134190926249,"type":"point","name":"exType:baseline/permutationIndex:0/run:17/dialer:center/eavesCount:0/latencyMS:150/seq:1/fileSize:1048576/nodeType:Leech/nodeTypeIndex:0/meta:time_to_fetch","measures":{"value":3934953396}}
{"ts":1669475134190945556,"type":"point","name":"exType:baseline/permutationIndex:0/run:17/dialer:center/eavesCount:0/latencyMS:150/seq:1/fileSize:1048576/nodeType:Leech/nodeTypeIndex:0/meta:leech_fails","measures":{"value":0}}
{"ts":1669475134190955309,"type":"point","name":"exType:baseline/permutationIndex:0/run:17/dialer:center/eavesCount:0/latencyMS:150/seq:1/fileSize:1048576/nodeType:Leech/nodeTypeIndex:0/meta:tcp_fetch","measures":{"value":0}}
{"ts":1669475134192922185,"type":"point","name":"exType:baseline/permutationIndex:0/run:17/dialer:center/eavesCount:0/latencyMS:150/seq:1/fileSize:1048576/nodeType:Leech/nodeTypeIndex:0/meta:msgs_rcvd","measures":{"value":49}}
{"ts":1669475134192953991,"type":"point","name":"exType:baseline/permutationIndex:0/run:17/dialer:center/eavesCount:0/latencyMS:150/seq:1/fileSize:1048576/nodeType:Leech/nodeTypeIndex:0/meta:data_sent","measures":{"value":0}}
{"ts":1669475134192963719,"type":"point","name":"exType:baseline/permutationIndex:0/run:17/dialer:center/eavesCount:0/latencyMS:150/seq:1/fileSize:1048576/nodeType:Leech/nodeTypeIndex:0/meta:data_rcvd","measures":{"value":1048832}}
{"ts":1669475134192970086,"type":"point","name":"exType:baseline/permutationIndex:0/run:17/dialer:center/eavesCount:0/latencyMS:150/seq:1/fileSize:1048576/nodeType:Leech/nodeTypeIndex:0/meta:dup_data_rcvd","measures":{"value":0}}
{"ts":1669475134192975940,"type":"point","name":"exType:baseline/permutationIndex:0/run:17/dialer:center/eavesCount:0/latencyMS:150/seq:1/fileSize:1048576/nodeType:Leech/nodeTypeIndex:0/meta:blks_sent","measures":{"value":0}}
{"ts":1669475134192981686,"type":"point","name":"exType:baseline/permutationIndex:0/run:17/dialer:center/eavesCount:0/latencyMS:150/seq:1/fileSize:1048576/nodeType:Leech/nodeTypeIndex:0/meta:blks_rcvd","measures":{"value":5}}
{"ts":1669475134192987360,"type":"point","name":"exType:baseline/permutationIndex:0/run:17/dialer:center/eavesCount:0/latencyMS:150/seq:1/fileSize:1048576/nodeType:Leech/nodeTypeIndex:0/meta:dup_blks_rcvd","measures":{"value":0}}
{"ts":1669475138520090118,"type":"point","name":"exType:baseline/permutationIndex:0/run:18/dialer:center/eavesCount:0/latencyMS:150/seq:1/fileSize:1048576/nodeType:Leech/nodeTypeIndex:0/meta:time_to_fetch","measures":{"value":2951381871}}
{"ts":1669475138520121471,"type":"point","name":"exType:baseline/permutationIndex:0/run:18/dialer:center/eavesCount:0/latencyMS:150/seq:1/fileSize:1048576/nodeType:Leech/nodeTypeIndex:0/meta:leech_fails","measures":{"value":0}}
{"ts":1669475138520377688,"type":"point","name":"exType:baseline/permutationIndex:0/run:18/dialer:center/eavesCount:0/latencyMS:150/seq:1/fileSize:1048576/nodeType:Leech/nodeTypeIndex:0/meta:tcp_fetch","measures":{"value":0}}
{"ts":1669475138520721827,"type":"point","name":"exType:baseline/permutationIndex:0/run:18/dialer:center/eavesCount:0/latencyMS:150/seq:1/fileSize:1048576/nodeType:Leech/nodeTypeIndex:0/meta:msgs_rcvd","measures":{"value":142}}
{"ts":1669475138520743294,"type":"point","name":"exType:baseline/permutationIndex:0/run:18/dialer:center/eavesCount:0/latencyMS:150/seq:1/fileSize:1048576/nodeType:Leech/nodeTypeIndex:0/meta:data_sent","measures":{"value":0}}
{"ts":1669475138520750273,"type":"point","name":"exType:baseline/permutationIndex:0/run:18/dialer:center/eavesCount:0/latencyMS:150/seq:1/fileSize:1048576/nodeType:Leech/nodeTypeIndex:0/meta:data_rcvd","measures":{"value":1048832}}
{"ts":1669475138520754717,"type":"point","name":"exType:baseline/permutationIndex:0/run:18/dialer:center/eavesCount:0/latencyMS:150/seq:1/fileSize:1048576/nodeType:Leech/nodeTypeIndex:0/meta:dup_data_rcvd","measures":{"value":0}}
{"ts":1669475138520758654,"type":"point","name":"exType:baseline/permutationIndex:0/run:18/dialer:center/eavesCount:0/latencyMS:150/seq:1/fileSize:1048576/nodeType:Leech/nodeTypeIndex:0/meta:blks_sent","measures":{"value":0}}
{"ts":1669475138520763531,"type":"point","name":"exType:baseline/permutationIndex:0/run:18/dialer:center/eavesCount:0/latencyMS:150/seq:1/fileSize:1048576/nodeType:Leech/nodeTypeIndex:0/meta:blks_rcvd","measures":{"value":5}}
{"ts":1669475138520770478,"type":"point","name":"exType:baseline/permutationIndex:0/run:18/dialer:center/eavesCount:0/latencyMS:150/seq:1/fileSize:1048576/nodeType:Leech/nodeTypeIndex:0/meta:dup_blks_rcvd","measures":{"value":0}}
{"ts":1669475142990187191,"type":"point","name":"exType:baseline/permutationIndex:0/run:19/dialer:center/eavesCount:0/latencyMS:150/seq:1/fileSize:1048576/nodeType:Leech/nodeTypeIndex:0/meta:time_to_fetch","measures":{"value":3078460359}}
{"ts":1669475142990228931,"type":"point","name":"exType:baseline/permutationIndex:0/run:19/dialer:center/eavesCount:0/latencyMS:150/seq:1/fileSize:1048576/nodeType:Leech/nodeTypeIndex:0/meta:leech_fails","measures":{"value":0}}
{"ts":1669475142990236773,"type":"point","name":"exType:baseline/permutationIndex:0/run:19/dialer:center/eavesCount:0/latencyMS:150/seq:1/fileSize:1048576/nodeType:Leech/nodeTypeIndex:0/meta:tcp_fetch","measures":{"value":0}}
{"ts":1669475142990615275,"type":"point","name":"exType:baseline/permutationIndex:0/run:19/dialer:center/eavesCount:0/latencyMS:150/seq:1/fileSize:1048576/nodeType:Leech/nodeTypeIndex:0/meta:msgs_rcvd","measures":{"value":60}}
{"ts":1669475142990632830,"type":"point","name":"exType:baseline/permutationIndex:0/run:19/dialer:center/eavesCount:0/latencyMS:150/seq:1/fileSize:1048576/nodeType:Leech/nodeTypeIndex:0/meta:data_sent","measures":{"value":0}}
{"ts":1669475142990639703,"type":"point","name":"exType:baseline/permutationIndex:0/run:19/dialer:center/eavesCount:0/latencyMS:150/seq:1/fileSize:1048576/nodeType:Leech/nodeTypeIndex:0/meta:data_rcvd","measures":{"value":1048832}}
{"ts":1669475142990647861,"type":"point","name":"exType:baseline/permutationIndex:0/run:19/dialer:center/eavesCount:0/latencyMS:150/seq:1/fileSize:1048576/nodeType:Leech/nodeTypeIndex:0/meta:dup_data_rcvd","measures":{"value":0}}
{"ts":1669475142990661953,"type":"point","name":"exType:baseline/permutationIndex:0/run:19/dialer:center/eavesCount:0/latencyMS:150/seq:1/fileSize:1048576/nodeType:Leech/nodeTypeIndex:0/meta:blks_sent","measures":{"value":0}}
{"ts":1669475142990667440,"type":"point","name":"exType:baseline/permutationIndex:0/run:19/dialer:center/eavesCount:0/latencyMS:150/seq:1/fileSize:1048576/nodeType:Leech/nodeTypeIndex:0/meta:blks_rcvd","measures":{"value":5}}
{"ts":1669475142990672932,"type":"point","name":"exType:baseline/permutationIndex:0/run:19/dialer:center/eavesCount:0/latencyMS:150/seq:1/fileSize:1048576/nodeType:Leech/nodeTypeIndex:0/meta:dup_blks_rcvd","measures":{"value":0}}
{"ts":1669475147496664183,"type":"point","name":"exType:baseline/permutationIndex:0/run:20/dialer:center/eavesCount:0/latencyMS:150/seq:1/fileSize:1048576/nodeType:Leech/nodeTypeIndex:0/meta:time_to_fetch","measures":{"value":3092827875}}
{"ts":1669475147496692907,"type":"point","name":"exType:baseline/permutationIndex:0/run:20/dialer:center/eavesCount:0/latencyMS:150/seq:1/fileSize:1048576/nodeType:Leech/nodeTypeIndex:0/meta:leech_fails","measures":{"value":0}}
{"ts":1669475147496697913,"type":"point","name":"exType:baseline/permutationIndex:0/run:20/dialer:center/eavesCount:0/latencyMS:150/seq:1/fileSize:1048576/nodeType:Leech/nodeTypeIndex:0/meta:tcp_fetch","measures":{"value":0}}
{"ts":1669475147496958377,"type":"point","name":"exType:baseline/permutationIndex:0/run:20/dialer:center/eavesCount:0/latencyMS:150/seq:1/fileSize:1048576/nodeType:Leech/nodeTypeIndex:0/meta:msgs_rcvd","measures":{"value":91}}
{"ts":1669475147496967168,"type":"point","name":"exType:baseline/permutationIndex:0/run:20/dialer:center/eavesCount:0/latencyMS:150/seq:1/fileSize:1048576/nodeType:Leech/nodeTypeIndex:0/meta:data_sent","measures":{"value":0}}
{"ts":1669475147496971669,"type":"point","name":"exType:baseline/permutationIndex:0/run:20/dialer:center/eavesCount:0/latencyMS:150/seq:1/fileSize:1048576/nodeType:Leech/nodeTypeIndex:0/meta:data_rcvd","measures":{"value":1048832}}
{"ts":1669475147496975268,"type":"point","name":"exType:baseline/permutationIndex:0/run:20/dialer:center/eavesCount:0/latencyMS:150/seq:1/fileSize:1048576/nodeType:Leech/nodeTypeIndex:0/meta:dup_data_rcvd","measures":{"value":0}}
{"ts":1669475147496978863,"type":"point","name":"exType:baseline/permutationIndex:0/run:20/dialer:center/eavesCount:0/latencyMS:150/seq:1/fileSize:1048576/nodeType:Leech/nodeTypeIndex:0/meta:blks_sent","measures":{"value":0}}
{"ts":1669475147496994536,"type":"point","name":"exType:baseline/permutationIndex:0/run:20/dialer:center/eavesCount:0/latencyMS:150/seq:1/fileSize:1048576/nodeType:Leech/nodeTypeIndex:0/meta:blks_rcvd","measures":{"value":5}}
{"ts":1669475147496997846,"type":"point","name":"exType:baseline/permutationIndex:0/run:20/dialer:center/eavesCount:0/latencyMS:150/seq:1/fileSize:1048576/nodeType:Leech/nodeTypeIndex:0/meta:dup_blks_rcvd","measures":{"value":0}}
{"ts":1669475152004364078,"type":"point","name":"exType:baseline/permutationIndex:0/run:21/dialer:center/eavesCount:0/latencyMS:150/seq:1/fileSize:1048576/nodeType:Leech/nodeTypeIndex:0/meta:time_to_fetch","measures":{"value":2973722994}}
{"ts":1669475152004382133,"type":"point","name":"exType:baseline/permutationIndex:0/run:21/dialer:center/eavesCount:0/latencyMS:150/seq:1/fileSize:1048576/nodeType:Leech/nodeTypeIndex:0/meta:leech_fails","measures":{"value":0}}
{"ts":1669475152004385396,"type":"point","name":"exType:baseline/permutationIndex:0/run:21/dialer:center/eavesCount:0/latencyMS:150/seq:1/fileSize:1048576/nodeType:Leech/nodeTypeIndex:0/meta:tcp_fetch","measures":{"value":0}}
{"ts":1669475152004533498,"type":"point","name":"exType:baseline/permutationIndex:0/run:21/dialer:center/eavesCount:0/latencyMS:150/seq:1/fileSize:1048576/nodeType:Leech/nodeTypeIndex:0/meta:msgs_rcvd","measures":{"value":60}}
{"ts":1669475152004538601,"type":"point","name":"exType:baseline/permutationIndex:0/run:21/dialer:center/eavesCount:0/latencyMS:150/seq:1/fileSize:1048576/nodeType:Leech/nodeTypeIndex:0/meta:data_sent","measures":{"value":0}}
{"ts":1669475152004541341,"type":"point","name":"exType:baseline/permutationIndex:0/run:21/dialer:center/eavesCount:0/latencyMS:150/seq:1/fileSize:1048576/nodeType:Leech/nodeTypeIndex:0/meta:data_rcvd","measures":{"value":1048832}}
{"ts":1669475152004543924,"type":"point","name":"exType:baseline/permutationIndex:0/run:21/dialer:center/eavesCount:0/latencyMS:150/seq:1/fileSize:1048576/nodeType:Leech/nodeTypeIndex:0/meta:dup_data_rcvd","measures":{"value":0}}
{"ts":1669475152004546655,"type":"point","name":"exType:baseline/permutationIndex:0/run:21/dialer:center/eavesCount:0/latencyMS:150/seq:1/fileSize:1048576/nodeType:Leech/nodeTypeIndex:0/meta:blks_sent","measures":{"value":0}}
{"ts":1669475152004549184,"type":"point","name":"exType:baseline/permutationIndex:0/run:21/dialer:center/eavesCount:0/latencyMS:150/seq:1/fileSize:1048576/nodeType:Leech/nodeTypeIndex:0/meta:blks_rcvd","measures":{"value":5}}
{"ts":1669475152004551745,"type":"point","name":"exType:baseline/permutationIndex:0/run:21/dialer:center/eavesCount:0/latencyMS:150/seq:1/fileSize:1048576/nodeType:Leech/nodeTypeIndex:0/meta:dup_blks_rcvd","measures":{"value":0}}
{"ts":1669475156470919668,"type":"point","name":"exType:baseline/permutationIndex:0/run:22/dialer:center/eavesCount:0/latencyMS:150/seq:1/fileSize:1048576/nodeType:Leech/nodeTypeIndex:0/meta:time_to_fetch","measures":{"value":3114798248}}
{"ts":1669475156470936191,"type":"point","name":"exType:baseline/permutationIndex:0/run:22/dialer:center/eavesCount:0/latencyMS:150/seq:1/fileSize:1048576/nodeType:Leech/nodeTypeIndex:0/meta:leech_fails","measures":{"value":0}}
{"ts":1669475156470939429,"type":"point","name":"exType:baseline/permutationIndex:0/run:22/dialer:center/eavesCount:0/latencyMS:150/seq:1/fileSize:1048576/nodeType:Leech/nodeTypeIndex:0/meta:tcp_fetch","measures":{"value":0}}
{"ts":1669475156471089848,"type":"point","name":"exType:baseline/permutationIndex:0/run:22/dialer:center/eavesCount:0/latencyMS:150/seq:1/fileSize:1048576/nodeType:Leech/nodeTypeIndex:0/meta:msgs_rcvd","measures":{"value":47}}
{"ts":1669475156471094377,"type":"point","name":"exType:baseline/permutationIndex:0/run:22/dialer:center/eavesCount:0/latencyMS:150/seq:1/fileSize:1048576/nodeType:Leech/nodeTypeIndex:0/meta:data_sent","measures":{"value":0}}
{"ts":1669475156471097096,"type":"point","name":"exType:baseline/permutationIndex:0/run:22/dialer:center/eavesCount:0/latencyMS:150/seq:1/fileSize:1048576/nodeType:Leech/nodeTypeIndex:0/meta:data_rcvd","measures":{"value":1048832}}
{"ts":1669475156471106136,"type":"point","name":"exType:baseline/permutationIndex:0/run:22/dialer:center/eavesCount:0/latencyMS:150/seq:1/fileSize:1048576/nodeType:Leech/nodeTypeIndex:0/meta:dup_data_rcvd","measures":{"value":0}}
{"ts":1669475156471108668,"type":"point","name":"exType:baseline/permutationIndex:0/run:22/dialer:center/eavesCount:0/latencyMS:150/seq:1/fileSize:1048576/nodeType:Leech/nodeTypeIndex:0/meta:blks_sent","measures":{"value":0}}
{"ts":1669475156471111204,"type":"point","name":"exType:baseline/permutationIndex:0/run:22/dialer:center/eavesCount:0/latencyMS:150/seq:1/fileSize:1048576/nodeType:Leech/nodeTypeIndex:0/meta:blks_rcvd","measures":{"value":5}}
{"ts":1669475156471113357,"type":"point","name":"exType:baseline/permutationIndex:0/run:22/dialer:center/eavesCount:0/latencyMS:150/seq:1/fileSize:1048576/nodeType:Leech/nodeTypeIndex:0/meta:dup_blks_rcvd","measures":{"value":0}}
{"ts":1669475161247889383,"type":"point","name":"exType:baseline/permutationIndex:0/run:23/dialer:center/eavesCount:0/latencyMS:150/seq:1/fileSize:1048576/nodeType:Leech/nodeTypeIndex:0/meta:time_to_fetch","measures":{"value":3399800338}}
{"ts":1669475161247904899,"type":"point","name":"exType:baseline/permutationIndex:0/run:23/dialer:center/eavesCount:0/latencyMS:150/seq:1/fileSize:1048576/nodeType:Leech/nodeTypeIndex:0/meta:leech_fails","measures":{"value":0}}
{"ts":1669475161247908036,"type":"point","name":"exType:baseline/permutationIndex:0/run:23/dialer:center/eavesCount:0/latencyMS:150/seq:1/fileSize:1048576/nodeType:Leech/nodeTypeIndex:0/meta:tcp_fetch","measures":{"value":0}}
{"ts":1669475161248076060,"type":"point","name":"exType:baseline/permutationIndex:0/run:23/dialer:center/eavesCount:0/latencyMS:150/seq:1/fileSize:1048576/nodeType:Leech/nodeTypeIndex:0/meta:msgs_rcvd","measures":{"value":83}}
{"ts":1669475161248083387,"type":"point","name":"exType:baseline/permutationIndex:0/run:23/dialer:center/eavesCount:0/latencyMS:150/seq:1/fileSize:1048576/nodeType:Leech/nodeTypeIndex:0/meta:data_sent","measures":{"value":0}}
{"ts":1669475161248086741,"type":"point","name":"exType:baseline/permutationIndex:0/run:23/dialer:center/eavesCount:0/latencyMS:150/seq:1/fileSize:1048576/nodeType:Leech/nodeTypeIndex:0/meta:data_rcvd","measures":{"value":1048832}}
{"ts":1669475161248089572,"type":"point","name":"exType:baseline/permutationIndex:0/run:23/dialer:center/eavesCount:0/latencyMS:150/seq:1/fileSize:1048576/nodeType:Leech/nodeTypeIndex:0/meta:dup_data_rcvd","measures":{"value":0}}
{"ts":1669475161248091871,"type":"point","name":"exType:baseline/permutationIndex:0/run:23/dialer:center/eavesCount:0/latencyMS:150/seq:1/fileSize:1048576/nodeType:Leech/nodeTypeIndex:0/meta:blks_sent","measures":{"value":0}}
{"ts":1669475161248094242,"type":"point","name":"exType:baseline/permutationIndex:0/run:23/dialer:center/eavesCount:0/latencyMS:150/seq:1/fileSize:1048576/nodeType:Leech/nodeTypeIndex:0/meta:blks_rcvd","measures":{"value":5}}
{"ts":1669475161248096701,"type":"point","name":"exType:baseline/permutationIndex:0/run:23/dialer:center/eavesCount:0/latencyMS:150/seq:1/fileSize:1048576/nodeType:Leech/nodeTypeIndex:0/meta:dup_blks_rcvd","measures":{"value":0}}
{"ts":1669475165690953231,"type":"point","name":"exType:baseline/permutationIndex:0/run:24/dialer:center/eavesCount:0/latencyMS:150/seq:1/fileSize:1048576/nodeType:Leech/nodeTypeIndex:0/meta:time_to_fetch","measures":{"value":3082963189}}
{"ts":1669475165690976763,"type":"point","name":"exType:baseline/permutationIndex:0/run:24/dialer:center/eavesCount:0/latencyMS:150/seq:1/fileSize:1048576/nodeType:Leech/nodeTypeIndex:0/meta:leech_fails","measures":{"value":0}}
{"ts":1669475165690982748,"type":"point","name":"exType:baseline/permutationIndex:0/run:24/dialer:center/eavesCount:0/latencyMS:150/seq:1/fileSize:1048576/nodeType:Leech/nodeTypeIndex:0/meta:tcp_fetch","measures":{"value":0}}
{"ts":1669475165691294943,"type":"point","name":"exType:baseline/permutationIndex:0/run:24/dialer:center/eavesCount:0/latencyMS:150/seq:1/fileSize:1048576/nodeType:Leech/nodeTypeIndex:0/meta:msgs_rcvd","measures":{"value":92}}
{"ts":1669475165691300319,"type":"point","name":"exType:baseline/permutationIndex:0/run:24/dialer:center/eavesCount:0/latencyMS:150/seq:1/fileSize:1048576/nodeType:Leech/nodeTypeIndex:0/meta:data_sent","measures":{"value":0}}
{"ts":1669475165691303915,"type":"point","name":"exType:baseline/permutationIndex:0/run:24/dialer:center/eavesCount:0/latencyMS:150/seq:1/fileSize:1048576/nodeType:Leech/nodeTypeIndex:0/meta:data_rcvd","measures":{"value":1048832}}
{"ts":1669475165691307676,"type":"point","name":"exType:baseline/permutationIndex:0/run:24/dialer:center/eavesCount:0/latencyMS:150/seq:1/fileSize:1048576/nodeType:Leech/nodeTypeIndex:0/meta:dup_data_rcvd","measures":{"value":0}}
{"ts":1669475165691311144,"type":"point","name":"exType:baseline/permutationIndex:0/run:24/dialer:center/eavesCount:0/latencyMS:150/seq:1/fileSize:1048576/nodeType:Leech/nodeTypeIndex:0/meta:blks_sent","measures":{"value":0}}
{"ts":1669475165691315525,"type":"point","name":"exType:baseline/permutationIndex:0/run:24/dialer:center/eavesCount:0/latencyMS:150/seq:1/fileSize:1048576/nodeType:Leech/nodeTypeIndex:0/meta:blks_rcvd","measures":{"value":5}}
{"ts":1669475165691319500,"type":"point","name":"exType:baseline/permutationIndex:0/run:24/dialer:center/eavesCount:0/latencyMS:150/seq:1/fileSize:1048576/nodeType:Leech/nodeTypeIndex:0/meta:dup_blks_rcvd","measures":{"value":0}}
