{"ts":1669476176249744671,"type":"point","name":"exType:baseline/permutationIndex:0/run:1/dialer:center/eavesCount:0/latencyMS:100/seq:11/fileSize:153600/nodeType:Passive/nodeTypeIndex:8/meta:msgs_rcvd","measures":{"value":17}}
{"ts":1669476176249799781,"type":"point","name":"exType:baseline/permutationIndex:0/run:1/dialer:center/eavesCount:0/latencyMS:100/seq:11/fileSize:153600/nodeType:Passive/nodeTypeIndex:8/meta:data_sent","measures":{"value":0}}
{"ts":1669476176249805925,"type":"point","name":"exType:baseline/permutationIndex:0/run:1/dialer:center/eavesCount:0/latencyMS:100/seq:11/fileSize:153600/nodeType:Passive/nodeTypeIndex:8/meta:data_rcvd","measures":{"value":0}}
{"ts":1669476176249808657,"type":"point","name":"exType:baseline/permutationIndex:0/run:1/dialer:center/eavesCount:0/latencyMS:100/seq:11/fileSize:153600/nodeType:Passive/nodeTypeIndex:8/meta:dup_data_rcvd","measures":{"value":0}}
{"ts":1669476176249811259,"type":"point","name":"exType:baseline/permutationIndex:0/run:1/dialer:center/eavesCount:0/latencyMS:100/seq:11/fileSize:153600/nodeType:Passive/nodeTypeIndex:8/meta:blks_sent","measures":{"value":0}}
{"ts":1669476176249813555,"type":"point","name":"exType:baseline/permutationIndex:0/run:1/dialer:center/eavesCount:0/latencyMS:100/seq:11/fileSize:153600/nodeType:Passive/nodeTypeIndex:8/meta:blks_rcvd","measures":{"value":0}}
{"ts":1669476176249815768,"type":"point","name":"exType:baseline/permutationIndex:0/run:1/dialer:center/eavesCount:0/latencyMS:100/seq:11/fileSize:153600/nodeType:Passive/nodeTypeIndex:8/meta:dup_blks_rcvd","measures":{"value":0}}
{"ts":1669476179129390033,"type":"point","name":"exType:baseline/permutationIndex:0/run:2/dialer:center/eavesCount:0/latencyMS:100/seq:11/fileSize:153600/nodeType:Passive/nodeTypeIndex:8/meta:msgs_rcvd","measures":{"value":22}}
{"ts":1669476179129504642,"type":"point","name":"exType:baseline/permutationIndex:0/run:2/dialer:center/eavesCount:0/latencyMS:100/seq:11/fileSize:153600/nodeType:Passive/nodeTypeIndex:8/meta:data_sent","measures":{"value":0}}
{"ts":1669476179129540353,"type":"point","name":"exType:baseline/permutationIndex:0/run:2/dialer:center/eavesCount:0/latencyMS:100/seq:11/fileSize:153600/nodeType:Passive/nodeTypeIndex:8/meta:data_rcvd","measures":{"value":0}}
{"ts":1669476179129561225,"type":"point","name":"exType:baseline/permutationIndex:0/run:2/dialer:center/eavesCount:0/latencyMS:100/seq:11/fileSize:153600/nodeType:Passive/nodeTypeIndex:8/meta:dup_data_rcvd","measures":{"value":0}}
{"ts":1669476179129580711,"type":"point","name":"exType:baseline/permutationIndex:0/run:2/dialer:center/eavesCount:0/latencyMS:100/seq:11/fileSize:153600/nodeType:Passive/nodeTypeIndex:8/meta:blks_sent","measures":{"value":0}}
{"ts":1669476179129599637,"type":"point","name":"exType:baseline/permutationIndex:0/run:2/dialer:center/eavesCount:0/latencyMS:100/seq:11/fileSize:153600/nodeType:Passive/nodeTypeIndex:8/meta:blks_rcvd","measures":{"value":0}}
{"ts":1669476179129620237,"type":"point","name":"exType:baseline/permutationIndex:0/run:2/dialer:center/eavesCount:0/latencyMS:100/seq:11/fileSize:153600/nodeType:Passive/nodeTypeIndex:8/meta:dup_blks_rcvd","measures":{"value":0}}
{"ts":1669476182103682109,"type":"point","name":"exType:baseline/permutationIndex:0/run:3/dialer:center/eavesCount:0/latencyMS:100/seq:11/fileSize:153600/nodeType:Passive/nodeTypeIndex:8/meta:msgs_rcvd","measures":{"value":24}}
{"ts":1669476182103721377,"type":"point","name":"exType:baseline/permutationIndex:0/run:3/dialer:center/eavesCount:0/latencyMS:100/seq:11/fileSize:153600/nodeType:Passive/nodeTypeIndex:8/meta:data_sent","measures":{"value":0}}
{"ts":1669476182103732383,"type":"point","name":"exType:baseline/permutationIndex:0/run:3/dialer:center/eavesCount:0/latencyMS:100/seq:11/fileSize:153600/nodeType:Passive/nodeTypeIndex:8/meta:data_rcvd","measures":{"value":0}}
{"ts":1669476182103740463,"type":"point","name":"exType:baseline/permutationIndex:0/run:3/dialer:center/eavesCount:0/latencyMS:100/seq:11/fileSize:153600/nodeType:Passive/nodeTypeIndex:8/meta:dup_data_rcvd","measures":{"value":0}}
{"ts":1669476182103800760,"type":"point","name":"exType:baseline/permutationIndex:0/run:3/dialer:center/eavesCount:0/latencyMS:100/seq:11/fileSize:153600/nodeType:Passive/nodeTypeIndex:8/meta:blks_sent","measures":{"value":0}}
{"ts":1669476182103819658,"type":"point","name":"exType:baseline/permutationIndex:0/run:3/dialer:center/eavesCount:0/latencyMS:100/seq:11/fileSize:153600/nodeType:Passive/nodeTypeIndex:8/meta:blks_rcvd","measures":{"value":0}}
{"ts":1669476182103839306,"type":"point","name":"exType:baseline/permutationIndex:0/run:3/dialer:center/eavesCount:0/latencyMS:100/seq:11/fileSize:153600/nodeType:Passive/nodeTypeIndex:8/meta:dup_blks_rcvd","measures":{"value":0}}
{"ts":1669476185029112119,"type":"point","name":"exType:baseline/permutationIndex:0/run:4/dialer:center/eavesCount:0/latencyMS:100/seq:11/fileSize:153600/nodeType:Passive/nodeTypeIndex:8/meta:msgs_rcvd","measures":{"value":2}}
{"ts":1669476185029189212,"type":"point","name":"exType:baseline/permutationIndex:0/run:4/dialer:center/eavesCount:0/latencyMS:100/seq:11/fileSize:153600/nodeType:Passive/nodeTypeIndex:8/meta:data_sent","measures":{"value":0}}
{"ts":1669476185029215666,"type":"point","name":"exType:baseline/permutationIndex:0/run:4/dialer:center/eavesCount:0/latencyMS:100/seq:11/fileSize:153600/nodeType:Passive/nodeTypeIndex:8/meta:data_rcvd","measures":{"value":0}}
{"ts":1669476185029235680,"type":"point","name":"exType:baseline/permutationIndex:0/run:4/dialer:center/eavesCount:0/latencyMS:100/seq:11/fileSize:153600/nodeType:Passive/nodeTypeIndex:8/meta:dup_data_rcvd","measures":{"value":0}}
{"ts":1669476185029254083,"type":"point","name":"exType:baseline/permutationIndex:0/run:4/dialer:center/eavesCount:0/latencyMS:100/seq:11/fileSize:153600/nodeType:Passive/nodeTypeIndex:8/meta:blks_sent","measures":{"value":0}}
{"ts":1669476185029273714,"type":"point","name":"exType:baseline/permutationIndex:0/run:4/dialer:center/eavesCount:0/latencyMS:100/seq:11/fileSize:153600/nodeType:Passive/nodeTypeIndex:8/meta:blks_rcvd","measures":{"value":0}}
{"ts":1669476185029293163,"type":"point","name":"exType:baseline/permutationIndex:0/run:4/dialer:center/eavesCount:0/latencyMS:100/seq:11/fileSize:153600/nodeType:Passive/nodeTypeIndex:8/meta:dup_blks_rcvd","measures":{"value":0}}
{"ts":1669476187642015581,"type":"point","name":"exType:baseline/permutationIndex:0/run:5/dialer:center/eavesCount:0/latencyMS:100/seq:11/fileSize:153600/nodeType:Passive/nodeTypeIndex:8/meta:msgs_rcvd","measures":{"value":20}}
{"ts":1669476187642139846,"type":"point","name":"exType:baseline/permutationIndex:0/run:5/dialer:center/eavesCount:0/latencyMS:100/seq:11/fileSize:153600/nodeType:Passive/nodeTypeIndex:8/meta:data_sent","measures":{"value":0}}
{"ts":1669476187642179312,"type":"point","name":"exType:baseline/permutationIndex:0/run:5/dialer:center/eavesCount:0/latencyMS:100/seq:11/fileSize:153600/nodeType:Passive/nodeTypeIndex:8/meta:data_rcvd","measures":{"value":0}}
{"ts":1669476187642203391,"type":"point","name":"exType:baseline/permutationIndex:0/run:5/dialer:center/eavesCount:0/latencyMS:100/seq:11/fileSize:153600/nodeType:Passive/nodeTypeIndex:8/meta:dup_data_rcvd","measures":{"value":0}}
{"ts":1669476187642229094,"type":"point","name":"exType:baseline/permutationIndex:0/run:5/dialer:center/eavesCount:0/latencyMS:100/seq:11/fileSize:153600/nodeType:Passive/nodeTypeIndex:8/meta:blks_sent","measures":{"value":0}}
{"ts":1669476187642255336,"type":"point","name":"exType:baseline/permutationIndex:0/run:5/dialer:center/eavesCount:0/latencyMS:100/seq:11/fileSize:153600/nodeType:Passive/nodeTypeIndex:8/meta:blks_rcvd","measures":{"value":0}}
{"ts":1669476187642283455,"type":"point","name":"exType:baseline/permutationIndex:0/run:5/dialer:center/eavesCount:0/latencyMS:100/seq:11/fileSize:153600/nodeType:Passive/nodeTypeIndex:8/meta:dup_blks_rcvd","measures":{"value":0}}
{"ts":1669476190233210237,"type":"point","name":"exType:baseline/permutationIndex:0/run:6/dialer:center/eavesCount:0/latencyMS:100/seq:11/fileSize:153600/nodeType:Passive/nodeTypeIndex:8/meta:msgs_rcvd","measures":{"value":26}}
{"ts":1669476190233329622,"type":"point","name":"exType:baseline/permutationIndex:0/run:6/dialer:center/eavesCount:0/latencyMS:100/seq:11/fileSize:153600/nodeType:Passive/nodeTypeIndex:8/meta:data_sent","measures":{"value":0}}
{"ts":1669476190233352617,"type":"point","name":"exType:baseline/permutationIndex:0/run:6/dialer:center/eavesCount:0/latencyMS:100/seq:11/fileSize:153600/nodeType:Passive/nodeTypeIndex:8/meta:data_rcvd","measures":{"value":0}}
{"ts":1669476190233374265,"type":"point","name":"exType:baseline/permutationIndex:0/run:6/dialer:center/eavesCount:0/latencyMS:100/seq:11/fileSize:153600/nodeType:Passive/nodeTypeIndex:8/meta:dup_data_rcvd","measures":{"value":0}}
{"ts":1669476190233396763,"type":"point","name":"exType:baseline/permutationIndex:0/run:6/dialer:center/eavesCount:0/latencyMS:100/seq:11/fileSize:153600/nodeType:Passive/nodeTypeIndex:8/meta:blks_sent","measures":{"value":0}}
{"ts":1669476190233412749,"type":"point","name":"exType:baseline/permutationIndex:0/run:6/dialer:center/eavesCount:0/latencyMS:100/seq:11/fileSize:153600/nodeType:Passive/nodeTypeIndex:8/meta:blks_rcvd","measures":{"value":0}}
{"ts":1669476190233431681,"type":"point","name":"exType:baseline/permutationIndex:0/run:6/dialer:center/eavesCount:0/latencyMS:100/seq:11/fileSize:153600/nodeType:Passive/nodeTypeIndex:8/meta:dup_blks_rcvd","measures":{"value":0}}
{"ts":1669476193149047073,"type":"point","name":"exType:baseline/permutationIndex:0/run:7/dialer:center/eavesCount:0/latencyMS:100/seq:11/fileSize:153600/nodeType:Passive/nodeTypeIndex:8/meta:msgs_rcvd","measures":{"value":11}}
{"ts":1669476193149073048,"type":"point","name":"exType:baseline/permutationIndex:0/run:7/dialer:center/eavesCount:0/latencyMS:100/seq:11/fileSize:153600/nodeType:Passive/nodeTypeIndex:8/meta:data_sent","measures":{"value":0}}
{"ts":1669476193149079762,"type":"point","name":"exType:baseline/permutationIndex:0/run:7/dialer:center/eavesCount:0/latencyMS:100/seq:11/fileSize:153600/nodeType:Passive/nodeTypeIndex:8/meta:data_rcvd","measures":{"value":0}}
{"ts":1669476193149084325,"type":"point","name":"exType:baseline/permutationIndex:0/run:7/dialer:center/eavesCount:0/latencyMS:100/seq:11/fileSize:153600/nodeType:Passive/nodeTypeIndex:8/meta:dup_data_rcvd","measures":{"value":0}}
{"ts":1669476193149088144,"type":"point","name":"exType:baseline/permutationIndex:0/run:7/dialer:center/eavesCount:0/latencyMS:100/seq:11/fileSize:153600/nodeType:Passive/nodeTypeIndex:8/meta:blks_sent","measures":{"value":0}}
{"ts":1669476193149092621,"type":"point","name":"exType:baseline/permutationIndex:0/run:7/dialer:center/eavesCount:0/latencyMS:100/seq:11/fileSize:153600/nodeType:Passive/nodeTypeIndex:8/meta:blks_rcvd","measures":{"value":0}}
{"ts":1669476193149096658,"type":"point","name":"exType:baseline/permutationIndex:0/run:7/dialer:center/eavesCount:0/latencyMS:100/seq:11/fileSize:153600/nodeType:Passive/nodeTypeIndex:8/meta:dup_blks_rcvd","measures":{"value":0}}
{"ts":1669476196485438971,"type":"point","name":"exType:baseline/permutationIndex:0/run:8/dialer:center/eavesCount:0/latencyMS:100/seq:11/fileSize:153600/nodeType:Passive/nodeTypeIndex:8/meta:msgs_rcvd","measures":{"value":4}}
{"ts":1669476196485459609,"type":"point","name":"exType:baseline/permutationIndex:0/run:8/dialer:center/eavesCount:0/latencyMS:100/seq:11/fileSize:153600/nodeType:Passive/nodeTypeIndex:8/meta:data_sent","measures":{"value":0}}
{"ts":1669476196485463196,"type":"point","name":"exType:baseline/permutationIndex:0/run:8/dialer:center/eavesCount:0/latencyMS:100/seq:11/fileSize:153600/nodeType:Passive/nodeTypeIndex:8/meta:data_rcvd","measures":{"value":0}}
{"ts":1669476196485466049,"type":"point","name":"exType:baseline/permutationIndex:0/run:8/dialer:center/eavesCount:0/latencyMS:100/seq:11/fileSize:153600/nodeType:Passive/nodeTypeIndex:8/meta:dup_data_rcvd","measures":{"value":0}}
{"ts":1669476196485468569,"type":"point","name":"exType:baseline/permutationIndex:0/run:8/dialer:center/eavesCount:0/latencyMS:100/seq:11/fileSize:153600/nodeType:Passive/nodeTypeIndex:8/meta:blks_sent","measures":{"value":0}}
{"ts":1669476196485476835,"type":"point","name":"exType:baseline/permutationIndex:0/run:8/dialer:center/eavesCount:0/latencyMS:100/seq:11/fileSize:153600/nodeType:Passive/nodeTypeIndex:8/meta:blks_rcvd","measures":{"value":0}}
{"ts":1669476196485479505,"type":"point","name":"exType:baseline/permutationIndex:0/run:8/dialer:center/eavesCount:0/latencyMS:100/seq:11/fileSize:153600/nodeType:Passive/nodeTypeIndex:8/meta:dup_blks_rcvd","measures":{"value":0}}
{"ts":1669476199599340115,"type":"point","name":"exType:baseline/permutationIndex:0/run:9/dialer:center/eavesCount:0/latencyMS:100/seq:11/fileSize:153600/nodeType:Passive/nodeTypeIndex:8/meta:msgs_rcvd","measures":{"value":2}}
{"ts":1669476199599363666,"type":"point","name":"exType:baseline/permutationIndex:0/run:9/dialer:center/eavesCount:0/latencyMS:100/seq:11/fileSize:153600/nodeType:Passive/nodeTypeIndex:8/meta:data_sent","measures":{"value":0}}
{"ts":1669476199599366297,"type":"point","name":"exType:baseline/permutationIndex:0/run:9/dialer:center/eavesCount:0/latencyMS:100/seq:11/fileSize:153600/nodeType:Passive/nodeTypeIndex:8/meta:data_rcvd","measures":{"value":0}}
{"ts":1669476199599367897,"type":"point","name":"exType:baseline/permutationIndex:0/run:9/dialer:center/eavesCount:0/latencyMS:100/seq:11/fileSize:153600/nodeType:Passive/nodeTypeIndex:8/meta:dup_data_rcvd","measures":{"value":0}}
{"ts":1669476199599369522,"type":"point","name":"exType:baseline/permutationIndex:0/run:9/dialer:center/eavesCount:0/latencyMS:100/seq:11/fileSize:153600/nodeType:Passive/nodeTypeIndex:8/meta:blks_sent","measures":{"value":0}}
{"ts":1669476199599370976,"type":"point","name":"exType:baseline/permutationIndex:0/run:9/dialer:center/eavesCount:0/latencyMS:100/seq:11/fileSize:153600/nodeType:Passive/nodeTypeIndex:8/meta:blks_rcvd","measures":{"value":0}}
{"ts":1669476199599372406,"type":"point","name":"exType:baseline/permutationIndex:0/run:9/dialer:center/eavesCount:0/latencyMS:100/seq:11/fileSize:153600/nodeType:Passive/nodeTypeIndex:8/meta:dup_blks_rcvd","measures":{"value":0}}
{"ts":1669476202936375396,"type":"point","name":"exType:baseline/permutationIndex:0/run:10/dialer:center/eavesCount:0/latencyMS:100/seq:11/fileSize:153600/nodeType:Passive/nodeTypeIndex:8/meta:msgs_rcvd","measures":{"value":11}}
{"ts":1669476202936411197,"type":"point","name":"exType:baseline/permutationIndex:0/run:10/dialer:center/eavesCount:0/latencyMS:100/seq:11/fileSize:153600/nodeType:Passive/nodeTypeIndex:8/meta:data_sent","measures":{"value":0}}
{"ts":1669476202936422272,"type":"point","name":"exType:baseline/permutationIndex:0/run:10/dialer:center/eavesCount:0/latencyMS:100/seq:11/fileSize:153600/nodeType:Passive/nodeTypeIndex:8/meta:data_rcvd","measures":{"value":0}}
{"ts":1669476202936428682,"type":"point","name":"exType:baseline/permutationIndex:0/run:10/dialer:center/eavesCount:0/latencyMS:100/seq:11/fileSize:153600/nodeType:Passive/nodeTypeIndex:8/meta:dup_data_rcvd","measures":{"value":0}}
{"ts":1669476202936434402,"type":"point","name":"exType:baseline/permutationIndex:0/run:10/dialer:center/eavesCount:0/latencyMS:100/seq:11/fileSize:153600/nodeType:Passive/nodeTypeIndex:8/meta:blks_sent","measures":{"value":0}}
{"ts":1669476202936439986,"type":"point","name":"exType:baseline/permutationIndex:0/run:10/dialer:center/eavesCount:0/latencyMS:100/seq:11/fileSize:153600/nodeType:Passive/nodeTypeIndex:8/meta:blks_rcvd","measures":{"value":0}}
{"ts":1669476202936445352,"type":"point","name":"exType:baseline/permutationIndex:0/run:10/dialer:center/eavesCount:0/latencyMS:100/seq:11/fileSize:153600/nodeType:Passive/nodeTypeIndex:8/meta:dup_blks_rcvd","measures":{"value":0}}
{"ts":1669476205859584394,"type":"point","name":"exType:baseline/permutationIndex:0/run:11/dialer:center/eavesCount:0/latencyMS:100/seq:11/fileSize:153600/nodeType:Passive/nodeTypeIndex:8/meta:msgs_rcvd","measures":{"value":29}}
{"ts":1669476205859611474,"type":"point","name":"exType:baseline/permutationIndex:0/run:11/dialer:center/eavesCount:0/latencyMS:100/seq:11/fileSize:153600/nodeType:Passive/nodeTypeIndex:8/meta:data_sent","measures":{"value":0}}
{"ts":1669476205859624321,"type":"point","name":"exType:baseline/permutationIndex:0/run:11/dialer:center/eavesCount:0/latencyMS:100/seq:11/fileSize:153600/nodeType:Passive/nodeTypeIndex:8/meta:data_rcvd","measures":{"value":0}}
{"ts":1669476205859627728,"type":"point","name":"exType:baseline/permutationIndex:0/run:11/dialer:center/eavesCount:0/latencyMS:100/seq:11/fileSize:153600/nodeType:Passive/nodeTypeIndex:8/meta:dup_data_rcvd","measures":{"value":0}}
{"ts":1669476205859632205,"type":"point","name":"exType:baseline/permutationIndex:0/run:11/dialer:center/eavesCount:0/latencyMS:100/seq:11/fileSize:153600/nodeType:Passive/nodeTypeIndex:8/meta:blks_sent","measures":{"value":0}}
{"ts":1669476205859635968,"type":"point","name":"exType:baseline/permutationIndex:0/run:11/dialer:center/eavesCount:0/latencyMS:100/seq:11/fileSize:153600/nodeType:Passive/nodeTypeIndex:8/meta:blks_rcvd","measures":{"value":0}}
{"ts":1669476205859640054,"type":"point","name":"exType:baseline/permutationIndex:0/run:11/dialer:center/eavesCount:0/latencyMS:100/seq:11/fileSize:153600/nodeType:Passive/nodeTypeIndex:8/meta:dup_blks_rcvd","measures":{"value":0}}
{"ts":1669476208447903120,"type":"point","name":"exType:baseline/permutationIndex:0/run:12/dialer:center/eavesCount:0/latencyMS:100/seq:11/fileSize:153600/nodeType:Passive/nodeTypeIndex:8/meta:msgs_rcvd","measures":{"value":31}}
{"ts":1669476208447926867,"type":"point","name":"exType:baseline/permutationIndex:0/run:12/dialer:center/eavesCount:0/latencyMS:100/seq:11/fileSize:153600/nodeType:Passive/nodeTypeIndex:8/meta:data_sent","measures":{"value":0}}
{"ts":1669476208447932836,"type":"point","name":"exType:baseline/permutationIndex:0/run:12/dialer:center/eavesCount:0/latencyMS:100/seq:11/fileSize:153600/nodeType:Passive/nodeTypeIndex:8/meta:data_rcvd","measures":{"value":0}}
{"ts":1669476208447936367,"type":"point","name":"exType:baseline/permutationIndex:0/run:12/dialer:center/eavesCount:0/latencyMS:100/seq:11/fileSize:153600/nodeType:Passive/nodeTypeIndex:8/meta:dup_data_rcvd","measures":{"value":0}}
{"ts":1669476208447939929,"type":"point","name":"exType:baseline/permutationIndex:0/run:12/dialer:center/eavesCount:0/latencyMS:100/seq:11/fileSize:153600/nodeType:Passive/nodeTypeIndex:8/meta:blks_sent","measures":{"value":0}}
{"ts":1669476208447943326,"type":"point","name":"exType:baseline/permutationIndex:0/run:12/dialer:center/eavesCount:0/latencyMS:100/seq:11/fileSize:153600/nodeType:Passive/nodeTypeIndex:8/meta:blks_rcvd","measures":{"value":0}}
{"ts":1669476208447947217,"type":"point","name":"exType:baseline/permutationIndex:0/run:12/dialer:center/eavesCount:0/latencyMS:100/seq:11/fileSize:153600/nodeType:Passive/nodeTypeIndex:8/meta:dup_blks_rcvd","measures":{"value":0}}
{"ts":1669476211192194091,"type":"point","name":"exType:baseline/permutationIndex:0/run:13/dialer:center/eavesCount:0/latencyMS:100/seq:11/fileSize:153600/nodeType:Passive/nodeTypeIndex:8/meta:msgs_rcvd","measures":{"value":2}}
{"ts":1669476211192295392,"type":"point","name":"exType:baseline/permutationIndex:0/run:13/dialer:center/eavesCount:0/latencyMS:100/seq:11/fileSize:153600/nodeType:Passive/nodeTypeIndex:8/meta:data_sent","measures":{"value":0}}
{"ts":1669476211192321688,"type":"point","name":"exType:baseline/permutationIndex:0/run:13/dialer:center/eavesCount:0/latencyMS:100/seq:11/fileSize:153600/nodeType:Passive/nodeTypeIndex:8/meta:data_rcvd","measures":{"value":0}}
{"ts":1669476211192340921,"type":"point","name":"exType:baseline/permutationIndex:0/run:13/dialer:center/eavesCount:0/latencyMS:100/seq:11/fileSize:153600/nodeType:Passive/nodeTypeIndex:8/meta:dup_data_rcvd","measures":{"value":0}}
{"ts":1669476211192360856,"type":"point","name":"exType:baseline/permutationIndex:0/run:13/dialer:center/eavesCount:0/latencyMS:100/seq:11/fileSize:153600/nodeType:Passive/nodeTypeIndex:8/meta:blks_sent","measures":{"value":0}}
{"ts":1669476211192379367,"type":"point","name":"exType:baseline/permutationIndex:0/run:13/dialer:center/eavesCount:0/latencyMS:100/seq:11/fileSize:153600/nodeType:Passive/nodeTypeIndex:8/meta:blks_rcvd","measures":{"value":0}}
{"ts":1669476211192435779,"type":"point","name":"exType:baseline/permutationIndex:0/run:13/dialer:center/eavesCount:0/latencyMS:100/seq:11/fileSize:153600/nodeType:Passive/nodeTypeIndex:8/meta:dup_blks_rcvd","measures":{"value":0}}
{"ts":1669476214045454341,"type":"point","name":"exType:baseline/permutationIndex:0/run:14/dialer:center/eavesCount:0/latencyMS:100/seq:11/fileSize:153600/nodeType:Passive/nodeTypeIndex:8/meta:msgs_rcvd","measures":{"value":43}}
{"ts":1669476214045559514,"type":"point","name":"exType:baseline/permutationIndex:0/run:14/dialer:center/eavesCount:0/latencyMS:100/seq:11/fileSize:153600/nodeType:Passive/nodeTypeIndex:8/meta:data_sent","measures":{"value":0}}
{"ts":1669476214045587303,"type":"point","name":"exType:baseline/permutationIndex:0/run:14/dialer:center/eavesCount:0/latencyMS:100/seq:11/fileSize:153600/nodeType:Passive/nodeTypeIndex:8/meta:data_rcvd","measures":{"value":0}}
{"ts":1669476214045607867,"type":"point","name":"exType:baseline/permutationIndex:0/run:14/dialer:center/eavesCount:0/latencyMS:100/seq:11/fileSize:153600/nodeType:Passive/nodeTypeIndex:8/meta:dup_data_rcvd","measures":{"value":0}}
{"ts":1669476214045626572,"type":"point","name":"exType:baseline/permutationIndex:0/run:14/dialer:center/eavesCount:0/latencyMS:100/seq:11/fileSize:153600/nodeType:Passive/nodeTypeIndex:8/meta:blks_sent","measures":{"value":0}}
{"ts":1669476214045645095,"type":"point","name":"exType:baseline/permutationIndex:0/run:14/dialer:center/eavesCount:0/latencyMS:100/seq:11/fileSize:153600/nodeType:Passive/nodeTypeIndex:8/meta:blks_rcvd","measures":{"value":0}}
{"ts":1669476214045665883,"type":"point","name":"exType:baseline/permutationIndex:0/run:14/dialer:center/eavesCount:0/latencyMS:100/seq:11/fileSize:153600/nodeType:Passive/nodeTypeIndex:8/meta:dup_blks_rcvd","measures":{"value":0}}
{"ts":1669476217364332255,"type":"point","name":"exType:baseline/permutationIndex:0/run:15/dialer:center/eavesCount:0/latencyMS:100/seq:11/fileSize:153600/nodeType:Passive/nodeTypeIndex:8/meta:msgs_rcvd","measures":{"value":44}}
{"ts":1669476217364352496,"type":"point","name":"exType:baseline/permutationIndex:0/run:15/dialer:center/eavesCount:0/latencyMS:100/seq:11/fileSize:153600/nodeType:Passive/nodeTypeIndex:8/meta:data_sent","measures":{"value":0}}
{"ts":1669476217364356712,"type":"point","name":"exType:baseline/permutationIndex:0/run:15/dialer:center/eavesCount:0/latencyMS:100/seq:11/fileSize:153600/nodeType:Passive/nodeTypeIndex:8/meta:data_rcvd","measures":{"value":0}}
{"ts":1669476217364359318,"type":"point","name":"exType:baseline/permutationIndex:0/run:15/dialer:center/eavesCount:0/latencyMS:100/seq:11/fileSize:153600/nodeType:Passive/nodeTypeIndex:8/meta:dup_data_rcvd","measures":{"value":0}}
{"ts":1669476217364362512,"type":"point","name":"exType:baseline/permutationIndex:0/run:15/dialer:center/eavesCount:0/latencyMS:100/seq:11/fileSize:153600/nodeType:Passive/nodeTypeIndex:8/meta:blks_sent","measures":{"value":0}}
{"ts":1669476217364364731,"type":"point","name":"exType:baseline/permutationIndex:0/run:15/dialer:center/eavesCount:0/latencyMS:100/seq:11/fileSize:153600/nodeType:Passive/nodeTypeIndex:8/meta:blks_rcvd","measures":{"value":0}}
{"ts":1669476217364366807,"type":"point","name":"exType:baseline/permutationIndex:0/run:15/dialer:center/eavesCount:0/latencyMS:100/seq:11/fileSize:153600/nodeType:Passive/nodeTypeIndex:8/meta:dup_blks_rcvd","measures":{"value":0}}
{"ts":1669476220871371151,"type":"point","name":"exType:baseline/permutationIndex:0/run:16/dialer:center/eavesCount:0/latencyMS:100/seq:11/fileSize:153600/nodeType:Passive/nodeTypeIndex:8/meta:msgs_rcvd","measures":{"value":53}}
{"ts":1669476220871493477,"type":"point","name":"exType:baseline/permutationIndex:0/run:16/dialer:center/eavesCount:0/latencyMS:100/seq:11/fileSize:153600/nodeType:Passive/nodeTypeIndex:8/meta:data_sent","measures":{"value":0}}
{"ts":1669476220871527749,"type":"point","name":"exType:baseline/permutationIndex:0/run:16/dialer:center/eavesCount:0/latencyMS:100/seq:11/fileSize:153600/nodeType:Passive/nodeTypeIndex:8/meta:data_rcvd","measures":{"value":0}}
{"ts":1669476220871595004,"type":"point","name":"exType:baseline/permutationIndex:0/run:16/dialer:center/eavesCount:0/latencyMS:100/seq:11/fileSize:153600/nodeType:Passive/nodeTypeIndex:8/meta:dup_data_rcvd","measures":{"value":0}}
{"ts":1669476220871619562,"type":"point","name":"exType:baseline/permutationIndex:0/run:16/dialer:center/eavesCount:0/latencyMS:100/seq:11/fileSize:153600/nodeType:Passive/nodeTypeIndex:8/meta:blks_sent","measures":{"value":0}}
{"ts":1669476220871643932,"type":"point","name":"exType:baseline/permutationIndex:0/run:16/dialer:center/eavesCount:0/latencyMS:100/seq:11/fileSize:153600/nodeType:Passive/nodeTypeIndex:8/meta:blks_rcvd","measures":{"value":0}}
{"ts":1669476220871662553,"type":"point","name":"exType:baseline/permutationIndex:0/run:16/dialer:center/eavesCount:0/latencyMS:100/seq:11/fileSize:153600/nodeType:Passive/nodeTypeIndex:8/meta:dup_blks_rcvd","measures":{"value":0}}
{"ts":1669476224236161710,"type":"point","name":"exType:baseline/permutationIndex:0/run:17/dialer:center/eavesCount:0/latencyMS:100/seq:11/fileSize:153600/nodeType:Passive/nodeTypeIndex:8/meta:msgs_rcvd","measures":{"value":50}}
{"ts":1669476224236248665,"type":"point","name":"exType:baseline/permutationIndex:0/run:17/dialer:center/eavesCount:0/latencyMS:100/seq:11/fileSize:153600/nodeType:Passive/nodeTypeIndex:8/meta:data_sent","measures":{"value":0}}
{"ts":1669476224236272910,"type":"point","name":"exType:baseline/permutationIndex:0/run:17/dialer:center/eavesCount:0/latencyMS:100/seq:11/fileSize:153600/nodeType:Passive/nodeTypeIndex:8/meta:data_rcvd","measures":{"value":0}}
{"ts":1669476224236292905,"type":"point","name":"exType:baseline/permutationIndex:0/run:17/dialer:center/eavesCount:0/latencyMS:100/seq:11/fileSize:153600/nodeType:Passive/nodeTypeIndex:8/meta:dup_data_rcvd","measures":{"value":0}}
{"ts":1669476224236312911,"type":"point","name":"exType:baseline/permutationIndex:0/run:17/dialer:center/eavesCount:0/latencyMS:100/seq:11/fileSize:153600/nodeType:Passive/nodeTypeIndex:8/meta:blks_sent","measures":{"value":0}}
{"ts":1669476224236332300,"type":"point","name":"exType:baseline/permutationIndex:0/run:17/dialer:center/eavesCount:0/latencyMS:100/seq:11/fileSize:153600/nodeType:Passive/nodeTypeIndex:8/meta:blks_rcvd","measures":{"value":0}}
{"ts":1669476224236351948,"type":"point","name":"exType:baseline/permutationIndex:0/run:17/dialer:center/eavesCount:0/latencyMS:100/seq:11/fileSize:153600/nodeType:Passive/nodeTypeIndex:8/meta:dup_blks_rcvd","measures":{"value":0}}
{"ts":1669476227155544478,"type":"point","name":"exType:baseline/permutationIndex:0/run:18/dialer:center/eavesCount:0/latencyMS:100/seq:11/fileSize:153600/nodeType:Passive/nodeTypeIndex:8/meta:msgs_rcvd","measures":{"value":58}}
{"ts":1669476227155569990,"type":"point","name":"exType:baseline/permutationIndex:0/run:18/dialer:center/eavesCount:0/latencyMS:100/seq:11/fileSize:153600/nodeType:Passive/nodeTypeIndex:8/meta:data_sent","measures":{"value":0}}
{"ts":1669476227155575967,"type":"point","name":"exType:baseline/permutationIndex:0/run:18/dialer:center/eavesCount:0/latencyMS:100/seq:11/fileSize:153600/nodeType:Passive/nodeTypeIndex:8/meta:data_rcvd","measures":{"value":0}}
{"ts":1669476227155579449,"type":"point","name":"exType:baseline/permutationIndex:0/run:18/dialer:center/eavesCount:0/latencyMS:100/seq:11/fileSize:153600/nodeType:Passive/nodeTypeIndex:8/meta:dup_data_rcvd","measures":{"value":0}}
{"ts":1669476227155582686,"type":"point","name":"exType:baseline/permutationIndex:0/run:18/dialer:center/eavesCount:0/latencyMS:100/seq:11/fileSize:153600/nodeType:Passive/nodeTypeIndex:8/meta:blks_sent","measures":{"value":0}}
{"ts":1669476227155585866,"type":"point","name":"exType:baseline/permutationIndex:0/run:18/dialer:center/eavesCount:0/latencyMS:100/seq:11/fileSize:153600/nodeType:Passive/nodeTypeIndex:8/meta:blks_rcvd","measures":{"value":0}}
{"ts":1669476227155589106,"type":"point","name":"exType:baseline/permutationIndex:0/run:18/dialer:center/eavesCount:0/latencyMS:100/seq:11/fileSize:153600/nodeType:Passive/nodeTypeIndex:8/meta:dup_blks_rcvd","measures":{"value":0}}
{"ts":1669476232065973015,"type":"point","name":"exType:baseline/permutationIndex:0/run:19/dialer:center/eavesCount:0/latencyMS:100/seq:11/fileSize:153600/nodeType:Passive/nodeTypeIndex:8/meta:msgs_rcvd","measures":{"value":92}}
{"ts":1669476232065991652,"type":"point","name":"exType:baseline/permutationIndex:0/run:19/dialer:center/eavesCount:0/latencyMS:100/seq:11/fileSize:153600/nodeType:Passive/nodeTypeIndex:8/meta:data_sent","measures":{"value":0}}
{"ts":1669476232065995149,"type":"point","name":"exType:baseline/permutationIndex:0/run:19/dialer:center/eavesCount:0/latencyMS:100/seq:11/fileSize:153600/nodeType:Passive/nodeTypeIndex:8/meta:data_rcvd","measures":{"value":0}}
{"ts":1669476232065997836,"type":"point","name":"exType:baseline/permutationIndex:0/run:19/dialer:center/eavesCount:0/latencyMS:100/seq:11/fileSize:153600/nodeType:Passive/nodeTypeIndex:8/meta:dup_data_rcvd","measures":{"value":0}}
{"ts":1669476232066000604,"type":"point","name":"exType:baseline/permutationIndex:0/run:19/dialer:center/eavesCount:0/latencyMS:100/seq:11/fileSize:153600/nodeType:Passive/nodeTypeIndex:8/meta:blks_sent","measures":{"value":0}}
{"ts":1669476232066003189,"type":"point","name":"exType:baseline/permutationIndex:0/run:19/dialer:center/eavesCount:0/latencyMS:100/seq:11/fileSize:153600/nodeType:Passive/nodeTypeIndex:8/meta:blks_rcvd","measures":{"value":0}}
{"ts":1669476232066005968,"type":"point","name":"exType:baseline/permutationIndex:0/run:19/dialer:center/eavesCount:0/latencyMS:100/seq:11/fileSize:153600/nodeType:Passive/nodeTypeIndex:8/meta:dup_blks_rcvd","measures":{"value":0}}
{"ts":1669476235878831508,"type":"point","name":"exType:baseline/permutationIndex:0/run:20/dialer:center/eavesCount:0/latencyMS:100/seq:11/fileSize:153600/nodeType:Passive/nodeTypeIndex:8/meta:msgs_rcvd","measures":{"value":56}}
{"ts":1669476235879023967,"type":"point","name":"exType:baseline/permutationIndex:0/run:20/dialer:center/eavesCount:0/latencyMS:100/seq:11/fileSize:153600/nodeType:Passive/nodeTypeIndex:8/meta:data_sent","measures":{"value":0}}
{"ts":1669476235879356252,"type":"point","name":"exType:baseline/permutationIndex:0/run:20/dialer:center/eavesCount:0/latencyMS:100/seq:11/fileSize:153600/nodeType:Passive/nodeTypeIndex:8/meta:data_rcvd","measures":{"value":0}}
{"ts":1669476235879391003,"type":"point","name":"exType:baseline/permutationIndex:0/run:20/dialer:center/eavesCount:0/latencyMS:100/seq:11/fileSize:153600/nodeType:Passive/nodeTypeIndex:8/meta:dup_data_rcvd","measures":{"value":0}}
{"ts":1669476235879412786,"type":"point","name":"exType:baseline/permutationIndex:0/run:20/dialer:center/eavesCount:0/latencyMS:100/seq:11/fileSize:153600/nodeType:Passive/nodeTypeIndex:8/meta:blks_sent","measures":{"value":0}}
{"ts":1669476235879432986,"type":"point","name":"exType:baseline/permutationIndex:0/run:20/dialer:center/eavesCount:0/latencyMS:100/seq:11/fileSize:153600/nodeType:Passive/nodeTypeIndex:8/meta:blks_rcvd","measures":{"value":0}}
{"ts":1669476235879453263,"type":"point","name":"exType:baseline/permutationIndex:0/run:20/dialer:center/eavesCount:0/latencyMS:100/seq:11/fileSize:153600/nodeType:Passive/nodeTypeIndex:8/meta:dup_blks_rcvd","measures":{"value":0}}
{"ts":1669476238763523757,"type":"point","name":"exType:baseline/permutationIndex:0/run:21/dialer:center/eavesCount:0/latencyMS:100/seq:11/fileSize:153600/nodeType:Passive/nodeTypeIndex:8/meta:msgs_rcvd","measures":{"value":33}}
{"ts":1669476238763556650,"type":"point","name":"exType:baseline/permutationIndex:0/run:21/dialer:center/eavesCount:0/latencyMS:100/seq:11/fileSize:153600/nodeType:Passive/nodeTypeIndex:8/meta:data_sent","measures":{"value":0}}
{"ts":1669476238763564913,"type":"point","name":"exType:baseline/permutationIndex:0/run:21/dialer:center/eavesCount:0/latencyMS:100/seq:11/fileSize:153600/nodeType:Passive/nodeTypeIndex:8/meta:data_rcvd","measures":{"value":0}}
{"ts":1669476238763570565,"type":"point","name":"exType:baseline/permutationIndex:0/run:21/dialer:center/eavesCount:0/latencyMS:100/seq:11/fileSize:153600/nodeType:Passive/nodeTypeIndex:8/meta:dup_data_rcvd","measures":{"value":0}}
{"ts":1669476238763585631,"type":"point","name":"exType:baseline/permutationIndex:0/run:21/dialer:center/eavesCount:0/latencyMS:100/seq:11/fileSize:153600/nodeType:Passive/nodeTypeIndex:8/meta:blks_sent","measures":{"value":0}}
{"ts":1669476238763590921,"type":"point","name":"exType:baseline/permutationIndex:0/run:21/dialer:center/eavesCount:0/latencyMS:100/seq:11/fileSize:153600/nodeType:Passive/nodeTypeIndex:8/meta:blks_rcvd","measures":{"value":0}}
{"ts":1669476238763596264,"type":"point","name":"exType:baseline/permutationIndex:0/run:21/dialer:center/eavesCount:0/latencyMS:100/seq:11/fileSize:153600/nodeType:Passive/nodeTypeIndex:8/meta:dup_blks_rcvd","measures":{"value":0}}
{"ts":1669476241670236833,"type":"point","name":"exType:baseline/permutationIndex:0/run:22/dialer:center/eavesCount:0/latencyMS:100/seq:11/fileSize:153600/nodeType:Passive/nodeTypeIndex:8/meta:msgs_rcvd","measures":{"value":2}}
{"ts":1669476241670258706,"type":"point","name":"exType:baseline/permutationIndex:0/run:22/dialer:center/eavesCount:0/latencyMS:100/seq:11/fileSize:153600/nodeType:Passive/nodeTypeIndex:8/meta:data_sent","measures":{"value":0}}
{"ts":1669476241670262070,"type":"point","name":"exType:baseline/permutationIndex:0/run:22/dialer:center/eavesCount:0/latencyMS:100/seq:11/fileSize:153600/nodeType:Passive/nodeTypeIndex:8/meta:data_rcvd","measures":{"value":0}}
{"ts":1669476241670264996,"type":"point","name":"exType:baseline/permutationIndex:0/run:22/dialer:center/eavesCount:0/latencyMS:100/seq:11/fileSize:153600/nodeType:Passive/nodeTypeIndex:8/meta:dup_data_rcvd","measures":{"value":0}}
{"ts":1669476241670267715,"type":"point","name":"exType:baseline/permutationIndex:0/run:22/dialer:center/eavesCount:0/latencyMS:100/seq:11/fileSize:153600/nodeType:Passive/nodeTypeIndex:8/meta:blks_sent","measures":{"value":0}}
{"ts":1669476241670270046,"type":"point","name":"exType:baseline/permutationIndex:0/run:22/dialer:center/eavesCount:0/latencyMS:100/seq:11/fileSize:153600/nodeType:Passive/nodeTypeIndex:8/meta:blks_rcvd","measures":{"value":0}}
{"ts":1669476241670272162,"type":"point","name":"exType:baseline/permutationIndex:0/run:22/dialer:center/eavesCount:0/latencyMS:100/seq:11/fileSize:153600/nodeType:Passive/nodeTypeIndex:8/meta:dup_blks_rcvd","measures":{"value":0}}
{"ts":1669476244381108527,"type":"point","name":"exType:baseline/permutationIndex:0/run:23/dialer:center/eavesCount:0/latencyMS:100/seq:11/fileSize:153600/nodeType:Passive/nodeTypeIndex:8/meta:msgs_rcvd","measures":{"value":31}}
{"ts":1669476244381130158,"type":"point","name":"exType:baseline/permutationIndex:0/run:23/dialer:center/eavesCount:0/latencyMS:100/seq:11/fileSize:153600/nodeType:Passive/nodeTypeIndex:8/meta:data_sent","measures":{"value":0}}
{"ts":1669476244381134045,"type":"point","name":"exType:baseline/permutationIndex:0/run:23/dialer:center/eavesCount:0/latencyMS:100/seq:11/fileSize:153600/nodeType:Passive/nodeTypeIndex:8/meta:data_rcvd","measures":{"value":0}}
{"ts":1669476244381137128,"type":"point","name":"exType:baseline/permutationIndex:0/run:23/dialer:center/eavesCount:0/latencyMS:100/seq:11/fileSize:153600/nodeType:Passive/nodeTypeIndex:8/meta:dup_data_rcvd","measures":{"value":0}}
{"ts":1669476244381140011,"type":"point","name":"exType:baseline/permutationIndex:0/run:23/dialer:center/eavesCount:0/latencyMS:100/seq:11/fileSize:153600/nodeType:Passive/nodeTypeIndex:8/meta:blks_sent","measures":{"value":0}}
{"ts":1669476244381143088,"type":"point","name":"exType:baseline/permutationIndex:0/run:23/dialer:center/eavesCount:0/latencyMS:100/seq:11/fileSize:153600/nodeType:Passive/nodeTypeIndex:8/meta:blks_rcvd","measures":{"value":0}}
{"ts":1669476244381145927,"type":"point","name":"exType:baseline/permutationIndex:0/run:23/dialer:center/eavesCount:0/latencyMS:100/seq:11/fileSize:153600/nodeType:Passive/nodeTypeIndex:8/meta:dup_blks_rcvd","measures":{"value":0}}
{"ts":1669476247292384874,"type":"point","name":"exType:baseline/permutationIndex:0/run:24/dialer:center/eavesCount:0/latencyMS:100/seq:11/fileSize:153600/nodeType:Passive/nodeTypeIndex:8/meta:msgs_rcvd","measures":{"value":53}}
{"ts":1669476247292408541,"type":"point","name":"exType:baseline/permutationIndex:0/run:24/dialer:center/eavesCount:0/latencyMS:100/seq:11/fileSize:153600/nodeType:Passive/nodeTypeIndex:8/meta:data_sent","measures":{"value":0}}
{"ts":1669476247292411968,"type":"point","name":"exType:baseline/permutationIndex:0/run:24/dialer:center/eavesCount:0/latencyMS:100/seq:11/fileSize:153600/nodeType:Passive/nodeTypeIndex:8/meta:data_rcvd","measures":{"value":0}}
{"ts":1669476247292414766,"type":"point","name":"exType:baseline/permutationIndex:0/run:24/dialer:center/eavesCount:0/latencyMS:100/seq:11/fileSize:153600/nodeType:Passive/nodeTypeIndex:8/meta:dup_data_rcvd","measures":{"value":0}}
{"ts":1669476247292417080,"type":"point","name":"exType:baseline/permutationIndex:0/run:24/dialer:center/eavesCount:0/latencyMS:100/seq:11/fileSize:153600/nodeType:Passive/nodeTypeIndex:8/meta:blks_sent","measures":{"value":0}}
{"ts":1669476247292419538,"type":"point","name":"exType:baseline/permutationIndex:0/run:24/dialer:center/eavesCount:0/latencyMS:100/seq:11/fileSize:153600/nodeType:Passive/nodeTypeIndex:8/meta:blks_rcvd","measures":{"value":0}}
{"ts":1669476247292422273,"type":"point","name":"exType:baseline/permutationIndex:0/run:24/dialer:center/eavesCount:0/latencyMS:100/seq:11/fileSize:153600/nodeType:Passive/nodeTypeIndex:8/meta:dup_blks_rcvd","measures":{"value":0}}
{"ts":1669476250167366195,"type":"point","name":"exType:baseline/permutationIndex:0/run:25/dialer:center/eavesCount:0/latencyMS:100/seq:11/fileSize:153600/nodeType:Passive/nodeTypeIndex:8/meta:msgs_rcvd","measures":{"value":37}}
{"ts":1669476250167448826,"type":"point","name":"exType:baseline/permutationIndex:0/run:25/dialer:center/eavesCount:0/latencyMS:100/seq:11/fileSize:153600/nodeType:Passive/nodeTypeIndex:8/meta:data_sent","measures":{"value":0}}
{"ts":1669476250167476865,"type":"point","name":"exType:baseline/permutationIndex:0/run:25/dialer:center/eavesCount:0/latencyMS:100/seq:11/fileSize:153600/nodeType:Passive/nodeTypeIndex:8/meta:data_rcvd","measures":{"value":0}}
{"ts":1669476250167499326,"type":"point","name":"exType:baseline/permutationIndex:0/run:25/dialer:center/eavesCount:0/latencyMS:100/seq:11/fileSize:153600/nodeType:Passive/nodeTypeIndex:8/meta:dup_data_rcvd","measures":{"value":0}}
{"ts":1669476250167520345,"type":"point","name":"exType:baseline/permutationIndex:0/run:25/dialer:center/eavesCount:0/latencyMS:100/seq:11/fileSize:153600/nodeType:Passive/nodeTypeIndex:8/meta:blks_sent","measures":{"value":0}}
{"ts":1669476250167540395,"type":"point","name":"exType:baseline/permutationIndex:0/run:25/dialer:center/eavesCount:0/latencyMS:100/seq:11/fileSize:153600/nodeType:Passive/nodeTypeIndex:8/meta:blks_rcvd","measures":{"value":0}}
{"ts":1669476250167561986,"type":"point","name":"exType:baseline/permutationIndex:0/run:25/dialer:center/eavesCount:0/latencyMS:100/seq:11/fileSize:153600/nodeType:Passive/nodeTypeIndex:8/meta:dup_blks_rcvd","measures":{"value":0}}
{"ts":1669476252884736117,"type":"point","name":"exType:baseline/permutationIndex:0/run:26/dialer:center/eavesCount:0/latencyMS:100/seq:11/fileSize:153600/nodeType:Passive/nodeTypeIndex:8/meta:msgs_rcvd","measures":{"value":31}}
{"ts":1669476252884761750,"type":"point","name":"exType:baseline/permutationIndex:0/run:26/dialer:center/eavesCount:0/latencyMS:100/seq:11/fileSize:153600/nodeType:Passive/nodeTypeIndex:8/meta:data_sent","measures":{"value":0}}
{"ts":1669476252884765360,"type":"point","name":"exType:baseline/permutationIndex:0/run:26/dialer:center/eavesCount:0/latencyMS:100/seq:11/fileSize:153600/nodeType:Passive/nodeTypeIndex:8/meta:data_rcvd","measures":{"value":0}}
{"ts":1669476252884767129,"type":"point","name":"exType:baseline/permutationIndex:0/run:26/dialer:center/eavesCount:0/latencyMS:100/seq:11/fileSize:153600/nodeType:Passive/nodeTypeIndex:8/meta:dup_data_rcvd","measures":{"value":0}}
{"ts":1669476252884775878,"type":"point","name":"exType:baseline/permutationIndex:0/run:26/dialer:center/eavesCount:0/latencyMS:100/seq:11/fileSize:153600/nodeType:Passive/nodeTypeIndex:8/meta:blks_sent","measures":{"value":0}}
{"ts":1669476252884777739,"type":"point","name":"exType:baseline/permutationIndex:0/run:26/dialer:center/eavesCount:0/latencyMS:100/seq:11/fileSize:153600/nodeType:Passive/nodeTypeIndex:8/meta:blks_rcvd","measures":{"value":0}}
{"ts":1669476252884780109,"type":"point","name":"exType:baseline/permutationIndex:0/run:26/dialer:center/eavesCount:0/latencyMS:100/seq:11/fileSize:153600/nodeType:Passive/nodeTypeIndex:8/meta:dup_blks_rcvd","measures":{"value":0}}
{"ts":1669476256096441960,"type":"point","name":"exType:baseline/permutationIndex:0/run:27/dialer:center/eavesCount:0/latencyMS:100/seq:11/fileSize:153600/nodeType:Passive/nodeTypeIndex:8/meta:msgs_rcvd","measures":{"value":48}}
{"ts":1669476256096603869,"type":"point","name":"exType:baseline/permutationIndex:0/run:27/dialer:center/eavesCount:0/latencyMS:100/seq:11/fileSize:153600/nodeType:Passive/nodeTypeIndex:8/meta:data_sent","measures":{"value":0}}
{"ts":1669476256096643590,"type":"point","name":"exType:baseline/permutationIndex:0/run:27/dialer:center/eavesCount:0/latencyMS:100/seq:11/fileSize:153600/nodeType:Passive/nodeTypeIndex:8/meta:data_rcvd","measures":{"value":0}}
{"ts":1669476256096669125,"type":"point","name":"exType:baseline/permutationIndex:0/run:27/dialer:center/eavesCount:0/latencyMS:100/seq:11/fileSize:153600/nodeType:Passive/nodeTypeIndex:8/meta:dup_data_rcvd","measures":{"value":0}}
{"ts":1669476256096690102,"type":"point","name":"exType:baseline/permutationIndex:0/run:27/dialer:center/eavesCount:0/latencyMS:100/seq:11/fileSize:153600/nodeType:Passive/nodeTypeIndex:8/meta:blks_sent","measures":{"value":0}}
{"ts":1669476256096711904,"type":"point","name":"exType:baseline/permutationIndex:0/run:27/dialer:center/eavesCount:0/latencyMS:100/seq:11/fileSize:153600/nodeType:Passive/nodeTypeIndex:8/meta:blks_rcvd","measures":{"value":0}}
{"ts":1669476256096732512,"type":"point","name":"exType:baseline/permutationIndex:0/run:27/dialer:center/eavesCount:0/latencyMS:100/seq:11/fileSize:153600/nodeType:Passive/nodeTypeIndex:8/meta:dup_blks_rcvd","measures":{"value":0}}
{"ts":1669476258988704339,"type":"point","name":"exType:baseline/permutationIndex:0/run:28/dialer:center/eavesCount:0/latencyMS:100/seq:11/fileSize:153600/nodeType:Passive/nodeTypeIndex:8/meta:msgs_rcvd","measures":{"value":72}}
{"ts":1669476258988812099,"type":"point","name":"exType:baseline/permutationIndex:0/run:28/dialer:center/eavesCount:0/latencyMS:100/seq:11/fileSize:153600/nodeType:Passive/nodeTypeIndex:8/meta:data_sent","measures":{"value":0}}
{"ts":1669476258988835474,"type":"point","name":"exType:baseline/permutationIndex:0/run:28/dialer:center/eavesCount:0/latencyMS:100/seq:11/fileSize:153600/nodeType:Passive/nodeTypeIndex:8/meta:data_rcvd","measures":{"value":0}}
{"ts":1669476258988855251,"type":"point","name":"exType:baseline/permutationIndex:0/run:28/dialer:center/eavesCount:0/latencyMS:100/seq:11/fileSize:153600/nodeType:Passive/nodeTypeIndex:8/meta:dup_data_rcvd","measures":{"value":0}}
{"ts":1669476258988874713,"type":"point","name":"exType:baseline/permutationIndex:0/run:28/dialer:center/eavesCount:0/latencyMS:100/seq:11/fileSize:153600/nodeType:Passive/nodeTypeIndex:8/meta:blks_sent","measures":{"value":0}}
{"ts":1669476258988894411,"type":"point","name":"exType:baseline/permutationIndex:0/run:28/dialer:center/eavesCount:0/latencyMS:100/seq:11/fileSize:153600/nodeType:Passive/nodeTypeIndex:8/meta:blks_rcvd","measures":{"value":0}}
{"ts":1669476258988913750,"type":"point","name":"exType:baseline/permutationIndex:0/run:28/dialer:center/eavesCount:0/latencyMS:100/seq:11/fileSize:153600/nodeType:Passive/nodeTypeIndex:8/meta:dup_blks_rcvd","measures":{"value":0}}
{"ts":1669476262439183481,"type":"point","name":"exType:baseline/permutationIndex:0/run:29/dialer:center/eavesCount:0/latencyMS:100/seq:11/fileSize:153600/nodeType:Passive/nodeTypeIndex:8/meta:msgs_rcvd","measures":{"value":67}}
{"ts":1669476262439231544,"type":"point","name":"exType:baseline/permutationIndex:0/run:29/dialer:center/eavesCount:0/latencyMS:100/seq:11/fileSize:153600/nodeType:Passive/nodeTypeIndex:8/meta:data_sent","measures":{"value":0}}
{"ts":1669476262439240056,"type":"point","name":"exType:baseline/permutationIndex:0/run:29/dialer:center/eavesCount:0/latencyMS:100/seq:11/fileSize:153600/nodeType:Passive/nodeTypeIndex:8/meta:data_rcvd","measures":{"value":0}}
{"ts":1669476262439247198,"type":"point","name":"exType:baseline/permutationIndex:0/run:29/dialer:center/eavesCount:0/latencyMS:100/seq:11/fileSize:153600/nodeType:Passive/nodeTypeIndex:8/meta:dup_data_rcvd","measures":{"value":0}}
{"ts":1669476262439254251,"type":"point","name":"exType:baseline/permutationIndex:0/run:29/dialer:center/eavesCount:0/latencyMS:100/seq:11/fileSize:153600/nodeType:Passive/nodeTypeIndex:8/meta:blks_sent","measures":{"value":0}}
{"ts":1669476262439259811,"type":"point","name":"exType:baseline/permutationIndex:0/run:29/dialer:center/eavesCount:0/latencyMS:100/seq:11/fileSize:153600/nodeType:Passive/nodeTypeIndex:8/meta:blks_rcvd","measures":{"value":0}}
{"ts":1669476262439265266,"type":"point","name":"exType:baseline/permutationIndex:0/run:29/dialer:center/eavesCount:0/latencyMS:100/seq:11/fileSize:153600/nodeType:Passive/nodeTypeIndex:8/meta:dup_blks_rcvd","measures":{"value":0}}
{"ts":1669476265313758017,"type":"point","name":"exType:baseline/permutationIndex:0/run:30/dialer:center/eavesCount:0/latencyMS:100/seq:11/fileSize:153600/nodeType:Passive/nodeTypeIndex:8/meta:msgs_rcvd","measures":{"value":44}}
{"ts":1669476265313877005,"type":"point","name":"exType:baseline/permutationIndex:0/run:30/dialer:center/eavesCount:0/latencyMS:100/seq:11/fileSize:153600/nodeType:Passive/nodeTypeIndex:8/meta:data_sent","measures":{"value":0}}
{"ts":1669476265313914764,"type":"point","name":"exType:baseline/permutationIndex:0/run:30/dialer:center/eavesCount:0/latencyMS:100/seq:11/fileSize:153600/nodeType:Passive/nodeTypeIndex:8/meta:data_rcvd","measures":{"value":0}}
{"ts":1669476265313940567,"type":"point","name":"exType:baseline/permutationIndex:0/run:30/dialer:center/eavesCount:0/latencyMS:100/seq:11/fileSize:153600/nodeType:Passive/nodeTypeIndex:8/meta:dup_data_rcvd","measures":{"value":0}}
{"ts":1669476265313960566,"type":"point","name":"exType:baseline/permutationIndex:0/run:30/dialer:center/eavesCount:0/latencyMS:100/seq:11/fileSize:153600/nodeType:Passive/nodeTypeIndex:8/meta:blks_sent","measures":{"value":0}}
{"ts":1669476265313983374,"type":"point","name":"exType:baseline/permutationIndex:0/run:30/dialer:center/eavesCount:0/latencyMS:100/seq:11/fileSize:153600/nodeType:Passive/nodeTypeIndex:8/meta:blks_rcvd","measures":{"value":0}}
{"ts":1669476265314003635,"type":"point","name":"exType:baseline/permutationIndex:0/run:30/dialer:center/eavesCount:0/latencyMS:100/seq:11/fileSize:153600/nodeType:Passive/nodeTypeIndex:8/meta:dup_blks_rcvd","measures":{"value":0}}
{"ts":1669476267920000769,"type":"point","name":"exType:baseline/permutationIndex:0/run:31/dialer:center/eavesCount:0/latencyMS:100/seq:11/fileSize:153600/nodeType:Passive/nodeTypeIndex:8/meta:msgs_rcvd","measures":{"value":47}}
{"ts":1669476267920050834,"type":"point","name":"exType:baseline/permutationIndex:0/run:31/dialer:center/eavesCount:0/latencyMS:100/seq:11/fileSize:153600/nodeType:Passive/nodeTypeIndex:8/meta:data_sent","measures":{"value":0}}
{"ts":1669476267920064872,"type":"point","name":"exType:baseline/permutationIndex:0/run:31/dialer:center/eavesCount:0/latencyMS:100/seq:11/fileSize:153600/nodeType:Passive/nodeTypeIndex:8/meta:data_rcvd","measures":{"value":0}}
{"ts":1669476267920070871,"type":"point","name":"exType:baseline/permutationIndex:0/run:31/dialer:center/eavesCount:0/latencyMS:100/seq:11/fileSize:153600/nodeType:Passive/nodeTypeIndex:8/meta:dup_data_rcvd","measures":{"value":0}}
{"ts":1669476267920077999,"type":"point","name":"exType:baseline/permutationIndex:0/run:31/dialer:center/eavesCount:0/latencyMS:100/seq:11/fileSize:153600/nodeType:Passive/nodeTypeIndex:8/meta:blks_sent","measures":{"value":0}}
{"ts":1669476267920096146,"type":"point","name":"exType:baseline/permutationIndex:0/run:31/dialer:center/eavesCount:0/latencyMS:100/seq:11/fileSize:153600/nodeType:Passive/nodeTypeIndex:8/meta:blks_rcvd","measures":{"value":0}}
{"ts":1669476267920102486,"type":"point","name":"exType:baseline/permutationIndex:0/run:31/dialer:center/eavesCount:0/latencyMS:100/seq:11/fileSize:153600/nodeType:Passive/nodeTypeIndex:8/meta:dup_blks_rcvd","measures":{"value":0}}
{"ts":1669476270636166039,"type":"point","name":"exType:baseline/permutationIndex:0/run:32/dialer:center/eavesCount:0/latencyMS:100/seq:11/fileSize:153600/nodeType:Passive/nodeTypeIndex:8/meta:msgs_rcvd","measures":{"value":39}}
{"ts":1669476270636252635,"type":"point","name":"exType:baseline/permutationIndex:0/run:32/dialer:center/eavesCount:0/latencyMS:100/seq:11/fileSize:153600/nodeType:Passive/nodeTypeIndex:8/meta:data_sent","measures":{"value":0}}
{"ts":1669476270636276262,"type":"point","name":"exType:baseline/permutationIndex:0/run:32/dialer:center/eavesCount:0/latencyMS:100/seq:11/fileSize:153600/nodeType:Passive/nodeTypeIndex:8/meta:data_rcvd","measures":{"value":0}}
{"ts":1669476270636297159,"type":"point","name":"exType:baseline/permutationIndex:0/run:32/dialer:center/eavesCount:0/latencyMS:100/seq:11/fileSize:153600/nodeType:Passive/nodeTypeIndex:8/meta:dup_data_rcvd","measures":{"value":0}}
{"ts":1669476270636316527,"type":"point","name":"exType:baseline/permutationIndex:0/run:32/dialer:center/eavesCount:0/latencyMS:100/seq:11/fileSize:153600/nodeType:Passive/nodeTypeIndex:8/meta:blks_sent","measures":{"value":0}}
{"ts":1669476270636335798,"type":"point","name":"exType:baseline/permutationIndex:0/run:32/dialer:center/eavesCount:0/latencyMS:100/seq:11/fileSize:153600/nodeType:Passive/nodeTypeIndex:8/meta:blks_rcvd","measures":{"value":0}}
{"ts":1669476270636354562,"type":"point","name":"exType:baseline/permutationIndex:0/run:32/dialer:center/eavesCount:0/latencyMS:100/seq:11/fileSize:153600/nodeType:Passive/nodeTypeIndex:8/meta:dup_blks_rcvd","measures":{"value":0}}
{"ts":1669476273531403629,"type":"point","name":"exType:baseline/permutationIndex:0/run:33/dialer:center/eavesCount:0/latencyMS:100/seq:11/fileSize:153600/nodeType:Passive/nodeTypeIndex:8/meta:msgs_rcvd","measures":{"value":32}}
{"ts":1669476273531423521,"type":"point","name":"exType:baseline/permutationIndex:0/run:33/dialer:center/eavesCount:0/latencyMS:100/seq:11/fileSize:153600/nodeType:Passive/nodeTypeIndex:8/meta:data_sent","measures":{"value":0}}
{"ts":1669476273531426776,"type":"point","name":"exType:baseline/permutationIndex:0/run:33/dialer:center/eavesCount:0/latencyMS:100/seq:11/fileSize:153600/nodeType:Passive/nodeTypeIndex:8/meta:data_rcvd","measures":{"value":0}}
{"ts":1669476273531429321,"type":"point","name":"exType:baseline/permutationIndex:0/run:33/dialer:center/eavesCount:0/latencyMS:100/seq:11/fileSize:153600/nodeType:Passive/nodeTypeIndex:8/meta:dup_data_rcvd","measures":{"value":0}}
{"ts":1669476273531431886,"type":"point","name":"exType:baseline/permutationIndex:0/run:33/dialer:center/eavesCount:0/latencyMS:100/seq:11/fileSize:153600/nodeType:Passive/nodeTypeIndex:8/meta:blks_sent","measures":{"value":0}}
{"ts":1669476273531434663,"type":"point","name":"exType:baseline/permutationIndex:0/run:33/dialer:center/eavesCount:0/latencyMS:100/seq:11/fileSize:153600/nodeType:Passive/nodeTypeIndex:8/meta:blks_rcvd","measures":{"value":0}}
{"ts":1669476273531437348,"type":"point","name":"exType:baseline/permutationIndex:0/run:33/dialer:center/eavesCount:0/latencyMS:100/seq:11/fileSize:153600/nodeType:Passive/nodeTypeIndex:8/meta:dup_blks_rcvd","measures":{"value":0}}
{"ts":1669476276424312465,"type":"point","name":"exType:baseline/permutationIndex:0/run:34/dialer:center/eavesCount:0/latencyMS:100/seq:11/fileSize:153600/nodeType:Passive/nodeTypeIndex:8/meta:msgs_rcvd","measures":{"value":56}}
{"ts":1669476276424333479,"type":"point","name":"exType:baseline/permutationIndex:0/run:34/dialer:center/eavesCount:0/latencyMS:100/seq:11/fileSize:153600/nodeType:Passive/nodeTypeIndex:8/meta:data_sent","measures":{"value":0}}
{"ts":1669476276424343712,"type":"point","name":"exType:baseline/permutationIndex:0/run:34/dialer:center/eavesCount:0/latencyMS:100/seq:11/fileSize:153600/nodeType:Passive/nodeTypeIndex:8/meta:data_rcvd","measures":{"value":0}}
{"ts":1669476276424346586,"type":"point","name":"exType:baseline/permutationIndex:0/run:34/dialer:center/eavesCount:0/latencyMS:100/seq:11/fileSize:153600/nodeType:Passive/nodeTypeIndex:8/meta:dup_data_rcvd","measures":{"value":0}}
{"ts":1669476276424348976,"type":"point","name":"exType:baseline/permutationIndex:0/run:34/dialer:center/eavesCount:0/latencyMS:100/seq:11/fileSize:153600/nodeType:Passive/nodeTypeIndex:8/meta:blks_sent","measures":{"value":0}}
{"ts":1669476276424351383,"type":"point","name":"exType:baseline/permutationIndex:0/run:34/dialer:center/eavesCount:0/latencyMS:100/seq:11/fileSize:153600/nodeType:Passive/nodeTypeIndex:8/meta:blks_rcvd","measures":{"value":0}}
{"ts":1669476276424353824,"type":"point","name":"exType:baseline/permutationIndex:0/run:34/dialer:center/eavesCount:0/latencyMS:100/seq:11/fileSize:153600/nodeType:Passive/nodeTypeIndex:8/meta:dup_blks_rcvd","measures":{"value":0}}
{"ts":1669476279293191166,"type":"point","name":"exType:baseline/permutationIndex:0/run:35/dialer:center/eavesCount:0/latencyMS:100/seq:11/fileSize:153600/nodeType:Passive/nodeTypeIndex:8/meta:msgs_rcvd","measures":{"value":21}}
{"ts":1669476279293284753,"type":"point","name":"exType:baseline/permutationIndex:0/run:35/dialer:center/eavesCount:0/latencyMS:100/seq:11/fileSize:153600/nodeType:Passive/nodeTypeIndex:8/meta:data_sent","measures":{"value":0}}
{"ts":1669476279293310891,"type":"point","name":"exType:baseline/permutationIndex:0/run:35/dialer:center/eavesCount:0/latencyMS:100/seq:11/fileSize:153600/nodeType:Passive/nodeTypeIndex:8/meta:data_rcvd","measures":{"value":0}}
{"ts":1669476279293330581,"type":"point","name":"exType:baseline/permutationIndex:0/run:35/dialer:center/eavesCount:0/latencyMS:100/seq:11/fileSize:153600/nodeType:Passive/nodeTypeIndex:8/meta:dup_data_rcvd","measures":{"value":0}}
{"ts":1669476279293349181,"type":"point","name":"exType:baseline/permutationIndex:0/run:35/dialer:center/eavesCount:0/latencyMS:100/seq:11/fileSize:153600/nodeType:Passive/nodeTypeIndex:8/meta:blks_sent","measures":{"value":0}}
{"ts":1669476279293369003,"type":"point","name":"exType:baseline/permutationIndex:0/run:35/dialer:center/eavesCount:0/latencyMS:100/seq:11/fileSize:153600/nodeType:Passive/nodeTypeIndex:8/meta:blks_rcvd","measures":{"value":0}}
{"ts":1669476279293387209,"type":"point","name":"exType:baseline/permutationIndex:0/run:35/dialer:center/eavesCount:0/latencyMS:100/seq:11/fileSize:153600/nodeType:Passive/nodeTypeIndex:8/meta:dup_blks_rcvd","measures":{"value":0}}
{"ts":1669476281962614450,"type":"point","name":"exType:baseline/permutationIndex:0/run:36/dialer:center/eavesCount:0/latencyMS:100/seq:11/fileSize:153600/nodeType:Passive/nodeTypeIndex:8/meta:msgs_rcvd","measures":{"value":3}}
{"ts":1669476281962633808,"type":"point","name":"exType:baseline/permutationIndex:0/run:36/dialer:center/eavesCount:0/latencyMS:100/seq:11/fileSize:153600/nodeType:Passive/nodeTypeIndex:8/meta:data_sent","measures":{"value":0}}
{"ts":1669476281962639077,"type":"point","name":"exType:baseline/permutationIndex:0/run:36/dialer:center/eavesCount:0/latencyMS:100/seq:11/fileSize:153600/nodeType:Passive/nodeTypeIndex:8/meta:data_rcvd","measures":{"value":0}}
{"ts":1669476281962643168,"type":"point","name":"exType:baseline/permutationIndex:0/run:36/dialer:center/eavesCount:0/latencyMS:100/seq:11/fileSize:153600/nodeType:Passive/nodeTypeIndex:8/meta:dup_data_rcvd","measures":{"value":0}}
{"ts":1669476281962647809,"type":"point","name":"exType:baseline/permutationIndex:0/run:36/dialer:center/eavesCount:0/latencyMS:100/seq:11/fileSize:153600/nodeType:Passive/nodeTypeIndex:8/meta:blks_sent","measures":{"value":0}}
{"ts":1669476281962651167,"type":"point","name":"exType:baseline/permutationIndex:0/run:36/dialer:center/eavesCount:0/latencyMS:100/seq:11/fileSize:153600/nodeType:Passive/nodeTypeIndex:8/meta:blks_rcvd","measures":{"value":0}}
{"ts":1669476281962667389,"type":"point","name":"exType:baseline/permutationIndex:0/run:36/dialer:center/eavesCount:0/latencyMS:100/seq:11/fileSize:153600/nodeType:Passive/nodeTypeIndex:8/meta:dup_blks_rcvd","measures":{"value":0}}
{"ts":1669476285052628770,"type":"point","name":"exType:baseline/permutationIndex:0/run:37/dialer:center/eavesCount:0/latencyMS:100/seq:11/fileSize:153600/nodeType:Passive/nodeTypeIndex:8/meta:msgs_rcvd","measures":{"value":23}}
{"ts":1669476285052729443,"type":"point","name":"exType:baseline/permutationIndex:0/run:37/dialer:center/eavesCount:0/latencyMS:100/seq:11/fileSize:153600/nodeType:Passive/nodeTypeIndex:8/meta:data_sent","measures":{"value":0}}
{"ts":1669476285052757162,"type":"point","name":"exType:baseline/permutationIndex:0/run:37/dialer:center/eavesCount:0/latencyMS:100/seq:11/fileSize:153600/nodeType:Passive/nodeTypeIndex:8/meta:data_rcvd","measures":{"value":0}}
{"ts":1669476285052776068,"type":"point","name":"exType:baseline/permutationIndex:0/run:37/dialer:center/eavesCount:0/latencyMS:100/seq:11/fileSize:153600/nodeType:Passive/nodeTypeIndex:8/meta:dup_data_rcvd","measures":{"value":0}}
{"ts":1669476285052793289,"type":"point","name":"exType:baseline/permutationIndex:0/run:37/dialer:center/eavesCount:0/latencyMS:100/seq:11/fileSize:153600/nodeType:Passive/nodeTypeIndex:8/meta:blks_sent","measures":{"value":0}}
{"ts":1669476285052812195,"type":"point","name":"exType:baseline/permutationIndex:0/run:37/dialer:center/eavesCount:0/latencyMS:100/seq:11/fileSize:153600/nodeType:Passive/nodeTypeIndex:8/meta:blks_rcvd","measures":{"value":0}}
{"ts":1669476285052831372,"type":"point","name":"exType:baseline/permutationIndex:0/run:37/dialer:center/eavesCount:0/latencyMS:100/seq:11/fileSize:153600/nodeType:Passive/nodeTypeIndex:8/meta:dup_blks_rcvd","measures":{"value":0}}
{"ts":1669476287789847798,"type":"point","name":"exType:baseline/permutationIndex:0/run:38/dialer:center/eavesCount:0/latencyMS:100/seq:11/fileSize:153600/nodeType:Passive/nodeTypeIndex:8/meta:msgs_rcvd","measures":{"value":3}}
{"ts":1669476287789914690,"type":"point","name":"exType:baseline/permutationIndex:0/run:38/dialer:center/eavesCount:0/latencyMS:100/seq:11/fileSize:153600/nodeType:Passive/nodeTypeIndex:8/meta:data_sent","measures":{"value":0}}
{"ts":1669476287789929628,"type":"point","name":"exType:baseline/permutationIndex:0/run:38/dialer:center/eavesCount:0/latencyMS:100/seq:11/fileSize:153600/nodeType:Passive/nodeTypeIndex:8/meta:data_rcvd","measures":{"value":0}}
{"ts":1669476287789945190,"type":"point","name":"exType:baseline/permutationIndex:0/run:38/dialer:center/eavesCount:0/latencyMS:100/seq:11/fileSize:153600/nodeType:Passive/nodeTypeIndex:8/meta:dup_data_rcvd","measures":{"value":0}}
{"ts":1669476287789957773,"type":"point","name":"exType:baseline/permutationIndex:0/run:38/dialer:center/eavesCount:0/latencyMS:100/seq:11/fileSize:153600/nodeType:Passive/nodeTypeIndex:8/meta:blks_sent","measures":{"value":0}}
{"ts":1669476287789967322,"type":"point","name":"exType:baseline/permutationIndex:0/run:38/dialer:center/eavesCount:0/latencyMS:100/seq:11/fileSize:153600/nodeType:Passive/nodeTypeIndex:8/meta:blks_rcvd","measures":{"value":0}}
{"ts":1669476287789977036,"type":"point","name":"exType:baseline/permutationIndex:0/run:38/dialer:center/eavesCount:0/latencyMS:100/seq:11/fileSize:153600/nodeType:Passive/nodeTypeIndex:8/meta:dup_blks_rcvd","measures":{"value":0}}
{"ts":1669476290699177666,"type":"point","name":"exType:baseline/permutationIndex:0/run:39/dialer:center/eavesCount:0/latencyMS:100/seq:11/fileSize:153600/nodeType:Passive/nodeTypeIndex:8/meta:msgs_rcvd","measures":{"value":23}}
{"ts":1669476290699220235,"type":"point","name":"exType:baseline/permutationIndex:0/run:39/dialer:center/eavesCount:0/latencyMS:100/seq:11/fileSize:153600/nodeType:Passive/nodeTypeIndex:8/meta:data_sent","measures":{"value":0}}
{"ts":1669476290699229259,"type":"point","name":"exType:baseline/permutationIndex:0/run:39/dialer:center/eavesCount:0/latencyMS:100/seq:11/fileSize:153600/nodeType:Passive/nodeTypeIndex:8/meta:data_rcvd","measures":{"value":0}}
{"ts":1669476290699245683,"type":"point","name":"exType:baseline/permutationIndex:0/run:39/dialer:center/eavesCount:0/latencyMS:100/seq:11/fileSize:153600/nodeType:Passive/nodeTypeIndex:8/meta:dup_data_rcvd","measures":{"value":0}}
{"ts":1669476290699253549,"type":"point","name":"exType:baseline/permutationIndex:0/run:39/dialer:center/eavesCount:0/latencyMS:100/seq:11/fileSize:153600/nodeType:Passive/nodeTypeIndex:8/meta:blks_sent","measures":{"value":0}}
{"ts":1669476290699261124,"type":"point","name":"exType:baseline/permutationIndex:0/run:39/dialer:center/eavesCount:0/latencyMS:100/seq:11/fileSize:153600/nodeType:Passive/nodeTypeIndex:8/meta:blks_rcvd","measures":{"value":0}}
{"ts":1669476290699268109,"type":"point","name":"exType:baseline/permutationIndex:0/run:39/dialer:center/eavesCount:0/latencyMS:100/seq:11/fileSize:153600/nodeType:Passive/nodeTypeIndex:8/meta:dup_blks_rcvd","measures":{"value":0}}
{"ts":1669476293796535674,"type":"point","name":"exType:baseline/permutationIndex:0/run:40/dialer:center/eavesCount:0/latencyMS:100/seq:11/fileSize:153600/nodeType:Passive/nodeTypeIndex:8/meta:msgs_rcvd","measures":{"value":13}}
{"ts":1669476293796620838,"type":"point","name":"exType:baseline/permutationIndex:0/run:40/dialer:center/eavesCount:0/latencyMS:100/seq:11/fileSize:153600/nodeType:Passive/nodeTypeIndex:8/meta:data_sent","measures":{"value":0}}
{"ts":1669476293796650497,"type":"point","name":"exType:baseline/permutationIndex:0/run:40/dialer:center/eavesCount:0/latencyMS:100/seq:11/fileSize:153600/nodeType:Passive/nodeTypeIndex:8/meta:data_rcvd","measures":{"value":0}}
{"ts":1669476293796669844,"type":"point","name":"exType:baseline/permutationIndex:0/run:40/dialer:center/eavesCount:0/latencyMS:100/seq:11/fileSize:153600/nodeType:Passive/nodeTypeIndex:8/meta:dup_data_rcvd","measures":{"value":0}}
{"ts":1669476293796687621,"type":"point","name":"exType:baseline/permutationIndex:0/run:40/dialer:center/eavesCount:0/latencyMS:100/seq:11/fileSize:153600/nodeType:Passive/nodeTypeIndex:8/meta:blks_sent","measures":{"value":0}}
{"ts":1669476293796706289,"type":"point","name":"exType:baseline/permutationIndex:0/run:40/dialer:center/eavesCount:0/latencyMS:100/seq:11/fileSize:153600/nodeType:Passive/nodeTypeIndex:8/meta:blks_rcvd","measures":{"value":0}}
{"ts":1669476293796728425,"type":"point","name":"exType:baseline/permutationIndex:0/run:40/dialer:center/eavesCount:0/latencyMS:100/seq:11/fileSize:153600/nodeType:Passive/nodeTypeIndex:8/meta:dup_blks_rcvd","measures":{"value":0}}
{"ts":1669476296427008863,"type":"point","name":"exType:baseline/permutationIndex:0/run:41/dialer:center/eavesCount:0/latencyMS:100/seq:11/fileSize:153600/nodeType:Passive/nodeTypeIndex:8/meta:msgs_rcvd","measures":{"value":3}}
{"ts":1669476296427039066,"type":"point","name":"exType:baseline/permutationIndex:0/run:41/dialer:center/eavesCount:0/latencyMS:100/seq:11/fileSize:153600/nodeType:Passive/nodeTypeIndex:8/meta:data_sent","measures":{"value":0}}
{"ts":1669476296427044089,"type":"point","name":"exType:baseline/permutationIndex:0/run:41/dialer:center/eavesCount:0/latencyMS:100/seq:11/fileSize:153600/nodeType:Passive/nodeTypeIndex:8/meta:data_rcvd","measures":{"value":0}}
{"ts":1669476296427047314,"type":"point","name":"exType:baseline/permutationIndex:0/run:41/dialer:center/eavesCount:0/latencyMS:100/seq:11/fileSize:153600/nodeType:Passive/nodeTypeIndex:8/meta:dup_data_rcvd","measures":{"value":0}}
{"ts":1669476296427050048,"type":"point","name":"exType:baseline/permutationIndex:0/run:41/dialer:center/eavesCount:0/latencyMS:100/seq:11/fileSize:153600/nodeType:Passive/nodeTypeIndex:8/meta:blks_sent","measures":{"value":0}}
{"ts":1669476296427114407,"type":"point","name":"exType:baseline/permutationIndex:0/run:41/dialer:center/eavesCount:0/latencyMS:100/seq:11/fileSize:153600/nodeType:Passive/nodeTypeIndex:8/meta:blks_rcvd","measures":{"value":0}}
{"ts":1669476296427117272,"type":"point","name":"exType:baseline/permutationIndex:0/run:41/dialer:center/eavesCount:0/latencyMS:100/seq:11/fileSize:153600/nodeType:Passive/nodeTypeIndex:8/meta:dup_blks_rcvd","measures":{"value":0}}
{"ts":1669476299111248645,"type":"point","name":"exType:baseline/permutationIndex:0/run:42/dialer:center/eavesCount:0/latencyMS:100/seq:11/fileSize:153600/nodeType:Passive/nodeTypeIndex:8/meta:msgs_rcvd","measures":{"value":22}}
{"ts":1669476299111323128,"type":"point","name":"exType:baseline/permutationIndex:0/run:42/dialer:center/eavesCount:0/latencyMS:100/seq:11/fileSize:153600/nodeType:Passive/nodeTypeIndex:8/meta:data_sent","measures":{"value":0}}
{"ts":1669476299111347160,"type":"point","name":"exType:baseline/permutationIndex:0/run:42/dialer:center/eavesCount:0/latencyMS:100/seq:11/fileSize:153600/nodeType:Passive/nodeTypeIndex:8/meta:data_rcvd","measures":{"value":0}}
{"ts":1669476299111365411,"type":"point","name":"exType:baseline/permutationIndex:0/run:42/dialer:center/eavesCount:0/latencyMS:100/seq:11/fileSize:153600/nodeType:Passive/nodeTypeIndex:8/meta:dup_data_rcvd","measures":{"value":0}}
{"ts":1669476299111384227,"type":"point","name":"exType:baseline/permutationIndex:0/run:42/dialer:center/eavesCount:0/latencyMS:100/seq:11/fileSize:153600/nodeType:Passive/nodeTypeIndex:8/meta:blks_sent","measures":{"value":0}}
{"ts":1669476299111403231,"type":"point","name":"exType:baseline/permutationIndex:0/run:42/dialer:center/eavesCount:0/latencyMS:100/seq:11/fileSize:153600/nodeType:Passive/nodeTypeIndex:8/meta:blks_rcvd","measures":{"value":0}}
{"ts":1669476299111422298,"type":"point","name":"exType:baseline/permutationIndex:0/run:42/dialer:center/eavesCount:0/latencyMS:100/seq:11/fileSize:153600/nodeType:Passive/nodeTypeIndex:8/meta:dup_blks_rcvd","measures":{"value":0}}
{"ts":1669476302343013162,"type":"point","name":"exType:baseline/permutationIndex:0/run:43/dialer:center/eavesCount:0/latencyMS:100/seq:11/fileSize:153600/nodeType:Passive/nodeTypeIndex:8/meta:msgs_rcvd","measures":{"value":3}}
{"ts":1669476302343033316,"type":"point","name":"exType:baseline/permutationIndex:0/run:43/dialer:center/eavesCount:0/latencyMS:100/seq:11/fileSize:153600/nodeType:Passive/nodeTypeIndex:8/meta:data_sent","measures":{"value":0}}
{"ts":1669476302343035643,"type":"point","name":"exType:baseline/permutationIndex:0/run:43/dialer:center/eavesCount:0/latencyMS:100/seq:11/fileSize:153600/nodeType:Passive/nodeTypeIndex:8/meta:data_rcvd","measures":{"value":0}}
{"ts":1669476302343037280,"type":"point","name":"exType:baseline/permutationIndex:0/run:43/dialer:center/eavesCount:0/latencyMS:100/seq:11/fileSize:153600/nodeType:Passive/nodeTypeIndex:8/meta:dup_data_rcvd","measures":{"value":0}}
{"ts":1669476302343038922,"type":"point","name":"exType:baseline/permutationIndex:0/run:43/dialer:center/eavesCount:0/latencyMS:100/seq:11/fileSize:153600/nodeType:Passive/nodeTypeIndex:8/meta:blks_sent","measures":{"value":0}}
{"ts":1669476302343041317,"type":"point","name":"exType:baseline/permutationIndex:0/run:43/dialer:center/eavesCount:0/latencyMS:100/seq:11/fileSize:153600/nodeType:Passive/nodeTypeIndex:8/meta:blks_rcvd","measures":{"value":0}}
{"ts":1669476302343043626,"type":"point","name":"exType:baseline/permutationIndex:0/run:43/dialer:center/eavesCount:0/latencyMS:100/seq:11/fileSize:153600/nodeType:Passive/nodeTypeIndex:8/meta:dup_blks_rcvd","measures":{"value":0}}
{"ts":1669476305750551377,"type":"point","name":"exType:baseline/permutationIndex:0/run:44/dialer:center/eavesCount:0/latencyMS:100/seq:11/fileSize:153600/nodeType:Passive/nodeTypeIndex:8/meta:msgs_rcvd","measures":{"value":21}}
{"ts":1669476305750623524,"type":"point","name":"exType:baseline/permutationIndex:0/run:44/dialer:center/eavesCount:0/latencyMS:100/seq:11/fileSize:153600/nodeType:Passive/nodeTypeIndex:8/meta:data_sent","measures":{"value":0}}
{"ts":1669476305750673373,"type":"point","name":"exType:baseline/permutationIndex:0/run:44/dialer:center/eavesCount:0/latencyMS:100/seq:11/fileSize:153600/nodeType:Passive/nodeTypeIndex:8/meta:data_rcvd","measures":{"value":0}}
{"ts":1669476305750695338,"type":"point","name":"exType:baseline/permutationIndex:0/run:44/dialer:center/eavesCount:0/latencyMS:100/seq:11/fileSize:153600/nodeType:Passive/nodeTypeIndex:8/meta:dup_data_rcvd","measures":{"value":0}}
{"ts":1669476305750731533,"type":"point","name":"exType:baseline/permutationIndex:0/run:44/dialer:center/eavesCount:0/latencyMS:100/seq:11/fileSize:153600/nodeType:Passive/nodeTypeIndex:8/meta:blks_sent","measures":{"value":0}}
{"ts":1669476305750759398,"type":"point","name":"exType:baseline/permutationIndex:0/run:44/dialer:center/eavesCount:0/latencyMS:100/seq:11/fileSize:153600/nodeType:Passive/nodeTypeIndex:8/meta:blks_rcvd","measures":{"value":0}}
{"ts":1669476305750781079,"type":"point","name":"exType:baseline/permutationIndex:0/run:44/dialer:center/eavesCount:0/latencyMS:100/seq:11/fileSize:153600/nodeType:Passive/nodeTypeIndex:8/meta:dup_blks_rcvd","measures":{"value":0}}
{"ts":1669476308355152404,"type":"point","name":"exType:baseline/permutationIndex:0/run:45/dialer:center/eavesCount:0/latencyMS:100/seq:11/fileSize:153600/nodeType:Passive/nodeTypeIndex:8/meta:msgs_rcvd","measures":{"value":5}}
{"ts":1669476308355201362,"type":"point","name":"exType:baseline/permutationIndex:0/run:45/dialer:center/eavesCount:0/latencyMS:100/seq:11/fileSize:153600/nodeType:Passive/nodeTypeIndex:8/meta:data_sent","measures":{"value":0}}
{"ts":1669476308355224138,"type":"point","name":"exType:baseline/permutationIndex:0/run:45/dialer:center/eavesCount:0/latencyMS:100/seq:11/fileSize:153600/nodeType:Passive/nodeTypeIndex:8/meta:data_rcvd","measures":{"value":0}}
{"ts":1669476308355243261,"type":"point","name":"exType:baseline/permutationIndex:0/run:45/dialer:center/eavesCount:0/latencyMS:100/seq:11/fileSize:153600/nodeType:Passive/nodeTypeIndex:8/meta:dup_data_rcvd","measures":{"value":0}}
{"ts":1669476308355263930,"type":"point","name":"exType:baseline/permutationIndex:0/run:45/dialer:center/eavesCount:0/latencyMS:100/seq:11/fileSize:153600/nodeType:Passive/nodeTypeIndex:8/meta:blks_sent","measures":{"value":0}}
{"ts":1669476308355283603,"type":"point","name":"exType:baseline/permutationIndex:0/run:45/dialer:center/eavesCount:0/latencyMS:100/seq:11/fileSize:153600/nodeType:Passive/nodeTypeIndex:8/meta:blks_rcvd","measures":{"value":0}}
{"ts":1669476308355303636,"type":"point","name":"exType:baseline/permutationIndex:0/run:45/dialer:center/eavesCount:0/latencyMS:100/seq:11/fileSize:153600/nodeType:Passive/nodeTypeIndex:8/meta:dup_blks_rcvd","measures":{"value":0}}
{"ts":1669476311077658647,"type":"point","name":"exType:baseline/permutationIndex:0/run:46/dialer:center/eavesCount:0/latencyMS:100/seq:11/fileSize:153600/nodeType:Passive/nodeTypeIndex:8/meta:msgs_rcvd","measures":{"value":25}}
{"ts":1669476311077850940,"type":"point","name":"exType:baseline/permutationIndex:0/run:46/dialer:center/eavesCount:0/latencyMS:100/seq:11/fileSize:153600/nodeType:Passive/nodeTypeIndex:8/meta:data_sent","measures":{"value":0}}
{"ts":1669476311077878037,"type":"point","name":"exType:baseline/permutationIndex:0/run:46/dialer:center/eavesCount:0/latencyMS:100/seq:11/fileSize:153600/nodeType:Passive/nodeTypeIndex:8/meta:data_rcvd","measures":{"value":0}}
{"ts":1669476311077926651,"type":"point","name":"exType:baseline/permutationIndex:0/run:46/dialer:center/eavesCount:0/latencyMS:100/seq:11/fileSize:153600/nodeType:Passive/nodeTypeIndex:8/meta:dup_data_rcvd","measures":{"value":0}}
{"ts":1669476311077946374,"type":"point","name":"exType:baseline/permutationIndex:0/run:46/dialer:center/eavesCount:0/latencyMS:100/seq:11/fileSize:153600/nodeType:Passive/nodeTypeIndex:8/meta:blks_sent","measures":{"value":0}}
{"ts":1669476311077970955,"type":"point","name":"exType:baseline/permutationIndex:0/run:46/dialer:center/eavesCount:0/latencyMS:100/seq:11/fileSize:153600/nodeType:Passive/nodeTypeIndex:8/meta:blks_rcvd","measures":{"value":0}}
{"ts":1669476311078019578,"type":"point","name":"exType:baseline/permutationIndex:0/run:46/dialer:center/eavesCount:0/latencyMS:100/seq:11/fileSize:153600/nodeType:Passive/nodeTypeIndex:8/meta:dup_blks_rcvd","measures":{"value":0}}
{"ts":1669476313961943877,"type":"point","name":"exType:baseline/permutationIndex:0/run:47/dialer:center/eavesCount:0/latencyMS:100/seq:11/fileSize:153600/nodeType:Passive/nodeTypeIndex:8/meta:msgs_rcvd","measures":{"value":12}}
{"ts":1669476313962047550,"type":"point","name":"exType:baseline/permutationIndex:0/run:47/dialer:center/eavesCount:0/latencyMS:100/seq:11/fileSize:153600/nodeType:Passive/nodeTypeIndex:8/meta:data_sent","measures":{"value":0}}
{"ts":1669476313962078348,"type":"point","name":"exType:baseline/permutationIndex:0/run:47/dialer:center/eavesCount:0/latencyMS:100/seq:11/fileSize:153600/nodeType:Passive/nodeTypeIndex:8/meta:data_rcvd","measures":{"value":0}}
{"ts":1669476313962100593,"type":"point","name":"exType:baseline/permutationIndex:0/run:47/dialer:center/eavesCount:0/latencyMS:100/seq:11/fileSize:153600/nodeType:Passive/nodeTypeIndex:8/meta:dup_data_rcvd","measures":{"value":0}}
{"ts":1669476313962119302,"type":"point","name":"exType:baseline/permutationIndex:0/run:47/dialer:center/eavesCount:0/latencyMS:100/seq:11/fileSize:153600/nodeType:Passive/nodeTypeIndex:8/meta:blks_sent","measures":{"value":0}}
{"ts":1669476313962137426,"type":"point","name":"exType:baseline/permutationIndex:0/run:47/dialer:center/eavesCount:0/latencyMS:100/seq:11/fileSize:153600/nodeType:Passive/nodeTypeIndex:8/meta:blks_rcvd","measures":{"value":0}}
{"ts":1669476313962154619,"type":"point","name":"exType:baseline/permutationIndex:0/run:47/dialer:center/eavesCount:0/latencyMS:100/seq:11/fileSize:153600/nodeType:Passive/nodeTypeIndex:8/meta:dup_blks_rcvd","measures":{"value":0}}
{"ts":1669476317474944065,"type":"point","name":"exType:baseline/permutationIndex:0/run:48/dialer:center/eavesCount:0/latencyMS:100/seq:11/fileSize:153600/nodeType:Passive/nodeTypeIndex:8/meta:msgs_rcvd","measures":{"value":3}}
{"ts":1669476317474965920,"type":"point","name":"exType:baseline/permutationIndex:0/run:48/dialer:center/eavesCount:0/latencyMS:100/seq:11/fileSize:153600/nodeType:Passive/nodeTypeIndex:8/meta:data_sent","measures":{"value":0}}
{"ts":1669476317474969633,"type":"point","name":"exType:baseline/permutationIndex:0/run:48/dialer:center/eavesCount:0/latencyMS:100/seq:11/fileSize:153600/nodeType:Passive/nodeTypeIndex:8/meta:data_rcvd","measures":{"value":0}}
{"ts":1669476317474972248,"type":"point","name":"exType:baseline/permutationIndex:0/run:48/dialer:center/eavesCount:0/latencyMS:100/seq:11/fileSize:153600/nodeType:Passive/nodeTypeIndex:8/meta:dup_data_rcvd","measures":{"value":0}}
{"ts":1669476317474974832,"type":"point","name":"exType:baseline/permutationIndex:0/run:48/dialer:center/eavesCount:0/latencyMS:100/seq:11/fileSize:153600/nodeType:Passive/nodeTypeIndex:8/meta:blks_sent","measures":{"value":0}}
{"ts":1669476317474978170,"type":"point","name":"exType:baseline/permutationIndex:0/run:48/dialer:center/eavesCount:0/latencyMS:100/seq:11/fileSize:153600/nodeType:Passive/nodeTypeIndex:8/meta:blks_rcvd","measures":{"value":0}}
{"ts":1669476317474980725,"type":"point","name":"exType:baseline/permutationIndex:0/run:48/dialer:center/eavesCount:0/latencyMS:100/seq:11/fileSize:153600/nodeType:Passive/nodeTypeIndex:8/meta:dup_blks_rcvd","measures":{"value":0}}
{"ts":1669476320164352098,"type":"point","name":"exType:baseline/permutationIndex:0/run:49/dialer:center/eavesCount:0/latencyMS:100/seq:11/fileSize:153600/nodeType:Passive/nodeTypeIndex:8/meta:msgs_rcvd","measures":{"value":25}}
{"ts":1669476320164469235,"type":"point","name":"exType:baseline/permutationIndex:0/run:49/dialer:center/eavesCount:0/latencyMS:100/seq:11/fileSize:153600/nodeType:Passive/nodeTypeIndex:8/meta:data_sent","measures":{"value":0}}
{"ts":1669476320164501579,"type":"point","name":"exType:baseline/permutationIndex:0/run:49/dialer:center/eavesCount:0/latencyMS:100/seq:11/fileSize:153600/nodeType:Passive/nodeTypeIndex:8/meta:data_rcvd","measures":{"value":0}}
{"ts":1669476320164523845,"type":"point","name":"exType:baseline/permutationIndex:0/run:49/dialer:center/eavesCount:0/latencyMS:100/seq:11/fileSize:153600/nodeType:Passive/nodeTypeIndex:8/meta:dup_data_rcvd","measures":{"value":0}}
{"ts":1669476320164580221,"type":"point","name":"exType:baseline/permutationIndex:0/run:49/dialer:center/eavesCount:0/latencyMS:100/seq:11/fileSize:153600/nodeType:Passive/nodeTypeIndex:8/meta:blks_sent","measures":{"value":0}}
{"ts":1669476320164600915,"type":"point","name":"exType:baseline/permutationIndex:0/run:49/dialer:center/eavesCount:0/latencyMS:100/seq:11/fileSize:153600/nodeType:Passive/nodeTypeIndex:8/meta:blks_rcvd","measures":{"value":0}}
{"ts":1669476320164621872,"type":"point","name":"exType:baseline/permutationIndex:0/run:49/dialer:center/eavesCount:0/latencyMS:100/seq:11/fileSize:153600/nodeType:Passive/nodeTypeIndex:8/meta:dup_blks_rcvd","measures":{"value":0}}
{"ts":1669476323076776218,"type":"point","name":"exType:baseline/permutationIndex:0/run:50/dialer:center/eavesCount:0/latencyMS:100/seq:11/fileSize:153600/nodeType:Passive/nodeTypeIndex:8/meta:msgs_rcvd","measures":{"value":3}}
{"ts":1669476323076901676,"type":"point","name":"exType:baseline/permutationIndex:0/run:50/dialer:center/eavesCount:0/latencyMS:100/seq:11/fileSize:153600/nodeType:Passive/nodeTypeIndex:8/meta:data_sent","measures":{"value":0}}
{"ts":1669476323076927065,"type":"point","name":"exType:baseline/permutationIndex:0/run:50/dialer:center/eavesCount:0/latencyMS:100/seq:11/fileSize:153600/nodeType:Passive/nodeTypeIndex:8/meta:data_rcvd","measures":{"value":0}}
{"ts":1669476323076945889,"type":"point","name":"exType:baseline/permutationIndex:0/run:50/dialer:center/eavesCount:0/latencyMS:100/seq:11/fileSize:153600/nodeType:Passive/nodeTypeIndex:8/meta:dup_data_rcvd","measures":{"value":0}}
{"ts":1669476323076964620,"type":"point","name":"exType:baseline/permutationIndex:0/run:50/dialer:center/eavesCount:0/latencyMS:100/seq:11/fileSize:153600/nodeType:Passive/nodeTypeIndex:8/meta:blks_sent","measures":{"value":0}}
{"ts":1669476323076982665,"type":"point","name":"exType:baseline/permutationIndex:0/run:50/dialer:center/eavesCount:0/latencyMS:100/seq:11/fileSize:153600/nodeType:Passive/nodeTypeIndex:8/meta:blks_rcvd","measures":{"value":0}}
{"ts":1669476323077001884,"type":"point","name":"exType:baseline/permutationIndex:0/run:50/dialer:center/eavesCount:0/latencyMS:100/seq:11/fileSize:153600/nodeType:Passive/nodeTypeIndex:8/meta:dup_blks_rcvd","measures":{"value":0}}
{"ts":1669476325969978511,"type":"point","name":"exType:baseline/permutationIndex:0/run:51/dialer:center/eavesCount:0/latencyMS:100/seq:11/fileSize:153600/nodeType:Passive/nodeTypeIndex:8/meta:msgs_rcvd","measures":{"value":2}}
{"ts":1669476325970062805,"type":"point","name":"exType:baseline/permutationIndex:0/run:51/dialer:center/eavesCount:0/latencyMS:100/seq:11/fileSize:153600/nodeType:Passive/nodeTypeIndex:8/meta:data_sent","measures":{"value":0}}
{"ts":1669476325970087324,"type":"point","name":"exType:baseline/permutationIndex:0/run:51/dialer:center/eavesCount:0/latencyMS:100/seq:11/fileSize:153600/nodeType:Passive/nodeTypeIndex:8/meta:data_rcvd","measures":{"value":0}}
{"ts":1669476325970106198,"type":"point","name":"exType:baseline/permutationIndex:0/run:51/dialer:center/eavesCount:0/latencyMS:100/seq:11/fileSize:153600/nodeType:Passive/nodeTypeIndex:8/meta:dup_data_rcvd","measures":{"value":0}}
{"ts":1669476325970125293,"type":"point","name":"exType:baseline/permutationIndex:0/run:51/dialer:center/eavesCount:0/latencyMS:100/seq:11/fileSize:153600/nodeType:Passive/nodeTypeIndex:8/meta:blks_sent","measures":{"value":0}}
{"ts":1669476325970143534,"type":"point","name":"exType:baseline/permutationIndex:0/run:51/dialer:center/eavesCount:0/latencyMS:100/seq:11/fileSize:153600/nodeType:Passive/nodeTypeIndex:8/meta:blks_rcvd","measures":{"value":0}}
{"ts":1669476325970161322,"type":"point","name":"exType:baseline/permutationIndex:0/run:51/dialer:center/eavesCount:0/latencyMS:100/seq:11/fileSize:153600/nodeType:Passive/nodeTypeIndex:8/meta:dup_blks_rcvd","measures":{"value":0}}
{"ts":1669476328841391819,"type":"point","name":"exType:baseline/permutationIndex:0/run:52/dialer:center/eavesCount:0/latencyMS:100/seq:11/fileSize:153600/nodeType:Passive/nodeTypeIndex:8/meta:msgs_rcvd","measures":{"value":23}}
{"ts":1669476328841415886,"type":"point","name":"exType:baseline/permutationIndex:0/run:52/dialer:center/eavesCount:0/latencyMS:100/seq:11/fileSize:153600/nodeType:Passive/nodeTypeIndex:8/meta:data_sent","measures":{"value":0}}
{"ts":1669476328841420579,"type":"point","name":"exType:baseline/permutationIndex:0/run:52/dialer:center/eavesCount:0/latencyMS:100/seq:11/fileSize:153600/nodeType:Passive/nodeTypeIndex:8/meta:data_rcvd","measures":{"value":0}}
{"ts":1669476328841422885,"type":"point","name":"exType:baseline/permutationIndex:0/run:52/dialer:center/eavesCount:0/latencyMS:100/seq:11/fileSize:153600/nodeType:Passive/nodeTypeIndex:8/meta:dup_data_rcvd","measures":{"value":0}}
{"ts":1669476328841425322,"type":"point","name":"exType:baseline/permutationIndex:0/run:52/dialer:center/eavesCount:0/latencyMS:100/seq:11/fileSize:153600/nodeType:Passive/nodeTypeIndex:8/meta:blks_sent","measures":{"value":0}}
{"ts":1669476328841427586,"type":"point","name":"exType:baseline/permutationIndex:0/run:52/dialer:center/eavesCount:0/latencyMS:100/seq:11/fileSize:153600/nodeType:Passive/nodeTypeIndex:8/meta:blks_rcvd","measures":{"value":0}}
{"ts":1669476328841429809,"type":"point","name":"exType:baseline/permutationIndex:0/run:52/dialer:center/eavesCount:0/latencyMS:100/seq:11/fileSize:153600/nodeType:Passive/nodeTypeIndex:8/meta:dup_blks_rcvd","measures":{"value":0}}
{"ts":1669476331547736615,"type":"point","name":"exType:baseline/permutationIndex:0/run:53/dialer:center/eavesCount:0/latencyMS:100/seq:11/fileSize:153600/nodeType:Passive/nodeTypeIndex:8/meta:msgs_rcvd","measures":{"value":3}}
{"ts":1669476331547768888,"type":"point","name":"exType:baseline/permutationIndex:0/run:53/dialer:center/eavesCount:0/latencyMS:100/seq:11/fileSize:153600/nodeType:Passive/nodeTypeIndex:8/meta:data_sent","measures":{"value":0}}
{"ts":1669476331547778415,"type":"point","name":"exType:baseline/permutationIndex:0/run:53/dialer:center/eavesCount:0/latencyMS:100/seq:11/fileSize:153600/nodeType:Passive/nodeTypeIndex:8/meta:data_rcvd","measures":{"value":0}}
{"ts":1669476331547784400,"type":"point","name":"exType:baseline/permutationIndex:0/run:53/dialer:center/eavesCount:0/latencyMS:100/seq:11/fileSize:153600/nodeType:Passive/nodeTypeIndex:8/meta:dup_data_rcvd","measures":{"value":0}}
{"ts":1669476331547791205,"type":"point","name":"exType:baseline/permutationIndex:0/run:53/dialer:center/eavesCount:0/latencyMS:100/seq:11/fileSize:153600/nodeType:Passive/nodeTypeIndex:8/meta:blks_sent","measures":{"value":0}}
{"ts":1669476331547796708,"type":"point","name":"exType:baseline/permutationIndex:0/run:53/dialer:center/eavesCount:0/latencyMS:100/seq:11/fileSize:153600/nodeType:Passive/nodeTypeIndex:8/meta:blks_rcvd","measures":{"value":0}}
{"ts":1669476331547802177,"type":"point","name":"exType:baseline/permutationIndex:0/run:53/dialer:center/eavesCount:0/latencyMS:100/seq:11/fileSize:153600/nodeType:Passive/nodeTypeIndex:8/meta:dup_blks_rcvd","measures":{"value":0}}
