{"ts":1670665318237318304,"type":"point","name":"exType:trickle/permutationIndex:0/run:1/dialer:edge/eavesCount:0/latencyMS:100/tricklingDelay:0/seq:5/fileSize:1048576/nodeType:Passive/nodeTypeIndex:2/meta:msgs_rcvd","measures":{"value":44}}
{"ts":1670665318237448078,"type":"point","name":"exType:trickle/permutationIndex:0/run:1/dialer:edge/eavesCount:0/latencyMS:100/tricklingDelay:0/seq:5/fileSize:1048576/nodeType:Passive/nodeTypeIndex:2/meta:data_sent","measures":{"value":2097864}}
{"ts":1670665318237478216,"type":"point","name":"exType:trickle/permutationIndex:0/run:1/dialer:edge/eavesCount:0/latencyMS:100/tricklingDelay:0/seq:5/fileSize:1048576/nodeType:Passive/nodeTypeIndex:2/meta:data_rcvd","measures":{"value":2622180}}
{"ts":1670665318237502368,"type":"point","name":"exType:trickle/permutationIndex:0/run:1/dialer:edge/eavesCount:0/latencyMS:100/tricklingDelay:0/seq:5/fileSize:1048576/nodeType:Passive/nodeTypeIndex:2/meta:dup_data_rcvd","measures":{"value":1573348}}
{"ts":1670665318237524356,"type":"point","name":"exType:trickle/permutationIndex:0/run:1/dialer:edge/eavesCount:0/latencyMS:100/tricklingDelay:0/seq:5/fileSize:1048576/nodeType:Passive/nodeTypeIndex:2/meta:blks_sent","measures":{"value":11}}
{"ts":1670665318237545007,"type":"point","name":"exType:trickle/permutationIndex:0/run:1/dialer:edge/eavesCount:0/latencyMS:100/tricklingDelay:0/seq:5/fileSize:1048576/nodeType:Passive/nodeTypeIndex:2/meta:blks_rcvd","measures":{"value":13}}
{"ts":1670665318237566086,"type":"point","name":"exType:trickle/permutationIndex:0/run:1/dialer:edge/eavesCount:0/latencyMS:100/tricklingDelay:0/seq:5/fileSize:1048576/nodeType:Passive/nodeTypeIndex:2/meta:dup_blks_rcvd","measures":{"value":8}}
{"ts":1670665329011710213,"type":"point","name":"exType:trickle/permutationIndex:0/run:2/dialer:edge/eavesCount:0/latencyMS:100/tricklingDelay:0/seq:5/fileSize:1048576/nodeType:Passive/nodeTypeIndex:2/meta:msgs_rcvd","measures":{"value":39}}
{"ts":1670665329011788427,"type":"point","name":"exType:trickle/permutationIndex:0/run:2/dialer:edge/eavesCount:0/latencyMS:100/tricklingDelay:0/seq:5/fileSize:1048576/nodeType:Passive/nodeTypeIndex:2/meta:data_sent","measures":{"value":1835706}}
{"ts":1670665329011836761,"type":"point","name":"exType:trickle/permutationIndex:0/run:2/dialer:edge/eavesCount:0/latencyMS:100/tricklingDelay:0/seq:5/fileSize:1048576/nodeType:Passive/nodeTypeIndex:2/meta:data_rcvd","measures":{"value":2097864}}
{"ts":1670665329011859267,"type":"point","name":"exType:trickle/permutationIndex:0/run:2/dialer:edge/eavesCount:0/latencyMS:100/tricklingDelay:0/seq:5/fileSize:1048576/nodeType:Passive/nodeTypeIndex:2/meta:dup_data_rcvd","measures":{"value":1049032}}
{"ts":1670665329011880283,"type":"point","name":"exType:trickle/permutationIndex:0/run:2/dialer:edge/eavesCount:0/latencyMS:100/tricklingDelay:0/seq:5/fileSize:1048576/nodeType:Passive/nodeTypeIndex:2/meta:blks_sent","measures":{"value":10}}
{"ts":1670665329011902051,"type":"point","name":"exType:trickle/permutationIndex:0/run:2/dialer:edge/eavesCount:0/latencyMS:100/tricklingDelay:0/seq:5/fileSize:1048576/nodeType:Passive/nodeTypeIndex:2/meta:blks_rcvd","measures":{"value":11}}
{"ts":1670665329011933663,"type":"point","name":"exType:trickle/permutationIndex:0/run:2/dialer:edge/eavesCount:0/latencyMS:100/tricklingDelay:0/seq:5/fileSize:1048576/nodeType:Passive/nodeTypeIndex:2/meta:dup_blks_rcvd","measures":{"value":6}}
{"ts":1670665339659298464,"type":"point","name":"exType:trickle/permutationIndex:0/run:3/dialer:edge/eavesCount:0/latencyMS:100/tricklingDelay:0/seq:5/fileSize:1048576/nodeType:Passive/nodeTypeIndex:2/meta:msgs_rcvd","measures":{"value":41}}
{"ts":1670665339659319211,"type":"point","name":"exType:trickle/permutationIndex:0/run:3/dialer:edge/eavesCount:0/latencyMS:100/tricklingDelay:0/seq:5/fileSize:1048576/nodeType:Passive/nodeTypeIndex:2/meta:data_sent","measures":{"value":2360022}}
{"ts":1670665339659324273,"type":"point","name":"exType:trickle/permutationIndex:0/run:3/dialer:edge/eavesCount:0/latencyMS:100/tricklingDelay:0/seq:5/fileSize:1048576/nodeType:Passive/nodeTypeIndex:2/meta:data_rcvd","measures":{"value":2097864}}
{"ts":1670665339659333349,"type":"point","name":"exType:trickle/permutationIndex:0/run:3/dialer:edge/eavesCount:0/latencyMS:100/tricklingDelay:0/seq:5/fileSize:1048576/nodeType:Passive/nodeTypeIndex:2/meta:dup_data_rcvd","measures":{"value":1049032}}
{"ts":1670665339659336072,"type":"point","name":"exType:trickle/permutationIndex:0/run:3/dialer:edge/eavesCount:0/latencyMS:100/tricklingDelay:0/seq:5/fileSize:1048576/nodeType:Passive/nodeTypeIndex:2/meta:blks_sent","measures":{"value":12}}
{"ts":1670665339659338655,"type":"point","name":"exType:trickle/permutationIndex:0/run:3/dialer:edge/eavesCount:0/latencyMS:100/tricklingDelay:0/seq:5/fileSize:1048576/nodeType:Passive/nodeTypeIndex:2/meta:blks_rcvd","measures":{"value":11}}
{"ts":1670665339659341024,"type":"point","name":"exType:trickle/permutationIndex:0/run:3/dialer:edge/eavesCount:0/latencyMS:100/tricklingDelay:0/seq:5/fileSize:1048576/nodeType:Passive/nodeTypeIndex:2/meta:dup_blks_rcvd","measures":{"value":6}}
{"ts":1670665350597627607,"type":"point","name":"exType:trickle/permutationIndex:0/run:4/dialer:edge/eavesCount:0/latencyMS:100/tricklingDelay:0/seq:5/fileSize:1048576/nodeType:Passive/nodeTypeIndex:2/meta:msgs_rcvd","measures":{"value":39}}
{"ts":1670665350597731326,"type":"point","name":"exType:trickle/permutationIndex:0/run:4/dialer:edge/eavesCount:0/latencyMS:100/tricklingDelay:0/seq:5/fileSize:1048576/nodeType:Passive/nodeTypeIndex:2/meta:data_sent","measures":{"value":2097864}}
{"ts":1670665350597759804,"type":"point","name":"exType:trickle/permutationIndex:0/run:4/dialer:edge/eavesCount:0/latencyMS:100/tricklingDelay:0/seq:5/fileSize:1048576/nodeType:Passive/nodeTypeIndex:2/meta:data_rcvd","measures":{"value":2360022}}
{"ts":1670665350597783224,"type":"point","name":"exType:trickle/permutationIndex:0/run:4/dialer:edge/eavesCount:0/latencyMS:100/tricklingDelay:0/seq:5/fileSize:1048576/nodeType:Passive/nodeTypeIndex:2/meta:dup_data_rcvd","measures":{"value":1311190}}
{"ts":1670665350597812170,"type":"point","name":"exType:trickle/permutationIndex:0/run:4/dialer:edge/eavesCount:0/latencyMS:100/tricklingDelay:0/seq:5/fileSize:1048576/nodeType:Passive/nodeTypeIndex:2/meta:blks_sent","measures":{"value":11}}
{"ts":1670665350597832819,"type":"point","name":"exType:trickle/permutationIndex:0/run:4/dialer:edge/eavesCount:0/latencyMS:100/tricklingDelay:0/seq:5/fileSize:1048576/nodeType:Passive/nodeTypeIndex:2/meta:blks_rcvd","measures":{"value":12}}
{"ts":1670665350597854362,"type":"point","name":"exType:trickle/permutationIndex:0/run:4/dialer:edge/eavesCount:0/latencyMS:100/tricklingDelay:0/seq:5/fileSize:1048576/nodeType:Passive/nodeTypeIndex:2/meta:dup_blks_rcvd","measures":{"value":7}}
{"ts":1670665360735580934,"type":"point","name":"exType:trickle/permutationIndex:0/run:5/dialer:edge/eavesCount:0/latencyMS:100/tricklingDelay:0/seq:5/fileSize:1048576/nodeType:Passive/nodeTypeIndex:2/meta:msgs_rcvd","measures":{"value":40}}
{"ts":1670665360735657088,"type":"point","name":"exType:trickle/permutationIndex:0/run:5/dialer:edge/eavesCount:0/latencyMS:100/tricklingDelay:0/seq:5/fileSize:1048576/nodeType:Passive/nodeTypeIndex:2/meta:data_sent","measures":{"value":1835706}}
{"ts":1670665360735681494,"type":"point","name":"exType:trickle/permutationIndex:0/run:5/dialer:edge/eavesCount:0/latencyMS:100/tricklingDelay:0/seq:5/fileSize:1048576/nodeType:Passive/nodeTypeIndex:2/meta:data_rcvd","measures":{"value":2360022}}
{"ts":1670665360735703052,"type":"point","name":"exType:trickle/permutationIndex:0/run:5/dialer:edge/eavesCount:0/latencyMS:100/tricklingDelay:0/seq:5/fileSize:1048576/nodeType:Passive/nodeTypeIndex:2/meta:dup_data_rcvd","measures":{"value":1049032}}
{"ts":1670665360735723827,"type":"point","name":"exType:trickle/permutationIndex:0/run:5/dialer:edge/eavesCount:0/latencyMS:100/tricklingDelay:0/seq:5/fileSize:1048576/nodeType:Passive/nodeTypeIndex:2/meta:blks_sent","measures":{"value":10}}
{"ts":1670665360735744993,"type":"point","name":"exType:trickle/permutationIndex:0/run:5/dialer:edge/eavesCount:0/latencyMS:100/tricklingDelay:0/seq:5/fileSize:1048576/nodeType:Passive/nodeTypeIndex:2/meta:blks_rcvd","measures":{"value":12}}
{"ts":1670665360735790775,"type":"point","name":"exType:trickle/permutationIndex:0/run:5/dialer:edge/eavesCount:0/latencyMS:100/tricklingDelay:0/seq:5/fileSize:1048576/nodeType:Passive/nodeTypeIndex:2/meta:dup_blks_rcvd","measures":{"value":6}}
{"ts":1670665371581676409,"type":"point","name":"exType:trickle/permutationIndex:0/run:6/dialer:edge/eavesCount:0/latencyMS:100/tricklingDelay:0/seq:5/fileSize:1048576/nodeType:Passive/nodeTypeIndex:2/meta:msgs_rcvd","measures":{"value":42}}
{"ts":1670665371581774710,"type":"point","name":"exType:trickle/permutationIndex:0/run:6/dialer:edge/eavesCount:0/latencyMS:100/tricklingDelay:0/seq:5/fileSize:1048576/nodeType:Passive/nodeTypeIndex:2/meta:data_sent","measures":{"value":2359822}}
{"ts":1670665371581801085,"type":"point","name":"exType:trickle/permutationIndex:0/run:6/dialer:edge/eavesCount:0/latencyMS:100/tricklingDelay:0/seq:5/fileSize:1048576/nodeType:Passive/nodeTypeIndex:2/meta:data_rcvd","measures":{"value":2360022}}
{"ts":1670665371581822045,"type":"point","name":"exType:trickle/permutationIndex:0/run:6/dialer:edge/eavesCount:0/latencyMS:100/tricklingDelay:0/seq:5/fileSize:1048576/nodeType:Passive/nodeTypeIndex:2/meta:dup_data_rcvd","measures":{"value":1311190}}
{"ts":1670665371581841643,"type":"point","name":"exType:trickle/permutationIndex:0/run:6/dialer:edge/eavesCount:0/latencyMS:100/tricklingDelay:0/seq:5/fileSize:1048576/nodeType:Passive/nodeTypeIndex:2/meta:blks_sent","measures":{"value":11}}
{"ts":1670665371581862715,"type":"point","name":"exType:trickle/permutationIndex:0/run:6/dialer:edge/eavesCount:0/latencyMS:100/tricklingDelay:0/seq:5/fileSize:1048576/nodeType:Passive/nodeTypeIndex:2/meta:blks_rcvd","measures":{"value":12}}
{"ts":1670665371581902142,"type":"point","name":"exType:trickle/permutationIndex:0/run:6/dialer:edge/eavesCount:0/latencyMS:100/tricklingDelay:0/seq:5/fileSize:1048576/nodeType:Passive/nodeTypeIndex:2/meta:dup_blks_rcvd","measures":{"value":7}}
{"ts":1670665382112923808,"type":"point","name":"exType:trickle/permutationIndex:0/run:7/dialer:edge/eavesCount:0/latencyMS:100/tricklingDelay:0/seq:5/fileSize:1048576/nodeType:Passive/nodeTypeIndex:2/meta:msgs_rcvd","measures":{"value":39}}
{"ts":1670665382113019331,"type":"point","name":"exType:trickle/permutationIndex:0/run:7/dialer:edge/eavesCount:0/latencyMS:100/tricklingDelay:0/seq:5/fileSize:1048576/nodeType:Passive/nodeTypeIndex:2/meta:data_sent","measures":{"value":2097864}}
{"ts":1670665382113050926,"type":"point","name":"exType:trickle/permutationIndex:0/run:7/dialer:edge/eavesCount:0/latencyMS:100/tricklingDelay:0/seq:5/fileSize:1048576/nodeType:Passive/nodeTypeIndex:2/meta:data_rcvd","measures":{"value":2360022}}
{"ts":1670665382113074585,"type":"point","name":"exType:trickle/permutationIndex:0/run:7/dialer:edge/eavesCount:0/latencyMS:100/tricklingDelay:0/seq:5/fileSize:1048576/nodeType:Passive/nodeTypeIndex:2/meta:dup_data_rcvd","measures":{"value":1311190}}
{"ts":1670665382113096194,"type":"point","name":"exType:trickle/permutationIndex:0/run:7/dialer:edge/eavesCount:0/latencyMS:100/tricklingDelay:0/seq:5/fileSize:1048576/nodeType:Passive/nodeTypeIndex:2/meta:blks_sent","measures":{"value":11}}
{"ts":1670665382113117858,"type":"point","name":"exType:trickle/permutationIndex:0/run:7/dialer:edge/eavesCount:0/latencyMS:100/tricklingDelay:0/seq:5/fileSize:1048576/nodeType:Passive/nodeTypeIndex:2/meta:blks_rcvd","measures":{"value":12}}
{"ts":1670665382113139819,"type":"point","name":"exType:trickle/permutationIndex:0/run:7/dialer:edge/eavesCount:0/latencyMS:100/tricklingDelay:0/seq:5/fileSize:1048576/nodeType:Passive/nodeTypeIndex:2/meta:dup_blks_rcvd","measures":{"value":7}}
{"ts":1670665393011087858,"type":"point","name":"exType:trickle/permutationIndex:0/run:8/dialer:edge/eavesCount:0/latencyMS:100/tricklingDelay:0/seq:5/fileSize:1048576/nodeType:Passive/nodeTypeIndex:2/meta:msgs_rcvd","measures":{"value":37}}
{"ts":1670665393011176343,"type":"point","name":"exType:trickle/permutationIndex:0/run:8/dialer:edge/eavesCount:0/latencyMS:100/tricklingDelay:0/seq:5/fileSize:1048576/nodeType:Passive/nodeTypeIndex:2/meta:data_sent","measures":{"value":2360022}}
{"ts":1670665393011239193,"type":"point","name":"exType:trickle/permutationIndex:0/run:8/dialer:edge/eavesCount:0/latencyMS:100/tricklingDelay:0/seq:5/fileSize:1048576/nodeType:Passive/nodeTypeIndex:2/meta:data_rcvd","measures":{"value":2097864}}
{"ts":1670665393011263447,"type":"point","name":"exType:trickle/permutationIndex:0/run:8/dialer:edge/eavesCount:0/latencyMS:100/tricklingDelay:0/seq:5/fileSize:1048576/nodeType:Passive/nodeTypeIndex:2/meta:dup_data_rcvd","measures":{"value":1049032}}
{"ts":1670665393011283402,"type":"point","name":"exType:trickle/permutationIndex:0/run:8/dialer:edge/eavesCount:0/latencyMS:100/tricklingDelay:0/seq:5/fileSize:1048576/nodeType:Passive/nodeTypeIndex:2/meta:blks_sent","measures":{"value":12}}
{"ts":1670665393011330555,"type":"point","name":"exType:trickle/permutationIndex:0/run:8/dialer:edge/eavesCount:0/latencyMS:100/tricklingDelay:0/seq:5/fileSize:1048576/nodeType:Passive/nodeTypeIndex:2/meta:blks_rcvd","measures":{"value":11}}
{"ts":1670665393011350161,"type":"point","name":"exType:trickle/permutationIndex:0/run:8/dialer:edge/eavesCount:0/latencyMS:100/tricklingDelay:0/seq:5/fileSize:1048576/nodeType:Passive/nodeTypeIndex:2/meta:dup_blks_rcvd","measures":{"value":6}}
{"ts":1670665404094840445,"type":"point","name":"exType:trickle/permutationIndex:0/run:9/dialer:edge/eavesCount:0/latencyMS:100/tricklingDelay:0/seq:5/fileSize:1048576/nodeType:Passive/nodeTypeIndex:2/meta:msgs_rcvd","measures":{"value":44}}
{"ts":1670665404094945056,"type":"point","name":"exType:trickle/permutationIndex:0/run:9/dialer:edge/eavesCount:0/latencyMS:100/tricklingDelay:0/seq:5/fileSize:1048576/nodeType:Passive/nodeTypeIndex:2/meta:data_sent","measures":{"value":1835706}}
{"ts":1670665404095018651,"type":"point","name":"exType:trickle/permutationIndex:0/run:9/dialer:edge/eavesCount:0/latencyMS:100/tricklingDelay:0/seq:5/fileSize:1048576/nodeType:Passive/nodeTypeIndex:2/meta:data_rcvd","measures":{"value":2884338}}
{"ts":1670665404095056413,"type":"point","name":"exType:trickle/permutationIndex:0/run:9/dialer:edge/eavesCount:0/latencyMS:100/tricklingDelay:0/seq:5/fileSize:1048576/nodeType:Passive/nodeTypeIndex:2/meta:dup_data_rcvd","measures":{"value":1835506}}
{"ts":1670665404095080575,"type":"point","name":"exType:trickle/permutationIndex:0/run:9/dialer:edge/eavesCount:0/latencyMS:100/tricklingDelay:0/seq:5/fileSize:1048576/nodeType:Passive/nodeTypeIndex:2/meta:blks_sent","measures":{"value":10}}
{"ts":1670665404095105712,"type":"point","name":"exType:trickle/permutationIndex:0/run:9/dialer:edge/eavesCount:0/latencyMS:100/tricklingDelay:0/seq:5/fileSize:1048576/nodeType:Passive/nodeTypeIndex:2/meta:blks_rcvd","measures":{"value":14}}
{"ts":1670665404095127191,"type":"point","name":"exType:trickle/permutationIndex:0/run:9/dialer:edge/eavesCount:0/latencyMS:100/tricklingDelay:0/seq:5/fileSize:1048576/nodeType:Passive/nodeTypeIndex:2/meta:dup_blks_rcvd","measures":{"value":9}}
{"ts":1670665415333236454,"type":"point","name":"exType:trickle/permutationIndex:0/run:10/dialer:edge/eavesCount:0/latencyMS:100/tricklingDelay:0/seq:5/fileSize:1048576/nodeType:Passive/nodeTypeIndex:2/meta:msgs_rcvd","measures":{"value":41}}
{"ts":1670665415333331494,"type":"point","name":"exType:trickle/permutationIndex:0/run:10/dialer:edge/eavesCount:0/latencyMS:100/tricklingDelay:0/seq:5/fileSize:1048576/nodeType:Passive/nodeTypeIndex:2/meta:data_sent","measures":{"value":1573548}}
{"ts":1670665415333361052,"type":"point","name":"exType:trickle/permutationIndex:0/run:10/dialer:edge/eavesCount:0/latencyMS:100/tricklingDelay:0/seq:5/fileSize:1048576/nodeType:Passive/nodeTypeIndex:2/meta:data_rcvd","measures":{"value":2360022}}
{"ts":1670665415333390855,"type":"point","name":"exType:trickle/permutationIndex:0/run:10/dialer:edge/eavesCount:0/latencyMS:100/tricklingDelay:0/seq:5/fileSize:1048576/nodeType:Passive/nodeTypeIndex:2/meta:dup_data_rcvd","measures":{"value":1311190}}
{"ts":1670665415333448716,"type":"point","name":"exType:trickle/permutationIndex:0/run:10/dialer:edge/eavesCount:0/latencyMS:100/tricklingDelay:0/seq:5/fileSize:1048576/nodeType:Passive/nodeTypeIndex:2/meta:blks_sent","measures":{"value":9}}
{"ts":1670665415333470694,"type":"point","name":"exType:trickle/permutationIndex:0/run:10/dialer:edge/eavesCount:0/latencyMS:100/tricklingDelay:0/seq:5/fileSize:1048576/nodeType:Passive/nodeTypeIndex:2/meta:blks_rcvd","measures":{"value":12}}
{"ts":1670665415333492055,"type":"point","name":"exType:trickle/permutationIndex:0/run:10/dialer:edge/eavesCount:0/latencyMS:100/tricklingDelay:0/seq:5/fileSize:1048576/nodeType:Passive/nodeTypeIndex:2/meta:dup_blks_rcvd","measures":{"value":7}}
{"ts":1670665425916854638,"type":"point","name":"exType:trickle/permutationIndex:0/run:11/dialer:edge/eavesCount:0/latencyMS:100/tricklingDelay:0/seq:5/fileSize:1048576/nodeType:Passive/nodeTypeIndex:2/meta:msgs_rcvd","measures":{"value":40}}
{"ts":1670665425917059603,"type":"point","name":"exType:trickle/permutationIndex:0/run:11/dialer:edge/eavesCount:0/latencyMS:100/tricklingDelay:0/seq:5/fileSize:1048576/nodeType:Passive/nodeTypeIndex:2/meta:data_sent","measures":{"value":1835506}}
{"ts":1670665425917091001,"type":"point","name":"exType:trickle/permutationIndex:0/run:11/dialer:edge/eavesCount:0/latencyMS:100/tricklingDelay:0/seq:5/fileSize:1048576/nodeType:Passive/nodeTypeIndex:2/meta:data_rcvd","measures":{"value":2622180}}
{"ts":1670665425917112067,"type":"point","name":"exType:trickle/permutationIndex:0/run:11/dialer:edge/eavesCount:0/latencyMS:100/tricklingDelay:0/seq:5/fileSize:1048576/nodeType:Passive/nodeTypeIndex:2/meta:dup_data_rcvd","measures":{"value":1573348}}
{"ts":1670665425917132100,"type":"point","name":"exType:trickle/permutationIndex:0/run:11/dialer:edge/eavesCount:0/latencyMS:100/tricklingDelay:0/seq:5/fileSize:1048576/nodeType:Passive/nodeTypeIndex:2/meta:blks_sent","measures":{"value":9}}
{"ts":1670665425917152495,"type":"point","name":"exType:trickle/permutationIndex:0/run:11/dialer:edge/eavesCount:0/latencyMS:100/tricklingDelay:0/seq:5/fileSize:1048576/nodeType:Passive/nodeTypeIndex:2/meta:blks_rcvd","measures":{"value":13}}
{"ts":1670665425917171596,"type":"point","name":"exType:trickle/permutationIndex:0/run:11/dialer:edge/eavesCount:0/latencyMS:100/tricklingDelay:0/seq:5/fileSize:1048576/nodeType:Passive/nodeTypeIndex:2/meta:dup_blks_rcvd","measures":{"value":8}}
{"ts":1670665436593923110,"type":"point","name":"exType:trickle/permutationIndex:0/run:12/dialer:edge/eavesCount:0/latencyMS:100/tricklingDelay:0/seq:5/fileSize:1048576/nodeType:Passive/nodeTypeIndex:2/meta:msgs_rcvd","measures":{"value":38}}
{"ts":1670665436594020067,"type":"point","name":"exType:trickle/permutationIndex:0/run:12/dialer:edge/eavesCount:0/latencyMS:100/tricklingDelay:0/seq:5/fileSize:1048576/nodeType:Passive/nodeTypeIndex:2/meta:data_sent","measures":{"value":2360022}}
{"ts":1670665436594050695,"type":"point","name":"exType:trickle/permutationIndex:0/run:12/dialer:edge/eavesCount:0/latencyMS:100/tricklingDelay:0/seq:5/fileSize:1048576/nodeType:Passive/nodeTypeIndex:2/meta:data_rcvd","measures":{"value":1835706}}
{"ts":1670665436594072080,"type":"point","name":"exType:trickle/permutationIndex:0/run:12/dialer:edge/eavesCount:0/latencyMS:100/tricklingDelay:0/seq:5/fileSize:1048576/nodeType:Passive/nodeTypeIndex:2/meta:dup_data_rcvd","measures":{"value":786874}}
{"ts":1670665436594095906,"type":"point","name":"exType:trickle/permutationIndex:0/run:12/dialer:edge/eavesCount:0/latencyMS:100/tricklingDelay:0/seq:5/fileSize:1048576/nodeType:Passive/nodeTypeIndex:2/meta:blks_sent","measures":{"value":12}}
{"ts":1670665436594115050,"type":"point","name":"exType:trickle/permutationIndex:0/run:12/dialer:edge/eavesCount:0/latencyMS:100/tricklingDelay:0/seq:5/fileSize:1048576/nodeType:Passive/nodeTypeIndex:2/meta:blks_rcvd","measures":{"value":10}}
{"ts":1670665436594136812,"type":"point","name":"exType:trickle/permutationIndex:0/run:12/dialer:edge/eavesCount:0/latencyMS:100/tricklingDelay:0/seq:5/fileSize:1048576/nodeType:Passive/nodeTypeIndex:2/meta:dup_blks_rcvd","measures":{"value":5}}
{"ts":1670665447121764674,"type":"point","name":"exType:trickle/permutationIndex:0/run:13/dialer:edge/eavesCount:0/latencyMS:100/tricklingDelay:0/seq:5/fileSize:1048576/nodeType:Passive/nodeTypeIndex:2/meta:msgs_rcvd","measures":{"value":39}}
{"ts":1670665447121872428,"type":"point","name":"exType:trickle/permutationIndex:0/run:13/dialer:edge/eavesCount:0/latencyMS:100/tricklingDelay:0/seq:5/fileSize:1048576/nodeType:Passive/nodeTypeIndex:2/meta:data_sent","measures":{"value":2097864}}
{"ts":1670665447121901622,"type":"point","name":"exType:trickle/permutationIndex:0/run:13/dialer:edge/eavesCount:0/latencyMS:100/tricklingDelay:0/seq:5/fileSize:1048576/nodeType:Passive/nodeTypeIndex:2/meta:data_rcvd","measures":{"value":2360022}}
{"ts":1670665447121923924,"type":"point","name":"exType:trickle/permutationIndex:0/run:13/dialer:edge/eavesCount:0/latencyMS:100/tricklingDelay:0/seq:5/fileSize:1048576/nodeType:Passive/nodeTypeIndex:2/meta:dup_data_rcvd","measures":{"value":1311190}}
{"ts":1670665447121947251,"type":"point","name":"exType:trickle/permutationIndex:0/run:13/dialer:edge/eavesCount:0/latencyMS:100/tricklingDelay:0/seq:5/fileSize:1048576/nodeType:Passive/nodeTypeIndex:2/meta:blks_sent","measures":{"value":11}}
{"ts":1670665447121968456,"type":"point","name":"exType:trickle/permutationIndex:0/run:13/dialer:edge/eavesCount:0/latencyMS:100/tricklingDelay:0/seq:5/fileSize:1048576/nodeType:Passive/nodeTypeIndex:2/meta:blks_rcvd","measures":{"value":12}}
{"ts":1670665447121989477,"type":"point","name":"exType:trickle/permutationIndex:0/run:13/dialer:edge/eavesCount:0/latencyMS:100/tricklingDelay:0/seq:5/fileSize:1048576/nodeType:Passive/nodeTypeIndex:2/meta:dup_blks_rcvd","measures":{"value":7}}
{"ts":1670665457917783579,"type":"point","name":"exType:trickle/permutationIndex:0/run:14/dialer:edge/eavesCount:0/latencyMS:100/tricklingDelay:0/seq:5/fileSize:1048576/nodeType:Passive/nodeTypeIndex:2/meta:msgs_rcvd","measures":{"value":40}}
{"ts":1670665457917947195,"type":"point","name":"exType:trickle/permutationIndex:0/run:14/dialer:edge/eavesCount:0/latencyMS:100/tricklingDelay:0/seq:5/fileSize:1048576/nodeType:Passive/nodeTypeIndex:2/meta:data_sent","measures":{"value":2097864}}
{"ts":1670665457917997463,"type":"point","name":"exType:trickle/permutationIndex:0/run:14/dialer:edge/eavesCount:0/latencyMS:100/tricklingDelay:0/seq:5/fileSize:1048576/nodeType:Passive/nodeTypeIndex:2/meta:data_rcvd","measures":{"value":2360022}}
{"ts":1670665457918023310,"type":"point","name":"exType:trickle/permutationIndex:0/run:14/dialer:edge/eavesCount:0/latencyMS:100/tricklingDelay:0/seq:5/fileSize:1048576/nodeType:Passive/nodeTypeIndex:2/meta:dup_data_rcvd","measures":{"value":1311190}}
{"ts":1670665457918043753,"type":"point","name":"exType:trickle/permutationIndex:0/run:14/dialer:edge/eavesCount:0/latencyMS:100/tricklingDelay:0/seq:5/fileSize:1048576/nodeType:Passive/nodeTypeIndex:2/meta:blks_sent","measures":{"value":11}}
{"ts":1670665457918064469,"type":"point","name":"exType:trickle/permutationIndex:0/run:14/dialer:edge/eavesCount:0/latencyMS:100/tricklingDelay:0/seq:5/fileSize:1048576/nodeType:Passive/nodeTypeIndex:2/meta:blks_rcvd","measures":{"value":12}}
{"ts":1670665457918098344,"type":"point","name":"exType:trickle/permutationIndex:0/run:14/dialer:edge/eavesCount:0/latencyMS:100/tricklingDelay:0/seq:5/fileSize:1048576/nodeType:Passive/nodeTypeIndex:2/meta:dup_blks_rcvd","measures":{"value":7}}
{"ts":1670665468524177092,"type":"point","name":"exType:trickle/permutationIndex:0/run:15/dialer:edge/eavesCount:0/latencyMS:100/tricklingDelay:0/seq:5/fileSize:1048576/nodeType:Passive/nodeTypeIndex:2/meta:msgs_rcvd","measures":{"value":40}}
{"ts":1670665468524199472,"type":"point","name":"exType:trickle/permutationIndex:0/run:15/dialer:edge/eavesCount:0/latencyMS:100/tricklingDelay:0/seq:5/fileSize:1048576/nodeType:Passive/nodeTypeIndex:2/meta:data_sent","measures":{"value":2097864}}
{"ts":1670665468524205737,"type":"point","name":"exType:trickle/permutationIndex:0/run:15/dialer:edge/eavesCount:0/latencyMS:100/tricklingDelay:0/seq:5/fileSize:1048576/nodeType:Passive/nodeTypeIndex:2/meta:data_rcvd","measures":{"value":2097864}}
{"ts":1670665468524221585,"type":"point","name":"exType:trickle/permutationIndex:0/run:15/dialer:edge/eavesCount:0/latencyMS:100/tricklingDelay:0/seq:5/fileSize:1048576/nodeType:Passive/nodeTypeIndex:2/meta:dup_data_rcvd","measures":{"value":1049032}}
{"ts":1670665468524226632,"type":"point","name":"exType:trickle/permutationIndex:0/run:15/dialer:edge/eavesCount:0/latencyMS:100/tricklingDelay:0/seq:5/fileSize:1048576/nodeType:Passive/nodeTypeIndex:2/meta:blks_sent","measures":{"value":11}}
{"ts":1670665468524230583,"type":"point","name":"exType:trickle/permutationIndex:0/run:15/dialer:edge/eavesCount:0/latencyMS:100/tricklingDelay:0/seq:5/fileSize:1048576/nodeType:Passive/nodeTypeIndex:2/meta:blks_rcvd","measures":{"value":11}}
{"ts":1670665468524234455,"type":"point","name":"exType:trickle/permutationIndex:0/run:15/dialer:edge/eavesCount:0/latencyMS:100/tricklingDelay:0/seq:5/fileSize:1048576/nodeType:Passive/nodeTypeIndex:2/meta:dup_blks_rcvd","measures":{"value":6}}
{"ts":1670665479180087050,"type":"point","name":"exType:trickle/permutationIndex:0/run:16/dialer:edge/eavesCount:0/latencyMS:100/tricklingDelay:0/seq:5/fileSize:1048576/nodeType:Passive/nodeTypeIndex:2/meta:msgs_rcvd","measures":{"value":42}}
{"ts":1670665479180103451,"type":"point","name":"exType:trickle/permutationIndex:0/run:16/dialer:edge/eavesCount:0/latencyMS:100/tricklingDelay:0/seq:5/fileSize:1048576/nodeType:Passive/nodeTypeIndex:2/meta:data_sent","measures":{"value":1835706}}
{"ts":1670665479180108101,"type":"point","name":"exType:trickle/permutationIndex:0/run:16/dialer:edge/eavesCount:0/latencyMS:100/tricklingDelay:0/seq:5/fileSize:1048576/nodeType:Passive/nodeTypeIndex:2/meta:data_rcvd","measures":{"value":2360022}}
{"ts":1670665479180111436,"type":"point","name":"exType:trickle/permutationIndex:0/run:16/dialer:edge/eavesCount:0/latencyMS:100/tricklingDelay:0/seq:5/fileSize:1048576/nodeType:Passive/nodeTypeIndex:2/meta:dup_data_rcvd","measures":{"value":1311190}}
{"ts":1670665479180114863,"type":"point","name":"exType:trickle/permutationIndex:0/run:16/dialer:edge/eavesCount:0/latencyMS:100/tricklingDelay:0/seq:5/fileSize:1048576/nodeType:Passive/nodeTypeIndex:2/meta:blks_sent","measures":{"value":10}}
{"ts":1670665479180118206,"type":"point","name":"exType:trickle/permutationIndex:0/run:16/dialer:edge/eavesCount:0/latencyMS:100/tricklingDelay:0/seq:5/fileSize:1048576/nodeType:Passive/nodeTypeIndex:2/meta:blks_rcvd","measures":{"value":12}}
{"ts":1670665479180121540,"type":"point","name":"exType:trickle/permutationIndex:0/run:16/dialer:edge/eavesCount:0/latencyMS:100/tricklingDelay:0/seq:5/fileSize:1048576/nodeType:Passive/nodeTypeIndex:2/meta:dup_blks_rcvd","measures":{"value":7}}
{"ts":1670665489936278584,"type":"point","name":"exType:trickle/permutationIndex:0/run:17/dialer:edge/eavesCount:0/latencyMS:100/tricklingDelay:0/seq:5/fileSize:1048576/nodeType:Passive/nodeTypeIndex:2/meta:msgs_rcvd","measures":{"value":38}}
{"ts":1670665489937634962,"type":"point","name":"exType:trickle/permutationIndex:0/run:17/dialer:edge/eavesCount:0/latencyMS:100/tricklingDelay:0/seq:5/fileSize:1048576/nodeType:Passive/nodeTypeIndex:2/meta:data_sent","measures":{"value":2097664}}
{"ts":1670665489937692940,"type":"point","name":"exType:trickle/permutationIndex:0/run:17/dialer:edge/eavesCount:0/latencyMS:100/tricklingDelay:0/seq:5/fileSize:1048576/nodeType:Passive/nodeTypeIndex:2/meta:data_rcvd","measures":{"value":2097864}}
{"ts":1670665489937710211,"type":"point","name":"exType:trickle/permutationIndex:0/run:17/dialer:edge/eavesCount:0/latencyMS:100/tricklingDelay:0/seq:5/fileSize:1048576/nodeType:Passive/nodeTypeIndex:2/meta:dup_data_rcvd","measures":{"value":1049032}}
{"ts":1670665489937723414,"type":"point","name":"exType:trickle/permutationIndex:0/run:17/dialer:edge/eavesCount:0/latencyMS:100/tricklingDelay:0/seq:5/fileSize:1048576/nodeType:Passive/nodeTypeIndex:2/meta:blks_sent","measures":{"value":10}}
{"ts":1670665489937765307,"type":"point","name":"exType:trickle/permutationIndex:0/run:17/dialer:edge/eavesCount:0/latencyMS:100/tricklingDelay:0/seq:5/fileSize:1048576/nodeType:Passive/nodeTypeIndex:2/meta:blks_rcvd","measures":{"value":11}}
{"ts":1670665489937778756,"type":"point","name":"exType:trickle/permutationIndex:0/run:17/dialer:edge/eavesCount:0/latencyMS:100/tricklingDelay:0/seq:5/fileSize:1048576/nodeType:Passive/nodeTypeIndex:2/meta:dup_blks_rcvd","measures":{"value":6}}
{"ts":1670665500744320426,"type":"point","name":"exType:trickle/permutationIndex:0/run:18/dialer:edge/eavesCount:0/latencyMS:100/tricklingDelay:0/seq:5/fileSize:1048576/nodeType:Passive/nodeTypeIndex:2/meta:msgs_rcvd","measures":{"value":36}}
{"ts":1670665500744411609,"type":"point","name":"exType:trickle/permutationIndex:0/run:18/dialer:edge/eavesCount:0/latencyMS:100/tricklingDelay:0/seq:5/fileSize:1048576/nodeType:Passive/nodeTypeIndex:2/meta:data_sent","measures":{"value":2360022}}
{"ts":1670665500744441280,"type":"point","name":"exType:trickle/permutationIndex:0/run:18/dialer:edge/eavesCount:0/latencyMS:100/tricklingDelay:0/seq:5/fileSize:1048576/nodeType:Passive/nodeTypeIndex:2/meta:data_rcvd","measures":{"value":2097664}}
{"ts":1670665500744463485,"type":"point","name":"exType:trickle/permutationIndex:0/run:18/dialer:edge/eavesCount:0/latencyMS:100/tricklingDelay:0/seq:5/fileSize:1048576/nodeType:Passive/nodeTypeIndex:2/meta:dup_data_rcvd","measures":{"value":1048832}}
{"ts":1670665500744481111,"type":"point","name":"exType:trickle/permutationIndex:0/run:18/dialer:edge/eavesCount:0/latencyMS:100/tricklingDelay:0/seq:5/fileSize:1048576/nodeType:Passive/nodeTypeIndex:2/meta:blks_sent","measures":{"value":12}}
{"ts":1670665500744501017,"type":"point","name":"exType:trickle/permutationIndex:0/run:18/dialer:edge/eavesCount:0/latencyMS:100/tricklingDelay:0/seq:5/fileSize:1048576/nodeType:Passive/nodeTypeIndex:2/meta:blks_rcvd","measures":{"value":10}}
{"ts":1670665500744521590,"type":"point","name":"exType:trickle/permutationIndex:0/run:18/dialer:edge/eavesCount:0/latencyMS:100/tricklingDelay:0/seq:5/fileSize:1048576/nodeType:Passive/nodeTypeIndex:2/meta:dup_blks_rcvd","measures":{"value":5}}
{"ts":1670665511667353857,"type":"point","name":"exType:trickle/permutationIndex:0/run:19/dialer:edge/eavesCount:0/latencyMS:100/tricklingDelay:0/seq:5/fileSize:1048576/nodeType:Passive/nodeTypeIndex:2/meta:msgs_rcvd","measures":{"value":43}}
{"ts":1670665511667434603,"type":"point","name":"exType:trickle/permutationIndex:0/run:19/dialer:edge/eavesCount:0/latencyMS:100/tricklingDelay:0/seq:5/fileSize:1048576/nodeType:Passive/nodeTypeIndex:2/meta:data_sent","measures":{"value":2097864}}
{"ts":1670665511667459363,"type":"point","name":"exType:trickle/permutationIndex:0/run:19/dialer:edge/eavesCount:0/latencyMS:100/tricklingDelay:0/seq:5/fileSize:1048576/nodeType:Passive/nodeTypeIndex:2/meta:data_rcvd","measures":{"value":2360022}}
{"ts":1670665511667483528,"type":"point","name":"exType:trickle/permutationIndex:0/run:19/dialer:edge/eavesCount:0/latencyMS:100/tricklingDelay:0/seq:5/fileSize:1048576/nodeType:Passive/nodeTypeIndex:2/meta:dup_data_rcvd","measures":{"value":1311190}}
{"ts":1670665511667505314,"type":"point","name":"exType:trickle/permutationIndex:0/run:19/dialer:edge/eavesCount:0/latencyMS:100/tricklingDelay:0/seq:5/fileSize:1048576/nodeType:Passive/nodeTypeIndex:2/meta:blks_sent","measures":{"value":11}}
{"ts":1670665511667524180,"type":"point","name":"exType:trickle/permutationIndex:0/run:19/dialer:edge/eavesCount:0/latencyMS:100/tricklingDelay:0/seq:5/fileSize:1048576/nodeType:Passive/nodeTypeIndex:2/meta:blks_rcvd","measures":{"value":12}}
{"ts":1670665511667547225,"type":"point","name":"exType:trickle/permutationIndex:0/run:19/dialer:edge/eavesCount:0/latencyMS:100/tricklingDelay:0/seq:5/fileSize:1048576/nodeType:Passive/nodeTypeIndex:2/meta:dup_blks_rcvd","measures":{"value":7}}
{"ts":1670665522952266507,"type":"point","name":"exType:trickle/permutationIndex:0/run:20/dialer:edge/eavesCount:0/latencyMS:100/tricklingDelay:0/seq:5/fileSize:1048576/nodeType:Passive/nodeTypeIndex:2/meta:msgs_rcvd","measures":{"value":38}}
{"ts":1670665522952368908,"type":"point","name":"exType:trickle/permutationIndex:0/run:20/dialer:edge/eavesCount:0/latencyMS:100/tricklingDelay:0/seq:5/fileSize:1048576/nodeType:Passive/nodeTypeIndex:2/meta:data_sent","measures":{"value":2097664}}
{"ts":1670665522952396358,"type":"point","name":"exType:trickle/permutationIndex:0/run:20/dialer:edge/eavesCount:0/latencyMS:100/tricklingDelay:0/seq:5/fileSize:1048576/nodeType:Passive/nodeTypeIndex:2/meta:data_rcvd","measures":{"value":2360022}}
{"ts":1670665522952419205,"type":"point","name":"exType:trickle/permutationIndex:0/run:20/dialer:edge/eavesCount:0/latencyMS:100/tricklingDelay:0/seq:5/fileSize:1048576/nodeType:Passive/nodeTypeIndex:2/meta:dup_data_rcvd","measures":{"value":1311190}}
{"ts":1670665522952439323,"type":"point","name":"exType:trickle/permutationIndex:0/run:20/dialer:edge/eavesCount:0/latencyMS:100/tricklingDelay:0/seq:5/fileSize:1048576/nodeType:Passive/nodeTypeIndex:2/meta:blks_sent","measures":{"value":10}}
{"ts":1670665522952460019,"type":"point","name":"exType:trickle/permutationIndex:0/run:20/dialer:edge/eavesCount:0/latencyMS:100/tricklingDelay:0/seq:5/fileSize:1048576/nodeType:Passive/nodeTypeIndex:2/meta:blks_rcvd","measures":{"value":12}}
{"ts":1670665522952481536,"type":"point","name":"exType:trickle/permutationIndex:0/run:20/dialer:edge/eavesCount:0/latencyMS:100/tricklingDelay:0/seq:5/fileSize:1048576/nodeType:Passive/nodeTypeIndex:2/meta:dup_blks_rcvd","measures":{"value":7}}
{"ts":1670665533789298401,"type":"point","name":"exType:trickle/permutationIndex:0/run:21/dialer:edge/eavesCount:0/latencyMS:100/tricklingDelay:0/seq:5/fileSize:1048576/nodeType:Passive/nodeTypeIndex:2/meta:msgs_rcvd","measures":{"value":36}}
{"ts":1670665533789313090,"type":"point","name":"exType:trickle/permutationIndex:0/run:21/dialer:edge/eavesCount:0/latencyMS:100/tricklingDelay:0/seq:5/fileSize:1048576/nodeType:Passive/nodeTypeIndex:2/meta:data_sent","measures":{"value":2622180}}
{"ts":1670665533789317223,"type":"point","name":"exType:trickle/permutationIndex:0/run:21/dialer:edge/eavesCount:0/latencyMS:100/tricklingDelay:0/seq:5/fileSize:1048576/nodeType:Passive/nodeTypeIndex:2/meta:data_rcvd","measures":{"value":1835706}}
{"ts":1670665533789320192,"type":"point","name":"exType:trickle/permutationIndex:0/run:21/dialer:edge/eavesCount:0/latencyMS:100/tricklingDelay:0/seq:5/fileSize:1048576/nodeType:Passive/nodeTypeIndex:2/meta:dup_data_rcvd","measures":{"value":786874}}
{"ts":1670665533789322743,"type":"point","name":"exType:trickle/permutationIndex:0/run:21/dialer:edge/eavesCount:0/latencyMS:100/tricklingDelay:0/seq:5/fileSize:1048576/nodeType:Passive/nodeTypeIndex:2/meta:blks_sent","measures":{"value":13}}
{"ts":1670665533789325577,"type":"point","name":"exType:trickle/permutationIndex:0/run:21/dialer:edge/eavesCount:0/latencyMS:100/tricklingDelay:0/seq:5/fileSize:1048576/nodeType:Passive/nodeTypeIndex:2/meta:blks_rcvd","measures":{"value":10}}
{"ts":1670665533789328540,"type":"point","name":"exType:trickle/permutationIndex:0/run:21/dialer:edge/eavesCount:0/latencyMS:100/tricklingDelay:0/seq:5/fileSize:1048576/nodeType:Passive/nodeTypeIndex:2/meta:dup_blks_rcvd","measures":{"value":5}}
{"ts":1670665544229873828,"type":"point","name":"exType:trickle/permutationIndex:0/run:22/dialer:edge/eavesCount:0/latencyMS:100/tricklingDelay:0/seq:5/fileSize:1048576/nodeType:Passive/nodeTypeIndex:2/meta:msgs_rcvd","measures":{"value":42}}
{"ts":1670665544229888471,"type":"point","name":"exType:trickle/permutationIndex:0/run:22/dialer:edge/eavesCount:0/latencyMS:100/tricklingDelay:0/seq:5/fileSize:1048576/nodeType:Passive/nodeTypeIndex:2/meta:data_sent","measures":{"value":1835706}}
{"ts":1670665544229891874,"type":"point","name":"exType:trickle/permutationIndex:0/run:22/dialer:edge/eavesCount:0/latencyMS:100/tricklingDelay:0/seq:5/fileSize:1048576/nodeType:Passive/nodeTypeIndex:2/meta:data_rcvd","measures":{"value":2360022}}
{"ts":1670665544229894451,"type":"point","name":"exType:trickle/permutationIndex:0/run:22/dialer:edge/eavesCount:0/latencyMS:100/tricklingDelay:0/seq:5/fileSize:1048576/nodeType:Passive/nodeTypeIndex:2/meta:dup_data_rcvd","measures":{"value":1311190}}
{"ts":1670665544229903097,"type":"point","name":"exType:trickle/permutationIndex:0/run:22/dialer:edge/eavesCount:0/latencyMS:100/tricklingDelay:0/seq:5/fileSize:1048576/nodeType:Passive/nodeTypeIndex:2/meta:blks_sent","measures":{"value":10}}
{"ts":1670665544229905986,"type":"point","name":"exType:trickle/permutationIndex:0/run:22/dialer:edge/eavesCount:0/latencyMS:100/tricklingDelay:0/seq:5/fileSize:1048576/nodeType:Passive/nodeTypeIndex:2/meta:blks_rcvd","measures":{"value":12}}
{"ts":1670665544229908555,"type":"point","name":"exType:trickle/permutationIndex:0/run:22/dialer:edge/eavesCount:0/latencyMS:100/tricklingDelay:0/seq:5/fileSize:1048576/nodeType:Passive/nodeTypeIndex:2/meta:dup_blks_rcvd","measures":{"value":7}}
{"ts":1670665554879750403,"type":"point","name":"exType:trickle/permutationIndex:0/run:23/dialer:edge/eavesCount:0/latencyMS:100/tricklingDelay:0/seq:5/fileSize:1048576/nodeType:Passive/nodeTypeIndex:2/meta:msgs_rcvd","measures":{"value":43}}
{"ts":1670665554879793988,"type":"point","name":"exType:trickle/permutationIndex:0/run:23/dialer:edge/eavesCount:0/latencyMS:100/tricklingDelay:0/seq:5/fileSize:1048576/nodeType:Passive/nodeTypeIndex:2/meta:data_sent","measures":{"value":1573548}}
{"ts":1670665554879801516,"type":"point","name":"exType:trickle/permutationIndex:0/run:23/dialer:edge/eavesCount:0/latencyMS:100/tricklingDelay:0/seq:5/fileSize:1048576/nodeType:Passive/nodeTypeIndex:2/meta:data_rcvd","measures":{"value":2622180}}
{"ts":1670665554879805822,"type":"point","name":"exType:trickle/permutationIndex:0/run:23/dialer:edge/eavesCount:0/latencyMS:100/tricklingDelay:0/seq:5/fileSize:1048576/nodeType:Passive/nodeTypeIndex:2/meta:dup_data_rcvd","measures":{"value":1573348}}
{"ts":1670665554879809815,"type":"point","name":"exType:trickle/permutationIndex:0/run:23/dialer:edge/eavesCount:0/latencyMS:100/tricklingDelay:0/seq:5/fileSize:1048576/nodeType:Passive/nodeTypeIndex:2/meta:blks_sent","measures":{"value":9}}
{"ts":1670665554879814080,"type":"point","name":"exType:trickle/permutationIndex:0/run:23/dialer:edge/eavesCount:0/latencyMS:100/tricklingDelay:0/seq:5/fileSize:1048576/nodeType:Passive/nodeTypeIndex:2/meta:blks_rcvd","measures":{"value":13}}
{"ts":1670665554879818128,"type":"point","name":"exType:trickle/permutationIndex:0/run:23/dialer:edge/eavesCount:0/latencyMS:100/tricklingDelay:0/seq:5/fileSize:1048576/nodeType:Passive/nodeTypeIndex:2/meta:dup_blks_rcvd","measures":{"value":8}}
{"ts":1670665565342850440,"type":"point","name":"exType:trickle/permutationIndex:0/run:24/dialer:edge/eavesCount:0/latencyMS:100/tricklingDelay:0/seq:5/fileSize:1048576/nodeType:Passive/nodeTypeIndex:2/meta:msgs_rcvd","measures":{"value":39}}
{"ts":1670665565342888952,"type":"point","name":"exType:trickle/permutationIndex:0/run:24/dialer:edge/eavesCount:0/latencyMS:100/tricklingDelay:0/seq:5/fileSize:1048576/nodeType:Passive/nodeTypeIndex:2/meta:data_sent","measures":{"value":2360022}}
{"ts":1670665565342902522,"type":"point","name":"exType:trickle/permutationIndex:0/run:24/dialer:edge/eavesCount:0/latencyMS:100/tricklingDelay:0/seq:5/fileSize:1048576/nodeType:Passive/nodeTypeIndex:2/meta:data_rcvd","measures":{"value":2097864}}
{"ts":1670665565342908572,"type":"point","name":"exType:trickle/permutationIndex:0/run:24/dialer:edge/eavesCount:0/latencyMS:100/tricklingDelay:0/seq:5/fileSize:1048576/nodeType:Passive/nodeTypeIndex:2/meta:dup_data_rcvd","measures":{"value":1049032}}
{"ts":1670665565342916523,"type":"point","name":"exType:trickle/permutationIndex:0/run:24/dialer:edge/eavesCount:0/latencyMS:100/tricklingDelay:0/seq:5/fileSize:1048576/nodeType:Passive/nodeTypeIndex:2/meta:blks_sent","measures":{"value":12}}
{"ts":1670665565342923004,"type":"point","name":"exType:trickle/permutationIndex:0/run:24/dialer:edge/eavesCount:0/latencyMS:100/tricklingDelay:0/seq:5/fileSize:1048576/nodeType:Passive/nodeTypeIndex:2/meta:blks_rcvd","measures":{"value":11}}
{"ts":1670665565342941935,"type":"point","name":"exType:trickle/permutationIndex:0/run:24/dialer:edge/eavesCount:0/latencyMS:100/tricklingDelay:0/seq:5/fileSize:1048576/nodeType:Passive/nodeTypeIndex:2/meta:dup_blks_rcvd","measures":{"value":6}}
{"ts":1670665576123378357,"type":"point","name":"exType:trickle/permutationIndex:0/run:25/dialer:edge/eavesCount:0/latencyMS:100/tricklingDelay:0/seq:5/fileSize:1048576/nodeType:Passive/nodeTypeIndex:2/meta:msgs_rcvd","measures":{"value":36}}
{"ts":1670665576123466253,"type":"point","name":"exType:trickle/permutationIndex:0/run:25/dialer:edge/eavesCount:0/latencyMS:100/tricklingDelay:0/seq:5/fileSize:1048576/nodeType:Passive/nodeTypeIndex:2/meta:data_sent","measures":{"value":2621980}}
{"ts":1670665576123492287,"type":"point","name":"exType:trickle/permutationIndex:0/run:25/dialer:edge/eavesCount:0/latencyMS:100/tricklingDelay:0/seq:5/fileSize:1048576/nodeType:Passive/nodeTypeIndex:2/meta:data_rcvd","measures":{"value":1573548}}
{"ts":1670665576123513762,"type":"point","name":"exType:trickle/permutationIndex:0/run:25/dialer:edge/eavesCount:0/latencyMS:100/tricklingDelay:0/seq:5/fileSize:1048576/nodeType:Passive/nodeTypeIndex:2/meta:dup_data_rcvd","measures":{"value":524716}}
{"ts":1670665576123534896,"type":"point","name":"exType:trickle/permutationIndex:0/run:25/dialer:edge/eavesCount:0/latencyMS:100/tricklingDelay:0/seq:5/fileSize:1048576/nodeType:Passive/nodeTypeIndex:2/meta:blks_sent","measures":{"value":12}}
{"ts":1670665576123554807,"type":"point","name":"exType:trickle/permutationIndex:0/run:25/dialer:edge/eavesCount:0/latencyMS:100/tricklingDelay:0/seq:5/fileSize:1048576/nodeType:Passive/nodeTypeIndex:2/meta:blks_rcvd","measures":{"value":9}}
{"ts":1670665576123577631,"type":"point","name":"exType:trickle/permutationIndex:0/run:25/dialer:edge/eavesCount:0/latencyMS:100/tricklingDelay:0/seq:5/fileSize:1048576/nodeType:Passive/nodeTypeIndex:2/meta:dup_blks_rcvd","measures":{"value":4}}
{"ts":1670665592330972897,"type":"point","name":"exType:trickle/permutationIndex:1/run:1/dialer:edge/eavesCount:0/latencyMS:100/tricklingDelay:50/seq:5/fileSize:1048576/nodeType:Passive/nodeTypeIndex:2/meta:msgs_rcvd","measures":{"value":34}}
{"ts":1670665592331093150,"type":"point","name":"exType:trickle/permutationIndex:1/run:1/dialer:edge/eavesCount:0/latencyMS:100/tricklingDelay:50/seq:5/fileSize:1048576/nodeType:Passive/nodeTypeIndex:2/meta:data_sent","measures":{"value":2359622}}
{"ts":1670665592331124417,"type":"point","name":"exType:trickle/permutationIndex:1/run:1/dialer:edge/eavesCount:0/latencyMS:100/tricklingDelay:50/seq:5/fileSize:1048576/nodeType:Passive/nodeTypeIndex:2/meta:data_rcvd","measures":{"value":1573348}}
{"ts":1670665592331145660,"type":"point","name":"exType:trickle/permutationIndex:1/run:1/dialer:edge/eavesCount:0/latencyMS:100/tricklingDelay:50/seq:5/fileSize:1048576/nodeType:Passive/nodeTypeIndex:2/meta:dup_data_rcvd","measures":{"value":524516}}
{"ts":1670665592331298129,"type":"point","name":"exType:trickle/permutationIndex:1/run:1/dialer:edge/eavesCount:0/latencyMS:100/tricklingDelay:50/seq:5/fileSize:1048576/nodeType:Passive/nodeTypeIndex:2/meta:blks_sent","measures":{"value":10}}
{"ts":1670665592331326840,"type":"point","name":"exType:trickle/permutationIndex:1/run:1/dialer:edge/eavesCount:0/latencyMS:100/tricklingDelay:50/seq:5/fileSize:1048576/nodeType:Passive/nodeTypeIndex:2/meta:blks_rcvd","measures":{"value":8}}
{"ts":1670665592331342320,"type":"point","name":"exType:trickle/permutationIndex:1/run:1/dialer:edge/eavesCount:0/latencyMS:100/tricklingDelay:50/seq:5/fileSize:1048576/nodeType:Passive/nodeTypeIndex:2/meta:dup_blks_rcvd","measures":{"value":3}}
{"ts":1670665606201290974,"type":"point","name":"exType:trickle/permutationIndex:1/run:2/dialer:edge/eavesCount:0/latencyMS:100/tricklingDelay:50/seq:5/fileSize:1048576/nodeType:Passive/nodeTypeIndex:2/meta:msgs_rcvd","measures":{"value":34}}
{"ts":1670665606201408146,"type":"point","name":"exType:trickle/permutationIndex:1/run:2/dialer:edge/eavesCount:0/latencyMS:100/tricklingDelay:50/seq:5/fileSize:1048576/nodeType:Passive/nodeTypeIndex:2/meta:data_sent","measures":{"value":1835506}}
{"ts":1670665606201490092,"type":"point","name":"exType:trickle/permutationIndex:1/run:2/dialer:edge/eavesCount:0/latencyMS:100/tricklingDelay:50/seq:5/fileSize:1048576/nodeType:Passive/nodeTypeIndex:2/meta:data_rcvd","measures":{"value":2359622}}
{"ts":1670665606201514626,"type":"point","name":"exType:trickle/permutationIndex:1/run:2/dialer:edge/eavesCount:0/latencyMS:100/tricklingDelay:50/seq:5/fileSize:1048576/nodeType:Passive/nodeTypeIndex:2/meta:dup_data_rcvd","measures":{"value":1310790}}
{"ts":1670665606201535838,"type":"point","name":"exType:trickle/permutationIndex:1/run:2/dialer:edge/eavesCount:0/latencyMS:100/tricklingDelay:50/seq:5/fileSize:1048576/nodeType:Passive/nodeTypeIndex:2/meta:blks_sent","measures":{"value":9}}
{"ts":1670665606201555981,"type":"point","name":"exType:trickle/permutationIndex:1/run:2/dialer:edge/eavesCount:0/latencyMS:100/tricklingDelay:50/seq:5/fileSize:1048576/nodeType:Passive/nodeTypeIndex:2/meta:blks_rcvd","measures":{"value":10}}
{"ts":1670665606201576613,"type":"point","name":"exType:trickle/permutationIndex:1/run:2/dialer:edge/eavesCount:0/latencyMS:100/tricklingDelay:50/seq:5/fileSize:1048576/nodeType:Passive/nodeTypeIndex:2/meta:dup_blks_rcvd","measures":{"value":5}}
{"ts":1670665620090466588,"type":"point","name":"exType:trickle/permutationIndex:1/run:3/dialer:edge/eavesCount:0/latencyMS:100/tricklingDelay:50/seq:5/fileSize:1048576/nodeType:Passive/nodeTypeIndex:2/meta:msgs_rcvd","measures":{"value":35}}
{"ts":1670665620090483935,"type":"point","name":"exType:trickle/permutationIndex:1/run:3/dialer:edge/eavesCount:0/latencyMS:100/tricklingDelay:50/seq:5/fileSize:1048576/nodeType:Passive/nodeTypeIndex:2/meta:data_sent","measures":{"value":2097664}}
{"ts":1670665620090487307,"type":"point","name":"exType:trickle/permutationIndex:1/run:3/dialer:edge/eavesCount:0/latencyMS:100/tricklingDelay:50/seq:5/fileSize:1048576/nodeType:Passive/nodeTypeIndex:2/meta:data_rcvd","measures":{"value":2097664}}
{"ts":1670665620090489989,"type":"point","name":"exType:trickle/permutationIndex:1/run:3/dialer:edge/eavesCount:0/latencyMS:100/tricklingDelay:50/seq:5/fileSize:1048576/nodeType:Passive/nodeTypeIndex:2/meta:dup_data_rcvd","measures":{"value":1048832}}
{"ts":1670665620090492570,"type":"point","name":"exType:trickle/permutationIndex:1/run:3/dialer:edge/eavesCount:0/latencyMS:100/tricklingDelay:50/seq:5/fileSize:1048576/nodeType:Passive/nodeTypeIndex:2/meta:blks_sent","measures":{"value":10}}
{"ts":1670665620090495187,"type":"point","name":"exType:trickle/permutationIndex:1/run:3/dialer:edge/eavesCount:0/latencyMS:100/tricklingDelay:50/seq:5/fileSize:1048576/nodeType:Passive/nodeTypeIndex:2/meta:blks_rcvd","measures":{"value":10}}
{"ts":1670665620090497770,"type":"point","name":"exType:trickle/permutationIndex:1/run:3/dialer:edge/eavesCount:0/latencyMS:100/tricklingDelay:50/seq:5/fileSize:1048576/nodeType:Passive/nodeTypeIndex:2/meta:dup_blks_rcvd","measures":{"value":5}}
{"ts":1670665633536769383,"type":"point","name":"exType:trickle/permutationIndex:1/run:4/dialer:edge/eavesCount:0/latencyMS:100/tricklingDelay:50/seq:5/fileSize:1048576/nodeType:Passive/nodeTypeIndex:2/meta:msgs_rcvd","measures":{"value":31}}
{"ts":1670665633536783632,"type":"point","name":"exType:trickle/permutationIndex:1/run:4/dialer:edge/eavesCount:0/latencyMS:100/tricklingDelay:50/seq:5/fileSize:1048576/nodeType:Passive/nodeTypeIndex:2/meta:data_sent","measures":{"value":2359622}}
{"ts":1670665633536787259,"type":"point","name":"exType:trickle/permutationIndex:1/run:4/dialer:edge/eavesCount:0/latencyMS:100/tricklingDelay:50/seq:5/fileSize:1048576/nodeType:Passive/nodeTypeIndex:2/meta:data_rcvd","measures":{"value":1835306}}
{"ts":1670665633536789678,"type":"point","name":"exType:trickle/permutationIndex:1/run:4/dialer:edge/eavesCount:0/latencyMS:100/tricklingDelay:50/seq:5/fileSize:1048576/nodeType:Passive/nodeTypeIndex:2/meta:dup_data_rcvd","measures":{"value":786474}}
{"ts":1670665633536798012,"type":"point","name":"exType:trickle/permutationIndex:1/run:4/dialer:edge/eavesCount:0/latencyMS:100/tricklingDelay:50/seq:5/fileSize:1048576/nodeType:Passive/nodeTypeIndex:2/meta:blks_sent","measures":{"value":10}}
{"ts":1670665633536800604,"type":"point","name":"exType:trickle/permutationIndex:1/run:4/dialer:edge/eavesCount:0/latencyMS:100/tricklingDelay:50/seq:5/fileSize:1048576/nodeType:Passive/nodeTypeIndex:2/meta:blks_rcvd","measures":{"value":8}}
{"ts":1670665633536803144,"type":"point","name":"exType:trickle/permutationIndex:1/run:4/dialer:edge/eavesCount:0/latencyMS:100/tricklingDelay:50/seq:5/fileSize:1048576/nodeType:Passive/nodeTypeIndex:2/meta:dup_blks_rcvd","measures":{"value":3}}
{"ts":1670665647199069201,"type":"point","name":"exType:trickle/permutationIndex:1/run:5/dialer:edge/eavesCount:0/latencyMS:100/tricklingDelay:50/seq:5/fileSize:1048576/nodeType:Passive/nodeTypeIndex:2/meta:msgs_rcvd","measures":{"value":33}}
{"ts":1670665647199176610,"type":"point","name":"exType:trickle/permutationIndex:1/run:5/dialer:edge/eavesCount:0/latencyMS:100/tricklingDelay:50/seq:5/fileSize:1048576/nodeType:Passive/nodeTypeIndex:2/meta:data_sent","measures":{"value":1835306}}
{"ts":1670665647199204065,"type":"point","name":"exType:trickle/permutationIndex:1/run:5/dialer:edge/eavesCount:0/latencyMS:100/tricklingDelay:50/seq:5/fileSize:1048576/nodeType:Passive/nodeTypeIndex:2/meta:data_rcvd","measures":{"value":2097664}}
{"ts":1670665647199223779,"type":"point","name":"exType:trickle/permutationIndex:1/run:5/dialer:edge/eavesCount:0/latencyMS:100/tricklingDelay:50/seq:5/fileSize:1048576/nodeType:Passive/nodeTypeIndex:2/meta:dup_data_rcvd","measures":{"value":1048832}}
{"ts":1670665647199242720,"type":"point","name":"exType:trickle/permutationIndex:1/run:5/dialer:edge/eavesCount:0/latencyMS:100/tricklingDelay:50/seq:5/fileSize:1048576/nodeType:Passive/nodeTypeIndex:2/meta:blks_sent","measures":{"value":8}}
{"ts":1670665647199263860,"type":"point","name":"exType:trickle/permutationIndex:1/run:5/dialer:edge/eavesCount:0/latencyMS:100/tricklingDelay:50/seq:5/fileSize:1048576/nodeType:Passive/nodeTypeIndex:2/meta:blks_rcvd","measures":{"value":10}}
{"ts":1670665647199287549,"type":"point","name":"exType:trickle/permutationIndex:1/run:5/dialer:edge/eavesCount:0/latencyMS:100/tricklingDelay:50/seq:5/fileSize:1048576/nodeType:Passive/nodeTypeIndex:2/meta:dup_blks_rcvd","measures":{"value":5}}
{"ts":1670665660705418398,"type":"point","name":"exType:trickle/permutationIndex:1/run:6/dialer:edge/eavesCount:0/latencyMS:100/tricklingDelay:50/seq:5/fileSize:1048576/nodeType:Passive/nodeTypeIndex:2/meta:msgs_rcvd","measures":{"value":30}}
{"ts":1670665660705525329,"type":"point","name":"exType:trickle/permutationIndex:1/run:6/dialer:edge/eavesCount:0/latencyMS:100/tricklingDelay:50/seq:5/fileSize:1048576/nodeType:Passive/nodeTypeIndex:2/meta:data_sent","measures":{"value":2359822}}
{"ts":1670665660705553656,"type":"point","name":"exType:trickle/permutationIndex:1/run:6/dialer:edge/eavesCount:0/latencyMS:100/tricklingDelay:50/seq:5/fileSize:1048576/nodeType:Passive/nodeTypeIndex:2/meta:data_rcvd","measures":{"value":1310990}}
{"ts":1670665660705575785,"type":"point","name":"exType:trickle/permutationIndex:1/run:6/dialer:edge/eavesCount:0/latencyMS:100/tricklingDelay:50/seq:5/fileSize:1048576/nodeType:Passive/nodeTypeIndex:2/meta:dup_data_rcvd","measures":{"value":262158}}
{"ts":1670665660705597880,"type":"point","name":"exType:trickle/permutationIndex:1/run:6/dialer:edge/eavesCount:0/latencyMS:100/tricklingDelay:50/seq:5/fileSize:1048576/nodeType:Passive/nodeTypeIndex:2/meta:blks_sent","measures":{"value":11}}
{"ts":1670665660705619237,"type":"point","name":"exType:trickle/permutationIndex:1/run:6/dialer:edge/eavesCount:0/latencyMS:100/tricklingDelay:50/seq:5/fileSize:1048576/nodeType:Passive/nodeTypeIndex:2/meta:blks_rcvd","measures":{"value":6}}
{"ts":1670665660705641203,"type":"point","name":"exType:trickle/permutationIndex:1/run:6/dialer:edge/eavesCount:0/latencyMS:100/tricklingDelay:50/seq:5/fileSize:1048576/nodeType:Passive/nodeTypeIndex:2/meta:dup_blks_rcvd","measures":{"value":1}}
