{"ts":1669475057193551199,"type":"point","name":"exType:baseline/permutationIndex:0/run:1/dialer:center/eavesCount:0/latencyMS:150/seq:11/fileSize:1048576/nodeType:Passive/nodeTypeIndex:8/meta:msgs_rcvd","measures":{"value":4}}
{"ts":1669475057193577408,"type":"point","name":"exType:baseline/permutationIndex:0/run:1/dialer:center/eavesCount:0/latencyMS:150/seq:11/fileSize:1048576/nodeType:Passive/nodeTypeIndex:8/meta:data_sent","measures":{"value":0}}
{"ts":1669475057193580469,"type":"point","name":"exType:baseline/permutationIndex:0/run:1/dialer:center/eavesCount:0/latencyMS:150/seq:11/fileSize:1048576/nodeType:Passive/nodeTypeIndex:8/meta:data_rcvd","measures":{"value":0}}
{"ts":1669475057193582804,"type":"point","name":"exType:baseline/permutationIndex:0/run:1/dialer:center/eavesCount:0/latencyMS:150/seq:11/fileSize:1048576/nodeType:Passive/nodeTypeIndex:8/meta:dup_data_rcvd","measures":{"value":0}}
{"ts":1669475057193585510,"type":"point","name":"exType:baseline/permutationIndex:0/run:1/dialer:center/eavesCount:0/latencyMS:150/seq:11/fileSize:1048576/nodeType:Passive/nodeTypeIndex:8/meta:blks_sent","measures":{"value":0}}
{"ts":1669475057193588092,"type":"point","name":"exType:baseline/permutationIndex:0/run:1/dialer:center/eavesCount:0/latencyMS:150/seq:11/fileSize:1048576/nodeType:Passive/nodeTypeIndex:8/meta:blks_rcvd","measures":{"value":0}}
{"ts":1669475057193590300,"type":"point","name":"exType:baseline/permutationIndex:0/run:1/dialer:center/eavesCount:0/latencyMS:150/seq:11/fileSize:1048576/nodeType:Passive/nodeTypeIndex:8/meta:dup_blks_rcvd","measures":{"value":0}}
{"ts":1669475061769794495,"type":"point","name":"exType:baseline/permutationIndex:0/run:2/dialer:center/eavesCount:0/latencyMS:150/seq:11/fileSize:1048576/nodeType:Passive/nodeTypeIndex:8/meta:msgs_rcvd","measures":{"value":5}}
{"ts":1669475061769871024,"type":"point","name":"exType:baseline/permutationIndex:0/run:2/dialer:center/eavesCount:0/latencyMS:150/seq:11/fileSize:1048576/nodeType:Passive/nodeTypeIndex:8/meta:data_sent","measures":{"value":0}}
{"ts":1669475061769899292,"type":"point","name":"exType:baseline/permutationIndex:0/run:2/dialer:center/eavesCount:0/latencyMS:150/seq:11/fileSize:1048576/nodeType:Passive/nodeTypeIndex:8/meta:data_rcvd","measures":{"value":0}}
{"ts":1669475061769918800,"type":"point","name":"exType:baseline/permutationIndex:0/run:2/dialer:center/eavesCount:0/latencyMS:150/seq:11/fileSize:1048576/nodeType:Passive/nodeTypeIndex:8/meta:dup_data_rcvd","measures":{"value":0}}
{"ts":1669475061769935498,"type":"point","name":"exType:baseline/permutationIndex:0/run:2/dialer:center/eavesCount:0/latencyMS:150/seq:11/fileSize:1048576/nodeType:Passive/nodeTypeIndex:8/meta:blks_sent","measures":{"value":0}}
{"ts":1669475061769951409,"type":"point","name":"exType:baseline/permutationIndex:0/run:2/dialer:center/eavesCount:0/latencyMS:150/seq:11/fileSize:1048576/nodeType:Passive/nodeTypeIndex:8/meta:blks_rcvd","measures":{"value":0}}
{"ts":1669475061769969665,"type":"point","name":"exType:baseline/permutationIndex:0/run:2/dialer:center/eavesCount:0/latencyMS:150/seq:11/fileSize:1048576/nodeType:Passive/nodeTypeIndex:8/meta:dup_blks_rcvd","measures":{"value":0}}
{"ts":1669475066278862202,"type":"point","name":"exType:baseline/permutationIndex:0/run:3/dialer:center/eavesCount:0/latencyMS:150/seq:11/fileSize:1048576/nodeType:Passive/nodeTypeIndex:8/meta:msgs_rcvd","measures":{"value":5}}
{"ts":1669475066278888652,"type":"point","name":"exType:baseline/permutationIndex:0/run:3/dialer:center/eavesCount:0/latencyMS:150/seq:11/fileSize:1048576/nodeType:Passive/nodeTypeIndex:8/meta:data_sent","measures":{"value":0}}
{"ts":1669475066278893061,"type":"point","name":"exType:baseline/permutationIndex:0/run:3/dialer:center/eavesCount:0/latencyMS:150/seq:11/fileSize:1048576/nodeType:Passive/nodeTypeIndex:8/meta:data_rcvd","measures":{"value":0}}
{"ts":1669475066278896174,"type":"point","name":"exType:baseline/permutationIndex:0/run:3/dialer:center/eavesCount:0/latencyMS:150/seq:11/fileSize:1048576/nodeType:Passive/nodeTypeIndex:8/meta:dup_data_rcvd","measures":{"value":0}}
{"ts":1669475066278905920,"type":"point","name":"exType:baseline/permutationIndex:0/run:3/dialer:center/eavesCount:0/latencyMS:150/seq:11/fileSize:1048576/nodeType:Passive/nodeTypeIndex:8/meta:blks_sent","measures":{"value":0}}
{"ts":1669475066278908378,"type":"point","name":"exType:baseline/permutationIndex:0/run:3/dialer:center/eavesCount:0/latencyMS:150/seq:11/fileSize:1048576/nodeType:Passive/nodeTypeIndex:8/meta:blks_rcvd","measures":{"value":0}}
{"ts":1669475066278910916,"type":"point","name":"exType:baseline/permutationIndex:0/run:3/dialer:center/eavesCount:0/latencyMS:150/seq:11/fileSize:1048576/nodeType:Passive/nodeTypeIndex:8/meta:dup_blks_rcvd","measures":{"value":0}}
{"ts":1669475070758538602,"type":"point","name":"exType:baseline/permutationIndex:0/run:4/dialer:center/eavesCount:0/latencyMS:150/seq:11/fileSize:1048576/nodeType:Passive/nodeTypeIndex:8/meta:msgs_rcvd","measures":{"value":2}}
{"ts":1669475070758572596,"type":"point","name":"exType:baseline/permutationIndex:0/run:4/dialer:center/eavesCount:0/latencyMS:150/seq:11/fileSize:1048576/nodeType:Passive/nodeTypeIndex:8/meta:data_sent","measures":{"value":0}}
{"ts":1669475070758580727,"type":"point","name":"exType:baseline/permutationIndex:0/run:4/dialer:center/eavesCount:0/latencyMS:150/seq:11/fileSize:1048576/nodeType:Passive/nodeTypeIndex:8/meta:data_rcvd","measures":{"value":0}}
{"ts":1669475070758584211,"type":"point","name":"exType:baseline/permutationIndex:0/run:4/dialer:center/eavesCount:0/latencyMS:150/seq:11/fileSize:1048576/nodeType:Passive/nodeTypeIndex:8/meta:dup_data_rcvd","measures":{"value":0}}
{"ts":1669475070758588668,"type":"point","name":"exType:baseline/permutationIndex:0/run:4/dialer:center/eavesCount:0/latencyMS:150/seq:11/fileSize:1048576/nodeType:Passive/nodeTypeIndex:8/meta:blks_sent","measures":{"value":0}}
{"ts":1669475070758592486,"type":"point","name":"exType:baseline/permutationIndex:0/run:4/dialer:center/eavesCount:0/latencyMS:150/seq:11/fileSize:1048576/nodeType:Passive/nodeTypeIndex:8/meta:blks_rcvd","measures":{"value":0}}
{"ts":1669475070758596753,"type":"point","name":"exType:baseline/permutationIndex:0/run:4/dialer:center/eavesCount:0/latencyMS:150/seq:11/fileSize:1048576/nodeType:Passive/nodeTypeIndex:8/meta:dup_blks_rcvd","measures":{"value":0}}
{"ts":1669475075105431281,"type":"point","name":"exType:baseline/permutationIndex:0/run:5/dialer:center/eavesCount:0/latencyMS:150/seq:11/fileSize:1048576/nodeType:Passive/nodeTypeIndex:8/meta:msgs_rcvd","measures":{"value":5}}
{"ts":1669475075105459540,"type":"point","name":"exType:baseline/permutationIndex:0/run:5/dialer:center/eavesCount:0/latencyMS:150/seq:11/fileSize:1048576/nodeType:Passive/nodeTypeIndex:8/meta:data_sent","measures":{"value":0}}
{"ts":1669475075105464761,"type":"point","name":"exType:baseline/permutationIndex:0/run:5/dialer:center/eavesCount:0/latencyMS:150/seq:11/fileSize:1048576/nodeType:Passive/nodeTypeIndex:8/meta:data_rcvd","measures":{"value":0}}
{"ts":1669475075105467385,"type":"point","name":"exType:baseline/permutationIndex:0/run:5/dialer:center/eavesCount:0/latencyMS:150/seq:11/fileSize:1048576/nodeType:Passive/nodeTypeIndex:8/meta:dup_data_rcvd","measures":{"value":0}}
{"ts":1669475075105470144,"type":"point","name":"exType:baseline/permutationIndex:0/run:5/dialer:center/eavesCount:0/latencyMS:150/seq:11/fileSize:1048576/nodeType:Passive/nodeTypeIndex:8/meta:blks_sent","measures":{"value":0}}
{"ts":1669475075105472687,"type":"point","name":"exType:baseline/permutationIndex:0/run:5/dialer:center/eavesCount:0/latencyMS:150/seq:11/fileSize:1048576/nodeType:Passive/nodeTypeIndex:8/meta:blks_rcvd","measures":{"value":0}}
{"ts":1669475075105475289,"type":"point","name":"exType:baseline/permutationIndex:0/run:5/dialer:center/eavesCount:0/latencyMS:150/seq:11/fileSize:1048576/nodeType:Passive/nodeTypeIndex:8/meta:dup_blks_rcvd","measures":{"value":0}}
{"ts":1669475080434171397,"type":"point","name":"exType:baseline/permutationIndex:0/run:6/dialer:center/eavesCount:0/latencyMS:150/seq:11/fileSize:1048576/nodeType:Passive/nodeTypeIndex:8/meta:msgs_rcvd","measures":{"value":12}}
{"ts":1669475080434188122,"type":"point","name":"exType:baseline/permutationIndex:0/run:6/dialer:center/eavesCount:0/latencyMS:150/seq:11/fileSize:1048576/nodeType:Passive/nodeTypeIndex:8/meta:data_sent","measures":{"value":0}}
{"ts":1669475080434191174,"type":"point","name":"exType:baseline/permutationIndex:0/run:6/dialer:center/eavesCount:0/latencyMS:150/seq:11/fileSize:1048576/nodeType:Passive/nodeTypeIndex:8/meta:data_rcvd","measures":{"value":0}}
{"ts":1669475080434193886,"type":"point","name":"exType:baseline/permutationIndex:0/run:6/dialer:center/eavesCount:0/latencyMS:150/seq:11/fileSize:1048576/nodeType:Passive/nodeTypeIndex:8/meta:dup_data_rcvd","measures":{"value":0}}
{"ts":1669475080434196129,"type":"point","name":"exType:baseline/permutationIndex:0/run:6/dialer:center/eavesCount:0/latencyMS:150/seq:11/fileSize:1048576/nodeType:Passive/nodeTypeIndex:8/meta:blks_sent","measures":{"value":0}}
{"ts":1669475080434198321,"type":"point","name":"exType:baseline/permutationIndex:0/run:6/dialer:center/eavesCount:0/latencyMS:150/seq:11/fileSize:1048576/nodeType:Passive/nodeTypeIndex:8/meta:blks_rcvd","measures":{"value":0}}
{"ts":1669475080434200485,"type":"point","name":"exType:baseline/permutationIndex:0/run:6/dialer:center/eavesCount:0/latencyMS:150/seq:11/fileSize:1048576/nodeType:Passive/nodeTypeIndex:8/meta:dup_blks_rcvd","measures":{"value":0}}
{"ts":1669475085661985916,"type":"point","name":"exType:baseline/permutationIndex:0/run:7/dialer:center/eavesCount:0/latencyMS:150/seq:11/fileSize:1048576/nodeType:Passive/nodeTypeIndex:8/meta:msgs_rcvd","measures":{"value":15}}
{"ts":1669475085662018087,"type":"point","name":"exType:baseline/permutationIndex:0/run:7/dialer:center/eavesCount:0/latencyMS:150/seq:11/fileSize:1048576/nodeType:Passive/nodeTypeIndex:8/meta:data_sent","measures":{"value":0}}
{"ts":1669475085662022503,"type":"point","name":"exType:baseline/permutationIndex:0/run:7/dialer:center/eavesCount:0/latencyMS:150/seq:11/fileSize:1048576/nodeType:Passive/nodeTypeIndex:8/meta:data_rcvd","measures":{"value":0}}
{"ts":1669475085662025380,"type":"point","name":"exType:baseline/permutationIndex:0/run:7/dialer:center/eavesCount:0/latencyMS:150/seq:11/fileSize:1048576/nodeType:Passive/nodeTypeIndex:8/meta:dup_data_rcvd","measures":{"value":0}}
{"ts":1669475085662027717,"type":"point","name":"exType:baseline/permutationIndex:0/run:7/dialer:center/eavesCount:0/latencyMS:150/seq:11/fileSize:1048576/nodeType:Passive/nodeTypeIndex:8/meta:blks_sent","measures":{"value":0}}
{"ts":1669475085662029885,"type":"point","name":"exType:baseline/permutationIndex:0/run:7/dialer:center/eavesCount:0/latencyMS:150/seq:11/fileSize:1048576/nodeType:Passive/nodeTypeIndex:8/meta:blks_rcvd","measures":{"value":0}}
{"ts":1669475085662032548,"type":"point","name":"exType:baseline/permutationIndex:0/run:7/dialer:center/eavesCount:0/latencyMS:150/seq:11/fileSize:1048576/nodeType:Passive/nodeTypeIndex:8/meta:dup_blks_rcvd","measures":{"value":0}}
{"ts":1669475090120217977,"type":"point","name":"exType:baseline/permutationIndex:0/run:8/dialer:center/eavesCount:0/latencyMS:150/seq:11/fileSize:1048576/nodeType:Passive/nodeTypeIndex:8/meta:msgs_rcvd","measures":{"value":8}}
{"ts":1669475090120343482,"type":"point","name":"exType:baseline/permutationIndex:0/run:8/dialer:center/eavesCount:0/latencyMS:150/seq:11/fileSize:1048576/nodeType:Passive/nodeTypeIndex:8/meta:data_sent","measures":{"value":0}}
{"ts":1669475090120375180,"type":"point","name":"exType:baseline/permutationIndex:0/run:8/dialer:center/eavesCount:0/latencyMS:150/seq:11/fileSize:1048576/nodeType:Passive/nodeTypeIndex:8/meta:data_rcvd","measures":{"value":0}}
{"ts":1669475090120397550,"type":"point","name":"exType:baseline/permutationIndex:0/run:8/dialer:center/eavesCount:0/latencyMS:150/seq:11/fileSize:1048576/nodeType:Passive/nodeTypeIndex:8/meta:dup_data_rcvd","measures":{"value":0}}
{"ts":1669475090120418007,"type":"point","name":"exType:baseline/permutationIndex:0/run:8/dialer:center/eavesCount:0/latencyMS:150/seq:11/fileSize:1048576/nodeType:Passive/nodeTypeIndex:8/meta:blks_sent","measures":{"value":0}}
{"ts":1669475090120476022,"type":"point","name":"exType:baseline/permutationIndex:0/run:8/dialer:center/eavesCount:0/latencyMS:150/seq:11/fileSize:1048576/nodeType:Passive/nodeTypeIndex:8/meta:blks_rcvd","measures":{"value":0}}
{"ts":1669475090120496037,"type":"point","name":"exType:baseline/permutationIndex:0/run:8/dialer:center/eavesCount:0/latencyMS:150/seq:11/fileSize:1048576/nodeType:Passive/nodeTypeIndex:8/meta:dup_blks_rcvd","measures":{"value":0}}
{"ts":1669475095337360508,"type":"point","name":"exType:baseline/permutationIndex:0/run:9/dialer:center/eavesCount:0/latencyMS:150/seq:11/fileSize:1048576/nodeType:Passive/nodeTypeIndex:8/meta:msgs_rcvd","measures":{"value":5}}
{"ts":1669475095337502911,"type":"point","name":"exType:baseline/permutationIndex:0/run:9/dialer:center/eavesCount:0/latencyMS:150/seq:11/fileSize:1048576/nodeType:Passive/nodeTypeIndex:8/meta:data_sent","measures":{"value":0}}
{"ts":1669475095337569423,"type":"point","name":"exType:baseline/permutationIndex:0/run:9/dialer:center/eavesCount:0/latencyMS:150/seq:11/fileSize:1048576/nodeType:Passive/nodeTypeIndex:8/meta:data_rcvd","measures":{"value":0}}
{"ts":1669475095337601424,"type":"point","name":"exType:baseline/permutationIndex:0/run:9/dialer:center/eavesCount:0/latencyMS:150/seq:11/fileSize:1048576/nodeType:Passive/nodeTypeIndex:8/meta:dup_data_rcvd","measures":{"value":0}}
{"ts":1669475095337622125,"type":"point","name":"exType:baseline/permutationIndex:0/run:9/dialer:center/eavesCount:0/latencyMS:150/seq:11/fileSize:1048576/nodeType:Passive/nodeTypeIndex:8/meta:blks_sent","measures":{"value":0}}
{"ts":1669475095337645622,"type":"point","name":"exType:baseline/permutationIndex:0/run:9/dialer:center/eavesCount:0/latencyMS:150/seq:11/fileSize:1048576/nodeType:Passive/nodeTypeIndex:8/meta:blks_rcvd","measures":{"value":0}}
{"ts":1669475095337664571,"type":"point","name":"exType:baseline/permutationIndex:0/run:9/dialer:center/eavesCount:0/latencyMS:150/seq:11/fileSize:1048576/nodeType:Passive/nodeTypeIndex:8/meta:dup_blks_rcvd","measures":{"value":0}}
{"ts":1669475100557440617,"type":"point","name":"exType:baseline/permutationIndex:0/run:10/dialer:center/eavesCount:0/latencyMS:150/seq:11/fileSize:1048576/nodeType:Passive/nodeTypeIndex:8/meta:msgs_rcvd","measures":{"value":5}}
{"ts":1669475100557481058,"type":"point","name":"exType:baseline/permutationIndex:0/run:10/dialer:center/eavesCount:0/latencyMS:150/seq:11/fileSize:1048576/nodeType:Passive/nodeTypeIndex:8/meta:data_sent","measures":{"value":0}}
{"ts":1669475100557489442,"type":"point","name":"exType:baseline/permutationIndex:0/run:10/dialer:center/eavesCount:0/latencyMS:150/seq:11/fileSize:1048576/nodeType:Passive/nodeTypeIndex:8/meta:data_rcvd","measures":{"value":0}}
{"ts":1669475100557495560,"type":"point","name":"exType:baseline/permutationIndex:0/run:10/dialer:center/eavesCount:0/latencyMS:150/seq:11/fileSize:1048576/nodeType:Passive/nodeTypeIndex:8/meta:dup_data_rcvd","measures":{"value":0}}
{"ts":1669475100557500954,"type":"point","name":"exType:baseline/permutationIndex:0/run:10/dialer:center/eavesCount:0/latencyMS:150/seq:11/fileSize:1048576/nodeType:Passive/nodeTypeIndex:8/meta:blks_sent","measures":{"value":0}}
{"ts":1669475100557506349,"type":"point","name":"exType:baseline/permutationIndex:0/run:10/dialer:center/eavesCount:0/latencyMS:150/seq:11/fileSize:1048576/nodeType:Passive/nodeTypeIndex:8/meta:blks_rcvd","measures":{"value":0}}
{"ts":1669475100557511604,"type":"point","name":"exType:baseline/permutationIndex:0/run:10/dialer:center/eavesCount:0/latencyMS:150/seq:11/fileSize:1048576/nodeType:Passive/nodeTypeIndex:8/meta:dup_blks_rcvd","measures":{"value":0}}
{"ts":1669475104973483590,"type":"point","name":"exType:baseline/permutationIndex:0/run:11/dialer:center/eavesCount:0/latencyMS:150/seq:11/fileSize:1048576/nodeType:Passive/nodeTypeIndex:8/meta:msgs_rcvd","measures":{"value":5}}
{"ts":1669475104973511132,"type":"point","name":"exType:baseline/permutationIndex:0/run:11/dialer:center/eavesCount:0/latencyMS:150/seq:11/fileSize:1048576/nodeType:Passive/nodeTypeIndex:8/meta:data_sent","measures":{"value":0}}
{"ts":1669475104973524911,"type":"point","name":"exType:baseline/permutationIndex:0/run:11/dialer:center/eavesCount:0/latencyMS:150/seq:11/fileSize:1048576/nodeType:Passive/nodeTypeIndex:8/meta:data_rcvd","measures":{"value":0}}
{"ts":1669475104973527758,"type":"point","name":"exType:baseline/permutationIndex:0/run:11/dialer:center/eavesCount:0/latencyMS:150/seq:11/fileSize:1048576/nodeType:Passive/nodeTypeIndex:8/meta:dup_data_rcvd","measures":{"value":0}}
{"ts":1669475104973530789,"type":"point","name":"exType:baseline/permutationIndex:0/run:11/dialer:center/eavesCount:0/latencyMS:150/seq:11/fileSize:1048576/nodeType:Passive/nodeTypeIndex:8/meta:blks_sent","measures":{"value":0}}
{"ts":1669475104973533359,"type":"point","name":"exType:baseline/permutationIndex:0/run:11/dialer:center/eavesCount:0/latencyMS:150/seq:11/fileSize:1048576/nodeType:Passive/nodeTypeIndex:8/meta:blks_rcvd","measures":{"value":0}}
{"ts":1669475104973536148,"type":"point","name":"exType:baseline/permutationIndex:0/run:11/dialer:center/eavesCount:0/latencyMS:150/seq:11/fileSize:1048576/nodeType:Passive/nodeTypeIndex:8/meta:dup_blks_rcvd","measures":{"value":0}}
{"ts":1669475109416379277,"type":"point","name":"exType:baseline/permutationIndex:0/run:12/dialer:center/eavesCount:0/latencyMS:150/seq:11/fileSize:1048576/nodeType:Passive/nodeTypeIndex:8/meta:msgs_rcvd","measures":{"value":5}}
{"ts":1669475109416405034,"type":"point","name":"exType:baseline/permutationIndex:0/run:12/dialer:center/eavesCount:0/latencyMS:150/seq:11/fileSize:1048576/nodeType:Passive/nodeTypeIndex:8/meta:data_sent","measures":{"value":0}}
{"ts":1669475109416408830,"type":"point","name":"exType:baseline/permutationIndex:0/run:12/dialer:center/eavesCount:0/latencyMS:150/seq:11/fileSize:1048576/nodeType:Passive/nodeTypeIndex:8/meta:data_rcvd","measures":{"value":0}}
{"ts":1669475109416411245,"type":"point","name":"exType:baseline/permutationIndex:0/run:12/dialer:center/eavesCount:0/latencyMS:150/seq:11/fileSize:1048576/nodeType:Passive/nodeTypeIndex:8/meta:dup_data_rcvd","measures":{"value":0}}
{"ts":1669475109416413758,"type":"point","name":"exType:baseline/permutationIndex:0/run:12/dialer:center/eavesCount:0/latencyMS:150/seq:11/fileSize:1048576/nodeType:Passive/nodeTypeIndex:8/meta:blks_sent","measures":{"value":0}}
{"ts":1669475109416416042,"type":"point","name":"exType:baseline/permutationIndex:0/run:12/dialer:center/eavesCount:0/latencyMS:150/seq:11/fileSize:1048576/nodeType:Passive/nodeTypeIndex:8/meta:blks_rcvd","measures":{"value":0}}
{"ts":1669475109416418878,"type":"point","name":"exType:baseline/permutationIndex:0/run:12/dialer:center/eavesCount:0/latencyMS:150/seq:11/fileSize:1048576/nodeType:Passive/nodeTypeIndex:8/meta:dup_blks_rcvd","measures":{"value":0}}
{"ts":1669475114196889911,"type":"point","name":"exType:baseline/permutationIndex:0/run:13/dialer:center/eavesCount:0/latencyMS:150/seq:11/fileSize:1048576/nodeType:Passive/nodeTypeIndex:8/meta:msgs_rcvd","measures":{"value":24}}
{"ts":1669475114196916506,"type":"point","name":"exType:baseline/permutationIndex:0/run:13/dialer:center/eavesCount:0/latencyMS:150/seq:11/fileSize:1048576/nodeType:Passive/nodeTypeIndex:8/meta:data_sent","measures":{"value":0}}
{"ts":1669475114196922702,"type":"point","name":"exType:baseline/permutationIndex:0/run:13/dialer:center/eavesCount:0/latencyMS:150/seq:11/fileSize:1048576/nodeType:Passive/nodeTypeIndex:8/meta:data_rcvd","measures":{"value":0}}
{"ts":1669475114196926369,"type":"point","name":"exType:baseline/permutationIndex:0/run:13/dialer:center/eavesCount:0/latencyMS:150/seq:11/fileSize:1048576/nodeType:Passive/nodeTypeIndex:8/meta:dup_data_rcvd","measures":{"value":0}}
{"ts":1669475114196929736,"type":"point","name":"exType:baseline/permutationIndex:0/run:13/dialer:center/eavesCount:0/latencyMS:150/seq:11/fileSize:1048576/nodeType:Passive/nodeTypeIndex:8/meta:blks_sent","measures":{"value":0}}
{"ts":1669475114196933210,"type":"point","name":"exType:baseline/permutationIndex:0/run:13/dialer:center/eavesCount:0/latencyMS:150/seq:11/fileSize:1048576/nodeType:Passive/nodeTypeIndex:8/meta:blks_rcvd","measures":{"value":0}}
{"ts":1669475114196943499,"type":"point","name":"exType:baseline/permutationIndex:0/run:13/dialer:center/eavesCount:0/latencyMS:150/seq:11/fileSize:1048576/nodeType:Passive/nodeTypeIndex:8/meta:dup_blks_rcvd","measures":{"value":0}}
{"ts":1669475119283036573,"type":"point","name":"exType:baseline/permutationIndex:0/run:14/dialer:center/eavesCount:0/latencyMS:150/seq:11/fileSize:1048576/nodeType:Passive/nodeTypeIndex:8/meta:msgs_rcvd","measures":{"value":15}}
{"ts":1669475119283061719,"type":"point","name":"exType:baseline/permutationIndex:0/run:14/dialer:center/eavesCount:0/latencyMS:150/seq:11/fileSize:1048576/nodeType:Passive/nodeTypeIndex:8/meta:data_sent","measures":{"value":0}}
{"ts":1669475119283065856,"type":"point","name":"exType:baseline/permutationIndex:0/run:14/dialer:center/eavesCount:0/latencyMS:150/seq:11/fileSize:1048576/nodeType:Passive/nodeTypeIndex:8/meta:data_rcvd","measures":{"value":0}}
{"ts":1669475119283068390,"type":"point","name":"exType:baseline/permutationIndex:0/run:14/dialer:center/eavesCount:0/latencyMS:150/seq:11/fileSize:1048576/nodeType:Passive/nodeTypeIndex:8/meta:dup_data_rcvd","measures":{"value":0}}
{"ts":1669475119283071199,"type":"point","name":"exType:baseline/permutationIndex:0/run:14/dialer:center/eavesCount:0/latencyMS:150/seq:11/fileSize:1048576/nodeType:Passive/nodeTypeIndex:8/meta:blks_sent","measures":{"value":0}}
{"ts":1669475119283073916,"type":"point","name":"exType:baseline/permutationIndex:0/run:14/dialer:center/eavesCount:0/latencyMS:150/seq:11/fileSize:1048576/nodeType:Passive/nodeTypeIndex:8/meta:blks_rcvd","measures":{"value":0}}
{"ts":1669475119283076766,"type":"point","name":"exType:baseline/permutationIndex:0/run:14/dialer:center/eavesCount:0/latencyMS:150/seq:11/fileSize:1048576/nodeType:Passive/nodeTypeIndex:8/meta:dup_blks_rcvd","measures":{"value":0}}
{"ts":1669475124081398064,"type":"point","name":"exType:baseline/permutationIndex:0/run:15/dialer:center/eavesCount:0/latencyMS:150/seq:11/fileSize:1048576/nodeType:Passive/nodeTypeIndex:8/meta:msgs_rcvd","measures":{"value":11}}
{"ts":1669475124081437640,"type":"point","name":"exType:baseline/permutationIndex:0/run:15/dialer:center/eavesCount:0/latencyMS:150/seq:11/fileSize:1048576/nodeType:Passive/nodeTypeIndex:8/meta:data_sent","measures":{"value":0}}
{"ts":1669475124081444218,"type":"point","name":"exType:baseline/permutationIndex:0/run:15/dialer:center/eavesCount:0/latencyMS:150/seq:11/fileSize:1048576/nodeType:Passive/nodeTypeIndex:8/meta:data_rcvd","measures":{"value":0}}
{"ts":1669475124081448683,"type":"point","name":"exType:baseline/permutationIndex:0/run:15/dialer:center/eavesCount:0/latencyMS:150/seq:11/fileSize:1048576/nodeType:Passive/nodeTypeIndex:8/meta:dup_data_rcvd","measures":{"value":0}}
{"ts":1669475124081452637,"type":"point","name":"exType:baseline/permutationIndex:0/run:15/dialer:center/eavesCount:0/latencyMS:150/seq:11/fileSize:1048576/nodeType:Passive/nodeTypeIndex:8/meta:blks_sent","measures":{"value":0}}
{"ts":1669475124081456592,"type":"point","name":"exType:baseline/permutationIndex:0/run:15/dialer:center/eavesCount:0/latencyMS:150/seq:11/fileSize:1048576/nodeType:Passive/nodeTypeIndex:8/meta:blks_rcvd","measures":{"value":0}}
{"ts":1669475124081460318,"type":"point","name":"exType:baseline/permutationIndex:0/run:15/dialer:center/eavesCount:0/latencyMS:150/seq:11/fileSize:1048576/nodeType:Passive/nodeTypeIndex:8/meta:dup_blks_rcvd","measures":{"value":0}}
{"ts":1669475128847089698,"type":"point","name":"exType:baseline/permutationIndex:0/run:16/dialer:center/eavesCount:0/latencyMS:150/seq:11/fileSize:1048576/nodeType:Passive/nodeTypeIndex:8/meta:msgs_rcvd","measures":{"value":3}}
{"ts":1669475128847113820,"type":"point","name":"exType:baseline/permutationIndex:0/run:16/dialer:center/eavesCount:0/latencyMS:150/seq:11/fileSize:1048576/nodeType:Passive/nodeTypeIndex:8/meta:data_sent","measures":{"value":0}}
{"ts":1669475128847119312,"type":"point","name":"exType:baseline/permutationIndex:0/run:16/dialer:center/eavesCount:0/latencyMS:150/seq:11/fileSize:1048576/nodeType:Passive/nodeTypeIndex:8/meta:data_rcvd","measures":{"value":0}}
{"ts":1669475128847129297,"type":"point","name":"exType:baseline/permutationIndex:0/run:16/dialer:center/eavesCount:0/latencyMS:150/seq:11/fileSize:1048576/nodeType:Passive/nodeTypeIndex:8/meta:dup_data_rcvd","measures":{"value":0}}
{"ts":1669475128847132401,"type":"point","name":"exType:baseline/permutationIndex:0/run:16/dialer:center/eavesCount:0/latencyMS:150/seq:11/fileSize:1048576/nodeType:Passive/nodeTypeIndex:8/meta:blks_sent","measures":{"value":0}}
{"ts":1669475128847135268,"type":"point","name":"exType:baseline/permutationIndex:0/run:16/dialer:center/eavesCount:0/latencyMS:150/seq:11/fileSize:1048576/nodeType:Passive/nodeTypeIndex:8/meta:blks_rcvd","measures":{"value":0}}
{"ts":1669475128847138284,"type":"point","name":"exType:baseline/permutationIndex:0/run:16/dialer:center/eavesCount:0/latencyMS:150/seq:11/fileSize:1048576/nodeType:Passive/nodeTypeIndex:8/meta:dup_blks_rcvd","measures":{"value":0}}
{"ts":1669475134190899850,"type":"point","name":"exType:baseline/permutationIndex:0/run:17/dialer:center/eavesCount:0/latencyMS:150/seq:11/fileSize:1048576/nodeType:Passive/nodeTypeIndex:8/meta:msgs_rcvd","measures":{"value":5}}
{"ts":1669475134190928520,"type":"point","name":"exType:baseline/permutationIndex:0/run:17/dialer:center/eavesCount:0/latencyMS:150/seq:11/fileSize:1048576/nodeType:Passive/nodeTypeIndex:8/meta:data_sent","measures":{"value":0}}
{"ts":1669475134190932101,"type":"point","name":"exType:baseline/permutationIndex:0/run:17/dialer:center/eavesCount:0/latencyMS:150/seq:11/fileSize:1048576/nodeType:Passive/nodeTypeIndex:8/meta:data_rcvd","measures":{"value":0}}
{"ts":1669475134190935244,"type":"point","name":"exType:baseline/permutationIndex:0/run:17/dialer:center/eavesCount:0/latencyMS:150/seq:11/fileSize:1048576/nodeType:Passive/nodeTypeIndex:8/meta:dup_data_rcvd","measures":{"value":0}}
{"ts":1669475134190937646,"type":"point","name":"exType:baseline/permutationIndex:0/run:17/dialer:center/eavesCount:0/latencyMS:150/seq:11/fileSize:1048576/nodeType:Passive/nodeTypeIndex:8/meta:blks_sent","measures":{"value":0}}
{"ts":1669475134190940029,"type":"point","name":"exType:baseline/permutationIndex:0/run:17/dialer:center/eavesCount:0/latencyMS:150/seq:11/fileSize:1048576/nodeType:Passive/nodeTypeIndex:8/meta:blks_rcvd","measures":{"value":0}}
{"ts":1669475134190942216,"type":"point","name":"exType:baseline/permutationIndex:0/run:17/dialer:center/eavesCount:0/latencyMS:150/seq:11/fileSize:1048576/nodeType:Passive/nodeTypeIndex:8/meta:dup_blks_rcvd","measures":{"value":0}}
{"ts":1669475138520037567,"type":"point","name":"exType:baseline/permutationIndex:0/run:18/dialer:center/eavesCount:0/latencyMS:150/seq:11/fileSize:1048576/nodeType:Passive/nodeTypeIndex:8/meta:msgs_rcvd","measures":{"value":5}}
{"ts":1669475138520064596,"type":"point","name":"exType:baseline/permutationIndex:0/run:18/dialer:center/eavesCount:0/latencyMS:150/seq:11/fileSize:1048576/nodeType:Passive/nodeTypeIndex:8/meta:data_sent","measures":{"value":0}}
{"ts":1669475138520068149,"type":"point","name":"exType:baseline/permutationIndex:0/run:18/dialer:center/eavesCount:0/latencyMS:150/seq:11/fileSize:1048576/nodeType:Passive/nodeTypeIndex:8/meta:data_rcvd","measures":{"value":0}}
{"ts":1669475138520072326,"type":"point","name":"exType:baseline/permutationIndex:0/run:18/dialer:center/eavesCount:0/latencyMS:150/seq:11/fileSize:1048576/nodeType:Passive/nodeTypeIndex:8/meta:dup_data_rcvd","measures":{"value":0}}
{"ts":1669475138520076807,"type":"point","name":"exType:baseline/permutationIndex:0/run:18/dialer:center/eavesCount:0/latencyMS:150/seq:11/fileSize:1048576/nodeType:Passive/nodeTypeIndex:8/meta:blks_sent","measures":{"value":0}}
{"ts":1669475138520079430,"type":"point","name":"exType:baseline/permutationIndex:0/run:18/dialer:center/eavesCount:0/latencyMS:150/seq:11/fileSize:1048576/nodeType:Passive/nodeTypeIndex:8/meta:blks_rcvd","measures":{"value":0}}
{"ts":1669475138520087861,"type":"point","name":"exType:baseline/permutationIndex:0/run:18/dialer:center/eavesCount:0/latencyMS:150/seq:11/fileSize:1048576/nodeType:Passive/nodeTypeIndex:8/meta:dup_blks_rcvd","measures":{"value":0}}
{"ts":1669475142984599576,"type":"point","name":"exType:baseline/permutationIndex:0/run:19/dialer:center/eavesCount:0/latencyMS:150/seq:11/fileSize:1048576/nodeType:Passive/nodeTypeIndex:8/meta:msgs_rcvd","measures":{"value":4}}
{"ts":1669475142984642440,"type":"point","name":"exType:baseline/permutationIndex:0/run:19/dialer:center/eavesCount:0/latencyMS:150/seq:11/fileSize:1048576/nodeType:Passive/nodeTypeIndex:8/meta:data_sent","measures":{"value":0}}
{"ts":1669475142984650887,"type":"point","name":"exType:baseline/permutationIndex:0/run:19/dialer:center/eavesCount:0/latencyMS:150/seq:11/fileSize:1048576/nodeType:Passive/nodeTypeIndex:8/meta:data_rcvd","measures":{"value":0}}
{"ts":1669475142984656982,"type":"point","name":"exType:baseline/permutationIndex:0/run:19/dialer:center/eavesCount:0/latencyMS:150/seq:11/fileSize:1048576/nodeType:Passive/nodeTypeIndex:8/meta:dup_data_rcvd","measures":{"value":0}}
{"ts":1669475142984662134,"type":"point","name":"exType:baseline/permutationIndex:0/run:19/dialer:center/eavesCount:0/latencyMS:150/seq:11/fileSize:1048576/nodeType:Passive/nodeTypeIndex:8/meta:blks_sent","measures":{"value":0}}
{"ts":1669475142984667594,"type":"point","name":"exType:baseline/permutationIndex:0/run:19/dialer:center/eavesCount:0/latencyMS:150/seq:11/fileSize:1048576/nodeType:Passive/nodeTypeIndex:8/meta:blks_rcvd","measures":{"value":0}}
{"ts":1669475142984672633,"type":"point","name":"exType:baseline/permutationIndex:0/run:19/dialer:center/eavesCount:0/latencyMS:150/seq:11/fileSize:1048576/nodeType:Passive/nodeTypeIndex:8/meta:dup_blks_rcvd","measures":{"value":0}}
{"ts":1669475147495605091,"type":"point","name":"exType:baseline/permutationIndex:0/run:20/dialer:center/eavesCount:0/latencyMS:150/seq:11/fileSize:1048576/nodeType:Passive/nodeTypeIndex:8/meta:msgs_rcvd","measures":{"value":4}}
{"ts":1669475147495629959,"type":"point","name":"exType:baseline/permutationIndex:0/run:20/dialer:center/eavesCount:0/latencyMS:150/seq:11/fileSize:1048576/nodeType:Passive/nodeTypeIndex:8/meta:data_sent","measures":{"value":0}}
{"ts":1669475147495634502,"type":"point","name":"exType:baseline/permutationIndex:0/run:20/dialer:center/eavesCount:0/latencyMS:150/seq:11/fileSize:1048576/nodeType:Passive/nodeTypeIndex:8/meta:data_rcvd","measures":{"value":0}}
{"ts":1669475147495637144,"type":"point","name":"exType:baseline/permutationIndex:0/run:20/dialer:center/eavesCount:0/latencyMS:150/seq:11/fileSize:1048576/nodeType:Passive/nodeTypeIndex:8/meta:dup_data_rcvd","measures":{"value":0}}
{"ts":1669475147495639496,"type":"point","name":"exType:baseline/permutationIndex:0/run:20/dialer:center/eavesCount:0/latencyMS:150/seq:11/fileSize:1048576/nodeType:Passive/nodeTypeIndex:8/meta:blks_sent","measures":{"value":0}}
{"ts":1669475147495642018,"type":"point","name":"exType:baseline/permutationIndex:0/run:20/dialer:center/eavesCount:0/latencyMS:150/seq:11/fileSize:1048576/nodeType:Passive/nodeTypeIndex:8/meta:blks_rcvd","measures":{"value":0}}
{"ts":1669475147495644234,"type":"point","name":"exType:baseline/permutationIndex:0/run:20/dialer:center/eavesCount:0/latencyMS:150/seq:11/fileSize:1048576/nodeType:Passive/nodeTypeIndex:8/meta:dup_blks_rcvd","measures":{"value":0}}
{"ts":1669475152004210231,"type":"point","name":"exType:baseline/permutationIndex:0/run:21/dialer:center/eavesCount:0/latencyMS:150/seq:11/fileSize:1048576/nodeType:Passive/nodeTypeIndex:8/meta:msgs_rcvd","measures":{"value":4}}
{"ts":1669475152004243257,"type":"point","name":"exType:baseline/permutationIndex:0/run:21/dialer:center/eavesCount:0/latencyMS:150/seq:11/fileSize:1048576/nodeType:Passive/nodeTypeIndex:8/meta:data_sent","measures":{"value":0}}
{"ts":1669475152004249366,"type":"point","name":"exType:baseline/permutationIndex:0/run:21/dialer:center/eavesCount:0/latencyMS:150/seq:11/fileSize:1048576/nodeType:Passive/nodeTypeIndex:8/meta:data_rcvd","measures":{"value":0}}
{"ts":1669475152004262025,"type":"point","name":"exType:baseline/permutationIndex:0/run:21/dialer:center/eavesCount:0/latencyMS:150/seq:11/fileSize:1048576/nodeType:Passive/nodeTypeIndex:8/meta:dup_data_rcvd","measures":{"value":0}}
{"ts":1669475152004267015,"type":"point","name":"exType:baseline/permutationIndex:0/run:21/dialer:center/eavesCount:0/latencyMS:150/seq:11/fileSize:1048576/nodeType:Passive/nodeTypeIndex:8/meta:blks_sent","measures":{"value":0}}
{"ts":1669475152004270377,"type":"point","name":"exType:baseline/permutationIndex:0/run:21/dialer:center/eavesCount:0/latencyMS:150/seq:11/fileSize:1048576/nodeType:Passive/nodeTypeIndex:8/meta:blks_rcvd","measures":{"value":0}}
{"ts":1669475152004273722,"type":"point","name":"exType:baseline/permutationIndex:0/run:21/dialer:center/eavesCount:0/latencyMS:150/seq:11/fileSize:1048576/nodeType:Passive/nodeTypeIndex:8/meta:dup_blks_rcvd","measures":{"value":0}}
{"ts":1669475156470853727,"type":"point","name":"exType:baseline/permutationIndex:0/run:22/dialer:center/eavesCount:0/latencyMS:150/seq:11/fileSize:1048576/nodeType:Passive/nodeTypeIndex:8/meta:msgs_rcvd","measures":{"value":3}}
{"ts":1669475156470883022,"type":"point","name":"exType:baseline/permutationIndex:0/run:22/dialer:center/eavesCount:0/latencyMS:150/seq:11/fileSize:1048576/nodeType:Passive/nodeTypeIndex:8/meta:data_sent","measures":{"value":0}}
{"ts":1669475156470886238,"type":"point","name":"exType:baseline/permutationIndex:0/run:22/dialer:center/eavesCount:0/latencyMS:150/seq:11/fileSize:1048576/nodeType:Passive/nodeTypeIndex:8/meta:data_rcvd","measures":{"value":0}}
{"ts":1669475156470890037,"type":"point","name":"exType:baseline/permutationIndex:0/run:22/dialer:center/eavesCount:0/latencyMS:150/seq:11/fileSize:1048576/nodeType:Passive/nodeTypeIndex:8/meta:dup_data_rcvd","measures":{"value":0}}
{"ts":1669475156470891633,"type":"point","name":"exType:baseline/permutationIndex:0/run:22/dialer:center/eavesCount:0/latencyMS:150/seq:11/fileSize:1048576/nodeType:Passive/nodeTypeIndex:8/meta:blks_sent","measures":{"value":0}}
{"ts":1669475156470893593,"type":"point","name":"exType:baseline/permutationIndex:0/run:22/dialer:center/eavesCount:0/latencyMS:150/seq:11/fileSize:1048576/nodeType:Passive/nodeTypeIndex:8/meta:blks_rcvd","measures":{"value":0}}
{"ts":1669475156470895141,"type":"point","name":"exType:baseline/permutationIndex:0/run:22/dialer:center/eavesCount:0/latencyMS:150/seq:11/fileSize:1048576/nodeType:Passive/nodeTypeIndex:8/meta:dup_blks_rcvd","measures":{"value":0}}
{"ts":1669475161247807363,"type":"point","name":"exType:baseline/permutationIndex:0/run:23/dialer:center/eavesCount:0/latencyMS:150/seq:11/fileSize:1048576/nodeType:Passive/nodeTypeIndex:8/meta:msgs_rcvd","measures":{"value":4}}
{"ts":1669475161247836672,"type":"point","name":"exType:baseline/permutationIndex:0/run:23/dialer:center/eavesCount:0/latencyMS:150/seq:11/fileSize:1048576/nodeType:Passive/nodeTypeIndex:8/meta:data_sent","measures":{"value":0}}
{"ts":1669475161247840045,"type":"point","name":"exType:baseline/permutationIndex:0/run:23/dialer:center/eavesCount:0/latencyMS:150/seq:11/fileSize:1048576/nodeType:Passive/nodeTypeIndex:8/meta:data_rcvd","measures":{"value":0}}
{"ts":1669475161247842548,"type":"point","name":"exType:baseline/permutationIndex:0/run:23/dialer:center/eavesCount:0/latencyMS:150/seq:11/fileSize:1048576/nodeType:Passive/nodeTypeIndex:8/meta:dup_data_rcvd","measures":{"value":0}}
{"ts":1669475161247845972,"type":"point","name":"exType:baseline/permutationIndex:0/run:23/dialer:center/eavesCount:0/latencyMS:150/seq:11/fileSize:1048576/nodeType:Passive/nodeTypeIndex:8/meta:blks_sent","measures":{"value":0}}
{"ts":1669475161247848642,"type":"point","name":"exType:baseline/permutationIndex:0/run:23/dialer:center/eavesCount:0/latencyMS:150/seq:11/fileSize:1048576/nodeType:Passive/nodeTypeIndex:8/meta:blks_rcvd","measures":{"value":0}}
{"ts":1669475161247851295,"type":"point","name":"exType:baseline/permutationIndex:0/run:23/dialer:center/eavesCount:0/latencyMS:150/seq:11/fileSize:1048576/nodeType:Passive/nodeTypeIndex:8/meta:dup_blks_rcvd","measures":{"value":0}}
{"ts":1669475165690956725,"type":"point","name":"exType:baseline/permutationIndex:0/run:24/dialer:center/eavesCount:0/latencyMS:150/seq:11/fileSize:1048576/nodeType:Passive/nodeTypeIndex:8/meta:msgs_rcvd","measures":{"value":2}}
{"ts":1669475165690991205,"type":"point","name":"exType:baseline/permutationIndex:0/run:24/dialer:center/eavesCount:0/latencyMS:150/seq:11/fileSize:1048576/nodeType:Passive/nodeTypeIndex:8/meta:data_sent","measures":{"value":0}}
{"ts":1669475165690995683,"type":"point","name":"exType:baseline/permutationIndex:0/run:24/dialer:center/eavesCount:0/latencyMS:150/seq:11/fileSize:1048576/nodeType:Passive/nodeTypeIndex:8/meta:data_rcvd","measures":{"value":0}}
{"ts":1669475165690998156,"type":"point","name":"exType:baseline/permutationIndex:0/run:24/dialer:center/eavesCount:0/latencyMS:150/seq:11/fileSize:1048576/nodeType:Passive/nodeTypeIndex:8/meta:dup_data_rcvd","measures":{"value":0}}
{"ts":1669475165691000724,"type":"point","name":"exType:baseline/permutationIndex:0/run:24/dialer:center/eavesCount:0/latencyMS:150/seq:11/fileSize:1048576/nodeType:Passive/nodeTypeIndex:8/meta:blks_sent","measures":{"value":0}}
{"ts":1669475165691003074,"type":"point","name":"exType:baseline/permutationIndex:0/run:24/dialer:center/eavesCount:0/latencyMS:150/seq:11/fileSize:1048576/nodeType:Passive/nodeTypeIndex:8/meta:blks_rcvd","measures":{"value":0}}
{"ts":1669475165691007643,"type":"point","name":"exType:baseline/permutationIndex:0/run:24/dialer:center/eavesCount:0/latencyMS:150/seq:11/fileSize:1048576/nodeType:Passive/nodeTypeIndex:8/meta:dup_blks_rcvd","measures":{"value":0}}
