{"ts":1670665318237311553,"type":"point","name":"exType:trickle/permutationIndex:0/run:1/dialer:edge/eavesCount:0/latencyMS:100/tricklingDelay:0/seq:11/fileSize:1048576/nodeType:Passive/nodeTypeIndex:8/meta:msgs_rcvd","measures":{"value":49}}
{"ts":1670665318237423104,"type":"point","name":"exType:trickle/permutationIndex:0/run:1/dialer:edge/eavesCount:0/latencyMS:100/tricklingDelay:0/seq:11/fileSize:1048576/nodeType:Passive/nodeTypeIndex:8/meta:data_sent","measures":{"value":2622180}}
{"ts":1670665318237460396,"type":"point","name":"exType:trickle/permutationIndex:0/run:1/dialer:edge/eavesCount:0/latencyMS:100/tricklingDelay:0/seq:11/fileSize:1048576/nodeType:Passive/nodeTypeIndex:8/meta:data_rcvd","measures":{"value":1835706}}
{"ts":1670665318237483990,"type":"point","name":"exType:trickle/permutationIndex:0/run:1/dialer:edge/eavesCount:0/latencyMS:100/tricklingDelay:0/seq:11/fileSize:1048576/nodeType:Passive/nodeTypeIndex:8/meta:dup_data_rcvd","measures":{"value":786874}}
{"ts":1670665318237516960,"type":"point","name":"exType:trickle/permutationIndex:0/run:1/dialer:edge/eavesCount:0/latencyMS:100/tricklingDelay:0/seq:11/fileSize:1048576/nodeType:Passive/nodeTypeIndex:8/meta:blks_sent","measures":{"value":13}}
{"ts":1670665318237537572,"type":"point","name":"exType:trickle/permutationIndex:0/run:1/dialer:edge/eavesCount:0/latencyMS:100/tricklingDelay:0/seq:11/fileSize:1048576/nodeType:Passive/nodeTypeIndex:8/meta:blks_rcvd","measures":{"value":10}}
{"ts":1670665318237559055,"type":"point","name":"exType:trickle/permutationIndex:0/run:1/dialer:edge/eavesCount:0/latencyMS:100/tricklingDelay:0/seq:11/fileSize:1048576/nodeType:Passive/nodeTypeIndex:8/meta:dup_blks_rcvd","measures":{"value":5}}
{"ts":1670665329011355776,"type":"point","name":"exType:trickle/permutationIndex:0/run:2/dialer:edge/eavesCount:0/latencyMS:100/tricklingDelay:0/seq:11/fileSize:1048576/nodeType:Passive/nodeTypeIndex:8/meta:msgs_rcvd","measures":{"value":53}}
{"ts":1670665329011385391,"type":"point","name":"exType:trickle/permutationIndex:0/run:2/dialer:edge/eavesCount:0/latencyMS:100/tricklingDelay:0/seq:11/fileSize:1048576/nodeType:Passive/nodeTypeIndex:8/meta:data_sent","measures":{"value":1573548}}
{"ts":1670665329011392845,"type":"point","name":"exType:trickle/permutationIndex:0/run:2/dialer:edge/eavesCount:0/latencyMS:100/tricklingDelay:0/seq:11/fileSize:1048576/nodeType:Passive/nodeTypeIndex:8/meta:data_rcvd","measures":{"value":2622180}}
{"ts":1670665329011397741,"type":"point","name":"exType:trickle/permutationIndex:0/run:2/dialer:edge/eavesCount:0/latencyMS:100/tricklingDelay:0/seq:11/fileSize:1048576/nodeType:Passive/nodeTypeIndex:8/meta:dup_data_rcvd","measures":{"value":1573348}}
{"ts":1670665329011402037,"type":"point","name":"exType:trickle/permutationIndex:0/run:2/dialer:edge/eavesCount:0/latencyMS:100/tricklingDelay:0/seq:11/fileSize:1048576/nodeType:Passive/nodeTypeIndex:8/meta:blks_sent","measures":{"value":9}}
{"ts":1670665329011405864,"type":"point","name":"exType:trickle/permutationIndex:0/run:2/dialer:edge/eavesCount:0/latencyMS:100/tricklingDelay:0/seq:11/fileSize:1048576/nodeType:Passive/nodeTypeIndex:8/meta:blks_rcvd","measures":{"value":13}}
{"ts":1670665329011409594,"type":"point","name":"exType:trickle/permutationIndex:0/run:2/dialer:edge/eavesCount:0/latencyMS:100/tricklingDelay:0/seq:11/fileSize:1048576/nodeType:Passive/nodeTypeIndex:8/meta:dup_blks_rcvd","measures":{"value":8}}
{"ts":1670665339659762083,"type":"point","name":"exType:trickle/permutationIndex:0/run:3/dialer:edge/eavesCount:0/latencyMS:100/tricklingDelay:0/seq:11/fileSize:1048576/nodeType:Passive/nodeTypeIndex:8/meta:msgs_rcvd","measures":{"value":53}}
{"ts":1670665339659780378,"type":"point","name":"exType:trickle/permutationIndex:0/run:3/dialer:edge/eavesCount:0/latencyMS:100/tricklingDelay:0/seq:11/fileSize:1048576/nodeType:Passive/nodeTypeIndex:8/meta:data_sent","measures":{"value":1835506}}
{"ts":1670665339659784603,"type":"point","name":"exType:trickle/permutationIndex:0/run:3/dialer:edge/eavesCount:0/latencyMS:100/tricklingDelay:0/seq:11/fileSize:1048576/nodeType:Passive/nodeTypeIndex:8/meta:data_rcvd","measures":{"value":2884338}}
{"ts":1670665339659795539,"type":"point","name":"exType:trickle/permutationIndex:0/run:3/dialer:edge/eavesCount:0/latencyMS:100/tricklingDelay:0/seq:11/fileSize:1048576/nodeType:Passive/nodeTypeIndex:8/meta:dup_data_rcvd","measures":{"value":1573348}}
{"ts":1670665339659801593,"type":"point","name":"exType:trickle/permutationIndex:0/run:3/dialer:edge/eavesCount:0/latencyMS:100/tricklingDelay:0/seq:11/fileSize:1048576/nodeType:Passive/nodeTypeIndex:8/meta:blks_sent","measures":{"value":9}}
{"ts":1670665339659805477,"type":"point","name":"exType:trickle/permutationIndex:0/run:3/dialer:edge/eavesCount:0/latencyMS:100/tricklingDelay:0/seq:11/fileSize:1048576/nodeType:Passive/nodeTypeIndex:8/meta:blks_rcvd","measures":{"value":14}}
{"ts":1670665339659809745,"type":"point","name":"exType:trickle/permutationIndex:0/run:3/dialer:edge/eavesCount:0/latencyMS:100/tricklingDelay:0/seq:11/fileSize:1048576/nodeType:Passive/nodeTypeIndex:8/meta:dup_blks_rcvd","measures":{"value":8}}
{"ts":1670665350597423348,"type":"point","name":"exType:trickle/permutationIndex:0/run:4/dialer:edge/eavesCount:0/latencyMS:100/tricklingDelay:0/seq:11/fileSize:1048576/nodeType:Passive/nodeTypeIndex:8/meta:msgs_rcvd","measures":{"value":50}}
{"ts":1670665350597562533,"type":"point","name":"exType:trickle/permutationIndex:0/run:4/dialer:edge/eavesCount:0/latencyMS:100/tricklingDelay:0/seq:11/fileSize:1048576/nodeType:Passive/nodeTypeIndex:8/meta:data_sent","measures":{"value":2359622}}
{"ts":1670665350597615325,"type":"point","name":"exType:trickle/permutationIndex:0/run:4/dialer:edge/eavesCount:0/latencyMS:100/tricklingDelay:0/seq:11/fileSize:1048576/nodeType:Passive/nodeTypeIndex:8/meta:data_rcvd","measures":{"value":2097864}}
{"ts":1670665350597639305,"type":"point","name":"exType:trickle/permutationIndex:0/run:4/dialer:edge/eavesCount:0/latencyMS:100/tricklingDelay:0/seq:11/fileSize:1048576/nodeType:Passive/nodeTypeIndex:8/meta:dup_data_rcvd","measures":{"value":1049032}}
{"ts":1670665350597662909,"type":"point","name":"exType:trickle/permutationIndex:0/run:4/dialer:edge/eavesCount:0/latencyMS:100/tricklingDelay:0/seq:11/fileSize:1048576/nodeType:Passive/nodeTypeIndex:8/meta:blks_sent","measures":{"value":10}}
{"ts":1670665350597684242,"type":"point","name":"exType:trickle/permutationIndex:0/run:4/dialer:edge/eavesCount:0/latencyMS:100/tricklingDelay:0/seq:11/fileSize:1048576/nodeType:Passive/nodeTypeIndex:8/meta:blks_rcvd","measures":{"value":11}}
{"ts":1670665350597703427,"type":"point","name":"exType:trickle/permutationIndex:0/run:4/dialer:edge/eavesCount:0/latencyMS:100/tricklingDelay:0/seq:11/fileSize:1048576/nodeType:Passive/nodeTypeIndex:8/meta:dup_blks_rcvd","measures":{"value":6}}
{"ts":1670665360735732180,"type":"point","name":"exType:trickle/permutationIndex:0/run:5/dialer:edge/eavesCount:0/latencyMS:100/tricklingDelay:0/seq:11/fileSize:1048576/nodeType:Passive/nodeTypeIndex:8/meta:msgs_rcvd","measures":{"value":49}}
{"ts":1670665360735840385,"type":"point","name":"exType:trickle/permutationIndex:0/run:5/dialer:edge/eavesCount:0/latencyMS:100/tricklingDelay:0/seq:11/fileSize:1048576/nodeType:Passive/nodeTypeIndex:8/meta:data_sent","measures":{"value":2097464}}
{"ts":1670665360735866792,"type":"point","name":"exType:trickle/permutationIndex:0/run:5/dialer:edge/eavesCount:0/latencyMS:100/tricklingDelay:0/seq:11/fileSize:1048576/nodeType:Passive/nodeTypeIndex:8/meta:data_rcvd","measures":{"value":2884338}}
{"ts":1670665360735889881,"type":"point","name":"exType:trickle/permutationIndex:0/run:5/dialer:edge/eavesCount:0/latencyMS:100/tricklingDelay:0/seq:11/fileSize:1048576/nodeType:Passive/nodeTypeIndex:8/meta:dup_data_rcvd","measures":{"value":1573348}}
{"ts":1670665360735911008,"type":"point","name":"exType:trickle/permutationIndex:0/run:5/dialer:edge/eavesCount:0/latencyMS:100/tricklingDelay:0/seq:11/fileSize:1048576/nodeType:Passive/nodeTypeIndex:8/meta:blks_sent","measures":{"value":9}}
{"ts":1670665360735932909,"type":"point","name":"exType:trickle/permutationIndex:0/run:5/dialer:edge/eavesCount:0/latencyMS:100/tricklingDelay:0/seq:11/fileSize:1048576/nodeType:Passive/nodeTypeIndex:8/meta:blks_rcvd","measures":{"value":14}}
{"ts":1670665360735988031,"type":"point","name":"exType:trickle/permutationIndex:0/run:5/dialer:edge/eavesCount:0/latencyMS:100/tricklingDelay:0/seq:11/fileSize:1048576/nodeType:Passive/nodeTypeIndex:8/meta:dup_blks_rcvd","measures":{"value":8}}
{"ts":1670665371581850695,"type":"point","name":"exType:trickle/permutationIndex:0/run:6/dialer:edge/eavesCount:0/latencyMS:100/tricklingDelay:0/seq:11/fileSize:1048576/nodeType:Passive/nodeTypeIndex:8/meta:msgs_rcvd","measures":{"value":43}}
{"ts":1670665371581962962,"type":"point","name":"exType:trickle/permutationIndex:0/run:6/dialer:edge/eavesCount:0/latencyMS:100/tricklingDelay:0/seq:11/fileSize:1048576/nodeType:Passive/nodeTypeIndex:8/meta:data_sent","measures":{"value":2360022}}
{"ts":1670665371581991774,"type":"point","name":"exType:trickle/permutationIndex:0/run:6/dialer:edge/eavesCount:0/latencyMS:100/tricklingDelay:0/seq:11/fileSize:1048576/nodeType:Passive/nodeTypeIndex:8/meta:data_rcvd","measures":{"value":1835506}}
{"ts":1670665371582019228,"type":"point","name":"exType:trickle/permutationIndex:0/run:6/dialer:edge/eavesCount:0/latencyMS:100/tricklingDelay:0/seq:11/fileSize:1048576/nodeType:Passive/nodeTypeIndex:8/meta:dup_data_rcvd","measures":{"value":786674}}
{"ts":1670665371582040687,"type":"point","name":"exType:trickle/permutationIndex:0/run:6/dialer:edge/eavesCount:0/latencyMS:100/tricklingDelay:0/seq:11/fileSize:1048576/nodeType:Passive/nodeTypeIndex:8/meta:blks_sent","measures":{"value":12}}
{"ts":1670665371582063209,"type":"point","name":"exType:trickle/permutationIndex:0/run:6/dialer:edge/eavesCount:0/latencyMS:100/tricklingDelay:0/seq:11/fileSize:1048576/nodeType:Passive/nodeTypeIndex:8/meta:blks_rcvd","measures":{"value":9}}
{"ts":1670665371582083618,"type":"point","name":"exType:trickle/permutationIndex:0/run:6/dialer:edge/eavesCount:0/latencyMS:100/tricklingDelay:0/seq:11/fileSize:1048576/nodeType:Passive/nodeTypeIndex:8/meta:dup_blks_rcvd","measures":{"value":4}}
{"ts":1670665382112799795,"type":"point","name":"exType:trickle/permutationIndex:0/run:7/dialer:edge/eavesCount:0/latencyMS:100/tricklingDelay:0/seq:11/fileSize:1048576/nodeType:Passive/nodeTypeIndex:8/meta:msgs_rcvd","measures":{"value":46}}
{"ts":1670665382112911206,"type":"point","name":"exType:trickle/permutationIndex:0/run:7/dialer:edge/eavesCount:0/latencyMS:100/tricklingDelay:0/seq:11/fileSize:1048576/nodeType:Passive/nodeTypeIndex:8/meta:data_sent","measures":{"value":2097864}}
{"ts":1670665382112942682,"type":"point","name":"exType:trickle/permutationIndex:0/run:7/dialer:edge/eavesCount:0/latencyMS:100/tricklingDelay:0/seq:11/fileSize:1048576/nodeType:Passive/nodeTypeIndex:8/meta:data_rcvd","measures":{"value":2883938}}
{"ts":1670665382112962133,"type":"point","name":"exType:trickle/permutationIndex:0/run:7/dialer:edge/eavesCount:0/latencyMS:100/tricklingDelay:0/seq:11/fileSize:1048576/nodeType:Passive/nodeTypeIndex:8/meta:dup_data_rcvd","measures":{"value":1572948}}
{"ts":1670665382112984284,"type":"point","name":"exType:trickle/permutationIndex:0/run:7/dialer:edge/eavesCount:0/latencyMS:100/tricklingDelay:0/seq:11/fileSize:1048576/nodeType:Passive/nodeTypeIndex:8/meta:blks_sent","measures":{"value":11}}
{"ts":1670665382113005925,"type":"point","name":"exType:trickle/permutationIndex:0/run:7/dialer:edge/eavesCount:0/latencyMS:100/tricklingDelay:0/seq:11/fileSize:1048576/nodeType:Passive/nodeTypeIndex:8/meta:blks_rcvd","measures":{"value":12}}
{"ts":1670665382113027451,"type":"point","name":"exType:trickle/permutationIndex:0/run:7/dialer:edge/eavesCount:0/latencyMS:100/tricklingDelay:0/seq:11/fileSize:1048576/nodeType:Passive/nodeTypeIndex:8/meta:dup_blks_rcvd","measures":{"value":6}}
{"ts":1670665393010767227,"type":"point","name":"exType:trickle/permutationIndex:0/run:8/dialer:edge/eavesCount:0/latencyMS:100/tricklingDelay:0/seq:11/fileSize:1048576/nodeType:Passive/nodeTypeIndex:8/meta:msgs_rcvd","measures":{"value":51}}
{"ts":1670665393010803075,"type":"point","name":"exType:trickle/permutationIndex:0/run:8/dialer:edge/eavesCount:0/latencyMS:100/tricklingDelay:0/seq:11/fileSize:1048576/nodeType:Passive/nodeTypeIndex:8/meta:data_sent","measures":{"value":1573348}}
{"ts":1670665393010811247,"type":"point","name":"exType:trickle/permutationIndex:0/run:8/dialer:edge/eavesCount:0/latencyMS:100/tricklingDelay:0/seq:11/fileSize:1048576/nodeType:Passive/nodeTypeIndex:8/meta:data_rcvd","measures":{"value":2622180}}
{"ts":1670665393010817082,"type":"point","name":"exType:trickle/permutationIndex:0/run:8/dialer:edge/eavesCount:0/latencyMS:100/tricklingDelay:0/seq:11/fileSize:1048576/nodeType:Passive/nodeTypeIndex:8/meta:dup_data_rcvd","measures":{"value":1311190}}
{"ts":1670665393010822795,"type":"point","name":"exType:trickle/permutationIndex:0/run:8/dialer:edge/eavesCount:0/latencyMS:100/tricklingDelay:0/seq:11/fileSize:1048576/nodeType:Passive/nodeTypeIndex:8/meta:blks_sent","measures":{"value":8}}
{"ts":1670665393010828559,"type":"point","name":"exType:trickle/permutationIndex:0/run:8/dialer:edge/eavesCount:0/latencyMS:100/tricklingDelay:0/seq:11/fileSize:1048576/nodeType:Passive/nodeTypeIndex:8/meta:blks_rcvd","measures":{"value":13}}
{"ts":1670665393010834635,"type":"point","name":"exType:trickle/permutationIndex:0/run:8/dialer:edge/eavesCount:0/latencyMS:100/tricklingDelay:0/seq:11/fileSize:1048576/nodeType:Passive/nodeTypeIndex:8/meta:dup_blks_rcvd","measures":{"value":7}}
{"ts":1670665404094277180,"type":"point","name":"exType:trickle/permutationIndex:0/run:9/dialer:edge/eavesCount:0/latencyMS:100/tricklingDelay:0/seq:11/fileSize:1048576/nodeType:Passive/nodeTypeIndex:8/meta:msgs_rcvd","measures":{"value":41}}
{"ts":1670665404094291343,"type":"point","name":"exType:trickle/permutationIndex:0/run:9/dialer:edge/eavesCount:0/latencyMS:100/tricklingDelay:0/seq:11/fileSize:1048576/nodeType:Passive/nodeTypeIndex:8/meta:data_sent","measures":{"value":2622180}}
{"ts":1670665404094293573,"type":"point","name":"exType:trickle/permutationIndex:0/run:9/dialer:edge/eavesCount:0/latencyMS:100/tricklingDelay:0/seq:11/fileSize:1048576/nodeType:Passive/nodeTypeIndex:8/meta:data_rcvd","measures":{"value":1835306}}
{"ts":1670665404094295252,"type":"point","name":"exType:trickle/permutationIndex:0/run:9/dialer:edge/eavesCount:0/latencyMS:100/tricklingDelay:0/seq:11/fileSize:1048576/nodeType:Passive/nodeTypeIndex:8/meta:dup_data_rcvd","measures":{"value":786474}}
{"ts":1670665404094297053,"type":"point","name":"exType:trickle/permutationIndex:0/run:9/dialer:edge/eavesCount:0/latencyMS:100/tricklingDelay:0/seq:11/fileSize:1048576/nodeType:Passive/nodeTypeIndex:8/meta:blks_sent","measures":{"value":13}}
{"ts":1670665404094299724,"type":"point","name":"exType:trickle/permutationIndex:0/run:9/dialer:edge/eavesCount:0/latencyMS:100/tricklingDelay:0/seq:11/fileSize:1048576/nodeType:Passive/nodeTypeIndex:8/meta:blks_rcvd","measures":{"value":8}}
{"ts":1670665404094302058,"type":"point","name":"exType:trickle/permutationIndex:0/run:9/dialer:edge/eavesCount:0/latencyMS:100/tricklingDelay:0/seq:11/fileSize:1048576/nodeType:Passive/nodeTypeIndex:8/meta:dup_blks_rcvd","measures":{"value":3}}
{"ts":1670665415333478910,"type":"point","name":"exType:trickle/permutationIndex:0/run:10/dialer:edge/eavesCount:0/latencyMS:100/tricklingDelay:0/seq:11/fileSize:1048576/nodeType:Passive/nodeTypeIndex:8/meta:msgs_rcvd","measures":{"value":46}}
{"ts":1670665415333562019,"type":"point","name":"exType:trickle/permutationIndex:0/run:10/dialer:edge/eavesCount:0/latencyMS:100/tricklingDelay:0/seq:11/fileSize:1048576/nodeType:Passive/nodeTypeIndex:8/meta:data_sent","measures":{"value":2097864}}
{"ts":1670665415333586557,"type":"point","name":"exType:trickle/permutationIndex:0/run:10/dialer:edge/eavesCount:0/latencyMS:100/tricklingDelay:0/seq:11/fileSize:1048576/nodeType:Passive/nodeTypeIndex:8/meta:data_rcvd","measures":{"value":2097664}}
{"ts":1670665415333605572,"type":"point","name":"exType:trickle/permutationIndex:0/run:10/dialer:edge/eavesCount:0/latencyMS:100/tricklingDelay:0/seq:11/fileSize:1048576/nodeType:Passive/nodeTypeIndex:8/meta:dup_data_rcvd","measures":{"value":1048832}}
{"ts":1670665415333670727,"type":"point","name":"exType:trickle/permutationIndex:0/run:10/dialer:edge/eavesCount:0/latencyMS:100/tricklingDelay:0/seq:11/fileSize:1048576/nodeType:Passive/nodeTypeIndex:8/meta:blks_sent","measures":{"value":11}}
{"ts":1670665415333691570,"type":"point","name":"exType:trickle/permutationIndex:0/run:10/dialer:edge/eavesCount:0/latencyMS:100/tricklingDelay:0/seq:11/fileSize:1048576/nodeType:Passive/nodeTypeIndex:8/meta:blks_rcvd","measures":{"value":10}}
{"ts":1670665415333713137,"type":"point","name":"exType:trickle/permutationIndex:0/run:10/dialer:edge/eavesCount:0/latencyMS:100/tricklingDelay:0/seq:11/fileSize:1048576/nodeType:Passive/nodeTypeIndex:8/meta:dup_blks_rcvd","measures":{"value":5}}
{"ts":1670665425917197871,"type":"point","name":"exType:trickle/permutationIndex:0/run:11/dialer:edge/eavesCount:0/latencyMS:100/tricklingDelay:0/seq:11/fileSize:1048576/nodeType:Passive/nodeTypeIndex:8/meta:msgs_rcvd","measures":{"value":52}}
{"ts":1670665425917280197,"type":"point","name":"exType:trickle/permutationIndex:0/run:11/dialer:edge/eavesCount:0/latencyMS:100/tricklingDelay:0/seq:11/fileSize:1048576/nodeType:Passive/nodeTypeIndex:8/meta:data_sent","measures":{"value":1049232}}
{"ts":1670665425917306753,"type":"point","name":"exType:trickle/permutationIndex:0/run:11/dialer:edge/eavesCount:0/latencyMS:100/tricklingDelay:0/seq:11/fileSize:1048576/nodeType:Passive/nodeTypeIndex:8/meta:data_rcvd","measures":{"value":3932770}}
{"ts":1670665425917328861,"type":"point","name":"exType:trickle/permutationIndex:0/run:11/dialer:edge/eavesCount:0/latencyMS:100/tricklingDelay:0/seq:11/fileSize:1048576/nodeType:Passive/nodeTypeIndex:8/meta:dup_data_rcvd","measures":{"value":1835306}}
{"ts":1670665425917349712,"type":"point","name":"exType:trickle/permutationIndex:0/run:11/dialer:edge/eavesCount:0/latencyMS:100/tricklingDelay:0/seq:11/fileSize:1048576/nodeType:Passive/nodeTypeIndex:8/meta:blks_sent","measures":{"value":7}}
{"ts":1670665425917370815,"type":"point","name":"exType:trickle/permutationIndex:0/run:11/dialer:edge/eavesCount:0/latencyMS:100/tricklingDelay:0/seq:11/fileSize:1048576/nodeType:Passive/nodeTypeIndex:8/meta:blks_rcvd","measures":{"value":17}}
{"ts":1670665425917389791,"type":"point","name":"exType:trickle/permutationIndex:0/run:11/dialer:edge/eavesCount:0/latencyMS:100/tricklingDelay:0/seq:11/fileSize:1048576/nodeType:Passive/nodeTypeIndex:8/meta:dup_blks_rcvd","measures":{"value":8}}
{"ts":1670665436594557466,"type":"point","name":"exType:trickle/permutationIndex:0/run:12/dialer:edge/eavesCount:0/latencyMS:100/tricklingDelay:0/seq:11/fileSize:1048576/nodeType:Passive/nodeTypeIndex:8/meta:msgs_rcvd","measures":{"value":53}}
{"ts":1670665436594642947,"type":"point","name":"exType:trickle/permutationIndex:0/run:12/dialer:edge/eavesCount:0/latencyMS:100/tricklingDelay:0/seq:11/fileSize:1048576/nodeType:Passive/nodeTypeIndex:8/meta:data_sent","measures":{"value":2359822}}
{"ts":1670665436594669786,"type":"point","name":"exType:trickle/permutationIndex:0/run:12/dialer:edge/eavesCount:0/latencyMS:100/tricklingDelay:0/seq:11/fileSize:1048576/nodeType:Passive/nodeTypeIndex:8/meta:data_rcvd","measures":{"value":2360022}}
{"ts":1670665436594691492,"type":"point","name":"exType:trickle/permutationIndex:0/run:12/dialer:edge/eavesCount:0/latencyMS:100/tricklingDelay:0/seq:11/fileSize:1048576/nodeType:Passive/nodeTypeIndex:8/meta:dup_data_rcvd","measures":{"value":1311190}}
{"ts":1670665436594716499,"type":"point","name":"exType:trickle/permutationIndex:0/run:12/dialer:edge/eavesCount:0/latencyMS:100/tricklingDelay:0/seq:11/fileSize:1048576/nodeType:Passive/nodeTypeIndex:8/meta:blks_sent","measures":{"value":11}}
{"ts":1670665436594736517,"type":"point","name":"exType:trickle/permutationIndex:0/run:12/dialer:edge/eavesCount:0/latencyMS:100/tricklingDelay:0/seq:11/fileSize:1048576/nodeType:Passive/nodeTypeIndex:8/meta:blks_rcvd","measures":{"value":12}}
{"ts":1670665436594758507,"type":"point","name":"exType:trickle/permutationIndex:0/run:12/dialer:edge/eavesCount:0/latencyMS:100/tricklingDelay:0/seq:11/fileSize:1048576/nodeType:Passive/nodeTypeIndex:8/meta:dup_blks_rcvd","measures":{"value":7}}
{"ts":1670665447121943747,"type":"point","name":"exType:trickle/permutationIndex:0/run:13/dialer:edge/eavesCount:0/latencyMS:100/tricklingDelay:0/seq:11/fileSize:1048576/nodeType:Passive/nodeTypeIndex:8/meta:msgs_rcvd","measures":{"value":50}}
{"ts":1670665447122034440,"type":"point","name":"exType:trickle/permutationIndex:0/run:13/dialer:edge/eavesCount:0/latencyMS:100/tricklingDelay:0/seq:11/fileSize:1048576/nodeType:Passive/nodeTypeIndex:8/meta:data_sent","measures":{"value":1311390}}
{"ts":1670665447122063410,"type":"point","name":"exType:trickle/permutationIndex:0/run:13/dialer:edge/eavesCount:0/latencyMS:100/tricklingDelay:0/seq:11/fileSize:1048576/nodeType:Passive/nodeTypeIndex:8/meta:data_rcvd","measures":{"value":2884138}}
{"ts":1670665447122084878,"type":"point","name":"exType:trickle/permutationIndex:0/run:13/dialer:edge/eavesCount:0/latencyMS:100/tricklingDelay:0/seq:11/fileSize:1048576/nodeType:Passive/nodeTypeIndex:8/meta:dup_data_rcvd","measures":{"value":1573148}}
{"ts":1670665447122104249,"type":"point","name":"exType:trickle/permutationIndex:0/run:13/dialer:edge/eavesCount:0/latencyMS:100/tricklingDelay:0/seq:11/fileSize:1048576/nodeType:Passive/nodeTypeIndex:8/meta:blks_sent","measures":{"value":8}}
{"ts":1670665447122132010,"type":"point","name":"exType:trickle/permutationIndex:0/run:13/dialer:edge/eavesCount:0/latencyMS:100/tricklingDelay:0/seq:11/fileSize:1048576/nodeType:Passive/nodeTypeIndex:8/meta:blks_rcvd","measures":{"value":13}}
{"ts":1670665447122153739,"type":"point","name":"exType:trickle/permutationIndex:0/run:13/dialer:edge/eavesCount:0/latencyMS:100/tricklingDelay:0/seq:11/fileSize:1048576/nodeType:Passive/nodeTypeIndex:8/meta:dup_blks_rcvd","measures":{"value":7}}
{"ts":1670665457917809745,"type":"point","name":"exType:trickle/permutationIndex:0/run:14/dialer:edge/eavesCount:0/latencyMS:100/tricklingDelay:0/seq:11/fileSize:1048576/nodeType:Passive/nodeTypeIndex:8/meta:msgs_rcvd","measures":{"value":48}}
{"ts":1670665457917937807,"type":"point","name":"exType:trickle/permutationIndex:0/run:14/dialer:edge/eavesCount:0/latencyMS:100/tricklingDelay:0/seq:11/fileSize:1048576/nodeType:Passive/nodeTypeIndex:8/meta:data_sent","measures":{"value":600}}
{"ts":1670665457918020979,"type":"point","name":"exType:trickle/permutationIndex:0/run:14/dialer:edge/eavesCount:0/latencyMS:100/tricklingDelay:0/seq:11/fileSize:1048576/nodeType:Passive/nodeTypeIndex:8/meta:data_rcvd","measures":{"value":3146296}}
{"ts":1670665457918042468,"type":"point","name":"exType:trickle/permutationIndex:0/run:14/dialer:edge/eavesCount:0/latencyMS:100/tricklingDelay:0/seq:11/fileSize:1048576/nodeType:Passive/nodeTypeIndex:8/meta:dup_data_rcvd","measures":{"value":1310990}}
{"ts":1670665457918073591,"type":"point","name":"exType:trickle/permutationIndex:0/run:14/dialer:edge/eavesCount:0/latencyMS:100/tricklingDelay:0/seq:11/fileSize:1048576/nodeType:Passive/nodeTypeIndex:8/meta:blks_sent","measures":{"value":3}}
{"ts":1670665457918094895,"type":"point","name":"exType:trickle/permutationIndex:0/run:14/dialer:edge/eavesCount:0/latencyMS:100/tricklingDelay:0/seq:11/fileSize:1048576/nodeType:Passive/nodeTypeIndex:8/meta:blks_rcvd","measures":{"value":14}}
{"ts":1670665457918114053,"type":"point","name":"exType:trickle/permutationIndex:0/run:14/dialer:edge/eavesCount:0/latencyMS:100/tricklingDelay:0/seq:11/fileSize:1048576/nodeType:Passive/nodeTypeIndex:8/meta:dup_blks_rcvd","measures":{"value":6}}
{"ts":1670665468524298984,"type":"point","name":"exType:trickle/permutationIndex:0/run:15/dialer:edge/eavesCount:0/latencyMS:100/tricklingDelay:0/seq:11/fileSize:1048576/nodeType:Passive/nodeTypeIndex:8/meta:msgs_rcvd","measures":{"value":39}}
{"ts":1670665468524383745,"type":"point","name":"exType:trickle/permutationIndex:0/run:15/dialer:edge/eavesCount:0/latencyMS:100/tricklingDelay:0/seq:11/fileSize:1048576/nodeType:Passive/nodeTypeIndex:8/meta:data_sent","measures":{"value":2622180}}
{"ts":1670665468524447741,"type":"point","name":"exType:trickle/permutationIndex:0/run:15/dialer:edge/eavesCount:0/latencyMS:100/tricklingDelay:0/seq:11/fileSize:1048576/nodeType:Passive/nodeTypeIndex:8/meta:data_rcvd","measures":{"value":2097464}}
{"ts":1670665468524470563,"type":"point","name":"exType:trickle/permutationIndex:0/run:15/dialer:edge/eavesCount:0/latencyMS:100/tricklingDelay:0/seq:11/fileSize:1048576/nodeType:Passive/nodeTypeIndex:8/meta:dup_data_rcvd","measures":{"value":1048632}}
{"ts":1670665468524490824,"type":"point","name":"exType:trickle/permutationIndex:0/run:15/dialer:edge/eavesCount:0/latencyMS:100/tricklingDelay:0/seq:11/fileSize:1048576/nodeType:Passive/nodeTypeIndex:8/meta:blks_sent","measures":{"value":13}}
{"ts":1670665468524512120,"type":"point","name":"exType:trickle/permutationIndex:0/run:15/dialer:edge/eavesCount:0/latencyMS:100/tricklingDelay:0/seq:11/fileSize:1048576/nodeType:Passive/nodeTypeIndex:8/meta:blks_rcvd","measures":{"value":9}}
{"ts":1670665468524532550,"type":"point","name":"exType:trickle/permutationIndex:0/run:15/dialer:edge/eavesCount:0/latencyMS:100/tricklingDelay:0/seq:11/fileSize:1048576/nodeType:Passive/nodeTypeIndex:8/meta:dup_blks_rcvd","measures":{"value":4}}
{"ts":1670665479180280668,"type":"point","name":"exType:trickle/permutationIndex:0/run:16/dialer:edge/eavesCount:0/latencyMS:100/tricklingDelay:0/seq:11/fileSize:1048576/nodeType:Passive/nodeTypeIndex:8/meta:msgs_rcvd","measures":{"value":46}}
{"ts":1670665479180320990,"type":"point","name":"exType:trickle/permutationIndex:0/run:16/dialer:edge/eavesCount:0/latencyMS:100/tricklingDelay:0/seq:11/fileSize:1048576/nodeType:Passive/nodeTypeIndex:8/meta:data_sent","measures":{"value":2360022}}
{"ts":1670665479180334337,"type":"point","name":"exType:trickle/permutationIndex:0/run:16/dialer:edge/eavesCount:0/latencyMS:100/tricklingDelay:0/seq:11/fileSize:1048576/nodeType:Passive/nodeTypeIndex:8/meta:data_rcvd","measures":{"value":2097664}}
{"ts":1670665479180345509,"type":"point","name":"exType:trickle/permutationIndex:0/run:16/dialer:edge/eavesCount:0/latencyMS:100/tricklingDelay:0/seq:11/fileSize:1048576/nodeType:Passive/nodeTypeIndex:8/meta:dup_data_rcvd","measures":{"value":1048832}}
{"ts":1670665479180356218,"type":"point","name":"exType:trickle/permutationIndex:0/run:16/dialer:edge/eavesCount:0/latencyMS:100/tricklingDelay:0/seq:11/fileSize:1048576/nodeType:Passive/nodeTypeIndex:8/meta:blks_sent","measures":{"value":12}}
{"ts":1670665479180371049,"type":"point","name":"exType:trickle/permutationIndex:0/run:16/dialer:edge/eavesCount:0/latencyMS:100/tricklingDelay:0/seq:11/fileSize:1048576/nodeType:Passive/nodeTypeIndex:8/meta:blks_rcvd","measures":{"value":10}}
{"ts":1670665479180380955,"type":"point","name":"exType:trickle/permutationIndex:0/run:16/dialer:edge/eavesCount:0/latencyMS:100/tricklingDelay:0/seq:11/fileSize:1048576/nodeType:Passive/nodeTypeIndex:8/meta:dup_blks_rcvd","measures":{"value":5}}
{"ts":1670665489936277881,"type":"point","name":"exType:trickle/permutationIndex:0/run:17/dialer:edge/eavesCount:0/latencyMS:100/tricklingDelay:0/seq:11/fileSize:1048576/nodeType:Passive/nodeTypeIndex:8/meta:msgs_rcvd","measures":{"value":43}}
{"ts":1670665489936406522,"type":"point","name":"exType:trickle/permutationIndex:0/run:17/dialer:edge/eavesCount:0/latencyMS:100/tricklingDelay:0/seq:11/fileSize:1048576/nodeType:Passive/nodeTypeIndex:8/meta:data_sent","measures":{"value":2622180}}
{"ts":1670665489936457782,"type":"point","name":"exType:trickle/permutationIndex:0/run:17/dialer:edge/eavesCount:0/latencyMS:100/tricklingDelay:0/seq:11/fileSize:1048576/nodeType:Passive/nodeTypeIndex:8/meta:data_rcvd","measures":{"value":1835506}}
{"ts":1670665489936482398,"type":"point","name":"exType:trickle/permutationIndex:0/run:17/dialer:edge/eavesCount:0/latencyMS:100/tricklingDelay:0/seq:11/fileSize:1048576/nodeType:Passive/nodeTypeIndex:8/meta:dup_data_rcvd","measures":{"value":786674}}
{"ts":1670665489936503531,"type":"point","name":"exType:trickle/permutationIndex:0/run:17/dialer:edge/eavesCount:0/latencyMS:100/tricklingDelay:0/seq:11/fileSize:1048576/nodeType:Passive/nodeTypeIndex:8/meta:blks_sent","measures":{"value":13}}
{"ts":1670665489936558415,"type":"point","name":"exType:trickle/permutationIndex:0/run:17/dialer:edge/eavesCount:0/latencyMS:100/tricklingDelay:0/seq:11/fileSize:1048576/nodeType:Passive/nodeTypeIndex:8/meta:blks_rcvd","measures":{"value":9}}
{"ts":1670665489936581078,"type":"point","name":"exType:trickle/permutationIndex:0/run:17/dialer:edge/eavesCount:0/latencyMS:100/tricklingDelay:0/seq:11/fileSize:1048576/nodeType:Passive/nodeTypeIndex:8/meta:dup_blks_rcvd","measures":{"value":4}}
{"ts":1670665500744499640,"type":"point","name":"exType:trickle/permutationIndex:0/run:18/dialer:edge/eavesCount:0/latencyMS:100/tricklingDelay:0/seq:11/fileSize:1048576/nodeType:Passive/nodeTypeIndex:8/meta:msgs_rcvd","measures":{"value":48}}
{"ts":1670665500744711610,"type":"point","name":"exType:trickle/permutationIndex:0/run:18/dialer:edge/eavesCount:0/latencyMS:100/tricklingDelay:0/seq:11/fileSize:1048576/nodeType:Passive/nodeTypeIndex:8/meta:data_sent","measures":{"value":2621780}}
{"ts":1670665500744740524,"type":"point","name":"exType:trickle/permutationIndex:0/run:18/dialer:edge/eavesCount:0/latencyMS:100/tricklingDelay:0/seq:11/fileSize:1048576/nodeType:Passive/nodeTypeIndex:8/meta:data_rcvd","measures":{"value":1835706}}
{"ts":1670665500744764059,"type":"point","name":"exType:trickle/permutationIndex:0/run:18/dialer:edge/eavesCount:0/latencyMS:100/tricklingDelay:0/seq:11/fileSize:1048576/nodeType:Passive/nodeTypeIndex:8/meta:dup_data_rcvd","measures":{"value":786874}}
{"ts":1670665500744784682,"type":"point","name":"exType:trickle/permutationIndex:0/run:18/dialer:edge/eavesCount:0/latencyMS:100/tricklingDelay:0/seq:11/fileSize:1048576/nodeType:Passive/nodeTypeIndex:8/meta:blks_sent","measures":{"value":11}}
{"ts":1670665500744804416,"type":"point","name":"exType:trickle/permutationIndex:0/run:18/dialer:edge/eavesCount:0/latencyMS:100/tricklingDelay:0/seq:11/fileSize:1048576/nodeType:Passive/nodeTypeIndex:8/meta:blks_rcvd","measures":{"value":10}}
{"ts":1670665500744825176,"type":"point","name":"exType:trickle/permutationIndex:0/run:18/dialer:edge/eavesCount:0/latencyMS:100/tricklingDelay:0/seq:11/fileSize:1048576/nodeType:Passive/nodeTypeIndex:8/meta:dup_blks_rcvd","measures":{"value":5}}
{"ts":1670665511667304914,"type":"point","name":"exType:trickle/permutationIndex:0/run:19/dialer:edge/eavesCount:0/latencyMS:100/tricklingDelay:0/seq:11/fileSize:1048576/nodeType:Passive/nodeTypeIndex:8/meta:msgs_rcvd","measures":{"value":45}}
{"ts":1670665511667398444,"type":"point","name":"exType:trickle/permutationIndex:0/run:19/dialer:edge/eavesCount:0/latencyMS:100/tricklingDelay:0/seq:11/fileSize:1048576/nodeType:Passive/nodeTypeIndex:8/meta:data_sent","measures":{"value":524916}}
{"ts":1670665511667439818,"type":"point","name":"exType:trickle/permutationIndex:0/run:19/dialer:edge/eavesCount:0/latencyMS:100/tricklingDelay:0/seq:11/fileSize:1048576/nodeType:Passive/nodeTypeIndex:8/meta:data_rcvd","measures":{"value":2621980}}
{"ts":1670665511667463458,"type":"point","name":"exType:trickle/permutationIndex:0/run:19/dialer:edge/eavesCount:0/latencyMS:100/tricklingDelay:0/seq:11/fileSize:1048576/nodeType:Passive/nodeTypeIndex:8/meta:dup_data_rcvd","measures":{"value":524516}}
{"ts":1670665511667484878,"type":"point","name":"exType:trickle/permutationIndex:0/run:19/dialer:edge/eavesCount:0/latencyMS:100/tricklingDelay:0/seq:11/fileSize:1048576/nodeType:Passive/nodeTypeIndex:8/meta:blks_sent","measures":{"value":5}}
{"ts":1670665511667559017,"type":"point","name":"exType:trickle/permutationIndex:0/run:19/dialer:edge/eavesCount:0/latencyMS:100/tricklingDelay:0/seq:11/fileSize:1048576/nodeType:Passive/nodeTypeIndex:8/meta:blks_rcvd","measures":{"value":12}}
{"ts":1670665511667581266,"type":"point","name":"exType:trickle/permutationIndex:0/run:19/dialer:edge/eavesCount:0/latencyMS:100/tricklingDelay:0/seq:11/fileSize:1048576/nodeType:Passive/nodeTypeIndex:8/meta:dup_blks_rcvd","measures":{"value":3}}
{"ts":1670665522952032511,"type":"point","name":"exType:trickle/permutationIndex:0/run:20/dialer:edge/eavesCount:0/latencyMS:100/tricklingDelay:0/seq:11/fileSize:1048576/nodeType:Passive/nodeTypeIndex:8/meta:msgs_rcvd","measures":{"value":50}}
{"ts":1670665522952116554,"type":"point","name":"exType:trickle/permutationIndex:0/run:20/dialer:edge/eavesCount:0/latencyMS:100/tricklingDelay:0/seq:11/fileSize:1048576/nodeType:Passive/nodeTypeIndex:8/meta:data_sent","measures":{"value":1835306}}
{"ts":1670665522952143282,"type":"point","name":"exType:trickle/permutationIndex:0/run:20/dialer:edge/eavesCount:0/latencyMS:100/tricklingDelay:0/seq:11/fileSize:1048576/nodeType:Passive/nodeTypeIndex:8/meta:data_rcvd","measures":{"value":2360022}}
{"ts":1670665522952160998,"type":"point","name":"exType:trickle/permutationIndex:0/run:20/dialer:edge/eavesCount:0/latencyMS:100/tricklingDelay:0/seq:11/fileSize:1048576/nodeType:Passive/nodeTypeIndex:8/meta:dup_data_rcvd","measures":{"value":1311190}}
{"ts":1670665522952177494,"type":"point","name":"exType:trickle/permutationIndex:0/run:20/dialer:edge/eavesCount:0/latencyMS:100/tricklingDelay:0/seq:11/fileSize:1048576/nodeType:Passive/nodeTypeIndex:8/meta:blks_sent","measures":{"value":8}}
{"ts":1670665522952194254,"type":"point","name":"exType:trickle/permutationIndex:0/run:20/dialer:edge/eavesCount:0/latencyMS:100/tricklingDelay:0/seq:11/fileSize:1048576/nodeType:Passive/nodeTypeIndex:8/meta:blks_rcvd","measures":{"value":12}}
{"ts":1670665522952209988,"type":"point","name":"exType:trickle/permutationIndex:0/run:20/dialer:edge/eavesCount:0/latencyMS:100/tricklingDelay:0/seq:11/fileSize:1048576/nodeType:Passive/nodeTypeIndex:8/meta:dup_blks_rcvd","measures":{"value":7}}
{"ts":1670665533789896960,"type":"point","name":"exType:trickle/permutationIndex:0/run:21/dialer:edge/eavesCount:0/latencyMS:100/tricklingDelay:0/seq:11/fileSize:1048576/nodeType:Passive/nodeTypeIndex:8/meta:msgs_rcvd","measures":{"value":38}}
{"ts":1670665533789995375,"type":"point","name":"exType:trickle/permutationIndex:0/run:21/dialer:edge/eavesCount:0/latencyMS:100/tricklingDelay:0/seq:11/fileSize:1048576/nodeType:Passive/nodeTypeIndex:8/meta:data_sent","measures":{"value":3146496}}
{"ts":1670665533790030474,"type":"point","name":"exType:trickle/permutationIndex:0/run:21/dialer:edge/eavesCount:0/latencyMS:100/tricklingDelay:0/seq:11/fileSize:1048576/nodeType:Passive/nodeTypeIndex:8/meta:data_rcvd","measures":{"value":1049032}}
{"ts":1670665533790054984,"type":"point","name":"exType:trickle/permutationIndex:0/run:21/dialer:edge/eavesCount:0/latencyMS:100/tricklingDelay:0/seq:11/fileSize:1048576/nodeType:Passive/nodeTypeIndex:8/meta:dup_data_rcvd","measures":{"value":200}}
{"ts":1670665533790077224,"type":"point","name":"exType:trickle/permutationIndex:0/run:21/dialer:edge/eavesCount:0/latencyMS:100/tricklingDelay:0/seq:11/fileSize:1048576/nodeType:Passive/nodeTypeIndex:8/meta:blks_sent","measures":{"value":15}}
{"ts":1670665533790099871,"type":"point","name":"exType:trickle/permutationIndex:0/run:21/dialer:edge/eavesCount:0/latencyMS:100/tricklingDelay:0/seq:11/fileSize:1048576/nodeType:Passive/nodeTypeIndex:8/meta:blks_rcvd","measures":{"value":6}}
{"ts":1670665533790125974,"type":"point","name":"exType:trickle/permutationIndex:0/run:21/dialer:edge/eavesCount:0/latencyMS:100/tricklingDelay:0/seq:11/fileSize:1048576/nodeType:Passive/nodeTypeIndex:8/meta:dup_blks_rcvd","measures":{"value":1}}
{"ts":1670665544229894049,"type":"point","name":"exType:trickle/permutationIndex:0/run:22/dialer:edge/eavesCount:0/latencyMS:100/tricklingDelay:0/seq:11/fileSize:1048576/nodeType:Passive/nodeTypeIndex:8/meta:msgs_rcvd","measures":{"value":51}}
{"ts":1670665544229909480,"type":"point","name":"exType:trickle/permutationIndex:0/run:22/dialer:edge/eavesCount:0/latencyMS:100/tricklingDelay:0/seq:11/fileSize:1048576/nodeType:Passive/nodeTypeIndex:8/meta:data_sent","measures":{"value":1835506}}
{"ts":1670665544229912751,"type":"point","name":"exType:trickle/permutationIndex:0/run:22/dialer:edge/eavesCount:0/latencyMS:100/tricklingDelay:0/seq:11/fileSize:1048576/nodeType:Passive/nodeTypeIndex:8/meta:data_rcvd","measures":{"value":2622180}}
{"ts":1670665544229920728,"type":"point","name":"exType:trickle/permutationIndex:0/run:22/dialer:edge/eavesCount:0/latencyMS:100/tricklingDelay:0/seq:11/fileSize:1048576/nodeType:Passive/nodeTypeIndex:8/meta:dup_data_rcvd","measures":{"value":1573348}}
{"ts":1670665544229923196,"type":"point","name":"exType:trickle/permutationIndex:0/run:22/dialer:edge/eavesCount:0/latencyMS:100/tricklingDelay:0/seq:11/fileSize:1048576/nodeType:Passive/nodeTypeIndex:8/meta:blks_sent","measures":{"value":9}}
{"ts":1670665544229926077,"type":"point","name":"exType:trickle/permutationIndex:0/run:22/dialer:edge/eavesCount:0/latencyMS:100/tricklingDelay:0/seq:11/fileSize:1048576/nodeType:Passive/nodeTypeIndex:8/meta:blks_rcvd","measures":{"value":13}}
{"ts":1670665544229928404,"type":"point","name":"exType:trickle/permutationIndex:0/run:22/dialer:edge/eavesCount:0/latencyMS:100/tricklingDelay:0/seq:11/fileSize:1048576/nodeType:Passive/nodeTypeIndex:8/meta:dup_blks_rcvd","measures":{"value":8}}
{"ts":1670665554879853217,"type":"point","name":"exType:trickle/permutationIndex:0/run:23/dialer:edge/eavesCount:0/latencyMS:100/tricklingDelay:0/seq:11/fileSize:1048576/nodeType:Passive/nodeTypeIndex:8/meta:msgs_rcvd","measures":{"value":46}}
{"ts":1670665554879874475,"type":"point","name":"exType:trickle/permutationIndex:0/run:23/dialer:edge/eavesCount:0/latencyMS:100/tricklingDelay:0/seq:11/fileSize:1048576/nodeType:Passive/nodeTypeIndex:8/meta:data_sent","measures":{"value":2621780}}
{"ts":1670665554879881640,"type":"point","name":"exType:trickle/permutationIndex:0/run:23/dialer:edge/eavesCount:0/latencyMS:100/tricklingDelay:0/seq:11/fileSize:1048576/nodeType:Passive/nodeTypeIndex:8/meta:data_rcvd","measures":{"value":2360022}}
{"ts":1670665554879889549,"type":"point","name":"exType:trickle/permutationIndex:0/run:23/dialer:edge/eavesCount:0/latencyMS:100/tricklingDelay:0/seq:11/fileSize:1048576/nodeType:Passive/nodeTypeIndex:8/meta:dup_data_rcvd","measures":{"value":1311190}}
{"ts":1670665554879895479,"type":"point","name":"exType:trickle/permutationIndex:0/run:23/dialer:edge/eavesCount:0/latencyMS:100/tricklingDelay:0/seq:11/fileSize:1048576/nodeType:Passive/nodeTypeIndex:8/meta:blks_sent","measures":{"value":11}}
{"ts":1670665554879901162,"type":"point","name":"exType:trickle/permutationIndex:0/run:23/dialer:edge/eavesCount:0/latencyMS:100/tricklingDelay:0/seq:11/fileSize:1048576/nodeType:Passive/nodeTypeIndex:8/meta:blks_rcvd","measures":{"value":12}}
{"ts":1670665554879906994,"type":"point","name":"exType:trickle/permutationIndex:0/run:23/dialer:edge/eavesCount:0/latencyMS:100/tricklingDelay:0/seq:11/fileSize:1048576/nodeType:Passive/nodeTypeIndex:8/meta:dup_blks_rcvd","measures":{"value":7}}
{"ts":1670665565343169893,"type":"point","name":"exType:trickle/permutationIndex:0/run:24/dialer:edge/eavesCount:0/latencyMS:100/tricklingDelay:0/seq:11/fileSize:1048576/nodeType:Passive/nodeTypeIndex:8/meta:msgs_rcvd","measures":{"value":47}}
{"ts":1670665565343187640,"type":"point","name":"exType:trickle/permutationIndex:0/run:24/dialer:edge/eavesCount:0/latencyMS:100/tricklingDelay:0/seq:11/fileSize:1048576/nodeType:Passive/nodeTypeIndex:8/meta:data_sent","measures":{"value":1835706}}
{"ts":1670665565343191944,"type":"point","name":"exType:trickle/permutationIndex:0/run:24/dialer:edge/eavesCount:0/latencyMS:100/tricklingDelay:0/seq:11/fileSize:1048576/nodeType:Passive/nodeTypeIndex:8/meta:data_rcvd","measures":{"value":2621980}}
{"ts":1670665565343194794,"type":"point","name":"exType:trickle/permutationIndex:0/run:24/dialer:edge/eavesCount:0/latencyMS:100/tricklingDelay:0/seq:11/fileSize:1048576/nodeType:Passive/nodeTypeIndex:8/meta:dup_data_rcvd","measures":{"value":1573148}}
{"ts":1670665565343197088,"type":"point","name":"exType:trickle/permutationIndex:0/run:24/dialer:edge/eavesCount:0/latencyMS:100/tricklingDelay:0/seq:11/fileSize:1048576/nodeType:Passive/nodeTypeIndex:8/meta:blks_sent","measures":{"value":10}}
{"ts":1670665565343199574,"type":"point","name":"exType:trickle/permutationIndex:0/run:24/dialer:edge/eavesCount:0/latencyMS:100/tricklingDelay:0/seq:11/fileSize:1048576/nodeType:Passive/nodeTypeIndex:8/meta:blks_rcvd","measures":{"value":12}}
{"ts":1670665565343208179,"type":"point","name":"exType:trickle/permutationIndex:0/run:24/dialer:edge/eavesCount:0/latencyMS:100/tricklingDelay:0/seq:11/fileSize:1048576/nodeType:Passive/nodeTypeIndex:8/meta:dup_blks_rcvd","measures":{"value":7}}
{"ts":1670665576123401898,"type":"point","name":"exType:trickle/permutationIndex:0/run:25/dialer:edge/eavesCount:0/latencyMS:100/tricklingDelay:0/seq:11/fileSize:1048576/nodeType:Passive/nodeTypeIndex:8/meta:msgs_rcvd","measures":{"value":43}}
{"ts":1670665576123515703,"type":"point","name":"exType:trickle/permutationIndex:0/run:25/dialer:edge/eavesCount:0/latencyMS:100/tricklingDelay:0/seq:11/fileSize:1048576/nodeType:Passive/nodeTypeIndex:8/meta:data_sent","measures":{"value":2359822}}
{"ts":1670665576123548583,"type":"point","name":"exType:trickle/permutationIndex:0/run:25/dialer:edge/eavesCount:0/latencyMS:100/tricklingDelay:0/seq:11/fileSize:1048576/nodeType:Passive/nodeTypeIndex:8/meta:data_rcvd","measures":{"value":1835506}}
{"ts":1670665576123577208,"type":"point","name":"exType:trickle/permutationIndex:0/run:25/dialer:edge/eavesCount:0/latencyMS:100/tricklingDelay:0/seq:11/fileSize:1048576/nodeType:Passive/nodeTypeIndex:8/meta:dup_data_rcvd","measures":{"value":786674}}
{"ts":1670665576123600954,"type":"point","name":"exType:trickle/permutationIndex:0/run:25/dialer:edge/eavesCount:0/latencyMS:100/tricklingDelay:0/seq:11/fileSize:1048576/nodeType:Passive/nodeTypeIndex:8/meta:blks_sent","measures":{"value":11}}
{"ts":1670665576123620218,"type":"point","name":"exType:trickle/permutationIndex:0/run:25/dialer:edge/eavesCount:0/latencyMS:100/tricklingDelay:0/seq:11/fileSize:1048576/nodeType:Passive/nodeTypeIndex:8/meta:blks_rcvd","measures":{"value":9}}
{"ts":1670665576123639241,"type":"point","name":"exType:trickle/permutationIndex:0/run:25/dialer:edge/eavesCount:0/latencyMS:100/tricklingDelay:0/seq:11/fileSize:1048576/nodeType:Passive/nodeTypeIndex:8/meta:dup_blks_rcvd","measures":{"value":4}}
{"ts":1670665592331336641,"type":"point","name":"exType:trickle/permutationIndex:1/run:1/dialer:edge/eavesCount:0/latencyMS:100/tricklingDelay:50/seq:11/fileSize:1048576/nodeType:Passive/nodeTypeIndex:8/meta:msgs_rcvd","measures":{"value":41}}
{"ts":1670665592331453092,"type":"point","name":"exType:trickle/permutationIndex:1/run:1/dialer:edge/eavesCount:0/latencyMS:100/tricklingDelay:50/seq:11/fileSize:1048576/nodeType:Passive/nodeTypeIndex:8/meta:data_sent","measures":{"value":2359622}}
{"ts":1670665592331482077,"type":"point","name":"exType:trickle/permutationIndex:1/run:1/dialer:edge/eavesCount:0/latencyMS:100/tricklingDelay:50/seq:11/fileSize:1048576/nodeType:Passive/nodeTypeIndex:8/meta:data_rcvd","measures":{"value":1573348}}
{"ts":1670665592331504443,"type":"point","name":"exType:trickle/permutationIndex:1/run:1/dialer:edge/eavesCount:0/latencyMS:100/tricklingDelay:50/seq:11/fileSize:1048576/nodeType:Passive/nodeTypeIndex:8/meta:dup_data_rcvd","measures":{"value":524516}}
{"ts":1670665592331527712,"type":"point","name":"exType:trickle/permutationIndex:1/run:1/dialer:edge/eavesCount:0/latencyMS:100/tricklingDelay:50/seq:11/fileSize:1048576/nodeType:Passive/nodeTypeIndex:8/meta:blks_sent","measures":{"value":10}}
{"ts":1670665592331548350,"type":"point","name":"exType:trickle/permutationIndex:1/run:1/dialer:edge/eavesCount:0/latencyMS:100/tricklingDelay:50/seq:11/fileSize:1048576/nodeType:Passive/nodeTypeIndex:8/meta:blks_rcvd","measures":{"value":8}}
{"ts":1670665592331567836,"type":"point","name":"exType:trickle/permutationIndex:1/run:1/dialer:edge/eavesCount:0/latencyMS:100/tricklingDelay:50/seq:11/fileSize:1048576/nodeType:Passive/nodeTypeIndex:8/meta:dup_blks_rcvd","measures":{"value":3}}
{"ts":1670665606201763276,"type":"point","name":"exType:trickle/permutationIndex:1/run:2/dialer:edge/eavesCount:0/latencyMS:100/tricklingDelay:50/seq:11/fileSize:1048576/nodeType:Passive/nodeTypeIndex:8/meta:msgs_rcvd","measures":{"value":43}}
{"ts":1670665606201881605,"type":"point","name":"exType:trickle/permutationIndex:1/run:2/dialer:edge/eavesCount:0/latencyMS:100/tricklingDelay:50/seq:11/fileSize:1048576/nodeType:Passive/nodeTypeIndex:8/meta:data_sent","measures":{"value":2097864}}
{"ts":1670665606201887360,"type":"point","name":"exType:trickle/permutationIndex:1/run:2/dialer:edge/eavesCount:0/latencyMS:100/tricklingDelay:50/seq:11/fileSize:1048576/nodeType:Passive/nodeTypeIndex:8/meta:data_rcvd","measures":{"value":1835306}}
{"ts":1670665606201891709,"type":"point","name":"exType:trickle/permutationIndex:1/run:2/dialer:edge/eavesCount:0/latencyMS:100/tricklingDelay:50/seq:11/fileSize:1048576/nodeType:Passive/nodeTypeIndex:8/meta:dup_data_rcvd","measures":{"value":786474}}
{"ts":1670665606201900681,"type":"point","name":"exType:trickle/permutationIndex:1/run:2/dialer:edge/eavesCount:0/latencyMS:100/tricklingDelay:50/seq:11/fileSize:1048576/nodeType:Passive/nodeTypeIndex:8/meta:blks_sent","measures":{"value":11}}
{"ts":1670665606201911208,"type":"point","name":"exType:trickle/permutationIndex:1/run:2/dialer:edge/eavesCount:0/latencyMS:100/tricklingDelay:50/seq:11/fileSize:1048576/nodeType:Passive/nodeTypeIndex:8/meta:blks_rcvd","measures":{"value":8}}
{"ts":1670665606201916893,"type":"point","name":"exType:trickle/permutationIndex:1/run:2/dialer:edge/eavesCount:0/latencyMS:100/tricklingDelay:50/seq:11/fileSize:1048576/nodeType:Passive/nodeTypeIndex:8/meta:dup_blks_rcvd","measures":{"value":3}}
{"ts":1670665620090588044,"type":"point","name":"exType:trickle/permutationIndex:1/run:3/dialer:edge/eavesCount:0/latencyMS:100/tricklingDelay:50/seq:11/fileSize:1048576/nodeType:Passive/nodeTypeIndex:8/meta:msgs_rcvd","measures":{"value":40}}
{"ts":1670665620090679460,"type":"point","name":"exType:trickle/permutationIndex:1/run:3/dialer:edge/eavesCount:0/latencyMS:100/tricklingDelay:50/seq:11/fileSize:1048576/nodeType:Passive/nodeTypeIndex:8/meta:data_sent","measures":{"value":1835506}}
{"ts":1670665620090713228,"type":"point","name":"exType:trickle/permutationIndex:1/run:3/dialer:edge/eavesCount:0/latencyMS:100/tricklingDelay:50/seq:11/fileSize:1048576/nodeType:Passive/nodeTypeIndex:8/meta:data_rcvd","measures":{"value":2097464}}
{"ts":1670665620090737565,"type":"point","name":"exType:trickle/permutationIndex:1/run:3/dialer:edge/eavesCount:0/latencyMS:100/tricklingDelay:50/seq:11/fileSize:1048576/nodeType:Passive/nodeTypeIndex:8/meta:dup_data_rcvd","measures":{"value":1048632}}
{"ts":1670665620090758364,"type":"point","name":"exType:trickle/permutationIndex:1/run:3/dialer:edge/eavesCount:0/latencyMS:100/tricklingDelay:50/seq:11/fileSize:1048576/nodeType:Passive/nodeTypeIndex:8/meta:blks_sent","measures":{"value":9}}
{"ts":1670665620090780033,"type":"point","name":"exType:trickle/permutationIndex:1/run:3/dialer:edge/eavesCount:0/latencyMS:100/tricklingDelay:50/seq:11/fileSize:1048576/nodeType:Passive/nodeTypeIndex:8/meta:blks_rcvd","measures":{"value":9}}
{"ts":1670665620090800960,"type":"point","name":"exType:trickle/permutationIndex:1/run:3/dialer:edge/eavesCount:0/latencyMS:100/tricklingDelay:50/seq:11/fileSize:1048576/nodeType:Passive/nodeTypeIndex:8/meta:dup_blks_rcvd","measures":{"value":4}}
{"ts":1670665633537008217,"type":"point","name":"exType:trickle/permutationIndex:1/run:4/dialer:edge/eavesCount:0/latencyMS:100/tricklingDelay:50/seq:11/fileSize:1048576/nodeType:Passive/nodeTypeIndex:8/meta:msgs_rcvd","measures":{"value":38}}
{"ts":1670665633537175881,"type":"point","name":"exType:trickle/permutationIndex:1/run:4/dialer:edge/eavesCount:0/latencyMS:100/tricklingDelay:50/seq:11/fileSize:1048576/nodeType:Passive/nodeTypeIndex:8/meta:data_sent","measures":{"value":2097464}}
{"ts":1670665633537208158,"type":"point","name":"exType:trickle/permutationIndex:1/run:4/dialer:edge/eavesCount:0/latencyMS:100/tricklingDelay:50/seq:11/fileSize:1048576/nodeType:Passive/nodeTypeIndex:8/meta:data_rcvd","measures":{"value":2097464}}
{"ts":1670665633537230715,"type":"point","name":"exType:trickle/permutationIndex:1/run:4/dialer:edge/eavesCount:0/latencyMS:100/tricklingDelay:50/seq:11/fileSize:1048576/nodeType:Passive/nodeTypeIndex:8/meta:dup_data_rcvd","measures":{"value":1048632}}
{"ts":1670665633537291782,"type":"point","name":"exType:trickle/permutationIndex:1/run:4/dialer:edge/eavesCount:0/latencyMS:100/tricklingDelay:50/seq:11/fileSize:1048576/nodeType:Passive/nodeTypeIndex:8/meta:blks_sent","measures":{"value":9}}
{"ts":1670665633537314076,"type":"point","name":"exType:trickle/permutationIndex:1/run:4/dialer:edge/eavesCount:0/latencyMS:100/tricklingDelay:50/seq:11/fileSize:1048576/nodeType:Passive/nodeTypeIndex:8/meta:blks_rcvd","measures":{"value":9}}
{"ts":1670665633537336361,"type":"point","name":"exType:trickle/permutationIndex:1/run:4/dialer:edge/eavesCount:0/latencyMS:100/tricklingDelay:50/seq:11/fileSize:1048576/nodeType:Passive/nodeTypeIndex:8/meta:dup_blks_rcvd","measures":{"value":4}}
{"ts":1670665647199019691,"type":"point","name":"exType:trickle/permutationIndex:1/run:5/dialer:edge/eavesCount:0/latencyMS:100/tricklingDelay:50/seq:11/fileSize:1048576/nodeType:Passive/nodeTypeIndex:8/meta:msgs_rcvd","measures":{"value":44}}
{"ts":1670665647199118850,"type":"point","name":"exType:trickle/permutationIndex:1/run:5/dialer:edge/eavesCount:0/latencyMS:100/tricklingDelay:50/seq:11/fileSize:1048576/nodeType:Passive/nodeTypeIndex:8/meta:data_sent","measures":{"value":1311190}}
{"ts":1670665647199146668,"type":"point","name":"exType:trickle/permutationIndex:1/run:5/dialer:edge/eavesCount:0/latencyMS:100/tricklingDelay:50/seq:11/fileSize:1048576/nodeType:Passive/nodeTypeIndex:8/meta:data_rcvd","measures":{"value":2097664}}
{"ts":1670665647199167621,"type":"point","name":"exType:trickle/permutationIndex:1/run:5/dialer:edge/eavesCount:0/latencyMS:100/tricklingDelay:50/seq:11/fileSize:1048576/nodeType:Passive/nodeTypeIndex:8/meta:dup_data_rcvd","measures":{"value":1048832}}
{"ts":1670665647199187395,"type":"point","name":"exType:trickle/permutationIndex:1/run:5/dialer:edge/eavesCount:0/latencyMS:100/tricklingDelay:50/seq:11/fileSize:1048576/nodeType:Passive/nodeTypeIndex:8/meta:blks_sent","measures":{"value":7}}
{"ts":1670665647199207045,"type":"point","name":"exType:trickle/permutationIndex:1/run:5/dialer:edge/eavesCount:0/latencyMS:100/tricklingDelay:50/seq:11/fileSize:1048576/nodeType:Passive/nodeTypeIndex:8/meta:blks_rcvd","measures":{"value":10}}
{"ts":1670665647199226470,"type":"point","name":"exType:trickle/permutationIndex:1/run:5/dialer:edge/eavesCount:0/latencyMS:100/tricklingDelay:50/seq:11/fileSize:1048576/nodeType:Passive/nodeTypeIndex:8/meta:dup_blks_rcvd","measures":{"value":5}}
{"ts":1670665660705444397,"type":"point","name":"exType:trickle/permutationIndex:1/run:6/dialer:edge/eavesCount:0/latencyMS:100/tricklingDelay:50/seq:11/fileSize:1048576/nodeType:Passive/nodeTypeIndex:8/meta:msgs_rcvd","measures":{"value":41}}
{"ts":1670665660705527542,"type":"point","name":"exType:trickle/permutationIndex:1/run:6/dialer:edge/eavesCount:0/latencyMS:100/tricklingDelay:50/seq:11/fileSize:1048576/nodeType:Passive/nodeTypeIndex:8/meta:data_sent","measures":{"value":1835306}}
{"ts":1670665660705553133,"type":"point","name":"exType:trickle/permutationIndex:1/run:6/dialer:edge/eavesCount:0/latencyMS:100/tricklingDelay:50/seq:11/fileSize:1048576/nodeType:Passive/nodeTypeIndex:8/meta:data_rcvd","measures":{"value":1835506}}
{"ts":1670665660705575785,"type":"point","name":"exType:trickle/permutationIndex:1/run:6/dialer:edge/eavesCount:0/latencyMS:100/tricklingDelay:50/seq:11/fileSize:1048576/nodeType:Passive/nodeTypeIndex:8/meta:dup_data_rcvd","measures":{"value":786674}}
{"ts":1670665660705597960,"type":"point","name":"exType:trickle/permutationIndex:1/run:6/dialer:edge/eavesCount:0/latencyMS:100/tricklingDelay:50/seq:11/fileSize:1048576/nodeType:Passive/nodeTypeIndex:8/meta:blks_sent","measures":{"value":8}}
{"ts":1670665660705628408,"type":"point","name":"exType:trickle/permutationIndex:1/run:6/dialer:edge/eavesCount:0/latencyMS:100/tricklingDelay:50/seq:11/fileSize:1048576/nodeType:Passive/nodeTypeIndex:8/meta:blks_rcvd","measures":{"value":9}}
{"ts":1670665660705690115,"type":"point","name":"exType:trickle/permutationIndex:1/run:6/dialer:edge/eavesCount:0/latencyMS:100/tricklingDelay:50/seq:11/fileSize:1048576/nodeType:Passive/nodeTypeIndex:8/meta:dup_blks_rcvd","measures":{"value":4}}
