{"ts":1669476176250506098,"type":"point","name":"exType:baseline/permutationIndex:0/run:1/dialer:center/eavesCount:0/latencyMS:100/seq:5/fileSize:153600/nodeType:Passive/nodeTypeIndex:2/meta:msgs_rcvd","measures":{"value":5}}
{"ts":1669476176250755769,"type":"point","name":"exType:baseline/permutationIndex:0/run:1/dialer:center/eavesCount:0/latencyMS:100/seq:5/fileSize:153600/nodeType:Passive/nodeTypeIndex:2/meta:data_sent","measures":{"value":0}}
{"ts":1669476176250789723,"type":"point","name":"exType:baseline/permutationIndex:0/run:1/dialer:center/eavesCount:0/latencyMS:100/seq:5/fileSize:153600/nodeType:Passive/nodeTypeIndex:2/meta:data_rcvd","measures":{"value":0}}
{"ts":1669476176250808895,"type":"point","name":"exType:baseline/permutationIndex:0/run:1/dialer:center/eavesCount:0/latencyMS:100/seq:5/fileSize:153600/nodeType:Passive/nodeTypeIndex:2/meta:dup_data_rcvd","measures":{"value":0}}
{"ts":1669476176250825479,"type":"point","name":"exType:baseline/permutationIndex:0/run:1/dialer:center/eavesCount:0/latencyMS:100/seq:5/fileSize:153600/nodeType:Passive/nodeTypeIndex:2/meta:blks_sent","measures":{"value":0}}
{"ts":1669476176250847193,"type":"point","name":"exType:baseline/permutationIndex:0/run:1/dialer:center/eavesCount:0/latencyMS:100/seq:5/fileSize:153600/nodeType:Passive/nodeTypeIndex:2/meta:blks_rcvd","measures":{"value":0}}
{"ts":1669476176250864045,"type":"point","name":"exType:baseline/permutationIndex:0/run:1/dialer:center/eavesCount:0/latencyMS:100/seq:5/fileSize:153600/nodeType:Passive/nodeTypeIndex:2/meta:dup_blks_rcvd","measures":{"value":0}}
{"ts":1669476179129335857,"type":"point","name":"exType:baseline/permutationIndex:0/run:2/dialer:center/eavesCount:0/latencyMS:100/seq:5/fileSize:153600/nodeType:Passive/nodeTypeIndex:2/meta:msgs_rcvd","measures":{"value":10}}
{"ts":1669476179129418020,"type":"point","name":"exType:baseline/permutationIndex:0/run:2/dialer:center/eavesCount:0/latencyMS:100/seq:5/fileSize:153600/nodeType:Passive/nodeTypeIndex:2/meta:data_sent","measures":{"value":0}}
{"ts":1669476179129442441,"type":"point","name":"exType:baseline/permutationIndex:0/run:2/dialer:center/eavesCount:0/latencyMS:100/seq:5/fileSize:153600/nodeType:Passive/nodeTypeIndex:2/meta:data_rcvd","measures":{"value":0}}
{"ts":1669476179129463372,"type":"point","name":"exType:baseline/permutationIndex:0/run:2/dialer:center/eavesCount:0/latencyMS:100/seq:5/fileSize:153600/nodeType:Passive/nodeTypeIndex:2/meta:dup_data_rcvd","measures":{"value":0}}
{"ts":1669476179129483676,"type":"point","name":"exType:baseline/permutationIndex:0/run:2/dialer:center/eavesCount:0/latencyMS:100/seq:5/fileSize:153600/nodeType:Passive/nodeTypeIndex:2/meta:blks_sent","measures":{"value":0}}
{"ts":1669476179129504386,"type":"point","name":"exType:baseline/permutationIndex:0/run:2/dialer:center/eavesCount:0/latencyMS:100/seq:5/fileSize:153600/nodeType:Passive/nodeTypeIndex:2/meta:blks_rcvd","measures":{"value":0}}
{"ts":1669476179129523267,"type":"point","name":"exType:baseline/permutationIndex:0/run:2/dialer:center/eavesCount:0/latencyMS:100/seq:5/fileSize:153600/nodeType:Passive/nodeTypeIndex:2/meta:dup_blks_rcvd","measures":{"value":0}}
{"ts":1669476182103669381,"type":"point","name":"exType:baseline/permutationIndex:0/run:3/dialer:center/eavesCount:0/latencyMS:100/seq:5/fileSize:153600/nodeType:Passive/nodeTypeIndex:2/meta:msgs_rcvd","measures":{"value":7}}
{"ts":1669476182103711015,"type":"point","name":"exType:baseline/permutationIndex:0/run:3/dialer:center/eavesCount:0/latencyMS:100/seq:5/fileSize:153600/nodeType:Passive/nodeTypeIndex:2/meta:data_sent","measures":{"value":0}}
{"ts":1669476182103723413,"type":"point","name":"exType:baseline/permutationIndex:0/run:3/dialer:center/eavesCount:0/latencyMS:100/seq:5/fileSize:153600/nodeType:Passive/nodeTypeIndex:2/meta:data_rcvd","measures":{"value":0}}
{"ts":1669476182103731456,"type":"point","name":"exType:baseline/permutationIndex:0/run:3/dialer:center/eavesCount:0/latencyMS:100/seq:5/fileSize:153600/nodeType:Passive/nodeTypeIndex:2/meta:dup_data_rcvd","measures":{"value":0}}
{"ts":1669476182103739013,"type":"point","name":"exType:baseline/permutationIndex:0/run:3/dialer:center/eavesCount:0/latencyMS:100/seq:5/fileSize:153600/nodeType:Passive/nodeTypeIndex:2/meta:blks_sent","measures":{"value":0}}
{"ts":1669476182103800356,"type":"point","name":"exType:baseline/permutationIndex:0/run:3/dialer:center/eavesCount:0/latencyMS:100/seq:5/fileSize:153600/nodeType:Passive/nodeTypeIndex:2/meta:blks_rcvd","measures":{"value":0}}
{"ts":1669476182103824202,"type":"point","name":"exType:baseline/permutationIndex:0/run:3/dialer:center/eavesCount:0/latencyMS:100/seq:5/fileSize:153600/nodeType:Passive/nodeTypeIndex:2/meta:dup_blks_rcvd","measures":{"value":0}}
{"ts":1669476185028109683,"type":"point","name":"exType:baseline/permutationIndex:0/run:4/dialer:center/eavesCount:0/latencyMS:100/seq:5/fileSize:153600/nodeType:Passive/nodeTypeIndex:2/meta:msgs_rcvd","measures":{"value":40}}
{"ts":1669476185028213435,"type":"point","name":"exType:baseline/permutationIndex:0/run:4/dialer:center/eavesCount:0/latencyMS:100/seq:5/fileSize:153600/nodeType:Passive/nodeTypeIndex:2/meta:data_sent","measures":{"value":0}}
{"ts":1669476185028242140,"type":"point","name":"exType:baseline/permutationIndex:0/run:4/dialer:center/eavesCount:0/latencyMS:100/seq:5/fileSize:153600/nodeType:Passive/nodeTypeIndex:2/meta:data_rcvd","measures":{"value":0}}
{"ts":1669476185028263560,"type":"point","name":"exType:baseline/permutationIndex:0/run:4/dialer:center/eavesCount:0/latencyMS:100/seq:5/fileSize:153600/nodeType:Passive/nodeTypeIndex:2/meta:dup_data_rcvd","measures":{"value":0}}
{"ts":1669476185028283840,"type":"point","name":"exType:baseline/permutationIndex:0/run:4/dialer:center/eavesCount:0/latencyMS:100/seq:5/fileSize:153600/nodeType:Passive/nodeTypeIndex:2/meta:blks_sent","measures":{"value":0}}
{"ts":1669476185028304472,"type":"point","name":"exType:baseline/permutationIndex:0/run:4/dialer:center/eavesCount:0/latencyMS:100/seq:5/fileSize:153600/nodeType:Passive/nodeTypeIndex:2/meta:blks_rcvd","measures":{"value":0}}
{"ts":1669476185028325475,"type":"point","name":"exType:baseline/permutationIndex:0/run:4/dialer:center/eavesCount:0/latencyMS:100/seq:5/fileSize:153600/nodeType:Passive/nodeTypeIndex:2/meta:dup_blks_rcvd","measures":{"value":0}}
{"ts":1669476187641538291,"type":"point","name":"exType:baseline/permutationIndex:0/run:5/dialer:center/eavesCount:0/latencyMS:100/seq:5/fileSize:153600/nodeType:Passive/nodeTypeIndex:2/meta:msgs_rcvd","measures":{"value":8}}
{"ts":1669476187641558067,"type":"point","name":"exType:baseline/permutationIndex:0/run:5/dialer:center/eavesCount:0/latencyMS:100/seq:5/fileSize:153600/nodeType:Passive/nodeTypeIndex:2/meta:data_sent","measures":{"value":0}}
{"ts":1669476187641563356,"type":"point","name":"exType:baseline/permutationIndex:0/run:5/dialer:center/eavesCount:0/latencyMS:100/seq:5/fileSize:153600/nodeType:Passive/nodeTypeIndex:2/meta:data_rcvd","measures":{"value":0}}
{"ts":1669476187641565825,"type":"point","name":"exType:baseline/permutationIndex:0/run:5/dialer:center/eavesCount:0/latencyMS:100/seq:5/fileSize:153600/nodeType:Passive/nodeTypeIndex:2/meta:dup_data_rcvd","measures":{"value":0}}
{"ts":1669476187641585056,"type":"point","name":"exType:baseline/permutationIndex:0/run:5/dialer:center/eavesCount:0/latencyMS:100/seq:5/fileSize:153600/nodeType:Passive/nodeTypeIndex:2/meta:blks_sent","measures":{"value":0}}
{"ts":1669476187641588194,"type":"point","name":"exType:baseline/permutationIndex:0/run:5/dialer:center/eavesCount:0/latencyMS:100/seq:5/fileSize:153600/nodeType:Passive/nodeTypeIndex:2/meta:blks_rcvd","measures":{"value":0}}
{"ts":1669476187641591470,"type":"point","name":"exType:baseline/permutationIndex:0/run:5/dialer:center/eavesCount:0/latencyMS:100/seq:5/fileSize:153600/nodeType:Passive/nodeTypeIndex:2/meta:dup_blks_rcvd","measures":{"value":0}}
{"ts":1669476190233170909,"type":"point","name":"exType:baseline/permutationIndex:0/run:6/dialer:center/eavesCount:0/latencyMS:100/seq:5/fileSize:153600/nodeType:Passive/nodeTypeIndex:2/meta:msgs_rcvd","measures":{"value":4}}
{"ts":1669476190233286074,"type":"point","name":"exType:baseline/permutationIndex:0/run:6/dialer:center/eavesCount:0/latencyMS:100/seq:5/fileSize:153600/nodeType:Passive/nodeTypeIndex:2/meta:data_sent","measures":{"value":0}}
{"ts":1669476190233367507,"type":"point","name":"exType:baseline/permutationIndex:0/run:6/dialer:center/eavesCount:0/latencyMS:100/seq:5/fileSize:153600/nodeType:Passive/nodeTypeIndex:2/meta:data_rcvd","measures":{"value":0}}
{"ts":1669476190233388191,"type":"point","name":"exType:baseline/permutationIndex:0/run:6/dialer:center/eavesCount:0/latencyMS:100/seq:5/fileSize:153600/nodeType:Passive/nodeTypeIndex:2/meta:dup_data_rcvd","measures":{"value":0}}
{"ts":1669476190233408478,"type":"point","name":"exType:baseline/permutationIndex:0/run:6/dialer:center/eavesCount:0/latencyMS:100/seq:5/fileSize:153600/nodeType:Passive/nodeTypeIndex:2/meta:blks_sent","measures":{"value":0}}
{"ts":1669476190233428667,"type":"point","name":"exType:baseline/permutationIndex:0/run:6/dialer:center/eavesCount:0/latencyMS:100/seq:5/fileSize:153600/nodeType:Passive/nodeTypeIndex:2/meta:blks_rcvd","measures":{"value":0}}
{"ts":1669476190233448724,"type":"point","name":"exType:baseline/permutationIndex:0/run:6/dialer:center/eavesCount:0/latencyMS:100/seq:5/fileSize:153600/nodeType:Passive/nodeTypeIndex:2/meta:dup_blks_rcvd","measures":{"value":0}}
{"ts":1669476193149006308,"type":"point","name":"exType:baseline/permutationIndex:0/run:7/dialer:center/eavesCount:0/latencyMS:100/seq:5/fileSize:153600/nodeType:Passive/nodeTypeIndex:2/meta:msgs_rcvd","measures":{"value":11}}
{"ts":1669476193149027421,"type":"point","name":"exType:baseline/permutationIndex:0/run:7/dialer:center/eavesCount:0/latencyMS:100/seq:5/fileSize:153600/nodeType:Passive/nodeTypeIndex:2/meta:data_sent","measures":{"value":0}}
{"ts":1669476193149032005,"type":"point","name":"exType:baseline/permutationIndex:0/run:7/dialer:center/eavesCount:0/latencyMS:100/seq:5/fileSize:153600/nodeType:Passive/nodeTypeIndex:2/meta:data_rcvd","measures":{"value":0}}
{"ts":1669476193149035023,"type":"point","name":"exType:baseline/permutationIndex:0/run:7/dialer:center/eavesCount:0/latencyMS:100/seq:5/fileSize:153600/nodeType:Passive/nodeTypeIndex:2/meta:dup_data_rcvd","measures":{"value":0}}
{"ts":1669476193149038837,"type":"point","name":"exType:baseline/permutationIndex:0/run:7/dialer:center/eavesCount:0/latencyMS:100/seq:5/fileSize:153600/nodeType:Passive/nodeTypeIndex:2/meta:blks_sent","measures":{"value":0}}
{"ts":1669476193149041721,"type":"point","name":"exType:baseline/permutationIndex:0/run:7/dialer:center/eavesCount:0/latencyMS:100/seq:5/fileSize:153600/nodeType:Passive/nodeTypeIndex:2/meta:blks_rcvd","measures":{"value":0}}
{"ts":1669476193149044406,"type":"point","name":"exType:baseline/permutationIndex:0/run:7/dialer:center/eavesCount:0/latencyMS:100/seq:5/fileSize:153600/nodeType:Passive/nodeTypeIndex:2/meta:dup_blks_rcvd","measures":{"value":0}}
{"ts":1669476196485572756,"type":"point","name":"exType:baseline/permutationIndex:0/run:8/dialer:center/eavesCount:0/latencyMS:100/seq:5/fileSize:153600/nodeType:Passive/nodeTypeIndex:2/meta:msgs_rcvd","measures":{"value":26}}
{"ts":1669476196485600263,"type":"point","name":"exType:baseline/permutationIndex:0/run:8/dialer:center/eavesCount:0/latencyMS:100/seq:5/fileSize:153600/nodeType:Passive/nodeTypeIndex:2/meta:data_sent","measures":{"value":0}}
{"ts":1669476196485606041,"type":"point","name":"exType:baseline/permutationIndex:0/run:8/dialer:center/eavesCount:0/latencyMS:100/seq:5/fileSize:153600/nodeType:Passive/nodeTypeIndex:2/meta:data_rcvd","measures":{"value":0}}
{"ts":1669476196485609560,"type":"point","name":"exType:baseline/permutationIndex:0/run:8/dialer:center/eavesCount:0/latencyMS:100/seq:5/fileSize:153600/nodeType:Passive/nodeTypeIndex:2/meta:dup_data_rcvd","measures":{"value":0}}
{"ts":1669476196485612977,"type":"point","name":"exType:baseline/permutationIndex:0/run:8/dialer:center/eavesCount:0/latencyMS:100/seq:5/fileSize:153600/nodeType:Passive/nodeTypeIndex:2/meta:blks_sent","measures":{"value":0}}
{"ts":1669476196485616196,"type":"point","name":"exType:baseline/permutationIndex:0/run:8/dialer:center/eavesCount:0/latencyMS:100/seq:5/fileSize:153600/nodeType:Passive/nodeTypeIndex:2/meta:blks_rcvd","measures":{"value":0}}
{"ts":1669476196485627609,"type":"point","name":"exType:baseline/permutationIndex:0/run:8/dialer:center/eavesCount:0/latencyMS:100/seq:5/fileSize:153600/nodeType:Passive/nodeTypeIndex:2/meta:dup_blks_rcvd","measures":{"value":0}}
{"ts":1669476199599372395,"type":"point","name":"exType:baseline/permutationIndex:0/run:9/dialer:center/eavesCount:0/latencyMS:100/seq:5/fileSize:153600/nodeType:Passive/nodeTypeIndex:2/meta:msgs_rcvd","measures":{"value":6}}
{"ts":1669476199599397061,"type":"point","name":"exType:baseline/permutationIndex:0/run:9/dialer:center/eavesCount:0/latencyMS:100/seq:5/fileSize:153600/nodeType:Passive/nodeTypeIndex:2/meta:data_sent","measures":{"value":0}}
{"ts":1669476199599399657,"type":"point","name":"exType:baseline/permutationIndex:0/run:9/dialer:center/eavesCount:0/latencyMS:100/seq:5/fileSize:153600/nodeType:Passive/nodeTypeIndex:2/meta:data_rcvd","measures":{"value":0}}
{"ts":1669476199599401470,"type":"point","name":"exType:baseline/permutationIndex:0/run:9/dialer:center/eavesCount:0/latencyMS:100/seq:5/fileSize:153600/nodeType:Passive/nodeTypeIndex:2/meta:dup_data_rcvd","measures":{"value":0}}
{"ts":1669476199599403146,"type":"point","name":"exType:baseline/permutationIndex:0/run:9/dialer:center/eavesCount:0/latencyMS:100/seq:5/fileSize:153600/nodeType:Passive/nodeTypeIndex:2/meta:blks_sent","measures":{"value":0}}
{"ts":1669476199599404766,"type":"point","name":"exType:baseline/permutationIndex:0/run:9/dialer:center/eavesCount:0/latencyMS:100/seq:5/fileSize:153600/nodeType:Passive/nodeTypeIndex:2/meta:blks_rcvd","measures":{"value":0}}
{"ts":1669476199599406328,"type":"point","name":"exType:baseline/permutationIndex:0/run:9/dialer:center/eavesCount:0/latencyMS:100/seq:5/fileSize:153600/nodeType:Passive/nodeTypeIndex:2/meta:dup_blks_rcvd","measures":{"value":0}}
{"ts":1669476202936177681,"type":"point","name":"exType:baseline/permutationIndex:0/run:10/dialer:center/eavesCount:0/latencyMS:100/seq:5/fileSize:153600/nodeType:Passive/nodeTypeIndex:2/meta:msgs_rcvd","measures":{"value":3}}
{"ts":1669476202936217239,"type":"point","name":"exType:baseline/permutationIndex:0/run:10/dialer:center/eavesCount:0/latencyMS:100/seq:5/fileSize:153600/nodeType:Passive/nodeTypeIndex:2/meta:data_sent","measures":{"value":0}}
{"ts":1669476202936227594,"type":"point","name":"exType:baseline/permutationIndex:0/run:10/dialer:center/eavesCount:0/latencyMS:100/seq:5/fileSize:153600/nodeType:Passive/nodeTypeIndex:2/meta:data_rcvd","measures":{"value":0}}
{"ts":1669476202936233098,"type":"point","name":"exType:baseline/permutationIndex:0/run:10/dialer:center/eavesCount:0/latencyMS:100/seq:5/fileSize:153600/nodeType:Passive/nodeTypeIndex:2/meta:dup_data_rcvd","measures":{"value":0}}
{"ts":1669476202936238318,"type":"point","name":"exType:baseline/permutationIndex:0/run:10/dialer:center/eavesCount:0/latencyMS:100/seq:5/fileSize:153600/nodeType:Passive/nodeTypeIndex:2/meta:blks_sent","measures":{"value":0}}
{"ts":1669476202936243482,"type":"point","name":"exType:baseline/permutationIndex:0/run:10/dialer:center/eavesCount:0/latencyMS:100/seq:5/fileSize:153600/nodeType:Passive/nodeTypeIndex:2/meta:blks_rcvd","measures":{"value":0}}
{"ts":1669476202936248898,"type":"point","name":"exType:baseline/permutationIndex:0/run:10/dialer:center/eavesCount:0/latencyMS:100/seq:5/fileSize:153600/nodeType:Passive/nodeTypeIndex:2/meta:dup_blks_rcvd","measures":{"value":0}}
{"ts":1669476205859549320,"type":"point","name":"exType:baseline/permutationIndex:0/run:11/dialer:center/eavesCount:0/latencyMS:100/seq:5/fileSize:153600/nodeType:Passive/nodeTypeIndex:2/meta:msgs_rcvd","measures":{"value":20}}
{"ts":1669476205859573554,"type":"point","name":"exType:baseline/permutationIndex:0/run:11/dialer:center/eavesCount:0/latencyMS:100/seq:5/fileSize:153600/nodeType:Passive/nodeTypeIndex:2/meta:data_sent","measures":{"value":0}}
{"ts":1669476205859577564,"type":"point","name":"exType:baseline/permutationIndex:0/run:11/dialer:center/eavesCount:0/latencyMS:100/seq:5/fileSize:153600/nodeType:Passive/nodeTypeIndex:2/meta:data_rcvd","measures":{"value":0}}
{"ts":1669476205859617792,"type":"point","name":"exType:baseline/permutationIndex:0/run:11/dialer:center/eavesCount:0/latencyMS:100/seq:5/fileSize:153600/nodeType:Passive/nodeTypeIndex:2/meta:dup_data_rcvd","measures":{"value":0}}
{"ts":1669476205859654934,"type":"point","name":"exType:baseline/permutationIndex:0/run:11/dialer:center/eavesCount:0/latencyMS:100/seq:5/fileSize:153600/nodeType:Passive/nodeTypeIndex:2/meta:blks_sent","measures":{"value":0}}
{"ts":1669476205859666656,"type":"point","name":"exType:baseline/permutationIndex:0/run:11/dialer:center/eavesCount:0/latencyMS:100/seq:5/fileSize:153600/nodeType:Passive/nodeTypeIndex:2/meta:blks_rcvd","measures":{"value":0}}
{"ts":1669476205859674781,"type":"point","name":"exType:baseline/permutationIndex:0/run:11/dialer:center/eavesCount:0/latencyMS:100/seq:5/fileSize:153600/nodeType:Passive/nodeTypeIndex:2/meta:dup_blks_rcvd","measures":{"value":0}}
{"ts":1669476208447967467,"type":"point","name":"exType:baseline/permutationIndex:0/run:12/dialer:center/eavesCount:0/latencyMS:100/seq:5/fileSize:153600/nodeType:Passive/nodeTypeIndex:2/meta:msgs_rcvd","measures":{"value":2}}
{"ts":1669476208447989272,"type":"point","name":"exType:baseline/permutationIndex:0/run:12/dialer:center/eavesCount:0/latencyMS:100/seq:5/fileSize:153600/nodeType:Passive/nodeTypeIndex:2/meta:data_sent","measures":{"value":0}}
{"ts":1669476208447993496,"type":"point","name":"exType:baseline/permutationIndex:0/run:12/dialer:center/eavesCount:0/latencyMS:100/seq:5/fileSize:153600/nodeType:Passive/nodeTypeIndex:2/meta:data_rcvd","measures":{"value":0}}
{"ts":1669476208447996352,"type":"point","name":"exType:baseline/permutationIndex:0/run:12/dialer:center/eavesCount:0/latencyMS:100/seq:5/fileSize:153600/nodeType:Passive/nodeTypeIndex:2/meta:dup_data_rcvd","measures":{"value":0}}
{"ts":1669476208447999540,"type":"point","name":"exType:baseline/permutationIndex:0/run:12/dialer:center/eavesCount:0/latencyMS:100/seq:5/fileSize:153600/nodeType:Passive/nodeTypeIndex:2/meta:blks_sent","measures":{"value":0}}
{"ts":1669476208448017803,"type":"point","name":"exType:baseline/permutationIndex:0/run:12/dialer:center/eavesCount:0/latencyMS:100/seq:5/fileSize:153600/nodeType:Passive/nodeTypeIndex:2/meta:blks_rcvd","measures":{"value":0}}
{"ts":1669476208448020654,"type":"point","name":"exType:baseline/permutationIndex:0/run:12/dialer:center/eavesCount:0/latencyMS:100/seq:5/fileSize:153600/nodeType:Passive/nodeTypeIndex:2/meta:dup_blks_rcvd","measures":{"value":0}}
{"ts":1669476211192946005,"type":"point","name":"exType:baseline/permutationIndex:0/run:13/dialer:center/eavesCount:0/latencyMS:100/seq:5/fileSize:153600/nodeType:Passive/nodeTypeIndex:2/meta:msgs_rcvd","measures":{"value":7}}
{"ts":1669476211193079879,"type":"point","name":"exType:baseline/permutationIndex:0/run:13/dialer:center/eavesCount:0/latencyMS:100/seq:5/fileSize:153600/nodeType:Passive/nodeTypeIndex:2/meta:data_sent","measures":{"value":0}}
{"ts":1669476211193111950,"type":"point","name":"exType:baseline/permutationIndex:0/run:13/dialer:center/eavesCount:0/latencyMS:100/seq:5/fileSize:153600/nodeType:Passive/nodeTypeIndex:2/meta:data_rcvd","measures":{"value":0}}
{"ts":1669476211193132827,"type":"point","name":"exType:baseline/permutationIndex:0/run:13/dialer:center/eavesCount:0/latencyMS:100/seq:5/fileSize:153600/nodeType:Passive/nodeTypeIndex:2/meta:dup_data_rcvd","measures":{"value":0}}
{"ts":1669476211193153845,"type":"point","name":"exType:baseline/permutationIndex:0/run:13/dialer:center/eavesCount:0/latencyMS:100/seq:5/fileSize:153600/nodeType:Passive/nodeTypeIndex:2/meta:blks_sent","measures":{"value":0}}
{"ts":1669476211193172771,"type":"point","name":"exType:baseline/permutationIndex:0/run:13/dialer:center/eavesCount:0/latencyMS:100/seq:5/fileSize:153600/nodeType:Passive/nodeTypeIndex:2/meta:blks_rcvd","measures":{"value":0}}
{"ts":1669476211193194399,"type":"point","name":"exType:baseline/permutationIndex:0/run:13/dialer:center/eavesCount:0/latencyMS:100/seq:5/fileSize:153600/nodeType:Passive/nodeTypeIndex:2/meta:dup_blks_rcvd","measures":{"value":0}}
{"ts":1669476214045610289,"type":"point","name":"exType:baseline/permutationIndex:0/run:14/dialer:center/eavesCount:0/latencyMS:100/seq:5/fileSize:153600/nodeType:Passive/nodeTypeIndex:2/meta:msgs_rcvd","measures":{"value":7}}
{"ts":1669476214045715022,"type":"point","name":"exType:baseline/permutationIndex:0/run:14/dialer:center/eavesCount:0/latencyMS:100/seq:5/fileSize:153600/nodeType:Passive/nodeTypeIndex:2/meta:data_sent","measures":{"value":0}}
{"ts":1669476214045744945,"type":"point","name":"exType:baseline/permutationIndex:0/run:14/dialer:center/eavesCount:0/latencyMS:100/seq:5/fileSize:153600/nodeType:Passive/nodeTypeIndex:2/meta:data_rcvd","measures":{"value":0}}
{"ts":1669476214045760322,"type":"point","name":"exType:baseline/permutationIndex:0/run:14/dialer:center/eavesCount:0/latencyMS:100/seq:5/fileSize:153600/nodeType:Passive/nodeTypeIndex:2/meta:dup_data_rcvd","measures":{"value":0}}
{"ts":1669476214045778250,"type":"point","name":"exType:baseline/permutationIndex:0/run:14/dialer:center/eavesCount:0/latencyMS:100/seq:5/fileSize:153600/nodeType:Passive/nodeTypeIndex:2/meta:blks_sent","measures":{"value":0}}
{"ts":1669476214045798396,"type":"point","name":"exType:baseline/permutationIndex:0/run:14/dialer:center/eavesCount:0/latencyMS:100/seq:5/fileSize:153600/nodeType:Passive/nodeTypeIndex:2/meta:blks_rcvd","measures":{"value":0}}
{"ts":1669476214045820391,"type":"point","name":"exType:baseline/permutationIndex:0/run:14/dialer:center/eavesCount:0/latencyMS:100/seq:5/fileSize:153600/nodeType:Passive/nodeTypeIndex:2/meta:dup_blks_rcvd","measures":{"value":0}}
{"ts":1669476217364357444,"type":"point","name":"exType:baseline/permutationIndex:0/run:15/dialer:center/eavesCount:0/latencyMS:100/seq:5/fileSize:153600/nodeType:Passive/nodeTypeIndex:2/meta:msgs_rcvd","measures":{"value":2}}
{"ts":1669476217364375589,"type":"point","name":"exType:baseline/permutationIndex:0/run:15/dialer:center/eavesCount:0/latencyMS:100/seq:5/fileSize:153600/nodeType:Passive/nodeTypeIndex:2/meta:data_sent","measures":{"value":0}}
{"ts":1669476217364378829,"type":"point","name":"exType:baseline/permutationIndex:0/run:15/dialer:center/eavesCount:0/latencyMS:100/seq:5/fileSize:153600/nodeType:Passive/nodeTypeIndex:2/meta:data_rcvd","measures":{"value":0}}
{"ts":1669476217364381166,"type":"point","name":"exType:baseline/permutationIndex:0/run:15/dialer:center/eavesCount:0/latencyMS:100/seq:5/fileSize:153600/nodeType:Passive/nodeTypeIndex:2/meta:dup_data_rcvd","measures":{"value":0}}
{"ts":1669476217364383688,"type":"point","name":"exType:baseline/permutationIndex:0/run:15/dialer:center/eavesCount:0/latencyMS:100/seq:5/fileSize:153600/nodeType:Passive/nodeTypeIndex:2/meta:blks_sent","measures":{"value":0}}
{"ts":1669476217364386158,"type":"point","name":"exType:baseline/permutationIndex:0/run:15/dialer:center/eavesCount:0/latencyMS:100/seq:5/fileSize:153600/nodeType:Passive/nodeTypeIndex:2/meta:blks_rcvd","measures":{"value":0}}
{"ts":1669476217364388632,"type":"point","name":"exType:baseline/permutationIndex:0/run:15/dialer:center/eavesCount:0/latencyMS:100/seq:5/fileSize:153600/nodeType:Passive/nodeTypeIndex:2/meta:dup_blks_rcvd","measures":{"value":0}}
{"ts":1669476220872716574,"type":"point","name":"exType:baseline/permutationIndex:0/run:16/dialer:center/eavesCount:0/latencyMS:100/seq:5/fileSize:153600/nodeType:Passive/nodeTypeIndex:2/meta:msgs_rcvd","measures":{"value":14}}
{"ts":1669476220872801530,"type":"point","name":"exType:baseline/permutationIndex:0/run:16/dialer:center/eavesCount:0/latencyMS:100/seq:5/fileSize:153600/nodeType:Passive/nodeTypeIndex:2/meta:data_sent","measures":{"value":0}}
{"ts":1669476220872823952,"type":"point","name":"exType:baseline/permutationIndex:0/run:16/dialer:center/eavesCount:0/latencyMS:100/seq:5/fileSize:153600/nodeType:Passive/nodeTypeIndex:2/meta:data_rcvd","measures":{"value":0}}
{"ts":1669476220872861553,"type":"point","name":"exType:baseline/permutationIndex:0/run:16/dialer:center/eavesCount:0/latencyMS:100/seq:5/fileSize:153600/nodeType:Passive/nodeTypeIndex:2/meta:dup_data_rcvd","measures":{"value":0}}
{"ts":1669476220872876698,"type":"point","name":"exType:baseline/permutationIndex:0/run:16/dialer:center/eavesCount:0/latencyMS:100/seq:5/fileSize:153600/nodeType:Passive/nodeTypeIndex:2/meta:blks_sent","measures":{"value":0}}
{"ts":1669476220872890274,"type":"point","name":"exType:baseline/permutationIndex:0/run:16/dialer:center/eavesCount:0/latencyMS:100/seq:5/fileSize:153600/nodeType:Passive/nodeTypeIndex:2/meta:blks_rcvd","measures":{"value":0}}
{"ts":1669476220872903668,"type":"point","name":"exType:baseline/permutationIndex:0/run:16/dialer:center/eavesCount:0/latencyMS:100/seq:5/fileSize:153600/nodeType:Passive/nodeTypeIndex:2/meta:dup_blks_rcvd","measures":{"value":0}}
{"ts":1669476224236497661,"type":"point","name":"exType:baseline/permutationIndex:0/run:17/dialer:center/eavesCount:0/latencyMS:100/seq:5/fileSize:153600/nodeType:Passive/nodeTypeIndex:2/meta:msgs_rcvd","measures":{"value":8}}
{"ts":1669476224236584040,"type":"point","name":"exType:baseline/permutationIndex:0/run:17/dialer:center/eavesCount:0/latencyMS:100/seq:5/fileSize:153600/nodeType:Passive/nodeTypeIndex:2/meta:data_sent","measures":{"value":0}}
{"ts":1669476224236610755,"type":"point","name":"exType:baseline/permutationIndex:0/run:17/dialer:center/eavesCount:0/latencyMS:100/seq:5/fileSize:153600/nodeType:Passive/nodeTypeIndex:2/meta:data_rcvd","measures":{"value":0}}
{"ts":1669476224236631472,"type":"point","name":"exType:baseline/permutationIndex:0/run:17/dialer:center/eavesCount:0/latencyMS:100/seq:5/fileSize:153600/nodeType:Passive/nodeTypeIndex:2/meta:dup_data_rcvd","measures":{"value":0}}
{"ts":1669476224236650313,"type":"point","name":"exType:baseline/permutationIndex:0/run:17/dialer:center/eavesCount:0/latencyMS:100/seq:5/fileSize:153600/nodeType:Passive/nodeTypeIndex:2/meta:blks_sent","measures":{"value":0}}
{"ts":1669476224236669408,"type":"point","name":"exType:baseline/permutationIndex:0/run:17/dialer:center/eavesCount:0/latencyMS:100/seq:5/fileSize:153600/nodeType:Passive/nodeTypeIndex:2/meta:blks_rcvd","measures":{"value":0}}
{"ts":1669476224236688606,"type":"point","name":"exType:baseline/permutationIndex:0/run:17/dialer:center/eavesCount:0/latencyMS:100/seq:5/fileSize:153600/nodeType:Passive/nodeTypeIndex:2/meta:dup_blks_rcvd","measures":{"value":0}}
{"ts":1669476227155801017,"type":"point","name":"exType:baseline/permutationIndex:0/run:18/dialer:center/eavesCount:0/latencyMS:100/seq:5/fileSize:153600/nodeType:Passive/nodeTypeIndex:2/meta:msgs_rcvd","measures":{"value":13}}
{"ts":1669476227155843552,"type":"point","name":"exType:baseline/permutationIndex:0/run:18/dialer:center/eavesCount:0/latencyMS:100/seq:5/fileSize:153600/nodeType:Passive/nodeTypeIndex:2/meta:data_sent","measures":{"value":0}}
{"ts":1669476227155853425,"type":"point","name":"exType:baseline/permutationIndex:0/run:18/dialer:center/eavesCount:0/latencyMS:100/seq:5/fileSize:153600/nodeType:Passive/nodeTypeIndex:2/meta:data_rcvd","measures":{"value":0}}
{"ts":1669476227155860672,"type":"point","name":"exType:baseline/permutationIndex:0/run:18/dialer:center/eavesCount:0/latencyMS:100/seq:5/fileSize:153600/nodeType:Passive/nodeTypeIndex:2/meta:dup_data_rcvd","measures":{"value":0}}
{"ts":1669476227155868032,"type":"point","name":"exType:baseline/permutationIndex:0/run:18/dialer:center/eavesCount:0/latencyMS:100/seq:5/fileSize:153600/nodeType:Passive/nodeTypeIndex:2/meta:blks_sent","measures":{"value":0}}
{"ts":1669476227155875111,"type":"point","name":"exType:baseline/permutationIndex:0/run:18/dialer:center/eavesCount:0/latencyMS:100/seq:5/fileSize:153600/nodeType:Passive/nodeTypeIndex:2/meta:blks_rcvd","measures":{"value":0}}
{"ts":1669476227155882720,"type":"point","name":"exType:baseline/permutationIndex:0/run:18/dialer:center/eavesCount:0/latencyMS:100/seq:5/fileSize:153600/nodeType:Passive/nodeTypeIndex:2/meta:dup_blks_rcvd","measures":{"value":0}}
{"ts":1669476232065929848,"type":"point","name":"exType:baseline/permutationIndex:0/run:19/dialer:center/eavesCount:0/latencyMS:100/seq:5/fileSize:153600/nodeType:Passive/nodeTypeIndex:2/meta:msgs_rcvd","measures":{"value":5}}
{"ts":1669476232065948122,"type":"point","name":"exType:baseline/permutationIndex:0/run:19/dialer:center/eavesCount:0/latencyMS:100/seq:5/fileSize:153600/nodeType:Passive/nodeTypeIndex:2/meta:data_sent","measures":{"value":0}}
{"ts":1669476232065952627,"type":"point","name":"exType:baseline/permutationIndex:0/run:19/dialer:center/eavesCount:0/latencyMS:100/seq:5/fileSize:153600/nodeType:Passive/nodeTypeIndex:2/meta:data_rcvd","measures":{"value":0}}
{"ts":1669476232065955360,"type":"point","name":"exType:baseline/permutationIndex:0/run:19/dialer:center/eavesCount:0/latencyMS:100/seq:5/fileSize:153600/nodeType:Passive/nodeTypeIndex:2/meta:dup_data_rcvd","measures":{"value":0}}
{"ts":1669476232065958089,"type":"point","name":"exType:baseline/permutationIndex:0/run:19/dialer:center/eavesCount:0/latencyMS:100/seq:5/fileSize:153600/nodeType:Passive/nodeTypeIndex:2/meta:blks_sent","measures":{"value":0}}
{"ts":1669476232065960396,"type":"point","name":"exType:baseline/permutationIndex:0/run:19/dialer:center/eavesCount:0/latencyMS:100/seq:5/fileSize:153600/nodeType:Passive/nodeTypeIndex:2/meta:blks_rcvd","measures":{"value":0}}
{"ts":1669476232065962691,"type":"point","name":"exType:baseline/permutationIndex:0/run:19/dialer:center/eavesCount:0/latencyMS:100/seq:5/fileSize:153600/nodeType:Passive/nodeTypeIndex:2/meta:dup_blks_rcvd","measures":{"value":0}}
{"ts":1669476235879006261,"type":"point","name":"exType:baseline/permutationIndex:0/run:20/dialer:center/eavesCount:0/latencyMS:100/seq:5/fileSize:153600/nodeType:Passive/nodeTypeIndex:2/meta:msgs_rcvd","measures":{"value":4}}
{"ts":1669476235879123115,"type":"point","name":"exType:baseline/permutationIndex:0/run:20/dialer:center/eavesCount:0/latencyMS:100/seq:5/fileSize:153600/nodeType:Passive/nodeTypeIndex:2/meta:data_sent","measures":{"value":0}}
{"ts":1669476235879155025,"type":"point","name":"exType:baseline/permutationIndex:0/run:20/dialer:center/eavesCount:0/latencyMS:100/seq:5/fileSize:153600/nodeType:Passive/nodeTypeIndex:2/meta:data_rcvd","measures":{"value":0}}
{"ts":1669476235879176134,"type":"point","name":"exType:baseline/permutationIndex:0/run:20/dialer:center/eavesCount:0/latencyMS:100/seq:5/fileSize:153600/nodeType:Passive/nodeTypeIndex:2/meta:dup_data_rcvd","measures":{"value":0}}
{"ts":1669476235879195442,"type":"point","name":"exType:baseline/permutationIndex:0/run:20/dialer:center/eavesCount:0/latencyMS:100/seq:5/fileSize:153600/nodeType:Passive/nodeTypeIndex:2/meta:blks_sent","measures":{"value":0}}
{"ts":1669476235879215408,"type":"point","name":"exType:baseline/permutationIndex:0/run:20/dialer:center/eavesCount:0/latencyMS:100/seq:5/fileSize:153600/nodeType:Passive/nodeTypeIndex:2/meta:blks_rcvd","measures":{"value":0}}
{"ts":1669476235879236469,"type":"point","name":"exType:baseline/permutationIndex:0/run:20/dialer:center/eavesCount:0/latencyMS:100/seq:5/fileSize:153600/nodeType:Passive/nodeTypeIndex:2/meta:dup_blks_rcvd","measures":{"value":0}}
{"ts":1669476238763245789,"type":"point","name":"exType:baseline/permutationIndex:0/run:21/dialer:center/eavesCount:0/latencyMS:100/seq:5/fileSize:153600/nodeType:Passive/nodeTypeIndex:2/meta:msgs_rcvd","measures":{"value":5}}
{"ts":1669476238763272759,"type":"point","name":"exType:baseline/permutationIndex:0/run:21/dialer:center/eavesCount:0/latencyMS:100/seq:5/fileSize:153600/nodeType:Passive/nodeTypeIndex:2/meta:data_sent","measures":{"value":0}}
{"ts":1669476238763276432,"type":"point","name":"exType:baseline/permutationIndex:0/run:21/dialer:center/eavesCount:0/latencyMS:100/seq:5/fileSize:153600/nodeType:Passive/nodeTypeIndex:2/meta:data_rcvd","measures":{"value":0}}
{"ts":1669476238763278629,"type":"point","name":"exType:baseline/permutationIndex:0/run:21/dialer:center/eavesCount:0/latencyMS:100/seq:5/fileSize:153600/nodeType:Passive/nodeTypeIndex:2/meta:dup_data_rcvd","measures":{"value":0}}
{"ts":1669476238763287346,"type":"point","name":"exType:baseline/permutationIndex:0/run:21/dialer:center/eavesCount:0/latencyMS:100/seq:5/fileSize:153600/nodeType:Passive/nodeTypeIndex:2/meta:blks_sent","measures":{"value":0}}
{"ts":1669476238763289870,"type":"point","name":"exType:baseline/permutationIndex:0/run:21/dialer:center/eavesCount:0/latencyMS:100/seq:5/fileSize:153600/nodeType:Passive/nodeTypeIndex:2/meta:blks_rcvd","measures":{"value":0}}
{"ts":1669476238763292338,"type":"point","name":"exType:baseline/permutationIndex:0/run:21/dialer:center/eavesCount:0/latencyMS:100/seq:5/fileSize:153600/nodeType:Passive/nodeTypeIndex:2/meta:dup_blks_rcvd","measures":{"value":0}}
{"ts":1669476241670615048,"type":"point","name":"exType:baseline/permutationIndex:0/run:22/dialer:center/eavesCount:0/latencyMS:100/seq:5/fileSize:153600/nodeType:Passive/nodeTypeIndex:2/meta:msgs_rcvd","measures":{"value":5}}
{"ts":1669476241670758061,"type":"point","name":"exType:baseline/permutationIndex:0/run:22/dialer:center/eavesCount:0/latencyMS:100/seq:5/fileSize:153600/nodeType:Passive/nodeTypeIndex:2/meta:data_sent","measures":{"value":0}}
{"ts":1669476241670784124,"type":"point","name":"exType:baseline/permutationIndex:0/run:22/dialer:center/eavesCount:0/latencyMS:100/seq:5/fileSize:153600/nodeType:Passive/nodeTypeIndex:2/meta:data_rcvd","measures":{"value":0}}
{"ts":1669476241670802410,"type":"point","name":"exType:baseline/permutationIndex:0/run:22/dialer:center/eavesCount:0/latencyMS:100/seq:5/fileSize:153600/nodeType:Passive/nodeTypeIndex:2/meta:dup_data_rcvd","measures":{"value":0}}
{"ts":1669476241670820979,"type":"point","name":"exType:baseline/permutationIndex:0/run:22/dialer:center/eavesCount:0/latencyMS:100/seq:5/fileSize:153600/nodeType:Passive/nodeTypeIndex:2/meta:blks_sent","measures":{"value":0}}
{"ts":1669476241670838462,"type":"point","name":"exType:baseline/permutationIndex:0/run:22/dialer:center/eavesCount:0/latencyMS:100/seq:5/fileSize:153600/nodeType:Passive/nodeTypeIndex:2/meta:blks_rcvd","measures":{"value":0}}
{"ts":1669476241670855370,"type":"point","name":"exType:baseline/permutationIndex:0/run:22/dialer:center/eavesCount:0/latencyMS:100/seq:5/fileSize:153600/nodeType:Passive/nodeTypeIndex:2/meta:dup_blks_rcvd","measures":{"value":0}}
{"ts":1669476244381416950,"type":"point","name":"exType:baseline/permutationIndex:0/run:23/dialer:center/eavesCount:0/latencyMS:100/seq:5/fileSize:153600/nodeType:Passive/nodeTypeIndex:2/meta:msgs_rcvd","measures":{"value":5}}
{"ts":1669476244381498620,"type":"point","name":"exType:baseline/permutationIndex:0/run:23/dialer:center/eavesCount:0/latencyMS:100/seq:5/fileSize:153600/nodeType:Passive/nodeTypeIndex:2/meta:data_sent","measures":{"value":0}}
{"ts":1669476244381527657,"type":"point","name":"exType:baseline/permutationIndex:0/run:23/dialer:center/eavesCount:0/latencyMS:100/seq:5/fileSize:153600/nodeType:Passive/nodeTypeIndex:2/meta:data_rcvd","measures":{"value":0}}
{"ts":1669476244381548917,"type":"point","name":"exType:baseline/permutationIndex:0/run:23/dialer:center/eavesCount:0/latencyMS:100/seq:5/fileSize:153600/nodeType:Passive/nodeTypeIndex:2/meta:dup_data_rcvd","measures":{"value":0}}
{"ts":1669476244381568005,"type":"point","name":"exType:baseline/permutationIndex:0/run:23/dialer:center/eavesCount:0/latencyMS:100/seq:5/fileSize:153600/nodeType:Passive/nodeTypeIndex:2/meta:blks_sent","measures":{"value":0}}
{"ts":1669476244381586469,"type":"point","name":"exType:baseline/permutationIndex:0/run:23/dialer:center/eavesCount:0/latencyMS:100/seq:5/fileSize:153600/nodeType:Passive/nodeTypeIndex:2/meta:blks_rcvd","measures":{"value":0}}
{"ts":1669476244381604935,"type":"point","name":"exType:baseline/permutationIndex:0/run:23/dialer:center/eavesCount:0/latencyMS:100/seq:5/fileSize:153600/nodeType:Passive/nodeTypeIndex:2/meta:dup_blks_rcvd","measures":{"value":0}}
{"ts":1669476247292590468,"type":"point","name":"exType:baseline/permutationIndex:0/run:24/dialer:center/eavesCount:0/latencyMS:100/seq:5/fileSize:153600/nodeType:Passive/nodeTypeIndex:2/meta:msgs_rcvd","measures":{"value":5}}
{"ts":1669476247292677524,"type":"point","name":"exType:baseline/permutationIndex:0/run:24/dialer:center/eavesCount:0/latencyMS:100/seq:5/fileSize:153600/nodeType:Passive/nodeTypeIndex:2/meta:data_sent","measures":{"value":0}}
{"ts":1669476247292698175,"type":"point","name":"exType:baseline/permutationIndex:0/run:24/dialer:center/eavesCount:0/latencyMS:100/seq:5/fileSize:153600/nodeType:Passive/nodeTypeIndex:2/meta:data_rcvd","measures":{"value":0}}
{"ts":1669476247292713619,"type":"point","name":"exType:baseline/permutationIndex:0/run:24/dialer:center/eavesCount:0/latencyMS:100/seq:5/fileSize:153600/nodeType:Passive/nodeTypeIndex:2/meta:dup_data_rcvd","measures":{"value":0}}
{"ts":1669476247292724906,"type":"point","name":"exType:baseline/permutationIndex:0/run:24/dialer:center/eavesCount:0/latencyMS:100/seq:5/fileSize:153600/nodeType:Passive/nodeTypeIndex:2/meta:blks_sent","measures":{"value":0}}
{"ts":1669476247292734429,"type":"point","name":"exType:baseline/permutationIndex:0/run:24/dialer:center/eavesCount:0/latencyMS:100/seq:5/fileSize:153600/nodeType:Passive/nodeTypeIndex:2/meta:blks_rcvd","measures":{"value":0}}
{"ts":1669476247292746666,"type":"point","name":"exType:baseline/permutationIndex:0/run:24/dialer:center/eavesCount:0/latencyMS:100/seq:5/fileSize:153600/nodeType:Passive/nodeTypeIndex:2/meta:dup_blks_rcvd","measures":{"value":0}}
{"ts":1669476250167124945,"type":"point","name":"exType:baseline/permutationIndex:0/run:25/dialer:center/eavesCount:0/latencyMS:100/seq:5/fileSize:153600/nodeType:Passive/nodeTypeIndex:2/meta:msgs_rcvd","measures":{"value":1}}
{"ts":1669476250167220188,"type":"point","name":"exType:baseline/permutationIndex:0/run:25/dialer:center/eavesCount:0/latencyMS:100/seq:5/fileSize:153600/nodeType:Passive/nodeTypeIndex:2/meta:data_sent","measures":{"value":0}}
{"ts":1669476250167244845,"type":"point","name":"exType:baseline/permutationIndex:0/run:25/dialer:center/eavesCount:0/latencyMS:100/seq:5/fileSize:153600/nodeType:Passive/nodeTypeIndex:2/meta:data_rcvd","measures":{"value":0}}
{"ts":1669476250167265380,"type":"point","name":"exType:baseline/permutationIndex:0/run:25/dialer:center/eavesCount:0/latencyMS:100/seq:5/fileSize:153600/nodeType:Passive/nodeTypeIndex:2/meta:dup_data_rcvd","measures":{"value":0}}
{"ts":1669476250167284713,"type":"point","name":"exType:baseline/permutationIndex:0/run:25/dialer:center/eavesCount:0/latencyMS:100/seq:5/fileSize:153600/nodeType:Passive/nodeTypeIndex:2/meta:blks_sent","measures":{"value":0}}
{"ts":1669476250167304777,"type":"point","name":"exType:baseline/permutationIndex:0/run:25/dialer:center/eavesCount:0/latencyMS:100/seq:5/fileSize:153600/nodeType:Passive/nodeTypeIndex:2/meta:blks_rcvd","measures":{"value":0}}
{"ts":1669476250167324423,"type":"point","name":"exType:baseline/permutationIndex:0/run:25/dialer:center/eavesCount:0/latencyMS:100/seq:5/fileSize:153600/nodeType:Passive/nodeTypeIndex:2/meta:dup_blks_rcvd","measures":{"value":0}}
{"ts":1669476252884750075,"type":"point","name":"exType:baseline/permutationIndex:0/run:26/dialer:center/eavesCount:0/latencyMS:100/seq:5/fileSize:153600/nodeType:Passive/nodeTypeIndex:2/meta:msgs_rcvd","measures":{"value":4}}
{"ts":1669476252884770144,"type":"point","name":"exType:baseline/permutationIndex:0/run:26/dialer:center/eavesCount:0/latencyMS:100/seq:5/fileSize:153600/nodeType:Passive/nodeTypeIndex:2/meta:data_sent","measures":{"value":0}}
{"ts":1669476252884774028,"type":"point","name":"exType:baseline/permutationIndex:0/run:26/dialer:center/eavesCount:0/latencyMS:100/seq:5/fileSize:153600/nodeType:Passive/nodeTypeIndex:2/meta:data_rcvd","measures":{"value":0}}
{"ts":1669476252884776841,"type":"point","name":"exType:baseline/permutationIndex:0/run:26/dialer:center/eavesCount:0/latencyMS:100/seq:5/fileSize:153600/nodeType:Passive/nodeTypeIndex:2/meta:dup_data_rcvd","measures":{"value":0}}
{"ts":1669476252884779060,"type":"point","name":"exType:baseline/permutationIndex:0/run:26/dialer:center/eavesCount:0/latencyMS:100/seq:5/fileSize:153600/nodeType:Passive/nodeTypeIndex:2/meta:blks_sent","measures":{"value":0}}
{"ts":1669476252884786836,"type":"point","name":"exType:baseline/permutationIndex:0/run:26/dialer:center/eavesCount:0/latencyMS:100/seq:5/fileSize:153600/nodeType:Passive/nodeTypeIndex:2/meta:blks_rcvd","measures":{"value":0}}
{"ts":1669476252884789741,"type":"point","name":"exType:baseline/permutationIndex:0/run:26/dialer:center/eavesCount:0/latencyMS:100/seq:5/fileSize:153600/nodeType:Passive/nodeTypeIndex:2/meta:dup_blks_rcvd","measures":{"value":0}}
{"ts":1669476256096349741,"type":"point","name":"exType:baseline/permutationIndex:0/run:27/dialer:center/eavesCount:0/latencyMS:100/seq:5/fileSize:153600/nodeType:Passive/nodeTypeIndex:2/meta:msgs_rcvd","measures":{"value":2}}
{"ts":1669476256096472377,"type":"point","name":"exType:baseline/permutationIndex:0/run:27/dialer:center/eavesCount:0/latencyMS:100/seq:5/fileSize:153600/nodeType:Passive/nodeTypeIndex:2/meta:data_sent","measures":{"value":0}}
{"ts":1669476256096503231,"type":"point","name":"exType:baseline/permutationIndex:0/run:27/dialer:center/eavesCount:0/latencyMS:100/seq:5/fileSize:153600/nodeType:Passive/nodeTypeIndex:2/meta:data_rcvd","measures":{"value":0}}
{"ts":1669476256096520425,"type":"point","name":"exType:baseline/permutationIndex:0/run:27/dialer:center/eavesCount:0/latencyMS:100/seq:5/fileSize:153600/nodeType:Passive/nodeTypeIndex:2/meta:dup_data_rcvd","measures":{"value":0}}
{"ts":1669476256096541774,"type":"point","name":"exType:baseline/permutationIndex:0/run:27/dialer:center/eavesCount:0/latencyMS:100/seq:5/fileSize:153600/nodeType:Passive/nodeTypeIndex:2/meta:blks_sent","measures":{"value":0}}
{"ts":1669476256096562188,"type":"point","name":"exType:baseline/permutationIndex:0/run:27/dialer:center/eavesCount:0/latencyMS:100/seq:5/fileSize:153600/nodeType:Passive/nodeTypeIndex:2/meta:blks_rcvd","measures":{"value":0}}
{"ts":1669476256096581259,"type":"point","name":"exType:baseline/permutationIndex:0/run:27/dialer:center/eavesCount:0/latencyMS:100/seq:5/fileSize:153600/nodeType:Passive/nodeTypeIndex:2/meta:dup_blks_rcvd","measures":{"value":0}}
{"ts":1669476258989143559,"type":"point","name":"exType:baseline/permutationIndex:0/run:28/dialer:center/eavesCount:0/latencyMS:100/seq:5/fileSize:153600/nodeType:Passive/nodeTypeIndex:2/meta:msgs_rcvd","measures":{"value":6}}
{"ts":1669476258989277087,"type":"point","name":"exType:baseline/permutationIndex:0/run:28/dialer:center/eavesCount:0/latencyMS:100/seq:5/fileSize:153600/nodeType:Passive/nodeTypeIndex:2/meta:data_sent","measures":{"value":0}}
{"ts":1669476258989308372,"type":"point","name":"exType:baseline/permutationIndex:0/run:28/dialer:center/eavesCount:0/latencyMS:100/seq:5/fileSize:153600/nodeType:Passive/nodeTypeIndex:2/meta:data_rcvd","measures":{"value":0}}
{"ts":1669476258989328193,"type":"point","name":"exType:baseline/permutationIndex:0/run:28/dialer:center/eavesCount:0/latencyMS:100/seq:5/fileSize:153600/nodeType:Passive/nodeTypeIndex:2/meta:dup_data_rcvd","measures":{"value":0}}
{"ts":1669476258989346219,"type":"point","name":"exType:baseline/permutationIndex:0/run:28/dialer:center/eavesCount:0/latencyMS:100/seq:5/fileSize:153600/nodeType:Passive/nodeTypeIndex:2/meta:blks_sent","measures":{"value":0}}
{"ts":1669476258989364645,"type":"point","name":"exType:baseline/permutationIndex:0/run:28/dialer:center/eavesCount:0/latencyMS:100/seq:5/fileSize:153600/nodeType:Passive/nodeTypeIndex:2/meta:blks_rcvd","measures":{"value":0}}
{"ts":1669476258989382905,"type":"point","name":"exType:baseline/permutationIndex:0/run:28/dialer:center/eavesCount:0/latencyMS:100/seq:5/fileSize:153600/nodeType:Passive/nodeTypeIndex:2/meta:dup_blks_rcvd","measures":{"value":0}}
{"ts":1669476262445627723,"type":"point","name":"exType:baseline/permutationIndex:0/run:29/dialer:center/eavesCount:0/latencyMS:100/seq:5/fileSize:153600/nodeType:Passive/nodeTypeIndex:2/meta:msgs_rcvd","measures":{"value":3}}
{"ts":1669476262445715521,"type":"point","name":"exType:baseline/permutationIndex:0/run:29/dialer:center/eavesCount:0/latencyMS:100/seq:5/fileSize:153600/nodeType:Passive/nodeTypeIndex:2/meta:data_sent","measures":{"value":0}}
{"ts":1669476262445775313,"type":"point","name":"exType:baseline/permutationIndex:0/run:29/dialer:center/eavesCount:0/latencyMS:100/seq:5/fileSize:153600/nodeType:Passive/nodeTypeIndex:2/meta:data_rcvd","measures":{"value":0}}
{"ts":1669476262445797425,"type":"point","name":"exType:baseline/permutationIndex:0/run:29/dialer:center/eavesCount:0/latencyMS:100/seq:5/fileSize:153600/nodeType:Passive/nodeTypeIndex:2/meta:dup_data_rcvd","measures":{"value":0}}
{"ts":1669476262445816946,"type":"point","name":"exType:baseline/permutationIndex:0/run:29/dialer:center/eavesCount:0/latencyMS:100/seq:5/fileSize:153600/nodeType:Passive/nodeTypeIndex:2/meta:blks_sent","measures":{"value":0}}
{"ts":1669476262445834790,"type":"point","name":"exType:baseline/permutationIndex:0/run:29/dialer:center/eavesCount:0/latencyMS:100/seq:5/fileSize:153600/nodeType:Passive/nodeTypeIndex:2/meta:blks_rcvd","measures":{"value":0}}
{"ts":1669476262445853101,"type":"point","name":"exType:baseline/permutationIndex:0/run:29/dialer:center/eavesCount:0/latencyMS:100/seq:5/fileSize:153600/nodeType:Passive/nodeTypeIndex:2/meta:dup_blks_rcvd","measures":{"value":0}}
{"ts":1669476265313748722,"type":"point","name":"exType:baseline/permutationIndex:0/run:30/dialer:center/eavesCount:0/latencyMS:100/seq:5/fileSize:153600/nodeType:Passive/nodeTypeIndex:2/meta:msgs_rcvd","measures":{"value":4}}
{"ts":1669476265314154293,"type":"point","name":"exType:baseline/permutationIndex:0/run:30/dialer:center/eavesCount:0/latencyMS:100/seq:5/fileSize:153600/nodeType:Passive/nodeTypeIndex:2/meta:data_sent","measures":{"value":0}}
{"ts":1669476265314210427,"type":"point","name":"exType:baseline/permutationIndex:0/run:30/dialer:center/eavesCount:0/latencyMS:100/seq:5/fileSize:153600/nodeType:Passive/nodeTypeIndex:2/meta:data_rcvd","measures":{"value":0}}
{"ts":1669476265314234629,"type":"point","name":"exType:baseline/permutationIndex:0/run:30/dialer:center/eavesCount:0/latencyMS:100/seq:5/fileSize:153600/nodeType:Passive/nodeTypeIndex:2/meta:dup_data_rcvd","measures":{"value":0}}
{"ts":1669476265314255781,"type":"point","name":"exType:baseline/permutationIndex:0/run:30/dialer:center/eavesCount:0/latencyMS:100/seq:5/fileSize:153600/nodeType:Passive/nodeTypeIndex:2/meta:blks_sent","measures":{"value":0}}
{"ts":1669476265314275192,"type":"point","name":"exType:baseline/permutationIndex:0/run:30/dialer:center/eavesCount:0/latencyMS:100/seq:5/fileSize:153600/nodeType:Passive/nodeTypeIndex:2/meta:blks_rcvd","measures":{"value":0}}
{"ts":1669476265314293332,"type":"point","name":"exType:baseline/permutationIndex:0/run:30/dialer:center/eavesCount:0/latencyMS:100/seq:5/fileSize:153600/nodeType:Passive/nodeTypeIndex:2/meta:dup_blks_rcvd","measures":{"value":0}}
{"ts":1669476267920022509,"type":"point","name":"exType:baseline/permutationIndex:0/run:31/dialer:center/eavesCount:0/latencyMS:100/seq:5/fileSize:153600/nodeType:Passive/nodeTypeIndex:2/meta:msgs_rcvd","measures":{"value":10}}
{"ts":1669476267920081206,"type":"point","name":"exType:baseline/permutationIndex:0/run:31/dialer:center/eavesCount:0/latencyMS:100/seq:5/fileSize:153600/nodeType:Passive/nodeTypeIndex:2/meta:data_sent","measures":{"value":0}}
{"ts":1669476267920094800,"type":"point","name":"exType:baseline/permutationIndex:0/run:31/dialer:center/eavesCount:0/latencyMS:100/seq:5/fileSize:153600/nodeType:Passive/nodeTypeIndex:2/meta:data_rcvd","measures":{"value":0}}
{"ts":1669476267920101800,"type":"point","name":"exType:baseline/permutationIndex:0/run:31/dialer:center/eavesCount:0/latencyMS:100/seq:5/fileSize:153600/nodeType:Passive/nodeTypeIndex:2/meta:dup_data_rcvd","measures":{"value":0}}
{"ts":1669476267920107908,"type":"point","name":"exType:baseline/permutationIndex:0/run:31/dialer:center/eavesCount:0/latencyMS:100/seq:5/fileSize:153600/nodeType:Passive/nodeTypeIndex:2/meta:blks_sent","measures":{"value":0}}
{"ts":1669476267920113439,"type":"point","name":"exType:baseline/permutationIndex:0/run:31/dialer:center/eavesCount:0/latencyMS:100/seq:5/fileSize:153600/nodeType:Passive/nodeTypeIndex:2/meta:blks_rcvd","measures":{"value":0}}
{"ts":1669476267920130729,"type":"point","name":"exType:baseline/permutationIndex:0/run:31/dialer:center/eavesCount:0/latencyMS:100/seq:5/fileSize:153600/nodeType:Passive/nodeTypeIndex:2/meta:dup_blks_rcvd","measures":{"value":0}}
{"ts":1669476270635704820,"type":"point","name":"exType:baseline/permutationIndex:0/run:32/dialer:center/eavesCount:0/latencyMS:100/seq:5/fileSize:153600/nodeType:Passive/nodeTypeIndex:2/meta:msgs_rcvd","measures":{"value":4}}
{"ts":1669476270635881463,"type":"point","name":"exType:baseline/permutationIndex:0/run:32/dialer:center/eavesCount:0/latencyMS:100/seq:5/fileSize:153600/nodeType:Passive/nodeTypeIndex:2/meta:data_sent","measures":{"value":0}}
{"ts":1669476270635910800,"type":"point","name":"exType:baseline/permutationIndex:0/run:32/dialer:center/eavesCount:0/latencyMS:100/seq:5/fileSize:153600/nodeType:Passive/nodeTypeIndex:2/meta:data_rcvd","measures":{"value":0}}
{"ts":1669476270635931099,"type":"point","name":"exType:baseline/permutationIndex:0/run:32/dialer:center/eavesCount:0/latencyMS:100/seq:5/fileSize:153600/nodeType:Passive/nodeTypeIndex:2/meta:dup_data_rcvd","measures":{"value":0}}
{"ts":1669476270635950052,"type":"point","name":"exType:baseline/permutationIndex:0/run:32/dialer:center/eavesCount:0/latencyMS:100/seq:5/fileSize:153600/nodeType:Passive/nodeTypeIndex:2/meta:blks_sent","measures":{"value":0}}
{"ts":1669476270635971178,"type":"point","name":"exType:baseline/permutationIndex:0/run:32/dialer:center/eavesCount:0/latencyMS:100/seq:5/fileSize:153600/nodeType:Passive/nodeTypeIndex:2/meta:blks_rcvd","measures":{"value":0}}
{"ts":1669476270635990879,"type":"point","name":"exType:baseline/permutationIndex:0/run:32/dialer:center/eavesCount:0/latencyMS:100/seq:5/fileSize:153600/nodeType:Passive/nodeTypeIndex:2/meta:dup_blks_rcvd","measures":{"value":0}}
{"ts":1669476273531203482,"type":"point","name":"exType:baseline/permutationIndex:0/run:33/dialer:center/eavesCount:0/latencyMS:100/seq:5/fileSize:153600/nodeType:Passive/nodeTypeIndex:2/meta:msgs_rcvd","measures":{"value":8}}
{"ts":1669476273531217018,"type":"point","name":"exType:baseline/permutationIndex:0/run:33/dialer:center/eavesCount:0/latencyMS:100/seq:5/fileSize:153600/nodeType:Passive/nodeTypeIndex:2/meta:data_sent","measures":{"value":0}}
{"ts":1669476273531220332,"type":"point","name":"exType:baseline/permutationIndex:0/run:33/dialer:center/eavesCount:0/latencyMS:100/seq:5/fileSize:153600/nodeType:Passive/nodeTypeIndex:2/meta:data_rcvd","measures":{"value":0}}
{"ts":1669476273531223039,"type":"point","name":"exType:baseline/permutationIndex:0/run:33/dialer:center/eavesCount:0/latencyMS:100/seq:5/fileSize:153600/nodeType:Passive/nodeTypeIndex:2/meta:dup_data_rcvd","measures":{"value":0}}
{"ts":1669476273531225589,"type":"point","name":"exType:baseline/permutationIndex:0/run:33/dialer:center/eavesCount:0/latencyMS:100/seq:5/fileSize:153600/nodeType:Passive/nodeTypeIndex:2/meta:blks_sent","measures":{"value":0}}
{"ts":1669476273531228136,"type":"point","name":"exType:baseline/permutationIndex:0/run:33/dialer:center/eavesCount:0/latencyMS:100/seq:5/fileSize:153600/nodeType:Passive/nodeTypeIndex:2/meta:blks_rcvd","measures":{"value":0}}
{"ts":1669476273531230569,"type":"point","name":"exType:baseline/permutationIndex:0/run:33/dialer:center/eavesCount:0/latencyMS:100/seq:5/fileSize:153600/nodeType:Passive/nodeTypeIndex:2/meta:dup_blks_rcvd","measures":{"value":0}}
{"ts":1669476276424142701,"type":"point","name":"exType:baseline/permutationIndex:0/run:34/dialer:center/eavesCount:0/latencyMS:100/seq:5/fileSize:153600/nodeType:Passive/nodeTypeIndex:2/meta:msgs_rcvd","measures":{"value":33}}
{"ts":1669476276424165663,"type":"point","name":"exType:baseline/permutationIndex:0/run:34/dialer:center/eavesCount:0/latencyMS:100/seq:5/fileSize:153600/nodeType:Passive/nodeTypeIndex:2/meta:data_sent","measures":{"value":0}}
{"ts":1669476276424169320,"type":"point","name":"exType:baseline/permutationIndex:0/run:34/dialer:center/eavesCount:0/latencyMS:100/seq:5/fileSize:153600/nodeType:Passive/nodeTypeIndex:2/meta:data_rcvd","measures":{"value":0}}
{"ts":1669476276424177548,"type":"point","name":"exType:baseline/permutationIndex:0/run:34/dialer:center/eavesCount:0/latencyMS:100/seq:5/fileSize:153600/nodeType:Passive/nodeTypeIndex:2/meta:dup_data_rcvd","measures":{"value":0}}
{"ts":1669476276424180205,"type":"point","name":"exType:baseline/permutationIndex:0/run:34/dialer:center/eavesCount:0/latencyMS:100/seq:5/fileSize:153600/nodeType:Passive/nodeTypeIndex:2/meta:blks_sent","measures":{"value":0}}
{"ts":1669476276424182886,"type":"point","name":"exType:baseline/permutationIndex:0/run:34/dialer:center/eavesCount:0/latencyMS:100/seq:5/fileSize:153600/nodeType:Passive/nodeTypeIndex:2/meta:blks_rcvd","measures":{"value":0}}
{"ts":1669476276424185460,"type":"point","name":"exType:baseline/permutationIndex:0/run:34/dialer:center/eavesCount:0/latencyMS:100/seq:5/fileSize:153600/nodeType:Passive/nodeTypeIndex:2/meta:dup_blks_rcvd","measures":{"value":0}}
{"ts":1669476279292958768,"type":"point","name":"exType:baseline/permutationIndex:0/run:35/dialer:center/eavesCount:0/latencyMS:100/seq:5/fileSize:153600/nodeType:Passive/nodeTypeIndex:2/meta:msgs_rcvd","measures":{"value":5}}
{"ts":1669476279293079332,"type":"point","name":"exType:baseline/permutationIndex:0/run:35/dialer:center/eavesCount:0/latencyMS:100/seq:5/fileSize:153600/nodeType:Passive/nodeTypeIndex:2/meta:data_sent","measures":{"value":0}}
{"ts":1669476279293113187,"type":"point","name":"exType:baseline/permutationIndex:0/run:35/dialer:center/eavesCount:0/latencyMS:100/seq:5/fileSize:153600/nodeType:Passive/nodeTypeIndex:2/meta:data_rcvd","measures":{"value":0}}
{"ts":1669476279293136527,"type":"point","name":"exType:baseline/permutationIndex:0/run:35/dialer:center/eavesCount:0/latencyMS:100/seq:5/fileSize:153600/nodeType:Passive/nodeTypeIndex:2/meta:dup_data_rcvd","measures":{"value":0}}
{"ts":1669476279293160604,"type":"point","name":"exType:baseline/permutationIndex:0/run:35/dialer:center/eavesCount:0/latencyMS:100/seq:5/fileSize:153600/nodeType:Passive/nodeTypeIndex:2/meta:blks_sent","measures":{"value":0}}
{"ts":1669476279293181900,"type":"point","name":"exType:baseline/permutationIndex:0/run:35/dialer:center/eavesCount:0/latencyMS:100/seq:5/fileSize:153600/nodeType:Passive/nodeTypeIndex:2/meta:blks_rcvd","measures":{"value":0}}
{"ts":1669476279293201034,"type":"point","name":"exType:baseline/permutationIndex:0/run:35/dialer:center/eavesCount:0/latencyMS:100/seq:5/fileSize:153600/nodeType:Passive/nodeTypeIndex:2/meta:dup_blks_rcvd","measures":{"value":0}}
{"ts":1669476281962603497,"type":"point","name":"exType:baseline/permutationIndex:0/run:36/dialer:center/eavesCount:0/latencyMS:100/seq:5/fileSize:153600/nodeType:Passive/nodeTypeIndex:2/meta:msgs_rcvd","measures":{"value":7}}
{"ts":1669476281962624328,"type":"point","name":"exType:baseline/permutationIndex:0/run:36/dialer:center/eavesCount:0/latencyMS:100/seq:5/fileSize:153600/nodeType:Passive/nodeTypeIndex:2/meta:data_sent","measures":{"value":0}}
{"ts":1669476281962628529,"type":"point","name":"exType:baseline/permutationIndex:0/run:36/dialer:center/eavesCount:0/latencyMS:100/seq:5/fileSize:153600/nodeType:Passive/nodeTypeIndex:2/meta:data_rcvd","measures":{"value":0}}
{"ts":1669476281962631957,"type":"point","name":"exType:baseline/permutationIndex:0/run:36/dialer:center/eavesCount:0/latencyMS:100/seq:5/fileSize:153600/nodeType:Passive/nodeTypeIndex:2/meta:dup_data_rcvd","measures":{"value":0}}
{"ts":1669476281962635410,"type":"point","name":"exType:baseline/permutationIndex:0/run:36/dialer:center/eavesCount:0/latencyMS:100/seq:5/fileSize:153600/nodeType:Passive/nodeTypeIndex:2/meta:blks_sent","measures":{"value":0}}
{"ts":1669476281962639379,"type":"point","name":"exType:baseline/permutationIndex:0/run:36/dialer:center/eavesCount:0/latencyMS:100/seq:5/fileSize:153600/nodeType:Passive/nodeTypeIndex:2/meta:blks_rcvd","measures":{"value":0}}
{"ts":1669476281962643838,"type":"point","name":"exType:baseline/permutationIndex:0/run:36/dialer:center/eavesCount:0/latencyMS:100/seq:5/fileSize:153600/nodeType:Passive/nodeTypeIndex:2/meta:dup_blks_rcvd","measures":{"value":0}}
{"ts":1669476285052500870,"type":"point","name":"exType:baseline/permutationIndex:0/run:37/dialer:center/eavesCount:0/latencyMS:100/seq:5/fileSize:153600/nodeType:Passive/nodeTypeIndex:2/meta:msgs_rcvd","measures":{"value":48}}
{"ts":1669476285052598496,"type":"point","name":"exType:baseline/permutationIndex:0/run:37/dialer:center/eavesCount:0/latencyMS:100/seq:5/fileSize:153600/nodeType:Passive/nodeTypeIndex:2/meta:data_sent","measures":{"value":0}}
{"ts":1669476285052624957,"type":"point","name":"exType:baseline/permutationIndex:0/run:37/dialer:center/eavesCount:0/latencyMS:100/seq:5/fileSize:153600/nodeType:Passive/nodeTypeIndex:2/meta:data_rcvd","measures":{"value":0}}
{"ts":1669476285052645804,"type":"point","name":"exType:baseline/permutationIndex:0/run:37/dialer:center/eavesCount:0/latencyMS:100/seq:5/fileSize:153600/nodeType:Passive/nodeTypeIndex:2/meta:dup_data_rcvd","measures":{"value":0}}
{"ts":1669476285052665686,"type":"point","name":"exType:baseline/permutationIndex:0/run:37/dialer:center/eavesCount:0/latencyMS:100/seq:5/fileSize:153600/nodeType:Passive/nodeTypeIndex:2/meta:blks_sent","measures":{"value":0}}
{"ts":1669476285052685155,"type":"point","name":"exType:baseline/permutationIndex:0/run:37/dialer:center/eavesCount:0/latencyMS:100/seq:5/fileSize:153600/nodeType:Passive/nodeTypeIndex:2/meta:blks_rcvd","measures":{"value":0}}
{"ts":1669476285052708940,"type":"point","name":"exType:baseline/permutationIndex:0/run:37/dialer:center/eavesCount:0/latencyMS:100/seq:5/fileSize:153600/nodeType:Passive/nodeTypeIndex:2/meta:dup_blks_rcvd","measures":{"value":0}}
{"ts":1669476287789523669,"type":"point","name":"exType:baseline/permutationIndex:0/run:38/dialer:center/eavesCount:0/latencyMS:100/seq:5/fileSize:153600/nodeType:Passive/nodeTypeIndex:2/meta:msgs_rcvd","measures":{"value":8}}
{"ts":1669476287789554970,"type":"point","name":"exType:baseline/permutationIndex:0/run:38/dialer:center/eavesCount:0/latencyMS:100/seq:5/fileSize:153600/nodeType:Passive/nodeTypeIndex:2/meta:data_sent","measures":{"value":0}}
{"ts":1669476287789562425,"type":"point","name":"exType:baseline/permutationIndex:0/run:38/dialer:center/eavesCount:0/latencyMS:100/seq:5/fileSize:153600/nodeType:Passive/nodeTypeIndex:2/meta:data_rcvd","measures":{"value":0}}
{"ts":1669476287789568658,"type":"point","name":"exType:baseline/permutationIndex:0/run:38/dialer:center/eavesCount:0/latencyMS:100/seq:5/fileSize:153600/nodeType:Passive/nodeTypeIndex:2/meta:dup_data_rcvd","measures":{"value":0}}
{"ts":1669476287789575331,"type":"point","name":"exType:baseline/permutationIndex:0/run:38/dialer:center/eavesCount:0/latencyMS:100/seq:5/fileSize:153600/nodeType:Passive/nodeTypeIndex:2/meta:blks_sent","measures":{"value":0}}
{"ts":1669476287789582308,"type":"point","name":"exType:baseline/permutationIndex:0/run:38/dialer:center/eavesCount:0/latencyMS:100/seq:5/fileSize:153600/nodeType:Passive/nodeTypeIndex:2/meta:blks_rcvd","measures":{"value":0}}
{"ts":1669476287789589056,"type":"point","name":"exType:baseline/permutationIndex:0/run:38/dialer:center/eavesCount:0/latencyMS:100/seq:5/fileSize:153600/nodeType:Passive/nodeTypeIndex:2/meta:dup_blks_rcvd","measures":{"value":0}}
{"ts":1669476290699165122,"type":"point","name":"exType:baseline/permutationIndex:0/run:39/dialer:center/eavesCount:0/latencyMS:100/seq:5/fileSize:153600/nodeType:Passive/nodeTypeIndex:2/meta:msgs_rcvd","measures":{"value":6}}
{"ts":1669476290699205308,"type":"point","name":"exType:baseline/permutationIndex:0/run:39/dialer:center/eavesCount:0/latencyMS:100/seq:5/fileSize:153600/nodeType:Passive/nodeTypeIndex:2/meta:data_sent","measures":{"value":0}}
{"ts":1669476290699217321,"type":"point","name":"exType:baseline/permutationIndex:0/run:39/dialer:center/eavesCount:0/latencyMS:100/seq:5/fileSize:153600/nodeType:Passive/nodeTypeIndex:2/meta:data_rcvd","measures":{"value":0}}
{"ts":1669476290699226396,"type":"point","name":"exType:baseline/permutationIndex:0/run:39/dialer:center/eavesCount:0/latencyMS:100/seq:5/fileSize:153600/nodeType:Passive/nodeTypeIndex:2/meta:dup_data_rcvd","measures":{"value":0}}
{"ts":1669476290699243335,"type":"point","name":"exType:baseline/permutationIndex:0/run:39/dialer:center/eavesCount:0/latencyMS:100/seq:5/fileSize:153600/nodeType:Passive/nodeTypeIndex:2/meta:blks_sent","measures":{"value":0}}
{"ts":1669476290699248760,"type":"point","name":"exType:baseline/permutationIndex:0/run:39/dialer:center/eavesCount:0/latencyMS:100/seq:5/fileSize:153600/nodeType:Passive/nodeTypeIndex:2/meta:blks_rcvd","measures":{"value":0}}
{"ts":1669476290699255837,"type":"point","name":"exType:baseline/permutationIndex:0/run:39/dialer:center/eavesCount:0/latencyMS:100/seq:5/fileSize:153600/nodeType:Passive/nodeTypeIndex:2/meta:dup_blks_rcvd","measures":{"value":0}}
{"ts":1669476293795911101,"type":"point","name":"exType:baseline/permutationIndex:0/run:40/dialer:center/eavesCount:0/latencyMS:100/seq:5/fileSize:153600/nodeType:Passive/nodeTypeIndex:2/meta:msgs_rcvd","measures":{"value":9}}
{"ts":1669476293795934312,"type":"point","name":"exType:baseline/permutationIndex:0/run:40/dialer:center/eavesCount:0/latencyMS:100/seq:5/fileSize:153600/nodeType:Passive/nodeTypeIndex:2/meta:data_sent","measures":{"value":0}}
{"ts":1669476293795937976,"type":"point","name":"exType:baseline/permutationIndex:0/run:40/dialer:center/eavesCount:0/latencyMS:100/seq:5/fileSize:153600/nodeType:Passive/nodeTypeIndex:2/meta:data_rcvd","measures":{"value":0}}
{"ts":1669476293795940488,"type":"point","name":"exType:baseline/permutationIndex:0/run:40/dialer:center/eavesCount:0/latencyMS:100/seq:5/fileSize:153600/nodeType:Passive/nodeTypeIndex:2/meta:dup_data_rcvd","measures":{"value":0}}
{"ts":1669476293795943336,"type":"point","name":"exType:baseline/permutationIndex:0/run:40/dialer:center/eavesCount:0/latencyMS:100/seq:5/fileSize:153600/nodeType:Passive/nodeTypeIndex:2/meta:blks_sent","measures":{"value":0}}
{"ts":1669476293795945678,"type":"point","name":"exType:baseline/permutationIndex:0/run:40/dialer:center/eavesCount:0/latencyMS:100/seq:5/fileSize:153600/nodeType:Passive/nodeTypeIndex:2/meta:blks_rcvd","measures":{"value":0}}
{"ts":1669476293795948123,"type":"point","name":"exType:baseline/permutationIndex:0/run:40/dialer:center/eavesCount:0/latencyMS:100/seq:5/fileSize:153600/nodeType:Passive/nodeTypeIndex:2/meta:dup_blks_rcvd","measures":{"value":0}}
{"ts":1669476296426964047,"type":"point","name":"exType:baseline/permutationIndex:0/run:41/dialer:center/eavesCount:0/latencyMS:100/seq:5/fileSize:153600/nodeType:Passive/nodeTypeIndex:2/meta:msgs_rcvd","measures":{"value":7}}
{"ts":1669476296426982970,"type":"point","name":"exType:baseline/permutationIndex:0/run:41/dialer:center/eavesCount:0/latencyMS:100/seq:5/fileSize:153600/nodeType:Passive/nodeTypeIndex:2/meta:data_sent","measures":{"value":0}}
{"ts":1669476296426985486,"type":"point","name":"exType:baseline/permutationIndex:0/run:41/dialer:center/eavesCount:0/latencyMS:100/seq:5/fileSize:153600/nodeType:Passive/nodeTypeIndex:2/meta:data_rcvd","measures":{"value":0}}
{"ts":1669476296426987106,"type":"point","name":"exType:baseline/permutationIndex:0/run:41/dialer:center/eavesCount:0/latencyMS:100/seq:5/fileSize:153600/nodeType:Passive/nodeTypeIndex:2/meta:dup_data_rcvd","measures":{"value":0}}
{"ts":1669476296426989390,"type":"point","name":"exType:baseline/permutationIndex:0/run:41/dialer:center/eavesCount:0/latencyMS:100/seq:5/fileSize:153600/nodeType:Passive/nodeTypeIndex:2/meta:blks_sent","measures":{"value":0}}
{"ts":1669476296426991093,"type":"point","name":"exType:baseline/permutationIndex:0/run:41/dialer:center/eavesCount:0/latencyMS:100/seq:5/fileSize:153600/nodeType:Passive/nodeTypeIndex:2/meta:blks_rcvd","measures":{"value":0}}
{"ts":1669476296426992577,"type":"point","name":"exType:baseline/permutationIndex:0/run:41/dialer:center/eavesCount:0/latencyMS:100/seq:5/fileSize:153600/nodeType:Passive/nodeTypeIndex:2/meta:dup_blks_rcvd","measures":{"value":0}}
{"ts":1669476299110791877,"type":"point","name":"exType:baseline/permutationIndex:0/run:42/dialer:center/eavesCount:0/latencyMS:100/seq:5/fileSize:153600/nodeType:Passive/nodeTypeIndex:2/meta:msgs_rcvd","measures":{"value":10}}
{"ts":1669476299110952904,"type":"point","name":"exType:baseline/permutationIndex:0/run:42/dialer:center/eavesCount:0/latencyMS:100/seq:5/fileSize:153600/nodeType:Passive/nodeTypeIndex:2/meta:data_sent","measures":{"value":0}}
{"ts":1669476299110983651,"type":"point","name":"exType:baseline/permutationIndex:0/run:42/dialer:center/eavesCount:0/latencyMS:100/seq:5/fileSize:153600/nodeType:Passive/nodeTypeIndex:2/meta:data_rcvd","measures":{"value":0}}
{"ts":1669476299111015314,"type":"point","name":"exType:baseline/permutationIndex:0/run:42/dialer:center/eavesCount:0/latencyMS:100/seq:5/fileSize:153600/nodeType:Passive/nodeTypeIndex:2/meta:dup_data_rcvd","measures":{"value":0}}
{"ts":1669476299111035165,"type":"point","name":"exType:baseline/permutationIndex:0/run:42/dialer:center/eavesCount:0/latencyMS:100/seq:5/fileSize:153600/nodeType:Passive/nodeTypeIndex:2/meta:blks_sent","measures":{"value":0}}
{"ts":1669476299111059551,"type":"point","name":"exType:baseline/permutationIndex:0/run:42/dialer:center/eavesCount:0/latencyMS:100/seq:5/fileSize:153600/nodeType:Passive/nodeTypeIndex:2/meta:blks_rcvd","measures":{"value":0}}
{"ts":1669476299111077646,"type":"point","name":"exType:baseline/permutationIndex:0/run:42/dialer:center/eavesCount:0/latencyMS:100/seq:5/fileSize:153600/nodeType:Passive/nodeTypeIndex:2/meta:dup_blks_rcvd","measures":{"value":0}}
{"ts":1669476302343345359,"type":"point","name":"exType:baseline/permutationIndex:0/run:43/dialer:center/eavesCount:0/latencyMS:100/seq:5/fileSize:153600/nodeType:Passive/nodeTypeIndex:2/meta:msgs_rcvd","measures":{"value":7}}
{"ts":1669476302343376368,"type":"point","name":"exType:baseline/permutationIndex:0/run:43/dialer:center/eavesCount:0/latencyMS:100/seq:5/fileSize:153600/nodeType:Passive/nodeTypeIndex:2/meta:data_sent","measures":{"value":0}}
{"ts":1669476302343385797,"type":"point","name":"exType:baseline/permutationIndex:0/run:43/dialer:center/eavesCount:0/latencyMS:100/seq:5/fileSize:153600/nodeType:Passive/nodeTypeIndex:2/meta:data_rcvd","measures":{"value":0}}
{"ts":1669476302343391078,"type":"point","name":"exType:baseline/permutationIndex:0/run:43/dialer:center/eavesCount:0/latencyMS:100/seq:5/fileSize:153600/nodeType:Passive/nodeTypeIndex:2/meta:dup_data_rcvd","measures":{"value":0}}
{"ts":1669476302343395598,"type":"point","name":"exType:baseline/permutationIndex:0/run:43/dialer:center/eavesCount:0/latencyMS:100/seq:5/fileSize:153600/nodeType:Passive/nodeTypeIndex:2/meta:blks_sent","measures":{"value":0}}
{"ts":1669476302343400099,"type":"point","name":"exType:baseline/permutationIndex:0/run:43/dialer:center/eavesCount:0/latencyMS:100/seq:5/fileSize:153600/nodeType:Passive/nodeTypeIndex:2/meta:blks_rcvd","measures":{"value":0}}
{"ts":1669476302343405351,"type":"point","name":"exType:baseline/permutationIndex:0/run:43/dialer:center/eavesCount:0/latencyMS:100/seq:5/fileSize:153600/nodeType:Passive/nodeTypeIndex:2/meta:dup_blks_rcvd","measures":{"value":0}}
{"ts":1669476305750248042,"type":"point","name":"exType:baseline/permutationIndex:0/run:44/dialer:center/eavesCount:0/latencyMS:100/seq:5/fileSize:153600/nodeType:Passive/nodeTypeIndex:2/meta:msgs_rcvd","measures":{"value":6}}
{"ts":1669476305750291896,"type":"point","name":"exType:baseline/permutationIndex:0/run:44/dialer:center/eavesCount:0/latencyMS:100/seq:5/fileSize:153600/nodeType:Passive/nodeTypeIndex:2/meta:data_sent","measures":{"value":0}}
{"ts":1669476305750301237,"type":"point","name":"exType:baseline/permutationIndex:0/run:44/dialer:center/eavesCount:0/latencyMS:100/seq:5/fileSize:153600/nodeType:Passive/nodeTypeIndex:2/meta:data_rcvd","measures":{"value":0}}
{"ts":1669476305750308368,"type":"point","name":"exType:baseline/permutationIndex:0/run:44/dialer:center/eavesCount:0/latencyMS:100/seq:5/fileSize:153600/nodeType:Passive/nodeTypeIndex:2/meta:dup_data_rcvd","measures":{"value":0}}
{"ts":1669476305750315543,"type":"point","name":"exType:baseline/permutationIndex:0/run:44/dialer:center/eavesCount:0/latencyMS:100/seq:5/fileSize:153600/nodeType:Passive/nodeTypeIndex:2/meta:blks_sent","measures":{"value":0}}
{"ts":1669476305750336976,"type":"point","name":"exType:baseline/permutationIndex:0/run:44/dialer:center/eavesCount:0/latencyMS:100/seq:5/fileSize:153600/nodeType:Passive/nodeTypeIndex:2/meta:blks_rcvd","measures":{"value":0}}
{"ts":1669476305750343431,"type":"point","name":"exType:baseline/permutationIndex:0/run:44/dialer:center/eavesCount:0/latencyMS:100/seq:5/fileSize:153600/nodeType:Passive/nodeTypeIndex:2/meta:dup_blks_rcvd","measures":{"value":0}}
{"ts":1669476308354920730,"type":"point","name":"exType:baseline/permutationIndex:0/run:45/dialer:center/eavesCount:0/latencyMS:100/seq:5/fileSize:153600/nodeType:Passive/nodeTypeIndex:2/meta:msgs_rcvd","measures":{"value":11}}
{"ts":1669476308354942084,"type":"point","name":"exType:baseline/permutationIndex:0/run:45/dialer:center/eavesCount:0/latencyMS:100/seq:5/fileSize:153600/nodeType:Passive/nodeTypeIndex:2/meta:data_sent","measures":{"value":0}}
{"ts":1669476308354945736,"type":"point","name":"exType:baseline/permutationIndex:0/run:45/dialer:center/eavesCount:0/latencyMS:100/seq:5/fileSize:153600/nodeType:Passive/nodeTypeIndex:2/meta:data_rcvd","measures":{"value":0}}
{"ts":1669476308354948021,"type":"point","name":"exType:baseline/permutationIndex:0/run:45/dialer:center/eavesCount:0/latencyMS:100/seq:5/fileSize:153600/nodeType:Passive/nodeTypeIndex:2/meta:dup_data_rcvd","measures":{"value":0}}
{"ts":1669476308354950353,"type":"point","name":"exType:baseline/permutationIndex:0/run:45/dialer:center/eavesCount:0/latencyMS:100/seq:5/fileSize:153600/nodeType:Passive/nodeTypeIndex:2/meta:blks_sent","measures":{"value":0}}
{"ts":1669476308354952605,"type":"point","name":"exType:baseline/permutationIndex:0/run:45/dialer:center/eavesCount:0/latencyMS:100/seq:5/fileSize:153600/nodeType:Passive/nodeTypeIndex:2/meta:blks_rcvd","measures":{"value":0}}
{"ts":1669476308354954752,"type":"point","name":"exType:baseline/permutationIndex:0/run:45/dialer:center/eavesCount:0/latencyMS:100/seq:5/fileSize:153600/nodeType:Passive/nodeTypeIndex:2/meta:dup_blks_rcvd","measures":{"value":0}}
{"ts":1669476311074800863,"type":"point","name":"exType:baseline/permutationIndex:0/run:46/dialer:center/eavesCount:0/latencyMS:100/seq:5/fileSize:153600/nodeType:Passive/nodeTypeIndex:2/meta:msgs_rcvd","measures":{"value":8}}
{"ts":1669476311074929282,"type":"point","name":"exType:baseline/permutationIndex:0/run:46/dialer:center/eavesCount:0/latencyMS:100/seq:5/fileSize:153600/nodeType:Passive/nodeTypeIndex:2/meta:data_sent","measures":{"value":0}}
{"ts":1669476311074964538,"type":"point","name":"exType:baseline/permutationIndex:0/run:46/dialer:center/eavesCount:0/latencyMS:100/seq:5/fileSize:153600/nodeType:Passive/nodeTypeIndex:2/meta:data_rcvd","measures":{"value":0}}
{"ts":1669476311074986046,"type":"point","name":"exType:baseline/permutationIndex:0/run:46/dialer:center/eavesCount:0/latencyMS:100/seq:5/fileSize:153600/nodeType:Passive/nodeTypeIndex:2/meta:dup_data_rcvd","measures":{"value":0}}
{"ts":1669476311075004471,"type":"point","name":"exType:baseline/permutationIndex:0/run:46/dialer:center/eavesCount:0/latencyMS:100/seq:5/fileSize:153600/nodeType:Passive/nodeTypeIndex:2/meta:blks_sent","measures":{"value":0}}
{"ts":1669476311075020725,"type":"point","name":"exType:baseline/permutationIndex:0/run:46/dialer:center/eavesCount:0/latencyMS:100/seq:5/fileSize:153600/nodeType:Passive/nodeTypeIndex:2/meta:blks_rcvd","measures":{"value":0}}
{"ts":1669476311075037683,"type":"point","name":"exType:baseline/permutationIndex:0/run:46/dialer:center/eavesCount:0/latencyMS:100/seq:5/fileSize:153600/nodeType:Passive/nodeTypeIndex:2/meta:dup_blks_rcvd","measures":{"value":0}}
{"ts":1669476313961622674,"type":"point","name":"exType:baseline/permutationIndex:0/run:47/dialer:center/eavesCount:0/latencyMS:100/seq:5/fileSize:153600/nodeType:Passive/nodeTypeIndex:2/meta:msgs_rcvd","measures":{"value":8}}
{"ts":1669476313961743648,"type":"point","name":"exType:baseline/permutationIndex:0/run:47/dialer:center/eavesCount:0/latencyMS:100/seq:5/fileSize:153600/nodeType:Passive/nodeTypeIndex:2/meta:data_sent","measures":{"value":0}}
{"ts":1669476313961801982,"type":"point","name":"exType:baseline/permutationIndex:0/run:47/dialer:center/eavesCount:0/latencyMS:100/seq:5/fileSize:153600/nodeType:Passive/nodeTypeIndex:2/meta:data_rcvd","measures":{"value":0}}
{"ts":1669476313961822180,"type":"point","name":"exType:baseline/permutationIndex:0/run:47/dialer:center/eavesCount:0/latencyMS:100/seq:5/fileSize:153600/nodeType:Passive/nodeTypeIndex:2/meta:dup_data_rcvd","measures":{"value":0}}
{"ts":1669476313961840681,"type":"point","name":"exType:baseline/permutationIndex:0/run:47/dialer:center/eavesCount:0/latencyMS:100/seq:5/fileSize:153600/nodeType:Passive/nodeTypeIndex:2/meta:blks_sent","measures":{"value":0}}
{"ts":1669476313961859097,"type":"point","name":"exType:baseline/permutationIndex:0/run:47/dialer:center/eavesCount:0/latencyMS:100/seq:5/fileSize:153600/nodeType:Passive/nodeTypeIndex:2/meta:blks_rcvd","measures":{"value":0}}
{"ts":1669476313961877014,"type":"point","name":"exType:baseline/permutationIndex:0/run:47/dialer:center/eavesCount:0/latencyMS:100/seq:5/fileSize:153600/nodeType:Passive/nodeTypeIndex:2/meta:dup_blks_rcvd","measures":{"value":0}}
{"ts":1669476317474965304,"type":"point","name":"exType:baseline/permutationIndex:0/run:48/dialer:center/eavesCount:0/latencyMS:100/seq:5/fileSize:153600/nodeType:Passive/nodeTypeIndex:2/meta:msgs_rcvd","measures":{"value":8}}
{"ts":1669476317474985503,"type":"point","name":"exType:baseline/permutationIndex:0/run:48/dialer:center/eavesCount:0/latencyMS:100/seq:5/fileSize:153600/nodeType:Passive/nodeTypeIndex:2/meta:data_sent","measures":{"value":0}}
{"ts":1669476317474990026,"type":"point","name":"exType:baseline/permutationIndex:0/run:48/dialer:center/eavesCount:0/latencyMS:100/seq:5/fileSize:153600/nodeType:Passive/nodeTypeIndex:2/meta:data_rcvd","measures":{"value":0}}
{"ts":1669476317474992505,"type":"point","name":"exType:baseline/permutationIndex:0/run:48/dialer:center/eavesCount:0/latencyMS:100/seq:5/fileSize:153600/nodeType:Passive/nodeTypeIndex:2/meta:dup_data_rcvd","measures":{"value":0}}
{"ts":1669476317474995044,"type":"point","name":"exType:baseline/permutationIndex:0/run:48/dialer:center/eavesCount:0/latencyMS:100/seq:5/fileSize:153600/nodeType:Passive/nodeTypeIndex:2/meta:blks_sent","measures":{"value":0}}
{"ts":1669476317474997281,"type":"point","name":"exType:baseline/permutationIndex:0/run:48/dialer:center/eavesCount:0/latencyMS:100/seq:5/fileSize:153600/nodeType:Passive/nodeTypeIndex:2/meta:blks_rcvd","measures":{"value":0}}
{"ts":1669476317474999630,"type":"point","name":"exType:baseline/permutationIndex:0/run:48/dialer:center/eavesCount:0/latencyMS:100/seq:5/fileSize:153600/nodeType:Passive/nodeTypeIndex:2/meta:dup_blks_rcvd","measures":{"value":0}}
{"ts":1669476320158617990,"type":"point","name":"exType:baseline/permutationIndex:0/run:49/dialer:center/eavesCount:0/latencyMS:100/seq:5/fileSize:153600/nodeType:Passive/nodeTypeIndex:2/meta:msgs_rcvd","measures":{"value":6}}
{"ts":1669476320158750319,"type":"point","name":"exType:baseline/permutationIndex:0/run:49/dialer:center/eavesCount:0/latencyMS:100/seq:5/fileSize:153600/nodeType:Passive/nodeTypeIndex:2/meta:data_sent","measures":{"value":0}}
{"ts":1669476320158782486,"type":"point","name":"exType:baseline/permutationIndex:0/run:49/dialer:center/eavesCount:0/latencyMS:100/seq:5/fileSize:153600/nodeType:Passive/nodeTypeIndex:2/meta:data_rcvd","measures":{"value":0}}
{"ts":1669476320158803953,"type":"point","name":"exType:baseline/permutationIndex:0/run:49/dialer:center/eavesCount:0/latencyMS:100/seq:5/fileSize:153600/nodeType:Passive/nodeTypeIndex:2/meta:dup_data_rcvd","measures":{"value":0}}
{"ts":1669476320158825416,"type":"point","name":"exType:baseline/permutationIndex:0/run:49/dialer:center/eavesCount:0/latencyMS:100/seq:5/fileSize:153600/nodeType:Passive/nodeTypeIndex:2/meta:blks_sent","measures":{"value":0}}
{"ts":1669476320158846799,"type":"point","name":"exType:baseline/permutationIndex:0/run:49/dialer:center/eavesCount:0/latencyMS:100/seq:5/fileSize:153600/nodeType:Passive/nodeTypeIndex:2/meta:blks_rcvd","measures":{"value":0}}
{"ts":1669476320158903315,"type":"point","name":"exType:baseline/permutationIndex:0/run:49/dialer:center/eavesCount:0/latencyMS:100/seq:5/fileSize:153600/nodeType:Passive/nodeTypeIndex:2/meta:dup_blks_rcvd","measures":{"value":0}}
{"ts":1669476323076617527,"type":"point","name":"exType:baseline/permutationIndex:0/run:50/dialer:center/eavesCount:0/latencyMS:100/seq:5/fileSize:153600/nodeType:Passive/nodeTypeIndex:2/meta:msgs_rcvd","measures":{"value":7}}
{"ts":1669476323076660006,"type":"point","name":"exType:baseline/permutationIndex:0/run:50/dialer:center/eavesCount:0/latencyMS:100/seq:5/fileSize:153600/nodeType:Passive/nodeTypeIndex:2/meta:data_sent","measures":{"value":0}}
{"ts":1669476323076674014,"type":"point","name":"exType:baseline/permutationIndex:0/run:50/dialer:center/eavesCount:0/latencyMS:100/seq:5/fileSize:153600/nodeType:Passive/nodeTypeIndex:2/meta:data_rcvd","measures":{"value":0}}
{"ts":1669476323076684129,"type":"point","name":"exType:baseline/permutationIndex:0/run:50/dialer:center/eavesCount:0/latencyMS:100/seq:5/fileSize:153600/nodeType:Passive/nodeTypeIndex:2/meta:dup_data_rcvd","measures":{"value":0}}
{"ts":1669476323076693165,"type":"point","name":"exType:baseline/permutationIndex:0/run:50/dialer:center/eavesCount:0/latencyMS:100/seq:5/fileSize:153600/nodeType:Passive/nodeTypeIndex:2/meta:blks_sent","measures":{"value":0}}
{"ts":1669476323076702271,"type":"point","name":"exType:baseline/permutationIndex:0/run:50/dialer:center/eavesCount:0/latencyMS:100/seq:5/fileSize:153600/nodeType:Passive/nodeTypeIndex:2/meta:blks_rcvd","measures":{"value":0}}
{"ts":1669476323076711121,"type":"point","name":"exType:baseline/permutationIndex:0/run:50/dialer:center/eavesCount:0/latencyMS:100/seq:5/fileSize:153600/nodeType:Passive/nodeTypeIndex:2/meta:dup_blks_rcvd","measures":{"value":0}}
{"ts":1669476325970030365,"type":"point","name":"exType:baseline/permutationIndex:0/run:51/dialer:center/eavesCount:0/latencyMS:100/seq:5/fileSize:153600/nodeType:Passive/nodeTypeIndex:2/meta:msgs_rcvd","measures":{"value":3}}
{"ts":1669476325970094168,"type":"point","name":"exType:baseline/permutationIndex:0/run:51/dialer:center/eavesCount:0/latencyMS:100/seq:5/fileSize:153600/nodeType:Passive/nodeTypeIndex:2/meta:data_sent","measures":{"value":0}}
{"ts":1669476325970115066,"type":"point","name":"exType:baseline/permutationIndex:0/run:51/dialer:center/eavesCount:0/latencyMS:100/seq:5/fileSize:153600/nodeType:Passive/nodeTypeIndex:2/meta:data_rcvd","measures":{"value":0}}
{"ts":1669476325970133530,"type":"point","name":"exType:baseline/permutationIndex:0/run:51/dialer:center/eavesCount:0/latencyMS:100/seq:5/fileSize:153600/nodeType:Passive/nodeTypeIndex:2/meta:dup_data_rcvd","measures":{"value":0}}
{"ts":1669476325970150469,"type":"point","name":"exType:baseline/permutationIndex:0/run:51/dialer:center/eavesCount:0/latencyMS:100/seq:5/fileSize:153600/nodeType:Passive/nodeTypeIndex:2/meta:blks_sent","measures":{"value":0}}
{"ts":1669476325970168362,"type":"point","name":"exType:baseline/permutationIndex:0/run:51/dialer:center/eavesCount:0/latencyMS:100/seq:5/fileSize:153600/nodeType:Passive/nodeTypeIndex:2/meta:blks_rcvd","measures":{"value":0}}
{"ts":1669476325970185458,"type":"point","name":"exType:baseline/permutationIndex:0/run:51/dialer:center/eavesCount:0/latencyMS:100/seq:5/fileSize:153600/nodeType:Passive/nodeTypeIndex:2/meta:dup_blks_rcvd","measures":{"value":0}}
{"ts":1669476328841557921,"type":"point","name":"exType:baseline/permutationIndex:0/run:52/dialer:center/eavesCount:0/latencyMS:100/seq:5/fileSize:153600/nodeType:Passive/nodeTypeIndex:2/meta:msgs_rcvd","measures":{"value":10}}
{"ts":1669476328841579327,"type":"point","name":"exType:baseline/permutationIndex:0/run:52/dialer:center/eavesCount:0/latencyMS:100/seq:5/fileSize:153600/nodeType:Passive/nodeTypeIndex:2/meta:data_sent","measures":{"value":0}}
{"ts":1669476328841583926,"type":"point","name":"exType:baseline/permutationIndex:0/run:52/dialer:center/eavesCount:0/latencyMS:100/seq:5/fileSize:153600/nodeType:Passive/nodeTypeIndex:2/meta:data_rcvd","measures":{"value":0}}
{"ts":1669476328841597946,"type":"point","name":"exType:baseline/permutationIndex:0/run:52/dialer:center/eavesCount:0/latencyMS:100/seq:5/fileSize:153600/nodeType:Passive/nodeTypeIndex:2/meta:dup_data_rcvd","measures":{"value":0}}
{"ts":1669476328841602179,"type":"point","name":"exType:baseline/permutationIndex:0/run:52/dialer:center/eavesCount:0/latencyMS:100/seq:5/fileSize:153600/nodeType:Passive/nodeTypeIndex:2/meta:blks_sent","measures":{"value":0}}
{"ts":1669476328841606099,"type":"point","name":"exType:baseline/permutationIndex:0/run:52/dialer:center/eavesCount:0/latencyMS:100/seq:5/fileSize:153600/nodeType:Passive/nodeTypeIndex:2/meta:blks_rcvd","measures":{"value":0}}
{"ts":1669476328841609716,"type":"point","name":"exType:baseline/permutationIndex:0/run:52/dialer:center/eavesCount:0/latencyMS:100/seq:5/fileSize:153600/nodeType:Passive/nodeTypeIndex:2/meta:dup_blks_rcvd","measures":{"value":0}}
{"ts":1669476331547835789,"type":"point","name":"exType:baseline/permutationIndex:0/run:53/dialer:center/eavesCount:0/latencyMS:100/seq:5/fileSize:153600/nodeType:Passive/nodeTypeIndex:2/meta:msgs_rcvd","measures":{"value":8}}
{"ts":1669476331547900616,"type":"point","name":"exType:baseline/permutationIndex:0/run:53/dialer:center/eavesCount:0/latencyMS:100/seq:5/fileSize:153600/nodeType:Passive/nodeTypeIndex:2/meta:data_sent","measures":{"value":0}}
{"ts":1669476331547916127,"type":"point","name":"exType:baseline/permutationIndex:0/run:53/dialer:center/eavesCount:0/latencyMS:100/seq:5/fileSize:153600/nodeType:Passive/nodeTypeIndex:2/meta:data_rcvd","measures":{"value":0}}
{"ts":1669476331547926686,"type":"point","name":"exType:baseline/permutationIndex:0/run:53/dialer:center/eavesCount:0/latencyMS:100/seq:5/fileSize:153600/nodeType:Passive/nodeTypeIndex:2/meta:dup_data_rcvd","measures":{"value":0}}
{"ts":1669476331547936719,"type":"point","name":"exType:baseline/permutationIndex:0/run:53/dialer:center/eavesCount:0/latencyMS:100/seq:5/fileSize:153600/nodeType:Passive/nodeTypeIndex:2/meta:blks_sent","measures":{"value":0}}
{"ts":1669476331547947649,"type":"point","name":"exType:baseline/permutationIndex:0/run:53/dialer:center/eavesCount:0/latencyMS:100/seq:5/fileSize:153600/nodeType:Passive/nodeTypeIndex:2/meta:blks_rcvd","measures":{"value":0}}
{"ts":1669476331547957424,"type":"point","name":"exType:baseline/permutationIndex:0/run:53/dialer:center/eavesCount:0/latencyMS:100/seq:5/fileSize:153600/nodeType:Passive/nodeTypeIndex:2/meta:dup_blks_rcvd","measures":{"value":0}}
