{"ts":1669476176251530497,"type":"point","name":"exType:baseline/permutationIndex:0/run:1/dialer:center/eavesCount:0/latencyMS:100/seq:3/fileSize:153600/nodeType:Passive/nodeTypeIndex:0/meta:msgs_rcvd","measures":{"value":27}}
{"ts":1669476176251711949,"type":"point","name":"exType:baseline/permutationIndex:0/run:1/dialer:center/eavesCount:0/latencyMS:100/seq:3/fileSize:153600/nodeType:Passive/nodeTypeIndex:0/meta:data_sent","measures":{"value":0}}
{"ts":1669476176251733015,"type":"point","name":"exType:baseline/permutationIndex:0/run:1/dialer:center/eavesCount:0/latencyMS:100/seq:3/fileSize:153600/nodeType:Passive/nodeTypeIndex:0/meta:data_rcvd","measures":{"value":0}}
{"ts":1669476176251746657,"type":"point","name":"exType:baseline/permutationIndex:0/run:1/dialer:center/eavesCount:0/latencyMS:100/seq:3/fileSize:153600/nodeType:Passive/nodeTypeIndex:0/meta:dup_data_rcvd","measures":{"value":0}}
{"ts":1669476176251760537,"type":"point","name":"exType:baseline/permutationIndex:0/run:1/dialer:center/eavesCount:0/latencyMS:100/seq:3/fileSize:153600/nodeType:Passive/nodeTypeIndex:0/meta:blks_sent","measures":{"value":0}}
{"ts":1669476176251783508,"type":"point","name":"exType:baseline/permutationIndex:0/run:1/dialer:center/eavesCount:0/latencyMS:100/seq:3/fileSize:153600/nodeType:Passive/nodeTypeIndex:0/meta:blks_rcvd","measures":{"value":0}}
{"ts":1669476176251797345,"type":"point","name":"exType:baseline/permutationIndex:0/run:1/dialer:center/eavesCount:0/latencyMS:100/seq:3/fileSize:153600/nodeType:Passive/nodeTypeIndex:0/meta:dup_blks_rcvd","measures":{"value":0}}
{"ts":1669476179129627748,"type":"point","name":"exType:baseline/permutationIndex:0/run:2/dialer:center/eavesCount:0/latencyMS:100/seq:3/fileSize:153600/nodeType:Passive/nodeTypeIndex:0/meta:msgs_rcvd","measures":{"value":6}}
{"ts":1669476179129704650,"type":"point","name":"exType:baseline/permutationIndex:0/run:2/dialer:center/eavesCount:0/latencyMS:100/seq:3/fileSize:153600/nodeType:Passive/nodeTypeIndex:0/meta:data_sent","measures":{"value":0}}
{"ts":1669476179129726384,"type":"point","name":"exType:baseline/permutationIndex:0/run:2/dialer:center/eavesCount:0/latencyMS:100/seq:3/fileSize:153600/nodeType:Passive/nodeTypeIndex:0/meta:data_rcvd","measures":{"value":0}}
{"ts":1669476179129747863,"type":"point","name":"exType:baseline/permutationIndex:0/run:2/dialer:center/eavesCount:0/latencyMS:100/seq:3/fileSize:153600/nodeType:Passive/nodeTypeIndex:0/meta:dup_data_rcvd","measures":{"value":0}}
{"ts":1669476179129766645,"type":"point","name":"exType:baseline/permutationIndex:0/run:2/dialer:center/eavesCount:0/latencyMS:100/seq:3/fileSize:153600/nodeType:Passive/nodeTypeIndex:0/meta:blks_sent","measures":{"value":0}}
{"ts":1669476179129786685,"type":"point","name":"exType:baseline/permutationIndex:0/run:2/dialer:center/eavesCount:0/latencyMS:100/seq:3/fileSize:153600/nodeType:Passive/nodeTypeIndex:0/meta:blks_rcvd","measures":{"value":0}}
{"ts":1669476179129805668,"type":"point","name":"exType:baseline/permutationIndex:0/run:2/dialer:center/eavesCount:0/latencyMS:100/seq:3/fileSize:153600/nodeType:Passive/nodeTypeIndex:0/meta:dup_blks_rcvd","measures":{"value":0}}
{"ts":1669476182103478860,"type":"point","name":"exType:baseline/permutationIndex:0/run:3/dialer:center/eavesCount:0/latencyMS:100/seq:3/fileSize:153600/nodeType:Passive/nodeTypeIndex:0/meta:msgs_rcvd","measures":{"value":3}}
{"ts":1669476182103498777,"type":"point","name":"exType:baseline/permutationIndex:0/run:3/dialer:center/eavesCount:0/latencyMS:100/seq:3/fileSize:153600/nodeType:Passive/nodeTypeIndex:0/meta:data_sent","measures":{"value":0}}
{"ts":1669476182103502972,"type":"point","name":"exType:baseline/permutationIndex:0/run:3/dialer:center/eavesCount:0/latencyMS:100/seq:3/fileSize:153600/nodeType:Passive/nodeTypeIndex:0/meta:data_rcvd","measures":{"value":0}}
{"ts":1669476182103505524,"type":"point","name":"exType:baseline/permutationIndex:0/run:3/dialer:center/eavesCount:0/latencyMS:100/seq:3/fileSize:153600/nodeType:Passive/nodeTypeIndex:0/meta:dup_data_rcvd","measures":{"value":0}}
{"ts":1669476182103507831,"type":"point","name":"exType:baseline/permutationIndex:0/run:3/dialer:center/eavesCount:0/latencyMS:100/seq:3/fileSize:153600/nodeType:Passive/nodeTypeIndex:0/meta:blks_sent","measures":{"value":0}}
{"ts":1669476182103516449,"type":"point","name":"exType:baseline/permutationIndex:0/run:3/dialer:center/eavesCount:0/latencyMS:100/seq:3/fileSize:153600/nodeType:Passive/nodeTypeIndex:0/meta:blks_rcvd","measures":{"value":0}}
{"ts":1669476182103518865,"type":"point","name":"exType:baseline/permutationIndex:0/run:3/dialer:center/eavesCount:0/latencyMS:100/seq:3/fileSize:153600/nodeType:Passive/nodeTypeIndex:0/meta:dup_blks_rcvd","measures":{"value":0}}
{"ts":1669476185028867144,"type":"point","name":"exType:baseline/permutationIndex:0/run:4/dialer:center/eavesCount:0/latencyMS:100/seq:3/fileSize:153600/nodeType:Passive/nodeTypeIndex:0/meta:msgs_rcvd","measures":{"value":31}}
{"ts":1669476185028968407,"type":"point","name":"exType:baseline/permutationIndex:0/run:4/dialer:center/eavesCount:0/latencyMS:100/seq:3/fileSize:153600/nodeType:Passive/nodeTypeIndex:0/meta:data_sent","measures":{"value":0}}
{"ts":1669476185028995354,"type":"point","name":"exType:baseline/permutationIndex:0/run:4/dialer:center/eavesCount:0/latencyMS:100/seq:3/fileSize:153600/nodeType:Passive/nodeTypeIndex:0/meta:data_rcvd","measures":{"value":0}}
{"ts":1669476185029013332,"type":"point","name":"exType:baseline/permutationIndex:0/run:4/dialer:center/eavesCount:0/latencyMS:100/seq:3/fileSize:153600/nodeType:Passive/nodeTypeIndex:0/meta:dup_data_rcvd","measures":{"value":0}}
{"ts":1669476185029033788,"type":"point","name":"exType:baseline/permutationIndex:0/run:4/dialer:center/eavesCount:0/latencyMS:100/seq:3/fileSize:153600/nodeType:Passive/nodeTypeIndex:0/meta:blks_sent","measures":{"value":0}}
{"ts":1669476185029053409,"type":"point","name":"exType:baseline/permutationIndex:0/run:4/dialer:center/eavesCount:0/latencyMS:100/seq:3/fileSize:153600/nodeType:Passive/nodeTypeIndex:0/meta:blks_rcvd","measures":{"value":0}}
{"ts":1669476185029074114,"type":"point","name":"exType:baseline/permutationIndex:0/run:4/dialer:center/eavesCount:0/latencyMS:100/seq:3/fileSize:153600/nodeType:Passive/nodeTypeIndex:0/meta:dup_blks_rcvd","measures":{"value":0}}
{"ts":1669476187641562256,"type":"point","name":"exType:baseline/permutationIndex:0/run:5/dialer:center/eavesCount:0/latencyMS:100/seq:3/fileSize:153600/nodeType:Passive/nodeTypeIndex:0/meta:msgs_rcvd","measures":{"value":4}}
{"ts":1669476187641582328,"type":"point","name":"exType:baseline/permutationIndex:0/run:5/dialer:center/eavesCount:0/latencyMS:100/seq:3/fileSize:153600/nodeType:Passive/nodeTypeIndex:0/meta:data_sent","measures":{"value":0}}
{"ts":1669476187641586994,"type":"point","name":"exType:baseline/permutationIndex:0/run:5/dialer:center/eavesCount:0/latencyMS:100/seq:3/fileSize:153600/nodeType:Passive/nodeTypeIndex:0/meta:data_rcvd","measures":{"value":0}}
{"ts":1669476187641590418,"type":"point","name":"exType:baseline/permutationIndex:0/run:5/dialer:center/eavesCount:0/latencyMS:100/seq:3/fileSize:153600/nodeType:Passive/nodeTypeIndex:0/meta:dup_data_rcvd","measures":{"value":0}}
{"ts":1669476187641594214,"type":"point","name":"exType:baseline/permutationIndex:0/run:5/dialer:center/eavesCount:0/latencyMS:100/seq:3/fileSize:153600/nodeType:Passive/nodeTypeIndex:0/meta:blks_sent","measures":{"value":0}}
{"ts":1669476187641598421,"type":"point","name":"exType:baseline/permutationIndex:0/run:5/dialer:center/eavesCount:0/latencyMS:100/seq:3/fileSize:153600/nodeType:Passive/nodeTypeIndex:0/meta:blks_rcvd","measures":{"value":0}}
{"ts":1669476187641601851,"type":"point","name":"exType:baseline/permutationIndex:0/run:5/dialer:center/eavesCount:0/latencyMS:100/seq:3/fileSize:153600/nodeType:Passive/nodeTypeIndex:0/meta:dup_blks_rcvd","measures":{"value":0}}
{"ts":1669476190233139604,"type":"point","name":"exType:baseline/permutationIndex:0/run:6/dialer:center/eavesCount:0/latencyMS:100/seq:3/fileSize:153600/nodeType:Passive/nodeTypeIndex:0/meta:msgs_rcvd","measures":{"value":5}}
{"ts":1669476190233250237,"type":"point","name":"exType:baseline/permutationIndex:0/run:6/dialer:center/eavesCount:0/latencyMS:100/seq:3/fileSize:153600/nodeType:Passive/nodeTypeIndex:0/meta:data_sent","measures":{"value":0}}
{"ts":1669476190233312200,"type":"point","name":"exType:baseline/permutationIndex:0/run:6/dialer:center/eavesCount:0/latencyMS:100/seq:3/fileSize:153600/nodeType:Passive/nodeTypeIndex:0/meta:data_rcvd","measures":{"value":0}}
{"ts":1669476190233327669,"type":"point","name":"exType:baseline/permutationIndex:0/run:6/dialer:center/eavesCount:0/latencyMS:100/seq:3/fileSize:153600/nodeType:Passive/nodeTypeIndex:0/meta:dup_data_rcvd","measures":{"value":0}}
{"ts":1669476190233342904,"type":"point","name":"exType:baseline/permutationIndex:0/run:6/dialer:center/eavesCount:0/latencyMS:100/seq:3/fileSize:153600/nodeType:Passive/nodeTypeIndex:0/meta:blks_sent","measures":{"value":0}}
{"ts":1669476190233363201,"type":"point","name":"exType:baseline/permutationIndex:0/run:6/dialer:center/eavesCount:0/latencyMS:100/seq:3/fileSize:153600/nodeType:Passive/nodeTypeIndex:0/meta:blks_rcvd","measures":{"value":0}}
{"ts":1669476190233381978,"type":"point","name":"exType:baseline/permutationIndex:0/run:6/dialer:center/eavesCount:0/latencyMS:100/seq:3/fileSize:153600/nodeType:Passive/nodeTypeIndex:0/meta:dup_blks_rcvd","measures":{"value":0}}
{"ts":1669476193149054183,"type":"point","name":"exType:baseline/permutationIndex:0/run:7/dialer:center/eavesCount:0/latencyMS:100/seq:3/fileSize:153600/nodeType:Passive/nodeTypeIndex:0/meta:msgs_rcvd","measures":{"value":5}}
{"ts":1669476193149074092,"type":"point","name":"exType:baseline/permutationIndex:0/run:7/dialer:center/eavesCount:0/latencyMS:100/seq:3/fileSize:153600/nodeType:Passive/nodeTypeIndex:0/meta:data_sent","measures":{"value":0}}
{"ts":1669476193149079886,"type":"point","name":"exType:baseline/permutationIndex:0/run:7/dialer:center/eavesCount:0/latencyMS:100/seq:3/fileSize:153600/nodeType:Passive/nodeTypeIndex:0/meta:data_rcvd","measures":{"value":0}}
{"ts":1669476193149081936,"type":"point","name":"exType:baseline/permutationIndex:0/run:7/dialer:center/eavesCount:0/latencyMS:100/seq:3/fileSize:153600/nodeType:Passive/nodeTypeIndex:0/meta:dup_data_rcvd","measures":{"value":0}}
{"ts":1669476193149085090,"type":"point","name":"exType:baseline/permutationIndex:0/run:7/dialer:center/eavesCount:0/latencyMS:100/seq:3/fileSize:153600/nodeType:Passive/nodeTypeIndex:0/meta:blks_sent","measures":{"value":0}}
{"ts":1669476193149088333,"type":"point","name":"exType:baseline/permutationIndex:0/run:7/dialer:center/eavesCount:0/latencyMS:100/seq:3/fileSize:153600/nodeType:Passive/nodeTypeIndex:0/meta:blks_rcvd","measures":{"value":0}}
{"ts":1669476193149091741,"type":"point","name":"exType:baseline/permutationIndex:0/run:7/dialer:center/eavesCount:0/latencyMS:100/seq:3/fileSize:153600/nodeType:Passive/nodeTypeIndex:0/meta:dup_blks_rcvd","measures":{"value":0}}
{"ts":1669476196485500545,"type":"point","name":"exType:baseline/permutationIndex:0/run:8/dialer:center/eavesCount:0/latencyMS:100/seq:3/fileSize:153600/nodeType:Passive/nodeTypeIndex:0/meta:msgs_rcvd","measures":{"value":5}}
{"ts":1669476196485525498,"type":"point","name":"exType:baseline/permutationIndex:0/run:8/dialer:center/eavesCount:0/latencyMS:100/seq:3/fileSize:153600/nodeType:Passive/nodeTypeIndex:0/meta:data_sent","measures":{"value":0}}
{"ts":1669476196485530827,"type":"point","name":"exType:baseline/permutationIndex:0/run:8/dialer:center/eavesCount:0/latencyMS:100/seq:3/fileSize:153600/nodeType:Passive/nodeTypeIndex:0/meta:data_rcvd","measures":{"value":0}}
{"ts":1669476196485534359,"type":"point","name":"exType:baseline/permutationIndex:0/run:8/dialer:center/eavesCount:0/latencyMS:100/seq:3/fileSize:153600/nodeType:Passive/nodeTypeIndex:0/meta:dup_data_rcvd","measures":{"value":0}}
{"ts":1669476196485537875,"type":"point","name":"exType:baseline/permutationIndex:0/run:8/dialer:center/eavesCount:0/latencyMS:100/seq:3/fileSize:153600/nodeType:Passive/nodeTypeIndex:0/meta:blks_sent","measures":{"value":0}}
{"ts":1669476196485543477,"type":"point","name":"exType:baseline/permutationIndex:0/run:8/dialer:center/eavesCount:0/latencyMS:100/seq:3/fileSize:153600/nodeType:Passive/nodeTypeIndex:0/meta:blks_rcvd","measures":{"value":0}}
{"ts":1669476196485552620,"type":"point","name":"exType:baseline/permutationIndex:0/run:8/dialer:center/eavesCount:0/latencyMS:100/seq:3/fileSize:153600/nodeType:Passive/nodeTypeIndex:0/meta:dup_blks_rcvd","measures":{"value":0}}
{"ts":1669476199599429670,"type":"point","name":"exType:baseline/permutationIndex:0/run:9/dialer:center/eavesCount:0/latencyMS:100/seq:3/fileSize:153600/nodeType:Passive/nodeTypeIndex:0/meta:msgs_rcvd","measures":{"value":6}}
{"ts":1669476199599462652,"type":"point","name":"exType:baseline/permutationIndex:0/run:9/dialer:center/eavesCount:0/latencyMS:100/seq:3/fileSize:153600/nodeType:Passive/nodeTypeIndex:0/meta:data_sent","measures":{"value":0}}
{"ts":1669476199599469118,"type":"point","name":"exType:baseline/permutationIndex:0/run:9/dialer:center/eavesCount:0/latencyMS:100/seq:3/fileSize:153600/nodeType:Passive/nodeTypeIndex:0/meta:data_rcvd","measures":{"value":0}}
{"ts":1669476199599474779,"type":"point","name":"exType:baseline/permutationIndex:0/run:9/dialer:center/eavesCount:0/latencyMS:100/seq:3/fileSize:153600/nodeType:Passive/nodeTypeIndex:0/meta:dup_data_rcvd","measures":{"value":0}}
{"ts":1669476199599478390,"type":"point","name":"exType:baseline/permutationIndex:0/run:9/dialer:center/eavesCount:0/latencyMS:100/seq:3/fileSize:153600/nodeType:Passive/nodeTypeIndex:0/meta:blks_sent","measures":{"value":0}}
{"ts":1669476199599481934,"type":"point","name":"exType:baseline/permutationIndex:0/run:9/dialer:center/eavesCount:0/latencyMS:100/seq:3/fileSize:153600/nodeType:Passive/nodeTypeIndex:0/meta:blks_rcvd","measures":{"value":0}}
{"ts":1669476199599485477,"type":"point","name":"exType:baseline/permutationIndex:0/run:9/dialer:center/eavesCount:0/latencyMS:100/seq:3/fileSize:153600/nodeType:Passive/nodeTypeIndex:0/meta:dup_blks_rcvd","measures":{"value":0}}
{"ts":1669476202936051426,"type":"point","name":"exType:baseline/permutationIndex:0/run:10/dialer:center/eavesCount:0/latencyMS:100/seq:3/fileSize:153600/nodeType:Passive/nodeTypeIndex:0/meta:msgs_rcvd","measures":{"value":3}}
{"ts":1669476202936073701,"type":"point","name":"exType:baseline/permutationIndex:0/run:10/dialer:center/eavesCount:0/latencyMS:100/seq:3/fileSize:153600/nodeType:Passive/nodeTypeIndex:0/meta:data_sent","measures":{"value":0}}
{"ts":1669476202936077085,"type":"point","name":"exType:baseline/permutationIndex:0/run:10/dialer:center/eavesCount:0/latencyMS:100/seq:3/fileSize:153600/nodeType:Passive/nodeTypeIndex:0/meta:data_rcvd","measures":{"value":0}}
{"ts":1669476202936079567,"type":"point","name":"exType:baseline/permutationIndex:0/run:10/dialer:center/eavesCount:0/latencyMS:100/seq:3/fileSize:153600/nodeType:Passive/nodeTypeIndex:0/meta:dup_data_rcvd","measures":{"value":0}}
{"ts":1669476202936082044,"type":"point","name":"exType:baseline/permutationIndex:0/run:10/dialer:center/eavesCount:0/latencyMS:100/seq:3/fileSize:153600/nodeType:Passive/nodeTypeIndex:0/meta:blks_sent","measures":{"value":0}}
{"ts":1669476202936084187,"type":"point","name":"exType:baseline/permutationIndex:0/run:10/dialer:center/eavesCount:0/latencyMS:100/seq:3/fileSize:153600/nodeType:Passive/nodeTypeIndex:0/meta:blks_rcvd","measures":{"value":0}}
{"ts":1669476202936086459,"type":"point","name":"exType:baseline/permutationIndex:0/run:10/dialer:center/eavesCount:0/latencyMS:100/seq:3/fileSize:153600/nodeType:Passive/nodeTypeIndex:0/meta:dup_blks_rcvd","measures":{"value":0}}
{"ts":1669476205859591838,"type":"point","name":"exType:baseline/permutationIndex:0/run:11/dialer:center/eavesCount:0/latencyMS:100/seq:3/fileSize:153600/nodeType:Passive/nodeTypeIndex:0/meta:msgs_rcvd","measures":{"value":3}}
{"ts":1669476205859620844,"type":"point","name":"exType:baseline/permutationIndex:0/run:11/dialer:center/eavesCount:0/latencyMS:100/seq:3/fileSize:153600/nodeType:Passive/nodeTypeIndex:0/meta:data_sent","measures":{"value":0}}
{"ts":1669476205859626941,"type":"point","name":"exType:baseline/permutationIndex:0/run:11/dialer:center/eavesCount:0/latencyMS:100/seq:3/fileSize:153600/nodeType:Passive/nodeTypeIndex:0/meta:data_rcvd","measures":{"value":0}}
{"ts":1669476205859638017,"type":"point","name":"exType:baseline/permutationIndex:0/run:11/dialer:center/eavesCount:0/latencyMS:100/seq:3/fileSize:153600/nodeType:Passive/nodeTypeIndex:0/meta:dup_data_rcvd","measures":{"value":0}}
{"ts":1669476205859642230,"type":"point","name":"exType:baseline/permutationIndex:0/run:11/dialer:center/eavesCount:0/latencyMS:100/seq:3/fileSize:153600/nodeType:Passive/nodeTypeIndex:0/meta:blks_sent","measures":{"value":0}}
{"ts":1669476205859646488,"type":"point","name":"exType:baseline/permutationIndex:0/run:11/dialer:center/eavesCount:0/latencyMS:100/seq:3/fileSize:153600/nodeType:Passive/nodeTypeIndex:0/meta:blks_rcvd","measures":{"value":0}}
{"ts":1669476205859651025,"type":"point","name":"exType:baseline/permutationIndex:0/run:11/dialer:center/eavesCount:0/latencyMS:100/seq:3/fileSize:153600/nodeType:Passive/nodeTypeIndex:0/meta:dup_blks_rcvd","measures":{"value":0}}
{"ts":1669476208447892047,"type":"point","name":"exType:baseline/permutationIndex:0/run:12/dialer:center/eavesCount:0/latencyMS:100/seq:3/fileSize:153600/nodeType:Passive/nodeTypeIndex:0/meta:msgs_rcvd","measures":{"value":3}}
{"ts":1669476208447928855,"type":"point","name":"exType:baseline/permutationIndex:0/run:12/dialer:center/eavesCount:0/latencyMS:100/seq:3/fileSize:153600/nodeType:Passive/nodeTypeIndex:0/meta:data_sent","measures":{"value":0}}
{"ts":1669476208447935306,"type":"point","name":"exType:baseline/permutationIndex:0/run:12/dialer:center/eavesCount:0/latencyMS:100/seq:3/fileSize:153600/nodeType:Passive/nodeTypeIndex:0/meta:data_rcvd","measures":{"value":0}}
{"ts":1669476208447939066,"type":"point","name":"exType:baseline/permutationIndex:0/run:12/dialer:center/eavesCount:0/latencyMS:100/seq:3/fileSize:153600/nodeType:Passive/nodeTypeIndex:0/meta:dup_data_rcvd","measures":{"value":0}}
{"ts":1669476208447942984,"type":"point","name":"exType:baseline/permutationIndex:0/run:12/dialer:center/eavesCount:0/latencyMS:100/seq:3/fileSize:153600/nodeType:Passive/nodeTypeIndex:0/meta:blks_sent","measures":{"value":0}}
{"ts":1669476208447946346,"type":"point","name":"exType:baseline/permutationIndex:0/run:12/dialer:center/eavesCount:0/latencyMS:100/seq:3/fileSize:153600/nodeType:Passive/nodeTypeIndex:0/meta:blks_rcvd","measures":{"value":0}}
{"ts":1669476208447949322,"type":"point","name":"exType:baseline/permutationIndex:0/run:12/dialer:center/eavesCount:0/latencyMS:100/seq:3/fileSize:153600/nodeType:Passive/nodeTypeIndex:0/meta:dup_blks_rcvd","measures":{"value":0}}
{"ts":1669476211192184368,"type":"point","name":"exType:baseline/permutationIndex:0/run:13/dialer:center/eavesCount:0/latencyMS:100/seq:3/fileSize:153600/nodeType:Passive/nodeTypeIndex:0/meta:msgs_rcvd","measures":{"value":4}}
{"ts":1669476211192300668,"type":"point","name":"exType:baseline/permutationIndex:0/run:13/dialer:center/eavesCount:0/latencyMS:100/seq:3/fileSize:153600/nodeType:Passive/nodeTypeIndex:0/meta:data_sent","measures":{"value":0}}
{"ts":1669476211192332351,"type":"point","name":"exType:baseline/permutationIndex:0/run:13/dialer:center/eavesCount:0/latencyMS:100/seq:3/fileSize:153600/nodeType:Passive/nodeTypeIndex:0/meta:data_rcvd","measures":{"value":0}}
{"ts":1669476211192353143,"type":"point","name":"exType:baseline/permutationIndex:0/run:13/dialer:center/eavesCount:0/latencyMS:100/seq:3/fileSize:153600/nodeType:Passive/nodeTypeIndex:0/meta:dup_data_rcvd","measures":{"value":0}}
{"ts":1669476211192372961,"type":"point","name":"exType:baseline/permutationIndex:0/run:13/dialer:center/eavesCount:0/latencyMS:100/seq:3/fileSize:153600/nodeType:Passive/nodeTypeIndex:0/meta:blks_sent","measures":{"value":0}}
{"ts":1669476211192392245,"type":"point","name":"exType:baseline/permutationIndex:0/run:13/dialer:center/eavesCount:0/latencyMS:100/seq:3/fileSize:153600/nodeType:Passive/nodeTypeIndex:0/meta:blks_rcvd","measures":{"value":0}}
{"ts":1669476211192412458,"type":"point","name":"exType:baseline/permutationIndex:0/run:13/dialer:center/eavesCount:0/latencyMS:100/seq:3/fileSize:153600/nodeType:Passive/nodeTypeIndex:0/meta:dup_blks_rcvd","measures":{"value":0}}
{"ts":1669476214045755366,"type":"point","name":"exType:baseline/permutationIndex:0/run:14/dialer:center/eavesCount:0/latencyMS:100/seq:3/fileSize:153600/nodeType:Passive/nodeTypeIndex:0/meta:msgs_rcvd","measures":{"value":8}}
{"ts":1669476214045854669,"type":"point","name":"exType:baseline/permutationIndex:0/run:14/dialer:center/eavesCount:0/latencyMS:100/seq:3/fileSize:153600/nodeType:Passive/nodeTypeIndex:0/meta:data_sent","measures":{"value":0}}
{"ts":1669476214045883406,"type":"point","name":"exType:baseline/permutationIndex:0/run:14/dialer:center/eavesCount:0/latencyMS:100/seq:3/fileSize:153600/nodeType:Passive/nodeTypeIndex:0/meta:data_rcvd","measures":{"value":0}}
{"ts":1669476214045904266,"type":"point","name":"exType:baseline/permutationIndex:0/run:14/dialer:center/eavesCount:0/latencyMS:100/seq:3/fileSize:153600/nodeType:Passive/nodeTypeIndex:0/meta:dup_data_rcvd","measures":{"value":0}}
{"ts":1669476214045924030,"type":"point","name":"exType:baseline/permutationIndex:0/run:14/dialer:center/eavesCount:0/latencyMS:100/seq:3/fileSize:153600/nodeType:Passive/nodeTypeIndex:0/meta:blks_sent","measures":{"value":0}}
{"ts":1669476214045947040,"type":"point","name":"exType:baseline/permutationIndex:0/run:14/dialer:center/eavesCount:0/latencyMS:100/seq:3/fileSize:153600/nodeType:Passive/nodeTypeIndex:0/meta:blks_rcvd","measures":{"value":0}}
{"ts":1669476214045967234,"type":"point","name":"exType:baseline/permutationIndex:0/run:14/dialer:center/eavesCount:0/latencyMS:100/seq:3/fileSize:153600/nodeType:Passive/nodeTypeIndex:0/meta:dup_blks_rcvd","measures":{"value":0}}
{"ts":1669476217364332179,"type":"point","name":"exType:baseline/permutationIndex:0/run:15/dialer:center/eavesCount:0/latencyMS:100/seq:3/fileSize:153600/nodeType:Passive/nodeTypeIndex:0/meta:msgs_rcvd","measures":{"value":20}}
{"ts":1669476217364347127,"type":"point","name":"exType:baseline/permutationIndex:0/run:15/dialer:center/eavesCount:0/latencyMS:100/seq:3/fileSize:153600/nodeType:Passive/nodeTypeIndex:0/meta:data_sent","measures":{"value":0}}
{"ts":1669476217364350094,"type":"point","name":"exType:baseline/permutationIndex:0/run:15/dialer:center/eavesCount:0/latencyMS:100/seq:3/fileSize:153600/nodeType:Passive/nodeTypeIndex:0/meta:data_rcvd","measures":{"value":0}}
{"ts":1669476217364352316,"type":"point","name":"exType:baseline/permutationIndex:0/run:15/dialer:center/eavesCount:0/latencyMS:100/seq:3/fileSize:153600/nodeType:Passive/nodeTypeIndex:0/meta:dup_data_rcvd","measures":{"value":0}}
{"ts":1669476217364354683,"type":"point","name":"exType:baseline/permutationIndex:0/run:15/dialer:center/eavesCount:0/latencyMS:100/seq:3/fileSize:153600/nodeType:Passive/nodeTypeIndex:0/meta:blks_sent","measures":{"value":0}}
{"ts":1669476217364356929,"type":"point","name":"exType:baseline/permutationIndex:0/run:15/dialer:center/eavesCount:0/latencyMS:100/seq:3/fileSize:153600/nodeType:Passive/nodeTypeIndex:0/meta:blks_rcvd","measures":{"value":0}}
{"ts":1669476217364359234,"type":"point","name":"exType:baseline/permutationIndex:0/run:15/dialer:center/eavesCount:0/latencyMS:100/seq:3/fileSize:153600/nodeType:Passive/nodeTypeIndex:0/meta:dup_blks_rcvd","measures":{"value":0}}
{"ts":1669476220875309147,"type":"point","name":"exType:baseline/permutationIndex:0/run:16/dialer:center/eavesCount:0/latencyMS:100/seq:3/fileSize:153600/nodeType:Passive/nodeTypeIndex:0/meta:msgs_rcvd","measures":{"value":3}}
{"ts":1669476220875390518,"type":"point","name":"exType:baseline/permutationIndex:0/run:16/dialer:center/eavesCount:0/latencyMS:100/seq:3/fileSize:153600/nodeType:Passive/nodeTypeIndex:0/meta:data_sent","measures":{"value":0}}
{"ts":1669476220875408192,"type":"point","name":"exType:baseline/permutationIndex:0/run:16/dialer:center/eavesCount:0/latencyMS:100/seq:3/fileSize:153600/nodeType:Passive/nodeTypeIndex:0/meta:data_rcvd","measures":{"value":0}}
{"ts":1669476220875424150,"type":"point","name":"exType:baseline/permutationIndex:0/run:16/dialer:center/eavesCount:0/latencyMS:100/seq:3/fileSize:153600/nodeType:Passive/nodeTypeIndex:0/meta:dup_data_rcvd","measures":{"value":0}}
{"ts":1669476220875533926,"type":"point","name":"exType:baseline/permutationIndex:0/run:16/dialer:center/eavesCount:0/latencyMS:100/seq:3/fileSize:153600/nodeType:Passive/nodeTypeIndex:0/meta:blks_sent","measures":{"value":0}}
{"ts":1669476220875547762,"type":"point","name":"exType:baseline/permutationIndex:0/run:16/dialer:center/eavesCount:0/latencyMS:100/seq:3/fileSize:153600/nodeType:Passive/nodeTypeIndex:0/meta:blks_rcvd","measures":{"value":0}}
{"ts":1669476220875561025,"type":"point","name":"exType:baseline/permutationIndex:0/run:16/dialer:center/eavesCount:0/latencyMS:100/seq:3/fileSize:153600/nodeType:Passive/nodeTypeIndex:0/meta:dup_blks_rcvd","measures":{"value":0}}
{"ts":1669476224235879770,"type":"point","name":"exType:baseline/permutationIndex:0/run:17/dialer:center/eavesCount:0/latencyMS:100/seq:3/fileSize:153600/nodeType:Passive/nodeTypeIndex:0/meta:msgs_rcvd","measures":{"value":4}}
{"ts":1669476224235994629,"type":"point","name":"exType:baseline/permutationIndex:0/run:17/dialer:center/eavesCount:0/latencyMS:100/seq:3/fileSize:153600/nodeType:Passive/nodeTypeIndex:0/meta:data_sent","measures":{"value":0}}
{"ts":1669476224236021622,"type":"point","name":"exType:baseline/permutationIndex:0/run:17/dialer:center/eavesCount:0/latencyMS:100/seq:3/fileSize:153600/nodeType:Passive/nodeTypeIndex:0/meta:data_rcvd","measures":{"value":0}}
{"ts":1669476224236040365,"type":"point","name":"exType:baseline/permutationIndex:0/run:17/dialer:center/eavesCount:0/latencyMS:100/seq:3/fileSize:153600/nodeType:Passive/nodeTypeIndex:0/meta:dup_data_rcvd","measures":{"value":0}}
{"ts":1669476224236059183,"type":"point","name":"exType:baseline/permutationIndex:0/run:17/dialer:center/eavesCount:0/latencyMS:100/seq:3/fileSize:153600/nodeType:Passive/nodeTypeIndex:0/meta:blks_sent","measures":{"value":0}}
{"ts":1669476224236077094,"type":"point","name":"exType:baseline/permutationIndex:0/run:17/dialer:center/eavesCount:0/latencyMS:100/seq:3/fileSize:153600/nodeType:Passive/nodeTypeIndex:0/meta:blks_rcvd","measures":{"value":0}}
{"ts":1669476224236095271,"type":"point","name":"exType:baseline/permutationIndex:0/run:17/dialer:center/eavesCount:0/latencyMS:100/seq:3/fileSize:153600/nodeType:Passive/nodeTypeIndex:0/meta:dup_blks_rcvd","measures":{"value":0}}
{"ts":1669476227155978923,"type":"point","name":"exType:baseline/permutationIndex:0/run:18/dialer:center/eavesCount:0/latencyMS:100/seq:3/fileSize:153600/nodeType:Passive/nodeTypeIndex:0/meta:msgs_rcvd","measures":{"value":11}}
{"ts":1669476227157706160,"type":"point","name":"exType:baseline/permutationIndex:0/run:18/dialer:center/eavesCount:0/latencyMS:100/seq:3/fileSize:153600/nodeType:Passive/nodeTypeIndex:0/meta:data_sent","measures":{"value":0}}
{"ts":1669476227157718889,"type":"point","name":"exType:baseline/permutationIndex:0/run:18/dialer:center/eavesCount:0/latencyMS:100/seq:3/fileSize:153600/nodeType:Passive/nodeTypeIndex:0/meta:data_rcvd","measures":{"value":0}}
{"ts":1669476227157721840,"type":"point","name":"exType:baseline/permutationIndex:0/run:18/dialer:center/eavesCount:0/latencyMS:100/seq:3/fileSize:153600/nodeType:Passive/nodeTypeIndex:0/meta:dup_data_rcvd","measures":{"value":0}}
{"ts":1669476227157724226,"type":"point","name":"exType:baseline/permutationIndex:0/run:18/dialer:center/eavesCount:0/latencyMS:100/seq:3/fileSize:153600/nodeType:Passive/nodeTypeIndex:0/meta:blks_sent","measures":{"value":0}}
{"ts":1669476227157726662,"type":"point","name":"exType:baseline/permutationIndex:0/run:18/dialer:center/eavesCount:0/latencyMS:100/seq:3/fileSize:153600/nodeType:Passive/nodeTypeIndex:0/meta:blks_rcvd","measures":{"value":0}}
{"ts":1669476227157728913,"type":"point","name":"exType:baseline/permutationIndex:0/run:18/dialer:center/eavesCount:0/latencyMS:100/seq:3/fileSize:153600/nodeType:Passive/nodeTypeIndex:0/meta:dup_blks_rcvd","measures":{"value":0}}
{"ts":1669476232066102578,"type":"point","name":"exType:baseline/permutationIndex:0/run:19/dialer:center/eavesCount:0/latencyMS:100/seq:3/fileSize:153600/nodeType:Passive/nodeTypeIndex:0/meta:msgs_rcvd","measures":{"value":7}}
{"ts":1669476232066141554,"type":"point","name":"exType:baseline/permutationIndex:0/run:19/dialer:center/eavesCount:0/latencyMS:100/seq:3/fileSize:153600/nodeType:Passive/nodeTypeIndex:0/meta:data_sent","measures":{"value":0}}
{"ts":1669476232066155938,"type":"point","name":"exType:baseline/permutationIndex:0/run:19/dialer:center/eavesCount:0/latencyMS:100/seq:3/fileSize:153600/nodeType:Passive/nodeTypeIndex:0/meta:data_rcvd","measures":{"value":0}}
{"ts":1669476232066165169,"type":"point","name":"exType:baseline/permutationIndex:0/run:19/dialer:center/eavesCount:0/latencyMS:100/seq:3/fileSize:153600/nodeType:Passive/nodeTypeIndex:0/meta:dup_data_rcvd","measures":{"value":0}}
{"ts":1669476232066173441,"type":"point","name":"exType:baseline/permutationIndex:0/run:19/dialer:center/eavesCount:0/latencyMS:100/seq:3/fileSize:153600/nodeType:Passive/nodeTypeIndex:0/meta:blks_sent","measures":{"value":0}}
{"ts":1669476232066181634,"type":"point","name":"exType:baseline/permutationIndex:0/run:19/dialer:center/eavesCount:0/latencyMS:100/seq:3/fileSize:153600/nodeType:Passive/nodeTypeIndex:0/meta:blks_rcvd","measures":{"value":0}}
{"ts":1669476232066190891,"type":"point","name":"exType:baseline/permutationIndex:0/run:19/dialer:center/eavesCount:0/latencyMS:100/seq:3/fileSize:153600/nodeType:Passive/nodeTypeIndex:0/meta:dup_blks_rcvd","measures":{"value":0}}
{"ts":1669476235879352220,"type":"point","name":"exType:baseline/permutationIndex:0/run:20/dialer:center/eavesCount:0/latencyMS:100/seq:3/fileSize:153600/nodeType:Passive/nodeTypeIndex:0/meta:msgs_rcvd","measures":{"value":5}}
{"ts":1669476235879431501,"type":"point","name":"exType:baseline/permutationIndex:0/run:20/dialer:center/eavesCount:0/latencyMS:100/seq:3/fileSize:153600/nodeType:Passive/nodeTypeIndex:0/meta:data_sent","measures":{"value":0}}
{"ts":1669476235879456092,"type":"point","name":"exType:baseline/permutationIndex:0/run:20/dialer:center/eavesCount:0/latencyMS:100/seq:3/fileSize:153600/nodeType:Passive/nodeTypeIndex:0/meta:data_rcvd","measures":{"value":0}}
{"ts":1669476235879476124,"type":"point","name":"exType:baseline/permutationIndex:0/run:20/dialer:center/eavesCount:0/latencyMS:100/seq:3/fileSize:153600/nodeType:Passive/nodeTypeIndex:0/meta:dup_data_rcvd","measures":{"value":0}}
{"ts":1669476235879495213,"type":"point","name":"exType:baseline/permutationIndex:0/run:20/dialer:center/eavesCount:0/latencyMS:100/seq:3/fileSize:153600/nodeType:Passive/nodeTypeIndex:0/meta:blks_sent","measures":{"value":0}}
{"ts":1669476235879514784,"type":"point","name":"exType:baseline/permutationIndex:0/run:20/dialer:center/eavesCount:0/latencyMS:100/seq:3/fileSize:153600/nodeType:Passive/nodeTypeIndex:0/meta:blks_rcvd","measures":{"value":0}}
{"ts":1669476235879534680,"type":"point","name":"exType:baseline/permutationIndex:0/run:20/dialer:center/eavesCount:0/latencyMS:100/seq:3/fileSize:153600/nodeType:Passive/nodeTypeIndex:0/meta:dup_blks_rcvd","measures":{"value":0}}
{"ts":1669476238763441873,"type":"point","name":"exType:baseline/permutationIndex:0/run:21/dialer:center/eavesCount:0/latencyMS:100/seq:3/fileSize:153600/nodeType:Passive/nodeTypeIndex:0/meta:msgs_rcvd","measures":{"value":2}}
{"ts":1669476238763472825,"type":"point","name":"exType:baseline/permutationIndex:0/run:21/dialer:center/eavesCount:0/latencyMS:100/seq:3/fileSize:153600/nodeType:Passive/nodeTypeIndex:0/meta:data_sent","measures":{"value":0}}
{"ts":1669476238763482018,"type":"point","name":"exType:baseline/permutationIndex:0/run:21/dialer:center/eavesCount:0/latencyMS:100/seq:3/fileSize:153600/nodeType:Passive/nodeTypeIndex:0/meta:data_rcvd","measures":{"value":0}}
{"ts":1669476238763487251,"type":"point","name":"exType:baseline/permutationIndex:0/run:21/dialer:center/eavesCount:0/latencyMS:100/seq:3/fileSize:153600/nodeType:Passive/nodeTypeIndex:0/meta:dup_data_rcvd","measures":{"value":0}}
{"ts":1669476238763502038,"type":"point","name":"exType:baseline/permutationIndex:0/run:21/dialer:center/eavesCount:0/latencyMS:100/seq:3/fileSize:153600/nodeType:Passive/nodeTypeIndex:0/meta:blks_sent","measures":{"value":0}}
{"ts":1669476238763507173,"type":"point","name":"exType:baseline/permutationIndex:0/run:21/dialer:center/eavesCount:0/latencyMS:100/seq:3/fileSize:153600/nodeType:Passive/nodeTypeIndex:0/meta:blks_rcvd","measures":{"value":0}}
{"ts":1669476238763511766,"type":"point","name":"exType:baseline/permutationIndex:0/run:21/dialer:center/eavesCount:0/latencyMS:100/seq:3/fileSize:153600/nodeType:Passive/nodeTypeIndex:0/meta:dup_blks_rcvd","measures":{"value":0}}
{"ts":1669476241670298976,"type":"point","name":"exType:baseline/permutationIndex:0/run:22/dialer:center/eavesCount:0/latencyMS:100/seq:3/fileSize:153600/nodeType:Passive/nodeTypeIndex:0/meta:msgs_rcvd","measures":{"value":2}}
{"ts":1669476241670319579,"type":"point","name":"exType:baseline/permutationIndex:0/run:22/dialer:center/eavesCount:0/latencyMS:100/seq:3/fileSize:153600/nodeType:Passive/nodeTypeIndex:0/meta:data_sent","measures":{"value":0}}
{"ts":1669476241670323350,"type":"point","name":"exType:baseline/permutationIndex:0/run:22/dialer:center/eavesCount:0/latencyMS:100/seq:3/fileSize:153600/nodeType:Passive/nodeTypeIndex:0/meta:data_rcvd","measures":{"value":0}}
{"ts":1669476241670325818,"type":"point","name":"exType:baseline/permutationIndex:0/run:22/dialer:center/eavesCount:0/latencyMS:100/seq:3/fileSize:153600/nodeType:Passive/nodeTypeIndex:0/meta:dup_data_rcvd","measures":{"value":0}}
{"ts":1669476241670328194,"type":"point","name":"exType:baseline/permutationIndex:0/run:22/dialer:center/eavesCount:0/latencyMS:100/seq:3/fileSize:153600/nodeType:Passive/nodeTypeIndex:0/meta:blks_sent","measures":{"value":0}}
{"ts":1669476241670330670,"type":"point","name":"exType:baseline/permutationIndex:0/run:22/dialer:center/eavesCount:0/latencyMS:100/seq:3/fileSize:153600/nodeType:Passive/nodeTypeIndex:0/meta:blks_rcvd","measures":{"value":0}}
{"ts":1669476241670332943,"type":"point","name":"exType:baseline/permutationIndex:0/run:22/dialer:center/eavesCount:0/latencyMS:100/seq:3/fileSize:153600/nodeType:Passive/nodeTypeIndex:0/meta:dup_blks_rcvd","measures":{"value":0}}
{"ts":1669476244381053857,"type":"point","name":"exType:baseline/permutationIndex:0/run:23/dialer:center/eavesCount:0/latencyMS:100/seq:3/fileSize:153600/nodeType:Passive/nodeTypeIndex:0/meta:msgs_rcvd","measures":{"value":2}}
{"ts":1669476244381080410,"type":"point","name":"exType:baseline/permutationIndex:0/run:23/dialer:center/eavesCount:0/latencyMS:100/seq:3/fileSize:153600/nodeType:Passive/nodeTypeIndex:0/meta:data_sent","measures":{"value":0}}
{"ts":1669476244381085932,"type":"point","name":"exType:baseline/permutationIndex:0/run:23/dialer:center/eavesCount:0/latencyMS:100/seq:3/fileSize:153600/nodeType:Passive/nodeTypeIndex:0/meta:data_rcvd","measures":{"value":0}}
{"ts":1669476244381089526,"type":"point","name":"exType:baseline/permutationIndex:0/run:23/dialer:center/eavesCount:0/latencyMS:100/seq:3/fileSize:153600/nodeType:Passive/nodeTypeIndex:0/meta:dup_data_rcvd","measures":{"value":0}}
{"ts":1669476244381092517,"type":"point","name":"exType:baseline/permutationIndex:0/run:23/dialer:center/eavesCount:0/latencyMS:100/seq:3/fileSize:153600/nodeType:Passive/nodeTypeIndex:0/meta:blks_sent","measures":{"value":0}}
{"ts":1669476244381095610,"type":"point","name":"exType:baseline/permutationIndex:0/run:23/dialer:center/eavesCount:0/latencyMS:100/seq:3/fileSize:153600/nodeType:Passive/nodeTypeIndex:0/meta:blks_rcvd","measures":{"value":0}}
{"ts":1669476244381098640,"type":"point","name":"exType:baseline/permutationIndex:0/run:23/dialer:center/eavesCount:0/latencyMS:100/seq:3/fileSize:153600/nodeType:Passive/nodeTypeIndex:0/meta:dup_blks_rcvd","measures":{"value":0}}
{"ts":1669476247292502638,"type":"point","name":"exType:baseline/permutationIndex:0/run:24/dialer:center/eavesCount:0/latencyMS:100/seq:3/fileSize:153600/nodeType:Passive/nodeTypeIndex:0/meta:msgs_rcvd","measures":{"value":2}}
{"ts":1669476247292558902,"type":"point","name":"exType:baseline/permutationIndex:0/run:24/dialer:center/eavesCount:0/latencyMS:100/seq:3/fileSize:153600/nodeType:Passive/nodeTypeIndex:0/meta:data_sent","measures":{"value":0}}
{"ts":1669476247292570361,"type":"point","name":"exType:baseline/permutationIndex:0/run:24/dialer:center/eavesCount:0/latencyMS:100/seq:3/fileSize:153600/nodeType:Passive/nodeTypeIndex:0/meta:data_rcvd","measures":{"value":0}}
{"ts":1669476247292580354,"type":"point","name":"exType:baseline/permutationIndex:0/run:24/dialer:center/eavesCount:0/latencyMS:100/seq:3/fileSize:153600/nodeType:Passive/nodeTypeIndex:0/meta:dup_data_rcvd","measures":{"value":0}}
{"ts":1669476247292587201,"type":"point","name":"exType:baseline/permutationIndex:0/run:24/dialer:center/eavesCount:0/latencyMS:100/seq:3/fileSize:153600/nodeType:Passive/nodeTypeIndex:0/meta:blks_sent","measures":{"value":0}}
{"ts":1669476247292594096,"type":"point","name":"exType:baseline/permutationIndex:0/run:24/dialer:center/eavesCount:0/latencyMS:100/seq:3/fileSize:153600/nodeType:Passive/nodeTypeIndex:0/meta:blks_rcvd","measures":{"value":0}}
{"ts":1669476247292601731,"type":"point","name":"exType:baseline/permutationIndex:0/run:24/dialer:center/eavesCount:0/latencyMS:100/seq:3/fileSize:153600/nodeType:Passive/nodeTypeIndex:0/meta:dup_blks_rcvd","measures":{"value":0}}
{"ts":1669476250166271890,"type":"point","name":"exType:baseline/permutationIndex:0/run:25/dialer:center/eavesCount:0/latencyMS:100/seq:3/fileSize:153600/nodeType:Passive/nodeTypeIndex:0/meta:msgs_rcvd","measures":{"value":4}}
{"ts":1669476250166313494,"type":"point","name":"exType:baseline/permutationIndex:0/run:25/dialer:center/eavesCount:0/latencyMS:100/seq:3/fileSize:153600/nodeType:Passive/nodeTypeIndex:0/meta:data_sent","measures":{"value":0}}
{"ts":1669476250166321217,"type":"point","name":"exType:baseline/permutationIndex:0/run:25/dialer:center/eavesCount:0/latencyMS:100/seq:3/fileSize:153600/nodeType:Passive/nodeTypeIndex:0/meta:data_rcvd","measures":{"value":0}}
{"ts":1669476250166326974,"type":"point","name":"exType:baseline/permutationIndex:0/run:25/dialer:center/eavesCount:0/latencyMS:100/seq:3/fileSize:153600/nodeType:Passive/nodeTypeIndex:0/meta:dup_data_rcvd","measures":{"value":0}}
{"ts":1669476250166332621,"type":"point","name":"exType:baseline/permutationIndex:0/run:25/dialer:center/eavesCount:0/latencyMS:100/seq:3/fileSize:153600/nodeType:Passive/nodeTypeIndex:0/meta:blks_sent","measures":{"value":0}}
{"ts":1669476250166338080,"type":"point","name":"exType:baseline/permutationIndex:0/run:25/dialer:center/eavesCount:0/latencyMS:100/seq:3/fileSize:153600/nodeType:Passive/nodeTypeIndex:0/meta:blks_rcvd","measures":{"value":0}}
{"ts":1669476250166343926,"type":"point","name":"exType:baseline/permutationIndex:0/run:25/dialer:center/eavesCount:0/latencyMS:100/seq:3/fileSize:153600/nodeType:Passive/nodeTypeIndex:0/meta:dup_blks_rcvd","measures":{"value":0}}
{"ts":1669476252884749992,"type":"point","name":"exType:baseline/permutationIndex:0/run:26/dialer:center/eavesCount:0/latencyMS:100/seq:3/fileSize:153600/nodeType:Passive/nodeTypeIndex:0/meta:msgs_rcvd","measures":{"value":3}}
{"ts":1669476252884770228,"type":"point","name":"exType:baseline/permutationIndex:0/run:26/dialer:center/eavesCount:0/latencyMS:100/seq:3/fileSize:153600/nodeType:Passive/nodeTypeIndex:0/meta:data_sent","measures":{"value":0}}
{"ts":1669476252884774165,"type":"point","name":"exType:baseline/permutationIndex:0/run:26/dialer:center/eavesCount:0/latencyMS:100/seq:3/fileSize:153600/nodeType:Passive/nodeTypeIndex:0/meta:data_rcvd","measures":{"value":0}}
{"ts":1669476252884785812,"type":"point","name":"exType:baseline/permutationIndex:0/run:26/dialer:center/eavesCount:0/latencyMS:100/seq:3/fileSize:153600/nodeType:Passive/nodeTypeIndex:0/meta:dup_data_rcvd","measures":{"value":0}}
{"ts":1669476252884788912,"type":"point","name":"exType:baseline/permutationIndex:0/run:26/dialer:center/eavesCount:0/latencyMS:100/seq:3/fileSize:153600/nodeType:Passive/nodeTypeIndex:0/meta:blks_sent","measures":{"value":0}}
{"ts":1669476252884795410,"type":"point","name":"exType:baseline/permutationIndex:0/run:26/dialer:center/eavesCount:0/latencyMS:100/seq:3/fileSize:153600/nodeType:Passive/nodeTypeIndex:0/meta:blks_rcvd","measures":{"value":0}}
{"ts":1669476252884797892,"type":"point","name":"exType:baseline/permutationIndex:0/run:26/dialer:center/eavesCount:0/latencyMS:100/seq:3/fileSize:153600/nodeType:Passive/nodeTypeIndex:0/meta:dup_blks_rcvd","measures":{"value":0}}
{"ts":1669476256096449296,"type":"point","name":"exType:baseline/permutationIndex:0/run:27/dialer:center/eavesCount:0/latencyMS:100/seq:3/fileSize:153600/nodeType:Passive/nodeTypeIndex:0/meta:msgs_rcvd","measures":{"value":7}}
{"ts":1669476256096566956,"type":"point","name":"exType:baseline/permutationIndex:0/run:27/dialer:center/eavesCount:0/latencyMS:100/seq:3/fileSize:153600/nodeType:Passive/nodeTypeIndex:0/meta:data_sent","measures":{"value":0}}
{"ts":1669476256096604839,"type":"point","name":"exType:baseline/permutationIndex:0/run:27/dialer:center/eavesCount:0/latencyMS:100/seq:3/fileSize:153600/nodeType:Passive/nodeTypeIndex:0/meta:data_rcvd","measures":{"value":0}}
{"ts":1669476256096620590,"type":"point","name":"exType:baseline/permutationIndex:0/run:27/dialer:center/eavesCount:0/latencyMS:100/seq:3/fileSize:153600/nodeType:Passive/nodeTypeIndex:0/meta:dup_data_rcvd","measures":{"value":0}}
{"ts":1669476256096632875,"type":"point","name":"exType:baseline/permutationIndex:0/run:27/dialer:center/eavesCount:0/latencyMS:100/seq:3/fileSize:153600/nodeType:Passive/nodeTypeIndex:0/meta:blks_sent","measures":{"value":0}}
{"ts":1669476256096645714,"type":"point","name":"exType:baseline/permutationIndex:0/run:27/dialer:center/eavesCount:0/latencyMS:100/seq:3/fileSize:153600/nodeType:Passive/nodeTypeIndex:0/meta:blks_rcvd","measures":{"value":0}}
{"ts":1669476256096658694,"type":"point","name":"exType:baseline/permutationIndex:0/run:27/dialer:center/eavesCount:0/latencyMS:100/seq:3/fileSize:153600/nodeType:Passive/nodeTypeIndex:0/meta:dup_blks_rcvd","measures":{"value":0}}
{"ts":1669476258988635713,"type":"point","name":"exType:baseline/permutationIndex:0/run:28/dialer:center/eavesCount:0/latencyMS:100/seq:3/fileSize:153600/nodeType:Passive/nodeTypeIndex:0/meta:msgs_rcvd","measures":{"value":4}}
{"ts":1669476258988743172,"type":"point","name":"exType:baseline/permutationIndex:0/run:28/dialer:center/eavesCount:0/latencyMS:100/seq:3/fileSize:153600/nodeType:Passive/nodeTypeIndex:0/meta:data_sent","measures":{"value":0}}
{"ts":1669476258988771670,"type":"point","name":"exType:baseline/permutationIndex:0/run:28/dialer:center/eavesCount:0/latencyMS:100/seq:3/fileSize:153600/nodeType:Passive/nodeTypeIndex:0/meta:data_rcvd","measures":{"value":0}}
{"ts":1669476258988792790,"type":"point","name":"exType:baseline/permutationIndex:0/run:28/dialer:center/eavesCount:0/latencyMS:100/seq:3/fileSize:153600/nodeType:Passive/nodeTypeIndex:0/meta:dup_data_rcvd","measures":{"value":0}}
{"ts":1669476258988813162,"type":"point","name":"exType:baseline/permutationIndex:0/run:28/dialer:center/eavesCount:0/latencyMS:100/seq:3/fileSize:153600/nodeType:Passive/nodeTypeIndex:0/meta:blks_sent","measures":{"value":0}}
{"ts":1669476258988834230,"type":"point","name":"exType:baseline/permutationIndex:0/run:28/dialer:center/eavesCount:0/latencyMS:100/seq:3/fileSize:153600/nodeType:Passive/nodeTypeIndex:0/meta:blks_rcvd","measures":{"value":0}}
{"ts":1669476258988854048,"type":"point","name":"exType:baseline/permutationIndex:0/run:28/dialer:center/eavesCount:0/latencyMS:100/seq:3/fileSize:153600/nodeType:Passive/nodeTypeIndex:0/meta:dup_blks_rcvd","measures":{"value":0}}
{"ts":1669476262439093511,"type":"point","name":"exType:baseline/permutationIndex:0/run:29/dialer:center/eavesCount:0/latencyMS:100/seq:3/fileSize:153600/nodeType:Passive/nodeTypeIndex:0/meta:msgs_rcvd","measures":{"value":3}}
{"ts":1669476262439111425,"type":"point","name":"exType:baseline/permutationIndex:0/run:29/dialer:center/eavesCount:0/latencyMS:100/seq:3/fileSize:153600/nodeType:Passive/nodeTypeIndex:0/meta:data_sent","measures":{"value":0}}
{"ts":1669476262439120188,"type":"point","name":"exType:baseline/permutationIndex:0/run:29/dialer:center/eavesCount:0/latencyMS:100/seq:3/fileSize:153600/nodeType:Passive/nodeTypeIndex:0/meta:data_rcvd","measures":{"value":0}}
{"ts":1669476262439122771,"type":"point","name":"exType:baseline/permutationIndex:0/run:29/dialer:center/eavesCount:0/latencyMS:100/seq:3/fileSize:153600/nodeType:Passive/nodeTypeIndex:0/meta:dup_data_rcvd","measures":{"value":0}}
{"ts":1669476262439125077,"type":"point","name":"exType:baseline/permutationIndex:0/run:29/dialer:center/eavesCount:0/latencyMS:100/seq:3/fileSize:153600/nodeType:Passive/nodeTypeIndex:0/meta:blks_sent","measures":{"value":0}}
{"ts":1669476262439127294,"type":"point","name":"exType:baseline/permutationIndex:0/run:29/dialer:center/eavesCount:0/latencyMS:100/seq:3/fileSize:153600/nodeType:Passive/nodeTypeIndex:0/meta:blks_rcvd","measures":{"value":0}}
{"ts":1669476262439129448,"type":"point","name":"exType:baseline/permutationIndex:0/run:29/dialer:center/eavesCount:0/latencyMS:100/seq:3/fileSize:153600/nodeType:Passive/nodeTypeIndex:0/meta:dup_blks_rcvd","measures":{"value":0}}
{"ts":1669476265313702332,"type":"point","name":"exType:baseline/permutationIndex:0/run:30/dialer:center/eavesCount:0/latencyMS:100/seq:3/fileSize:153600/nodeType:Passive/nodeTypeIndex:0/meta:msgs_rcvd","measures":{"value":4}}
{"ts":1669476265313822478,"type":"point","name":"exType:baseline/permutationIndex:0/run:30/dialer:center/eavesCount:0/latencyMS:100/seq:3/fileSize:153600/nodeType:Passive/nodeTypeIndex:0/meta:data_sent","measures":{"value":0}}
{"ts":1669476265313849446,"type":"point","name":"exType:baseline/permutationIndex:0/run:30/dialer:center/eavesCount:0/latencyMS:100/seq:3/fileSize:153600/nodeType:Passive/nodeTypeIndex:0/meta:data_rcvd","measures":{"value":0}}
{"ts":1669476265313870810,"type":"point","name":"exType:baseline/permutationIndex:0/run:30/dialer:center/eavesCount:0/latencyMS:100/seq:3/fileSize:153600/nodeType:Passive/nodeTypeIndex:0/meta:dup_data_rcvd","measures":{"value":0}}
{"ts":1669476265313889811,"type":"point","name":"exType:baseline/permutationIndex:0/run:30/dialer:center/eavesCount:0/latencyMS:100/seq:3/fileSize:153600/nodeType:Passive/nodeTypeIndex:0/meta:blks_sent","measures":{"value":0}}
{"ts":1669476265313909185,"type":"point","name":"exType:baseline/permutationIndex:0/run:30/dialer:center/eavesCount:0/latencyMS:100/seq:3/fileSize:153600/nodeType:Passive/nodeTypeIndex:0/meta:blks_rcvd","measures":{"value":0}}
{"ts":1669476265313927449,"type":"point","name":"exType:baseline/permutationIndex:0/run:30/dialer:center/eavesCount:0/latencyMS:100/seq:3/fileSize:153600/nodeType:Passive/nodeTypeIndex:0/meta:dup_blks_rcvd","measures":{"value":0}}
{"ts":1669476267928700392,"type":"point","name":"exType:baseline/permutationIndex:0/run:31/dialer:center/eavesCount:0/latencyMS:100/seq:3/fileSize:153600/nodeType:Passive/nodeTypeIndex:0/meta:msgs_rcvd","measures":{"value":4}}
{"ts":1669476267928750166,"type":"point","name":"exType:baseline/permutationIndex:0/run:31/dialer:center/eavesCount:0/latencyMS:100/seq:3/fileSize:153600/nodeType:Passive/nodeTypeIndex:0/meta:data_sent","measures":{"value":0}}
{"ts":1669476267928761719,"type":"point","name":"exType:baseline/permutationIndex:0/run:31/dialer:center/eavesCount:0/latencyMS:100/seq:3/fileSize:153600/nodeType:Passive/nodeTypeIndex:0/meta:data_rcvd","measures":{"value":0}}
{"ts":1669476267928767342,"type":"point","name":"exType:baseline/permutationIndex:0/run:31/dialer:center/eavesCount:0/latencyMS:100/seq:3/fileSize:153600/nodeType:Passive/nodeTypeIndex:0/meta:dup_data_rcvd","measures":{"value":0}}
{"ts":1669476267928772357,"type":"point","name":"exType:baseline/permutationIndex:0/run:31/dialer:center/eavesCount:0/latencyMS:100/seq:3/fileSize:153600/nodeType:Passive/nodeTypeIndex:0/meta:blks_sent","measures":{"value":0}}
{"ts":1669476267928777799,"type":"point","name":"exType:baseline/permutationIndex:0/run:31/dialer:center/eavesCount:0/latencyMS:100/seq:3/fileSize:153600/nodeType:Passive/nodeTypeIndex:0/meta:blks_rcvd","measures":{"value":0}}
{"ts":1669476267928798614,"type":"point","name":"exType:baseline/permutationIndex:0/run:31/dialer:center/eavesCount:0/latencyMS:100/seq:3/fileSize:153600/nodeType:Passive/nodeTypeIndex:0/meta:dup_blks_rcvd","measures":{"value":0}}
{"ts":1669476270635941815,"type":"point","name":"exType:baseline/permutationIndex:0/run:32/dialer:center/eavesCount:0/latencyMS:100/seq:3/fileSize:153600/nodeType:Passive/nodeTypeIndex:0/meta:msgs_rcvd","measures":{"value":3}}
{"ts":1669476270636055467,"type":"point","name":"exType:baseline/permutationIndex:0/run:32/dialer:center/eavesCount:0/latencyMS:100/seq:3/fileSize:153600/nodeType:Passive/nodeTypeIndex:0/meta:data_sent","measures":{"value":0}}
{"ts":1669476270636084791,"type":"point","name":"exType:baseline/permutationIndex:0/run:32/dialer:center/eavesCount:0/latencyMS:100/seq:3/fileSize:153600/nodeType:Passive/nodeTypeIndex:0/meta:data_rcvd","measures":{"value":0}}
{"ts":1669476270636105102,"type":"point","name":"exType:baseline/permutationIndex:0/run:32/dialer:center/eavesCount:0/latencyMS:100/seq:3/fileSize:153600/nodeType:Passive/nodeTypeIndex:0/meta:dup_data_rcvd","measures":{"value":0}}
{"ts":1669476270636122401,"type":"point","name":"exType:baseline/permutationIndex:0/run:32/dialer:center/eavesCount:0/latencyMS:100/seq:3/fileSize:153600/nodeType:Passive/nodeTypeIndex:0/meta:blks_sent","measures":{"value":0}}
{"ts":1669476270636139239,"type":"point","name":"exType:baseline/permutationIndex:0/run:32/dialer:center/eavesCount:0/latencyMS:100/seq:3/fileSize:153600/nodeType:Passive/nodeTypeIndex:0/meta:blks_rcvd","measures":{"value":0}}
{"ts":1669476270636155209,"type":"point","name":"exType:baseline/permutationIndex:0/run:32/dialer:center/eavesCount:0/latencyMS:100/seq:3/fileSize:153600/nodeType:Passive/nodeTypeIndex:0/meta:dup_blks_rcvd","measures":{"value":0}}
{"ts":1669476273531199357,"type":"point","name":"exType:baseline/permutationIndex:0/run:33/dialer:center/eavesCount:0/latencyMS:100/seq:3/fileSize:153600/nodeType:Passive/nodeTypeIndex:0/meta:msgs_rcvd","measures":{"value":6}}
{"ts":1669476273531216944,"type":"point","name":"exType:baseline/permutationIndex:0/run:33/dialer:center/eavesCount:0/latencyMS:100/seq:3/fileSize:153600/nodeType:Passive/nodeTypeIndex:0/meta:data_sent","measures":{"value":0}}
{"ts":1669476273531220614,"type":"point","name":"exType:baseline/permutationIndex:0/run:33/dialer:center/eavesCount:0/latencyMS:100/seq:3/fileSize:153600/nodeType:Passive/nodeTypeIndex:0/meta:data_rcvd","measures":{"value":0}}
{"ts":1669476273531223173,"type":"point","name":"exType:baseline/permutationIndex:0/run:33/dialer:center/eavesCount:0/latencyMS:100/seq:3/fileSize:153600/nodeType:Passive/nodeTypeIndex:0/meta:dup_data_rcvd","measures":{"value":0}}
{"ts":1669476273531225623,"type":"point","name":"exType:baseline/permutationIndex:0/run:33/dialer:center/eavesCount:0/latencyMS:100/seq:3/fileSize:153600/nodeType:Passive/nodeTypeIndex:0/meta:blks_sent","measures":{"value":0}}
{"ts":1669476273531228190,"type":"point","name":"exType:baseline/permutationIndex:0/run:33/dialer:center/eavesCount:0/latencyMS:100/seq:3/fileSize:153600/nodeType:Passive/nodeTypeIndex:0/meta:blks_rcvd","measures":{"value":0}}
{"ts":1669476273531230629,"type":"point","name":"exType:baseline/permutationIndex:0/run:33/dialer:center/eavesCount:0/latencyMS:100/seq:3/fileSize:153600/nodeType:Passive/nodeTypeIndex:0/meta:dup_blks_rcvd","measures":{"value":0}}
{"ts":1669476276424234103,"type":"point","name":"exType:baseline/permutationIndex:0/run:34/dialer:center/eavesCount:0/latencyMS:100/seq:3/fileSize:153600/nodeType:Passive/nodeTypeIndex:0/meta:msgs_rcvd","measures":{"value":5}}
{"ts":1669476276424250403,"type":"point","name":"exType:baseline/permutationIndex:0/run:34/dialer:center/eavesCount:0/latencyMS:100/seq:3/fileSize:153600/nodeType:Passive/nodeTypeIndex:0/meta:data_sent","measures":{"value":0}}
{"ts":1669476276424254066,"type":"point","name":"exType:baseline/permutationIndex:0/run:34/dialer:center/eavesCount:0/latencyMS:100/seq:3/fileSize:153600/nodeType:Passive/nodeTypeIndex:0/meta:data_rcvd","measures":{"value":0}}
{"ts":1669476276424260705,"type":"point","name":"exType:baseline/permutationIndex:0/run:34/dialer:center/eavesCount:0/latencyMS:100/seq:3/fileSize:153600/nodeType:Passive/nodeTypeIndex:0/meta:dup_data_rcvd","measures":{"value":0}}
{"ts":1669476276424263036,"type":"point","name":"exType:baseline/permutationIndex:0/run:34/dialer:center/eavesCount:0/latencyMS:100/seq:3/fileSize:153600/nodeType:Passive/nodeTypeIndex:0/meta:blks_sent","measures":{"value":0}}
{"ts":1669476276424265475,"type":"point","name":"exType:baseline/permutationIndex:0/run:34/dialer:center/eavesCount:0/latencyMS:100/seq:3/fileSize:153600/nodeType:Passive/nodeTypeIndex:0/meta:blks_rcvd","measures":{"value":0}}
{"ts":1669476276424267813,"type":"point","name":"exType:baseline/permutationIndex:0/run:34/dialer:center/eavesCount:0/latencyMS:100/seq:3/fileSize:153600/nodeType:Passive/nodeTypeIndex:0/meta:dup_blks_rcvd","measures":{"value":0}}
{"ts":1669476279292657352,"type":"point","name":"exType:baseline/permutationIndex:0/run:35/dialer:center/eavesCount:0/latencyMS:100/seq:3/fileSize:153600/nodeType:Passive/nodeTypeIndex:0/meta:msgs_rcvd","measures":{"value":4}}
{"ts":1669476279292793155,"type":"point","name":"exType:baseline/permutationIndex:0/run:35/dialer:center/eavesCount:0/latencyMS:100/seq:3/fileSize:153600/nodeType:Passive/nodeTypeIndex:0/meta:data_sent","measures":{"value":0}}
{"ts":1669476279292823011,"type":"point","name":"exType:baseline/permutationIndex:0/run:35/dialer:center/eavesCount:0/latencyMS:100/seq:3/fileSize:153600/nodeType:Passive/nodeTypeIndex:0/meta:data_rcvd","measures":{"value":0}}
{"ts":1669476279292845019,"type":"point","name":"exType:baseline/permutationIndex:0/run:35/dialer:center/eavesCount:0/latencyMS:100/seq:3/fileSize:153600/nodeType:Passive/nodeTypeIndex:0/meta:dup_data_rcvd","measures":{"value":0}}
{"ts":1669476279292866979,"type":"point","name":"exType:baseline/permutationIndex:0/run:35/dialer:center/eavesCount:0/latencyMS:100/seq:3/fileSize:153600/nodeType:Passive/nodeTypeIndex:0/meta:blks_sent","measures":{"value":0}}
{"ts":1669476279292886764,"type":"point","name":"exType:baseline/permutationIndex:0/run:35/dialer:center/eavesCount:0/latencyMS:100/seq:3/fileSize:153600/nodeType:Passive/nodeTypeIndex:0/meta:blks_rcvd","measures":{"value":0}}
{"ts":1669476279292905896,"type":"point","name":"exType:baseline/permutationIndex:0/run:35/dialer:center/eavesCount:0/latencyMS:100/seq:3/fileSize:153600/nodeType:Passive/nodeTypeIndex:0/meta:dup_blks_rcvd","measures":{"value":0}}
{"ts":1669476281962611072,"type":"point","name":"exType:baseline/permutationIndex:0/run:36/dialer:center/eavesCount:0/latencyMS:100/seq:3/fileSize:153600/nodeType:Passive/nodeTypeIndex:0/meta:msgs_rcvd","measures":{"value":6}}
{"ts":1669476281962643607,"type":"point","name":"exType:baseline/permutationIndex:0/run:36/dialer:center/eavesCount:0/latencyMS:100/seq:3/fileSize:153600/nodeType:Passive/nodeTypeIndex:0/meta:data_sent","measures":{"value":0}}
{"ts":1669476281962668943,"type":"point","name":"exType:baseline/permutationIndex:0/run:36/dialer:center/eavesCount:0/latencyMS:100/seq:3/fileSize:153600/nodeType:Passive/nodeTypeIndex:0/meta:data_rcvd","measures":{"value":0}}
{"ts":1669476281962674231,"type":"point","name":"exType:baseline/permutationIndex:0/run:36/dialer:center/eavesCount:0/latencyMS:100/seq:3/fileSize:153600/nodeType:Passive/nodeTypeIndex:0/meta:dup_data_rcvd","measures":{"value":0}}
{"ts":1669476281962678524,"type":"point","name":"exType:baseline/permutationIndex:0/run:36/dialer:center/eavesCount:0/latencyMS:100/seq:3/fileSize:153600/nodeType:Passive/nodeTypeIndex:0/meta:blks_sent","measures":{"value":0}}
{"ts":1669476281962683294,"type":"point","name":"exType:baseline/permutationIndex:0/run:36/dialer:center/eavesCount:0/latencyMS:100/seq:3/fileSize:153600/nodeType:Passive/nodeTypeIndex:0/meta:blks_rcvd","measures":{"value":0}}
{"ts":1669476281962687232,"type":"point","name":"exType:baseline/permutationIndex:0/run:36/dialer:center/eavesCount:0/latencyMS:100/seq:3/fileSize:153600/nodeType:Passive/nodeTypeIndex:0/meta:dup_blks_rcvd","measures":{"value":0}}
{"ts":1669476285052569003,"type":"point","name":"exType:baseline/permutationIndex:0/run:37/dialer:center/eavesCount:0/latencyMS:100/seq:3/fileSize:153600/nodeType:Passive/nodeTypeIndex:0/meta:msgs_rcvd","measures":{"value":3}}
{"ts":1669476285052681498,"type":"point","name":"exType:baseline/permutationIndex:0/run:37/dialer:center/eavesCount:0/latencyMS:100/seq:3/fileSize:153600/nodeType:Passive/nodeTypeIndex:0/meta:data_sent","measures":{"value":0}}
{"ts":1669476285052713135,"type":"point","name":"exType:baseline/permutationIndex:0/run:37/dialer:center/eavesCount:0/latencyMS:100/seq:3/fileSize:153600/nodeType:Passive/nodeTypeIndex:0/meta:data_rcvd","measures":{"value":0}}
{"ts":1669476285052733676,"type":"point","name":"exType:baseline/permutationIndex:0/run:37/dialer:center/eavesCount:0/latencyMS:100/seq:3/fileSize:153600/nodeType:Passive/nodeTypeIndex:0/meta:dup_data_rcvd","measures":{"value":0}}
{"ts":1669476285052755759,"type":"point","name":"exType:baseline/permutationIndex:0/run:37/dialer:center/eavesCount:0/latencyMS:100/seq:3/fileSize:153600/nodeType:Passive/nodeTypeIndex:0/meta:blks_sent","measures":{"value":0}}
{"ts":1669476285052779751,"type":"point","name":"exType:baseline/permutationIndex:0/run:37/dialer:center/eavesCount:0/latencyMS:100/seq:3/fileSize:153600/nodeType:Passive/nodeTypeIndex:0/meta:blks_rcvd","measures":{"value":0}}
{"ts":1669476285052804621,"type":"point","name":"exType:baseline/permutationIndex:0/run:37/dialer:center/eavesCount:0/latencyMS:100/seq:3/fileSize:153600/nodeType:Passive/nodeTypeIndex:0/meta:dup_blks_rcvd","measures":{"value":0}}
{"ts":1669476287789529005,"type":"point","name":"exType:baseline/permutationIndex:0/run:38/dialer:center/eavesCount:0/latencyMS:100/seq:3/fileSize:153600/nodeType:Passive/nodeTypeIndex:0/meta:msgs_rcvd","measures":{"value":4}}
{"ts":1669476287789555112,"type":"point","name":"exType:baseline/permutationIndex:0/run:38/dialer:center/eavesCount:0/latencyMS:100/seq:3/fileSize:153600/nodeType:Passive/nodeTypeIndex:0/meta:data_sent","measures":{"value":0}}
{"ts":1669476287789564254,"type":"point","name":"exType:baseline/permutationIndex:0/run:38/dialer:center/eavesCount:0/latencyMS:100/seq:3/fileSize:153600/nodeType:Passive/nodeTypeIndex:0/meta:data_rcvd","measures":{"value":0}}
{"ts":1669476287789570514,"type":"point","name":"exType:baseline/permutationIndex:0/run:38/dialer:center/eavesCount:0/latencyMS:100/seq:3/fileSize:153600/nodeType:Passive/nodeTypeIndex:0/meta:dup_data_rcvd","measures":{"value":0}}
{"ts":1669476287789585261,"type":"point","name":"exType:baseline/permutationIndex:0/run:38/dialer:center/eavesCount:0/latencyMS:100/seq:3/fileSize:153600/nodeType:Passive/nodeTypeIndex:0/meta:blks_sent","measures":{"value":0}}
{"ts":1669476287789591878,"type":"point","name":"exType:baseline/permutationIndex:0/run:38/dialer:center/eavesCount:0/latencyMS:100/seq:3/fileSize:153600/nodeType:Passive/nodeTypeIndex:0/meta:blks_rcvd","measures":{"value":0}}
{"ts":1669476287789598134,"type":"point","name":"exType:baseline/permutationIndex:0/run:38/dialer:center/eavesCount:0/latencyMS:100/seq:3/fileSize:153600/nodeType:Passive/nodeTypeIndex:0/meta:dup_blks_rcvd","measures":{"value":0}}
{"ts":1669476290699563115,"type":"point","name":"exType:baseline/permutationIndex:0/run:39/dialer:center/eavesCount:0/latencyMS:100/seq:3/fileSize:153600/nodeType:Passive/nodeTypeIndex:0/meta:msgs_rcvd","measures":{"value":4}}
{"ts":1669476290699677873,"type":"point","name":"exType:baseline/permutationIndex:0/run:39/dialer:center/eavesCount:0/latencyMS:100/seq:3/fileSize:153600/nodeType:Passive/nodeTypeIndex:0/meta:data_sent","measures":{"value":0}}
{"ts":1669476290699719617,"type":"point","name":"exType:baseline/permutationIndex:0/run:39/dialer:center/eavesCount:0/latencyMS:100/seq:3/fileSize:153600/nodeType:Passive/nodeTypeIndex:0/meta:data_rcvd","measures":{"value":0}}
{"ts":1669476290699749422,"type":"point","name":"exType:baseline/permutationIndex:0/run:39/dialer:center/eavesCount:0/latencyMS:100/seq:3/fileSize:153600/nodeType:Passive/nodeTypeIndex:0/meta:dup_data_rcvd","measures":{"value":0}}
{"ts":1669476290699800882,"type":"point","name":"exType:baseline/permutationIndex:0/run:39/dialer:center/eavesCount:0/latencyMS:100/seq:3/fileSize:153600/nodeType:Passive/nodeTypeIndex:0/meta:blks_sent","measures":{"value":0}}
{"ts":1669476290699828986,"type":"point","name":"exType:baseline/permutationIndex:0/run:39/dialer:center/eavesCount:0/latencyMS:100/seq:3/fileSize:153600/nodeType:Passive/nodeTypeIndex:0/meta:blks_rcvd","measures":{"value":0}}
{"ts":1669476290699848350,"type":"point","name":"exType:baseline/permutationIndex:0/run:39/dialer:center/eavesCount:0/latencyMS:100/seq:3/fileSize:153600/nodeType:Passive/nodeTypeIndex:0/meta:dup_blks_rcvd","measures":{"value":0}}
{"ts":1669476293796033352,"type":"point","name":"exType:baseline/permutationIndex:0/run:40/dialer:center/eavesCount:0/latencyMS:100/seq:3/fileSize:153600/nodeType:Passive/nodeTypeIndex:0/meta:msgs_rcvd","measures":{"value":5}}
{"ts":1669476293796050728,"type":"point","name":"exType:baseline/permutationIndex:0/run:40/dialer:center/eavesCount:0/latencyMS:100/seq:3/fileSize:153600/nodeType:Passive/nodeTypeIndex:0/meta:data_sent","measures":{"value":0}}
{"ts":1669476293796054563,"type":"point","name":"exType:baseline/permutationIndex:0/run:40/dialer:center/eavesCount:0/latencyMS:100/seq:3/fileSize:153600/nodeType:Passive/nodeTypeIndex:0/meta:data_rcvd","measures":{"value":0}}
{"ts":1669476293796056841,"type":"point","name":"exType:baseline/permutationIndex:0/run:40/dialer:center/eavesCount:0/latencyMS:100/seq:3/fileSize:153600/nodeType:Passive/nodeTypeIndex:0/meta:dup_data_rcvd","measures":{"value":0}}
{"ts":1669476293796059437,"type":"point","name":"exType:baseline/permutationIndex:0/run:40/dialer:center/eavesCount:0/latencyMS:100/seq:3/fileSize:153600/nodeType:Passive/nodeTypeIndex:0/meta:blks_sent","measures":{"value":0}}
{"ts":1669476293796061778,"type":"point","name":"exType:baseline/permutationIndex:0/run:40/dialer:center/eavesCount:0/latencyMS:100/seq:3/fileSize:153600/nodeType:Passive/nodeTypeIndex:0/meta:blks_rcvd","measures":{"value":0}}
{"ts":1669476293796064267,"type":"point","name":"exType:baseline/permutationIndex:0/run:40/dialer:center/eavesCount:0/latencyMS:100/seq:3/fileSize:153600/nodeType:Passive/nodeTypeIndex:0/meta:dup_blks_rcvd","measures":{"value":0}}
{"ts":1669476296426955796,"type":"point","name":"exType:baseline/permutationIndex:0/run:41/dialer:center/eavesCount:0/latencyMS:100/seq:3/fileSize:153600/nodeType:Passive/nodeTypeIndex:0/meta:msgs_rcvd","measures":{"value":8}}
{"ts":1669476296426985638,"type":"point","name":"exType:baseline/permutationIndex:0/run:41/dialer:center/eavesCount:0/latencyMS:100/seq:3/fileSize:153600/nodeType:Passive/nodeTypeIndex:0/meta:data_sent","measures":{"value":0}}
{"ts":1669476296426991476,"type":"point","name":"exType:baseline/permutationIndex:0/run:41/dialer:center/eavesCount:0/latencyMS:100/seq:3/fileSize:153600/nodeType:Passive/nodeTypeIndex:0/meta:data_rcvd","measures":{"value":0}}
{"ts":1669476296426995384,"type":"point","name":"exType:baseline/permutationIndex:0/run:41/dialer:center/eavesCount:0/latencyMS:100/seq:3/fileSize:153600/nodeType:Passive/nodeTypeIndex:0/meta:dup_data_rcvd","measures":{"value":0}}
{"ts":1669476296426999005,"type":"point","name":"exType:baseline/permutationIndex:0/run:41/dialer:center/eavesCount:0/latencyMS:100/seq:3/fileSize:153600/nodeType:Passive/nodeTypeIndex:0/meta:blks_sent","measures":{"value":0}}
{"ts":1669476296427002522,"type":"point","name":"exType:baseline/permutationIndex:0/run:41/dialer:center/eavesCount:0/latencyMS:100/seq:3/fileSize:153600/nodeType:Passive/nodeTypeIndex:0/meta:blks_rcvd","measures":{"value":0}}
{"ts":1669476296427006294,"type":"point","name":"exType:baseline/permutationIndex:0/run:41/dialer:center/eavesCount:0/latencyMS:100/seq:3/fileSize:153600/nodeType:Passive/nodeTypeIndex:0/meta:dup_blks_rcvd","measures":{"value":0}}
{"ts":1669476299111047379,"type":"point","name":"exType:baseline/permutationIndex:0/run:42/dialer:center/eavesCount:0/latencyMS:100/seq:3/fileSize:153600/nodeType:Passive/nodeTypeIndex:0/meta:msgs_rcvd","measures":{"value":3}}
{"ts":1669476299111191702,"type":"point","name":"exType:baseline/permutationIndex:0/run:42/dialer:center/eavesCount:0/latencyMS:100/seq:3/fileSize:153600/nodeType:Passive/nodeTypeIndex:0/meta:data_sent","measures":{"value":0}}
{"ts":1669476299111224840,"type":"point","name":"exType:baseline/permutationIndex:0/run:42/dialer:center/eavesCount:0/latencyMS:100/seq:3/fileSize:153600/nodeType:Passive/nodeTypeIndex:0/meta:data_rcvd","measures":{"value":0}}
{"ts":1669476299111247452,"type":"point","name":"exType:baseline/permutationIndex:0/run:42/dialer:center/eavesCount:0/latencyMS:100/seq:3/fileSize:153600/nodeType:Passive/nodeTypeIndex:0/meta:dup_data_rcvd","measures":{"value":0}}
{"ts":1669476299111270577,"type":"point","name":"exType:baseline/permutationIndex:0/run:42/dialer:center/eavesCount:0/latencyMS:100/seq:3/fileSize:153600/nodeType:Passive/nodeTypeIndex:0/meta:blks_sent","measures":{"value":0}}
{"ts":1669476299111291612,"type":"point","name":"exType:baseline/permutationIndex:0/run:42/dialer:center/eavesCount:0/latencyMS:100/seq:3/fileSize:153600/nodeType:Passive/nodeTypeIndex:0/meta:blks_rcvd","measures":{"value":0}}
{"ts":1669476299111315163,"type":"point","name":"exType:baseline/permutationIndex:0/run:42/dialer:center/eavesCount:0/latencyMS:100/seq:3/fileSize:153600/nodeType:Passive/nodeTypeIndex:0/meta:dup_blks_rcvd","measures":{"value":0}}
{"ts":1669476302343140026,"type":"point","name":"exType:baseline/permutationIndex:0/run:43/dialer:center/eavesCount:0/latencyMS:100/seq:3/fileSize:153600/nodeType:Passive/nodeTypeIndex:0/meta:msgs_rcvd","measures":{"value":5}}
{"ts":1669476302343171878,"type":"point","name":"exType:baseline/permutationIndex:0/run:43/dialer:center/eavesCount:0/latencyMS:100/seq:3/fileSize:153600/nodeType:Passive/nodeTypeIndex:0/meta:data_sent","measures":{"value":0}}
{"ts":1669476302343179167,"type":"point","name":"exType:baseline/permutationIndex:0/run:43/dialer:center/eavesCount:0/latencyMS:100/seq:3/fileSize:153600/nodeType:Passive/nodeTypeIndex:0/meta:data_rcvd","measures":{"value":0}}
{"ts":1669476302343185202,"type":"point","name":"exType:baseline/permutationIndex:0/run:43/dialer:center/eavesCount:0/latencyMS:100/seq:3/fileSize:153600/nodeType:Passive/nodeTypeIndex:0/meta:dup_data_rcvd","measures":{"value":0}}
{"ts":1669476302343190683,"type":"point","name":"exType:baseline/permutationIndex:0/run:43/dialer:center/eavesCount:0/latencyMS:100/seq:3/fileSize:153600/nodeType:Passive/nodeTypeIndex:0/meta:blks_sent","measures":{"value":0}}
{"ts":1669476302343196320,"type":"point","name":"exType:baseline/permutationIndex:0/run:43/dialer:center/eavesCount:0/latencyMS:100/seq:3/fileSize:153600/nodeType:Passive/nodeTypeIndex:0/meta:blks_rcvd","measures":{"value":0}}
{"ts":1669476302343202453,"type":"point","name":"exType:baseline/permutationIndex:0/run:43/dialer:center/eavesCount:0/latencyMS:100/seq:3/fileSize:153600/nodeType:Passive/nodeTypeIndex:0/meta:dup_blks_rcvd","measures":{"value":0}}
{"ts":1669476305750176170,"type":"point","name":"exType:baseline/permutationIndex:0/run:44/dialer:center/eavesCount:0/latencyMS:100/seq:3/fileSize:153600/nodeType:Passive/nodeTypeIndex:0/meta:msgs_rcvd","measures":{"value":2}}
{"ts":1669476305750216968,"type":"point","name":"exType:baseline/permutationIndex:0/run:44/dialer:center/eavesCount:0/latencyMS:100/seq:3/fileSize:153600/nodeType:Passive/nodeTypeIndex:0/meta:data_sent","measures":{"value":0}}
{"ts":1669476305750225386,"type":"point","name":"exType:baseline/permutationIndex:0/run:44/dialer:center/eavesCount:0/latencyMS:100/seq:3/fileSize:153600/nodeType:Passive/nodeTypeIndex:0/meta:data_rcvd","measures":{"value":0}}
{"ts":1669476305750231801,"type":"point","name":"exType:baseline/permutationIndex:0/run:44/dialer:center/eavesCount:0/latencyMS:100/seq:3/fileSize:153600/nodeType:Passive/nodeTypeIndex:0/meta:dup_data_rcvd","measures":{"value":0}}
{"ts":1669476305750384895,"type":"point","name":"exType:baseline/permutationIndex:0/run:44/dialer:center/eavesCount:0/latencyMS:100/seq:3/fileSize:153600/nodeType:Passive/nodeTypeIndex:0/meta:blks_sent","measures":{"value":0}}
{"ts":1669476305750410697,"type":"point","name":"exType:baseline/permutationIndex:0/run:44/dialer:center/eavesCount:0/latencyMS:100/seq:3/fileSize:153600/nodeType:Passive/nodeTypeIndex:0/meta:blks_rcvd","measures":{"value":0}}
{"ts":1669476305750419208,"type":"point","name":"exType:baseline/permutationIndex:0/run:44/dialer:center/eavesCount:0/latencyMS:100/seq:3/fileSize:153600/nodeType:Passive/nodeTypeIndex:0/meta:dup_blks_rcvd","measures":{"value":0}}
{"ts":1669476308354944934,"type":"point","name":"exType:baseline/permutationIndex:0/run:45/dialer:center/eavesCount:0/latencyMS:100/seq:3/fileSize:153600/nodeType:Passive/nodeTypeIndex:0/meta:msgs_rcvd","measures":{"value":4}}
{"ts":1669476308354969858,"type":"point","name":"exType:baseline/permutationIndex:0/run:45/dialer:center/eavesCount:0/latencyMS:100/seq:3/fileSize:153600/nodeType:Passive/nodeTypeIndex:0/meta:data_sent","measures":{"value":0}}
{"ts":1669476308354976354,"type":"point","name":"exType:baseline/permutationIndex:0/run:45/dialer:center/eavesCount:0/latencyMS:100/seq:3/fileSize:153600/nodeType:Passive/nodeTypeIndex:0/meta:data_rcvd","measures":{"value":0}}
{"ts":1669476308354980676,"type":"point","name":"exType:baseline/permutationIndex:0/run:45/dialer:center/eavesCount:0/latencyMS:100/seq:3/fileSize:153600/nodeType:Passive/nodeTypeIndex:0/meta:dup_data_rcvd","measures":{"value":0}}
{"ts":1669476308354984904,"type":"point","name":"exType:baseline/permutationIndex:0/run:45/dialer:center/eavesCount:0/latencyMS:100/seq:3/fileSize:153600/nodeType:Passive/nodeTypeIndex:0/meta:blks_sent","measures":{"value":0}}
{"ts":1669476308354988447,"type":"point","name":"exType:baseline/permutationIndex:0/run:45/dialer:center/eavesCount:0/latencyMS:100/seq:3/fileSize:153600/nodeType:Passive/nodeTypeIndex:0/meta:blks_rcvd","measures":{"value":0}}
{"ts":1669476308354992119,"type":"point","name":"exType:baseline/permutationIndex:0/run:45/dialer:center/eavesCount:0/latencyMS:100/seq:3/fileSize:153600/nodeType:Passive/nodeTypeIndex:0/meta:dup_blks_rcvd","measures":{"value":0}}
{"ts":1669476311075488896,"type":"point","name":"exType:baseline/permutationIndex:0/run:46/dialer:center/eavesCount:0/latencyMS:100/seq:3/fileSize:153600/nodeType:Passive/nodeTypeIndex:0/meta:msgs_rcvd","measures":{"value":19}}
{"ts":1669476311075616573,"type":"point","name":"exType:baseline/permutationIndex:0/run:46/dialer:center/eavesCount:0/latencyMS:100/seq:3/fileSize:153600/nodeType:Passive/nodeTypeIndex:0/meta:data_sent","measures":{"value":0}}
{"ts":1669476311075649647,"type":"point","name":"exType:baseline/permutationIndex:0/run:46/dialer:center/eavesCount:0/latencyMS:100/seq:3/fileSize:153600/nodeType:Passive/nodeTypeIndex:0/meta:data_rcvd","measures":{"value":0}}
{"ts":1669476311075678730,"type":"point","name":"exType:baseline/permutationIndex:0/run:46/dialer:center/eavesCount:0/latencyMS:100/seq:3/fileSize:153600/nodeType:Passive/nodeTypeIndex:0/meta:dup_data_rcvd","measures":{"value":0}}
{"ts":1669476311075701966,"type":"point","name":"exType:baseline/permutationIndex:0/run:46/dialer:center/eavesCount:0/latencyMS:100/seq:3/fileSize:153600/nodeType:Passive/nodeTypeIndex:0/meta:blks_sent","measures":{"value":0}}
{"ts":1669476311075720556,"type":"point","name":"exType:baseline/permutationIndex:0/run:46/dialer:center/eavesCount:0/latencyMS:100/seq:3/fileSize:153600/nodeType:Passive/nodeTypeIndex:0/meta:blks_rcvd","measures":{"value":0}}
{"ts":1669476311075740039,"type":"point","name":"exType:baseline/permutationIndex:0/run:46/dialer:center/eavesCount:0/latencyMS:100/seq:3/fileSize:153600/nodeType:Passive/nodeTypeIndex:0/meta:dup_blks_rcvd","measures":{"value":0}}
{"ts":1669476313961775432,"type":"point","name":"exType:baseline/permutationIndex:0/run:47/dialer:center/eavesCount:0/latencyMS:100/seq:3/fileSize:153600/nodeType:Passive/nodeTypeIndex:0/meta:msgs_rcvd","measures":{"value":4}}
{"ts":1669476313962053692,"type":"point","name":"exType:baseline/permutationIndex:0/run:47/dialer:center/eavesCount:0/latencyMS:100/seq:3/fileSize:153600/nodeType:Passive/nodeTypeIndex:0/meta:data_sent","measures":{"value":0}}
{"ts":1669476313962122478,"type":"point","name":"exType:baseline/permutationIndex:0/run:47/dialer:center/eavesCount:0/latencyMS:100/seq:3/fileSize:153600/nodeType:Passive/nodeTypeIndex:0/meta:data_rcvd","measures":{"value":0}}
{"ts":1669476313962142815,"type":"point","name":"exType:baseline/permutationIndex:0/run:47/dialer:center/eavesCount:0/latencyMS:100/seq:3/fileSize:153600/nodeType:Passive/nodeTypeIndex:0/meta:dup_data_rcvd","measures":{"value":0}}
{"ts":1669476313962161780,"type":"point","name":"exType:baseline/permutationIndex:0/run:47/dialer:center/eavesCount:0/latencyMS:100/seq:3/fileSize:153600/nodeType:Passive/nodeTypeIndex:0/meta:blks_sent","measures":{"value":0}}
{"ts":1669476313962181285,"type":"point","name":"exType:baseline/permutationIndex:0/run:47/dialer:center/eavesCount:0/latencyMS:100/seq:3/fileSize:153600/nodeType:Passive/nodeTypeIndex:0/meta:blks_rcvd","measures":{"value":0}}
{"ts":1669476313962199880,"type":"point","name":"exType:baseline/permutationIndex:0/run:47/dialer:center/eavesCount:0/latencyMS:100/seq:3/fileSize:153600/nodeType:Passive/nodeTypeIndex:0/meta:dup_blks_rcvd","measures":{"value":0}}
{"ts":1669476317474984690,"type":"point","name":"exType:baseline/permutationIndex:0/run:48/dialer:center/eavesCount:0/latencyMS:100/seq:3/fileSize:153600/nodeType:Passive/nodeTypeIndex:0/meta:msgs_rcvd","measures":{"value":4}}
{"ts":1669476317475006660,"type":"point","name":"exType:baseline/permutationIndex:0/run:48/dialer:center/eavesCount:0/latencyMS:100/seq:3/fileSize:153600/nodeType:Passive/nodeTypeIndex:0/meta:data_sent","measures":{"value":0}}
{"ts":1669476317475011084,"type":"point","name":"exType:baseline/permutationIndex:0/run:48/dialer:center/eavesCount:0/latencyMS:100/seq:3/fileSize:153600/nodeType:Passive/nodeTypeIndex:0/meta:data_rcvd","measures":{"value":0}}
{"ts":1669476317475013964,"type":"point","name":"exType:baseline/permutationIndex:0/run:48/dialer:center/eavesCount:0/latencyMS:100/seq:3/fileSize:153600/nodeType:Passive/nodeTypeIndex:0/meta:dup_data_rcvd","measures":{"value":0}}
{"ts":1669476317475016885,"type":"point","name":"exType:baseline/permutationIndex:0/run:48/dialer:center/eavesCount:0/latencyMS:100/seq:3/fileSize:153600/nodeType:Passive/nodeTypeIndex:0/meta:blks_sent","measures":{"value":0}}
{"ts":1669476317475020234,"type":"point","name":"exType:baseline/permutationIndex:0/run:48/dialer:center/eavesCount:0/latencyMS:100/seq:3/fileSize:153600/nodeType:Passive/nodeTypeIndex:0/meta:blks_rcvd","measures":{"value":0}}
{"ts":1669476317475023516,"type":"point","name":"exType:baseline/permutationIndex:0/run:48/dialer:center/eavesCount:0/latencyMS:100/seq:3/fileSize:153600/nodeType:Passive/nodeTypeIndex:0/meta:dup_blks_rcvd","measures":{"value":0}}
{"ts":1669476320158124271,"type":"point","name":"exType:baseline/permutationIndex:0/run:49/dialer:center/eavesCount:0/latencyMS:100/seq:3/fileSize:153600/nodeType:Passive/nodeTypeIndex:0/meta:msgs_rcvd","measures":{"value":7}}
{"ts":1669476320158147226,"type":"point","name":"exType:baseline/permutationIndex:0/run:49/dialer:center/eavesCount:0/latencyMS:100/seq:3/fileSize:153600/nodeType:Passive/nodeTypeIndex:0/meta:data_sent","measures":{"value":0}}
{"ts":1669476320158151824,"type":"point","name":"exType:baseline/permutationIndex:0/run:49/dialer:center/eavesCount:0/latencyMS:100/seq:3/fileSize:153600/nodeType:Passive/nodeTypeIndex:0/meta:data_rcvd","measures":{"value":0}}
{"ts":1669476320158155721,"type":"point","name":"exType:baseline/permutationIndex:0/run:49/dialer:center/eavesCount:0/latencyMS:100/seq:3/fileSize:153600/nodeType:Passive/nodeTypeIndex:0/meta:dup_data_rcvd","measures":{"value":0}}
{"ts":1669476320158158871,"type":"point","name":"exType:baseline/permutationIndex:0/run:49/dialer:center/eavesCount:0/latencyMS:100/seq:3/fileSize:153600/nodeType:Passive/nodeTypeIndex:0/meta:blks_sent","measures":{"value":0}}
{"ts":1669476320158161674,"type":"point","name":"exType:baseline/permutationIndex:0/run:49/dialer:center/eavesCount:0/latencyMS:100/seq:3/fileSize:153600/nodeType:Passive/nodeTypeIndex:0/meta:blks_rcvd","measures":{"value":0}}
{"ts":1669476320158171356,"type":"point","name":"exType:baseline/permutationIndex:0/run:49/dialer:center/eavesCount:0/latencyMS:100/seq:3/fileSize:153600/nodeType:Passive/nodeTypeIndex:0/meta:dup_blks_rcvd","measures":{"value":0}}
{"ts":1669476323076584983,"type":"point","name":"exType:baseline/permutationIndex:0/run:50/dialer:center/eavesCount:0/latencyMS:100/seq:3/fileSize:153600/nodeType:Passive/nodeTypeIndex:0/meta:msgs_rcvd","measures":{"value":6}}
{"ts":1669476323076625648,"type":"point","name":"exType:baseline/permutationIndex:0/run:50/dialer:center/eavesCount:0/latencyMS:100/seq:3/fileSize:153600/nodeType:Passive/nodeTypeIndex:0/meta:data_sent","measures":{"value":0}}
{"ts":1669476323076640915,"type":"point","name":"exType:baseline/permutationIndex:0/run:50/dialer:center/eavesCount:0/latencyMS:100/seq:3/fileSize:153600/nodeType:Passive/nodeTypeIndex:0/meta:data_rcvd","measures":{"value":0}}
{"ts":1669476323076650358,"type":"point","name":"exType:baseline/permutationIndex:0/run:50/dialer:center/eavesCount:0/latencyMS:100/seq:3/fileSize:153600/nodeType:Passive/nodeTypeIndex:0/meta:dup_data_rcvd","measures":{"value":0}}
{"ts":1669476323076662134,"type":"point","name":"exType:baseline/permutationIndex:0/run:50/dialer:center/eavesCount:0/latencyMS:100/seq:3/fileSize:153600/nodeType:Passive/nodeTypeIndex:0/meta:blks_sent","measures":{"value":0}}
{"ts":1669476323076671199,"type":"point","name":"exType:baseline/permutationIndex:0/run:50/dialer:center/eavesCount:0/latencyMS:100/seq:3/fileSize:153600/nodeType:Passive/nodeTypeIndex:0/meta:blks_rcvd","measures":{"value":0}}
{"ts":1669476323076679713,"type":"point","name":"exType:baseline/permutationIndex:0/run:50/dialer:center/eavesCount:0/latencyMS:100/seq:3/fileSize:153600/nodeType:Passive/nodeTypeIndex:0/meta:dup_blks_rcvd","measures":{"value":0}}
{"ts":1669476325970231323,"type":"point","name":"exType:baseline/permutationIndex:0/run:51/dialer:center/eavesCount:0/latencyMS:100/seq:3/fileSize:153600/nodeType:Passive/nodeTypeIndex:0/meta:msgs_rcvd","measures":{"value":3}}
{"ts":1669476325970339142,"type":"point","name":"exType:baseline/permutationIndex:0/run:51/dialer:center/eavesCount:0/latencyMS:100/seq:3/fileSize:153600/nodeType:Passive/nodeTypeIndex:0/meta:data_sent","measures":{"value":0}}
{"ts":1669476325970367487,"type":"point","name":"exType:baseline/permutationIndex:0/run:51/dialer:center/eavesCount:0/latencyMS:100/seq:3/fileSize:153600/nodeType:Passive/nodeTypeIndex:0/meta:data_rcvd","measures":{"value":0}}
{"ts":1669476325970386096,"type":"point","name":"exType:baseline/permutationIndex:0/run:51/dialer:center/eavesCount:0/latencyMS:100/seq:3/fileSize:153600/nodeType:Passive/nodeTypeIndex:0/meta:dup_data_rcvd","measures":{"value":0}}
{"ts":1669476325970403899,"type":"point","name":"exType:baseline/permutationIndex:0/run:51/dialer:center/eavesCount:0/latencyMS:100/seq:3/fileSize:153600/nodeType:Passive/nodeTypeIndex:0/meta:blks_sent","measures":{"value":0}}
{"ts":1669476325970421802,"type":"point","name":"exType:baseline/permutationIndex:0/run:51/dialer:center/eavesCount:0/latencyMS:100/seq:3/fileSize:153600/nodeType:Passive/nodeTypeIndex:0/meta:blks_rcvd","measures":{"value":0}}
{"ts":1669476325970438705,"type":"point","name":"exType:baseline/permutationIndex:0/run:51/dialer:center/eavesCount:0/latencyMS:100/seq:3/fileSize:153600/nodeType:Passive/nodeTypeIndex:0/meta:dup_blks_rcvd","measures":{"value":0}}
{"ts":1669476328841578381,"type":"point","name":"exType:baseline/permutationIndex:0/run:52/dialer:center/eavesCount:0/latencyMS:100/seq:3/fileSize:153600/nodeType:Passive/nodeTypeIndex:0/meta:msgs_rcvd","measures":{"value":6}}
{"ts":1669476328841620180,"type":"point","name":"exType:baseline/permutationIndex:0/run:52/dialer:center/eavesCount:0/latencyMS:100/seq:3/fileSize:153600/nodeType:Passive/nodeTypeIndex:0/meta:data_sent","measures":{"value":0}}
{"ts":1669476328841631546,"type":"point","name":"exType:baseline/permutationIndex:0/run:52/dialer:center/eavesCount:0/latencyMS:100/seq:3/fileSize:153600/nodeType:Passive/nodeTypeIndex:0/meta:data_rcvd","measures":{"value":0}}
{"ts":1669476328841652117,"type":"point","name":"exType:baseline/permutationIndex:0/run:52/dialer:center/eavesCount:0/latencyMS:100/seq:3/fileSize:153600/nodeType:Passive/nodeTypeIndex:0/meta:dup_data_rcvd","measures":{"value":0}}
{"ts":1669476328841660153,"type":"point","name":"exType:baseline/permutationIndex:0/run:52/dialer:center/eavesCount:0/latencyMS:100/seq:3/fileSize:153600/nodeType:Passive/nodeTypeIndex:0/meta:blks_sent","measures":{"value":0}}
{"ts":1669476328841671033,"type":"point","name":"exType:baseline/permutationIndex:0/run:52/dialer:center/eavesCount:0/latencyMS:100/seq:3/fileSize:153600/nodeType:Passive/nodeTypeIndex:0/meta:blks_rcvd","measures":{"value":0}}
{"ts":1669476328841678215,"type":"point","name":"exType:baseline/permutationIndex:0/run:52/dialer:center/eavesCount:0/latencyMS:100/seq:3/fileSize:153600/nodeType:Passive/nodeTypeIndex:0/meta:dup_blks_rcvd","measures":{"value":0}}
{"ts":1669476331547950102,"type":"point","name":"exType:baseline/permutationIndex:0/run:53/dialer:center/eavesCount:0/latencyMS:100/seq:3/fileSize:153600/nodeType:Passive/nodeTypeIndex:0/meta:msgs_rcvd","measures":{"value":8}}
{"ts":1669476331548000077,"type":"point","name":"exType:baseline/permutationIndex:0/run:53/dialer:center/eavesCount:0/latencyMS:100/seq:3/fileSize:153600/nodeType:Passive/nodeTypeIndex:0/meta:data_sent","measures":{"value":0}}
{"ts":1669476331548012876,"type":"point","name":"exType:baseline/permutationIndex:0/run:53/dialer:center/eavesCount:0/latencyMS:100/seq:3/fileSize:153600/nodeType:Passive/nodeTypeIndex:0/meta:data_rcvd","measures":{"value":0}}
{"ts":1669476331548023587,"type":"point","name":"exType:baseline/permutationIndex:0/run:53/dialer:center/eavesCount:0/latencyMS:100/seq:3/fileSize:153600/nodeType:Passive/nodeTypeIndex:0/meta:dup_data_rcvd","measures":{"value":0}}
{"ts":1669476331548033673,"type":"point","name":"exType:baseline/permutationIndex:0/run:53/dialer:center/eavesCount:0/latencyMS:100/seq:3/fileSize:153600/nodeType:Passive/nodeTypeIndex:0/meta:blks_sent","measures":{"value":0}}
{"ts":1669476331548043958,"type":"point","name":"exType:baseline/permutationIndex:0/run:53/dialer:center/eavesCount:0/latencyMS:100/seq:3/fileSize:153600/nodeType:Passive/nodeTypeIndex:0/meta:blks_rcvd","measures":{"value":0}}
{"ts":1669476331548055611,"type":"point","name":"exType:baseline/permutationIndex:0/run:53/dialer:center/eavesCount:0/latencyMS:100/seq:3/fileSize:153600/nodeType:Passive/nodeTypeIndex:0/meta:dup_blks_rcvd","measures":{"value":0}}
