{"ts":1670665318237263349,"type":"point","name":"exType:trickle/permutationIndex:0/run:1/dialer:edge/eavesCount:0/latencyMS:100/tricklingDelay:0/seq:3/fileSize:1048576/nodeType:Passive/nodeTypeIndex:0/meta:msgs_rcvd","measures":{"value":44}}
{"ts":1670665318237376632,"type":"point","name":"exType:trickle/permutationIndex:0/run:1/dialer:edge/eavesCount:0/latencyMS:100/tricklingDelay:0/seq:3/fileSize:1048576/nodeType:Passive/nodeTypeIndex:0/meta:data_sent","measures":{"value":2622180}}
{"ts":1670665318237404260,"type":"point","name":"exType:trickle/permutationIndex:0/run:1/dialer:edge/eavesCount:0/latencyMS:100/tricklingDelay:0/seq:3/fileSize:1048576/nodeType:Passive/nodeTypeIndex:0/meta:data_rcvd","measures":{"value":2097864}}
{"ts":1670665318237426791,"type":"point","name":"exType:trickle/permutationIndex:0/run:1/dialer:edge/eavesCount:0/latencyMS:100/tricklingDelay:0/seq:3/fileSize:1048576/nodeType:Passive/nodeTypeIndex:0/meta:dup_data_rcvd","measures":{"value":1049032}}
{"ts":1670665318237447909,"type":"point","name":"exType:trickle/permutationIndex:0/run:1/dialer:edge/eavesCount:0/latencyMS:100/tricklingDelay:0/seq:3/fileSize:1048576/nodeType:Passive/nodeTypeIndex:0/meta:blks_sent","measures":{"value":13}}
{"ts":1670665318237472081,"type":"point","name":"exType:trickle/permutationIndex:0/run:1/dialer:edge/eavesCount:0/latencyMS:100/tricklingDelay:0/seq:3/fileSize:1048576/nodeType:Passive/nodeTypeIndex:0/meta:blks_rcvd","measures":{"value":11}}
{"ts":1670665318237493592,"type":"point","name":"exType:trickle/permutationIndex:0/run:1/dialer:edge/eavesCount:0/latencyMS:100/tricklingDelay:0/seq:3/fileSize:1048576/nodeType:Passive/nodeTypeIndex:0/meta:dup_blks_rcvd","measures":{"value":6}}
{"ts":1670665329011373087,"type":"point","name":"exType:trickle/permutationIndex:0/run:2/dialer:edge/eavesCount:0/latencyMS:100/tricklingDelay:0/seq:3/fileSize:1048576/nodeType:Passive/nodeTypeIndex:0/meta:msgs_rcvd","measures":{"value":39}}
{"ts":1670665329011405298,"type":"point","name":"exType:trickle/permutationIndex:0/run:2/dialer:edge/eavesCount:0/latencyMS:100/tricklingDelay:0/seq:3/fileSize:1048576/nodeType:Passive/nodeTypeIndex:0/meta:data_sent","measures":{"value":2360022}}
{"ts":1670665329011413406,"type":"point","name":"exType:trickle/permutationIndex:0/run:2/dialer:edge/eavesCount:0/latencyMS:100/tricklingDelay:0/seq:3/fileSize:1048576/nodeType:Passive/nodeTypeIndex:0/meta:data_rcvd","measures":{"value":1835706}}
{"ts":1670665329011419248,"type":"point","name":"exType:trickle/permutationIndex:0/run:2/dialer:edge/eavesCount:0/latencyMS:100/tricklingDelay:0/seq:3/fileSize:1048576/nodeType:Passive/nodeTypeIndex:0/meta:dup_data_rcvd","measures":{"value":786874}}
{"ts":1670665329011424472,"type":"point","name":"exType:trickle/permutationIndex:0/run:2/dialer:edge/eavesCount:0/latencyMS:100/tricklingDelay:0/seq:3/fileSize:1048576/nodeType:Passive/nodeTypeIndex:0/meta:blks_sent","measures":{"value":12}}
{"ts":1670665329011431227,"type":"point","name":"exType:trickle/permutationIndex:0/run:2/dialer:edge/eavesCount:0/latencyMS:100/tricklingDelay:0/seq:3/fileSize:1048576/nodeType:Passive/nodeTypeIndex:0/meta:blks_rcvd","measures":{"value":10}}
{"ts":1670665329011438732,"type":"point","name":"exType:trickle/permutationIndex:0/run:2/dialer:edge/eavesCount:0/latencyMS:100/tricklingDelay:0/seq:3/fileSize:1048576/nodeType:Passive/nodeTypeIndex:0/meta:dup_blks_rcvd","measures":{"value":5}}
{"ts":1670665339659377757,"type":"point","name":"exType:trickle/permutationIndex:0/run:3/dialer:edge/eavesCount:0/latencyMS:100/tricklingDelay:0/seq:3/fileSize:1048576/nodeType:Passive/nodeTypeIndex:0/meta:msgs_rcvd","measures":{"value":39}}
{"ts":1670665339659390127,"type":"point","name":"exType:trickle/permutationIndex:0/run:3/dialer:edge/eavesCount:0/latencyMS:100/tricklingDelay:0/seq:3/fileSize:1048576/nodeType:Passive/nodeTypeIndex:0/meta:data_sent","measures":{"value":2097864}}
{"ts":1670665339659399055,"type":"point","name":"exType:trickle/permutationIndex:0/run:3/dialer:edge/eavesCount:0/latencyMS:100/tricklingDelay:0/seq:3/fileSize:1048576/nodeType:Passive/nodeTypeIndex:0/meta:data_rcvd","measures":{"value":2360022}}
{"ts":1670665339659405858,"type":"point","name":"exType:trickle/permutationIndex:0/run:3/dialer:edge/eavesCount:0/latencyMS:100/tricklingDelay:0/seq:3/fileSize:1048576/nodeType:Passive/nodeTypeIndex:0/meta:dup_data_rcvd","measures":{"value":1311190}}
{"ts":1670665339659408433,"type":"point","name":"exType:trickle/permutationIndex:0/run:3/dialer:edge/eavesCount:0/latencyMS:100/tricklingDelay:0/seq:3/fileSize:1048576/nodeType:Passive/nodeTypeIndex:0/meta:blks_sent","measures":{"value":11}}
{"ts":1670665339659410953,"type":"point","name":"exType:trickle/permutationIndex:0/run:3/dialer:edge/eavesCount:0/latencyMS:100/tricklingDelay:0/seq:3/fileSize:1048576/nodeType:Passive/nodeTypeIndex:0/meta:blks_rcvd","measures":{"value":12}}
{"ts":1670665339659413260,"type":"point","name":"exType:trickle/permutationIndex:0/run:3/dialer:edge/eavesCount:0/latencyMS:100/tricklingDelay:0/seq:3/fileSize:1048576/nodeType:Passive/nodeTypeIndex:0/meta:dup_blks_rcvd","measures":{"value":7}}
{"ts":1670665350597511880,"type":"point","name":"exType:trickle/permutationIndex:0/run:4/dialer:edge/eavesCount:0/latencyMS:100/tricklingDelay:0/seq:3/fileSize:1048576/nodeType:Passive/nodeTypeIndex:0/meta:msgs_rcvd","measures":{"value":42}}
{"ts":1670665350597629020,"type":"point","name":"exType:trickle/permutationIndex:0/run:4/dialer:edge/eavesCount:0/latencyMS:100/tricklingDelay:0/seq:3/fileSize:1048576/nodeType:Passive/nodeTypeIndex:0/meta:data_sent","measures":{"value":1835706}}
{"ts":1670665350597656811,"type":"point","name":"exType:trickle/permutationIndex:0/run:4/dialer:edge/eavesCount:0/latencyMS:100/tricklingDelay:0/seq:3/fileSize:1048576/nodeType:Passive/nodeTypeIndex:0/meta:data_rcvd","measures":{"value":2884338}}
{"ts":1670665350597677430,"type":"point","name":"exType:trickle/permutationIndex:0/run:4/dialer:edge/eavesCount:0/latencyMS:100/tricklingDelay:0/seq:3/fileSize:1048576/nodeType:Passive/nodeTypeIndex:0/meta:dup_data_rcvd","measures":{"value":1835506}}
{"ts":1670665350597698559,"type":"point","name":"exType:trickle/permutationIndex:0/run:4/dialer:edge/eavesCount:0/latencyMS:100/tricklingDelay:0/seq:3/fileSize:1048576/nodeType:Passive/nodeTypeIndex:0/meta:blks_sent","measures":{"value":10}}
{"ts":1670665350597719625,"type":"point","name":"exType:trickle/permutationIndex:0/run:4/dialer:edge/eavesCount:0/latencyMS:100/tricklingDelay:0/seq:3/fileSize:1048576/nodeType:Passive/nodeTypeIndex:0/meta:blks_rcvd","measures":{"value":14}}
{"ts":1670665350597740897,"type":"point","name":"exType:trickle/permutationIndex:0/run:4/dialer:edge/eavesCount:0/latencyMS:100/tricklingDelay:0/seq:3/fileSize:1048576/nodeType:Passive/nodeTypeIndex:0/meta:dup_blks_rcvd","measures":{"value":9}}
{"ts":1670665360735613758,"type":"point","name":"exType:trickle/permutationIndex:0/run:5/dialer:edge/eavesCount:0/latencyMS:100/tricklingDelay:0/seq:3/fileSize:1048576/nodeType:Passive/nodeTypeIndex:0/meta:msgs_rcvd","measures":{"value":39}}
{"ts":1670665360735722362,"type":"point","name":"exType:trickle/permutationIndex:0/run:5/dialer:edge/eavesCount:0/latencyMS:100/tricklingDelay:0/seq:3/fileSize:1048576/nodeType:Passive/nodeTypeIndex:0/meta:data_sent","measures":{"value":2097864}}
{"ts":1670665360735760905,"type":"point","name":"exType:trickle/permutationIndex:0/run:5/dialer:edge/eavesCount:0/latencyMS:100/tricklingDelay:0/seq:3/fileSize:1048576/nodeType:Passive/nodeTypeIndex:0/meta:data_rcvd","measures":{"value":2097864}}
{"ts":1670665360735782598,"type":"point","name":"exType:trickle/permutationIndex:0/run:5/dialer:edge/eavesCount:0/latencyMS:100/tricklingDelay:0/seq:3/fileSize:1048576/nodeType:Passive/nodeTypeIndex:0/meta:dup_data_rcvd","measures":{"value":1049032}}
{"ts":1670665360735803215,"type":"point","name":"exType:trickle/permutationIndex:0/run:5/dialer:edge/eavesCount:0/latencyMS:100/tricklingDelay:0/seq:3/fileSize:1048576/nodeType:Passive/nodeTypeIndex:0/meta:blks_sent","measures":{"value":11}}
{"ts":1670665360735823541,"type":"point","name":"exType:trickle/permutationIndex:0/run:5/dialer:edge/eavesCount:0/latencyMS:100/tricklingDelay:0/seq:3/fileSize:1048576/nodeType:Passive/nodeTypeIndex:0/meta:blks_rcvd","measures":{"value":11}}
{"ts":1670665360735917090,"type":"point","name":"exType:trickle/permutationIndex:0/run:5/dialer:edge/eavesCount:0/latencyMS:100/tricklingDelay:0/seq:3/fileSize:1048576/nodeType:Passive/nodeTypeIndex:0/meta:dup_blks_rcvd","measures":{"value":6}}
{"ts":1670665371581698739,"type":"point","name":"exType:trickle/permutationIndex:0/run:6/dialer:edge/eavesCount:0/latencyMS:100/tricklingDelay:0/seq:3/fileSize:1048576/nodeType:Passive/nodeTypeIndex:0/meta:msgs_rcvd","measures":{"value":44}}
{"ts":1670665371581805657,"type":"point","name":"exType:trickle/permutationIndex:0/run:6/dialer:edge/eavesCount:0/latencyMS:100/tricklingDelay:0/seq:3/fileSize:1048576/nodeType:Passive/nodeTypeIndex:0/meta:data_sent","measures":{"value":2622180}}
{"ts":1670665371581843131,"type":"point","name":"exType:trickle/permutationIndex:0/run:6/dialer:edge/eavesCount:0/latencyMS:100/tricklingDelay:0/seq:3/fileSize:1048576/nodeType:Passive/nodeTypeIndex:0/meta:data_rcvd","measures":{"value":2097864}}
{"ts":1670665371581888193,"type":"point","name":"exType:trickle/permutationIndex:0/run:6/dialer:edge/eavesCount:0/latencyMS:100/tricklingDelay:0/seq:3/fileSize:1048576/nodeType:Passive/nodeTypeIndex:0/meta:dup_data_rcvd","measures":{"value":1049032}}
{"ts":1670665371581912065,"type":"point","name":"exType:trickle/permutationIndex:0/run:6/dialer:edge/eavesCount:0/latencyMS:100/tricklingDelay:0/seq:3/fileSize:1048576/nodeType:Passive/nodeTypeIndex:0/meta:blks_sent","measures":{"value":13}}
{"ts":1670665371581934695,"type":"point","name":"exType:trickle/permutationIndex:0/run:6/dialer:edge/eavesCount:0/latencyMS:100/tricklingDelay:0/seq:3/fileSize:1048576/nodeType:Passive/nodeTypeIndex:0/meta:blks_rcvd","measures":{"value":11}}
{"ts":1670665371581957778,"type":"point","name":"exType:trickle/permutationIndex:0/run:6/dialer:edge/eavesCount:0/latencyMS:100/tricklingDelay:0/seq:3/fileSize:1048576/nodeType:Passive/nodeTypeIndex:0/meta:dup_blks_rcvd","measures":{"value":6}}
{"ts":1670665382112820297,"type":"point","name":"exType:trickle/permutationIndex:0/run:7/dialer:edge/eavesCount:0/latencyMS:100/tricklingDelay:0/seq:3/fileSize:1048576/nodeType:Passive/nodeTypeIndex:0/meta:msgs_rcvd","measures":{"value":40}}
{"ts":1670665382112920269,"type":"point","name":"exType:trickle/permutationIndex:0/run:7/dialer:edge/eavesCount:0/latencyMS:100/tricklingDelay:0/seq:3/fileSize:1048576/nodeType:Passive/nodeTypeIndex:0/meta:data_sent","measures":{"value":2360022}}
{"ts":1670665382112958268,"type":"point","name":"exType:trickle/permutationIndex:0/run:7/dialer:edge/eavesCount:0/latencyMS:100/tricklingDelay:0/seq:3/fileSize:1048576/nodeType:Passive/nodeTypeIndex:0/meta:data_rcvd","measures":{"value":2097864}}
{"ts":1670665382112978624,"type":"point","name":"exType:trickle/permutationIndex:0/run:7/dialer:edge/eavesCount:0/latencyMS:100/tricklingDelay:0/seq:3/fileSize:1048576/nodeType:Passive/nodeTypeIndex:0/meta:dup_data_rcvd","measures":{"value":1049032}}
{"ts":1670665382112998247,"type":"point","name":"exType:trickle/permutationIndex:0/run:7/dialer:edge/eavesCount:0/latencyMS:100/tricklingDelay:0/seq:3/fileSize:1048576/nodeType:Passive/nodeTypeIndex:0/meta:blks_sent","measures":{"value":12}}
{"ts":1670665382113018946,"type":"point","name":"exType:trickle/permutationIndex:0/run:7/dialer:edge/eavesCount:0/latencyMS:100/tricklingDelay:0/seq:3/fileSize:1048576/nodeType:Passive/nodeTypeIndex:0/meta:blks_rcvd","measures":{"value":11}}
{"ts":1670665382113037696,"type":"point","name":"exType:trickle/permutationIndex:0/run:7/dialer:edge/eavesCount:0/latencyMS:100/tricklingDelay:0/seq:3/fileSize:1048576/nodeType:Passive/nodeTypeIndex:0/meta:dup_blks_rcvd","measures":{"value":6}}
{"ts":1670665393011049721,"type":"point","name":"exType:trickle/permutationIndex:0/run:8/dialer:edge/eavesCount:0/latencyMS:100/tricklingDelay:0/seq:3/fileSize:1048576/nodeType:Passive/nodeTypeIndex:0/meta:msgs_rcvd","measures":{"value":37}}
{"ts":1670665393011138093,"type":"point","name":"exType:trickle/permutationIndex:0/run:8/dialer:edge/eavesCount:0/latencyMS:100/tricklingDelay:0/seq:3/fileSize:1048576/nodeType:Passive/nodeTypeIndex:0/meta:data_sent","measures":{"value":2097864}}
{"ts":1670665393011196132,"type":"point","name":"exType:trickle/permutationIndex:0/run:8/dialer:edge/eavesCount:0/latencyMS:100/tricklingDelay:0/seq:3/fileSize:1048576/nodeType:Passive/nodeTypeIndex:0/meta:data_rcvd","measures":{"value":2097864}}
{"ts":1670665393011218238,"type":"point","name":"exType:trickle/permutationIndex:0/run:8/dialer:edge/eavesCount:0/latencyMS:100/tricklingDelay:0/seq:3/fileSize:1048576/nodeType:Passive/nodeTypeIndex:0/meta:dup_data_rcvd","measures":{"value":1049032}}
{"ts":1670665393011238984,"type":"point","name":"exType:trickle/permutationIndex:0/run:8/dialer:edge/eavesCount:0/latencyMS:100/tricklingDelay:0/seq:3/fileSize:1048576/nodeType:Passive/nodeTypeIndex:0/meta:blks_sent","measures":{"value":11}}
{"ts":1670665393011260788,"type":"point","name":"exType:trickle/permutationIndex:0/run:8/dialer:edge/eavesCount:0/latencyMS:100/tricklingDelay:0/seq:3/fileSize:1048576/nodeType:Passive/nodeTypeIndex:0/meta:blks_rcvd","measures":{"value":11}}
{"ts":1670665393011281481,"type":"point","name":"exType:trickle/permutationIndex:0/run:8/dialer:edge/eavesCount:0/latencyMS:100/tricklingDelay:0/seq:3/fileSize:1048576/nodeType:Passive/nodeTypeIndex:0/meta:dup_blks_rcvd","measures":{"value":6}}
{"ts":1670665404094715028,"type":"point","name":"exType:trickle/permutationIndex:0/run:9/dialer:edge/eavesCount:0/latencyMS:100/tricklingDelay:0/seq:3/fileSize:1048576/nodeType:Passive/nodeTypeIndex:0/meta:msgs_rcvd","measures":{"value":40}}
{"ts":1670665404094739210,"type":"point","name":"exType:trickle/permutationIndex:0/run:9/dialer:edge/eavesCount:0/latencyMS:100/tricklingDelay:0/seq:3/fileSize:1048576/nodeType:Passive/nodeTypeIndex:0/meta:data_sent","measures":{"value":2884338}}
{"ts":1670665404094747653,"type":"point","name":"exType:trickle/permutationIndex:0/run:9/dialer:edge/eavesCount:0/latencyMS:100/tricklingDelay:0/seq:3/fileSize:1048576/nodeType:Passive/nodeTypeIndex:0/meta:data_rcvd","measures":{"value":2097864}}
{"ts":1670665404094754736,"type":"point","name":"exType:trickle/permutationIndex:0/run:9/dialer:edge/eavesCount:0/latencyMS:100/tricklingDelay:0/seq:3/fileSize:1048576/nodeType:Passive/nodeTypeIndex:0/meta:dup_data_rcvd","measures":{"value":1049032}}
{"ts":1670665404094761580,"type":"point","name":"exType:trickle/permutationIndex:0/run:9/dialer:edge/eavesCount:0/latencyMS:100/tricklingDelay:0/seq:3/fileSize:1048576/nodeType:Passive/nodeTypeIndex:0/meta:blks_sent","measures":{"value":14}}
{"ts":1670665404094767833,"type":"point","name":"exType:trickle/permutationIndex:0/run:9/dialer:edge/eavesCount:0/latencyMS:100/tricklingDelay:0/seq:3/fileSize:1048576/nodeType:Passive/nodeTypeIndex:0/meta:blks_rcvd","measures":{"value":11}}
{"ts":1670665404094773266,"type":"point","name":"exType:trickle/permutationIndex:0/run:9/dialer:edge/eavesCount:0/latencyMS:100/tricklingDelay:0/seq:3/fileSize:1048576/nodeType:Passive/nodeTypeIndex:0/meta:dup_blks_rcvd","measures":{"value":6}}
{"ts":1670665415333060298,"type":"point","name":"exType:trickle/permutationIndex:0/run:10/dialer:edge/eavesCount:0/latencyMS:100/tricklingDelay:0/seq:3/fileSize:1048576/nodeType:Passive/nodeTypeIndex:0/meta:msgs_rcvd","measures":{"value":40}}
{"ts":1670665415333175285,"type":"point","name":"exType:trickle/permutationIndex:0/run:10/dialer:edge/eavesCount:0/latencyMS:100/tricklingDelay:0/seq:3/fileSize:1048576/nodeType:Passive/nodeTypeIndex:0/meta:data_sent","measures":{"value":1835706}}
{"ts":1670665415333205754,"type":"point","name":"exType:trickle/permutationIndex:0/run:10/dialer:edge/eavesCount:0/latencyMS:100/tricklingDelay:0/seq:3/fileSize:1048576/nodeType:Passive/nodeTypeIndex:0/meta:data_rcvd","measures":{"value":2360022}}
{"ts":1670665415333226634,"type":"point","name":"exType:trickle/permutationIndex:0/run:10/dialer:edge/eavesCount:0/latencyMS:100/tricklingDelay:0/seq:3/fileSize:1048576/nodeType:Passive/nodeTypeIndex:0/meta:dup_data_rcvd","measures":{"value":1311190}}
{"ts":1670665415333286870,"type":"point","name":"exType:trickle/permutationIndex:0/run:10/dialer:edge/eavesCount:0/latencyMS:100/tricklingDelay:0/seq:3/fileSize:1048576/nodeType:Passive/nodeTypeIndex:0/meta:blks_sent","measures":{"value":10}}
{"ts":1670665415333382406,"type":"point","name":"exType:trickle/permutationIndex:0/run:10/dialer:edge/eavesCount:0/latencyMS:100/tricklingDelay:0/seq:3/fileSize:1048576/nodeType:Passive/nodeTypeIndex:0/meta:blks_rcvd","measures":{"value":12}}
{"ts":1670665415333443657,"type":"point","name":"exType:trickle/permutationIndex:0/run:10/dialer:edge/eavesCount:0/latencyMS:100/tricklingDelay:0/seq:3/fileSize:1048576/nodeType:Passive/nodeTypeIndex:0/meta:dup_blks_rcvd","measures":{"value":7}}
{"ts":1670665425916924514,"type":"point","name":"exType:trickle/permutationIndex:0/run:11/dialer:edge/eavesCount:0/latencyMS:100/tricklingDelay:0/seq:3/fileSize:1048576/nodeType:Passive/nodeTypeIndex:0/meta:msgs_rcvd","measures":{"value":39}}
{"ts":1670665425917084959,"type":"point","name":"exType:trickle/permutationIndex:0/run:11/dialer:edge/eavesCount:0/latencyMS:100/tricklingDelay:0/seq:3/fileSize:1048576/nodeType:Passive/nodeTypeIndex:0/meta:data_sent","measures":{"value":2360022}}
{"ts":1670665425917156960,"type":"point","name":"exType:trickle/permutationIndex:0/run:11/dialer:edge/eavesCount:0/latencyMS:100/tricklingDelay:0/seq:3/fileSize:1048576/nodeType:Passive/nodeTypeIndex:0/meta:data_rcvd","measures":{"value":2360022}}
{"ts":1670665425917186092,"type":"point","name":"exType:trickle/permutationIndex:0/run:11/dialer:edge/eavesCount:0/latencyMS:100/tricklingDelay:0/seq:3/fileSize:1048576/nodeType:Passive/nodeTypeIndex:0/meta:dup_data_rcvd","measures":{"value":1311190}}
{"ts":1670665425917208434,"type":"point","name":"exType:trickle/permutationIndex:0/run:11/dialer:edge/eavesCount:0/latencyMS:100/tricklingDelay:0/seq:3/fileSize:1048576/nodeType:Passive/nodeTypeIndex:0/meta:blks_sent","measures":{"value":12}}
{"ts":1670665425917230837,"type":"point","name":"exType:trickle/permutationIndex:0/run:11/dialer:edge/eavesCount:0/latencyMS:100/tricklingDelay:0/seq:3/fileSize:1048576/nodeType:Passive/nodeTypeIndex:0/meta:blks_rcvd","measures":{"value":12}}
{"ts":1670665425917251227,"type":"point","name":"exType:trickle/permutationIndex:0/run:11/dialer:edge/eavesCount:0/latencyMS:100/tricklingDelay:0/seq:3/fileSize:1048576/nodeType:Passive/nodeTypeIndex:0/meta:dup_blks_rcvd","measures":{"value":7}}
{"ts":1670665436594079319,"type":"point","name":"exType:trickle/permutationIndex:0/run:12/dialer:edge/eavesCount:0/latencyMS:100/tricklingDelay:0/seq:3/fileSize:1048576/nodeType:Passive/nodeTypeIndex:0/meta:msgs_rcvd","measures":{"value":42}}
{"ts":1670665436594170535,"type":"point","name":"exType:trickle/permutationIndex:0/run:12/dialer:edge/eavesCount:0/latencyMS:100/tricklingDelay:0/seq:3/fileSize:1048576/nodeType:Passive/nodeTypeIndex:0/meta:data_sent","measures":{"value":1573548}}
{"ts":1670665436594201600,"type":"point","name":"exType:trickle/permutationIndex:0/run:12/dialer:edge/eavesCount:0/latencyMS:100/tricklingDelay:0/seq:3/fileSize:1048576/nodeType:Passive/nodeTypeIndex:0/meta:data_rcvd","measures":{"value":2622180}}
{"ts":1670665436594223882,"type":"point","name":"exType:trickle/permutationIndex:0/run:12/dialer:edge/eavesCount:0/latencyMS:100/tricklingDelay:0/seq:3/fileSize:1048576/nodeType:Passive/nodeTypeIndex:0/meta:dup_data_rcvd","measures":{"value":1573348}}
{"ts":1670665436594244733,"type":"point","name":"exType:trickle/permutationIndex:0/run:12/dialer:edge/eavesCount:0/latencyMS:100/tricklingDelay:0/seq:3/fileSize:1048576/nodeType:Passive/nodeTypeIndex:0/meta:blks_sent","measures":{"value":9}}
{"ts":1670665436594262946,"type":"point","name":"exType:trickle/permutationIndex:0/run:12/dialer:edge/eavesCount:0/latencyMS:100/tricklingDelay:0/seq:3/fileSize:1048576/nodeType:Passive/nodeTypeIndex:0/meta:blks_rcvd","measures":{"value":13}}
{"ts":1670665436594281801,"type":"point","name":"exType:trickle/permutationIndex:0/run:12/dialer:edge/eavesCount:0/latencyMS:100/tricklingDelay:0/seq:3/fileSize:1048576/nodeType:Passive/nodeTypeIndex:0/meta:dup_blks_rcvd","measures":{"value":8}}
{"ts":1670665447121847460,"type":"point","name":"exType:trickle/permutationIndex:0/run:13/dialer:edge/eavesCount:0/latencyMS:100/tricklingDelay:0/seq:3/fileSize:1048576/nodeType:Passive/nodeTypeIndex:0/meta:msgs_rcvd","measures":{"value":36}}
{"ts":1670665447122028349,"type":"point","name":"exType:trickle/permutationIndex:0/run:13/dialer:edge/eavesCount:0/latencyMS:100/tricklingDelay:0/seq:3/fileSize:1048576/nodeType:Passive/nodeTypeIndex:0/meta:data_sent","measures":{"value":2097864}}
{"ts":1670665447122074782,"type":"point","name":"exType:trickle/permutationIndex:0/run:13/dialer:edge/eavesCount:0/latencyMS:100/tricklingDelay:0/seq:3/fileSize:1048576/nodeType:Passive/nodeTypeIndex:0/meta:data_rcvd","measures":{"value":2097864}}
{"ts":1670665447122099844,"type":"point","name":"exType:trickle/permutationIndex:0/run:13/dialer:edge/eavesCount:0/latencyMS:100/tricklingDelay:0/seq:3/fileSize:1048576/nodeType:Passive/nodeTypeIndex:0/meta:dup_data_rcvd","measures":{"value":1049032}}
{"ts":1670665447122121421,"type":"point","name":"exType:trickle/permutationIndex:0/run:13/dialer:edge/eavesCount:0/latencyMS:100/tricklingDelay:0/seq:3/fileSize:1048576/nodeType:Passive/nodeTypeIndex:0/meta:blks_sent","measures":{"value":11}}
{"ts":1670665447122142986,"type":"point","name":"exType:trickle/permutationIndex:0/run:13/dialer:edge/eavesCount:0/latencyMS:100/tricklingDelay:0/seq:3/fileSize:1048576/nodeType:Passive/nodeTypeIndex:0/meta:blks_rcvd","measures":{"value":11}}
{"ts":1670665447122165354,"type":"point","name":"exType:trickle/permutationIndex:0/run:13/dialer:edge/eavesCount:0/latencyMS:100/tricklingDelay:0/seq:3/fileSize:1048576/nodeType:Passive/nodeTypeIndex:0/meta:dup_blks_rcvd","measures":{"value":6}}
{"ts":1670665457917676876,"type":"point","name":"exType:trickle/permutationIndex:0/run:14/dialer:edge/eavesCount:0/latencyMS:100/tricklingDelay:0/seq:3/fileSize:1048576/nodeType:Passive/nodeTypeIndex:0/meta:msgs_rcvd","measures":{"value":37}}
{"ts":1670665457917773779,"type":"point","name":"exType:trickle/permutationIndex:0/run:14/dialer:edge/eavesCount:0/latencyMS:100/tricklingDelay:0/seq:3/fileSize:1048576/nodeType:Passive/nodeTypeIndex:0/meta:data_sent","measures":{"value":2622180}}
{"ts":1670665457917803189,"type":"point","name":"exType:trickle/permutationIndex:0/run:14/dialer:edge/eavesCount:0/latencyMS:100/tricklingDelay:0/seq:3/fileSize:1048576/nodeType:Passive/nodeTypeIndex:0/meta:data_rcvd","measures":{"value":2097864}}
{"ts":1670665457917825225,"type":"point","name":"exType:trickle/permutationIndex:0/run:14/dialer:edge/eavesCount:0/latencyMS:100/tricklingDelay:0/seq:3/fileSize:1048576/nodeType:Passive/nodeTypeIndex:0/meta:dup_data_rcvd","measures":{"value":1049032}}
{"ts":1670665457917846224,"type":"point","name":"exType:trickle/permutationIndex:0/run:14/dialer:edge/eavesCount:0/latencyMS:100/tricklingDelay:0/seq:3/fileSize:1048576/nodeType:Passive/nodeTypeIndex:0/meta:blks_sent","measures":{"value":13}}
{"ts":1670665457917869062,"type":"point","name":"exType:trickle/permutationIndex:0/run:14/dialer:edge/eavesCount:0/latencyMS:100/tricklingDelay:0/seq:3/fileSize:1048576/nodeType:Passive/nodeTypeIndex:0/meta:blks_rcvd","measures":{"value":11}}
{"ts":1670665457917889432,"type":"point","name":"exType:trickle/permutationIndex:0/run:14/dialer:edge/eavesCount:0/latencyMS:100/tricklingDelay:0/seq:3/fileSize:1048576/nodeType:Passive/nodeTypeIndex:0/meta:dup_blks_rcvd","measures":{"value":6}}
{"ts":1670665468524447829,"type":"point","name":"exType:trickle/permutationIndex:0/run:15/dialer:edge/eavesCount:0/latencyMS:100/tricklingDelay:0/seq:3/fileSize:1048576/nodeType:Passive/nodeTypeIndex:0/meta:msgs_rcvd","measures":{"value":41}}
{"ts":1670665468524480760,"type":"point","name":"exType:trickle/permutationIndex:0/run:15/dialer:edge/eavesCount:0/latencyMS:100/tricklingDelay:0/seq:3/fileSize:1048576/nodeType:Passive/nodeTypeIndex:0/meta:data_sent","measures":{"value":2360022}}
{"ts":1670665468524491883,"type":"point","name":"exType:trickle/permutationIndex:0/run:15/dialer:edge/eavesCount:0/latencyMS:100/tricklingDelay:0/seq:3/fileSize:1048576/nodeType:Passive/nodeTypeIndex:0/meta:data_rcvd","measures":{"value":1835706}}
{"ts":1670665468524506384,"type":"point","name":"exType:trickle/permutationIndex:0/run:15/dialer:edge/eavesCount:0/latencyMS:100/tricklingDelay:0/seq:3/fileSize:1048576/nodeType:Passive/nodeTypeIndex:0/meta:dup_data_rcvd","measures":{"value":786874}}
{"ts":1670665468524511710,"type":"point","name":"exType:trickle/permutationIndex:0/run:15/dialer:edge/eavesCount:0/latencyMS:100/tricklingDelay:0/seq:3/fileSize:1048576/nodeType:Passive/nodeTypeIndex:0/meta:blks_sent","measures":{"value":12}}
{"ts":1670665468524516315,"type":"point","name":"exType:trickle/permutationIndex:0/run:15/dialer:edge/eavesCount:0/latencyMS:100/tricklingDelay:0/seq:3/fileSize:1048576/nodeType:Passive/nodeTypeIndex:0/meta:blks_rcvd","measures":{"value":10}}
{"ts":1670665468524520670,"type":"point","name":"exType:trickle/permutationIndex:0/run:15/dialer:edge/eavesCount:0/latencyMS:100/tricklingDelay:0/seq:3/fileSize:1048576/nodeType:Passive/nodeTypeIndex:0/meta:dup_blks_rcvd","measures":{"value":5}}
{"ts":1670665479180539532,"type":"point","name":"exType:trickle/permutationIndex:0/run:16/dialer:edge/eavesCount:0/latencyMS:100/tricklingDelay:0/seq:3/fileSize:1048576/nodeType:Passive/nodeTypeIndex:0/meta:msgs_rcvd","measures":{"value":41}}
{"ts":1670665479180598316,"type":"point","name":"exType:trickle/permutationIndex:0/run:16/dialer:edge/eavesCount:0/latencyMS:100/tricklingDelay:0/seq:3/fileSize:1048576/nodeType:Passive/nodeTypeIndex:0/meta:data_sent","measures":{"value":2622180}}
{"ts":1670665479180621402,"type":"point","name":"exType:trickle/permutationIndex:0/run:16/dialer:edge/eavesCount:0/latencyMS:100/tricklingDelay:0/seq:3/fileSize:1048576/nodeType:Passive/nodeTypeIndex:0/meta:data_rcvd","measures":{"value":1573548}}
{"ts":1670665479180641726,"type":"point","name":"exType:trickle/permutationIndex:0/run:16/dialer:edge/eavesCount:0/latencyMS:100/tricklingDelay:0/seq:3/fileSize:1048576/nodeType:Passive/nodeTypeIndex:0/meta:dup_data_rcvd","measures":{"value":524716}}
{"ts":1670665479180661748,"type":"point","name":"exType:trickle/permutationIndex:0/run:16/dialer:edge/eavesCount:0/latencyMS:100/tricklingDelay:0/seq:3/fileSize:1048576/nodeType:Passive/nodeTypeIndex:0/meta:blks_sent","measures":{"value":13}}
{"ts":1670665479180682972,"type":"point","name":"exType:trickle/permutationIndex:0/run:16/dialer:edge/eavesCount:0/latencyMS:100/tricklingDelay:0/seq:3/fileSize:1048576/nodeType:Passive/nodeTypeIndex:0/meta:blks_rcvd","measures":{"value":9}}
{"ts":1670665479180704077,"type":"point","name":"exType:trickle/permutationIndex:0/run:16/dialer:edge/eavesCount:0/latencyMS:100/tricklingDelay:0/seq:3/fileSize:1048576/nodeType:Passive/nodeTypeIndex:0/meta:dup_blks_rcvd","measures":{"value":4}}
{"ts":1670665489936123242,"type":"point","name":"exType:trickle/permutationIndex:0/run:17/dialer:edge/eavesCount:0/latencyMS:100/tricklingDelay:0/seq:3/fileSize:1048576/nodeType:Passive/nodeTypeIndex:0/meta:msgs_rcvd","measures":{"value":37}}
{"ts":1670665489936208851,"type":"point","name":"exType:trickle/permutationIndex:0/run:17/dialer:edge/eavesCount:0/latencyMS:100/tricklingDelay:0/seq:3/fileSize:1048576/nodeType:Passive/nodeTypeIndex:0/meta:data_sent","measures":{"value":1835706}}
{"ts":1670665489936234729,"type":"point","name":"exType:trickle/permutationIndex:0/run:17/dialer:edge/eavesCount:0/latencyMS:100/tricklingDelay:0/seq:3/fileSize:1048576/nodeType:Passive/nodeTypeIndex:0/meta:data_rcvd","measures":{"value":2621780}}
{"ts":1670665489936287272,"type":"point","name":"exType:trickle/permutationIndex:0/run:17/dialer:edge/eavesCount:0/latencyMS:100/tricklingDelay:0/seq:3/fileSize:1048576/nodeType:Passive/nodeTypeIndex:0/meta:dup_data_rcvd","measures":{"value":1572948}}
{"ts":1670665489936299405,"type":"point","name":"exType:trickle/permutationIndex:0/run:17/dialer:edge/eavesCount:0/latencyMS:100/tricklingDelay:0/seq:3/fileSize:1048576/nodeType:Passive/nodeTypeIndex:0/meta:blks_sent","measures":{"value":10}}
{"ts":1670665489936308099,"type":"point","name":"exType:trickle/permutationIndex:0/run:17/dialer:edge/eavesCount:0/latencyMS:100/tricklingDelay:0/seq:3/fileSize:1048576/nodeType:Passive/nodeTypeIndex:0/meta:blks_rcvd","measures":{"value":11}}
{"ts":1670665489936310516,"type":"point","name":"exType:trickle/permutationIndex:0/run:17/dialer:edge/eavesCount:0/latencyMS:100/tricklingDelay:0/seq:3/fileSize:1048576/nodeType:Passive/nodeTypeIndex:0/meta:dup_blks_rcvd","measures":{"value":6}}
{"ts":1670665500744181026,"type":"point","name":"exType:trickle/permutationIndex:0/run:18/dialer:edge/eavesCount:0/latencyMS:100/tricklingDelay:0/seq:3/fileSize:1048576/nodeType:Passive/nodeTypeIndex:0/meta:msgs_rcvd","measures":{"value":40}}
{"ts":1670665500744290331,"type":"point","name":"exType:trickle/permutationIndex:0/run:18/dialer:edge/eavesCount:0/latencyMS:100/tricklingDelay:0/seq:3/fileSize:1048576/nodeType:Passive/nodeTypeIndex:0/meta:data_sent","measures":{"value":2097664}}
{"ts":1670665500744325314,"type":"point","name":"exType:trickle/permutationIndex:0/run:18/dialer:edge/eavesCount:0/latencyMS:100/tricklingDelay:0/seq:3/fileSize:1048576/nodeType:Passive/nodeTypeIndex:0/meta:data_rcvd","measures":{"value":2097864}}
{"ts":1670665500744345931,"type":"point","name":"exType:trickle/permutationIndex:0/run:18/dialer:edge/eavesCount:0/latencyMS:100/tricklingDelay:0/seq:3/fileSize:1048576/nodeType:Passive/nodeTypeIndex:0/meta:dup_data_rcvd","measures":{"value":1049032}}
{"ts":1670665500744367767,"type":"point","name":"exType:trickle/permutationIndex:0/run:18/dialer:edge/eavesCount:0/latencyMS:100/tricklingDelay:0/seq:3/fileSize:1048576/nodeType:Passive/nodeTypeIndex:0/meta:blks_sent","measures":{"value":10}}
{"ts":1670665500744390550,"type":"point","name":"exType:trickle/permutationIndex:0/run:18/dialer:edge/eavesCount:0/latencyMS:100/tricklingDelay:0/seq:3/fileSize:1048576/nodeType:Passive/nodeTypeIndex:0/meta:blks_rcvd","measures":{"value":11}}
{"ts":1670665500744409279,"type":"point","name":"exType:trickle/permutationIndex:0/run:18/dialer:edge/eavesCount:0/latencyMS:100/tricklingDelay:0/seq:3/fileSize:1048576/nodeType:Passive/nodeTypeIndex:0/meta:dup_blks_rcvd","measures":{"value":6}}
{"ts":1670665511667300102,"type":"point","name":"exType:trickle/permutationIndex:0/run:19/dialer:edge/eavesCount:0/latencyMS:100/tricklingDelay:0/seq:3/fileSize:1048576/nodeType:Passive/nodeTypeIndex:0/meta:msgs_rcvd","measures":{"value":41}}
{"ts":1670665511667391860,"type":"point","name":"exType:trickle/permutationIndex:0/run:19/dialer:edge/eavesCount:0/latencyMS:100/tricklingDelay:0/seq:3/fileSize:1048576/nodeType:Passive/nodeTypeIndex:0/meta:data_sent","measures":{"value":2097864}}
{"ts":1670665511667421062,"type":"point","name":"exType:trickle/permutationIndex:0/run:19/dialer:edge/eavesCount:0/latencyMS:100/tricklingDelay:0/seq:3/fileSize:1048576/nodeType:Passive/nodeTypeIndex:0/meta:data_rcvd","measures":{"value":2097864}}
{"ts":1670665511667442722,"type":"point","name":"exType:trickle/permutationIndex:0/run:19/dialer:edge/eavesCount:0/latencyMS:100/tricklingDelay:0/seq:3/fileSize:1048576/nodeType:Passive/nodeTypeIndex:0/meta:dup_data_rcvd","measures":{"value":1049032}}
{"ts":1670665511667464031,"type":"point","name":"exType:trickle/permutationIndex:0/run:19/dialer:edge/eavesCount:0/latencyMS:100/tricklingDelay:0/seq:3/fileSize:1048576/nodeType:Passive/nodeTypeIndex:0/meta:blks_sent","measures":{"value":11}}
{"ts":1670665511667484506,"type":"point","name":"exType:trickle/permutationIndex:0/run:19/dialer:edge/eavesCount:0/latencyMS:100/tricklingDelay:0/seq:3/fileSize:1048576/nodeType:Passive/nodeTypeIndex:0/meta:blks_rcvd","measures":{"value":11}}
{"ts":1670665511667505553,"type":"point","name":"exType:trickle/permutationIndex:0/run:19/dialer:edge/eavesCount:0/latencyMS:100/tricklingDelay:0/seq:3/fileSize:1048576/nodeType:Passive/nodeTypeIndex:0/meta:dup_blks_rcvd","measures":{"value":6}}
{"ts":1670665522952222938,"type":"point","name":"exType:trickle/permutationIndex:0/run:20/dialer:edge/eavesCount:0/latencyMS:100/tricklingDelay:0/seq:3/fileSize:1048576/nodeType:Passive/nodeTypeIndex:0/meta:msgs_rcvd","measures":{"value":39}}
{"ts":1670665522952303318,"type":"point","name":"exType:trickle/permutationIndex:0/run:20/dialer:edge/eavesCount:0/latencyMS:100/tricklingDelay:0/seq:3/fileSize:1048576/nodeType:Passive/nodeTypeIndex:0/meta:data_sent","measures":{"value":1835706}}
{"ts":1670665522952324365,"type":"point","name":"exType:trickle/permutationIndex:0/run:20/dialer:edge/eavesCount:0/latencyMS:100/tricklingDelay:0/seq:3/fileSize:1048576/nodeType:Passive/nodeTypeIndex:0/meta:data_rcvd","measures":{"value":2622180}}
{"ts":1670665522952341170,"type":"point","name":"exType:trickle/permutationIndex:0/run:20/dialer:edge/eavesCount:0/latencyMS:100/tricklingDelay:0/seq:3/fileSize:1048576/nodeType:Passive/nodeTypeIndex:0/meta:dup_data_rcvd","measures":{"value":1573348}}
{"ts":1670665522952357069,"type":"point","name":"exType:trickle/permutationIndex:0/run:20/dialer:edge/eavesCount:0/latencyMS:100/tricklingDelay:0/seq:3/fileSize:1048576/nodeType:Passive/nodeTypeIndex:0/meta:blks_sent","measures":{"value":10}}
{"ts":1670665522952371326,"type":"point","name":"exType:trickle/permutationIndex:0/run:20/dialer:edge/eavesCount:0/latencyMS:100/tricklingDelay:0/seq:3/fileSize:1048576/nodeType:Passive/nodeTypeIndex:0/meta:blks_rcvd","measures":{"value":13}}
{"ts":1670665522952386699,"type":"point","name":"exType:trickle/permutationIndex:0/run:20/dialer:edge/eavesCount:0/latencyMS:100/tricklingDelay:0/seq:3/fileSize:1048576/nodeType:Passive/nodeTypeIndex:0/meta:dup_blks_rcvd","measures":{"value":8}}
{"ts":1670665533789514301,"type":"point","name":"exType:trickle/permutationIndex:0/run:21/dialer:edge/eavesCount:0/latencyMS:100/tricklingDelay:0/seq:3/fileSize:1048576/nodeType:Passive/nodeTypeIndex:0/meta:msgs_rcvd","measures":{"value":38}}
{"ts":1670665533789603900,"type":"point","name":"exType:trickle/permutationIndex:0/run:21/dialer:edge/eavesCount:0/latencyMS:100/tricklingDelay:0/seq:3/fileSize:1048576/nodeType:Passive/nodeTypeIndex:0/meta:data_sent","measures":{"value":2360022}}
{"ts":1670665533789634696,"type":"point","name":"exType:trickle/permutationIndex:0/run:21/dialer:edge/eavesCount:0/latencyMS:100/tricklingDelay:0/seq:3/fileSize:1048576/nodeType:Passive/nodeTypeIndex:0/meta:data_rcvd","measures":{"value":2097864}}
{"ts":1670665533789660717,"type":"point","name":"exType:trickle/permutationIndex:0/run:21/dialer:edge/eavesCount:0/latencyMS:100/tricklingDelay:0/seq:3/fileSize:1048576/nodeType:Passive/nodeTypeIndex:0/meta:dup_data_rcvd","measures":{"value":1049032}}
{"ts":1670665533789687408,"type":"point","name":"exType:trickle/permutationIndex:0/run:21/dialer:edge/eavesCount:0/latencyMS:100/tricklingDelay:0/seq:3/fileSize:1048576/nodeType:Passive/nodeTypeIndex:0/meta:blks_sent","measures":{"value":12}}
{"ts":1670665533789709014,"type":"point","name":"exType:trickle/permutationIndex:0/run:21/dialer:edge/eavesCount:0/latencyMS:100/tricklingDelay:0/seq:3/fileSize:1048576/nodeType:Passive/nodeTypeIndex:0/meta:blks_rcvd","measures":{"value":11}}
{"ts":1670665533789723910,"type":"point","name":"exType:trickle/permutationIndex:0/run:21/dialer:edge/eavesCount:0/latencyMS:100/tricklingDelay:0/seq:3/fileSize:1048576/nodeType:Passive/nodeTypeIndex:0/meta:dup_blks_rcvd","measures":{"value":6}}
{"ts":1670665544229799552,"type":"point","name":"exType:trickle/permutationIndex:0/run:22/dialer:edge/eavesCount:0/latencyMS:100/tricklingDelay:0/seq:3/fileSize:1048576/nodeType:Passive/nodeTypeIndex:0/meta:msgs_rcvd","measures":{"value":37}}
{"ts":1670665544229818216,"type":"point","name":"exType:trickle/permutationIndex:0/run:22/dialer:edge/eavesCount:0/latencyMS:100/tricklingDelay:0/seq:3/fileSize:1048576/nodeType:Passive/nodeTypeIndex:0/meta:data_sent","measures":{"value":2097864}}
{"ts":1670665544229821661,"type":"point","name":"exType:trickle/permutationIndex:0/run:22/dialer:edge/eavesCount:0/latencyMS:100/tricklingDelay:0/seq:3/fileSize:1048576/nodeType:Passive/nodeTypeIndex:0/meta:data_rcvd","measures":{"value":2097864}}
{"ts":1670665544229824742,"type":"point","name":"exType:trickle/permutationIndex:0/run:22/dialer:edge/eavesCount:0/latencyMS:100/tricklingDelay:0/seq:3/fileSize:1048576/nodeType:Passive/nodeTypeIndex:0/meta:dup_data_rcvd","measures":{"value":1049032}}
{"ts":1670665544229833887,"type":"point","name":"exType:trickle/permutationIndex:0/run:22/dialer:edge/eavesCount:0/latencyMS:100/tricklingDelay:0/seq:3/fileSize:1048576/nodeType:Passive/nodeTypeIndex:0/meta:blks_sent","measures":{"value":11}}
{"ts":1670665544229836385,"type":"point","name":"exType:trickle/permutationIndex:0/run:22/dialer:edge/eavesCount:0/latencyMS:100/tricklingDelay:0/seq:3/fileSize:1048576/nodeType:Passive/nodeTypeIndex:0/meta:blks_rcvd","measures":{"value":11}}
{"ts":1670665544229838113,"type":"point","name":"exType:trickle/permutationIndex:0/run:22/dialer:edge/eavesCount:0/latencyMS:100/tricklingDelay:0/seq:3/fileSize:1048576/nodeType:Passive/nodeTypeIndex:0/meta:dup_blks_rcvd","measures":{"value":6}}
{"ts":1670665554879769705,"type":"point","name":"exType:trickle/permutationIndex:0/run:23/dialer:edge/eavesCount:0/latencyMS:100/tricklingDelay:0/seq:3/fileSize:1048576/nodeType:Passive/nodeTypeIndex:0/meta:msgs_rcvd","measures":{"value":41}}
{"ts":1670665554879792200,"type":"point","name":"exType:trickle/permutationIndex:0/run:23/dialer:edge/eavesCount:0/latencyMS:100/tricklingDelay:0/seq:3/fileSize:1048576/nodeType:Passive/nodeTypeIndex:0/meta:data_sent","measures":{"value":2622180}}
{"ts":1670665554879799108,"type":"point","name":"exType:trickle/permutationIndex:0/run:23/dialer:edge/eavesCount:0/latencyMS:100/tricklingDelay:0/seq:3/fileSize:1048576/nodeType:Passive/nodeTypeIndex:0/meta:data_rcvd","measures":{"value":1835706}}
{"ts":1670665554879803870,"type":"point","name":"exType:trickle/permutationIndex:0/run:23/dialer:edge/eavesCount:0/latencyMS:100/tricklingDelay:0/seq:3/fileSize:1048576/nodeType:Passive/nodeTypeIndex:0/meta:dup_data_rcvd","measures":{"value":786874}}
{"ts":1670665554879807939,"type":"point","name":"exType:trickle/permutationIndex:0/run:23/dialer:edge/eavesCount:0/latencyMS:100/tricklingDelay:0/seq:3/fileSize:1048576/nodeType:Passive/nodeTypeIndex:0/meta:blks_sent","measures":{"value":13}}
{"ts":1670665554879812179,"type":"point","name":"exType:trickle/permutationIndex:0/run:23/dialer:edge/eavesCount:0/latencyMS:100/tricklingDelay:0/seq:3/fileSize:1048576/nodeType:Passive/nodeTypeIndex:0/meta:blks_rcvd","measures":{"value":10}}
{"ts":1670665554879816505,"type":"point","name":"exType:trickle/permutationIndex:0/run:23/dialer:edge/eavesCount:0/latencyMS:100/tricklingDelay:0/seq:3/fileSize:1048576/nodeType:Passive/nodeTypeIndex:0/meta:dup_blks_rcvd","measures":{"value":5}}
{"ts":1670665565342705711,"type":"point","name":"exType:trickle/permutationIndex:0/run:24/dialer:edge/eavesCount:0/latencyMS:100/tricklingDelay:0/seq:3/fileSize:1048576/nodeType:Passive/nodeTypeIndex:0/meta:msgs_rcvd","measures":{"value":40}}
{"ts":1670665565342729081,"type":"point","name":"exType:trickle/permutationIndex:0/run:24/dialer:edge/eavesCount:0/latencyMS:100/tricklingDelay:0/seq:3/fileSize:1048576/nodeType:Passive/nodeTypeIndex:0/meta:data_sent","measures":{"value":1835706}}
{"ts":1670665565342734272,"type":"point","name":"exType:trickle/permutationIndex:0/run:24/dialer:edge/eavesCount:0/latencyMS:100/tricklingDelay:0/seq:3/fileSize:1048576/nodeType:Passive/nodeTypeIndex:0/meta:data_rcvd","measures":{"value":2360022}}
{"ts":1670665565342737370,"type":"point","name":"exType:trickle/permutationIndex:0/run:24/dialer:edge/eavesCount:0/latencyMS:100/tricklingDelay:0/seq:3/fileSize:1048576/nodeType:Passive/nodeTypeIndex:0/meta:dup_data_rcvd","measures":{"value":1311190}}
{"ts":1670665565342740988,"type":"point","name":"exType:trickle/permutationIndex:0/run:24/dialer:edge/eavesCount:0/latencyMS:100/tricklingDelay:0/seq:3/fileSize:1048576/nodeType:Passive/nodeTypeIndex:0/meta:blks_sent","measures":{"value":10}}
{"ts":1670665565342744717,"type":"point","name":"exType:trickle/permutationIndex:0/run:24/dialer:edge/eavesCount:0/latencyMS:100/tricklingDelay:0/seq:3/fileSize:1048576/nodeType:Passive/nodeTypeIndex:0/meta:blks_rcvd","measures":{"value":12}}
{"ts":1670665565342759687,"type":"point","name":"exType:trickle/permutationIndex:0/run:24/dialer:edge/eavesCount:0/latencyMS:100/tricklingDelay:0/seq:3/fileSize:1048576/nodeType:Passive/nodeTypeIndex:0/meta:dup_blks_rcvd","measures":{"value":7}}
{"ts":1670665576123341288,"type":"point","name":"exType:trickle/permutationIndex:0/run:25/dialer:edge/eavesCount:0/latencyMS:100/tricklingDelay:0/seq:3/fileSize:1048576/nodeType:Passive/nodeTypeIndex:0/meta:msgs_rcvd","measures":{"value":43}}
{"ts":1670665576123460305,"type":"point","name":"exType:trickle/permutationIndex:0/run:25/dialer:edge/eavesCount:0/latencyMS:100/tricklingDelay:0/seq:3/fileSize:1048576/nodeType:Passive/nodeTypeIndex:0/meta:data_sent","measures":{"value":1573548}}
{"ts":1670665576123490455,"type":"point","name":"exType:trickle/permutationIndex:0/run:25/dialer:edge/eavesCount:0/latencyMS:100/tricklingDelay:0/seq:3/fileSize:1048576/nodeType:Passive/nodeTypeIndex:0/meta:data_rcvd","measures":{"value":2622180}}
{"ts":1670665576123583590,"type":"point","name":"exType:trickle/permutationIndex:0/run:25/dialer:edge/eavesCount:0/latencyMS:100/tricklingDelay:0/seq:3/fileSize:1048576/nodeType:Passive/nodeTypeIndex:0/meta:dup_data_rcvd","measures":{"value":1573348}}
{"ts":1670665576123621160,"type":"point","name":"exType:trickle/permutationIndex:0/run:25/dialer:edge/eavesCount:0/latencyMS:100/tricklingDelay:0/seq:3/fileSize:1048576/nodeType:Passive/nodeTypeIndex:0/meta:blks_sent","measures":{"value":9}}
{"ts":1670665576123650412,"type":"point","name":"exType:trickle/permutationIndex:0/run:25/dialer:edge/eavesCount:0/latencyMS:100/tricklingDelay:0/seq:3/fileSize:1048576/nodeType:Passive/nodeTypeIndex:0/meta:blks_rcvd","measures":{"value":13}}
{"ts":1670665576123671964,"type":"point","name":"exType:trickle/permutationIndex:0/run:25/dialer:edge/eavesCount:0/latencyMS:100/tricklingDelay:0/seq:3/fileSize:1048576/nodeType:Passive/nodeTypeIndex:0/meta:dup_blks_rcvd","measures":{"value":8}}
{"ts":1670665592331268866,"type":"point","name":"exType:trickle/permutationIndex:1/run:1/dialer:edge/eavesCount:0/latencyMS:100/tricklingDelay:50/seq:3/fileSize:1048576/nodeType:Passive/nodeTypeIndex:0/meta:msgs_rcvd","measures":{"value":35}}
{"ts":1670665592331380378,"type":"point","name":"exType:trickle/permutationIndex:1/run:1/dialer:edge/eavesCount:0/latencyMS:100/tricklingDelay:50/seq:3/fileSize:1048576/nodeType:Passive/nodeTypeIndex:0/meta:data_sent","measures":{"value":1573148}}
{"ts":1670665592331411015,"type":"point","name":"exType:trickle/permutationIndex:1/run:1/dialer:edge/eavesCount:0/latencyMS:100/tricklingDelay:50/seq:3/fileSize:1048576/nodeType:Passive/nodeTypeIndex:0/meta:data_rcvd","measures":{"value":2359822}}
{"ts":1670665592331432992,"type":"point","name":"exType:trickle/permutationIndex:1/run:1/dialer:edge/eavesCount:0/latencyMS:100/tricklingDelay:50/seq:3/fileSize:1048576/nodeType:Passive/nodeTypeIndex:0/meta:dup_data_rcvd","measures":{"value":1310990}}
{"ts":1670665592331454134,"type":"point","name":"exType:trickle/permutationIndex:1/run:1/dialer:edge/eavesCount:0/latencyMS:100/tricklingDelay:50/seq:3/fileSize:1048576/nodeType:Passive/nodeTypeIndex:0/meta:blks_sent","measures":{"value":7}}
{"ts":1670665592331476402,"type":"point","name":"exType:trickle/permutationIndex:1/run:1/dialer:edge/eavesCount:0/latencyMS:100/tricklingDelay:50/seq:3/fileSize:1048576/nodeType:Passive/nodeTypeIndex:0/meta:blks_rcvd","measures":{"value":11}}
{"ts":1670665592331496885,"type":"point","name":"exType:trickle/permutationIndex:1/run:1/dialer:edge/eavesCount:0/latencyMS:100/tricklingDelay:50/seq:3/fileSize:1048576/nodeType:Passive/nodeTypeIndex:0/meta:dup_blks_rcvd","measures":{"value":6}}
{"ts":1670665606201448889,"type":"point","name":"exType:trickle/permutationIndex:1/run:2/dialer:edge/eavesCount:0/latencyMS:100/tricklingDelay:50/seq:3/fileSize:1048576/nodeType:Passive/nodeTypeIndex:0/meta:msgs_rcvd","measures":{"value":34}}
{"ts":1670665606201512133,"type":"point","name":"exType:trickle/permutationIndex:1/run:2/dialer:edge/eavesCount:0/latencyMS:100/tricklingDelay:50/seq:3/fileSize:1048576/nodeType:Passive/nodeTypeIndex:0/meta:data_sent","measures":{"value":1835506}}
{"ts":1670665606201563709,"type":"point","name":"exType:trickle/permutationIndex:1/run:2/dialer:edge/eavesCount:0/latencyMS:100/tricklingDelay:50/seq:3/fileSize:1048576/nodeType:Passive/nodeTypeIndex:0/meta:data_rcvd","measures":{"value":2097464}}
{"ts":1670665606201585480,"type":"point","name":"exType:trickle/permutationIndex:1/run:2/dialer:edge/eavesCount:0/latencyMS:100/tricklingDelay:50/seq:3/fileSize:1048576/nodeType:Passive/nodeTypeIndex:0/meta:dup_data_rcvd","measures":{"value":1048632}}
{"ts":1670665606201606483,"type":"point","name":"exType:trickle/permutationIndex:1/run:2/dialer:edge/eavesCount:0/latencyMS:100/tricklingDelay:50/seq:3/fileSize:1048576/nodeType:Passive/nodeTypeIndex:0/meta:blks_sent","measures":{"value":9}}
{"ts":1670665606201630544,"type":"point","name":"exType:trickle/permutationIndex:1/run:2/dialer:edge/eavesCount:0/latencyMS:100/tricklingDelay:50/seq:3/fileSize:1048576/nodeType:Passive/nodeTypeIndex:0/meta:blks_rcvd","measures":{"value":9}}
{"ts":1670665606201650351,"type":"point","name":"exType:trickle/permutationIndex:1/run:2/dialer:edge/eavesCount:0/latencyMS:100/tricklingDelay:50/seq:3/fileSize:1048576/nodeType:Passive/nodeTypeIndex:0/meta:dup_blks_rcvd","measures":{"value":4}}
{"ts":1670665620090494049,"type":"point","name":"exType:trickle/permutationIndex:1/run:3/dialer:edge/eavesCount:0/latencyMS:100/tricklingDelay:50/seq:3/fileSize:1048576/nodeType:Passive/nodeTypeIndex:0/meta:msgs_rcvd","measures":{"value":35}}
{"ts":1670665620090570600,"type":"point","name":"exType:trickle/permutationIndex:1/run:3/dialer:edge/eavesCount:0/latencyMS:100/tricklingDelay:50/seq:3/fileSize:1048576/nodeType:Passive/nodeTypeIndex:0/meta:data_sent","measures":{"value":1835706}}
{"ts":1670665620090614168,"type":"point","name":"exType:trickle/permutationIndex:1/run:3/dialer:edge/eavesCount:0/latencyMS:100/tricklingDelay:50/seq:3/fileSize:1048576/nodeType:Passive/nodeTypeIndex:0/meta:data_rcvd","measures":{"value":2359622}}
{"ts":1670665620090634820,"type":"point","name":"exType:trickle/permutationIndex:1/run:3/dialer:edge/eavesCount:0/latencyMS:100/tricklingDelay:50/seq:3/fileSize:1048576/nodeType:Passive/nodeTypeIndex:0/meta:dup_data_rcvd","measures":{"value":1310790}}
{"ts":1670665620090654002,"type":"point","name":"exType:trickle/permutationIndex:1/run:3/dialer:edge/eavesCount:0/latencyMS:100/tricklingDelay:50/seq:3/fileSize:1048576/nodeType:Passive/nodeTypeIndex:0/meta:blks_sent","measures":{"value":10}}
{"ts":1670665620090675628,"type":"point","name":"exType:trickle/permutationIndex:1/run:3/dialer:edge/eavesCount:0/latencyMS:100/tricklingDelay:50/seq:3/fileSize:1048576/nodeType:Passive/nodeTypeIndex:0/meta:blks_rcvd","measures":{"value":10}}
{"ts":1670665620090696170,"type":"point","name":"exType:trickle/permutationIndex:1/run:3/dialer:edge/eavesCount:0/latencyMS:100/tricklingDelay:50/seq:3/fileSize:1048576/nodeType:Passive/nodeTypeIndex:0/meta:dup_blks_rcvd","measures":{"value":5}}
{"ts":1670665633536780512,"type":"point","name":"exType:trickle/permutationIndex:1/run:4/dialer:edge/eavesCount:0/latencyMS:100/tricklingDelay:50/seq:3/fileSize:1048576/nodeType:Passive/nodeTypeIndex:0/meta:msgs_rcvd","measures":{"value":36}}
{"ts":1670665633536808547,"type":"point","name":"exType:trickle/permutationIndex:1/run:4/dialer:edge/eavesCount:0/latencyMS:100/tricklingDelay:50/seq:3/fileSize:1048576/nodeType:Passive/nodeTypeIndex:0/meta:data_sent","measures":{"value":1573348}}
{"ts":1670665633536818038,"type":"point","name":"exType:trickle/permutationIndex:1/run:4/dialer:edge/eavesCount:0/latencyMS:100/tricklingDelay:50/seq:3/fileSize:1048576/nodeType:Passive/nodeTypeIndex:0/meta:data_rcvd","measures":{"value":2621780}}
{"ts":1670665633536824166,"type":"point","name":"exType:trickle/permutationIndex:1/run:4/dialer:edge/eavesCount:0/latencyMS:100/tricklingDelay:50/seq:3/fileSize:1048576/nodeType:Passive/nodeTypeIndex:0/meta:dup_data_rcvd","measures":{"value":1572948}}
{"ts":1670665633536840036,"type":"point","name":"exType:trickle/permutationIndex:1/run:4/dialer:edge/eavesCount:0/latencyMS:100/tricklingDelay:50/seq:3/fileSize:1048576/nodeType:Passive/nodeTypeIndex:0/meta:blks_sent","measures":{"value":8}}
{"ts":1670665633536845340,"type":"point","name":"exType:trickle/permutationIndex:1/run:4/dialer:edge/eavesCount:0/latencyMS:100/tricklingDelay:50/seq:3/fileSize:1048576/nodeType:Passive/nodeTypeIndex:0/meta:blks_rcvd","measures":{"value":11}}
{"ts":1670665633536850472,"type":"point","name":"exType:trickle/permutationIndex:1/run:4/dialer:edge/eavesCount:0/latencyMS:100/tricklingDelay:50/seq:3/fileSize:1048576/nodeType:Passive/nodeTypeIndex:0/meta:dup_blks_rcvd","measures":{"value":6}}
{"ts":1670665647199167137,"type":"point","name":"exType:trickle/permutationIndex:1/run:5/dialer:edge/eavesCount:0/latencyMS:100/tricklingDelay:50/seq:3/fileSize:1048576/nodeType:Passive/nodeTypeIndex:0/meta:msgs_rcvd","measures":{"value":33}}
{"ts":1670665647199257184,"type":"point","name":"exType:trickle/permutationIndex:1/run:5/dialer:edge/eavesCount:0/latencyMS:100/tricklingDelay:50/seq:3/fileSize:1048576/nodeType:Passive/nodeTypeIndex:0/meta:data_sent","measures":{"value":2097664}}
{"ts":1670665647199318919,"type":"point","name":"exType:trickle/permutationIndex:1/run:5/dialer:edge/eavesCount:0/latencyMS:100/tricklingDelay:50/seq:3/fileSize:1048576/nodeType:Passive/nodeTypeIndex:0/meta:data_rcvd","measures":{"value":1835306}}
{"ts":1670665647199340645,"type":"point","name":"exType:trickle/permutationIndex:1/run:5/dialer:edge/eavesCount:0/latencyMS:100/tricklingDelay:50/seq:3/fileSize:1048576/nodeType:Passive/nodeTypeIndex:0/meta:dup_data_rcvd","measures":{"value":786474}}
{"ts":1670665647199361758,"type":"point","name":"exType:trickle/permutationIndex:1/run:5/dialer:edge/eavesCount:0/latencyMS:100/tricklingDelay:50/seq:3/fileSize:1048576/nodeType:Passive/nodeTypeIndex:0/meta:blks_sent","measures":{"value":10}}
{"ts":1670665647199385743,"type":"point","name":"exType:trickle/permutationIndex:1/run:5/dialer:edge/eavesCount:0/latencyMS:100/tricklingDelay:50/seq:3/fileSize:1048576/nodeType:Passive/nodeTypeIndex:0/meta:blks_rcvd","measures":{"value":8}}
{"ts":1670665647199406316,"type":"point","name":"exType:trickle/permutationIndex:1/run:5/dialer:edge/eavesCount:0/latencyMS:100/tricklingDelay:50/seq:3/fileSize:1048576/nodeType:Passive/nodeTypeIndex:0/meta:dup_blks_rcvd","measures":{"value":3}}
{"ts":1670665660705374662,"type":"point","name":"exType:trickle/permutationIndex:1/run:6/dialer:edge/eavesCount:0/latencyMS:100/tricklingDelay:50/seq:3/fileSize:1048576/nodeType:Passive/nodeTypeIndex:0/meta:msgs_rcvd","measures":{"value":34}}
{"ts":1670665660705483043,"type":"point","name":"exType:trickle/permutationIndex:1/run:6/dialer:edge/eavesCount:0/latencyMS:100/tricklingDelay:50/seq:3/fileSize:1048576/nodeType:Passive/nodeTypeIndex:0/meta:data_sent","measures":{"value":1311190}}
{"ts":1670665660705510229,"type":"point","name":"exType:trickle/permutationIndex:1/run:6/dialer:edge/eavesCount:0/latencyMS:100/tricklingDelay:50/seq:3/fileSize:1048576/nodeType:Passive/nodeTypeIndex:0/meta:data_rcvd","measures":{"value":2359622}}
{"ts":1670665660705525919,"type":"point","name":"exType:trickle/permutationIndex:1/run:6/dialer:edge/eavesCount:0/latencyMS:100/tricklingDelay:50/seq:3/fileSize:1048576/nodeType:Passive/nodeTypeIndex:0/meta:dup_data_rcvd","measures":{"value":1310790}}
{"ts":1670665660705542119,"type":"point","name":"exType:trickle/permutationIndex:1/run:6/dialer:edge/eavesCount:0/latencyMS:100/tricklingDelay:50/seq:3/fileSize:1048576/nodeType:Passive/nodeTypeIndex:0/meta:blks_sent","measures":{"value":7}}
{"ts":1670665660705555310,"type":"point","name":"exType:trickle/permutationIndex:1/run:6/dialer:edge/eavesCount:0/latencyMS:100/tricklingDelay:50/seq:3/fileSize:1048576/nodeType:Passive/nodeTypeIndex:0/meta:blks_rcvd","measures":{"value":10}}
{"ts":1670665660705571736,"type":"point","name":"exType:trickle/permutationIndex:1/run:6/dialer:edge/eavesCount:0/latencyMS:100/tricklingDelay:50/seq:3/fileSize:1048576/nodeType:Passive/nodeTypeIndex:0/meta:dup_blks_rcvd","measures":{"value":5}}
