{"ts":1670665318237491287,"type":"point","name":"exType:trickle/permutationIndex:0/run:1/dialer:edge/eavesCount:0/latencyMS:100/tricklingDelay:0/seq:10/fileSize:1048576/nodeType:Passive/nodeTypeIndex:7/meta:msgs_rcvd","measures":{"value":52}}
{"ts":1670665318237525620,"type":"point","name":"exType:trickle/permutationIndex:0/run:1/dialer:edge/eavesCount:0/latencyMS:100/tricklingDelay:0/seq:10/fileSize:1048576/nodeType:Passive/nodeTypeIndex:7/meta:data_sent","measures":{"value":1835506}}
{"ts":1670665318237533975,"type":"point","name":"exType:trickle/permutationIndex:0/run:1/dialer:edge/eavesCount:0/latencyMS:100/tricklingDelay:0/seq:10/fileSize:1048576/nodeType:Passive/nodeTypeIndex:7/meta:data_rcvd","measures":{"value":2622180}}
{"ts":1670665318237540426,"type":"point","name":"exType:trickle/permutationIndex:0/run:1/dialer:edge/eavesCount:0/latencyMS:100/tricklingDelay:0/seq:10/fileSize:1048576/nodeType:Passive/nodeTypeIndex:7/meta:dup_data_rcvd","measures":{"value":1573348}}
{"ts":1670665318237546573,"type":"point","name":"exType:trickle/permutationIndex:0/run:1/dialer:edge/eavesCount:0/latencyMS:100/tricklingDelay:0/seq:10/fileSize:1048576/nodeType:Passive/nodeTypeIndex:7/meta:blks_sent","measures":{"value":9}}
{"ts":1670665318237556684,"type":"point","name":"exType:trickle/permutationIndex:0/run:1/dialer:edge/eavesCount:0/latencyMS:100/tricklingDelay:0/seq:10/fileSize:1048576/nodeType:Passive/nodeTypeIndex:7/meta:blks_rcvd","measures":{"value":13}}
{"ts":1670665318237562108,"type":"point","name":"exType:trickle/permutationIndex:0/run:1/dialer:edge/eavesCount:0/latencyMS:100/tricklingDelay:0/seq:10/fileSize:1048576/nodeType:Passive/nodeTypeIndex:7/meta:dup_blks_rcvd","measures":{"value":8}}
{"ts":1670665329011721605,"type":"point","name":"exType:trickle/permutationIndex:0/run:2/dialer:edge/eavesCount:0/latencyMS:100/tricklingDelay:0/seq:10/fileSize:1048576/nodeType:Passive/nodeTypeIndex:7/meta:msgs_rcvd","measures":{"value":46}}
{"ts":1670665329011812294,"type":"point","name":"exType:trickle/permutationIndex:0/run:2/dialer:edge/eavesCount:0/latencyMS:100/tricklingDelay:0/seq:10/fileSize:1048576/nodeType:Passive/nodeTypeIndex:7/meta:data_sent","measures":{"value":2884338}}
{"ts":1670665329011843798,"type":"point","name":"exType:trickle/permutationIndex:0/run:2/dialer:edge/eavesCount:0/latencyMS:100/tricklingDelay:0/seq:10/fileSize:1048576/nodeType:Passive/nodeTypeIndex:7/meta:data_rcvd","measures":{"value":1835706}}
{"ts":1670665329011865900,"type":"point","name":"exType:trickle/permutationIndex:0/run:2/dialer:edge/eavesCount:0/latencyMS:100/tricklingDelay:0/seq:10/fileSize:1048576/nodeType:Passive/nodeTypeIndex:7/meta:dup_data_rcvd","measures":{"value":786874}}
{"ts":1670665329011887601,"type":"point","name":"exType:trickle/permutationIndex:0/run:2/dialer:edge/eavesCount:0/latencyMS:100/tricklingDelay:0/seq:10/fileSize:1048576/nodeType:Passive/nodeTypeIndex:7/meta:blks_sent","measures":{"value":14}}
{"ts":1670665329011908331,"type":"point","name":"exType:trickle/permutationIndex:0/run:2/dialer:edge/eavesCount:0/latencyMS:100/tricklingDelay:0/seq:10/fileSize:1048576/nodeType:Passive/nodeTypeIndex:7/meta:blks_rcvd","measures":{"value":10}}
{"ts":1670665329011930076,"type":"point","name":"exType:trickle/permutationIndex:0/run:2/dialer:edge/eavesCount:0/latencyMS:100/tricklingDelay:0/seq:10/fileSize:1048576/nodeType:Passive/nodeTypeIndex:7/meta:dup_blks_rcvd","measures":{"value":5}}
{"ts":1670665339659231697,"type":"point","name":"exType:trickle/permutationIndex:0/run:3/dialer:edge/eavesCount:0/latencyMS:100/tricklingDelay:0/seq:10/fileSize:1048576/nodeType:Passive/nodeTypeIndex:7/meta:msgs_rcvd","measures":{"value":49}}
{"ts":1670665339659250249,"type":"point","name":"exType:trickle/permutationIndex:0/run:3/dialer:edge/eavesCount:0/latencyMS:100/tricklingDelay:0/seq:10/fileSize:1048576/nodeType:Passive/nodeTypeIndex:7/meta:data_sent","measures":{"value":3408454}}
{"ts":1670665339659254472,"type":"point","name":"exType:trickle/permutationIndex:0/run:3/dialer:edge/eavesCount:0/latencyMS:100/tricklingDelay:0/seq:10/fileSize:1048576/nodeType:Passive/nodeTypeIndex:7/meta:data_rcvd","measures":{"value":1049232}}
{"ts":1670665339659263865,"type":"point","name":"exType:trickle/permutationIndex:0/run:3/dialer:edge/eavesCount:0/latencyMS:100/tricklingDelay:0/seq:10/fileSize:1048576/nodeType:Passive/nodeTypeIndex:7/meta:dup_data_rcvd","measures":{"value":400}}
{"ts":1670665339659267249,"type":"point","name":"exType:trickle/permutationIndex:0/run:3/dialer:edge/eavesCount:0/latencyMS:100/tricklingDelay:0/seq:10/fileSize:1048576/nodeType:Passive/nodeTypeIndex:7/meta:blks_sent","measures":{"value":15}}
{"ts":1670665339659269887,"type":"point","name":"exType:trickle/permutationIndex:0/run:3/dialer:edge/eavesCount:0/latencyMS:100/tricklingDelay:0/seq:10/fileSize:1048576/nodeType:Passive/nodeTypeIndex:7/meta:blks_rcvd","measures":{"value":7}}
{"ts":1670665339659272319,"type":"point","name":"exType:trickle/permutationIndex:0/run:3/dialer:edge/eavesCount:0/latencyMS:100/tricklingDelay:0/seq:10/fileSize:1048576/nodeType:Passive/nodeTypeIndex:7/meta:dup_blks_rcvd","measures":{"value":2}}
{"ts":1670665350597763352,"type":"point","name":"exType:trickle/permutationIndex:0/run:4/dialer:edge/eavesCount:0/latencyMS:100/tricklingDelay:0/seq:10/fileSize:1048576/nodeType:Passive/nodeTypeIndex:7/meta:msgs_rcvd","measures":{"value":46}}
{"ts":1670665350597929357,"type":"point","name":"exType:trickle/permutationIndex:0/run:4/dialer:edge/eavesCount:0/latencyMS:100/tricklingDelay:0/seq:10/fileSize:1048576/nodeType:Passive/nodeTypeIndex:7/meta:data_sent","measures":{"value":2360022}}
{"ts":1670665350597963576,"type":"point","name":"exType:trickle/permutationIndex:0/run:4/dialer:edge/eavesCount:0/latencyMS:100/tricklingDelay:0/seq:10/fileSize:1048576/nodeType:Passive/nodeTypeIndex:7/meta:data_rcvd","measures":{"value":2621980}}
{"ts":1670665350597985700,"type":"point","name":"exType:trickle/permutationIndex:0/run:4/dialer:edge/eavesCount:0/latencyMS:100/tricklingDelay:0/seq:10/fileSize:1048576/nodeType:Passive/nodeTypeIndex:7/meta:dup_data_rcvd","measures":{"value":1573148}}
{"ts":1670665350598006077,"type":"point","name":"exType:trickle/permutationIndex:0/run:4/dialer:edge/eavesCount:0/latencyMS:100/tricklingDelay:0/seq:10/fileSize:1048576/nodeType:Passive/nodeTypeIndex:7/meta:blks_sent","measures":{"value":12}}
{"ts":1670665350598026883,"type":"point","name":"exType:trickle/permutationIndex:0/run:4/dialer:edge/eavesCount:0/latencyMS:100/tricklingDelay:0/seq:10/fileSize:1048576/nodeType:Passive/nodeTypeIndex:7/meta:blks_rcvd","measures":{"value":12}}
{"ts":1670665350598047098,"type":"point","name":"exType:trickle/permutationIndex:0/run:4/dialer:edge/eavesCount:0/latencyMS:100/tricklingDelay:0/seq:10/fileSize:1048576/nodeType:Passive/nodeTypeIndex:7/meta:dup_blks_rcvd","measures":{"value":7}}
{"ts":1670665360735526434,"type":"point","name":"exType:trickle/permutationIndex:0/run:5/dialer:edge/eavesCount:0/latencyMS:100/tricklingDelay:0/seq:10/fileSize:1048576/nodeType:Passive/nodeTypeIndex:7/meta:msgs_rcvd","measures":{"value":39}}
{"ts":1670665360735633826,"type":"point","name":"exType:trickle/permutationIndex:0/run:5/dialer:edge/eavesCount:0/latencyMS:100/tricklingDelay:0/seq:10/fileSize:1048576/nodeType:Passive/nodeTypeIndex:7/meta:data_sent","measures":{"value":3146496}}
{"ts":1670665360735671941,"type":"point","name":"exType:trickle/permutationIndex:0/run:5/dialer:edge/eavesCount:0/latencyMS:100/tricklingDelay:0/seq:10/fileSize:1048576/nodeType:Passive/nodeTypeIndex:7/meta:data_rcvd","measures":{"value":1310990}}
{"ts":1670665360735697571,"type":"point","name":"exType:trickle/permutationIndex:0/run:5/dialer:edge/eavesCount:0/latencyMS:100/tricklingDelay:0/seq:10/fileSize:1048576/nodeType:Passive/nodeTypeIndex:7/meta:dup_data_rcvd","measures":{"value":262158}}
{"ts":1670665360735718203,"type":"point","name":"exType:trickle/permutationIndex:0/run:5/dialer:edge/eavesCount:0/latencyMS:100/tricklingDelay:0/seq:10/fileSize:1048576/nodeType:Passive/nodeTypeIndex:7/meta:blks_sent","measures":{"value":15}}
{"ts":1670665360735738094,"type":"point","name":"exType:trickle/permutationIndex:0/run:5/dialer:edge/eavesCount:0/latencyMS:100/tricklingDelay:0/seq:10/fileSize:1048576/nodeType:Passive/nodeTypeIndex:7/meta:blks_rcvd","measures":{"value":6}}
{"ts":1670665360735799832,"type":"point","name":"exType:trickle/permutationIndex:0/run:5/dialer:edge/eavesCount:0/latencyMS:100/tricklingDelay:0/seq:10/fileSize:1048576/nodeType:Passive/nodeTypeIndex:7/meta:dup_blks_rcvd","measures":{"value":1}}
{"ts":1670665371581594110,"type":"point","name":"exType:trickle/permutationIndex:0/run:6/dialer:edge/eavesCount:0/latencyMS:100/tricklingDelay:0/seq:10/fileSize:1048576/nodeType:Passive/nodeTypeIndex:7/meta:msgs_rcvd","measures":{"value":46}}
{"ts":1670665371581777417,"type":"point","name":"exType:trickle/permutationIndex:0/run:6/dialer:edge/eavesCount:0/latencyMS:100/tricklingDelay:0/seq:10/fileSize:1048576/nodeType:Passive/nodeTypeIndex:7/meta:data_sent","measures":{"value":2359622}}
{"ts":1670665371581807766,"type":"point","name":"exType:trickle/permutationIndex:0/run:6/dialer:edge/eavesCount:0/latencyMS:100/tricklingDelay:0/seq:10/fileSize:1048576/nodeType:Passive/nodeTypeIndex:7/meta:data_rcvd","measures":{"value":1835706}}
{"ts":1670665371581829516,"type":"point","name":"exType:trickle/permutationIndex:0/run:6/dialer:edge/eavesCount:0/latencyMS:100/tricklingDelay:0/seq:10/fileSize:1048576/nodeType:Passive/nodeTypeIndex:7/meta:dup_data_rcvd","measures":{"value":786874}}
{"ts":1670665371581851712,"type":"point","name":"exType:trickle/permutationIndex:0/run:6/dialer:edge/eavesCount:0/latencyMS:100/tricklingDelay:0/seq:10/fileSize:1048576/nodeType:Passive/nodeTypeIndex:7/meta:blks_sent","measures":{"value":10}}
{"ts":1670665371581869542,"type":"point","name":"exType:trickle/permutationIndex:0/run:6/dialer:edge/eavesCount:0/latencyMS:100/tricklingDelay:0/seq:10/fileSize:1048576/nodeType:Passive/nodeTypeIndex:7/meta:blks_rcvd","measures":{"value":10}}
{"ts":1670665371581886744,"type":"point","name":"exType:trickle/permutationIndex:0/run:6/dialer:edge/eavesCount:0/latencyMS:100/tricklingDelay:0/seq:10/fileSize:1048576/nodeType:Passive/nodeTypeIndex:7/meta:dup_blks_rcvd","measures":{"value":5}}
{"ts":1670665382112918105,"type":"point","name":"exType:trickle/permutationIndex:0/run:7/dialer:edge/eavesCount:0/latencyMS:100/tricklingDelay:0/seq:10/fileSize:1048576/nodeType:Passive/nodeTypeIndex:7/meta:msgs_rcvd","measures":{"value":43}}
{"ts":1670665382113019341,"type":"point","name":"exType:trickle/permutationIndex:0/run:7/dialer:edge/eavesCount:0/latencyMS:100/tricklingDelay:0/seq:10/fileSize:1048576/nodeType:Passive/nodeTypeIndex:7/meta:data_sent","measures":{"value":2621980}}
{"ts":1670665382113050503,"type":"point","name":"exType:trickle/permutationIndex:0/run:7/dialer:edge/eavesCount:0/latencyMS:100/tricklingDelay:0/seq:10/fileSize:1048576/nodeType:Passive/nodeTypeIndex:7/meta:data_rcvd","measures":{"value":1835706}}
{"ts":1670665382113074948,"type":"point","name":"exType:trickle/permutationIndex:0/run:7/dialer:edge/eavesCount:0/latencyMS:100/tricklingDelay:0/seq:10/fileSize:1048576/nodeType:Passive/nodeTypeIndex:7/meta:dup_data_rcvd","measures":{"value":786874}}
{"ts":1670665382113096224,"type":"point","name":"exType:trickle/permutationIndex:0/run:7/dialer:edge/eavesCount:0/latencyMS:100/tricklingDelay:0/seq:10/fileSize:1048576/nodeType:Passive/nodeTypeIndex:7/meta:blks_sent","measures":{"value":12}}
{"ts":1670665382113118166,"type":"point","name":"exType:trickle/permutationIndex:0/run:7/dialer:edge/eavesCount:0/latencyMS:100/tricklingDelay:0/seq:10/fileSize:1048576/nodeType:Passive/nodeTypeIndex:7/meta:blks_rcvd","measures":{"value":10}}
{"ts":1670665382113139797,"type":"point","name":"exType:trickle/permutationIndex:0/run:7/dialer:edge/eavesCount:0/latencyMS:100/tricklingDelay:0/seq:10/fileSize:1048576/nodeType:Passive/nodeTypeIndex:7/meta:dup_blks_rcvd","measures":{"value":5}}
{"ts":1670665393011046216,"type":"point","name":"exType:trickle/permutationIndex:0/run:8/dialer:edge/eavesCount:0/latencyMS:100/tricklingDelay:0/seq:10/fileSize:1048576/nodeType:Passive/nodeTypeIndex:7/meta:msgs_rcvd","measures":{"value":46}}
{"ts":1670665393011067244,"type":"point","name":"exType:trickle/permutationIndex:0/run:8/dialer:edge/eavesCount:0/latencyMS:100/tricklingDelay:0/seq:10/fileSize:1048576/nodeType:Passive/nodeTypeIndex:7/meta:data_sent","measures":{"value":3146296}}
{"ts":1670665393011070560,"type":"point","name":"exType:trickle/permutationIndex:0/run:8/dialer:edge/eavesCount:0/latencyMS:100/tricklingDelay:0/seq:10/fileSize:1048576/nodeType:Passive/nodeTypeIndex:7/meta:data_rcvd","measures":{"value":1311390}}
{"ts":1670665393011073271,"type":"point","name":"exType:trickle/permutationIndex:0/run:8/dialer:edge/eavesCount:0/latencyMS:100/tricklingDelay:0/seq:10/fileSize:1048576/nodeType:Passive/nodeTypeIndex:7/meta:dup_data_rcvd","measures":{"value":262558}}
{"ts":1670665393011075854,"type":"point","name":"exType:trickle/permutationIndex:0/run:8/dialer:edge/eavesCount:0/latencyMS:100/tricklingDelay:0/seq:10/fileSize:1048576/nodeType:Passive/nodeTypeIndex:7/meta:blks_sent","measures":{"value":14}}
{"ts":1670665393011078690,"type":"point","name":"exType:trickle/permutationIndex:0/run:8/dialer:edge/eavesCount:0/latencyMS:100/tricklingDelay:0/seq:10/fileSize:1048576/nodeType:Passive/nodeTypeIndex:7/meta:blks_rcvd","measures":{"value":8}}
{"ts":1670665393011081373,"type":"point","name":"exType:trickle/permutationIndex:0/run:8/dialer:edge/eavesCount:0/latencyMS:100/tricklingDelay:0/seq:10/fileSize:1048576/nodeType:Passive/nodeTypeIndex:7/meta:dup_blks_rcvd","measures":{"value":3}}
{"ts":1670665404094663494,"type":"point","name":"exType:trickle/permutationIndex:0/run:9/dialer:edge/eavesCount:0/latencyMS:100/tricklingDelay:0/seq:10/fileSize:1048576/nodeType:Passive/nodeTypeIndex:7/meta:msgs_rcvd","measures":{"value":50}}
{"ts":1670665404094791925,"type":"point","name":"exType:trickle/permutationIndex:0/run:9/dialer:edge/eavesCount:0/latencyMS:100/tricklingDelay:0/seq:10/fileSize:1048576/nodeType:Passive/nodeTypeIndex:7/meta:data_sent","measures":{"value":1835306}}
{"ts":1670665404094826587,"type":"point","name":"exType:trickle/permutationIndex:0/run:9/dialer:edge/eavesCount:0/latencyMS:100/tricklingDelay:0/seq:10/fileSize:1048576/nodeType:Passive/nodeTypeIndex:7/meta:data_rcvd","measures":{"value":2622180}}
{"ts":1670665404094850224,"type":"point","name":"exType:trickle/permutationIndex:0/run:9/dialer:edge/eavesCount:0/latencyMS:100/tricklingDelay:0/seq:10/fileSize:1048576/nodeType:Passive/nodeTypeIndex:7/meta:dup_data_rcvd","measures":{"value":1311190}}
{"ts":1670665404094871640,"type":"point","name":"exType:trickle/permutationIndex:0/run:9/dialer:edge/eavesCount:0/latencyMS:100/tricklingDelay:0/seq:10/fileSize:1048576/nodeType:Passive/nodeTypeIndex:7/meta:blks_sent","measures":{"value":8}}
{"ts":1670665404094893198,"type":"point","name":"exType:trickle/permutationIndex:0/run:9/dialer:edge/eavesCount:0/latencyMS:100/tricklingDelay:0/seq:10/fileSize:1048576/nodeType:Passive/nodeTypeIndex:7/meta:blks_rcvd","measures":{"value":13}}
{"ts":1670665404094912829,"type":"point","name":"exType:trickle/permutationIndex:0/run:9/dialer:edge/eavesCount:0/latencyMS:100/tricklingDelay:0/seq:10/fileSize:1048576/nodeType:Passive/nodeTypeIndex:7/meta:dup_blks_rcvd","measures":{"value":7}}
{"ts":1670665415333280794,"type":"point","name":"exType:trickle/permutationIndex:0/run:10/dialer:edge/eavesCount:0/latencyMS:100/tricklingDelay:0/seq:10/fileSize:1048576/nodeType:Passive/nodeTypeIndex:7/meta:msgs_rcvd","measures":{"value":37}}
{"ts":1670665415333382179,"type":"point","name":"exType:trickle/permutationIndex:0/run:10/dialer:edge/eavesCount:0/latencyMS:100/tricklingDelay:0/seq:10/fileSize:1048576/nodeType:Passive/nodeTypeIndex:7/meta:data_sent","measures":{"value":3146496}}
{"ts":1670665415333411611,"type":"point","name":"exType:trickle/permutationIndex:0/run:10/dialer:edge/eavesCount:0/latencyMS:100/tricklingDelay:0/seq:10/fileSize:1048576/nodeType:Passive/nodeTypeIndex:7/meta:data_rcvd","measures":{"value":1049032}}
{"ts":1670665415333435101,"type":"point","name":"exType:trickle/permutationIndex:0/run:10/dialer:edge/eavesCount:0/latencyMS:100/tricklingDelay:0/seq:10/fileSize:1048576/nodeType:Passive/nodeTypeIndex:7/meta:dup_data_rcvd","measures":{"value":200}}
{"ts":1670665415333494863,"type":"point","name":"exType:trickle/permutationIndex:0/run:10/dialer:edge/eavesCount:0/latencyMS:100/tricklingDelay:0/seq:10/fileSize:1048576/nodeType:Passive/nodeTypeIndex:7/meta:blks_sent","measures":{"value":15}}
{"ts":1670665415333514941,"type":"point","name":"exType:trickle/permutationIndex:0/run:10/dialer:edge/eavesCount:0/latencyMS:100/tricklingDelay:0/seq:10/fileSize:1048576/nodeType:Passive/nodeTypeIndex:7/meta:blks_rcvd","measures":{"value":6}}
{"ts":1670665415333536125,"type":"point","name":"exType:trickle/permutationIndex:0/run:10/dialer:edge/eavesCount:0/latencyMS:100/tricklingDelay:0/seq:10/fileSize:1048576/nodeType:Passive/nodeTypeIndex:7/meta:dup_blks_rcvd","measures":{"value":1}}
{"ts":1670665425916943008,"type":"point","name":"exType:trickle/permutationIndex:0/run:11/dialer:edge/eavesCount:0/latencyMS:100/tricklingDelay:0/seq:10/fileSize:1048576/nodeType:Passive/nodeTypeIndex:7/meta:msgs_rcvd","measures":{"value":45}}
{"ts":1670665425917045930,"type":"point","name":"exType:trickle/permutationIndex:0/run:11/dialer:edge/eavesCount:0/latencyMS:100/tricklingDelay:0/seq:10/fileSize:1048576/nodeType:Passive/nodeTypeIndex:7/meta:data_sent","measures":{"value":2360022}}
{"ts":1670665425917076342,"type":"point","name":"exType:trickle/permutationIndex:0/run:11/dialer:edge/eavesCount:0/latencyMS:100/tricklingDelay:0/seq:10/fileSize:1048576/nodeType:Passive/nodeTypeIndex:7/meta:data_rcvd","measures":{"value":1835506}}
{"ts":1670665425917090189,"type":"point","name":"exType:trickle/permutationIndex:0/run:11/dialer:edge/eavesCount:0/latencyMS:100/tricklingDelay:0/seq:10/fileSize:1048576/nodeType:Passive/nodeTypeIndex:7/meta:dup_data_rcvd","measures":{"value":786674}}
{"ts":1670665425917109884,"type":"point","name":"exType:trickle/permutationIndex:0/run:11/dialer:edge/eavesCount:0/latencyMS:100/tricklingDelay:0/seq:10/fileSize:1048576/nodeType:Passive/nodeTypeIndex:7/meta:blks_sent","measures":{"value":12}}
{"ts":1670665425917129328,"type":"point","name":"exType:trickle/permutationIndex:0/run:11/dialer:edge/eavesCount:0/latencyMS:100/tricklingDelay:0/seq:10/fileSize:1048576/nodeType:Passive/nodeTypeIndex:7/meta:blks_rcvd","measures":{"value":9}}
{"ts":1670665425917151336,"type":"point","name":"exType:trickle/permutationIndex:0/run:11/dialer:edge/eavesCount:0/latencyMS:100/tricklingDelay:0/seq:10/fileSize:1048576/nodeType:Passive/nodeTypeIndex:7/meta:dup_blks_rcvd","measures":{"value":4}}
{"ts":1670665436594284738,"type":"point","name":"exType:trickle/permutationIndex:0/run:12/dialer:edge/eavesCount:0/latencyMS:100/tricklingDelay:0/seq:10/fileSize:1048576/nodeType:Passive/nodeTypeIndex:7/meta:msgs_rcvd","measures":{"value":49}}
{"ts":1670665436594389193,"type":"point","name":"exType:trickle/permutationIndex:0/run:12/dialer:edge/eavesCount:0/latencyMS:100/tricklingDelay:0/seq:10/fileSize:1048576/nodeType:Passive/nodeTypeIndex:7/meta:data_sent","measures":{"value":2359822}}
{"ts":1670665436594418431,"type":"point","name":"exType:trickle/permutationIndex:0/run:12/dialer:edge/eavesCount:0/latencyMS:100/tricklingDelay:0/seq:10/fileSize:1048576/nodeType:Passive/nodeTypeIndex:7/meta:data_rcvd","measures":{"value":1835706}}
{"ts":1670665436594441609,"type":"point","name":"exType:trickle/permutationIndex:0/run:12/dialer:edge/eavesCount:0/latencyMS:100/tricklingDelay:0/seq:10/fileSize:1048576/nodeType:Passive/nodeTypeIndex:7/meta:dup_data_rcvd","measures":{"value":786874}}
{"ts":1670665436594460667,"type":"point","name":"exType:trickle/permutationIndex:0/run:12/dialer:edge/eavesCount:0/latencyMS:100/tricklingDelay:0/seq:10/fileSize:1048576/nodeType:Passive/nodeTypeIndex:7/meta:blks_sent","measures":{"value":11}}
{"ts":1670665436594481154,"type":"point","name":"exType:trickle/permutationIndex:0/run:12/dialer:edge/eavesCount:0/latencyMS:100/tricklingDelay:0/seq:10/fileSize:1048576/nodeType:Passive/nodeTypeIndex:7/meta:blks_rcvd","measures":{"value":10}}
{"ts":1670665436594505527,"type":"point","name":"exType:trickle/permutationIndex:0/run:12/dialer:edge/eavesCount:0/latencyMS:100/tricklingDelay:0/seq:10/fileSize:1048576/nodeType:Passive/nodeTypeIndex:7/meta:dup_blks_rcvd","measures":{"value":5}}
{"ts":1670665447121804384,"type":"point","name":"exType:trickle/permutationIndex:0/run:13/dialer:edge/eavesCount:0/latencyMS:100/tricklingDelay:0/seq:10/fileSize:1048576/nodeType:Passive/nodeTypeIndex:7/meta:msgs_rcvd","measures":{"value":49}}
{"ts":1670665447121937303,"type":"point","name":"exType:trickle/permutationIndex:0/run:13/dialer:edge/eavesCount:0/latencyMS:100/tricklingDelay:0/seq:10/fileSize:1048576/nodeType:Passive/nodeTypeIndex:7/meta:data_sent","measures":{"value":2621980}}
{"ts":1670665447121968141,"type":"point","name":"exType:trickle/permutationIndex:0/run:13/dialer:edge/eavesCount:0/latencyMS:100/tricklingDelay:0/seq:10/fileSize:1048576/nodeType:Passive/nodeTypeIndex:7/meta:data_rcvd","measures":{"value":2097864}}
{"ts":1670665447121992356,"type":"point","name":"exType:trickle/permutationIndex:0/run:13/dialer:edge/eavesCount:0/latencyMS:100/tricklingDelay:0/seq:10/fileSize:1048576/nodeType:Passive/nodeTypeIndex:7/meta:dup_data_rcvd","measures":{"value":1049032}}
{"ts":1670665447122013618,"type":"point","name":"exType:trickle/permutationIndex:0/run:13/dialer:edge/eavesCount:0/latencyMS:100/tricklingDelay:0/seq:10/fileSize:1048576/nodeType:Passive/nodeTypeIndex:7/meta:blks_sent","measures":{"value":12}}
{"ts":1670665447122034419,"type":"point","name":"exType:trickle/permutationIndex:0/run:13/dialer:edge/eavesCount:0/latencyMS:100/tricklingDelay:0/seq:10/fileSize:1048576/nodeType:Passive/nodeTypeIndex:7/meta:blks_rcvd","measures":{"value":11}}
{"ts":1670665447122056900,"type":"point","name":"exType:trickle/permutationIndex:0/run:13/dialer:edge/eavesCount:0/latencyMS:100/tricklingDelay:0/seq:10/fileSize:1048576/nodeType:Passive/nodeTypeIndex:7/meta:dup_blks_rcvd","measures":{"value":6}}
{"ts":1670665457917668733,"type":"point","name":"exType:trickle/permutationIndex:0/run:14/dialer:edge/eavesCount:0/latencyMS:100/tricklingDelay:0/seq:10/fileSize:1048576/nodeType:Passive/nodeTypeIndex:7/meta:msgs_rcvd","measures":{"value":43}}
{"ts":1670665457917745788,"type":"point","name":"exType:trickle/permutationIndex:0/run:14/dialer:edge/eavesCount:0/latencyMS:100/tricklingDelay:0/seq:10/fileSize:1048576/nodeType:Passive/nodeTypeIndex:7/meta:data_sent","measures":{"value":2884338}}
{"ts":1670665457917775201,"type":"point","name":"exType:trickle/permutationIndex:0/run:14/dialer:edge/eavesCount:0/latencyMS:100/tricklingDelay:0/seq:10/fileSize:1048576/nodeType:Passive/nodeTypeIndex:7/meta:data_rcvd","measures":{"value":1311190}}
{"ts":1670665457917796841,"type":"point","name":"exType:trickle/permutationIndex:0/run:14/dialer:edge/eavesCount:0/latencyMS:100/tricklingDelay:0/seq:10/fileSize:1048576/nodeType:Passive/nodeTypeIndex:7/meta:dup_data_rcvd","measures":{"value":262358}}
{"ts":1670665457917818743,"type":"point","name":"exType:trickle/permutationIndex:0/run:14/dialer:edge/eavesCount:0/latencyMS:100/tricklingDelay:0/seq:10/fileSize:1048576/nodeType:Passive/nodeTypeIndex:7/meta:blks_sent","measures":{"value":14}}
{"ts":1670665457917840195,"type":"point","name":"exType:trickle/permutationIndex:0/run:14/dialer:edge/eavesCount:0/latencyMS:100/tricklingDelay:0/seq:10/fileSize:1048576/nodeType:Passive/nodeTypeIndex:7/meta:blks_rcvd","measures":{"value":7}}
{"ts":1670665457917860403,"type":"point","name":"exType:trickle/permutationIndex:0/run:14/dialer:edge/eavesCount:0/latencyMS:100/tricklingDelay:0/seq:10/fileSize:1048576/nodeType:Passive/nodeTypeIndex:7/meta:dup_blks_rcvd","measures":{"value":2}}
{"ts":1670665468524214930,"type":"point","name":"exType:trickle/permutationIndex:0/run:15/dialer:edge/eavesCount:0/latencyMS:100/tricklingDelay:0/seq:10/fileSize:1048576/nodeType:Passive/nodeTypeIndex:7/meta:msgs_rcvd","measures":{"value":45}}
{"ts":1670665468524231970,"type":"point","name":"exType:trickle/permutationIndex:0/run:15/dialer:edge/eavesCount:0/latencyMS:100/tricklingDelay:0/seq:10/fileSize:1048576/nodeType:Passive/nodeTypeIndex:7/meta:data_sent","measures":{"value":2359822}}
{"ts":1670665468524242607,"type":"point","name":"exType:trickle/permutationIndex:0/run:15/dialer:edge/eavesCount:0/latencyMS:100/tricklingDelay:0/seq:10/fileSize:1048576/nodeType:Passive/nodeTypeIndex:7/meta:data_rcvd","measures":{"value":1835706}}
{"ts":1670665468524245576,"type":"point","name":"exType:trickle/permutationIndex:0/run:15/dialer:edge/eavesCount:0/latencyMS:100/tricklingDelay:0/seq:10/fileSize:1048576/nodeType:Passive/nodeTypeIndex:7/meta:dup_data_rcvd","measures":{"value":786874}}
{"ts":1670665468524248357,"type":"point","name":"exType:trickle/permutationIndex:0/run:15/dialer:edge/eavesCount:0/latencyMS:100/tricklingDelay:0/seq:10/fileSize:1048576/nodeType:Passive/nodeTypeIndex:7/meta:blks_sent","measures":{"value":11}}
{"ts":1670665468524251261,"type":"point","name":"exType:trickle/permutationIndex:0/run:15/dialer:edge/eavesCount:0/latencyMS:100/tricklingDelay:0/seq:10/fileSize:1048576/nodeType:Passive/nodeTypeIndex:7/meta:blks_rcvd","measures":{"value":10}}
{"ts":1670665468524254167,"type":"point","name":"exType:trickle/permutationIndex:0/run:15/dialer:edge/eavesCount:0/latencyMS:100/tricklingDelay:0/seq:10/fileSize:1048576/nodeType:Passive/nodeTypeIndex:7/meta:dup_blks_rcvd","measures":{"value":5}}
{"ts":1670665479180148047,"type":"point","name":"exType:trickle/permutationIndex:0/run:16/dialer:edge/eavesCount:0/latencyMS:100/tricklingDelay:0/seq:10/fileSize:1048576/nodeType:Passive/nodeTypeIndex:7/meta:msgs_rcvd","measures":{"value":52}}
{"ts":1670665479180217951,"type":"point","name":"exType:trickle/permutationIndex:0/run:16/dialer:edge/eavesCount:0/latencyMS:100/tricklingDelay:0/seq:10/fileSize:1048576/nodeType:Passive/nodeTypeIndex:7/meta:data_sent","measures":{"value":2097464}}
{"ts":1670665479180243129,"type":"point","name":"exType:trickle/permutationIndex:0/run:16/dialer:edge/eavesCount:0/latencyMS:100/tricklingDelay:0/seq:10/fileSize:1048576/nodeType:Passive/nodeTypeIndex:7/meta:data_rcvd","measures":{"value":2622180}}
{"ts":1670665479180264825,"type":"point","name":"exType:trickle/permutationIndex:0/run:16/dialer:edge/eavesCount:0/latencyMS:100/tricklingDelay:0/seq:10/fileSize:1048576/nodeType:Passive/nodeTypeIndex:7/meta:dup_data_rcvd","measures":{"value":1573348}}
{"ts":1670665479180284343,"type":"point","name":"exType:trickle/permutationIndex:0/run:16/dialer:edge/eavesCount:0/latencyMS:100/tricklingDelay:0/seq:10/fileSize:1048576/nodeType:Passive/nodeTypeIndex:7/meta:blks_sent","measures":{"value":9}}
{"ts":1670665479180305463,"type":"point","name":"exType:trickle/permutationIndex:0/run:16/dialer:edge/eavesCount:0/latencyMS:100/tricklingDelay:0/seq:10/fileSize:1048576/nodeType:Passive/nodeTypeIndex:7/meta:blks_rcvd","measures":{"value":13}}
{"ts":1670665479180360191,"type":"point","name":"exType:trickle/permutationIndex:0/run:16/dialer:edge/eavesCount:0/latencyMS:100/tricklingDelay:0/seq:10/fileSize:1048576/nodeType:Passive/nodeTypeIndex:7/meta:dup_blks_rcvd","measures":{"value":8}}
{"ts":1670665489935884159,"type":"point","name":"exType:trickle/permutationIndex:0/run:17/dialer:edge/eavesCount:0/latencyMS:100/tricklingDelay:0/seq:10/fileSize:1048576/nodeType:Passive/nodeTypeIndex:7/meta:msgs_rcvd","measures":{"value":52}}
{"ts":1670665489935901961,"type":"point","name":"exType:trickle/permutationIndex:0/run:17/dialer:edge/eavesCount:0/latencyMS:100/tricklingDelay:0/seq:10/fileSize:1048576/nodeType:Passive/nodeTypeIndex:7/meta:data_sent","measures":{"value":1573148}}
{"ts":1670665489935906034,"type":"point","name":"exType:trickle/permutationIndex:0/run:17/dialer:edge/eavesCount:0/latencyMS:100/tricklingDelay:0/seq:10/fileSize:1048576/nodeType:Passive/nodeTypeIndex:7/meta:data_rcvd","measures":{"value":2884338}}
{"ts":1670665489935908809,"type":"point","name":"exType:trickle/permutationIndex:0/run:17/dialer:edge/eavesCount:0/latencyMS:100/tricklingDelay:0/seq:10/fileSize:1048576/nodeType:Passive/nodeTypeIndex:7/meta:dup_data_rcvd","measures":{"value":1573348}}
{"ts":1670665489935911344,"type":"point","name":"exType:trickle/permutationIndex:0/run:17/dialer:edge/eavesCount:0/latencyMS:100/tricklingDelay:0/seq:10/fileSize:1048576/nodeType:Passive/nodeTypeIndex:7/meta:blks_sent","measures":{"value":7}}
{"ts":1670665489935919356,"type":"point","name":"exType:trickle/permutationIndex:0/run:17/dialer:edge/eavesCount:0/latencyMS:100/tricklingDelay:0/seq:10/fileSize:1048576/nodeType:Passive/nodeTypeIndex:7/meta:blks_rcvd","measures":{"value":14}}
{"ts":1670665489935921967,"type":"point","name":"exType:trickle/permutationIndex:0/run:17/dialer:edge/eavesCount:0/latencyMS:100/tricklingDelay:0/seq:10/fileSize:1048576/nodeType:Passive/nodeTypeIndex:7/meta:dup_blks_rcvd","measures":{"value":8}}
{"ts":1670665500744499671,"type":"point","name":"exType:trickle/permutationIndex:0/run:18/dialer:edge/eavesCount:0/latencyMS:100/tricklingDelay:0/seq:10/fileSize:1048576/nodeType:Passive/nodeTypeIndex:7/meta:msgs_rcvd","measures":{"value":42}}
{"ts":1670665500744586026,"type":"point","name":"exType:trickle/permutationIndex:0/run:18/dialer:edge/eavesCount:0/latencyMS:100/tricklingDelay:0/seq:10/fileSize:1048576/nodeType:Passive/nodeTypeIndex:7/meta:data_sent","measures":{"value":1835706}}
{"ts":1670665500744614746,"type":"point","name":"exType:trickle/permutationIndex:0/run:18/dialer:edge/eavesCount:0/latencyMS:100/tricklingDelay:0/seq:10/fileSize:1048576/nodeType:Passive/nodeTypeIndex:7/meta:data_rcvd","measures":{"value":2621780}}
{"ts":1670665500744636785,"type":"point","name":"exType:trickle/permutationIndex:0/run:18/dialer:edge/eavesCount:0/latencyMS:100/tricklingDelay:0/seq:10/fileSize:1048576/nodeType:Passive/nodeTypeIndex:7/meta:dup_data_rcvd","measures":{"value":1572948}}
{"ts":1670665500744659096,"type":"point","name":"exType:trickle/permutationIndex:0/run:18/dialer:edge/eavesCount:0/latencyMS:100/tricklingDelay:0/seq:10/fileSize:1048576/nodeType:Passive/nodeTypeIndex:7/meta:blks_sent","measures":{"value":10}}
{"ts":1670665500744682398,"type":"point","name":"exType:trickle/permutationIndex:0/run:18/dialer:edge/eavesCount:0/latencyMS:100/tricklingDelay:0/seq:10/fileSize:1048576/nodeType:Passive/nodeTypeIndex:7/meta:blks_rcvd","measures":{"value":11}}
{"ts":1670665500744703540,"type":"point","name":"exType:trickle/permutationIndex:0/run:18/dialer:edge/eavesCount:0/latencyMS:100/tricklingDelay:0/seq:10/fileSize:1048576/nodeType:Passive/nodeTypeIndex:7/meta:dup_blks_rcvd","measures":{"value":6}}
{"ts":1670665511667732438,"type":"point","name":"exType:trickle/permutationIndex:0/run:19/dialer:edge/eavesCount:0/latencyMS:100/tricklingDelay:0/seq:10/fileSize:1048576/nodeType:Passive/nodeTypeIndex:7/meta:msgs_rcvd","measures":{"value":48}}
{"ts":1670665511667818267,"type":"point","name":"exType:trickle/permutationIndex:0/run:19/dialer:edge/eavesCount:0/latencyMS:100/tricklingDelay:0/seq:10/fileSize:1048576/nodeType:Passive/nodeTypeIndex:7/meta:data_sent","measures":{"value":1573148}}
{"ts":1670665511667845064,"type":"point","name":"exType:trickle/permutationIndex:0/run:19/dialer:edge/eavesCount:0/latencyMS:100/tricklingDelay:0/seq:10/fileSize:1048576/nodeType:Passive/nodeTypeIndex:7/meta:data_rcvd","measures":{"value":2360022}}
{"ts":1670665511667867091,"type":"point","name":"exType:trickle/permutationIndex:0/run:19/dialer:edge/eavesCount:0/latencyMS:100/tricklingDelay:0/seq:10/fileSize:1048576/nodeType:Passive/nodeTypeIndex:7/meta:dup_data_rcvd","measures":{"value":786874}}
{"ts":1670665511667886679,"type":"point","name":"exType:trickle/permutationIndex:0/run:19/dialer:edge/eavesCount:0/latencyMS:100/tricklingDelay:0/seq:10/fileSize:1048576/nodeType:Passive/nodeTypeIndex:7/meta:blks_sent","measures":{"value":7}}
{"ts":1670665511667907326,"type":"point","name":"exType:trickle/permutationIndex:0/run:19/dialer:edge/eavesCount:0/latencyMS:100/tricklingDelay:0/seq:10/fileSize:1048576/nodeType:Passive/nodeTypeIndex:7/meta:blks_rcvd","measures":{"value":12}}
{"ts":1670665511667928190,"type":"point","name":"exType:trickle/permutationIndex:0/run:19/dialer:edge/eavesCount:0/latencyMS:100/tricklingDelay:0/seq:10/fileSize:1048576/nodeType:Passive/nodeTypeIndex:7/meta:dup_blks_rcvd","measures":{"value":5}}
{"ts":1670665522952337315,"type":"point","name":"exType:trickle/permutationIndex:0/run:20/dialer:edge/eavesCount:0/latencyMS:100/tricklingDelay:0/seq:10/fileSize:1048576/nodeType:Passive/nodeTypeIndex:7/meta:msgs_rcvd","measures":{"value":46}}
{"ts":1670665522952395000,"type":"point","name":"exType:trickle/permutationIndex:0/run:20/dialer:edge/eavesCount:0/latencyMS:100/tricklingDelay:0/seq:10/fileSize:1048576/nodeType:Passive/nodeTypeIndex:7/meta:data_sent","measures":{"value":2097664}}
{"ts":1670665522952411034,"type":"point","name":"exType:trickle/permutationIndex:0/run:20/dialer:edge/eavesCount:0/latencyMS:100/tricklingDelay:0/seq:10/fileSize:1048576/nodeType:Passive/nodeTypeIndex:7/meta:data_rcvd","measures":{"value":2097664}}
{"ts":1670665522952424535,"type":"point","name":"exType:trickle/permutationIndex:0/run:20/dialer:edge/eavesCount:0/latencyMS:100/tricklingDelay:0/seq:10/fileSize:1048576/nodeType:Passive/nodeTypeIndex:7/meta:dup_data_rcvd","measures":{"value":1048832}}
{"ts":1670665522952440439,"type":"point","name":"exType:trickle/permutationIndex:0/run:20/dialer:edge/eavesCount:0/latencyMS:100/tricklingDelay:0/seq:10/fileSize:1048576/nodeType:Passive/nodeTypeIndex:7/meta:blks_sent","measures":{"value":10}}
{"ts":1670665522952455751,"type":"point","name":"exType:trickle/permutationIndex:0/run:20/dialer:edge/eavesCount:0/latencyMS:100/tricklingDelay:0/seq:10/fileSize:1048576/nodeType:Passive/nodeTypeIndex:7/meta:blks_rcvd","measures":{"value":10}}
{"ts":1670665522952469128,"type":"point","name":"exType:trickle/permutationIndex:0/run:20/dialer:edge/eavesCount:0/latencyMS:100/tricklingDelay:0/seq:10/fileSize:1048576/nodeType:Passive/nodeTypeIndex:7/meta:dup_blks_rcvd","measures":{"value":5}}
{"ts":1670665533789554871,"type":"point","name":"exType:trickle/permutationIndex:0/run:21/dialer:edge/eavesCount:0/latencyMS:100/tricklingDelay:0/seq:10/fileSize:1048576/nodeType:Passive/nodeTypeIndex:7/meta:msgs_rcvd","measures":{"value":44}}
{"ts":1670665533789654024,"type":"point","name":"exType:trickle/permutationIndex:0/run:21/dialer:edge/eavesCount:0/latencyMS:100/tricklingDelay:0/seq:10/fileSize:1048576/nodeType:Passive/nodeTypeIndex:7/meta:data_sent","measures":{"value":1049232}}
{"ts":1670665533789695661,"type":"point","name":"exType:trickle/permutationIndex:0/run:21/dialer:edge/eavesCount:0/latencyMS:100/tricklingDelay:0/seq:10/fileSize:1048576/nodeType:Passive/nodeTypeIndex:7/meta:data_rcvd","measures":{"value":2097664}}
{"ts":1670665533789715422,"type":"point","name":"exType:trickle/permutationIndex:0/run:21/dialer:edge/eavesCount:0/latencyMS:100/tricklingDelay:0/seq:10/fileSize:1048576/nodeType:Passive/nodeTypeIndex:7/meta:dup_data_rcvd","measures":{"value":262358}}
{"ts":1670665533789730379,"type":"point","name":"exType:trickle/permutationIndex:0/run:21/dialer:edge/eavesCount:0/latencyMS:100/tricklingDelay:0/seq:10/fileSize:1048576/nodeType:Passive/nodeTypeIndex:7/meta:blks_sent","measures":{"value":7}}
{"ts":1670665533789744238,"type":"point","name":"exType:trickle/permutationIndex:0/run:21/dialer:edge/eavesCount:0/latencyMS:100/tricklingDelay:0/seq:10/fileSize:1048576/nodeType:Passive/nodeTypeIndex:7/meta:blks_rcvd","measures":{"value":10}}
{"ts":1670665533789760213,"type":"point","name":"exType:trickle/permutationIndex:0/run:21/dialer:edge/eavesCount:0/latencyMS:100/tricklingDelay:0/seq:10/fileSize:1048576/nodeType:Passive/nodeTypeIndex:7/meta:dup_blks_rcvd","measures":{"value":2}}
{"ts":1670665544230145280,"type":"point","name":"exType:trickle/permutationIndex:0/run:22/dialer:edge/eavesCount:0/latencyMS:100/tricklingDelay:0/seq:10/fileSize:1048576/nodeType:Passive/nodeTypeIndex:7/meta:msgs_rcvd","measures":{"value":38}}
{"ts":1670665544230160989,"type":"point","name":"exType:trickle/permutationIndex:0/run:22/dialer:edge/eavesCount:0/latencyMS:100/tricklingDelay:0/seq:10/fileSize:1048576/nodeType:Passive/nodeTypeIndex:7/meta:data_sent","measures":{"value":2360022}}
{"ts":1670665544230163934,"type":"point","name":"exType:trickle/permutationIndex:0/run:22/dialer:edge/eavesCount:0/latencyMS:100/tricklingDelay:0/seq:10/fileSize:1048576/nodeType:Passive/nodeTypeIndex:7/meta:data_rcvd","measures":{"value":1835306}}
{"ts":1670665544230172217,"type":"point","name":"exType:trickle/permutationIndex:0/run:22/dialer:edge/eavesCount:0/latencyMS:100/tricklingDelay:0/seq:10/fileSize:1048576/nodeType:Passive/nodeTypeIndex:7/meta:dup_data_rcvd","measures":{"value":786474}}
{"ts":1670665544230174972,"type":"point","name":"exType:trickle/permutationIndex:0/run:22/dialer:edge/eavesCount:0/latencyMS:100/tricklingDelay:0/seq:10/fileSize:1048576/nodeType:Passive/nodeTypeIndex:7/meta:blks_sent","measures":{"value":12}}
{"ts":1670665544230177017,"type":"point","name":"exType:trickle/permutationIndex:0/run:22/dialer:edge/eavesCount:0/latencyMS:100/tricklingDelay:0/seq:10/fileSize:1048576/nodeType:Passive/nodeTypeIndex:7/meta:blks_rcvd","measures":{"value":8}}
{"ts":1670665544230179455,"type":"point","name":"exType:trickle/permutationIndex:0/run:22/dialer:edge/eavesCount:0/latencyMS:100/tricklingDelay:0/seq:10/fileSize:1048576/nodeType:Passive/nodeTypeIndex:7/meta:dup_blks_rcvd","measures":{"value":3}}
{"ts":1670665554879891395,"type":"point","name":"exType:trickle/permutationIndex:0/run:23/dialer:edge/eavesCount:0/latencyMS:100/tricklingDelay:0/seq:10/fileSize:1048576/nodeType:Passive/nodeTypeIndex:7/meta:msgs_rcvd","measures":{"value":44}}
{"ts":1670665554879904755,"type":"point","name":"exType:trickle/permutationIndex:0/run:23/dialer:edge/eavesCount:0/latencyMS:100/tricklingDelay:0/seq:10/fileSize:1048576/nodeType:Passive/nodeTypeIndex:7/meta:data_sent","measures":{"value":2622180}}
{"ts":1670665554879907443,"type":"point","name":"exType:trickle/permutationIndex:0/run:23/dialer:edge/eavesCount:0/latencyMS:100/tricklingDelay:0/seq:10/fileSize:1048576/nodeType:Passive/nodeTypeIndex:7/meta:data_rcvd","measures":{"value":2359822}}
{"ts":1670665554879910305,"type":"point","name":"exType:trickle/permutationIndex:0/run:23/dialer:edge/eavesCount:0/latencyMS:100/tricklingDelay:0/seq:10/fileSize:1048576/nodeType:Passive/nodeTypeIndex:7/meta:dup_data_rcvd","measures":{"value":1310990}}
{"ts":1670665554879912960,"type":"point","name":"exType:trickle/permutationIndex:0/run:23/dialer:edge/eavesCount:0/latencyMS:100/tricklingDelay:0/seq:10/fileSize:1048576/nodeType:Passive/nodeTypeIndex:7/meta:blks_sent","measures":{"value":13}}
{"ts":1670665554879915460,"type":"point","name":"exType:trickle/permutationIndex:0/run:23/dialer:edge/eavesCount:0/latencyMS:100/tricklingDelay:0/seq:10/fileSize:1048576/nodeType:Passive/nodeTypeIndex:7/meta:blks_rcvd","measures":{"value":11}}
{"ts":1670665554879917841,"type":"point","name":"exType:trickle/permutationIndex:0/run:23/dialer:edge/eavesCount:0/latencyMS:100/tricklingDelay:0/seq:10/fileSize:1048576/nodeType:Passive/nodeTypeIndex:7/meta:dup_blks_rcvd","measures":{"value":6}}
{"ts":1670665565342797072,"type":"point","name":"exType:trickle/permutationIndex:0/run:24/dialer:edge/eavesCount:0/latencyMS:100/tricklingDelay:0/seq:10/fileSize:1048576/nodeType:Passive/nodeTypeIndex:7/meta:msgs_rcvd","measures":{"value":43}}
{"ts":1670665565342823005,"type":"point","name":"exType:trickle/permutationIndex:0/run:24/dialer:edge/eavesCount:0/latencyMS:100/tricklingDelay:0/seq:10/fileSize:1048576/nodeType:Passive/nodeTypeIndex:7/meta:data_sent","measures":{"value":2360022}}
{"ts":1670665565342827238,"type":"point","name":"exType:trickle/permutationIndex:0/run:24/dialer:edge/eavesCount:0/latencyMS:100/tricklingDelay:0/seq:10/fileSize:1048576/nodeType:Passive/nodeTypeIndex:7/meta:data_rcvd","measures":{"value":1835506}}
{"ts":1670665565342831827,"type":"point","name":"exType:trickle/permutationIndex:0/run:24/dialer:edge/eavesCount:0/latencyMS:100/tricklingDelay:0/seq:10/fileSize:1048576/nodeType:Passive/nodeTypeIndex:7/meta:dup_data_rcvd","measures":{"value":786674}}
{"ts":1670665565342836076,"type":"point","name":"exType:trickle/permutationIndex:0/run:24/dialer:edge/eavesCount:0/latencyMS:100/tricklingDelay:0/seq:10/fileSize:1048576/nodeType:Passive/nodeTypeIndex:7/meta:blks_sent","measures":{"value":12}}
{"ts":1670665565342839600,"type":"point","name":"exType:trickle/permutationIndex:0/run:24/dialer:edge/eavesCount:0/latencyMS:100/tricklingDelay:0/seq:10/fileSize:1048576/nodeType:Passive/nodeTypeIndex:7/meta:blks_rcvd","measures":{"value":9}}
{"ts":1670665565342850926,"type":"point","name":"exType:trickle/permutationIndex:0/run:24/dialer:edge/eavesCount:0/latencyMS:100/tricklingDelay:0/seq:10/fileSize:1048576/nodeType:Passive/nodeTypeIndex:7/meta:dup_blks_rcvd","measures":{"value":4}}
{"ts":1670665576123397152,"type":"point","name":"exType:trickle/permutationIndex:0/run:25/dialer:edge/eavesCount:0/latencyMS:100/tricklingDelay:0/seq:10/fileSize:1048576/nodeType:Passive/nodeTypeIndex:7/meta:msgs_rcvd","measures":{"value":54}}
{"ts":1670665576123475372,"type":"point","name":"exType:trickle/permutationIndex:0/run:25/dialer:edge/eavesCount:0/latencyMS:100/tricklingDelay:0/seq:10/fileSize:1048576/nodeType:Passive/nodeTypeIndex:7/meta:data_sent","measures":{"value":786674}}
{"ts":1670665576123508099,"type":"point","name":"exType:trickle/permutationIndex:0/run:25/dialer:edge/eavesCount:0/latencyMS:100/tricklingDelay:0/seq:10/fileSize:1048576/nodeType:Passive/nodeTypeIndex:7/meta:data_rcvd","measures":{"value":3146496}}
{"ts":1670665576123529169,"type":"point","name":"exType:trickle/permutationIndex:0/run:25/dialer:edge/eavesCount:0/latencyMS:100/tricklingDelay:0/seq:10/fileSize:1048576/nodeType:Passive/nodeTypeIndex:7/meta:dup_data_rcvd","measures":{"value":1573348}}
{"ts":1670665576123549430,"type":"point","name":"exType:trickle/permutationIndex:0/run:25/dialer:edge/eavesCount:0/latencyMS:100/tricklingDelay:0/seq:10/fileSize:1048576/nodeType:Passive/nodeTypeIndex:7/meta:blks_sent","measures":{"value":4}}
{"ts":1670665576123570233,"type":"point","name":"exType:trickle/permutationIndex:0/run:25/dialer:edge/eavesCount:0/latencyMS:100/tricklingDelay:0/seq:10/fileSize:1048576/nodeType:Passive/nodeTypeIndex:7/meta:blks_rcvd","measures":{"value":15}}
{"ts":1670665576123592052,"type":"point","name":"exType:trickle/permutationIndex:0/run:25/dialer:edge/eavesCount:0/latencyMS:100/tricklingDelay:0/seq:10/fileSize:1048576/nodeType:Passive/nodeTypeIndex:7/meta:dup_blks_rcvd","measures":{"value":8}}
{"ts":1670665592331298352,"type":"point","name":"exType:trickle/permutationIndex:1/run:1/dialer:edge/eavesCount:0/latencyMS:100/tricklingDelay:50/seq:10/fileSize:1048576/nodeType:Passive/nodeTypeIndex:7/meta:msgs_rcvd","measures":{"value":41}}
{"ts":1670665592331477739,"type":"point","name":"exType:trickle/permutationIndex:1/run:1/dialer:edge/eavesCount:0/latencyMS:100/tricklingDelay:50/seq:10/fileSize:1048576/nodeType:Passive/nodeTypeIndex:7/meta:data_sent","measures":{"value":1835506}}
{"ts":1670665592331501824,"type":"point","name":"exType:trickle/permutationIndex:1/run:1/dialer:edge/eavesCount:0/latencyMS:100/tricklingDelay:50/seq:10/fileSize:1048576/nodeType:Passive/nodeTypeIndex:7/meta:data_rcvd","measures":{"value":2359622}}
{"ts":1670665592331523311,"type":"point","name":"exType:trickle/permutationIndex:1/run:1/dialer:edge/eavesCount:0/latencyMS:100/tricklingDelay:50/seq:10/fileSize:1048576/nodeType:Passive/nodeTypeIndex:7/meta:dup_data_rcvd","measures":{"value":1310790}}
{"ts":1670665592331544808,"type":"point","name":"exType:trickle/permutationIndex:1/run:1/dialer:edge/eavesCount:0/latencyMS:100/tricklingDelay:50/seq:10/fileSize:1048576/nodeType:Passive/nodeTypeIndex:7/meta:blks_sent","measures":{"value":9}}
{"ts":1670665592331564500,"type":"point","name":"exType:trickle/permutationIndex:1/run:1/dialer:edge/eavesCount:0/latencyMS:100/tricklingDelay:50/seq:10/fileSize:1048576/nodeType:Passive/nodeTypeIndex:7/meta:blks_rcvd","measures":{"value":10}}
{"ts":1670665592331585590,"type":"point","name":"exType:trickle/permutationIndex:1/run:1/dialer:edge/eavesCount:0/latencyMS:100/tricklingDelay:50/seq:10/fileSize:1048576/nodeType:Passive/nodeTypeIndex:7/meta:dup_blks_rcvd","measures":{"value":5}}
{"ts":1670665606201369044,"type":"point","name":"exType:trickle/permutationIndex:1/run:2/dialer:edge/eavesCount:0/latencyMS:100/tricklingDelay:50/seq:10/fileSize:1048576/nodeType:Passive/nodeTypeIndex:7/meta:msgs_rcvd","measures":{"value":44}}
{"ts":1670665606201516944,"type":"point","name":"exType:trickle/permutationIndex:1/run:2/dialer:edge/eavesCount:0/latencyMS:100/tricklingDelay:50/seq:10/fileSize:1048576/nodeType:Passive/nodeTypeIndex:7/meta:data_sent","measures":{"value":1835306}}
{"ts":1670665606201546825,"type":"point","name":"exType:trickle/permutationIndex:1/run:2/dialer:edge/eavesCount:0/latencyMS:100/tricklingDelay:50/seq:10/fileSize:1048576/nodeType:Passive/nodeTypeIndex:7/meta:data_rcvd","measures":{"value":1573548}}
{"ts":1670665606201573657,"type":"point","name":"exType:trickle/permutationIndex:1/run:2/dialer:edge/eavesCount:0/latencyMS:100/tricklingDelay:50/seq:10/fileSize:1048576/nodeType:Passive/nodeTypeIndex:7/meta:dup_data_rcvd","measures":{"value":524716}}
{"ts":1670665606201596971,"type":"point","name":"exType:trickle/permutationIndex:1/run:2/dialer:edge/eavesCount:0/latencyMS:100/tricklingDelay:50/seq:10/fileSize:1048576/nodeType:Passive/nodeTypeIndex:7/meta:blks_sent","measures":{"value":8}}
{"ts":1670665606201618163,"type":"point","name":"exType:trickle/permutationIndex:1/run:2/dialer:edge/eavesCount:0/latencyMS:100/tricklingDelay:50/seq:10/fileSize:1048576/nodeType:Passive/nodeTypeIndex:7/meta:blks_rcvd","measures":{"value":9}}
{"ts":1670665606201637106,"type":"point","name":"exType:trickle/permutationIndex:1/run:2/dialer:edge/eavesCount:0/latencyMS:100/tricklingDelay:50/seq:10/fileSize:1048576/nodeType:Passive/nodeTypeIndex:7/meta:dup_blks_rcvd","measures":{"value":4}}
{"ts":1670665620090471692,"type":"point","name":"exType:trickle/permutationIndex:1/run:3/dialer:edge/eavesCount:0/latencyMS:100/tricklingDelay:50/seq:10/fileSize:1048576/nodeType:Passive/nodeTypeIndex:7/meta:msgs_rcvd","measures":{"value":45}}
{"ts":1670665620090565185,"type":"point","name":"exType:trickle/permutationIndex:1/run:3/dialer:edge/eavesCount:0/latencyMS:100/tricklingDelay:50/seq:10/fileSize:1048576/nodeType:Passive/nodeTypeIndex:7/meta:data_sent","measures":{"value":2359622}}
{"ts":1670665620090593955,"type":"point","name":"exType:trickle/permutationIndex:1/run:3/dialer:edge/eavesCount:0/latencyMS:100/tricklingDelay:50/seq:10/fileSize:1048576/nodeType:Passive/nodeTypeIndex:7/meta:data_rcvd","measures":{"value":1835706}}
{"ts":1670665620090627211,"type":"point","name":"exType:trickle/permutationIndex:1/run:3/dialer:edge/eavesCount:0/latencyMS:100/tricklingDelay:50/seq:10/fileSize:1048576/nodeType:Passive/nodeTypeIndex:7/meta:dup_data_rcvd","measures":{"value":786874}}
{"ts":1670665620090649223,"type":"point","name":"exType:trickle/permutationIndex:1/run:3/dialer:edge/eavesCount:0/latencyMS:100/tricklingDelay:50/seq:10/fileSize:1048576/nodeType:Passive/nodeTypeIndex:7/meta:blks_sent","measures":{"value":10}}
{"ts":1670665620090671378,"type":"point","name":"exType:trickle/permutationIndex:1/run:3/dialer:edge/eavesCount:0/latencyMS:100/tricklingDelay:50/seq:10/fileSize:1048576/nodeType:Passive/nodeTypeIndex:7/meta:blks_rcvd","measures":{"value":10}}
{"ts":1670665620090692401,"type":"point","name":"exType:trickle/permutationIndex:1/run:3/dialer:edge/eavesCount:0/latencyMS:100/tricklingDelay:50/seq:10/fileSize:1048576/nodeType:Passive/nodeTypeIndex:7/meta:dup_blks_rcvd","measures":{"value":5}}
{"ts":1670665633536981099,"type":"point","name":"exType:trickle/permutationIndex:1/run:4/dialer:edge/eavesCount:0/latencyMS:100/tricklingDelay:50/seq:10/fileSize:1048576/nodeType:Passive/nodeTypeIndex:7/meta:msgs_rcvd","measures":{"value":35}}
{"ts":1670665633537012755,"type":"point","name":"exType:trickle/permutationIndex:1/run:4/dialer:edge/eavesCount:0/latencyMS:100/tricklingDelay:50/seq:10/fileSize:1048576/nodeType:Passive/nodeTypeIndex:7/meta:data_sent","measures":{"value":2359622}}
{"ts":1670665633537021496,"type":"point","name":"exType:trickle/permutationIndex:1/run:4/dialer:edge/eavesCount:0/latencyMS:100/tricklingDelay:50/seq:10/fileSize:1048576/nodeType:Passive/nodeTypeIndex:7/meta:data_rcvd","measures":{"value":1310990}}
{"ts":1670665633537027815,"type":"point","name":"exType:trickle/permutationIndex:1/run:4/dialer:edge/eavesCount:0/latencyMS:100/tricklingDelay:50/seq:10/fileSize:1048576/nodeType:Passive/nodeTypeIndex:7/meta:dup_data_rcvd","measures":{"value":262158}}
{"ts":1670665633537088039,"type":"point","name":"exType:trickle/permutationIndex:1/run:4/dialer:edge/eavesCount:0/latencyMS:100/tricklingDelay:50/seq:10/fileSize:1048576/nodeType:Passive/nodeTypeIndex:7/meta:blks_sent","measures":{"value":10}}
{"ts":1670665633537102308,"type":"point","name":"exType:trickle/permutationIndex:1/run:4/dialer:edge/eavesCount:0/latencyMS:100/tricklingDelay:50/seq:10/fileSize:1048576/nodeType:Passive/nodeTypeIndex:7/meta:blks_rcvd","measures":{"value":6}}
{"ts":1670665633537108838,"type":"point","name":"exType:trickle/permutationIndex:1/run:4/dialer:edge/eavesCount:0/latencyMS:100/tricklingDelay:50/seq:10/fileSize:1048576/nodeType:Passive/nodeTypeIndex:7/meta:dup_blks_rcvd","measures":{"value":1}}
{"ts":1670665647199049390,"type":"point","name":"exType:trickle/permutationIndex:1/run:5/dialer:edge/eavesCount:0/latencyMS:100/tricklingDelay:50/seq:10/fileSize:1048576/nodeType:Passive/nodeTypeIndex:7/meta:msgs_rcvd","measures":{"value":41}}
{"ts":1670665647199164906,"type":"point","name":"exType:trickle/permutationIndex:1/run:5/dialer:edge/eavesCount:0/latencyMS:100/tricklingDelay:50/seq:10/fileSize:1048576/nodeType:Passive/nodeTypeIndex:7/meta:data_sent","measures":{"value":1573348}}
{"ts":1670665647199195419,"type":"point","name":"exType:trickle/permutationIndex:1/run:5/dialer:edge/eavesCount:0/latencyMS:100/tricklingDelay:50/seq:10/fileSize:1048576/nodeType:Passive/nodeTypeIndex:7/meta:data_rcvd","measures":{"value":2097464}}
{"ts":1670665647199216374,"type":"point","name":"exType:trickle/permutationIndex:1/run:5/dialer:edge/eavesCount:0/latencyMS:100/tricklingDelay:50/seq:10/fileSize:1048576/nodeType:Passive/nodeTypeIndex:7/meta:dup_data_rcvd","measures":{"value":1048632}}
{"ts":1670665647199239009,"type":"point","name":"exType:trickle/permutationIndex:1/run:5/dialer:edge/eavesCount:0/latencyMS:100/tricklingDelay:50/seq:10/fileSize:1048576/nodeType:Passive/nodeTypeIndex:7/meta:blks_sent","measures":{"value":8}}
{"ts":1670665647199257277,"type":"point","name":"exType:trickle/permutationIndex:1/run:5/dialer:edge/eavesCount:0/latencyMS:100/tricklingDelay:50/seq:10/fileSize:1048576/nodeType:Passive/nodeTypeIndex:7/meta:blks_rcvd","measures":{"value":9}}
{"ts":1670665647199276768,"type":"point","name":"exType:trickle/permutationIndex:1/run:5/dialer:edge/eavesCount:0/latencyMS:100/tricklingDelay:50/seq:10/fileSize:1048576/nodeType:Passive/nodeTypeIndex:7/meta:dup_blks_rcvd","measures":{"value":4}}
{"ts":1670665660705685115,"type":"point","name":"exType:trickle/permutationIndex:1/run:6/dialer:edge/eavesCount:0/latencyMS:100/tricklingDelay:50/seq:10/fileSize:1048576/nodeType:Passive/nodeTypeIndex:7/meta:msgs_rcvd","measures":{"value":40}}
{"ts":1670665660705782213,"type":"point","name":"exType:trickle/permutationIndex:1/run:6/dialer:edge/eavesCount:0/latencyMS:100/tricklingDelay:50/seq:10/fileSize:1048576/nodeType:Passive/nodeTypeIndex:7/meta:data_sent","measures":{"value":2097464}}
{"ts":1670665660705811402,"type":"point","name":"exType:trickle/permutationIndex:1/run:6/dialer:edge/eavesCount:0/latencyMS:100/tricklingDelay:50/seq:10/fileSize:1048576/nodeType:Passive/nodeTypeIndex:7/meta:data_rcvd","measures":{"value":1573348}}
{"ts":1670665660705831198,"type":"point","name":"exType:trickle/permutationIndex:1/run:6/dialer:edge/eavesCount:0/latencyMS:100/tricklingDelay:50/seq:10/fileSize:1048576/nodeType:Passive/nodeTypeIndex:7/meta:dup_data_rcvd","measures":{"value":524516}}
{"ts":1670665660705851077,"type":"point","name":"exType:trickle/permutationIndex:1/run:6/dialer:edge/eavesCount:0/latencyMS:100/tricklingDelay:50/seq:10/fileSize:1048576/nodeType:Passive/nodeTypeIndex:7/meta:blks_sent","measures":{"value":9}}
{"ts":1670665660705953839,"type":"point","name":"exType:trickle/permutationIndex:1/run:6/dialer:edge/eavesCount:0/latencyMS:100/tricklingDelay:50/seq:10/fileSize:1048576/nodeType:Passive/nodeTypeIndex:7/meta:blks_rcvd","measures":{"value":8}}
{"ts":1670665660706764407,"type":"point","name":"exType:trickle/permutationIndex:1/run:6/dialer:edge/eavesCount:0/latencyMS:100/tricklingDelay:50/seq:10/fileSize:1048576/nodeType:Passive/nodeTypeIndex:7/meta:dup_blks_rcvd","measures":{"value":3}}
