{"ts":1670665318237325272,"type":"point","name":"exType:trickle/permutationIndex:0/run:1/dialer:edge/eavesCount:0/latencyMS:100/tricklingDelay:0/seq:7/fileSize:1048576/nodeType:Passive/nodeTypeIndex:4/meta:msgs_rcvd","measures":{"value":53}}
{"ts":1670665318237465552,"type":"point","name":"exType:trickle/permutationIndex:0/run:1/dialer:edge/eavesCount:0/latencyMS:100/tricklingDelay:0/seq:7/fileSize:1048576/nodeType:Passive/nodeTypeIndex:4/meta:data_sent","measures":{"value":1573548}}
{"ts":1670665318237497813,"type":"point","name":"exType:trickle/permutationIndex:0/run:1/dialer:edge/eavesCount:0/latencyMS:100/tricklingDelay:0/seq:7/fileSize:1048576/nodeType:Passive/nodeTypeIndex:4/meta:data_rcvd","measures":{"value":2622180}}
{"ts":1670665318237520020,"type":"point","name":"exType:trickle/permutationIndex:0/run:1/dialer:edge/eavesCount:0/latencyMS:100/tricklingDelay:0/seq:7/fileSize:1048576/nodeType:Passive/nodeTypeIndex:4/meta:dup_data_rcvd","measures":{"value":1573348}}
{"ts":1670665318237540723,"type":"point","name":"exType:trickle/permutationIndex:0/run:1/dialer:edge/eavesCount:0/latencyMS:100/tricklingDelay:0/seq:7/fileSize:1048576/nodeType:Passive/nodeTypeIndex:4/meta:blks_sent","measures":{"value":9}}
{"ts":1670665318237560554,"type":"point","name":"exType:trickle/permutationIndex:0/run:1/dialer:edge/eavesCount:0/latencyMS:100/tricklingDelay:0/seq:7/fileSize:1048576/nodeType:Passive/nodeTypeIndex:4/meta:blks_rcvd","measures":{"value":13}}
{"ts":1670665318237581466,"type":"point","name":"exType:trickle/permutationIndex:0/run:1/dialer:edge/eavesCount:0/latencyMS:100/tricklingDelay:0/seq:7/fileSize:1048576/nodeType:Passive/nodeTypeIndex:4/meta:dup_blks_rcvd","measures":{"value":8}}
{"ts":1670665329011750832,"type":"point","name":"exType:trickle/permutationIndex:0/run:2/dialer:edge/eavesCount:0/latencyMS:100/tricklingDelay:0/seq:7/fileSize:1048576/nodeType:Passive/nodeTypeIndex:4/meta:msgs_rcvd","measures":{"value":50}}
{"ts":1670665329011841298,"type":"point","name":"exType:trickle/permutationIndex:0/run:2/dialer:edge/eavesCount:0/latencyMS:100/tricklingDelay:0/seq:7/fileSize:1048576/nodeType:Passive/nodeTypeIndex:4/meta:data_sent","measures":{"value":2097464}}
{"ts":1670665329011873597,"type":"point","name":"exType:trickle/permutationIndex:0/run:2/dialer:edge/eavesCount:0/latencyMS:100/tricklingDelay:0/seq:7/fileSize:1048576/nodeType:Passive/nodeTypeIndex:4/meta:data_rcvd","measures":{"value":2360022}}
{"ts":1670665329011894411,"type":"point","name":"exType:trickle/permutationIndex:0/run:2/dialer:edge/eavesCount:0/latencyMS:100/tricklingDelay:0/seq:7/fileSize:1048576/nodeType:Passive/nodeTypeIndex:4/meta:dup_data_rcvd","measures":{"value":1311190}}
{"ts":1670665329011915189,"type":"point","name":"exType:trickle/permutationIndex:0/run:2/dialer:edge/eavesCount:0/latencyMS:100/tricklingDelay:0/seq:7/fileSize:1048576/nodeType:Passive/nodeTypeIndex:4/meta:blks_sent","measures":{"value":9}}
{"ts":1670665329012020238,"type":"point","name":"exType:trickle/permutationIndex:0/run:2/dialer:edge/eavesCount:0/latencyMS:100/tricklingDelay:0/seq:7/fileSize:1048576/nodeType:Passive/nodeTypeIndex:4/meta:blks_rcvd","measures":{"value":12}}
{"ts":1670665329012048223,"type":"point","name":"exType:trickle/permutationIndex:0/run:2/dialer:edge/eavesCount:0/latencyMS:100/tricklingDelay:0/seq:7/fileSize:1048576/nodeType:Passive/nodeTypeIndex:4/meta:dup_blks_rcvd","measures":{"value":7}}
{"ts":1670665339659382225,"type":"point","name":"exType:trickle/permutationIndex:0/run:3/dialer:edge/eavesCount:0/latencyMS:100/tricklingDelay:0/seq:7/fileSize:1048576/nodeType:Passive/nodeTypeIndex:4/meta:msgs_rcvd","measures":{"value":51}}
{"ts":1670665339659403637,"type":"point","name":"exType:trickle/permutationIndex:0/run:3/dialer:edge/eavesCount:0/latencyMS:100/tricklingDelay:0/seq:7/fileSize:1048576/nodeType:Passive/nodeTypeIndex:4/meta:data_sent","measures":{"value":2884138}}
{"ts":1670665339659408833,"type":"point","name":"exType:trickle/permutationIndex:0/run:3/dialer:edge/eavesCount:0/latencyMS:100/tricklingDelay:0/seq:7/fileSize:1048576/nodeType:Passive/nodeTypeIndex:4/meta:data_rcvd","measures":{"value":1573548}}
{"ts":1670665339659419557,"type":"point","name":"exType:trickle/permutationIndex:0/run:3/dialer:edge/eavesCount:0/latencyMS:100/tricklingDelay:0/seq:7/fileSize:1048576/nodeType:Passive/nodeTypeIndex:4/meta:dup_data_rcvd","measures":{"value":524716}}
{"ts":1670665339659424746,"type":"point","name":"exType:trickle/permutationIndex:0/run:3/dialer:edge/eavesCount:0/latencyMS:100/tricklingDelay:0/seq:7/fileSize:1048576/nodeType:Passive/nodeTypeIndex:4/meta:blks_sent","measures":{"value":13}}
{"ts":1670665339659428048,"type":"point","name":"exType:trickle/permutationIndex:0/run:3/dialer:edge/eavesCount:0/latencyMS:100/tricklingDelay:0/seq:7/fileSize:1048576/nodeType:Passive/nodeTypeIndex:4/meta:blks_rcvd","measures":{"value":9}}
{"ts":1670665339659431827,"type":"point","name":"exType:trickle/permutationIndex:0/run:3/dialer:edge/eavesCount:0/latencyMS:100/tricklingDelay:0/seq:7/fileSize:1048576/nodeType:Passive/nodeTypeIndex:4/meta:dup_blks_rcvd","measures":{"value":4}}
{"ts":1670665350598004365,"type":"point","name":"exType:trickle/permutationIndex:0/run:4/dialer:edge/eavesCount:0/latencyMS:100/tricklingDelay:0/seq:7/fileSize:1048576/nodeType:Passive/nodeTypeIndex:4/meta:msgs_rcvd","measures":{"value":46}}
{"ts":1670665350598104892,"type":"point","name":"exType:trickle/permutationIndex:0/run:4/dialer:edge/eavesCount:0/latencyMS:100/tricklingDelay:0/seq:7/fileSize:1048576/nodeType:Passive/nodeTypeIndex:4/meta:data_sent","measures":{"value":2097864}}
{"ts":1670665350598133221,"type":"point","name":"exType:trickle/permutationIndex:0/run:4/dialer:edge/eavesCount:0/latencyMS:100/tricklingDelay:0/seq:7/fileSize:1048576/nodeType:Passive/nodeTypeIndex:4/meta:data_rcvd","measures":{"value":2097664}}
{"ts":1670665350598153781,"type":"point","name":"exType:trickle/permutationIndex:0/run:4/dialer:edge/eavesCount:0/latencyMS:100/tricklingDelay:0/seq:7/fileSize:1048576/nodeType:Passive/nodeTypeIndex:4/meta:dup_data_rcvd","measures":{"value":1048832}}
{"ts":1670665350598174496,"type":"point","name":"exType:trickle/permutationIndex:0/run:4/dialer:edge/eavesCount:0/latencyMS:100/tricklingDelay:0/seq:7/fileSize:1048576/nodeType:Passive/nodeTypeIndex:4/meta:blks_sent","measures":{"value":11}}
{"ts":1670665350598195284,"type":"point","name":"exType:trickle/permutationIndex:0/run:4/dialer:edge/eavesCount:0/latencyMS:100/tricklingDelay:0/seq:7/fileSize:1048576/nodeType:Passive/nodeTypeIndex:4/meta:blks_rcvd","measures":{"value":10}}
{"ts":1670665350598216845,"type":"point","name":"exType:trickle/permutationIndex:0/run:4/dialer:edge/eavesCount:0/latencyMS:100/tricklingDelay:0/seq:7/fileSize:1048576/nodeType:Passive/nodeTypeIndex:4/meta:dup_blks_rcvd","measures":{"value":5}}
{"ts":1670665360735619438,"type":"point","name":"exType:trickle/permutationIndex:0/run:5/dialer:edge/eavesCount:0/latencyMS:100/tricklingDelay:0/seq:7/fileSize:1048576/nodeType:Passive/nodeTypeIndex:4/meta:msgs_rcvd","measures":{"value":47}}
{"ts":1670665360735748691,"type":"point","name":"exType:trickle/permutationIndex:0/run:5/dialer:edge/eavesCount:0/latencyMS:100/tricklingDelay:0/seq:7/fileSize:1048576/nodeType:Passive/nodeTypeIndex:4/meta:data_sent","measures":{"value":2884338}}
{"ts":1670665360735779082,"type":"point","name":"exType:trickle/permutationIndex:0/run:5/dialer:edge/eavesCount:0/latencyMS:100/tricklingDelay:0/seq:7/fileSize:1048576/nodeType:Passive/nodeTypeIndex:4/meta:data_rcvd","measures":{"value":1573548}}
{"ts":1670665360735823484,"type":"point","name":"exType:trickle/permutationIndex:0/run:5/dialer:edge/eavesCount:0/latencyMS:100/tricklingDelay:0/seq:7/fileSize:1048576/nodeType:Passive/nodeTypeIndex:4/meta:dup_data_rcvd","measures":{"value":524716}}
{"ts":1670665360735845182,"type":"point","name":"exType:trickle/permutationIndex:0/run:5/dialer:edge/eavesCount:0/latencyMS:100/tricklingDelay:0/seq:7/fileSize:1048576/nodeType:Passive/nodeTypeIndex:4/meta:blks_sent","measures":{"value":14}}
{"ts":1670665360735866675,"type":"point","name":"exType:trickle/permutationIndex:0/run:5/dialer:edge/eavesCount:0/latencyMS:100/tricklingDelay:0/seq:7/fileSize:1048576/nodeType:Passive/nodeTypeIndex:4/meta:blks_rcvd","measures":{"value":9}}
{"ts":1670665360735920250,"type":"point","name":"exType:trickle/permutationIndex:0/run:5/dialer:edge/eavesCount:0/latencyMS:100/tricklingDelay:0/seq:7/fileSize:1048576/nodeType:Passive/nodeTypeIndex:4/meta:dup_blks_rcvd","measures":{"value":4}}
{"ts":1670665371581740095,"type":"point","name":"exType:trickle/permutationIndex:0/run:6/dialer:edge/eavesCount:0/latencyMS:100/tricklingDelay:0/seq:7/fileSize:1048576/nodeType:Passive/nodeTypeIndex:4/meta:msgs_rcvd","measures":{"value":46}}
{"ts":1670665371581831651,"type":"point","name":"exType:trickle/permutationIndex:0/run:6/dialer:edge/eavesCount:0/latencyMS:100/tricklingDelay:0/seq:7/fileSize:1048576/nodeType:Passive/nodeTypeIndex:4/meta:data_sent","measures":{"value":1835706}}
{"ts":1670665371581859701,"type":"point","name":"exType:trickle/permutationIndex:0/run:6/dialer:edge/eavesCount:0/latencyMS:100/tricklingDelay:0/seq:7/fileSize:1048576/nodeType:Passive/nodeTypeIndex:4/meta:data_rcvd","measures":{"value":2621780}}
{"ts":1670665371581879962,"type":"point","name":"exType:trickle/permutationIndex:0/run:6/dialer:edge/eavesCount:0/latencyMS:100/tricklingDelay:0/seq:7/fileSize:1048576/nodeType:Passive/nodeTypeIndex:4/meta:dup_data_rcvd","measures":{"value":1572948}}
{"ts":1670665371581899082,"type":"point","name":"exType:trickle/permutationIndex:0/run:6/dialer:edge/eavesCount:0/latencyMS:100/tricklingDelay:0/seq:7/fileSize:1048576/nodeType:Passive/nodeTypeIndex:4/meta:blks_sent","measures":{"value":10}}
{"ts":1670665371581917093,"type":"point","name":"exType:trickle/permutationIndex:0/run:6/dialer:edge/eavesCount:0/latencyMS:100/tricklingDelay:0/seq:7/fileSize:1048576/nodeType:Passive/nodeTypeIndex:4/meta:blks_rcvd","measures":{"value":11}}
{"ts":1670665371581936518,"type":"point","name":"exType:trickle/permutationIndex:0/run:6/dialer:edge/eavesCount:0/latencyMS:100/tricklingDelay:0/seq:7/fileSize:1048576/nodeType:Passive/nodeTypeIndex:4/meta:dup_blks_rcvd","measures":{"value":6}}
{"ts":1670665382112634237,"type":"point","name":"exType:trickle/permutationIndex:0/run:7/dialer:edge/eavesCount:0/latencyMS:100/tricklingDelay:0/seq:7/fileSize:1048576/nodeType:Passive/nodeTypeIndex:4/meta:msgs_rcvd","measures":{"value":42}}
{"ts":1670665382112736322,"type":"point","name":"exType:trickle/permutationIndex:0/run:7/dialer:edge/eavesCount:0/latencyMS:100/tricklingDelay:0/seq:7/fileSize:1048576/nodeType:Passive/nodeTypeIndex:4/meta:data_sent","measures":{"value":2360022}}
{"ts":1670665382112766687,"type":"point","name":"exType:trickle/permutationIndex:0/run:7/dialer:edge/eavesCount:0/latencyMS:100/tricklingDelay:0/seq:7/fileSize:1048576/nodeType:Passive/nodeTypeIndex:4/meta:data_rcvd","measures":{"value":2097664}}
{"ts":1670665382112794515,"type":"point","name":"exType:trickle/permutationIndex:0/run:7/dialer:edge/eavesCount:0/latencyMS:100/tricklingDelay:0/seq:7/fileSize:1048576/nodeType:Passive/nodeTypeIndex:4/meta:dup_data_rcvd","measures":{"value":1048832}}
{"ts":1670665382112816697,"type":"point","name":"exType:trickle/permutationIndex:0/run:7/dialer:edge/eavesCount:0/latencyMS:100/tricklingDelay:0/seq:7/fileSize:1048576/nodeType:Passive/nodeTypeIndex:4/meta:blks_sent","measures":{"value":12}}
{"ts":1670665382112838455,"type":"point","name":"exType:trickle/permutationIndex:0/run:7/dialer:edge/eavesCount:0/latencyMS:100/tricklingDelay:0/seq:7/fileSize:1048576/nodeType:Passive/nodeTypeIndex:4/meta:blks_rcvd","measures":{"value":10}}
{"ts":1670665382112860623,"type":"point","name":"exType:trickle/permutationIndex:0/run:7/dialer:edge/eavesCount:0/latencyMS:100/tricklingDelay:0/seq:7/fileSize:1048576/nodeType:Passive/nodeTypeIndex:4/meta:dup_blks_rcvd","measures":{"value":5}}
{"ts":1670665393010815035,"type":"point","name":"exType:trickle/permutationIndex:0/run:8/dialer:edge/eavesCount:0/latencyMS:100/tricklingDelay:0/seq:7/fileSize:1048576/nodeType:Passive/nodeTypeIndex:4/meta:msgs_rcvd","measures":{"value":45}}
{"ts":1670665393010831575,"type":"point","name":"exType:trickle/permutationIndex:0/run:8/dialer:edge/eavesCount:0/latencyMS:100/tricklingDelay:0/seq:7/fileSize:1048576/nodeType:Passive/nodeTypeIndex:4/meta:data_sent","measures":{"value":2360022}}
{"ts":1670665393010841546,"type":"point","name":"exType:trickle/permutationIndex:0/run:8/dialer:edge/eavesCount:0/latencyMS:100/tricklingDelay:0/seq:7/fileSize:1048576/nodeType:Passive/nodeTypeIndex:4/meta:data_rcvd","measures":{"value":2097664}}
{"ts":1670665393010844351,"type":"point","name":"exType:trickle/permutationIndex:0/run:8/dialer:edge/eavesCount:0/latencyMS:100/tricklingDelay:0/seq:7/fileSize:1048576/nodeType:Passive/nodeTypeIndex:4/meta:dup_data_rcvd","measures":{"value":1048832}}
{"ts":1670665393010848803,"type":"point","name":"exType:trickle/permutationIndex:0/run:8/dialer:edge/eavesCount:0/latencyMS:100/tricklingDelay:0/seq:7/fileSize:1048576/nodeType:Passive/nodeTypeIndex:4/meta:blks_sent","measures":{"value":12}}
{"ts":1670665393010851187,"type":"point","name":"exType:trickle/permutationIndex:0/run:8/dialer:edge/eavesCount:0/latencyMS:100/tricklingDelay:0/seq:7/fileSize:1048576/nodeType:Passive/nodeTypeIndex:4/meta:blks_rcvd","measures":{"value":10}}
{"ts":1670665393010853881,"type":"point","name":"exType:trickle/permutationIndex:0/run:8/dialer:edge/eavesCount:0/latencyMS:100/tricklingDelay:0/seq:7/fileSize:1048576/nodeType:Passive/nodeTypeIndex:4/meta:dup_blks_rcvd","measures":{"value":5}}
{"ts":1670665404094376862,"type":"point","name":"exType:trickle/permutationIndex:0/run:9/dialer:edge/eavesCount:0/latencyMS:100/tricklingDelay:0/seq:7/fileSize:1048576/nodeType:Passive/nodeTypeIndex:4/meta:msgs_rcvd","measures":{"value":53}}
{"ts":1670665404094392468,"type":"point","name":"exType:trickle/permutationIndex:0/run:9/dialer:edge/eavesCount:0/latencyMS:100/tricklingDelay:0/seq:7/fileSize:1048576/nodeType:Passive/nodeTypeIndex:4/meta:data_sent","measures":{"value":2097864}}
{"ts":1670665404094395910,"type":"point","name":"exType:trickle/permutationIndex:0/run:9/dialer:edge/eavesCount:0/latencyMS:100/tricklingDelay:0/seq:7/fileSize:1048576/nodeType:Passive/nodeTypeIndex:4/meta:data_rcvd","measures":{"value":2360022}}
{"ts":1670665404094398338,"type":"point","name":"exType:trickle/permutationIndex:0/run:9/dialer:edge/eavesCount:0/latencyMS:100/tricklingDelay:0/seq:7/fileSize:1048576/nodeType:Passive/nodeTypeIndex:4/meta:dup_data_rcvd","measures":{"value":1311190}}
{"ts":1670665404094400947,"type":"point","name":"exType:trickle/permutationIndex:0/run:9/dialer:edge/eavesCount:0/latencyMS:100/tricklingDelay:0/seq:7/fileSize:1048576/nodeType:Passive/nodeTypeIndex:4/meta:blks_sent","measures":{"value":11}}
{"ts":1670665404094403534,"type":"point","name":"exType:trickle/permutationIndex:0/run:9/dialer:edge/eavesCount:0/latencyMS:100/tricklingDelay:0/seq:7/fileSize:1048576/nodeType:Passive/nodeTypeIndex:4/meta:blks_rcvd","measures":{"value":12}}
{"ts":1670665404094406111,"type":"point","name":"exType:trickle/permutationIndex:0/run:9/dialer:edge/eavesCount:0/latencyMS:100/tricklingDelay:0/seq:7/fileSize:1048576/nodeType:Passive/nodeTypeIndex:4/meta:dup_blks_rcvd","measures":{"value":7}}
{"ts":1670665415333231596,"type":"point","name":"exType:trickle/permutationIndex:0/run:10/dialer:edge/eavesCount:0/latencyMS:100/tricklingDelay:0/seq:7/fileSize:1048576/nodeType:Passive/nodeTypeIndex:4/meta:msgs_rcvd","measures":{"value":48}}
{"ts":1670665415333328519,"type":"point","name":"exType:trickle/permutationIndex:0/run:10/dialer:edge/eavesCount:0/latencyMS:100/tricklingDelay:0/seq:7/fileSize:1048576/nodeType:Passive/nodeTypeIndex:4/meta:data_sent","measures":{"value":3146496}}
{"ts":1670665415333357055,"type":"point","name":"exType:trickle/permutationIndex:0/run:10/dialer:edge/eavesCount:0/latencyMS:100/tricklingDelay:0/seq:7/fileSize:1048576/nodeType:Passive/nodeTypeIndex:4/meta:data_rcvd","measures":{"value":1049232}}
{"ts":1670665415333380594,"type":"point","name":"exType:trickle/permutationIndex:0/run:10/dialer:edge/eavesCount:0/latencyMS:100/tricklingDelay:0/seq:7/fileSize:1048576/nodeType:Passive/nodeTypeIndex:4/meta:dup_data_rcvd","measures":{"value":400}}
{"ts":1670665415333435793,"type":"point","name":"exType:trickle/permutationIndex:0/run:10/dialer:edge/eavesCount:0/latencyMS:100/tricklingDelay:0/seq:7/fileSize:1048576/nodeType:Passive/nodeTypeIndex:4/meta:blks_sent","measures":{"value":15}}
{"ts":1670665415333456327,"type":"point","name":"exType:trickle/permutationIndex:0/run:10/dialer:edge/eavesCount:0/latencyMS:100/tricklingDelay:0/seq:7/fileSize:1048576/nodeType:Passive/nodeTypeIndex:4/meta:blks_rcvd","measures":{"value":7}}
{"ts":1670665415333476336,"type":"point","name":"exType:trickle/permutationIndex:0/run:10/dialer:edge/eavesCount:0/latencyMS:100/tricklingDelay:0/seq:7/fileSize:1048576/nodeType:Passive/nodeTypeIndex:4/meta:dup_blks_rcvd","measures":{"value":2}}
{"ts":1670665425916991755,"type":"point","name":"exType:trickle/permutationIndex:0/run:11/dialer:edge/eavesCount:0/latencyMS:100/tricklingDelay:0/seq:7/fileSize:1048576/nodeType:Passive/nodeTypeIndex:4/meta:msgs_rcvd","measures":{"value":49}}
{"ts":1670665425917077876,"type":"point","name":"exType:trickle/permutationIndex:0/run:11/dialer:edge/eavesCount:0/latencyMS:100/tricklingDelay:0/seq:7/fileSize:1048576/nodeType:Passive/nodeTypeIndex:4/meta:data_sent","measures":{"value":2360022}}
{"ts":1670665425917108855,"type":"point","name":"exType:trickle/permutationIndex:0/run:11/dialer:edge/eavesCount:0/latencyMS:100/tricklingDelay:0/seq:7/fileSize:1048576/nodeType:Passive/nodeTypeIndex:4/meta:data_rcvd","measures":{"value":1835706}}
{"ts":1670665425917131438,"type":"point","name":"exType:trickle/permutationIndex:0/run:11/dialer:edge/eavesCount:0/latencyMS:100/tricklingDelay:0/seq:7/fileSize:1048576/nodeType:Passive/nodeTypeIndex:4/meta:dup_data_rcvd","measures":{"value":786874}}
{"ts":1670665425917153880,"type":"point","name":"exType:trickle/permutationIndex:0/run:11/dialer:edge/eavesCount:0/latencyMS:100/tricklingDelay:0/seq:7/fileSize:1048576/nodeType:Passive/nodeTypeIndex:4/meta:blks_sent","measures":{"value":12}}
{"ts":1670665425917175430,"type":"point","name":"exType:trickle/permutationIndex:0/run:11/dialer:edge/eavesCount:0/latencyMS:100/tricklingDelay:0/seq:7/fileSize:1048576/nodeType:Passive/nodeTypeIndex:4/meta:blks_rcvd","measures":{"value":10}}
{"ts":1670665425917197409,"type":"point","name":"exType:trickle/permutationIndex:0/run:11/dialer:edge/eavesCount:0/latencyMS:100/tricklingDelay:0/seq:7/fileSize:1048576/nodeType:Passive/nodeTypeIndex:4/meta:dup_blks_rcvd","measures":{"value":5}}
{"ts":1670665436593848521,"type":"point","name":"exType:trickle/permutationIndex:0/run:12/dialer:edge/eavesCount:0/latencyMS:100/tricklingDelay:0/seq:7/fileSize:1048576/nodeType:Passive/nodeTypeIndex:4/meta:msgs_rcvd","measures":{"value":50}}
{"ts":1670665436593948561,"type":"point","name":"exType:trickle/permutationIndex:0/run:12/dialer:edge/eavesCount:0/latencyMS:100/tricklingDelay:0/seq:7/fileSize:1048576/nodeType:Passive/nodeTypeIndex:4/meta:data_sent","measures":{"value":2097464}}
{"ts":1670665436594087441,"type":"point","name":"exType:trickle/permutationIndex:0/run:12/dialer:edge/eavesCount:0/latencyMS:100/tricklingDelay:0/seq:7/fileSize:1048576/nodeType:Passive/nodeTypeIndex:4/meta:data_rcvd","measures":{"value":2097864}}
{"ts":1670665436594114223,"type":"point","name":"exType:trickle/permutationIndex:0/run:12/dialer:edge/eavesCount:0/latencyMS:100/tricklingDelay:0/seq:7/fileSize:1048576/nodeType:Passive/nodeTypeIndex:4/meta:dup_data_rcvd","measures":{"value":1049032}}
{"ts":1670665436594217946,"type":"point","name":"exType:trickle/permutationIndex:0/run:12/dialer:edge/eavesCount:0/latencyMS:100/tricklingDelay:0/seq:7/fileSize:1048576/nodeType:Passive/nodeTypeIndex:4/meta:blks_sent","measures":{"value":9}}
{"ts":1670665436594262862,"type":"point","name":"exType:trickle/permutationIndex:0/run:12/dialer:edge/eavesCount:0/latencyMS:100/tricklingDelay:0/seq:7/fileSize:1048576/nodeType:Passive/nodeTypeIndex:4/meta:blks_rcvd","measures":{"value":11}}
{"ts":1670665436594279614,"type":"point","name":"exType:trickle/permutationIndex:0/run:12/dialer:edge/eavesCount:0/latencyMS:100/tricklingDelay:0/seq:7/fileSize:1048576/nodeType:Passive/nodeTypeIndex:4/meta:dup_blks_rcvd","measures":{"value":6}}
{"ts":1670665447121907307,"type":"point","name":"exType:trickle/permutationIndex:0/run:13/dialer:edge/eavesCount:0/latencyMS:100/tricklingDelay:0/seq:7/fileSize:1048576/nodeType:Passive/nodeTypeIndex:4/meta:msgs_rcvd","measures":{"value":49}}
{"ts":1670665447122004590,"type":"point","name":"exType:trickle/permutationIndex:0/run:13/dialer:edge/eavesCount:0/latencyMS:100/tricklingDelay:0/seq:7/fileSize:1048576/nodeType:Passive/nodeTypeIndex:4/meta:data_sent","measures":{"value":2621780}}
{"ts":1670665447122031596,"type":"point","name":"exType:trickle/permutationIndex:0/run:13/dialer:edge/eavesCount:0/latencyMS:100/tricklingDelay:0/seq:7/fileSize:1048576/nodeType:Passive/nodeTypeIndex:4/meta:data_rcvd","measures":{"value":1835706}}
{"ts":1670665447122055630,"type":"point","name":"exType:trickle/permutationIndex:0/run:13/dialer:edge/eavesCount:0/latencyMS:100/tricklingDelay:0/seq:7/fileSize:1048576/nodeType:Passive/nodeTypeIndex:4/meta:dup_data_rcvd","measures":{"value":786874}}
{"ts":1670665447122075925,"type":"point","name":"exType:trickle/permutationIndex:0/run:13/dialer:edge/eavesCount:0/latencyMS:100/tricklingDelay:0/seq:7/fileSize:1048576/nodeType:Passive/nodeTypeIndex:4/meta:blks_sent","measures":{"value":11}}
{"ts":1670665447122096790,"type":"point","name":"exType:trickle/permutationIndex:0/run:13/dialer:edge/eavesCount:0/latencyMS:100/tricklingDelay:0/seq:7/fileSize:1048576/nodeType:Passive/nodeTypeIndex:4/meta:blks_rcvd","measures":{"value":10}}
{"ts":1670665447122117675,"type":"point","name":"exType:trickle/permutationIndex:0/run:13/dialer:edge/eavesCount:0/latencyMS:100/tricklingDelay:0/seq:7/fileSize:1048576/nodeType:Passive/nodeTypeIndex:4/meta:dup_blks_rcvd","measures":{"value":5}}
{"ts":1670665457917571101,"type":"point","name":"exType:trickle/permutationIndex:0/run:14/dialer:edge/eavesCount:0/latencyMS:100/tricklingDelay:0/seq:7/fileSize:1048576/nodeType:Passive/nodeTypeIndex:4/meta:msgs_rcvd","measures":{"value":48}}
{"ts":1670665457917587081,"type":"point","name":"exType:trickle/permutationIndex:0/run:14/dialer:edge/eavesCount:0/latencyMS:100/tricklingDelay:0/seq:7/fileSize:1048576/nodeType:Passive/nodeTypeIndex:4/meta:data_sent","measures":{"value":2884338}}
{"ts":1670665457917590893,"type":"point","name":"exType:trickle/permutationIndex:0/run:14/dialer:edge/eavesCount:0/latencyMS:100/tricklingDelay:0/seq:7/fileSize:1048576/nodeType:Passive/nodeTypeIndex:4/meta:data_rcvd","measures":{"value":1573548}}
{"ts":1670665457917593582,"type":"point","name":"exType:trickle/permutationIndex:0/run:14/dialer:edge/eavesCount:0/latencyMS:100/tricklingDelay:0/seq:7/fileSize:1048576/nodeType:Passive/nodeTypeIndex:4/meta:dup_data_rcvd","measures":{"value":524716}}
{"ts":1670665457917596321,"type":"point","name":"exType:trickle/permutationIndex:0/run:14/dialer:edge/eavesCount:0/latencyMS:100/tricklingDelay:0/seq:7/fileSize:1048576/nodeType:Passive/nodeTypeIndex:4/meta:blks_sent","measures":{"value":14}}
{"ts":1670665457917598863,"type":"point","name":"exType:trickle/permutationIndex:0/run:14/dialer:edge/eavesCount:0/latencyMS:100/tricklingDelay:0/seq:7/fileSize:1048576/nodeType:Passive/nodeTypeIndex:4/meta:blks_rcvd","measures":{"value":9}}
{"ts":1670665457917601577,"type":"point","name":"exType:trickle/permutationIndex:0/run:14/dialer:edge/eavesCount:0/latencyMS:100/tricklingDelay:0/seq:7/fileSize:1048576/nodeType:Passive/nodeTypeIndex:4/meta:dup_blks_rcvd","measures":{"value":4}}
{"ts":1670665468524442663,"type":"point","name":"exType:trickle/permutationIndex:0/run:15/dialer:edge/eavesCount:0/latencyMS:100/tricklingDelay:0/seq:7/fileSize:1048576/nodeType:Passive/nodeTypeIndex:4/meta:msgs_rcvd","measures":{"value":46}}
{"ts":1670665468524526241,"type":"point","name":"exType:trickle/permutationIndex:0/run:15/dialer:edge/eavesCount:0/latencyMS:100/tricklingDelay:0/seq:7/fileSize:1048576/nodeType:Passive/nodeTypeIndex:4/meta:data_sent","measures":{"value":2097864}}
{"ts":1670665468524554937,"type":"point","name":"exType:trickle/permutationIndex:0/run:15/dialer:edge/eavesCount:0/latencyMS:100/tricklingDelay:0/seq:7/fileSize:1048576/nodeType:Passive/nodeTypeIndex:4/meta:data_rcvd","measures":{"value":2097664}}
{"ts":1670665468524616764,"type":"point","name":"exType:trickle/permutationIndex:0/run:15/dialer:edge/eavesCount:0/latencyMS:100/tricklingDelay:0/seq:7/fileSize:1048576/nodeType:Passive/nodeTypeIndex:4/meta:dup_data_rcvd","measures":{"value":1048832}}
{"ts":1670665468524637780,"type":"point","name":"exType:trickle/permutationIndex:0/run:15/dialer:edge/eavesCount:0/latencyMS:100/tricklingDelay:0/seq:7/fileSize:1048576/nodeType:Passive/nodeTypeIndex:4/meta:blks_sent","measures":{"value":11}}
{"ts":1670665468524659581,"type":"point","name":"exType:trickle/permutationIndex:0/run:15/dialer:edge/eavesCount:0/latencyMS:100/tricklingDelay:0/seq:7/fileSize:1048576/nodeType:Passive/nodeTypeIndex:4/meta:blks_rcvd","measures":{"value":10}}
{"ts":1670665468524681309,"type":"point","name":"exType:trickle/permutationIndex:0/run:15/dialer:edge/eavesCount:0/latencyMS:100/tricklingDelay:0/seq:7/fileSize:1048576/nodeType:Passive/nodeTypeIndex:4/meta:dup_blks_rcvd","measures":{"value":5}}
{"ts":1670665479180167575,"type":"point","name":"exType:trickle/permutationIndex:0/run:16/dialer:edge/eavesCount:0/latencyMS:100/tricklingDelay:0/seq:7/fileSize:1048576/nodeType:Passive/nodeTypeIndex:4/meta:msgs_rcvd","measures":{"value":49}}
{"ts":1670665479180965451,"type":"point","name":"exType:trickle/permutationIndex:0/run:16/dialer:edge/eavesCount:0/latencyMS:100/tricklingDelay:0/seq:7/fileSize:1048576/nodeType:Passive/nodeTypeIndex:4/meta:data_sent","measures":{"value":2622180}}
{"ts":1670665479181006415,"type":"point","name":"exType:trickle/permutationIndex:0/run:16/dialer:edge/eavesCount:0/latencyMS:100/tricklingDelay:0/seq:7/fileSize:1048576/nodeType:Passive/nodeTypeIndex:4/meta:data_rcvd","measures":{"value":2097864}}
{"ts":1670665479181142385,"type":"point","name":"exType:trickle/permutationIndex:0/run:16/dialer:edge/eavesCount:0/latencyMS:100/tricklingDelay:0/seq:7/fileSize:1048576/nodeType:Passive/nodeTypeIndex:4/meta:dup_data_rcvd","measures":{"value":1049032}}
{"ts":1670665479181167369,"type":"point","name":"exType:trickle/permutationIndex:0/run:16/dialer:edge/eavesCount:0/latencyMS:100/tricklingDelay:0/seq:7/fileSize:1048576/nodeType:Passive/nodeTypeIndex:4/meta:blks_sent","measures":{"value":13}}
{"ts":1670665479181188482,"type":"point","name":"exType:trickle/permutationIndex:0/run:16/dialer:edge/eavesCount:0/latencyMS:100/tricklingDelay:0/seq:7/fileSize:1048576/nodeType:Passive/nodeTypeIndex:4/meta:blks_rcvd","measures":{"value":11}}
{"ts":1670665479181208476,"type":"point","name":"exType:trickle/permutationIndex:0/run:16/dialer:edge/eavesCount:0/latencyMS:100/tricklingDelay:0/seq:7/fileSize:1048576/nodeType:Passive/nodeTypeIndex:4/meta:dup_blks_rcvd","measures":{"value":6}}
{"ts":1670665489936040752,"type":"point","name":"exType:trickle/permutationIndex:0/run:17/dialer:edge/eavesCount:0/latencyMS:100/tricklingDelay:0/seq:7/fileSize:1048576/nodeType:Passive/nodeTypeIndex:4/meta:msgs_rcvd","measures":{"value":48}}
{"ts":1670665489936139132,"type":"point","name":"exType:trickle/permutationIndex:0/run:17/dialer:edge/eavesCount:0/latencyMS:100/tricklingDelay:0/seq:7/fileSize:1048576/nodeType:Passive/nodeTypeIndex:4/meta:data_sent","measures":{"value":2360022}}
{"ts":1670665489936361561,"type":"point","name":"exType:trickle/permutationIndex:0/run:17/dialer:edge/eavesCount:0/latencyMS:100/tricklingDelay:0/seq:7/fileSize:1048576/nodeType:Passive/nodeTypeIndex:4/meta:data_rcvd","measures":{"value":1835706}}
{"ts":1670665489936391394,"type":"point","name":"exType:trickle/permutationIndex:0/run:17/dialer:edge/eavesCount:0/latencyMS:100/tricklingDelay:0/seq:7/fileSize:1048576/nodeType:Passive/nodeTypeIndex:4/meta:dup_data_rcvd","measures":{"value":524716}}
{"ts":1670665489936394740,"type":"point","name":"exType:trickle/permutationIndex:0/run:17/dialer:edge/eavesCount:0/latencyMS:100/tricklingDelay:0/seq:7/fileSize:1048576/nodeType:Passive/nodeTypeIndex:4/meta:blks_sent","measures":{"value":12}}
{"ts":1670665489936404452,"type":"point","name":"exType:trickle/permutationIndex:0/run:17/dialer:edge/eavesCount:0/latencyMS:100/tricklingDelay:0/seq:7/fileSize:1048576/nodeType:Passive/nodeTypeIndex:4/meta:blks_rcvd","measures":{"value":10}}
{"ts":1670665489936407539,"type":"point","name":"exType:trickle/permutationIndex:0/run:17/dialer:edge/eavesCount:0/latencyMS:100/tricklingDelay:0/seq:7/fileSize:1048576/nodeType:Passive/nodeTypeIndex:4/meta:dup_blks_rcvd","measures":{"value":4}}
{"ts":1670665500744324794,"type":"point","name":"exType:trickle/permutationIndex:0/run:18/dialer:edge/eavesCount:0/latencyMS:100/tricklingDelay:0/seq:7/fileSize:1048576/nodeType:Passive/nodeTypeIndex:4/meta:msgs_rcvd","measures":{"value":46}}
{"ts":1670665500744433337,"type":"point","name":"exType:trickle/permutationIndex:0/run:18/dialer:edge/eavesCount:0/latencyMS:100/tricklingDelay:0/seq:7/fileSize:1048576/nodeType:Passive/nodeTypeIndex:4/meta:data_sent","measures":{"value":2097864}}
{"ts":1670665500744464582,"type":"point","name":"exType:trickle/permutationIndex:0/run:18/dialer:edge/eavesCount:0/latencyMS:100/tricklingDelay:0/seq:7/fileSize:1048576/nodeType:Passive/nodeTypeIndex:4/meta:data_rcvd","measures":{"value":2359822}}
{"ts":1670665500744486259,"type":"point","name":"exType:trickle/permutationIndex:0/run:18/dialer:edge/eavesCount:0/latencyMS:100/tricklingDelay:0/seq:7/fileSize:1048576/nodeType:Passive/nodeTypeIndex:4/meta:dup_data_rcvd","measures":{"value":1310990}}
{"ts":1670665500744507360,"type":"point","name":"exType:trickle/permutationIndex:0/run:18/dialer:edge/eavesCount:0/latencyMS:100/tricklingDelay:0/seq:7/fileSize:1048576/nodeType:Passive/nodeTypeIndex:4/meta:blks_sent","measures":{"value":11}}
{"ts":1670665500744528981,"type":"point","name":"exType:trickle/permutationIndex:0/run:18/dialer:edge/eavesCount:0/latencyMS:100/tricklingDelay:0/seq:7/fileSize:1048576/nodeType:Passive/nodeTypeIndex:4/meta:blks_rcvd","measures":{"value":11}}
{"ts":1670665500744553016,"type":"point","name":"exType:trickle/permutationIndex:0/run:18/dialer:edge/eavesCount:0/latencyMS:100/tricklingDelay:0/seq:7/fileSize:1048576/nodeType:Passive/nodeTypeIndex:4/meta:dup_blks_rcvd","measures":{"value":6}}
{"ts":1670665511667238289,"type":"point","name":"exType:trickle/permutationIndex:0/run:19/dialer:edge/eavesCount:0/latencyMS:100/tricklingDelay:0/seq:7/fileSize:1048576/nodeType:Passive/nodeTypeIndex:4/meta:msgs_rcvd","measures":{"value":53}}
{"ts":1670665511667356099,"type":"point","name":"exType:trickle/permutationIndex:0/run:19/dialer:edge/eavesCount:0/latencyMS:100/tricklingDelay:0/seq:7/fileSize:1048576/nodeType:Passive/nodeTypeIndex:4/meta:data_sent","measures":{"value":1573348}}
{"ts":1670665511667385670,"type":"point","name":"exType:trickle/permutationIndex:0/run:19/dialer:edge/eavesCount:0/latencyMS:100/tricklingDelay:0/seq:7/fileSize:1048576/nodeType:Passive/nodeTypeIndex:4/meta:data_rcvd","measures":{"value":2622180}}
{"ts":1670665511667407686,"type":"point","name":"exType:trickle/permutationIndex:0/run:19/dialer:edge/eavesCount:0/latencyMS:100/tricklingDelay:0/seq:7/fileSize:1048576/nodeType:Passive/nodeTypeIndex:4/meta:dup_data_rcvd","measures":{"value":1573348}}
{"ts":1670665511667428766,"type":"point","name":"exType:trickle/permutationIndex:0/run:19/dialer:edge/eavesCount:0/latencyMS:100/tricklingDelay:0/seq:7/fileSize:1048576/nodeType:Passive/nodeTypeIndex:4/meta:blks_sent","measures":{"value":8}}
{"ts":1670665511667450734,"type":"point","name":"exType:trickle/permutationIndex:0/run:19/dialer:edge/eavesCount:0/latencyMS:100/tricklingDelay:0/seq:7/fileSize:1048576/nodeType:Passive/nodeTypeIndex:4/meta:blks_rcvd","measures":{"value":13}}
{"ts":1670665511667474804,"type":"point","name":"exType:trickle/permutationIndex:0/run:19/dialer:edge/eavesCount:0/latencyMS:100/tricklingDelay:0/seq:7/fileSize:1048576/nodeType:Passive/nodeTypeIndex:4/meta:dup_blks_rcvd","measures":{"value":8}}
{"ts":1670665522952178307,"type":"point","name":"exType:trickle/permutationIndex:0/run:20/dialer:edge/eavesCount:0/latencyMS:100/tricklingDelay:0/seq:7/fileSize:1048576/nodeType:Passive/nodeTypeIndex:4/meta:msgs_rcvd","measures":{"value":49}}
{"ts":1670665522952302787,"type":"point","name":"exType:trickle/permutationIndex:0/run:20/dialer:edge/eavesCount:0/latencyMS:100/tricklingDelay:0/seq:7/fileSize:1048576/nodeType:Passive/nodeTypeIndex:4/meta:data_sent","measures":{"value":2622180}}
{"ts":1670665522952332233,"type":"point","name":"exType:trickle/permutationIndex:0/run:20/dialer:edge/eavesCount:0/latencyMS:100/tricklingDelay:0/seq:7/fileSize:1048576/nodeType:Passive/nodeTypeIndex:4/meta:data_rcvd","measures":{"value":1573548}}
{"ts":1670665522952353509,"type":"point","name":"exType:trickle/permutationIndex:0/run:20/dialer:edge/eavesCount:0/latencyMS:100/tricklingDelay:0/seq:7/fileSize:1048576/nodeType:Passive/nodeTypeIndex:4/meta:dup_data_rcvd","measures":{"value":524716}}
{"ts":1670665522952373791,"type":"point","name":"exType:trickle/permutationIndex:0/run:20/dialer:edge/eavesCount:0/latencyMS:100/tricklingDelay:0/seq:7/fileSize:1048576/nodeType:Passive/nodeTypeIndex:4/meta:blks_sent","measures":{"value":13}}
{"ts":1670665522952510210,"type":"point","name":"exType:trickle/permutationIndex:0/run:20/dialer:edge/eavesCount:0/latencyMS:100/tricklingDelay:0/seq:7/fileSize:1048576/nodeType:Passive/nodeTypeIndex:4/meta:blks_rcvd","measures":{"value":9}}
{"ts":1670665522952538135,"type":"point","name":"exType:trickle/permutationIndex:0/run:20/dialer:edge/eavesCount:0/latencyMS:100/tricklingDelay:0/seq:7/fileSize:1048576/nodeType:Passive/nodeTypeIndex:4/meta:dup_blks_rcvd","measures":{"value":4}}
{"ts":1670665533789486777,"type":"point","name":"exType:trickle/permutationIndex:0/run:21/dialer:edge/eavesCount:0/latencyMS:100/tricklingDelay:0/seq:7/fileSize:1048576/nodeType:Passive/nodeTypeIndex:4/meta:msgs_rcvd","measures":{"value":50}}
{"ts":1670665533789666413,"type":"point","name":"exType:trickle/permutationIndex:0/run:21/dialer:edge/eavesCount:0/latencyMS:100/tricklingDelay:0/seq:7/fileSize:1048576/nodeType:Passive/nodeTypeIndex:4/meta:data_sent","measures":{"value":1835706}}
{"ts":1670665533789704737,"type":"point","name":"exType:trickle/permutationIndex:0/run:21/dialer:edge/eavesCount:0/latencyMS:100/tricklingDelay:0/seq:7/fileSize:1048576/nodeType:Passive/nodeTypeIndex:4/meta:data_rcvd","measures":{"value":2622180}}
{"ts":1670665533789722972,"type":"point","name":"exType:trickle/permutationIndex:0/run:21/dialer:edge/eavesCount:0/latencyMS:100/tricklingDelay:0/seq:7/fileSize:1048576/nodeType:Passive/nodeTypeIndex:4/meta:dup_data_rcvd","measures":{"value":786874}}
{"ts":1670665533789738084,"type":"point","name":"exType:trickle/permutationIndex:0/run:21/dialer:edge/eavesCount:0/latencyMS:100/tricklingDelay:0/seq:7/fileSize:1048576/nodeType:Passive/nodeTypeIndex:4/meta:blks_sent","measures":{"value":10}}
{"ts":1670665533789753823,"type":"point","name":"exType:trickle/permutationIndex:0/run:21/dialer:edge/eavesCount:0/latencyMS:100/tricklingDelay:0/seq:7/fileSize:1048576/nodeType:Passive/nodeTypeIndex:4/meta:blks_rcvd","measures":{"value":13}}
{"ts":1670665533789768451,"type":"point","name":"exType:trickle/permutationIndex:0/run:21/dialer:edge/eavesCount:0/latencyMS:100/tricklingDelay:0/seq:7/fileSize:1048576/nodeType:Passive/nodeTypeIndex:4/meta:dup_blks_rcvd","measures":{"value":5}}
{"ts":1670665544229918603,"type":"point","name":"exType:trickle/permutationIndex:0/run:22/dialer:edge/eavesCount:0/latencyMS:100/tricklingDelay:0/seq:7/fileSize:1048576/nodeType:Passive/nodeTypeIndex:4/meta:msgs_rcvd","measures":{"value":45}}
{"ts":1670665544229995448,"type":"point","name":"exType:trickle/permutationIndex:0/run:22/dialer:edge/eavesCount:0/latencyMS:100/tricklingDelay:0/seq:7/fileSize:1048576/nodeType:Passive/nodeTypeIndex:4/meta:data_sent","measures":{"value":2884338}}
{"ts":1670665544230030645,"type":"point","name":"exType:trickle/permutationIndex:0/run:22/dialer:edge/eavesCount:0/latencyMS:100/tricklingDelay:0/seq:7/fileSize:1048576/nodeType:Passive/nodeTypeIndex:4/meta:data_rcvd","measures":{"value":2097664}}
{"ts":1670665544230056188,"type":"point","name":"exType:trickle/permutationIndex:0/run:22/dialer:edge/eavesCount:0/latencyMS:100/tricklingDelay:0/seq:7/fileSize:1048576/nodeType:Passive/nodeTypeIndex:4/meta:dup_data_rcvd","measures":{"value":1048832}}
{"ts":1670665544230115147,"type":"point","name":"exType:trickle/permutationIndex:0/run:22/dialer:edge/eavesCount:0/latencyMS:100/tricklingDelay:0/seq:7/fileSize:1048576/nodeType:Passive/nodeTypeIndex:4/meta:blks_sent","measures":{"value":14}}
{"ts":1670665544230140898,"type":"point","name":"exType:trickle/permutationIndex:0/run:22/dialer:edge/eavesCount:0/latencyMS:100/tricklingDelay:0/seq:7/fileSize:1048576/nodeType:Passive/nodeTypeIndex:4/meta:blks_rcvd","measures":{"value":10}}
{"ts":1670665544230162945,"type":"point","name":"exType:trickle/permutationIndex:0/run:22/dialer:edge/eavesCount:0/latencyMS:100/tricklingDelay:0/seq:7/fileSize:1048576/nodeType:Passive/nodeTypeIndex:4/meta:dup_blks_rcvd","measures":{"value":5}}
{"ts":1670665554879907983,"type":"point","name":"exType:trickle/permutationIndex:0/run:23/dialer:edge/eavesCount:0/latencyMS:100/tricklingDelay:0/seq:7/fileSize:1048576/nodeType:Passive/nodeTypeIndex:4/meta:msgs_rcvd","measures":{"value":44}}
{"ts":1670665554879984931,"type":"point","name":"exType:trickle/permutationIndex:0/run:23/dialer:edge/eavesCount:0/latencyMS:100/tricklingDelay:0/seq:7/fileSize:1048576/nodeType:Passive/nodeTypeIndex:4/meta:data_sent","measures":{"value":2360022}}
{"ts":1670665554880014495,"type":"point","name":"exType:trickle/permutationIndex:0/run:23/dialer:edge/eavesCount:0/latencyMS:100/tricklingDelay:0/seq:7/fileSize:1048576/nodeType:Passive/nodeTypeIndex:4/meta:data_rcvd","measures":{"value":2097464}}
{"ts":1670665554880036644,"type":"point","name":"exType:trickle/permutationIndex:0/run:23/dialer:edge/eavesCount:0/latencyMS:100/tricklingDelay:0/seq:7/fileSize:1048576/nodeType:Passive/nodeTypeIndex:4/meta:dup_data_rcvd","measures":{"value":1048632}}
{"ts":1670665554880057556,"type":"point","name":"exType:trickle/permutationIndex:0/run:23/dialer:edge/eavesCount:0/latencyMS:100/tricklingDelay:0/seq:7/fileSize:1048576/nodeType:Passive/nodeTypeIndex:4/meta:blks_sent","measures":{"value":12}}
{"ts":1670665554880097600,"type":"point","name":"exType:trickle/permutationIndex:0/run:23/dialer:edge/eavesCount:0/latencyMS:100/tricklingDelay:0/seq:7/fileSize:1048576/nodeType:Passive/nodeTypeIndex:4/meta:blks_rcvd","measures":{"value":9}}
{"ts":1670665554880118736,"type":"point","name":"exType:trickle/permutationIndex:0/run:23/dialer:edge/eavesCount:0/latencyMS:100/tricklingDelay:0/seq:7/fileSize:1048576/nodeType:Passive/nodeTypeIndex:4/meta:dup_blks_rcvd","measures":{"value":4}}
{"ts":1670665565343601245,"type":"point","name":"exType:trickle/permutationIndex:0/run:24/dialer:edge/eavesCount:0/latencyMS:100/tricklingDelay:0/seq:7/fileSize:1048576/nodeType:Passive/nodeTypeIndex:4/meta:msgs_rcvd","measures":{"value":43}}
{"ts":1670665565343618386,"type":"point","name":"exType:trickle/permutationIndex:0/run:24/dialer:edge/eavesCount:0/latencyMS:100/tricklingDelay:0/seq:7/fileSize:1048576/nodeType:Passive/nodeTypeIndex:4/meta:data_sent","measures":{"value":2360022}}
{"ts":1670665565343621525,"type":"point","name":"exType:trickle/permutationIndex:0/run:24/dialer:edge/eavesCount:0/latencyMS:100/tricklingDelay:0/seq:7/fileSize:1048576/nodeType:Passive/nodeTypeIndex:4/meta:data_rcvd","measures":{"value":1835306}}
{"ts":1670665565343624143,"type":"point","name":"exType:trickle/permutationIndex:0/run:24/dialer:edge/eavesCount:0/latencyMS:100/tricklingDelay:0/seq:7/fileSize:1048576/nodeType:Passive/nodeTypeIndex:4/meta:dup_data_rcvd","measures":{"value":786474}}
{"ts":1670665565343626903,"type":"point","name":"exType:trickle/permutationIndex:0/run:24/dialer:edge/eavesCount:0/latencyMS:100/tricklingDelay:0/seq:7/fileSize:1048576/nodeType:Passive/nodeTypeIndex:4/meta:blks_sent","measures":{"value":12}}
{"ts":1670665565343629175,"type":"point","name":"exType:trickle/permutationIndex:0/run:24/dialer:edge/eavesCount:0/latencyMS:100/tricklingDelay:0/seq:7/fileSize:1048576/nodeType:Passive/nodeTypeIndex:4/meta:blks_rcvd","measures":{"value":8}}
{"ts":1670665565343637486,"type":"point","name":"exType:trickle/permutationIndex:0/run:24/dialer:edge/eavesCount:0/latencyMS:100/tricklingDelay:0/seq:7/fileSize:1048576/nodeType:Passive/nodeTypeIndex:4/meta:dup_blks_rcvd","measures":{"value":3}}
{"ts":1670665576123406888,"type":"point","name":"exType:trickle/permutationIndex:0/run:25/dialer:edge/eavesCount:0/latencyMS:100/tricklingDelay:0/seq:7/fileSize:1048576/nodeType:Passive/nodeTypeIndex:4/meta:msgs_rcvd","measures":{"value":53}}
{"ts":1670665576123531302,"type":"point","name":"exType:trickle/permutationIndex:0/run:25/dialer:edge/eavesCount:0/latencyMS:100/tricklingDelay:0/seq:7/fileSize:1048576/nodeType:Passive/nodeTypeIndex:4/meta:data_sent","measures":{"value":1311190}}
{"ts":1670665576123561036,"type":"point","name":"exType:trickle/permutationIndex:0/run:25/dialer:edge/eavesCount:0/latencyMS:100/tricklingDelay:0/seq:7/fileSize:1048576/nodeType:Passive/nodeTypeIndex:4/meta:data_rcvd","measures":{"value":2622180}}
{"ts":1670665576123582099,"type":"point","name":"exType:trickle/permutationIndex:0/run:25/dialer:edge/eavesCount:0/latencyMS:100/tricklingDelay:0/seq:7/fileSize:1048576/nodeType:Passive/nodeTypeIndex:4/meta:dup_data_rcvd","measures":{"value":1573348}}
{"ts":1670665576123603094,"type":"point","name":"exType:trickle/permutationIndex:0/run:25/dialer:edge/eavesCount:0/latencyMS:100/tricklingDelay:0/seq:7/fileSize:1048576/nodeType:Passive/nodeTypeIndex:4/meta:blks_sent","measures":{"value":7}}
{"ts":1670665576123624072,"type":"point","name":"exType:trickle/permutationIndex:0/run:25/dialer:edge/eavesCount:0/latencyMS:100/tricklingDelay:0/seq:7/fileSize:1048576/nodeType:Passive/nodeTypeIndex:4/meta:blks_rcvd","measures":{"value":13}}
{"ts":1670665576123646612,"type":"point","name":"exType:trickle/permutationIndex:0/run:25/dialer:edge/eavesCount:0/latencyMS:100/tricklingDelay:0/seq:7/fileSize:1048576/nodeType:Passive/nodeTypeIndex:4/meta:dup_blks_rcvd","measures":{"value":8}}
{"ts":1670665592331237518,"type":"point","name":"exType:trickle/permutationIndex:1/run:1/dialer:edge/eavesCount:0/latencyMS:100/tricklingDelay:50/seq:7/fileSize:1048576/nodeType:Passive/nodeTypeIndex:4/meta:msgs_rcvd","measures":{"value":42}}
{"ts":1670665592331333092,"type":"point","name":"exType:trickle/permutationIndex:1/run:1/dialer:edge/eavesCount:0/latencyMS:100/tricklingDelay:50/seq:7/fileSize:1048576/nodeType:Passive/nodeTypeIndex:4/meta:data_sent","measures":{"value":1573348}}
{"ts":1670665592331358360,"type":"point","name":"exType:trickle/permutationIndex:1/run:1/dialer:edge/eavesCount:0/latencyMS:100/tricklingDelay:50/seq:7/fileSize:1048576/nodeType:Passive/nodeTypeIndex:4/meta:data_rcvd","measures":{"value":2359622}}
{"ts":1670665592331373464,"type":"point","name":"exType:trickle/permutationIndex:1/run:1/dialer:edge/eavesCount:0/latencyMS:100/tricklingDelay:50/seq:7/fileSize:1048576/nodeType:Passive/nodeTypeIndex:4/meta:dup_data_rcvd","measures":{"value":1310790}}
{"ts":1670665592331387540,"type":"point","name":"exType:trickle/permutationIndex:1/run:1/dialer:edge/eavesCount:0/latencyMS:100/tricklingDelay:50/seq:7/fileSize:1048576/nodeType:Passive/nodeTypeIndex:4/meta:blks_sent","measures":{"value":8}}
{"ts":1670665592331400826,"type":"point","name":"exType:trickle/permutationIndex:1/run:1/dialer:edge/eavesCount:0/latencyMS:100/tricklingDelay:50/seq:7/fileSize:1048576/nodeType:Passive/nodeTypeIndex:4/meta:blks_rcvd","measures":{"value":10}}
{"ts":1670665592331414090,"type":"point","name":"exType:trickle/permutationIndex:1/run:1/dialer:edge/eavesCount:0/latencyMS:100/tricklingDelay:50/seq:7/fileSize:1048576/nodeType:Passive/nodeTypeIndex:4/meta:dup_blks_rcvd","measures":{"value":5}}
{"ts":1670665606201558578,"type":"point","name":"exType:trickle/permutationIndex:1/run:2/dialer:edge/eavesCount:0/latencyMS:100/tricklingDelay:50/seq:7/fileSize:1048576/nodeType:Passive/nodeTypeIndex:4/meta:msgs_rcvd","measures":{"value":46}}
{"ts":1670665606201653741,"type":"point","name":"exType:trickle/permutationIndex:1/run:2/dialer:edge/eavesCount:0/latencyMS:100/tricklingDelay:50/seq:7/fileSize:1048576/nodeType:Passive/nodeTypeIndex:4/meta:data_sent","measures":{"value":2359622}}
{"ts":1670665606201727703,"type":"point","name":"exType:trickle/permutationIndex:1/run:2/dialer:edge/eavesCount:0/latencyMS:100/tricklingDelay:50/seq:7/fileSize:1048576/nodeType:Passive/nodeTypeIndex:4/meta:data_rcvd","measures":{"value":1573548}}
{"ts":1670665606201749192,"type":"point","name":"exType:trickle/permutationIndex:1/run:2/dialer:edge/eavesCount:0/latencyMS:100/tricklingDelay:50/seq:7/fileSize:1048576/nodeType:Passive/nodeTypeIndex:4/meta:dup_data_rcvd","measures":{"value":524716}}
{"ts":1670665606201769869,"type":"point","name":"exType:trickle/permutationIndex:1/run:2/dialer:edge/eavesCount:0/latencyMS:100/tricklingDelay:50/seq:7/fileSize:1048576/nodeType:Passive/nodeTypeIndex:4/meta:blks_sent","measures":{"value":10}}
{"ts":1670665606201791304,"type":"point","name":"exType:trickle/permutationIndex:1/run:2/dialer:edge/eavesCount:0/latencyMS:100/tricklingDelay:50/seq:7/fileSize:1048576/nodeType:Passive/nodeTypeIndex:4/meta:blks_rcvd","measures":{"value":9}}
{"ts":1670665606201811413,"type":"point","name":"exType:trickle/permutationIndex:1/run:2/dialer:edge/eavesCount:0/latencyMS:100/tricklingDelay:50/seq:7/fileSize:1048576/nodeType:Passive/nodeTypeIndex:4/meta:dup_blks_rcvd","measures":{"value":4}}
{"ts":1670665620090390439,"type":"point","name":"exType:trickle/permutationIndex:1/run:3/dialer:edge/eavesCount:0/latencyMS:100/tricklingDelay:50/seq:7/fileSize:1048576/nodeType:Passive/nodeTypeIndex:4/meta:msgs_rcvd","measures":{"value":44}}
{"ts":1670665620090469642,"type":"point","name":"exType:trickle/permutationIndex:1/run:3/dialer:edge/eavesCount:0/latencyMS:100/tricklingDelay:50/seq:7/fileSize:1048576/nodeType:Passive/nodeTypeIndex:4/meta:data_sent","measures":{"value":2097464}}
{"ts":1670665620090501193,"type":"point","name":"exType:trickle/permutationIndex:1/run:3/dialer:edge/eavesCount:0/latencyMS:100/tricklingDelay:50/seq:7/fileSize:1048576/nodeType:Passive/nodeTypeIndex:4/meta:data_rcvd","measures":{"value":2097664}}
{"ts":1670665620090524508,"type":"point","name":"exType:trickle/permutationIndex:1/run:3/dialer:edge/eavesCount:0/latencyMS:100/tricklingDelay:50/seq:7/fileSize:1048576/nodeType:Passive/nodeTypeIndex:4/meta:dup_data_rcvd","measures":{"value":1048832}}
{"ts":1670665620090545290,"type":"point","name":"exType:trickle/permutationIndex:1/run:3/dialer:edge/eavesCount:0/latencyMS:100/tricklingDelay:50/seq:7/fileSize:1048576/nodeType:Passive/nodeTypeIndex:4/meta:blks_sent","measures":{"value":9}}
{"ts":1670665620090568165,"type":"point","name":"exType:trickle/permutationIndex:1/run:3/dialer:edge/eavesCount:0/latencyMS:100/tricklingDelay:50/seq:7/fileSize:1048576/nodeType:Passive/nodeTypeIndex:4/meta:blks_rcvd","measures":{"value":10}}
{"ts":1670665620090590570,"type":"point","name":"exType:trickle/permutationIndex:1/run:3/dialer:edge/eavesCount:0/latencyMS:100/tricklingDelay:50/seq:7/fileSize:1048576/nodeType:Passive/nodeTypeIndex:4/meta:dup_blks_rcvd","measures":{"value":5}}
{"ts":1670665633536740152,"type":"point","name":"exType:trickle/permutationIndex:1/run:4/dialer:edge/eavesCount:0/latencyMS:100/tricklingDelay:50/seq:7/fileSize:1048576/nodeType:Passive/nodeTypeIndex:4/meta:msgs_rcvd","measures":{"value":38}}
{"ts":1670665633536754422,"type":"point","name":"exType:trickle/permutationIndex:1/run:4/dialer:edge/eavesCount:0/latencyMS:100/tricklingDelay:50/seq:7/fileSize:1048576/nodeType:Passive/nodeTypeIndex:4/meta:data_sent","measures":{"value":2359622}}
{"ts":1670665633536757815,"type":"point","name":"exType:trickle/permutationIndex:1/run:4/dialer:edge/eavesCount:0/latencyMS:100/tricklingDelay:50/seq:7/fileSize:1048576/nodeType:Passive/nodeTypeIndex:4/meta:data_rcvd","measures":{"value":1311190}}
{"ts":1670665633536761615,"type":"point","name":"exType:trickle/permutationIndex:1/run:4/dialer:edge/eavesCount:0/latencyMS:100/tricklingDelay:50/seq:7/fileSize:1048576/nodeType:Passive/nodeTypeIndex:4/meta:dup_data_rcvd","measures":{"value":262358}}
{"ts":1670665633536764172,"type":"point","name":"exType:trickle/permutationIndex:1/run:4/dialer:edge/eavesCount:0/latencyMS:100/tricklingDelay:50/seq:7/fileSize:1048576/nodeType:Passive/nodeTypeIndex:4/meta:blks_sent","measures":{"value":10}}
{"ts":1670665633536771707,"type":"point","name":"exType:trickle/permutationIndex:1/run:4/dialer:edge/eavesCount:0/latencyMS:100/tricklingDelay:50/seq:7/fileSize:1048576/nodeType:Passive/nodeTypeIndex:4/meta:blks_rcvd","measures":{"value":7}}
{"ts":1670665633536774366,"type":"point","name":"exType:trickle/permutationIndex:1/run:4/dialer:edge/eavesCount:0/latencyMS:100/tricklingDelay:50/seq:7/fileSize:1048576/nodeType:Passive/nodeTypeIndex:4/meta:dup_blks_rcvd","measures":{"value":2}}
{"ts":1670665647198820529,"type":"point","name":"exType:trickle/permutationIndex:1/run:5/dialer:edge/eavesCount:0/latencyMS:100/tricklingDelay:50/seq:7/fileSize:1048576/nodeType:Passive/nodeTypeIndex:4/meta:msgs_rcvd","measures":{"value":39}}
{"ts":1670665647199036419,"type":"point","name":"exType:trickle/permutationIndex:1/run:5/dialer:edge/eavesCount:0/latencyMS:100/tricklingDelay:50/seq:7/fileSize:1048576/nodeType:Passive/nodeTypeIndex:4/meta:data_sent","measures":{"value":2097664}}
{"ts":1670665647199071812,"type":"point","name":"exType:trickle/permutationIndex:1/run:5/dialer:edge/eavesCount:0/latencyMS:100/tricklingDelay:50/seq:7/fileSize:1048576/nodeType:Passive/nodeTypeIndex:4/meta:data_rcvd","measures":{"value":1835306}}
{"ts":1670665647199104801,"type":"point","name":"exType:trickle/permutationIndex:1/run:5/dialer:edge/eavesCount:0/latencyMS:100/tricklingDelay:50/seq:7/fileSize:1048576/nodeType:Passive/nodeTypeIndex:4/meta:dup_data_rcvd","measures":{"value":786474}}
{"ts":1670665647199120613,"type":"point","name":"exType:trickle/permutationIndex:1/run:5/dialer:edge/eavesCount:0/latencyMS:100/tricklingDelay:50/seq:7/fileSize:1048576/nodeType:Passive/nodeTypeIndex:4/meta:blks_sent","measures":{"value":10}}
{"ts":1670665647199135288,"type":"point","name":"exType:trickle/permutationIndex:1/run:5/dialer:edge/eavesCount:0/latencyMS:100/tricklingDelay:50/seq:7/fileSize:1048576/nodeType:Passive/nodeTypeIndex:4/meta:blks_rcvd","measures":{"value":8}}
{"ts":1670665647199155043,"type":"point","name":"exType:trickle/permutationIndex:1/run:5/dialer:edge/eavesCount:0/latencyMS:100/tricklingDelay:50/seq:7/fileSize:1048576/nodeType:Passive/nodeTypeIndex:4/meta:dup_blks_rcvd","measures":{"value":3}}
{"ts":1670665660705486804,"type":"point","name":"exType:trickle/permutationIndex:1/run:6/dialer:edge/eavesCount:0/latencyMS:100/tricklingDelay:50/seq:7/fileSize:1048576/nodeType:Passive/nodeTypeIndex:4/meta:msgs_rcvd","measures":{"value":45}}
{"ts":1670665660705571931,"type":"point","name":"exType:trickle/permutationIndex:1/run:6/dialer:edge/eavesCount:0/latencyMS:100/tricklingDelay:50/seq:7/fileSize:1048576/nodeType:Passive/nodeTypeIndex:4/meta:data_sent","measures":{"value":2359622}}
{"ts":1670665660705603818,"type":"point","name":"exType:trickle/permutationIndex:1/run:6/dialer:edge/eavesCount:0/latencyMS:100/tricklingDelay:50/seq:7/fileSize:1048576/nodeType:Passive/nodeTypeIndex:4/meta:data_rcvd","measures":{"value":1311390}}
{"ts":1670665660705626359,"type":"point","name":"exType:trickle/permutationIndex:1/run:6/dialer:edge/eavesCount:0/latencyMS:100/tricklingDelay:50/seq:7/fileSize:1048576/nodeType:Passive/nodeTypeIndex:4/meta:dup_data_rcvd","measures":{"value":262558}}
{"ts":1670665660705647128,"type":"point","name":"exType:trickle/permutationIndex:1/run:6/dialer:edge/eavesCount:0/latencyMS:100/tricklingDelay:50/seq:7/fileSize:1048576/nodeType:Passive/nodeTypeIndex:4/meta:blks_sent","measures":{"value":10}}
{"ts":1670665660705668782,"type":"point","name":"exType:trickle/permutationIndex:1/run:6/dialer:edge/eavesCount:0/latencyMS:100/tricklingDelay:50/seq:7/fileSize:1048576/nodeType:Passive/nodeTypeIndex:4/meta:blks_rcvd","measures":{"value":8}}
{"ts":1670665660705690332,"type":"point","name":"exType:trickle/permutationIndex:1/run:6/dialer:edge/eavesCount:0/latencyMS:100/tricklingDelay:50/seq:7/fileSize:1048576/nodeType:Passive/nodeTypeIndex:4/meta:dup_blks_rcvd","measures":{"value":3}}
