{"ts":1669476176249993801,"type":"point","name":"exType:baseline/permutationIndex:0/run:1/dialer:center/eavesCount:0/latencyMS:100/seq:2/fileSize:153600/nodeType:Seed/nodeTypeIndex:0/meta:msgs_rcvd","measures":{"value":104}}
{"ts":1669476176250062485,"type":"point","name":"exType:baseline/permutationIndex:0/run:1/dialer:center/eavesCount:0/latencyMS:100/seq:2/fileSize:153600/nodeType:Seed/nodeTypeIndex:0/meta:data_sent","measures":{"value":153614}}
{"ts":1669476176250071250,"type":"point","name":"exType:baseline/permutationIndex:0/run:1/dialer:center/eavesCount:0/latencyMS:100/seq:2/fileSize:153600/nodeType:Seed/nodeTypeIndex:0/meta:data_rcvd","measures":{"value":0}}
{"ts":1669476176250076489,"type":"point","name":"exType:baseline/permutationIndex:0/run:1/dialer:center/eavesCount:0/latencyMS:100/seq:2/fileSize:153600/nodeType:Seed/nodeTypeIndex:0/meta:dup_data_rcvd","measures":{"value":0}}
{"ts":1669476176250080352,"type":"point","name":"exType:baseline/permutationIndex:0/run:1/dialer:center/eavesCount:0/latencyMS:100/seq:2/fileSize:153600/nodeType:Seed/nodeTypeIndex:0/meta:blks_sent","measures":{"value":1}}
{"ts":1669476176250084806,"type":"point","name":"exType:baseline/permutationIndex:0/run:1/dialer:center/eavesCount:0/latencyMS:100/seq:2/fileSize:153600/nodeType:Seed/nodeTypeIndex:0/meta:blks_rcvd","measures":{"value":0}}
{"ts":1669476176250088694,"type":"point","name":"exType:baseline/permutationIndex:0/run:1/dialer:center/eavesCount:0/latencyMS:100/seq:2/fileSize:153600/nodeType:Seed/nodeTypeIndex:0/meta:dup_blks_rcvd","measures":{"value":0}}
{"ts":1669476179130142915,"type":"point","name":"exType:baseline/permutationIndex:0/run:2/dialer:center/eavesCount:0/latencyMS:100/seq:2/fileSize:153600/nodeType:Seed/nodeTypeIndex:0/meta:msgs_rcvd","measures":{"value":103}}
{"ts":1669476179130327161,"type":"point","name":"exType:baseline/permutationIndex:0/run:2/dialer:center/eavesCount:0/latencyMS:100/seq:2/fileSize:153600/nodeType:Seed/nodeTypeIndex:0/meta:data_sent","measures":{"value":153614}}
{"ts":1669476179130359238,"type":"point","name":"exType:baseline/permutationIndex:0/run:2/dialer:center/eavesCount:0/latencyMS:100/seq:2/fileSize:153600/nodeType:Seed/nodeTypeIndex:0/meta:data_rcvd","measures":{"value":0}}
{"ts":1669476179130381468,"type":"point","name":"exType:baseline/permutationIndex:0/run:2/dialer:center/eavesCount:0/latencyMS:100/seq:2/fileSize:153600/nodeType:Seed/nodeTypeIndex:0/meta:dup_data_rcvd","measures":{"value":0}}
{"ts":1669476179130402041,"type":"point","name":"exType:baseline/permutationIndex:0/run:2/dialer:center/eavesCount:0/latencyMS:100/seq:2/fileSize:153600/nodeType:Seed/nodeTypeIndex:0/meta:blks_sent","measures":{"value":1}}
{"ts":1669476179130423446,"type":"point","name":"exType:baseline/permutationIndex:0/run:2/dialer:center/eavesCount:0/latencyMS:100/seq:2/fileSize:153600/nodeType:Seed/nodeTypeIndex:0/meta:blks_rcvd","measures":{"value":0}}
{"ts":1669476179130442055,"type":"point","name":"exType:baseline/permutationIndex:0/run:2/dialer:center/eavesCount:0/latencyMS:100/seq:2/fileSize:153600/nodeType:Seed/nodeTypeIndex:0/meta:dup_blks_rcvd","measures":{"value":0}}
{"ts":1669476182103523775,"type":"point","name":"exType:baseline/permutationIndex:0/run:3/dialer:center/eavesCount:0/latencyMS:100/seq:2/fileSize:153600/nodeType:Seed/nodeTypeIndex:0/meta:msgs_rcvd","measures":{"value":91}}
{"ts":1669476182103539101,"type":"point","name":"exType:baseline/permutationIndex:0/run:3/dialer:center/eavesCount:0/latencyMS:100/seq:2/fileSize:153600/nodeType:Seed/nodeTypeIndex:0/meta:data_sent","measures":{"value":153614}}
{"ts":1669476182103542987,"type":"point","name":"exType:baseline/permutationIndex:0/run:3/dialer:center/eavesCount:0/latencyMS:100/seq:2/fileSize:153600/nodeType:Seed/nodeTypeIndex:0/meta:data_rcvd","measures":{"value":0}}
{"ts":1669476182103545478,"type":"point","name":"exType:baseline/permutationIndex:0/run:3/dialer:center/eavesCount:0/latencyMS:100/seq:2/fileSize:153600/nodeType:Seed/nodeTypeIndex:0/meta:dup_data_rcvd","measures":{"value":0}}
{"ts":1669476182103547936,"type":"point","name":"exType:baseline/permutationIndex:0/run:3/dialer:center/eavesCount:0/latencyMS:100/seq:2/fileSize:153600/nodeType:Seed/nodeTypeIndex:0/meta:blks_sent","measures":{"value":1}}
{"ts":1669476182103555415,"type":"point","name":"exType:baseline/permutationIndex:0/run:3/dialer:center/eavesCount:0/latencyMS:100/seq:2/fileSize:153600/nodeType:Seed/nodeTypeIndex:0/meta:blks_rcvd","measures":{"value":0}}
{"ts":1669476182103557781,"type":"point","name":"exType:baseline/permutationIndex:0/run:3/dialer:center/eavesCount:0/latencyMS:100/seq:2/fileSize:153600/nodeType:Seed/nodeTypeIndex:0/meta:dup_blks_rcvd","measures":{"value":0}}
{"ts":1669476185029014230,"type":"point","name":"exType:baseline/permutationIndex:0/run:4/dialer:center/eavesCount:0/latencyMS:100/seq:2/fileSize:153600/nodeType:Seed/nodeTypeIndex:0/meta:msgs_rcvd","measures":{"value":26}}
{"ts":1669476185029133920,"type":"point","name":"exType:baseline/permutationIndex:0/run:4/dialer:center/eavesCount:0/latencyMS:100/seq:2/fileSize:153600/nodeType:Seed/nodeTypeIndex:0/meta:data_sent","measures":{"value":153614}}
{"ts":1669476185029166178,"type":"point","name":"exType:baseline/permutationIndex:0/run:4/dialer:center/eavesCount:0/latencyMS:100/seq:2/fileSize:153600/nodeType:Seed/nodeTypeIndex:0/meta:data_rcvd","measures":{"value":0}}
{"ts":1669476185029189832,"type":"point","name":"exType:baseline/permutationIndex:0/run:4/dialer:center/eavesCount:0/latencyMS:100/seq:2/fileSize:153600/nodeType:Seed/nodeTypeIndex:0/meta:dup_data_rcvd","measures":{"value":0}}
{"ts":1669476185029211760,"type":"point","name":"exType:baseline/permutationIndex:0/run:4/dialer:center/eavesCount:0/latencyMS:100/seq:2/fileSize:153600/nodeType:Seed/nodeTypeIndex:0/meta:blks_sent","measures":{"value":1}}
{"ts":1669476185029439398,"type":"point","name":"exType:baseline/permutationIndex:0/run:4/dialer:center/eavesCount:0/latencyMS:100/seq:2/fileSize:153600/nodeType:Seed/nodeTypeIndex:0/meta:blks_rcvd","measures":{"value":0}}
{"ts":1669476185029477566,"type":"point","name":"exType:baseline/permutationIndex:0/run:4/dialer:center/eavesCount:0/latencyMS:100/seq:2/fileSize:153600/nodeType:Seed/nodeTypeIndex:0/meta:dup_blks_rcvd","measures":{"value":0}}
{"ts":1669476187641616903,"type":"point","name":"exType:baseline/permutationIndex:0/run:5/dialer:center/eavesCount:0/latencyMS:100/seq:2/fileSize:153600/nodeType:Seed/nodeTypeIndex:0/meta:msgs_rcvd","measures":{"value":15}}
{"ts":1669476187641634750,"type":"point","name":"exType:baseline/permutationIndex:0/run:5/dialer:center/eavesCount:0/latencyMS:100/seq:2/fileSize:153600/nodeType:Seed/nodeTypeIndex:0/meta:data_sent","measures":{"value":153614}}
{"ts":1669476187641640925,"type":"point","name":"exType:baseline/permutationIndex:0/run:5/dialer:center/eavesCount:0/latencyMS:100/seq:2/fileSize:153600/nodeType:Seed/nodeTypeIndex:0/meta:data_rcvd","measures":{"value":0}}
{"ts":1669476187641644672,"type":"point","name":"exType:baseline/permutationIndex:0/run:5/dialer:center/eavesCount:0/latencyMS:100/seq:2/fileSize:153600/nodeType:Seed/nodeTypeIndex:0/meta:dup_data_rcvd","measures":{"value":0}}
{"ts":1669476187641648003,"type":"point","name":"exType:baseline/permutationIndex:0/run:5/dialer:center/eavesCount:0/latencyMS:100/seq:2/fileSize:153600/nodeType:Seed/nodeTypeIndex:0/meta:blks_sent","measures":{"value":1}}
{"ts":1669476187641651673,"type":"point","name":"exType:baseline/permutationIndex:0/run:5/dialer:center/eavesCount:0/latencyMS:100/seq:2/fileSize:153600/nodeType:Seed/nodeTypeIndex:0/meta:blks_rcvd","measures":{"value":0}}
{"ts":1669476187641655532,"type":"point","name":"exType:baseline/permutationIndex:0/run:5/dialer:center/eavesCount:0/latencyMS:100/seq:2/fileSize:153600/nodeType:Seed/nodeTypeIndex:0/meta:dup_blks_rcvd","measures":{"value":0}}
{"ts":1669476190233502809,"type":"point","name":"exType:baseline/permutationIndex:0/run:6/dialer:center/eavesCount:0/latencyMS:100/seq:2/fileSize:153600/nodeType:Seed/nodeTypeIndex:0/meta:msgs_rcvd","measures":{"value":11}}
{"ts":1669476190233588709,"type":"point","name":"exType:baseline/permutationIndex:0/run:6/dialer:center/eavesCount:0/latencyMS:100/seq:2/fileSize:153600/nodeType:Seed/nodeTypeIndex:0/meta:data_sent","measures":{"value":153614}}
{"ts":1669476190233644750,"type":"point","name":"exType:baseline/permutationIndex:0/run:6/dialer:center/eavesCount:0/latencyMS:100/seq:2/fileSize:153600/nodeType:Seed/nodeTypeIndex:0/meta:data_rcvd","measures":{"value":0}}
{"ts":1669476190233666581,"type":"point","name":"exType:baseline/permutationIndex:0/run:6/dialer:center/eavesCount:0/latencyMS:100/seq:2/fileSize:153600/nodeType:Seed/nodeTypeIndex:0/meta:dup_data_rcvd","measures":{"value":0}}
{"ts":1669476190233686252,"type":"point","name":"exType:baseline/permutationIndex:0/run:6/dialer:center/eavesCount:0/latencyMS:100/seq:2/fileSize:153600/nodeType:Seed/nodeTypeIndex:0/meta:blks_sent","measures":{"value":1}}
{"ts":1669476190233706920,"type":"point","name":"exType:baseline/permutationIndex:0/run:6/dialer:center/eavesCount:0/latencyMS:100/seq:2/fileSize:153600/nodeType:Seed/nodeTypeIndex:0/meta:blks_rcvd","measures":{"value":0}}
{"ts":1669476190233726619,"type":"point","name":"exType:baseline/permutationIndex:0/run:6/dialer:center/eavesCount:0/latencyMS:100/seq:2/fileSize:153600/nodeType:Seed/nodeTypeIndex:0/meta:dup_blks_rcvd","measures":{"value":0}}
{"ts":1669476193150480363,"type":"point","name":"exType:baseline/permutationIndex:0/run:7/dialer:center/eavesCount:0/latencyMS:100/seq:2/fileSize:153600/nodeType:Seed/nodeTypeIndex:0/meta:msgs_rcvd","measures":{"value":80}}
{"ts":1669476193150503596,"type":"point","name":"exType:baseline/permutationIndex:0/run:7/dialer:center/eavesCount:0/latencyMS:100/seq:2/fileSize:153600/nodeType:Seed/nodeTypeIndex:0/meta:data_sent","measures":{"value":153614}}
{"ts":1669476193150507347,"type":"point","name":"exType:baseline/permutationIndex:0/run:7/dialer:center/eavesCount:0/latencyMS:100/seq:2/fileSize:153600/nodeType:Seed/nodeTypeIndex:0/meta:data_rcvd","measures":{"value":0}}
{"ts":1669476193150511316,"type":"point","name":"exType:baseline/permutationIndex:0/run:7/dialer:center/eavesCount:0/latencyMS:100/seq:2/fileSize:153600/nodeType:Seed/nodeTypeIndex:0/meta:dup_data_rcvd","measures":{"value":0}}
{"ts":1669476193150513699,"type":"point","name":"exType:baseline/permutationIndex:0/run:7/dialer:center/eavesCount:0/latencyMS:100/seq:2/fileSize:153600/nodeType:Seed/nodeTypeIndex:0/meta:blks_sent","measures":{"value":1}}
{"ts":1669476193150516304,"type":"point","name":"exType:baseline/permutationIndex:0/run:7/dialer:center/eavesCount:0/latencyMS:100/seq:2/fileSize:153600/nodeType:Seed/nodeTypeIndex:0/meta:blks_rcvd","measures":{"value":0}}
{"ts":1669476193150518690,"type":"point","name":"exType:baseline/permutationIndex:0/run:7/dialer:center/eavesCount:0/latencyMS:100/seq:2/fileSize:153600/nodeType:Seed/nodeTypeIndex:0/meta:dup_blks_rcvd","measures":{"value":0}}
{"ts":1669476196485875536,"type":"point","name":"exType:baseline/permutationIndex:0/run:8/dialer:center/eavesCount:0/latencyMS:100/seq:2/fileSize:153600/nodeType:Seed/nodeTypeIndex:0/meta:msgs_rcvd","measures":{"value":16}}
{"ts":1669476196485916557,"type":"point","name":"exType:baseline/permutationIndex:0/run:8/dialer:center/eavesCount:0/latencyMS:100/seq:2/fileSize:153600/nodeType:Seed/nodeTypeIndex:0/meta:data_sent","measures":{"value":153614}}
{"ts":1669476196485930052,"type":"point","name":"exType:baseline/permutationIndex:0/run:8/dialer:center/eavesCount:0/latencyMS:100/seq:2/fileSize:153600/nodeType:Seed/nodeTypeIndex:0/meta:data_rcvd","measures":{"value":0}}
{"ts":1669476196485940197,"type":"point","name":"exType:baseline/permutationIndex:0/run:8/dialer:center/eavesCount:0/latencyMS:100/seq:2/fileSize:153600/nodeType:Seed/nodeTypeIndex:0/meta:dup_data_rcvd","measures":{"value":0}}
{"ts":1669476196485952536,"type":"point","name":"exType:baseline/permutationIndex:0/run:8/dialer:center/eavesCount:0/latencyMS:100/seq:2/fileSize:153600/nodeType:Seed/nodeTypeIndex:0/meta:blks_sent","measures":{"value":1}}
{"ts":1669476196485962004,"type":"point","name":"exType:baseline/permutationIndex:0/run:8/dialer:center/eavesCount:0/latencyMS:100/seq:2/fileSize:153600/nodeType:Seed/nodeTypeIndex:0/meta:blks_rcvd","measures":{"value":0}}
{"ts":1669476196485985324,"type":"point","name":"exType:baseline/permutationIndex:0/run:8/dialer:center/eavesCount:0/latencyMS:100/seq:2/fileSize:153600/nodeType:Seed/nodeTypeIndex:0/meta:dup_blks_rcvd","measures":{"value":0}}
{"ts":1669476199599402003,"type":"point","name":"exType:baseline/permutationIndex:0/run:9/dialer:center/eavesCount:0/latencyMS:100/seq:2/fileSize:153600/nodeType:Seed/nodeTypeIndex:0/meta:msgs_rcvd","measures":{"value":23}}
{"ts":1669476199599421686,"type":"point","name":"exType:baseline/permutationIndex:0/run:9/dialer:center/eavesCount:0/latencyMS:100/seq:2/fileSize:153600/nodeType:Seed/nodeTypeIndex:0/meta:data_sent","measures":{"value":153614}}
{"ts":1669476199599425006,"type":"point","name":"exType:baseline/permutationIndex:0/run:9/dialer:center/eavesCount:0/latencyMS:100/seq:2/fileSize:153600/nodeType:Seed/nodeTypeIndex:0/meta:data_rcvd","measures":{"value":0}}
{"ts":1669476199599426686,"type":"point","name":"exType:baseline/permutationIndex:0/run:9/dialer:center/eavesCount:0/latencyMS:100/seq:2/fileSize:153600/nodeType:Seed/nodeTypeIndex:0/meta:dup_data_rcvd","measures":{"value":0}}
{"ts":1669476199599428686,"type":"point","name":"exType:baseline/permutationIndex:0/run:9/dialer:center/eavesCount:0/latencyMS:100/seq:2/fileSize:153600/nodeType:Seed/nodeTypeIndex:0/meta:blks_sent","measures":{"value":1}}
{"ts":1669476199599431275,"type":"point","name":"exType:baseline/permutationIndex:0/run:9/dialer:center/eavesCount:0/latencyMS:100/seq:2/fileSize:153600/nodeType:Seed/nodeTypeIndex:0/meta:blks_rcvd","measures":{"value":0}}
{"ts":1669476199599433363,"type":"point","name":"exType:baseline/permutationIndex:0/run:9/dialer:center/eavesCount:0/latencyMS:100/seq:2/fileSize:153600/nodeType:Seed/nodeTypeIndex:0/meta:dup_blks_rcvd","measures":{"value":0}}
{"ts":1669476202936128948,"type":"point","name":"exType:baseline/permutationIndex:0/run:10/dialer:center/eavesCount:0/latencyMS:100/seq:2/fileSize:153600/nodeType:Seed/nodeTypeIndex:0/meta:msgs_rcvd","measures":{"value":10}}
{"ts":1669476202936147463,"type":"point","name":"exType:baseline/permutationIndex:0/run:10/dialer:center/eavesCount:0/latencyMS:100/seq:2/fileSize:153600/nodeType:Seed/nodeTypeIndex:0/meta:data_sent","measures":{"value":153614}}
{"ts":1669476202936151320,"type":"point","name":"exType:baseline/permutationIndex:0/run:10/dialer:center/eavesCount:0/latencyMS:100/seq:2/fileSize:153600/nodeType:Seed/nodeTypeIndex:0/meta:data_rcvd","measures":{"value":0}}
{"ts":1669476202936153746,"type":"point","name":"exType:baseline/permutationIndex:0/run:10/dialer:center/eavesCount:0/latencyMS:100/seq:2/fileSize:153600/nodeType:Seed/nodeTypeIndex:0/meta:dup_data_rcvd","measures":{"value":0}}
{"ts":1669476202936155983,"type":"point","name":"exType:baseline/permutationIndex:0/run:10/dialer:center/eavesCount:0/latencyMS:100/seq:2/fileSize:153600/nodeType:Seed/nodeTypeIndex:0/meta:blks_sent","measures":{"value":1}}
{"ts":1669476202936158361,"type":"point","name":"exType:baseline/permutationIndex:0/run:10/dialer:center/eavesCount:0/latencyMS:100/seq:2/fileSize:153600/nodeType:Seed/nodeTypeIndex:0/meta:blks_rcvd","measures":{"value":0}}
{"ts":1669476202936160816,"type":"point","name":"exType:baseline/permutationIndex:0/run:10/dialer:center/eavesCount:0/latencyMS:100/seq:2/fileSize:153600/nodeType:Seed/nodeTypeIndex:0/meta:dup_blks_rcvd","measures":{"value":0}}
{"ts":1669476205859762730,"type":"point","name":"exType:baseline/permutationIndex:0/run:11/dialer:center/eavesCount:0/latencyMS:100/seq:2/fileSize:153600/nodeType:Seed/nodeTypeIndex:0/meta:msgs_rcvd","measures":{"value":14}}
{"ts":1669476205859792445,"type":"point","name":"exType:baseline/permutationIndex:0/run:11/dialer:center/eavesCount:0/latencyMS:100/seq:2/fileSize:153600/nodeType:Seed/nodeTypeIndex:0/meta:data_sent","measures":{"value":153614}}
{"ts":1669476205859796943,"type":"point","name":"exType:baseline/permutationIndex:0/run:11/dialer:center/eavesCount:0/latencyMS:100/seq:2/fileSize:153600/nodeType:Seed/nodeTypeIndex:0/meta:data_rcvd","measures":{"value":0}}
{"ts":1669476205859807983,"type":"point","name":"exType:baseline/permutationIndex:0/run:11/dialer:center/eavesCount:0/latencyMS:100/seq:2/fileSize:153600/nodeType:Seed/nodeTypeIndex:0/meta:dup_data_rcvd","measures":{"value":0}}
{"ts":1669476205859811120,"type":"point","name":"exType:baseline/permutationIndex:0/run:11/dialer:center/eavesCount:0/latencyMS:100/seq:2/fileSize:153600/nodeType:Seed/nodeTypeIndex:0/meta:blks_sent","measures":{"value":1}}
{"ts":1669476205859814024,"type":"point","name":"exType:baseline/permutationIndex:0/run:11/dialer:center/eavesCount:0/latencyMS:100/seq:2/fileSize:153600/nodeType:Seed/nodeTypeIndex:0/meta:blks_rcvd","measures":{"value":0}}
{"ts":1669476205859816938,"type":"point","name":"exType:baseline/permutationIndex:0/run:11/dialer:center/eavesCount:0/latencyMS:100/seq:2/fileSize:153600/nodeType:Seed/nodeTypeIndex:0/meta:dup_blks_rcvd","measures":{"value":0}}
{"ts":1669476208448881420,"type":"point","name":"exType:baseline/permutationIndex:0/run:12/dialer:center/eavesCount:0/latencyMS:100/seq:2/fileSize:153600/nodeType:Seed/nodeTypeIndex:0/meta:msgs_rcvd","measures":{"value":21}}
{"ts":1669476208448955866,"type":"point","name":"exType:baseline/permutationIndex:0/run:12/dialer:center/eavesCount:0/latencyMS:100/seq:2/fileSize:153600/nodeType:Seed/nodeTypeIndex:0/meta:data_sent","measures":{"value":153614}}
{"ts":1669476208448980415,"type":"point","name":"exType:baseline/permutationIndex:0/run:12/dialer:center/eavesCount:0/latencyMS:100/seq:2/fileSize:153600/nodeType:Seed/nodeTypeIndex:0/meta:data_rcvd","measures":{"value":0}}
{"ts":1669476208449003829,"type":"point","name":"exType:baseline/permutationIndex:0/run:12/dialer:center/eavesCount:0/latencyMS:100/seq:2/fileSize:153600/nodeType:Seed/nodeTypeIndex:0/meta:dup_data_rcvd","measures":{"value":0}}
{"ts":1669476208449025355,"type":"point","name":"exType:baseline/permutationIndex:0/run:12/dialer:center/eavesCount:0/latencyMS:100/seq:2/fileSize:153600/nodeType:Seed/nodeTypeIndex:0/meta:blks_sent","measures":{"value":1}}
{"ts":1669476208449048096,"type":"point","name":"exType:baseline/permutationIndex:0/run:12/dialer:center/eavesCount:0/latencyMS:100/seq:2/fileSize:153600/nodeType:Seed/nodeTypeIndex:0/meta:blks_rcvd","measures":{"value":0}}
{"ts":1669476208449069542,"type":"point","name":"exType:baseline/permutationIndex:0/run:12/dialer:center/eavesCount:0/latencyMS:100/seq:2/fileSize:153600/nodeType:Seed/nodeTypeIndex:0/meta:dup_blks_rcvd","measures":{"value":0}}
{"ts":1669476211197687449,"type":"point","name":"exType:baseline/permutationIndex:0/run:13/dialer:center/eavesCount:0/latencyMS:100/seq:2/fileSize:153600/nodeType:Seed/nodeTypeIndex:0/meta:msgs_rcvd","measures":{"value":17}}
{"ts":1669476211197803126,"type":"point","name":"exType:baseline/permutationIndex:0/run:13/dialer:center/eavesCount:0/latencyMS:100/seq:2/fileSize:153600/nodeType:Seed/nodeTypeIndex:0/meta:data_sent","measures":{"value":153614}}
{"ts":1669476211197837391,"type":"point","name":"exType:baseline/permutationIndex:0/run:13/dialer:center/eavesCount:0/latencyMS:100/seq:2/fileSize:153600/nodeType:Seed/nodeTypeIndex:0/meta:data_rcvd","measures":{"value":0}}
{"ts":1669476211197860310,"type":"point","name":"exType:baseline/permutationIndex:0/run:13/dialer:center/eavesCount:0/latencyMS:100/seq:2/fileSize:153600/nodeType:Seed/nodeTypeIndex:0/meta:dup_data_rcvd","measures":{"value":0}}
{"ts":1669476211197880558,"type":"point","name":"exType:baseline/permutationIndex:0/run:13/dialer:center/eavesCount:0/latencyMS:100/seq:2/fileSize:153600/nodeType:Seed/nodeTypeIndex:0/meta:blks_sent","measures":{"value":1}}
{"ts":1669476211197900604,"type":"point","name":"exType:baseline/permutationIndex:0/run:13/dialer:center/eavesCount:0/latencyMS:100/seq:2/fileSize:153600/nodeType:Seed/nodeTypeIndex:0/meta:blks_rcvd","measures":{"value":0}}
{"ts":1669476211197919293,"type":"point","name":"exType:baseline/permutationIndex:0/run:13/dialer:center/eavesCount:0/latencyMS:100/seq:2/fileSize:153600/nodeType:Seed/nodeTypeIndex:0/meta:dup_blks_rcvd","measures":{"value":0}}
{"ts":1669476214046145577,"type":"point","name":"exType:baseline/permutationIndex:0/run:14/dialer:center/eavesCount:0/latencyMS:100/seq:2/fileSize:153600/nodeType:Seed/nodeTypeIndex:0/meta:msgs_rcvd","measures":{"value":61}}
{"ts":1669476214046234493,"type":"point","name":"exType:baseline/permutationIndex:0/run:14/dialer:center/eavesCount:0/latencyMS:100/seq:2/fileSize:153600/nodeType:Seed/nodeTypeIndex:0/meta:data_sent","measures":{"value":153614}}
{"ts":1669476214046263296,"type":"point","name":"exType:baseline/permutationIndex:0/run:14/dialer:center/eavesCount:0/latencyMS:100/seq:2/fileSize:153600/nodeType:Seed/nodeTypeIndex:0/meta:data_rcvd","measures":{"value":0}}
{"ts":1669476214046284668,"type":"point","name":"exType:baseline/permutationIndex:0/run:14/dialer:center/eavesCount:0/latencyMS:100/seq:2/fileSize:153600/nodeType:Seed/nodeTypeIndex:0/meta:dup_data_rcvd","measures":{"value":0}}
{"ts":1669476214046305026,"type":"point","name":"exType:baseline/permutationIndex:0/run:14/dialer:center/eavesCount:0/latencyMS:100/seq:2/fileSize:153600/nodeType:Seed/nodeTypeIndex:0/meta:blks_sent","measures":{"value":1}}
{"ts":1669476214046325745,"type":"point","name":"exType:baseline/permutationIndex:0/run:14/dialer:center/eavesCount:0/latencyMS:100/seq:2/fileSize:153600/nodeType:Seed/nodeTypeIndex:0/meta:blks_rcvd","measures":{"value":0}}
{"ts":1669476214046344688,"type":"point","name":"exType:baseline/permutationIndex:0/run:14/dialer:center/eavesCount:0/latencyMS:100/seq:2/fileSize:153600/nodeType:Seed/nodeTypeIndex:0/meta:dup_blks_rcvd","measures":{"value":0}}
{"ts":1669476217364393086,"type":"point","name":"exType:baseline/permutationIndex:0/run:15/dialer:center/eavesCount:0/latencyMS:100/seq:2/fileSize:153600/nodeType:Seed/nodeTypeIndex:0/meta:msgs_rcvd","measures":{"value":120}}
{"ts":1669476217364405519,"type":"point","name":"exType:baseline/permutationIndex:0/run:15/dialer:center/eavesCount:0/latencyMS:100/seq:2/fileSize:153600/nodeType:Seed/nodeTypeIndex:0/meta:data_sent","measures":{"value":153614}}
{"ts":1669476217364409056,"type":"point","name":"exType:baseline/permutationIndex:0/run:15/dialer:center/eavesCount:0/latencyMS:100/seq:2/fileSize:153600/nodeType:Seed/nodeTypeIndex:0/meta:data_rcvd","measures":{"value":0}}
{"ts":1669476217364411365,"type":"point","name":"exType:baseline/permutationIndex:0/run:15/dialer:center/eavesCount:0/latencyMS:100/seq:2/fileSize:153600/nodeType:Seed/nodeTypeIndex:0/meta:dup_data_rcvd","measures":{"value":0}}
{"ts":1669476217364413510,"type":"point","name":"exType:baseline/permutationIndex:0/run:15/dialer:center/eavesCount:0/latencyMS:100/seq:2/fileSize:153600/nodeType:Seed/nodeTypeIndex:0/meta:blks_sent","measures":{"value":1}}
{"ts":1669476217364415750,"type":"point","name":"exType:baseline/permutationIndex:0/run:15/dialer:center/eavesCount:0/latencyMS:100/seq:2/fileSize:153600/nodeType:Seed/nodeTypeIndex:0/meta:blks_rcvd","measures":{"value":0}}
{"ts":1669476217364418138,"type":"point","name":"exType:baseline/permutationIndex:0/run:15/dialer:center/eavesCount:0/latencyMS:100/seq:2/fileSize:153600/nodeType:Seed/nodeTypeIndex:0/meta:dup_blks_rcvd","measures":{"value":0}}
{"ts":1669476220880209066,"type":"point","name":"exType:baseline/permutationIndex:0/run:16/dialer:center/eavesCount:0/latencyMS:100/seq:2/fileSize:153600/nodeType:Seed/nodeTypeIndex:0/meta:msgs_rcvd","measures":{"value":176}}
{"ts":1669476220880314320,"type":"point","name":"exType:baseline/permutationIndex:0/run:16/dialer:center/eavesCount:0/latencyMS:100/seq:2/fileSize:153600/nodeType:Seed/nodeTypeIndex:0/meta:data_sent","measures":{"value":153614}}
{"ts":1669476220880343762,"type":"point","name":"exType:baseline/permutationIndex:0/run:16/dialer:center/eavesCount:0/latencyMS:100/seq:2/fileSize:153600/nodeType:Seed/nodeTypeIndex:0/meta:data_rcvd","measures":{"value":0}}
{"ts":1669476220880364259,"type":"point","name":"exType:baseline/permutationIndex:0/run:16/dialer:center/eavesCount:0/latencyMS:100/seq:2/fileSize:153600/nodeType:Seed/nodeTypeIndex:0/meta:dup_data_rcvd","measures":{"value":0}}
{"ts":1669476220880430853,"type":"point","name":"exType:baseline/permutationIndex:0/run:16/dialer:center/eavesCount:0/latencyMS:100/seq:2/fileSize:153600/nodeType:Seed/nodeTypeIndex:0/meta:blks_sent","measures":{"value":1}}
{"ts":1669476220880454209,"type":"point","name":"exType:baseline/permutationIndex:0/run:16/dialer:center/eavesCount:0/latencyMS:100/seq:2/fileSize:153600/nodeType:Seed/nodeTypeIndex:0/meta:blks_rcvd","measures":{"value":0}}
{"ts":1669476220880472730,"type":"point","name":"exType:baseline/permutationIndex:0/run:16/dialer:center/eavesCount:0/latencyMS:100/seq:2/fileSize:153600/nodeType:Seed/nodeTypeIndex:0/meta:dup_blks_rcvd","measures":{"value":0}}
{"ts":1669476224236719025,"type":"point","name":"exType:baseline/permutationIndex:0/run:17/dialer:center/eavesCount:0/latencyMS:100/seq:2/fileSize:153600/nodeType:Seed/nodeTypeIndex:0/meta:msgs_rcvd","measures":{"value":10}}
{"ts":1669476224236830017,"type":"point","name":"exType:baseline/permutationIndex:0/run:17/dialer:center/eavesCount:0/latencyMS:100/seq:2/fileSize:153600/nodeType:Seed/nodeTypeIndex:0/meta:data_sent","measures":{"value":153614}}
{"ts":1669476224236859240,"type":"point","name":"exType:baseline/permutationIndex:0/run:17/dialer:center/eavesCount:0/latencyMS:100/seq:2/fileSize:153600/nodeType:Seed/nodeTypeIndex:0/meta:data_rcvd","measures":{"value":0}}
{"ts":1669476224236885577,"type":"point","name":"exType:baseline/permutationIndex:0/run:17/dialer:center/eavesCount:0/latencyMS:100/seq:2/fileSize:153600/nodeType:Seed/nodeTypeIndex:0/meta:dup_data_rcvd","measures":{"value":0}}
{"ts":1669476224236904964,"type":"point","name":"exType:baseline/permutationIndex:0/run:17/dialer:center/eavesCount:0/latencyMS:100/seq:2/fileSize:153600/nodeType:Seed/nodeTypeIndex:0/meta:blks_sent","measures":{"value":1}}
{"ts":1669476224236925620,"type":"point","name":"exType:baseline/permutationIndex:0/run:17/dialer:center/eavesCount:0/latencyMS:100/seq:2/fileSize:153600/nodeType:Seed/nodeTypeIndex:0/meta:blks_rcvd","measures":{"value":0}}
{"ts":1669476224236944159,"type":"point","name":"exType:baseline/permutationIndex:0/run:17/dialer:center/eavesCount:0/latencyMS:100/seq:2/fileSize:153600/nodeType:Seed/nodeTypeIndex:0/meta:dup_blks_rcvd","measures":{"value":0}}
{"ts":1669476227156173861,"type":"point","name":"exType:baseline/permutationIndex:0/run:18/dialer:center/eavesCount:0/latencyMS:100/seq:2/fileSize:153600/nodeType:Seed/nodeTypeIndex:0/meta:msgs_rcvd","measures":{"value":15}}
{"ts":1669476227156374208,"type":"point","name":"exType:baseline/permutationIndex:0/run:18/dialer:center/eavesCount:0/latencyMS:100/seq:2/fileSize:153600/nodeType:Seed/nodeTypeIndex:0/meta:data_sent","measures":{"value":153614}}
{"ts":1669476227156453480,"type":"point","name":"exType:baseline/permutationIndex:0/run:18/dialer:center/eavesCount:0/latencyMS:100/seq:2/fileSize:153600/nodeType:Seed/nodeTypeIndex:0/meta:data_rcvd","measures":{"value":0}}
{"ts":1669476227156478402,"type":"point","name":"exType:baseline/permutationIndex:0/run:18/dialer:center/eavesCount:0/latencyMS:100/seq:2/fileSize:153600/nodeType:Seed/nodeTypeIndex:0/meta:dup_data_rcvd","measures":{"value":0}}
{"ts":1669476227156628093,"type":"point","name":"exType:baseline/permutationIndex:0/run:18/dialer:center/eavesCount:0/latencyMS:100/seq:2/fileSize:153600/nodeType:Seed/nodeTypeIndex:0/meta:blks_sent","measures":{"value":1}}
{"ts":1669476227156709121,"type":"point","name":"exType:baseline/permutationIndex:0/run:18/dialer:center/eavesCount:0/latencyMS:100/seq:2/fileSize:153600/nodeType:Seed/nodeTypeIndex:0/meta:blks_rcvd","measures":{"value":0}}
{"ts":1669476227156731137,"type":"point","name":"exType:baseline/permutationIndex:0/run:18/dialer:center/eavesCount:0/latencyMS:100/seq:2/fileSize:153600/nodeType:Seed/nodeTypeIndex:0/meta:dup_blks_rcvd","measures":{"value":0}}
{"ts":1669476232065943137,"type":"point","name":"exType:baseline/permutationIndex:0/run:19/dialer:center/eavesCount:0/latencyMS:100/seq:2/fileSize:153600/nodeType:Seed/nodeTypeIndex:0/meta:msgs_rcvd","measures":{"value":8}}
{"ts":1669476232065958828,"type":"point","name":"exType:baseline/permutationIndex:0/run:19/dialer:center/eavesCount:0/latencyMS:100/seq:2/fileSize:153600/nodeType:Seed/nodeTypeIndex:0/meta:data_sent","measures":{"value":153614}}
{"ts":1669476232065966741,"type":"point","name":"exType:baseline/permutationIndex:0/run:19/dialer:center/eavesCount:0/latencyMS:100/seq:2/fileSize:153600/nodeType:Seed/nodeTypeIndex:0/meta:data_rcvd","measures":{"value":0}}
{"ts":1669476232065969292,"type":"point","name":"exType:baseline/permutationIndex:0/run:19/dialer:center/eavesCount:0/latencyMS:100/seq:2/fileSize:153600/nodeType:Seed/nodeTypeIndex:0/meta:dup_data_rcvd","measures":{"value":0}}
{"ts":1669476232065971455,"type":"point","name":"exType:baseline/permutationIndex:0/run:19/dialer:center/eavesCount:0/latencyMS:100/seq:2/fileSize:153600/nodeType:Seed/nodeTypeIndex:0/meta:blks_sent","measures":{"value":1}}
{"ts":1669476232065973835,"type":"point","name":"exType:baseline/permutationIndex:0/run:19/dialer:center/eavesCount:0/latencyMS:100/seq:2/fileSize:153600/nodeType:Seed/nodeTypeIndex:0/meta:blks_rcvd","measures":{"value":0}}
{"ts":1669476232065976116,"type":"point","name":"exType:baseline/permutationIndex:0/run:19/dialer:center/eavesCount:0/latencyMS:100/seq:2/fileSize:153600/nodeType:Seed/nodeTypeIndex:0/meta:dup_blks_rcvd","measures":{"value":0}}
{"ts":1669476235879529626,"type":"point","name":"exType:baseline/permutationIndex:0/run:20/dialer:center/eavesCount:0/latencyMS:100/seq:2/fileSize:153600/nodeType:Seed/nodeTypeIndex:0/meta:msgs_rcvd","measures":{"value":9}}
{"ts":1669476235879644817,"type":"point","name":"exType:baseline/permutationIndex:0/run:20/dialer:center/eavesCount:0/latencyMS:100/seq:2/fileSize:153600/nodeType:Seed/nodeTypeIndex:0/meta:data_sent","measures":{"value":153614}}
{"ts":1669476235879680108,"type":"point","name":"exType:baseline/permutationIndex:0/run:20/dialer:center/eavesCount:0/latencyMS:100/seq:2/fileSize:153600/nodeType:Seed/nodeTypeIndex:0/meta:data_rcvd","measures":{"value":0}}
{"ts":1669476235879702925,"type":"point","name":"exType:baseline/permutationIndex:0/run:20/dialer:center/eavesCount:0/latencyMS:100/seq:2/fileSize:153600/nodeType:Seed/nodeTypeIndex:0/meta:dup_data_rcvd","measures":{"value":0}}
{"ts":1669476235879723954,"type":"point","name":"exType:baseline/permutationIndex:0/run:20/dialer:center/eavesCount:0/latencyMS:100/seq:2/fileSize:153600/nodeType:Seed/nodeTypeIndex:0/meta:blks_sent","measures":{"value":1}}
{"ts":1669476235879743225,"type":"point","name":"exType:baseline/permutationIndex:0/run:20/dialer:center/eavesCount:0/latencyMS:100/seq:2/fileSize:153600/nodeType:Seed/nodeTypeIndex:0/meta:blks_rcvd","measures":{"value":0}}
{"ts":1669476235879761344,"type":"point","name":"exType:baseline/permutationIndex:0/run:20/dialer:center/eavesCount:0/latencyMS:100/seq:2/fileSize:153600/nodeType:Seed/nodeTypeIndex:0/meta:dup_blks_rcvd","measures":{"value":0}}
{"ts":1669476238764902905,"type":"point","name":"exType:baseline/permutationIndex:0/run:21/dialer:center/eavesCount:0/latencyMS:100/seq:2/fileSize:153600/nodeType:Seed/nodeTypeIndex:0/meta:msgs_rcvd","measures":{"value":9}}
{"ts":1669476238764994738,"type":"point","name":"exType:baseline/permutationIndex:0/run:21/dialer:center/eavesCount:0/latencyMS:100/seq:2/fileSize:153600/nodeType:Seed/nodeTypeIndex:0/meta:data_sent","measures":{"value":153614}}
{"ts":1669476238765022385,"type":"point","name":"exType:baseline/permutationIndex:0/run:21/dialer:center/eavesCount:0/latencyMS:100/seq:2/fileSize:153600/nodeType:Seed/nodeTypeIndex:0/meta:data_rcvd","measures":{"value":0}}
{"ts":1669476238765041896,"type":"point","name":"exType:baseline/permutationIndex:0/run:21/dialer:center/eavesCount:0/latencyMS:100/seq:2/fileSize:153600/nodeType:Seed/nodeTypeIndex:0/meta:dup_data_rcvd","measures":{"value":0}}
{"ts":1669476238765059751,"type":"point","name":"exType:baseline/permutationIndex:0/run:21/dialer:center/eavesCount:0/latencyMS:100/seq:2/fileSize:153600/nodeType:Seed/nodeTypeIndex:0/meta:blks_sent","measures":{"value":1}}
{"ts":1669476238765076788,"type":"point","name":"exType:baseline/permutationIndex:0/run:21/dialer:center/eavesCount:0/latencyMS:100/seq:2/fileSize:153600/nodeType:Seed/nodeTypeIndex:0/meta:blks_rcvd","measures":{"value":0}}
{"ts":1669476238765120813,"type":"point","name":"exType:baseline/permutationIndex:0/run:21/dialer:center/eavesCount:0/latencyMS:100/seq:2/fileSize:153600/nodeType:Seed/nodeTypeIndex:0/meta:dup_blks_rcvd","measures":{"value":0}}
{"ts":1669476241670347283,"type":"point","name":"exType:baseline/permutationIndex:0/run:22/dialer:center/eavesCount:0/latencyMS:100/seq:2/fileSize:153600/nodeType:Seed/nodeTypeIndex:0/meta:msgs_rcvd","measures":{"value":12}}
{"ts":1669476241670363056,"type":"point","name":"exType:baseline/permutationIndex:0/run:22/dialer:center/eavesCount:0/latencyMS:100/seq:2/fileSize:153600/nodeType:Seed/nodeTypeIndex:0/meta:data_sent","measures":{"value":153614}}
{"ts":1669476241670366335,"type":"point","name":"exType:baseline/permutationIndex:0/run:22/dialer:center/eavesCount:0/latencyMS:100/seq:2/fileSize:153600/nodeType:Seed/nodeTypeIndex:0/meta:data_rcvd","measures":{"value":0}}
{"ts":1669476241670369016,"type":"point","name":"exType:baseline/permutationIndex:0/run:22/dialer:center/eavesCount:0/latencyMS:100/seq:2/fileSize:153600/nodeType:Seed/nodeTypeIndex:0/meta:dup_data_rcvd","measures":{"value":0}}
{"ts":1669476241670371662,"type":"point","name":"exType:baseline/permutationIndex:0/run:22/dialer:center/eavesCount:0/latencyMS:100/seq:2/fileSize:153600/nodeType:Seed/nodeTypeIndex:0/meta:blks_sent","measures":{"value":1}}
{"ts":1669476241670374085,"type":"point","name":"exType:baseline/permutationIndex:0/run:22/dialer:center/eavesCount:0/latencyMS:100/seq:2/fileSize:153600/nodeType:Seed/nodeTypeIndex:0/meta:blks_rcvd","measures":{"value":0}}
{"ts":1669476241670376615,"type":"point","name":"exType:baseline/permutationIndex:0/run:22/dialer:center/eavesCount:0/latencyMS:100/seq:2/fileSize:153600/nodeType:Seed/nodeTypeIndex:0/meta:dup_blks_rcvd","measures":{"value":0}}
{"ts":1669476244382489005,"type":"point","name":"exType:baseline/permutationIndex:0/run:23/dialer:center/eavesCount:0/latencyMS:100/seq:2/fileSize:153600/nodeType:Seed/nodeTypeIndex:0/meta:msgs_rcvd","measures":{"value":9}}
{"ts":1669476244382605393,"type":"point","name":"exType:baseline/permutationIndex:0/run:23/dialer:center/eavesCount:0/latencyMS:100/seq:2/fileSize:153600/nodeType:Seed/nodeTypeIndex:0/meta:data_sent","measures":{"value":153614}}
{"ts":1669476244382641349,"type":"point","name":"exType:baseline/permutationIndex:0/run:23/dialer:center/eavesCount:0/latencyMS:100/seq:2/fileSize:153600/nodeType:Seed/nodeTypeIndex:0/meta:data_rcvd","measures":{"value":0}}
{"ts":1669476244382788513,"type":"point","name":"exType:baseline/permutationIndex:0/run:23/dialer:center/eavesCount:0/latencyMS:100/seq:2/fileSize:153600/nodeType:Seed/nodeTypeIndex:0/meta:dup_data_rcvd","measures":{"value":0}}
{"ts":1669476244382809705,"type":"point","name":"exType:baseline/permutationIndex:0/run:23/dialer:center/eavesCount:0/latencyMS:100/seq:2/fileSize:153600/nodeType:Seed/nodeTypeIndex:0/meta:blks_sent","measures":{"value":1}}
{"ts":1669476244382829486,"type":"point","name":"exType:baseline/permutationIndex:0/run:23/dialer:center/eavesCount:0/latencyMS:100/seq:2/fileSize:153600/nodeType:Seed/nodeTypeIndex:0/meta:blks_rcvd","measures":{"value":0}}
{"ts":1669476244382849929,"type":"point","name":"exType:baseline/permutationIndex:0/run:23/dialer:center/eavesCount:0/latencyMS:100/seq:2/fileSize:153600/nodeType:Seed/nodeTypeIndex:0/meta:dup_blks_rcvd","measures":{"value":0}}
{"ts":1669476247292340810,"type":"point","name":"exType:baseline/permutationIndex:0/run:24/dialer:center/eavesCount:0/latencyMS:100/seq:2/fileSize:153600/nodeType:Seed/nodeTypeIndex:0/meta:msgs_rcvd","measures":{"value":97}}
{"ts":1669476247292361599,"type":"point","name":"exType:baseline/permutationIndex:0/run:24/dialer:center/eavesCount:0/latencyMS:100/seq:2/fileSize:153600/nodeType:Seed/nodeTypeIndex:0/meta:data_sent","measures":{"value":153614}}
{"ts":1669476247292367677,"type":"point","name":"exType:baseline/permutationIndex:0/run:24/dialer:center/eavesCount:0/latencyMS:100/seq:2/fileSize:153600/nodeType:Seed/nodeTypeIndex:0/meta:data_rcvd","measures":{"value":0}}
{"ts":1669476247292378300,"type":"point","name":"exType:baseline/permutationIndex:0/run:24/dialer:center/eavesCount:0/latencyMS:100/seq:2/fileSize:153600/nodeType:Seed/nodeTypeIndex:0/meta:dup_data_rcvd","measures":{"value":0}}
{"ts":1669476247292381459,"type":"point","name":"exType:baseline/permutationIndex:0/run:24/dialer:center/eavesCount:0/latencyMS:100/seq:2/fileSize:153600/nodeType:Seed/nodeTypeIndex:0/meta:blks_sent","measures":{"value":1}}
{"ts":1669476247292384243,"type":"point","name":"exType:baseline/permutationIndex:0/run:24/dialer:center/eavesCount:0/latencyMS:100/seq:2/fileSize:153600/nodeType:Seed/nodeTypeIndex:0/meta:blks_rcvd","measures":{"value":0}}
{"ts":1669476247292386911,"type":"point","name":"exType:baseline/permutationIndex:0/run:24/dialer:center/eavesCount:0/latencyMS:100/seq:2/fileSize:153600/nodeType:Seed/nodeTypeIndex:0/meta:dup_blks_rcvd","measures":{"value":0}}
{"ts":1669476250167194647,"type":"point","name":"exType:baseline/permutationIndex:0/run:25/dialer:center/eavesCount:0/latencyMS:100/seq:2/fileSize:153600/nodeType:Seed/nodeTypeIndex:0/meta:msgs_rcvd","measures":{"value":119}}
{"ts":1669476250167312038,"type":"point","name":"exType:baseline/permutationIndex:0/run:25/dialer:center/eavesCount:0/latencyMS:100/seq:2/fileSize:153600/nodeType:Seed/nodeTypeIndex:0/meta:data_sent","measures":{"value":153614}}
{"ts":1669476250167346611,"type":"point","name":"exType:baseline/permutationIndex:0/run:25/dialer:center/eavesCount:0/latencyMS:100/seq:2/fileSize:153600/nodeType:Seed/nodeTypeIndex:0/meta:data_rcvd","measures":{"value":0}}
{"ts":1669476250167366924,"type":"point","name":"exType:baseline/permutationIndex:0/run:25/dialer:center/eavesCount:0/latencyMS:100/seq:2/fileSize:153600/nodeType:Seed/nodeTypeIndex:0/meta:dup_data_rcvd","measures":{"value":0}}
{"ts":1669476250167386827,"type":"point","name":"exType:baseline/permutationIndex:0/run:25/dialer:center/eavesCount:0/latencyMS:100/seq:2/fileSize:153600/nodeType:Seed/nodeTypeIndex:0/meta:blks_sent","measures":{"value":1}}
{"ts":1669476250167407092,"type":"point","name":"exType:baseline/permutationIndex:0/run:25/dialer:center/eavesCount:0/latencyMS:100/seq:2/fileSize:153600/nodeType:Seed/nodeTypeIndex:0/meta:blks_rcvd","measures":{"value":0}}
{"ts":1669476250167426311,"type":"point","name":"exType:baseline/permutationIndex:0/run:25/dialer:center/eavesCount:0/latencyMS:100/seq:2/fileSize:153600/nodeType:Seed/nodeTypeIndex:0/meta:dup_blks_rcvd","measures":{"value":0}}
{"ts":1669476252888280567,"type":"point","name":"exType:baseline/permutationIndex:0/run:26/dialer:center/eavesCount:0/latencyMS:100/seq:2/fileSize:153600/nodeType:Seed/nodeTypeIndex:0/meta:msgs_rcvd","measures":{"value":50}}
{"ts":1669476252888311586,"type":"point","name":"exType:baseline/permutationIndex:0/run:26/dialer:center/eavesCount:0/latencyMS:100/seq:2/fileSize:153600/nodeType:Seed/nodeTypeIndex:0/meta:data_sent","measures":{"value":153614}}
{"ts":1669476252888316540,"type":"point","name":"exType:baseline/permutationIndex:0/run:26/dialer:center/eavesCount:0/latencyMS:100/seq:2/fileSize:153600/nodeType:Seed/nodeTypeIndex:0/meta:data_rcvd","measures":{"value":0}}
{"ts":1669476252888319644,"type":"point","name":"exType:baseline/permutationIndex:0/run:26/dialer:center/eavesCount:0/latencyMS:100/seq:2/fileSize:153600/nodeType:Seed/nodeTypeIndex:0/meta:dup_data_rcvd","measures":{"value":0}}
{"ts":1669476252888322302,"type":"point","name":"exType:baseline/permutationIndex:0/run:26/dialer:center/eavesCount:0/latencyMS:100/seq:2/fileSize:153600/nodeType:Seed/nodeTypeIndex:0/meta:blks_sent","measures":{"value":1}}
{"ts":1669476252888324795,"type":"point","name":"exType:baseline/permutationIndex:0/run:26/dialer:center/eavesCount:0/latencyMS:100/seq:2/fileSize:153600/nodeType:Seed/nodeTypeIndex:0/meta:blks_rcvd","measures":{"value":0}}
{"ts":1669476252888328304,"type":"point","name":"exType:baseline/permutationIndex:0/run:26/dialer:center/eavesCount:0/latencyMS:100/seq:2/fileSize:153600/nodeType:Seed/nodeTypeIndex:0/meta:dup_blks_rcvd","measures":{"value":0}}
{"ts":1669476256096972391,"type":"point","name":"exType:baseline/permutationIndex:0/run:27/dialer:center/eavesCount:0/latencyMS:100/seq:2/fileSize:153600/nodeType:Seed/nodeTypeIndex:0/meta:msgs_rcvd","measures":{"value":58}}
{"ts":1669476256097076952,"type":"point","name":"exType:baseline/permutationIndex:0/run:27/dialer:center/eavesCount:0/latencyMS:100/seq:2/fileSize:153600/nodeType:Seed/nodeTypeIndex:0/meta:data_sent","measures":{"value":153614}}
{"ts":1669476256097109316,"type":"point","name":"exType:baseline/permutationIndex:0/run:27/dialer:center/eavesCount:0/latencyMS:100/seq:2/fileSize:153600/nodeType:Seed/nodeTypeIndex:0/meta:data_rcvd","measures":{"value":0}}
{"ts":1669476256097132728,"type":"point","name":"exType:baseline/permutationIndex:0/run:27/dialer:center/eavesCount:0/latencyMS:100/seq:2/fileSize:153600/nodeType:Seed/nodeTypeIndex:0/meta:dup_data_rcvd","measures":{"value":0}}
{"ts":1669476256097152687,"type":"point","name":"exType:baseline/permutationIndex:0/run:27/dialer:center/eavesCount:0/latencyMS:100/seq:2/fileSize:153600/nodeType:Seed/nodeTypeIndex:0/meta:blks_sent","measures":{"value":1}}
{"ts":1669476256097174962,"type":"point","name":"exType:baseline/permutationIndex:0/run:27/dialer:center/eavesCount:0/latencyMS:100/seq:2/fileSize:153600/nodeType:Seed/nodeTypeIndex:0/meta:blks_rcvd","measures":{"value":0}}
{"ts":1669476256097194387,"type":"point","name":"exType:baseline/permutationIndex:0/run:27/dialer:center/eavesCount:0/latencyMS:100/seq:2/fileSize:153600/nodeType:Seed/nodeTypeIndex:0/meta:dup_blks_rcvd","measures":{"value":0}}
{"ts":1669476258990544597,"type":"point","name":"exType:baseline/permutationIndex:0/run:28/dialer:center/eavesCount:0/latencyMS:100/seq:2/fileSize:153600/nodeType:Seed/nodeTypeIndex:0/meta:msgs_rcvd","measures":{"value":4}}
{"ts":1669476258990700335,"type":"point","name":"exType:baseline/permutationIndex:0/run:28/dialer:center/eavesCount:0/latencyMS:100/seq:2/fileSize:153600/nodeType:Seed/nodeTypeIndex:0/meta:data_sent","measures":{"value":153614}}
{"ts":1669476258990738598,"type":"point","name":"exType:baseline/permutationIndex:0/run:28/dialer:center/eavesCount:0/latencyMS:100/seq:2/fileSize:153600/nodeType:Seed/nodeTypeIndex:0/meta:data_rcvd","measures":{"value":0}}
{"ts":1669476258990762350,"type":"point","name":"exType:baseline/permutationIndex:0/run:28/dialer:center/eavesCount:0/latencyMS:100/seq:2/fileSize:153600/nodeType:Seed/nodeTypeIndex:0/meta:dup_data_rcvd","measures":{"value":0}}
{"ts":1669476258990783436,"type":"point","name":"exType:baseline/permutationIndex:0/run:28/dialer:center/eavesCount:0/latencyMS:100/seq:2/fileSize:153600/nodeType:Seed/nodeTypeIndex:0/meta:blks_sent","measures":{"value":1}}
{"ts":1669476258991260371,"type":"point","name":"exType:baseline/permutationIndex:0/run:28/dialer:center/eavesCount:0/latencyMS:100/seq:2/fileSize:153600/nodeType:Seed/nodeTypeIndex:0/meta:blks_rcvd","measures":{"value":0}}
{"ts":1669476258991293694,"type":"point","name":"exType:baseline/permutationIndex:0/run:28/dialer:center/eavesCount:0/latencyMS:100/seq:2/fileSize:153600/nodeType:Seed/nodeTypeIndex:0/meta:dup_blks_rcvd","measures":{"value":0}}
{"ts":1669476262439196881,"type":"point","name":"exType:baseline/permutationIndex:0/run:29/dialer:center/eavesCount:0/latencyMS:100/seq:2/fileSize:153600/nodeType:Seed/nodeTypeIndex:0/meta:msgs_rcvd","measures":{"value":6}}
{"ts":1669476262439215720,"type":"point","name":"exType:baseline/permutationIndex:0/run:29/dialer:center/eavesCount:0/latencyMS:100/seq:2/fileSize:153600/nodeType:Seed/nodeTypeIndex:0/meta:data_sent","measures":{"value":153614}}
{"ts":1669476262439219870,"type":"point","name":"exType:baseline/permutationIndex:0/run:29/dialer:center/eavesCount:0/latencyMS:100/seq:2/fileSize:153600/nodeType:Seed/nodeTypeIndex:0/meta:data_rcvd","measures":{"value":0}}
{"ts":1669476262439223326,"type":"point","name":"exType:baseline/permutationIndex:0/run:29/dialer:center/eavesCount:0/latencyMS:100/seq:2/fileSize:153600/nodeType:Seed/nodeTypeIndex:0/meta:dup_data_rcvd","measures":{"value":0}}
{"ts":1669476262439231439,"type":"point","name":"exType:baseline/permutationIndex:0/run:29/dialer:center/eavesCount:0/latencyMS:100/seq:2/fileSize:153600/nodeType:Seed/nodeTypeIndex:0/meta:blks_sent","measures":{"value":1}}
{"ts":1669476262439234040,"type":"point","name":"exType:baseline/permutationIndex:0/run:29/dialer:center/eavesCount:0/latencyMS:100/seq:2/fileSize:153600/nodeType:Seed/nodeTypeIndex:0/meta:blks_rcvd","measures":{"value":0}}
{"ts":1669476262439236307,"type":"point","name":"exType:baseline/permutationIndex:0/run:29/dialer:center/eavesCount:0/latencyMS:100/seq:2/fileSize:153600/nodeType:Seed/nodeTypeIndex:0/meta:dup_blks_rcvd","measures":{"value":0}}
{"ts":1669476265314252389,"type":"point","name":"exType:baseline/permutationIndex:0/run:30/dialer:center/eavesCount:0/latencyMS:100/seq:2/fileSize:153600/nodeType:Seed/nodeTypeIndex:0/meta:msgs_rcvd","measures":{"value":133}}
{"ts":1669476265314339570,"type":"point","name":"exType:baseline/permutationIndex:0/run:30/dialer:center/eavesCount:0/latencyMS:100/seq:2/fileSize:153600/nodeType:Seed/nodeTypeIndex:0/meta:data_sent","measures":{"value":153614}}
{"ts":1669476265314367717,"type":"point","name":"exType:baseline/permutationIndex:0/run:30/dialer:center/eavesCount:0/latencyMS:100/seq:2/fileSize:153600/nodeType:Seed/nodeTypeIndex:0/meta:data_rcvd","measures":{"value":0}}
{"ts":1669476265314388776,"type":"point","name":"exType:baseline/permutationIndex:0/run:30/dialer:center/eavesCount:0/latencyMS:100/seq:2/fileSize:153600/nodeType:Seed/nodeTypeIndex:0/meta:dup_data_rcvd","measures":{"value":0}}
{"ts":1669476265314410569,"type":"point","name":"exType:baseline/permutationIndex:0/run:30/dialer:center/eavesCount:0/latencyMS:100/seq:2/fileSize:153600/nodeType:Seed/nodeTypeIndex:0/meta:blks_sent","measures":{"value":1}}
{"ts":1669476265314431488,"type":"point","name":"exType:baseline/permutationIndex:0/run:30/dialer:center/eavesCount:0/latencyMS:100/seq:2/fileSize:153600/nodeType:Seed/nodeTypeIndex:0/meta:blks_rcvd","measures":{"value":0}}
{"ts":1669476265314451879,"type":"point","name":"exType:baseline/permutationIndex:0/run:30/dialer:center/eavesCount:0/latencyMS:100/seq:2/fileSize:153600/nodeType:Seed/nodeTypeIndex:0/meta:dup_blks_rcvd","measures":{"value":0}}
{"ts":1669476267919922718,"type":"point","name":"exType:baseline/permutationIndex:0/run:31/dialer:center/eavesCount:0/latencyMS:100/seq:2/fileSize:153600/nodeType:Seed/nodeTypeIndex:0/meta:msgs_rcvd","measures":{"value":12}}
{"ts":1669476267919939326,"type":"point","name":"exType:baseline/permutationIndex:0/run:31/dialer:center/eavesCount:0/latencyMS:100/seq:2/fileSize:153600/nodeType:Seed/nodeTypeIndex:0/meta:data_sent","measures":{"value":153614}}
{"ts":1669476267919945161,"type":"point","name":"exType:baseline/permutationIndex:0/run:31/dialer:center/eavesCount:0/latencyMS:100/seq:2/fileSize:153600/nodeType:Seed/nodeTypeIndex:0/meta:data_rcvd","measures":{"value":0}}
{"ts":1669476267919948587,"type":"point","name":"exType:baseline/permutationIndex:0/run:31/dialer:center/eavesCount:0/latencyMS:100/seq:2/fileSize:153600/nodeType:Seed/nodeTypeIndex:0/meta:dup_data_rcvd","measures":{"value":0}}
{"ts":1669476267919953094,"type":"point","name":"exType:baseline/permutationIndex:0/run:31/dialer:center/eavesCount:0/latencyMS:100/seq:2/fileSize:153600/nodeType:Seed/nodeTypeIndex:0/meta:blks_sent","measures":{"value":1}}
{"ts":1669476267919957799,"type":"point","name":"exType:baseline/permutationIndex:0/run:31/dialer:center/eavesCount:0/latencyMS:100/seq:2/fileSize:153600/nodeType:Seed/nodeTypeIndex:0/meta:blks_rcvd","measures":{"value":0}}
{"ts":1669476267919960869,"type":"point","name":"exType:baseline/permutationIndex:0/run:31/dialer:center/eavesCount:0/latencyMS:100/seq:2/fileSize:153600/nodeType:Seed/nodeTypeIndex:0/meta:dup_blks_rcvd","measures":{"value":0}}
{"ts":1669476270636532903,"type":"point","name":"exType:baseline/permutationIndex:0/run:32/dialer:center/eavesCount:0/latencyMS:100/seq:2/fileSize:153600/nodeType:Seed/nodeTypeIndex:0/meta:msgs_rcvd","measures":{"value":9}}
{"ts":1669476270636742733,"type":"point","name":"exType:baseline/permutationIndex:0/run:32/dialer:center/eavesCount:0/latencyMS:100/seq:2/fileSize:153600/nodeType:Seed/nodeTypeIndex:0/meta:data_sent","measures":{"value":153614}}
{"ts":1669476270636791082,"type":"point","name":"exType:baseline/permutationIndex:0/run:32/dialer:center/eavesCount:0/latencyMS:100/seq:2/fileSize:153600/nodeType:Seed/nodeTypeIndex:0/meta:data_rcvd","measures":{"value":0}}
{"ts":1669476270636815924,"type":"point","name":"exType:baseline/permutationIndex:0/run:32/dialer:center/eavesCount:0/latencyMS:100/seq:2/fileSize:153600/nodeType:Seed/nodeTypeIndex:0/meta:dup_data_rcvd","measures":{"value":0}}
{"ts":1669476270636836532,"type":"point","name":"exType:baseline/permutationIndex:0/run:32/dialer:center/eavesCount:0/latencyMS:100/seq:2/fileSize:153600/nodeType:Seed/nodeTypeIndex:0/meta:blks_sent","measures":{"value":1}}
{"ts":1669476270636859096,"type":"point","name":"exType:baseline/permutationIndex:0/run:32/dialer:center/eavesCount:0/latencyMS:100/seq:2/fileSize:153600/nodeType:Seed/nodeTypeIndex:0/meta:blks_rcvd","measures":{"value":0}}
{"ts":1669476270636878805,"type":"point","name":"exType:baseline/permutationIndex:0/run:32/dialer:center/eavesCount:0/latencyMS:100/seq:2/fileSize:153600/nodeType:Seed/nodeTypeIndex:0/meta:dup_blks_rcvd","measures":{"value":0}}
{"ts":1669476273531229848,"type":"point","name":"exType:baseline/permutationIndex:0/run:33/dialer:center/eavesCount:0/latencyMS:100/seq:2/fileSize:153600/nodeType:Seed/nodeTypeIndex:0/meta:msgs_rcvd","measures":{"value":9}}
{"ts":1669476273531248142,"type":"point","name":"exType:baseline/permutationIndex:0/run:33/dialer:center/eavesCount:0/latencyMS:100/seq:2/fileSize:153600/nodeType:Seed/nodeTypeIndex:0/meta:data_sent","measures":{"value":153614}}
{"ts":1669476273531250996,"type":"point","name":"exType:baseline/permutationIndex:0/run:33/dialer:center/eavesCount:0/latencyMS:100/seq:2/fileSize:153600/nodeType:Seed/nodeTypeIndex:0/meta:data_rcvd","measures":{"value":0}}
{"ts":1669476273531253490,"type":"point","name":"exType:baseline/permutationIndex:0/run:33/dialer:center/eavesCount:0/latencyMS:100/seq:2/fileSize:153600/nodeType:Seed/nodeTypeIndex:0/meta:dup_data_rcvd","measures":{"value":0}}
{"ts":1669476273531255843,"type":"point","name":"exType:baseline/permutationIndex:0/run:33/dialer:center/eavesCount:0/latencyMS:100/seq:2/fileSize:153600/nodeType:Seed/nodeTypeIndex:0/meta:blks_sent","measures":{"value":1}}
{"ts":1669476273531258191,"type":"point","name":"exType:baseline/permutationIndex:0/run:33/dialer:center/eavesCount:0/latencyMS:100/seq:2/fileSize:153600/nodeType:Seed/nodeTypeIndex:0/meta:blks_rcvd","measures":{"value":0}}
{"ts":1669476273531260328,"type":"point","name":"exType:baseline/permutationIndex:0/run:33/dialer:center/eavesCount:0/latencyMS:100/seq:2/fileSize:153600/nodeType:Seed/nodeTypeIndex:0/meta:dup_blks_rcvd","measures":{"value":0}}
{"ts":1669476276424209116,"type":"point","name":"exType:baseline/permutationIndex:0/run:34/dialer:center/eavesCount:0/latencyMS:100/seq:2/fileSize:153600/nodeType:Seed/nodeTypeIndex:0/meta:msgs_rcvd","measures":{"value":96}}
{"ts":1669476276424228551,"type":"point","name":"exType:baseline/permutationIndex:0/run:34/dialer:center/eavesCount:0/latencyMS:100/seq:2/fileSize:153600/nodeType:Seed/nodeTypeIndex:0/meta:data_sent","measures":{"value":153614}}
{"ts":1669476276424232273,"type":"point","name":"exType:baseline/permutationIndex:0/run:34/dialer:center/eavesCount:0/latencyMS:100/seq:2/fileSize:153600/nodeType:Seed/nodeTypeIndex:0/meta:data_rcvd","measures":{"value":0}}
{"ts":1669476276424234806,"type":"point","name":"exType:baseline/permutationIndex:0/run:34/dialer:center/eavesCount:0/latencyMS:100/seq:2/fileSize:153600/nodeType:Seed/nodeTypeIndex:0/meta:dup_data_rcvd","measures":{"value":0}}
{"ts":1669476276424237245,"type":"point","name":"exType:baseline/permutationIndex:0/run:34/dialer:center/eavesCount:0/latencyMS:100/seq:2/fileSize:153600/nodeType:Seed/nodeTypeIndex:0/meta:blks_sent","measures":{"value":1}}
{"ts":1669476276424245360,"type":"point","name":"exType:baseline/permutationIndex:0/run:34/dialer:center/eavesCount:0/latencyMS:100/seq:2/fileSize:153600/nodeType:Seed/nodeTypeIndex:0/meta:blks_rcvd","measures":{"value":0}}
{"ts":1669476276424248008,"type":"point","name":"exType:baseline/permutationIndex:0/run:34/dialer:center/eavesCount:0/latencyMS:100/seq:2/fileSize:153600/nodeType:Seed/nodeTypeIndex:0/meta:dup_blks_rcvd","measures":{"value":0}}
{"ts":1669476279293503194,"type":"point","name":"exType:baseline/permutationIndex:0/run:35/dialer:center/eavesCount:0/latencyMS:100/seq:2/fileSize:153600/nodeType:Seed/nodeTypeIndex:0/meta:msgs_rcvd","measures":{"value":9}}
{"ts":1669476279293602460,"type":"point","name":"exType:baseline/permutationIndex:0/run:35/dialer:center/eavesCount:0/latencyMS:100/seq:2/fileSize:153600/nodeType:Seed/nodeTypeIndex:0/meta:data_sent","measures":{"value":153614}}
{"ts":1669476279293630901,"type":"point","name":"exType:baseline/permutationIndex:0/run:35/dialer:center/eavesCount:0/latencyMS:100/seq:2/fileSize:153600/nodeType:Seed/nodeTypeIndex:0/meta:data_rcvd","measures":{"value":0}}
{"ts":1669476279293651947,"type":"point","name":"exType:baseline/permutationIndex:0/run:35/dialer:center/eavesCount:0/latencyMS:100/seq:2/fileSize:153600/nodeType:Seed/nodeTypeIndex:0/meta:dup_data_rcvd","measures":{"value":0}}
{"ts":1669476279293674558,"type":"point","name":"exType:baseline/permutationIndex:0/run:35/dialer:center/eavesCount:0/latencyMS:100/seq:2/fileSize:153600/nodeType:Seed/nodeTypeIndex:0/meta:blks_sent","measures":{"value":1}}
{"ts":1669476279293694804,"type":"point","name":"exType:baseline/permutationIndex:0/run:35/dialer:center/eavesCount:0/latencyMS:100/seq:2/fileSize:153600/nodeType:Seed/nodeTypeIndex:0/meta:blks_rcvd","measures":{"value":0}}
{"ts":1669476279293712807,"type":"point","name":"exType:baseline/permutationIndex:0/run:35/dialer:center/eavesCount:0/latencyMS:100/seq:2/fileSize:153600/nodeType:Seed/nodeTypeIndex:0/meta:dup_blks_rcvd","measures":{"value":0}}
{"ts":1669476281963281984,"type":"point","name":"exType:baseline/permutationIndex:0/run:36/dialer:center/eavesCount:0/latencyMS:100/seq:2/fileSize:153600/nodeType:Seed/nodeTypeIndex:0/meta:msgs_rcvd","measures":{"value":64}}
{"ts":1669476281963327859,"type":"point","name":"exType:baseline/permutationIndex:0/run:36/dialer:center/eavesCount:0/latencyMS:100/seq:2/fileSize:153600/nodeType:Seed/nodeTypeIndex:0/meta:data_sent","measures":{"value":153614}}
{"ts":1669476281963340639,"type":"point","name":"exType:baseline/permutationIndex:0/run:36/dialer:center/eavesCount:0/latencyMS:100/seq:2/fileSize:153600/nodeType:Seed/nodeTypeIndex:0/meta:data_rcvd","measures":{"value":0}}
{"ts":1669476281963350873,"type":"point","name":"exType:baseline/permutationIndex:0/run:36/dialer:center/eavesCount:0/latencyMS:100/seq:2/fileSize:153600/nodeType:Seed/nodeTypeIndex:0/meta:dup_data_rcvd","measures":{"value":0}}
{"ts":1669476281963368737,"type":"point","name":"exType:baseline/permutationIndex:0/run:36/dialer:center/eavesCount:0/latencyMS:100/seq:2/fileSize:153600/nodeType:Seed/nodeTypeIndex:0/meta:blks_sent","measures":{"value":1}}
{"ts":1669476281963390890,"type":"point","name":"exType:baseline/permutationIndex:0/run:36/dialer:center/eavesCount:0/latencyMS:100/seq:2/fileSize:153600/nodeType:Seed/nodeTypeIndex:0/meta:blks_rcvd","measures":{"value":0}}
{"ts":1669476281963410632,"type":"point","name":"exType:baseline/permutationIndex:0/run:36/dialer:center/eavesCount:0/latencyMS:100/seq:2/fileSize:153600/nodeType:Seed/nodeTypeIndex:0/meta:dup_blks_rcvd","measures":{"value":0}}
{"ts":1669476285053363036,"type":"point","name":"exType:baseline/permutationIndex:0/run:37/dialer:center/eavesCount:0/latencyMS:100/seq:2/fileSize:153600/nodeType:Seed/nodeTypeIndex:0/meta:msgs_rcvd","measures":{"value":123}}
{"ts":1669476285053476033,"type":"point","name":"exType:baseline/permutationIndex:0/run:37/dialer:center/eavesCount:0/latencyMS:100/seq:2/fileSize:153600/nodeType:Seed/nodeTypeIndex:0/meta:data_sent","measures":{"value":153614}}
{"ts":1669476285053504757,"type":"point","name":"exType:baseline/permutationIndex:0/run:37/dialer:center/eavesCount:0/latencyMS:100/seq:2/fileSize:153600/nodeType:Seed/nodeTypeIndex:0/meta:data_rcvd","measures":{"value":0}}
{"ts":1669476285053565264,"type":"point","name":"exType:baseline/permutationIndex:0/run:37/dialer:center/eavesCount:0/latencyMS:100/seq:2/fileSize:153600/nodeType:Seed/nodeTypeIndex:0/meta:dup_data_rcvd","measures":{"value":0}}
{"ts":1669476285053590508,"type":"point","name":"exType:baseline/permutationIndex:0/run:37/dialer:center/eavesCount:0/latencyMS:100/seq:2/fileSize:153600/nodeType:Seed/nodeTypeIndex:0/meta:blks_sent","measures":{"value":1}}
{"ts":1669476285053610690,"type":"point","name":"exType:baseline/permutationIndex:0/run:37/dialer:center/eavesCount:0/latencyMS:100/seq:2/fileSize:153600/nodeType:Seed/nodeTypeIndex:0/meta:blks_rcvd","measures":{"value":0}}
{"ts":1669476285053629972,"type":"point","name":"exType:baseline/permutationIndex:0/run:37/dialer:center/eavesCount:0/latencyMS:100/seq:2/fileSize:153600/nodeType:Seed/nodeTypeIndex:0/meta:dup_blks_rcvd","measures":{"value":0}}
{"ts":1669476287790515810,"type":"point","name":"exType:baseline/permutationIndex:0/run:38/dialer:center/eavesCount:0/latencyMS:100/seq:2/fileSize:153600/nodeType:Seed/nodeTypeIndex:0/meta:msgs_rcvd","measures":{"value":19}}
{"ts":1669476287790621598,"type":"point","name":"exType:baseline/permutationIndex:0/run:38/dialer:center/eavesCount:0/latencyMS:100/seq:2/fileSize:153600/nodeType:Seed/nodeTypeIndex:0/meta:data_sent","measures":{"value":153614}}
{"ts":1669476287790680057,"type":"point","name":"exType:baseline/permutationIndex:0/run:38/dialer:center/eavesCount:0/latencyMS:100/seq:2/fileSize:153600/nodeType:Seed/nodeTypeIndex:0/meta:data_rcvd","measures":{"value":0}}
{"ts":1669476287790711819,"type":"point","name":"exType:baseline/permutationIndex:0/run:38/dialer:center/eavesCount:0/latencyMS:100/seq:2/fileSize:153600/nodeType:Seed/nodeTypeIndex:0/meta:dup_data_rcvd","measures":{"value":0}}
{"ts":1669476287790732262,"type":"point","name":"exType:baseline/permutationIndex:0/run:38/dialer:center/eavesCount:0/latencyMS:100/seq:2/fileSize:153600/nodeType:Seed/nodeTypeIndex:0/meta:blks_sent","measures":{"value":1}}
{"ts":1669476287791539678,"type":"point","name":"exType:baseline/permutationIndex:0/run:38/dialer:center/eavesCount:0/latencyMS:100/seq:2/fileSize:153600/nodeType:Seed/nodeTypeIndex:0/meta:blks_rcvd","measures":{"value":0}}
{"ts":1669476287791555881,"type":"point","name":"exType:baseline/permutationIndex:0/run:38/dialer:center/eavesCount:0/latencyMS:100/seq:2/fileSize:153600/nodeType:Seed/nodeTypeIndex:0/meta:dup_blks_rcvd","measures":{"value":0}}
{"ts":1669476290699751822,"type":"point","name":"exType:baseline/permutationIndex:0/run:39/dialer:center/eavesCount:0/latencyMS:100/seq:2/fileSize:153600/nodeType:Seed/nodeTypeIndex:0/meta:msgs_rcvd","measures":{"value":102}}
{"ts":1669476290699829994,"type":"point","name":"exType:baseline/permutationIndex:0/run:39/dialer:center/eavesCount:0/latencyMS:100/seq:2/fileSize:153600/nodeType:Seed/nodeTypeIndex:0/meta:data_sent","measures":{"value":153614}}
{"ts":1669476290699851369,"type":"point","name":"exType:baseline/permutationIndex:0/run:39/dialer:center/eavesCount:0/latencyMS:100/seq:2/fileSize:153600/nodeType:Seed/nodeTypeIndex:0/meta:data_rcvd","measures":{"value":0}}
{"ts":1669476290699865867,"type":"point","name":"exType:baseline/permutationIndex:0/run:39/dialer:center/eavesCount:0/latencyMS:100/seq:2/fileSize:153600/nodeType:Seed/nodeTypeIndex:0/meta:dup_data_rcvd","measures":{"value":0}}
{"ts":1669476290699880896,"type":"point","name":"exType:baseline/permutationIndex:0/run:39/dialer:center/eavesCount:0/latencyMS:100/seq:2/fileSize:153600/nodeType:Seed/nodeTypeIndex:0/meta:blks_sent","measures":{"value":1}}
{"ts":1669476290699895180,"type":"point","name":"exType:baseline/permutationIndex:0/run:39/dialer:center/eavesCount:0/latencyMS:100/seq:2/fileSize:153600/nodeType:Seed/nodeTypeIndex:0/meta:blks_rcvd","measures":{"value":0}}
{"ts":1669476290699908750,"type":"point","name":"exType:baseline/permutationIndex:0/run:39/dialer:center/eavesCount:0/latencyMS:100/seq:2/fileSize:153600/nodeType:Seed/nodeTypeIndex:0/meta:dup_blks_rcvd","measures":{"value":0}}
{"ts":1669476293796816546,"type":"point","name":"exType:baseline/permutationIndex:0/run:40/dialer:center/eavesCount:0/latencyMS:100/seq:2/fileSize:153600/nodeType:Seed/nodeTypeIndex:0/meta:msgs_rcvd","measures":{"value":21}}
{"ts":1669476293796914944,"type":"point","name":"exType:baseline/permutationIndex:0/run:40/dialer:center/eavesCount:0/latencyMS:100/seq:2/fileSize:153600/nodeType:Seed/nodeTypeIndex:0/meta:data_sent","measures":{"value":153614}}
{"ts":1669476293796950752,"type":"point","name":"exType:baseline/permutationIndex:0/run:40/dialer:center/eavesCount:0/latencyMS:100/seq:2/fileSize:153600/nodeType:Seed/nodeTypeIndex:0/meta:data_rcvd","measures":{"value":0}}
{"ts":1669476293796972831,"type":"point","name":"exType:baseline/permutationIndex:0/run:40/dialer:center/eavesCount:0/latencyMS:100/seq:2/fileSize:153600/nodeType:Seed/nodeTypeIndex:0/meta:dup_data_rcvd","measures":{"value":0}}
{"ts":1669476293796991134,"type":"point","name":"exType:baseline/permutationIndex:0/run:40/dialer:center/eavesCount:0/latencyMS:100/seq:2/fileSize:153600/nodeType:Seed/nodeTypeIndex:0/meta:blks_sent","measures":{"value":1}}
{"ts":1669476293797008860,"type":"point","name":"exType:baseline/permutationIndex:0/run:40/dialer:center/eavesCount:0/latencyMS:100/seq:2/fileSize:153600/nodeType:Seed/nodeTypeIndex:0/meta:blks_rcvd","measures":{"value":0}}
{"ts":1669476293797026534,"type":"point","name":"exType:baseline/permutationIndex:0/run:40/dialer:center/eavesCount:0/latencyMS:100/seq:2/fileSize:153600/nodeType:Seed/nodeTypeIndex:0/meta:dup_blks_rcvd","measures":{"value":0}}
{"ts":1669476296427145919,"type":"point","name":"exType:baseline/permutationIndex:0/run:41/dialer:center/eavesCount:0/latencyMS:100/seq:2/fileSize:153600/nodeType:Seed/nodeTypeIndex:0/meta:msgs_rcvd","measures":{"value":35}}
{"ts":1669476296427180513,"type":"point","name":"exType:baseline/permutationIndex:0/run:41/dialer:center/eavesCount:0/latencyMS:100/seq:2/fileSize:153600/nodeType:Seed/nodeTypeIndex:0/meta:data_sent","measures":{"value":153614}}
{"ts":1669476296427187091,"type":"point","name":"exType:baseline/permutationIndex:0/run:41/dialer:center/eavesCount:0/latencyMS:100/seq:2/fileSize:153600/nodeType:Seed/nodeTypeIndex:0/meta:data_rcvd","measures":{"value":0}}
{"ts":1669476296427192311,"type":"point","name":"exType:baseline/permutationIndex:0/run:41/dialer:center/eavesCount:0/latencyMS:100/seq:2/fileSize:153600/nodeType:Seed/nodeTypeIndex:0/meta:dup_data_rcvd","measures":{"value":0}}
{"ts":1669476296427196944,"type":"point","name":"exType:baseline/permutationIndex:0/run:41/dialer:center/eavesCount:0/latencyMS:100/seq:2/fileSize:153600/nodeType:Seed/nodeTypeIndex:0/meta:blks_sent","measures":{"value":1}}
{"ts":1669476296427201817,"type":"point","name":"exType:baseline/permutationIndex:0/run:41/dialer:center/eavesCount:0/latencyMS:100/seq:2/fileSize:153600/nodeType:Seed/nodeTypeIndex:0/meta:blks_rcvd","measures":{"value":0}}
{"ts":1669476296427206223,"type":"point","name":"exType:baseline/permutationIndex:0/run:41/dialer:center/eavesCount:0/latencyMS:100/seq:2/fileSize:153600/nodeType:Seed/nodeTypeIndex:0/meta:dup_blks_rcvd","measures":{"value":0}}
{"ts":1669476299111202257,"type":"point","name":"exType:baseline/permutationIndex:0/run:42/dialer:center/eavesCount:0/latencyMS:100/seq:2/fileSize:153600/nodeType:Seed/nodeTypeIndex:0/meta:msgs_rcvd","measures":{"value":44}}
{"ts":1669476299111296300,"type":"point","name":"exType:baseline/permutationIndex:0/run:42/dialer:center/eavesCount:0/latencyMS:100/seq:2/fileSize:153600/nodeType:Seed/nodeTypeIndex:0/meta:data_sent","measures":{"value":153614}}
{"ts":1669476299111322459,"type":"point","name":"exType:baseline/permutationIndex:0/run:42/dialer:center/eavesCount:0/latencyMS:100/seq:2/fileSize:153600/nodeType:Seed/nodeTypeIndex:0/meta:data_rcvd","measures":{"value":0}}
{"ts":1669476299111343093,"type":"point","name":"exType:baseline/permutationIndex:0/run:42/dialer:center/eavesCount:0/latencyMS:100/seq:2/fileSize:153600/nodeType:Seed/nodeTypeIndex:0/meta:dup_data_rcvd","measures":{"value":0}}
{"ts":1669476299111395373,"type":"point","name":"exType:baseline/permutationIndex:0/run:42/dialer:center/eavesCount:0/latencyMS:100/seq:2/fileSize:153600/nodeType:Seed/nodeTypeIndex:0/meta:blks_sent","measures":{"value":1}}
{"ts":1669476299111418479,"type":"point","name":"exType:baseline/permutationIndex:0/run:42/dialer:center/eavesCount:0/latencyMS:100/seq:2/fileSize:153600/nodeType:Seed/nodeTypeIndex:0/meta:blks_rcvd","measures":{"value":0}}
{"ts":1669476299111437756,"type":"point","name":"exType:baseline/permutationIndex:0/run:42/dialer:center/eavesCount:0/latencyMS:100/seq:2/fileSize:153600/nodeType:Seed/nodeTypeIndex:0/meta:dup_blks_rcvd","measures":{"value":0}}
{"ts":1669476302343058163,"type":"point","name":"exType:baseline/permutationIndex:0/run:43/dialer:center/eavesCount:0/latencyMS:100/seq:2/fileSize:153600/nodeType:Seed/nodeTypeIndex:0/meta:msgs_rcvd","measures":{"value":10}}
{"ts":1669476302343072588,"type":"point","name":"exType:baseline/permutationIndex:0/run:43/dialer:center/eavesCount:0/latencyMS:100/seq:2/fileSize:153600/nodeType:Seed/nodeTypeIndex:0/meta:data_sent","measures":{"value":153614}}
{"ts":1669476302343076179,"type":"point","name":"exType:baseline/permutationIndex:0/run:43/dialer:center/eavesCount:0/latencyMS:100/seq:2/fileSize:153600/nodeType:Seed/nodeTypeIndex:0/meta:data_rcvd","measures":{"value":0}}
{"ts":1669476302343078899,"type":"point","name":"exType:baseline/permutationIndex:0/run:43/dialer:center/eavesCount:0/latencyMS:100/seq:2/fileSize:153600/nodeType:Seed/nodeTypeIndex:0/meta:dup_data_rcvd","measures":{"value":0}}
{"ts":1669476302343081188,"type":"point","name":"exType:baseline/permutationIndex:0/run:43/dialer:center/eavesCount:0/latencyMS:100/seq:2/fileSize:153600/nodeType:Seed/nodeTypeIndex:0/meta:blks_sent","measures":{"value":1}}
{"ts":1669476302343082947,"type":"point","name":"exType:baseline/permutationIndex:0/run:43/dialer:center/eavesCount:0/latencyMS:100/seq:2/fileSize:153600/nodeType:Seed/nodeTypeIndex:0/meta:blks_rcvd","measures":{"value":0}}
{"ts":1669476302343085192,"type":"point","name":"exType:baseline/permutationIndex:0/run:43/dialer:center/eavesCount:0/latencyMS:100/seq:2/fileSize:153600/nodeType:Seed/nodeTypeIndex:0/meta:dup_blks_rcvd","measures":{"value":0}}
{"ts":1669476305750382229,"type":"point","name":"exType:baseline/permutationIndex:0/run:44/dialer:center/eavesCount:0/latencyMS:100/seq:2/fileSize:153600/nodeType:Seed/nodeTypeIndex:0/meta:msgs_rcvd","measures":{"value":119}}
{"ts":1669476305750415313,"type":"point","name":"exType:baseline/permutationIndex:0/run:44/dialer:center/eavesCount:0/latencyMS:100/seq:2/fileSize:153600/nodeType:Seed/nodeTypeIndex:0/meta:data_sent","measures":{"value":153614}}
{"ts":1669476305750424794,"type":"point","name":"exType:baseline/permutationIndex:0/run:44/dialer:center/eavesCount:0/latencyMS:100/seq:2/fileSize:153600/nodeType:Seed/nodeTypeIndex:0/meta:data_rcvd","measures":{"value":0}}
{"ts":1669476305750431211,"type":"point","name":"exType:baseline/permutationIndex:0/run:44/dialer:center/eavesCount:0/latencyMS:100/seq:2/fileSize:153600/nodeType:Seed/nodeTypeIndex:0/meta:dup_data_rcvd","measures":{"value":0}}
{"ts":1669476305750437509,"type":"point","name":"exType:baseline/permutationIndex:0/run:44/dialer:center/eavesCount:0/latencyMS:100/seq:2/fileSize:153600/nodeType:Seed/nodeTypeIndex:0/meta:blks_sent","measures":{"value":1}}
{"ts":1669476305750443923,"type":"point","name":"exType:baseline/permutationIndex:0/run:44/dialer:center/eavesCount:0/latencyMS:100/seq:2/fileSize:153600/nodeType:Seed/nodeTypeIndex:0/meta:blks_rcvd","measures":{"value":0}}
{"ts":1669476305750449472,"type":"point","name":"exType:baseline/permutationIndex:0/run:44/dialer:center/eavesCount:0/latencyMS:100/seq:2/fileSize:153600/nodeType:Seed/nodeTypeIndex:0/meta:dup_blks_rcvd","measures":{"value":0}}
{"ts":1669476308355167209,"type":"point","name":"exType:baseline/permutationIndex:0/run:45/dialer:center/eavesCount:0/latencyMS:100/seq:2/fileSize:153600/nodeType:Seed/nodeTypeIndex:0/meta:msgs_rcvd","measures":{"value":7}}
{"ts":1669476308355209260,"type":"point","name":"exType:baseline/permutationIndex:0/run:45/dialer:center/eavesCount:0/latencyMS:100/seq:2/fileSize:153600/nodeType:Seed/nodeTypeIndex:0/meta:data_sent","measures":{"value":153614}}
{"ts":1669476308355218054,"type":"point","name":"exType:baseline/permutationIndex:0/run:45/dialer:center/eavesCount:0/latencyMS:100/seq:2/fileSize:153600/nodeType:Seed/nodeTypeIndex:0/meta:data_rcvd","measures":{"value":0}}
{"ts":1669476308355223071,"type":"point","name":"exType:baseline/permutationIndex:0/run:45/dialer:center/eavesCount:0/latencyMS:100/seq:2/fileSize:153600/nodeType:Seed/nodeTypeIndex:0/meta:dup_data_rcvd","measures":{"value":0}}
{"ts":1669476308355226970,"type":"point","name":"exType:baseline/permutationIndex:0/run:45/dialer:center/eavesCount:0/latencyMS:100/seq:2/fileSize:153600/nodeType:Seed/nodeTypeIndex:0/meta:blks_sent","measures":{"value":1}}
{"ts":1669476308355231640,"type":"point","name":"exType:baseline/permutationIndex:0/run:45/dialer:center/eavesCount:0/latencyMS:100/seq:2/fileSize:153600/nodeType:Seed/nodeTypeIndex:0/meta:blks_rcvd","measures":{"value":0}}
{"ts":1669476308355235691,"type":"point","name":"exType:baseline/permutationIndex:0/run:45/dialer:center/eavesCount:0/latencyMS:100/seq:2/fileSize:153600/nodeType:Seed/nodeTypeIndex:0/meta:dup_blks_rcvd","measures":{"value":0}}
{"ts":1669476311076099590,"type":"point","name":"exType:baseline/permutationIndex:0/run:46/dialer:center/eavesCount:0/latencyMS:100/seq:2/fileSize:153600/nodeType:Seed/nodeTypeIndex:0/meta:msgs_rcvd","measures":{"value":7}}
{"ts":1669476311076216432,"type":"point","name":"exType:baseline/permutationIndex:0/run:46/dialer:center/eavesCount:0/latencyMS:100/seq:2/fileSize:153600/nodeType:Seed/nodeTypeIndex:0/meta:data_sent","measures":{"value":153614}}
{"ts":1669476311076252924,"type":"point","name":"exType:baseline/permutationIndex:0/run:46/dialer:center/eavesCount:0/latencyMS:100/seq:2/fileSize:153600/nodeType:Seed/nodeTypeIndex:0/meta:data_rcvd","measures":{"value":0}}
{"ts":1669476311076276101,"type":"point","name":"exType:baseline/permutationIndex:0/run:46/dialer:center/eavesCount:0/latencyMS:100/seq:2/fileSize:153600/nodeType:Seed/nodeTypeIndex:0/meta:dup_data_rcvd","measures":{"value":0}}
{"ts":1669476311076297361,"type":"point","name":"exType:baseline/permutationIndex:0/run:46/dialer:center/eavesCount:0/latencyMS:100/seq:2/fileSize:153600/nodeType:Seed/nodeTypeIndex:0/meta:blks_sent","measures":{"value":1}}
{"ts":1669476311076318259,"type":"point","name":"exType:baseline/permutationIndex:0/run:46/dialer:center/eavesCount:0/latencyMS:100/seq:2/fileSize:153600/nodeType:Seed/nodeTypeIndex:0/meta:blks_rcvd","measures":{"value":0}}
{"ts":1669476311076337081,"type":"point","name":"exType:baseline/permutationIndex:0/run:46/dialer:center/eavesCount:0/latencyMS:100/seq:2/fileSize:153600/nodeType:Seed/nodeTypeIndex:0/meta:dup_blks_rcvd","measures":{"value":0}}
{"ts":1669476313962076362,"type":"point","name":"exType:baseline/permutationIndex:0/run:47/dialer:center/eavesCount:0/latencyMS:100/seq:2/fileSize:153600/nodeType:Seed/nodeTypeIndex:0/meta:msgs_rcvd","measures":{"value":9}}
{"ts":1669476313962168503,"type":"point","name":"exType:baseline/permutationIndex:0/run:47/dialer:center/eavesCount:0/latencyMS:100/seq:2/fileSize:153600/nodeType:Seed/nodeTypeIndex:0/meta:data_sent","measures":{"value":153614}}
{"ts":1669476313962197866,"type":"point","name":"exType:baseline/permutationIndex:0/run:47/dialer:center/eavesCount:0/latencyMS:100/seq:2/fileSize:153600/nodeType:Seed/nodeTypeIndex:0/meta:data_rcvd","measures":{"value":0}}
{"ts":1669476313962219448,"type":"point","name":"exType:baseline/permutationIndex:0/run:47/dialer:center/eavesCount:0/latencyMS:100/seq:2/fileSize:153600/nodeType:Seed/nodeTypeIndex:0/meta:dup_data_rcvd","measures":{"value":0}}
{"ts":1669476313962239946,"type":"point","name":"exType:baseline/permutationIndex:0/run:47/dialer:center/eavesCount:0/latencyMS:100/seq:2/fileSize:153600/nodeType:Seed/nodeTypeIndex:0/meta:blks_sent","measures":{"value":1}}
{"ts":1669476313962290615,"type":"point","name":"exType:baseline/permutationIndex:0/run:47/dialer:center/eavesCount:0/latencyMS:100/seq:2/fileSize:153600/nodeType:Seed/nodeTypeIndex:0/meta:blks_rcvd","measures":{"value":0}}
{"ts":1669476313962311210,"type":"point","name":"exType:baseline/permutationIndex:0/run:47/dialer:center/eavesCount:0/latencyMS:100/seq:2/fileSize:153600/nodeType:Seed/nodeTypeIndex:0/meta:dup_blks_rcvd","measures":{"value":0}}
{"ts":1669476317475081301,"type":"point","name":"exType:baseline/permutationIndex:0/run:48/dialer:center/eavesCount:0/latencyMS:100/seq:2/fileSize:153600/nodeType:Seed/nodeTypeIndex:0/meta:msgs_rcvd","measures":{"value":43}}
{"ts":1669476317475112417,"type":"point","name":"exType:baseline/permutationIndex:0/run:48/dialer:center/eavesCount:0/latencyMS:100/seq:2/fileSize:153600/nodeType:Seed/nodeTypeIndex:0/meta:data_sent","measures":{"value":153614}}
{"ts":1669476317475119647,"type":"point","name":"exType:baseline/permutationIndex:0/run:48/dialer:center/eavesCount:0/latencyMS:100/seq:2/fileSize:153600/nodeType:Seed/nodeTypeIndex:0/meta:data_rcvd","measures":{"value":0}}
{"ts":1669476317475125892,"type":"point","name":"exType:baseline/permutationIndex:0/run:48/dialer:center/eavesCount:0/latencyMS:100/seq:2/fileSize:153600/nodeType:Seed/nodeTypeIndex:0/meta:dup_data_rcvd","measures":{"value":0}}
{"ts":1669476317475129761,"type":"point","name":"exType:baseline/permutationIndex:0/run:48/dialer:center/eavesCount:0/latencyMS:100/seq:2/fileSize:153600/nodeType:Seed/nodeTypeIndex:0/meta:blks_sent","measures":{"value":1}}
{"ts":1669476317475133570,"type":"point","name":"exType:baseline/permutationIndex:0/run:48/dialer:center/eavesCount:0/latencyMS:100/seq:2/fileSize:153600/nodeType:Seed/nodeTypeIndex:0/meta:blks_rcvd","measures":{"value":0}}
{"ts":1669476317475137083,"type":"point","name":"exType:baseline/permutationIndex:0/run:48/dialer:center/eavesCount:0/latencyMS:100/seq:2/fileSize:153600/nodeType:Seed/nodeTypeIndex:0/meta:dup_blks_rcvd","measures":{"value":0}}
{"ts":1669476320158042387,"type":"point","name":"exType:baseline/permutationIndex:0/run:49/dialer:center/eavesCount:0/latencyMS:100/seq:2/fileSize:153600/nodeType:Seed/nodeTypeIndex:0/meta:msgs_rcvd","measures":{"value":113}}
{"ts":1669476320158066187,"type":"point","name":"exType:baseline/permutationIndex:0/run:49/dialer:center/eavesCount:0/latencyMS:100/seq:2/fileSize:153600/nodeType:Seed/nodeTypeIndex:0/meta:data_sent","measures":{"value":153614}}
{"ts":1669476320158071293,"type":"point","name":"exType:baseline/permutationIndex:0/run:49/dialer:center/eavesCount:0/latencyMS:100/seq:2/fileSize:153600/nodeType:Seed/nodeTypeIndex:0/meta:data_rcvd","measures":{"value":0}}
{"ts":1669476320158074730,"type":"point","name":"exType:baseline/permutationIndex:0/run:49/dialer:center/eavesCount:0/latencyMS:100/seq:2/fileSize:153600/nodeType:Seed/nodeTypeIndex:0/meta:dup_data_rcvd","measures":{"value":0}}
{"ts":1669476320158078010,"type":"point","name":"exType:baseline/permutationIndex:0/run:49/dialer:center/eavesCount:0/latencyMS:100/seq:2/fileSize:153600/nodeType:Seed/nodeTypeIndex:0/meta:blks_sent","measures":{"value":1}}
{"ts":1669476320158080321,"type":"point","name":"exType:baseline/permutationIndex:0/run:49/dialer:center/eavesCount:0/latencyMS:100/seq:2/fileSize:153600/nodeType:Seed/nodeTypeIndex:0/meta:blks_rcvd","measures":{"value":0}}
{"ts":1669476320158082281,"type":"point","name":"exType:baseline/permutationIndex:0/run:49/dialer:center/eavesCount:0/latencyMS:100/seq:2/fileSize:153600/nodeType:Seed/nodeTypeIndex:0/meta:dup_blks_rcvd","measures":{"value":0}}
{"ts":1669476323077214605,"type":"point","name":"exType:baseline/permutationIndex:0/run:50/dialer:center/eavesCount:0/latencyMS:100/seq:2/fileSize:153600/nodeType:Seed/nodeTypeIndex:0/meta:msgs_rcvd","measures":{"value":51}}
{"ts":1669476323077288671,"type":"point","name":"exType:baseline/permutationIndex:0/run:50/dialer:center/eavesCount:0/latencyMS:100/seq:2/fileSize:153600/nodeType:Seed/nodeTypeIndex:0/meta:data_sent","measures":{"value":153614}}
{"ts":1669476323077349489,"type":"point","name":"exType:baseline/permutationIndex:0/run:50/dialer:center/eavesCount:0/latencyMS:100/seq:2/fileSize:153600/nodeType:Seed/nodeTypeIndex:0/meta:data_rcvd","measures":{"value":0}}
{"ts":1669476323077603110,"type":"point","name":"exType:baseline/permutationIndex:0/run:50/dialer:center/eavesCount:0/latencyMS:100/seq:2/fileSize:153600/nodeType:Seed/nodeTypeIndex:0/meta:dup_data_rcvd","measures":{"value":0}}
{"ts":1669476323077616698,"type":"point","name":"exType:baseline/permutationIndex:0/run:50/dialer:center/eavesCount:0/latencyMS:100/seq:2/fileSize:153600/nodeType:Seed/nodeTypeIndex:0/meta:blks_sent","measures":{"value":1}}
{"ts":1669476323077619905,"type":"point","name":"exType:baseline/permutationIndex:0/run:50/dialer:center/eavesCount:0/latencyMS:100/seq:2/fileSize:153600/nodeType:Seed/nodeTypeIndex:0/meta:blks_rcvd","measures":{"value":0}}
{"ts":1669476323077622162,"type":"point","name":"exType:baseline/permutationIndex:0/run:50/dialer:center/eavesCount:0/latencyMS:100/seq:2/fileSize:153600/nodeType:Seed/nodeTypeIndex:0/meta:dup_blks_rcvd","measures":{"value":0}}
{"ts":1669476325970753937,"type":"point","name":"exType:baseline/permutationIndex:0/run:51/dialer:center/eavesCount:0/latencyMS:100/seq:2/fileSize:153600/nodeType:Seed/nodeTypeIndex:0/meta:msgs_rcvd","measures":{"value":11}}
{"ts":1669476325970862568,"type":"point","name":"exType:baseline/permutationIndex:0/run:51/dialer:center/eavesCount:0/latencyMS:100/seq:2/fileSize:153600/nodeType:Seed/nodeTypeIndex:0/meta:data_sent","measures":{"value":153614}}
{"ts":1669476325970891652,"type":"point","name":"exType:baseline/permutationIndex:0/run:51/dialer:center/eavesCount:0/latencyMS:100/seq:2/fileSize:153600/nodeType:Seed/nodeTypeIndex:0/meta:data_rcvd","measures":{"value":0}}
{"ts":1669476325970905028,"type":"point","name":"exType:baseline/permutationIndex:0/run:51/dialer:center/eavesCount:0/latencyMS:100/seq:2/fileSize:153600/nodeType:Seed/nodeTypeIndex:0/meta:dup_data_rcvd","measures":{"value":0}}
{"ts":1669476325970915293,"type":"point","name":"exType:baseline/permutationIndex:0/run:51/dialer:center/eavesCount:0/latencyMS:100/seq:2/fileSize:153600/nodeType:Seed/nodeTypeIndex:0/meta:blks_sent","measures":{"value":1}}
{"ts":1669476325970929924,"type":"point","name":"exType:baseline/permutationIndex:0/run:51/dialer:center/eavesCount:0/latencyMS:100/seq:2/fileSize:153600/nodeType:Seed/nodeTypeIndex:0/meta:blks_rcvd","measures":{"value":0}}
{"ts":1669476325970947064,"type":"point","name":"exType:baseline/permutationIndex:0/run:51/dialer:center/eavesCount:0/latencyMS:100/seq:2/fileSize:153600/nodeType:Seed/nodeTypeIndex:0/meta:dup_blks_rcvd","measures":{"value":0}}
{"ts":1669476328841453729,"type":"point","name":"exType:baseline/permutationIndex:0/run:52/dialer:center/eavesCount:0/latencyMS:100/seq:2/fileSize:153600/nodeType:Seed/nodeTypeIndex:0/meta:msgs_rcvd","measures":{"value":83}}
{"ts":1669476328841469220,"type":"point","name":"exType:baseline/permutationIndex:0/run:52/dialer:center/eavesCount:0/latencyMS:100/seq:2/fileSize:153600/nodeType:Seed/nodeTypeIndex:0/meta:data_sent","measures":{"value":153614}}
{"ts":1669476328841472651,"type":"point","name":"exType:baseline/permutationIndex:0/run:52/dialer:center/eavesCount:0/latencyMS:100/seq:2/fileSize:153600/nodeType:Seed/nodeTypeIndex:0/meta:data_rcvd","measures":{"value":0}}
{"ts":1669476328841475531,"type":"point","name":"exType:baseline/permutationIndex:0/run:52/dialer:center/eavesCount:0/latencyMS:100/seq:2/fileSize:153600/nodeType:Seed/nodeTypeIndex:0/meta:dup_data_rcvd","measures":{"value":0}}
{"ts":1669476328841479171,"type":"point","name":"exType:baseline/permutationIndex:0/run:52/dialer:center/eavesCount:0/latencyMS:100/seq:2/fileSize:153600/nodeType:Seed/nodeTypeIndex:0/meta:blks_sent","measures":{"value":1}}
{"ts":1669476328841481999,"type":"point","name":"exType:baseline/permutationIndex:0/run:52/dialer:center/eavesCount:0/latencyMS:100/seq:2/fileSize:153600/nodeType:Seed/nodeTypeIndex:0/meta:blks_rcvd","measures":{"value":0}}
{"ts":1669476328841490516,"type":"point","name":"exType:baseline/permutationIndex:0/run:52/dialer:center/eavesCount:0/latencyMS:100/seq:2/fileSize:153600/nodeType:Seed/nodeTypeIndex:0/meta:dup_blks_rcvd","measures":{"value":0}}
{"ts":1669476331548224909,"type":"point","name":"exType:baseline/permutationIndex:0/run:53/dialer:center/eavesCount:0/latencyMS:100/seq:2/fileSize:153600/nodeType:Seed/nodeTypeIndex:0/meta:msgs_rcvd","measures":{"value":66}}
{"ts":1669476331548308842,"type":"point","name":"exType:baseline/permutationIndex:0/run:53/dialer:center/eavesCount:0/latencyMS:100/seq:2/fileSize:153600/nodeType:Seed/nodeTypeIndex:0/meta:data_sent","measures":{"value":153614}}
{"ts":1669476331548337433,"type":"point","name":"exType:baseline/permutationIndex:0/run:53/dialer:center/eavesCount:0/latencyMS:100/seq:2/fileSize:153600/nodeType:Seed/nodeTypeIndex:0/meta:data_rcvd","measures":{"value":0}}
{"ts":1669476331548360009,"type":"point","name":"exType:baseline/permutationIndex:0/run:53/dialer:center/eavesCount:0/latencyMS:100/seq:2/fileSize:153600/nodeType:Seed/nodeTypeIndex:0/meta:dup_data_rcvd","measures":{"value":0}}
{"ts":1669476331548381096,"type":"point","name":"exType:baseline/permutationIndex:0/run:53/dialer:center/eavesCount:0/latencyMS:100/seq:2/fileSize:153600/nodeType:Seed/nodeTypeIndex:0/meta:blks_sent","measures":{"value":1}}
{"ts":1669476331548402709,"type":"point","name":"exType:baseline/permutationIndex:0/run:53/dialer:center/eavesCount:0/latencyMS:100/seq:2/fileSize:153600/nodeType:Seed/nodeTypeIndex:0/meta:blks_rcvd","measures":{"value":0}}
{"ts":1669476331548424196,"type":"point","name":"exType:baseline/permutationIndex:0/run:53/dialer:center/eavesCount:0/latencyMS:100/seq:2/fileSize:153600/nodeType:Seed/nodeTypeIndex:0/meta:dup_blks_rcvd","measures":{"value":0}}
