{"ts":1669475057193461395,"type":"point","name":"exType:baseline/permutationIndex:0/run:1/dialer:center/eavesCount:0/latencyMS:150/seq:3/fileSize:1048576/nodeType:Passive/nodeTypeIndex:0/meta:msgs_rcvd","measures":{"value":4}}
{"ts":1669475057193503780,"type":"point","name":"exType:baseline/permutationIndex:0/run:1/dialer:center/eavesCount:0/latencyMS:150/seq:3/fileSize:1048576/nodeType:Passive/nodeTypeIndex:0/meta:data_sent","measures":{"value":0}}
{"ts":1669475057193508058,"type":"point","name":"exType:baseline/permutationIndex:0/run:1/dialer:center/eavesCount:0/latencyMS:150/seq:3/fileSize:1048576/nodeType:Passive/nodeTypeIndex:0/meta:data_rcvd","measures":{"value":0}}
{"ts":1669475057193510841,"type":"point","name":"exType:baseline/permutationIndex:0/run:1/dialer:center/eavesCount:0/latencyMS:150/seq:3/fileSize:1048576/nodeType:Passive/nodeTypeIndex:0/meta:dup_data_rcvd","measures":{"value":0}}
{"ts":1669475057193513519,"type":"point","name":"exType:baseline/permutationIndex:0/run:1/dialer:center/eavesCount:0/latencyMS:150/seq:3/fileSize:1048576/nodeType:Passive/nodeTypeIndex:0/meta:blks_sent","measures":{"value":0}}
{"ts":1669475057193515827,"type":"point","name":"exType:baseline/permutationIndex:0/run:1/dialer:center/eavesCount:0/latencyMS:150/seq:3/fileSize:1048576/nodeType:Passive/nodeTypeIndex:0/meta:blks_rcvd","measures":{"value":0}}
{"ts":1669475057193518084,"type":"point","name":"exType:baseline/permutationIndex:0/run:1/dialer:center/eavesCount:0/latencyMS:150/seq:3/fileSize:1048576/nodeType:Passive/nodeTypeIndex:0/meta:dup_blks_rcvd","measures":{"value":0}}
{"ts":1669475061769171636,"type":"point","name":"exType:baseline/permutationIndex:0/run:2/dialer:center/eavesCount:0/latencyMS:150/seq:3/fileSize:1048576/nodeType:Passive/nodeTypeIndex:0/meta:msgs_rcvd","measures":{"value":5}}
{"ts":1669475061769202784,"type":"point","name":"exType:baseline/permutationIndex:0/run:2/dialer:center/eavesCount:0/latencyMS:150/seq:3/fileSize:1048576/nodeType:Passive/nodeTypeIndex:0/meta:data_sent","measures":{"value":0}}
{"ts":1669475061769208676,"type":"point","name":"exType:baseline/permutationIndex:0/run:2/dialer:center/eavesCount:0/latencyMS:150/seq:3/fileSize:1048576/nodeType:Passive/nodeTypeIndex:0/meta:data_rcvd","measures":{"value":0}}
{"ts":1669475061769214212,"type":"point","name":"exType:baseline/permutationIndex:0/run:2/dialer:center/eavesCount:0/latencyMS:150/seq:3/fileSize:1048576/nodeType:Passive/nodeTypeIndex:0/meta:dup_data_rcvd","measures":{"value":0}}
{"ts":1669475061769218693,"type":"point","name":"exType:baseline/permutationIndex:0/run:2/dialer:center/eavesCount:0/latencyMS:150/seq:3/fileSize:1048576/nodeType:Passive/nodeTypeIndex:0/meta:blks_sent","measures":{"value":0}}
{"ts":1669475061769223247,"type":"point","name":"exType:baseline/permutationIndex:0/run:2/dialer:center/eavesCount:0/latencyMS:150/seq:3/fileSize:1048576/nodeType:Passive/nodeTypeIndex:0/meta:blks_rcvd","measures":{"value":0}}
{"ts":1669475061769228422,"type":"point","name":"exType:baseline/permutationIndex:0/run:2/dialer:center/eavesCount:0/latencyMS:150/seq:3/fileSize:1048576/nodeType:Passive/nodeTypeIndex:0/meta:dup_blks_rcvd","measures":{"value":0}}
{"ts":1669475066278878668,"type":"point","name":"exType:baseline/permutationIndex:0/run:3/dialer:center/eavesCount:0/latencyMS:150/seq:3/fileSize:1048576/nodeType:Passive/nodeTypeIndex:0/meta:msgs_rcvd","measures":{"value":2}}
{"ts":1669475066278904643,"type":"point","name":"exType:baseline/permutationIndex:0/run:3/dialer:center/eavesCount:0/latencyMS:150/seq:3/fileSize:1048576/nodeType:Passive/nodeTypeIndex:0/meta:data_sent","measures":{"value":0}}
{"ts":1669475066278908259,"type":"point","name":"exType:baseline/permutationIndex:0/run:3/dialer:center/eavesCount:0/latencyMS:150/seq:3/fileSize:1048576/nodeType:Passive/nodeTypeIndex:0/meta:data_rcvd","measures":{"value":0}}
{"ts":1669475066278910754,"type":"point","name":"exType:baseline/permutationIndex:0/run:3/dialer:center/eavesCount:0/latencyMS:150/seq:3/fileSize:1048576/nodeType:Passive/nodeTypeIndex:0/meta:dup_data_rcvd","measures":{"value":0}}
{"ts":1669475066278919073,"type":"point","name":"exType:baseline/permutationIndex:0/run:3/dialer:center/eavesCount:0/latencyMS:150/seq:3/fileSize:1048576/nodeType:Passive/nodeTypeIndex:0/meta:blks_sent","measures":{"value":0}}
{"ts":1669475066278921670,"type":"point","name":"exType:baseline/permutationIndex:0/run:3/dialer:center/eavesCount:0/latencyMS:150/seq:3/fileSize:1048576/nodeType:Passive/nodeTypeIndex:0/meta:blks_rcvd","measures":{"value":0}}
{"ts":1669475066278923957,"type":"point","name":"exType:baseline/permutationIndex:0/run:3/dialer:center/eavesCount:0/latencyMS:150/seq:3/fileSize:1048576/nodeType:Passive/nodeTypeIndex:0/meta:dup_blks_rcvd","measures":{"value":0}}
{"ts":1669475070758571891,"type":"point","name":"exType:baseline/permutationIndex:0/run:4/dialer:center/eavesCount:0/latencyMS:150/seq:3/fileSize:1048576/nodeType:Passive/nodeTypeIndex:0/meta:msgs_rcvd","measures":{"value":3}}
{"ts":1669475070758605564,"type":"point","name":"exType:baseline/permutationIndex:0/run:4/dialer:center/eavesCount:0/latencyMS:150/seq:3/fileSize:1048576/nodeType:Passive/nodeTypeIndex:0/meta:data_sent","measures":{"value":0}}
{"ts":1669475070758611701,"type":"point","name":"exType:baseline/permutationIndex:0/run:4/dialer:center/eavesCount:0/latencyMS:150/seq:3/fileSize:1048576/nodeType:Passive/nodeTypeIndex:0/meta:data_rcvd","measures":{"value":0}}
{"ts":1669475070758616452,"type":"point","name":"exType:baseline/permutationIndex:0/run:4/dialer:center/eavesCount:0/latencyMS:150/seq:3/fileSize:1048576/nodeType:Passive/nodeTypeIndex:0/meta:dup_data_rcvd","measures":{"value":0}}
{"ts":1669475070758620285,"type":"point","name":"exType:baseline/permutationIndex:0/run:4/dialer:center/eavesCount:0/latencyMS:150/seq:3/fileSize:1048576/nodeType:Passive/nodeTypeIndex:0/meta:blks_sent","measures":{"value":0}}
{"ts":1669475070758624529,"type":"point","name":"exType:baseline/permutationIndex:0/run:4/dialer:center/eavesCount:0/latencyMS:150/seq:3/fileSize:1048576/nodeType:Passive/nodeTypeIndex:0/meta:blks_rcvd","measures":{"value":0}}
{"ts":1669475070758627680,"type":"point","name":"exType:baseline/permutationIndex:0/run:4/dialer:center/eavesCount:0/latencyMS:150/seq:3/fileSize:1048576/nodeType:Passive/nodeTypeIndex:0/meta:dup_blks_rcvd","measures":{"value":0}}
{"ts":1669475075105408819,"type":"point","name":"exType:baseline/permutationIndex:0/run:5/dialer:center/eavesCount:0/latencyMS:150/seq:3/fileSize:1048576/nodeType:Passive/nodeTypeIndex:0/meta:msgs_rcvd","measures":{"value":58}}
{"ts":1669475075105432666,"type":"point","name":"exType:baseline/permutationIndex:0/run:5/dialer:center/eavesCount:0/latencyMS:150/seq:3/fileSize:1048576/nodeType:Passive/nodeTypeIndex:0/meta:data_sent","measures":{"value":0}}
{"ts":1669475075105437432,"type":"point","name":"exType:baseline/permutationIndex:0/run:5/dialer:center/eavesCount:0/latencyMS:150/seq:3/fileSize:1048576/nodeType:Passive/nodeTypeIndex:0/meta:data_rcvd","measures":{"value":0}}
{"ts":1669475075105440161,"type":"point","name":"exType:baseline/permutationIndex:0/run:5/dialer:center/eavesCount:0/latencyMS:150/seq:3/fileSize:1048576/nodeType:Passive/nodeTypeIndex:0/meta:dup_data_rcvd","measures":{"value":0}}
{"ts":1669475075105442399,"type":"point","name":"exType:baseline/permutationIndex:0/run:5/dialer:center/eavesCount:0/latencyMS:150/seq:3/fileSize:1048576/nodeType:Passive/nodeTypeIndex:0/meta:blks_sent","measures":{"value":0}}
{"ts":1669475075105444955,"type":"point","name":"exType:baseline/permutationIndex:0/run:5/dialer:center/eavesCount:0/latencyMS:150/seq:3/fileSize:1048576/nodeType:Passive/nodeTypeIndex:0/meta:blks_rcvd","measures":{"value":0}}
{"ts":1669475075105447217,"type":"point","name":"exType:baseline/permutationIndex:0/run:5/dialer:center/eavesCount:0/latencyMS:150/seq:3/fileSize:1048576/nodeType:Passive/nodeTypeIndex:0/meta:dup_blks_rcvd","measures":{"value":0}}
{"ts":1669475080434415399,"type":"point","name":"exType:baseline/permutationIndex:0/run:6/dialer:center/eavesCount:0/latencyMS:150/seq:3/fileSize:1048576/nodeType:Passive/nodeTypeIndex:0/meta:msgs_rcvd","measures":{"value":35}}
{"ts":1669475080434515227,"type":"point","name":"exType:baseline/permutationIndex:0/run:6/dialer:center/eavesCount:0/latencyMS:150/seq:3/fileSize:1048576/nodeType:Passive/nodeTypeIndex:0/meta:data_sent","measures":{"value":0}}
{"ts":1669475080434541168,"type":"point","name":"exType:baseline/permutationIndex:0/run:6/dialer:center/eavesCount:0/latencyMS:150/seq:3/fileSize:1048576/nodeType:Passive/nodeTypeIndex:0/meta:data_rcvd","measures":{"value":0}}
{"ts":1669475080434559542,"type":"point","name":"exType:baseline/permutationIndex:0/run:6/dialer:center/eavesCount:0/latencyMS:150/seq:3/fileSize:1048576/nodeType:Passive/nodeTypeIndex:0/meta:dup_data_rcvd","measures":{"value":0}}
{"ts":1669475080434577028,"type":"point","name":"exType:baseline/permutationIndex:0/run:6/dialer:center/eavesCount:0/latencyMS:150/seq:3/fileSize:1048576/nodeType:Passive/nodeTypeIndex:0/meta:blks_sent","measures":{"value":0}}
{"ts":1669475080434593752,"type":"point","name":"exType:baseline/permutationIndex:0/run:6/dialer:center/eavesCount:0/latencyMS:150/seq:3/fileSize:1048576/nodeType:Passive/nodeTypeIndex:0/meta:blks_rcvd","measures":{"value":0}}
{"ts":1669475080434612732,"type":"point","name":"exType:baseline/permutationIndex:0/run:6/dialer:center/eavesCount:0/latencyMS:150/seq:3/fileSize:1048576/nodeType:Passive/nodeTypeIndex:0/meta:dup_blks_rcvd","measures":{"value":0}}
{"ts":1669475085661345497,"type":"point","name":"exType:baseline/permutationIndex:0/run:7/dialer:center/eavesCount:0/latencyMS:150/seq:3/fileSize:1048576/nodeType:Passive/nodeTypeIndex:0/meta:msgs_rcvd","measures":{"value":41}}
{"ts":1669475085661376105,"type":"point","name":"exType:baseline/permutationIndex:0/run:7/dialer:center/eavesCount:0/latencyMS:150/seq:3/fileSize:1048576/nodeType:Passive/nodeTypeIndex:0/meta:data_sent","measures":{"value":0}}
{"ts":1669475085661381577,"type":"point","name":"exType:baseline/permutationIndex:0/run:7/dialer:center/eavesCount:0/latencyMS:150/seq:3/fileSize:1048576/nodeType:Passive/nodeTypeIndex:0/meta:data_rcvd","measures":{"value":0}}
{"ts":1669475085661384304,"type":"point","name":"exType:baseline/permutationIndex:0/run:7/dialer:center/eavesCount:0/latencyMS:150/seq:3/fileSize:1048576/nodeType:Passive/nodeTypeIndex:0/meta:dup_data_rcvd","measures":{"value":0}}
{"ts":1669475085661386797,"type":"point","name":"exType:baseline/permutationIndex:0/run:7/dialer:center/eavesCount:0/latencyMS:150/seq:3/fileSize:1048576/nodeType:Passive/nodeTypeIndex:0/meta:blks_sent","measures":{"value":0}}
{"ts":1669475085661389081,"type":"point","name":"exType:baseline/permutationIndex:0/run:7/dialer:center/eavesCount:0/latencyMS:150/seq:3/fileSize:1048576/nodeType:Passive/nodeTypeIndex:0/meta:blks_rcvd","measures":{"value":0}}
{"ts":1669475085661391569,"type":"point","name":"exType:baseline/permutationIndex:0/run:7/dialer:center/eavesCount:0/latencyMS:150/seq:3/fileSize:1048576/nodeType:Passive/nodeTypeIndex:0/meta:dup_blks_rcvd","measures":{"value":0}}
{"ts":1669475090121062799,"type":"point","name":"exType:baseline/permutationIndex:0/run:8/dialer:center/eavesCount:0/latencyMS:150/seq:3/fileSize:1048576/nodeType:Passive/nodeTypeIndex:0/meta:msgs_rcvd","measures":{"value":18}}
{"ts":1669475090121194969,"type":"point","name":"exType:baseline/permutationIndex:0/run:8/dialer:center/eavesCount:0/latencyMS:150/seq:3/fileSize:1048576/nodeType:Passive/nodeTypeIndex:0/meta:data_sent","measures":{"value":0}}
{"ts":1669475090121225235,"type":"point","name":"exType:baseline/permutationIndex:0/run:8/dialer:center/eavesCount:0/latencyMS:150/seq:3/fileSize:1048576/nodeType:Passive/nodeTypeIndex:0/meta:data_rcvd","measures":{"value":0}}
{"ts":1669475090121245411,"type":"point","name":"exType:baseline/permutationIndex:0/run:8/dialer:center/eavesCount:0/latencyMS:150/seq:3/fileSize:1048576/nodeType:Passive/nodeTypeIndex:0/meta:dup_data_rcvd","measures":{"value":0}}
{"ts":1669475090121264805,"type":"point","name":"exType:baseline/permutationIndex:0/run:8/dialer:center/eavesCount:0/latencyMS:150/seq:3/fileSize:1048576/nodeType:Passive/nodeTypeIndex:0/meta:blks_sent","measures":{"value":0}}
{"ts":1669475090121321814,"type":"point","name":"exType:baseline/permutationIndex:0/run:8/dialer:center/eavesCount:0/latencyMS:150/seq:3/fileSize:1048576/nodeType:Passive/nodeTypeIndex:0/meta:blks_rcvd","measures":{"value":0}}
{"ts":1669475090121341409,"type":"point","name":"exType:baseline/permutationIndex:0/run:8/dialer:center/eavesCount:0/latencyMS:150/seq:3/fileSize:1048576/nodeType:Passive/nodeTypeIndex:0/meta:dup_blks_rcvd","measures":{"value":0}}
{"ts":1669475095337600381,"type":"point","name":"exType:baseline/permutationIndex:0/run:9/dialer:center/eavesCount:0/latencyMS:150/seq:3/fileSize:1048576/nodeType:Passive/nodeTypeIndex:0/meta:msgs_rcvd","measures":{"value":3}}
{"ts":1669475095337669903,"type":"point","name":"exType:baseline/permutationIndex:0/run:9/dialer:center/eavesCount:0/latencyMS:150/seq:3/fileSize:1048576/nodeType:Passive/nodeTypeIndex:0/meta:data_sent","measures":{"value":0}}
{"ts":1669475095337689070,"type":"point","name":"exType:baseline/permutationIndex:0/run:9/dialer:center/eavesCount:0/latencyMS:150/seq:3/fileSize:1048576/nodeType:Passive/nodeTypeIndex:0/meta:data_rcvd","measures":{"value":0}}
{"ts":1669475095337701092,"type":"point","name":"exType:baseline/permutationIndex:0/run:9/dialer:center/eavesCount:0/latencyMS:150/seq:3/fileSize:1048576/nodeType:Passive/nodeTypeIndex:0/meta:dup_data_rcvd","measures":{"value":0}}
{"ts":1669475095337712701,"type":"point","name":"exType:baseline/permutationIndex:0/run:9/dialer:center/eavesCount:0/latencyMS:150/seq:3/fileSize:1048576/nodeType:Passive/nodeTypeIndex:0/meta:blks_sent","measures":{"value":0}}
{"ts":1669475095337724439,"type":"point","name":"exType:baseline/permutationIndex:0/run:9/dialer:center/eavesCount:0/latencyMS:150/seq:3/fileSize:1048576/nodeType:Passive/nodeTypeIndex:0/meta:blks_rcvd","measures":{"value":0}}
{"ts":1669475095337735903,"type":"point","name":"exType:baseline/permutationIndex:0/run:9/dialer:center/eavesCount:0/latencyMS:150/seq:3/fileSize:1048576/nodeType:Passive/nodeTypeIndex:0/meta:dup_blks_rcvd","measures":{"value":0}}
{"ts":1669475100557327452,"type":"point","name":"exType:baseline/permutationIndex:0/run:10/dialer:center/eavesCount:0/latencyMS:150/seq:3/fileSize:1048576/nodeType:Passive/nodeTypeIndex:0/meta:msgs_rcvd","measures":{"value":5}}
{"ts":1669475100557373851,"type":"point","name":"exType:baseline/permutationIndex:0/run:10/dialer:center/eavesCount:0/latencyMS:150/seq:3/fileSize:1048576/nodeType:Passive/nodeTypeIndex:0/meta:data_sent","measures":{"value":0}}
{"ts":1669475100557382592,"type":"point","name":"exType:baseline/permutationIndex:0/run:10/dialer:center/eavesCount:0/latencyMS:150/seq:3/fileSize:1048576/nodeType:Passive/nodeTypeIndex:0/meta:data_rcvd","measures":{"value":0}}
{"ts":1669475100557388162,"type":"point","name":"exType:baseline/permutationIndex:0/run:10/dialer:center/eavesCount:0/latencyMS:150/seq:3/fileSize:1048576/nodeType:Passive/nodeTypeIndex:0/meta:dup_data_rcvd","measures":{"value":0}}
{"ts":1669475100557393712,"type":"point","name":"exType:baseline/permutationIndex:0/run:10/dialer:center/eavesCount:0/latencyMS:150/seq:3/fileSize:1048576/nodeType:Passive/nodeTypeIndex:0/meta:blks_sent","measures":{"value":0}}
{"ts":1669475100557398972,"type":"point","name":"exType:baseline/permutationIndex:0/run:10/dialer:center/eavesCount:0/latencyMS:150/seq:3/fileSize:1048576/nodeType:Passive/nodeTypeIndex:0/meta:blks_rcvd","measures":{"value":0}}
{"ts":1669475100557404598,"type":"point","name":"exType:baseline/permutationIndex:0/run:10/dialer:center/eavesCount:0/latencyMS:150/seq:3/fileSize:1048576/nodeType:Passive/nodeTypeIndex:0/meta:dup_blks_rcvd","measures":{"value":0}}
{"ts":1669475104973412953,"type":"point","name":"exType:baseline/permutationIndex:0/run:11/dialer:center/eavesCount:0/latencyMS:150/seq:3/fileSize:1048576/nodeType:Passive/nodeTypeIndex:0/meta:msgs_rcvd","measures":{"value":3}}
{"ts":1669475104973450428,"type":"point","name":"exType:baseline/permutationIndex:0/run:11/dialer:center/eavesCount:0/latencyMS:150/seq:3/fileSize:1048576/nodeType:Passive/nodeTypeIndex:0/meta:data_sent","measures":{"value":0}}
{"ts":1669475104973462361,"type":"point","name":"exType:baseline/permutationIndex:0/run:11/dialer:center/eavesCount:0/latencyMS:150/seq:3/fileSize:1048576/nodeType:Passive/nodeTypeIndex:0/meta:data_rcvd","measures":{"value":0}}
{"ts":1669475104973465354,"type":"point","name":"exType:baseline/permutationIndex:0/run:11/dialer:center/eavesCount:0/latencyMS:150/seq:3/fileSize:1048576/nodeType:Passive/nodeTypeIndex:0/meta:dup_data_rcvd","measures":{"value":0}}
{"ts":1669475104973467913,"type":"point","name":"exType:baseline/permutationIndex:0/run:11/dialer:center/eavesCount:0/latencyMS:150/seq:3/fileSize:1048576/nodeType:Passive/nodeTypeIndex:0/meta:blks_sent","measures":{"value":0}}
{"ts":1669475104973470421,"type":"point","name":"exType:baseline/permutationIndex:0/run:11/dialer:center/eavesCount:0/latencyMS:150/seq:3/fileSize:1048576/nodeType:Passive/nodeTypeIndex:0/meta:blks_rcvd","measures":{"value":0}}
{"ts":1669475104973472764,"type":"point","name":"exType:baseline/permutationIndex:0/run:11/dialer:center/eavesCount:0/latencyMS:150/seq:3/fileSize:1048576/nodeType:Passive/nodeTypeIndex:0/meta:dup_blks_rcvd","measures":{"value":0}}
{"ts":1669475109416308348,"type":"point","name":"exType:baseline/permutationIndex:0/run:12/dialer:center/eavesCount:0/latencyMS:150/seq:3/fileSize:1048576/nodeType:Passive/nodeTypeIndex:0/meta:msgs_rcvd","measures":{"value":10}}
{"ts":1669475109416329590,"type":"point","name":"exType:baseline/permutationIndex:0/run:12/dialer:center/eavesCount:0/latencyMS:150/seq:3/fileSize:1048576/nodeType:Passive/nodeTypeIndex:0/meta:data_sent","measures":{"value":0}}
{"ts":1669475109416333031,"type":"point","name":"exType:baseline/permutationIndex:0/run:12/dialer:center/eavesCount:0/latencyMS:150/seq:3/fileSize:1048576/nodeType:Passive/nodeTypeIndex:0/meta:data_rcvd","measures":{"value":0}}
{"ts":1669475109416335592,"type":"point","name":"exType:baseline/permutationIndex:0/run:12/dialer:center/eavesCount:0/latencyMS:150/seq:3/fileSize:1048576/nodeType:Passive/nodeTypeIndex:0/meta:dup_data_rcvd","measures":{"value":0}}
{"ts":1669475109416338100,"type":"point","name":"exType:baseline/permutationIndex:0/run:12/dialer:center/eavesCount:0/latencyMS:150/seq:3/fileSize:1048576/nodeType:Passive/nodeTypeIndex:0/meta:blks_sent","measures":{"value":0}}
{"ts":1669475109416340621,"type":"point","name":"exType:baseline/permutationIndex:0/run:12/dialer:center/eavesCount:0/latencyMS:150/seq:3/fileSize:1048576/nodeType:Passive/nodeTypeIndex:0/meta:blks_rcvd","measures":{"value":0}}
{"ts":1669475109416343092,"type":"point","name":"exType:baseline/permutationIndex:0/run:12/dialer:center/eavesCount:0/latencyMS:150/seq:3/fileSize:1048576/nodeType:Passive/nodeTypeIndex:0/meta:dup_blks_rcvd","measures":{"value":0}}
{"ts":1669475114196882142,"type":"point","name":"exType:baseline/permutationIndex:0/run:13/dialer:center/eavesCount:0/latencyMS:150/seq:3/fileSize:1048576/nodeType:Passive/nodeTypeIndex:0/meta:msgs_rcvd","measures":{"value":19}}
{"ts":1669475114196905800,"type":"point","name":"exType:baseline/permutationIndex:0/run:13/dialer:center/eavesCount:0/latencyMS:150/seq:3/fileSize:1048576/nodeType:Passive/nodeTypeIndex:0/meta:data_sent","measures":{"value":0}}
{"ts":1669475114196911118,"type":"point","name":"exType:baseline/permutationIndex:0/run:13/dialer:center/eavesCount:0/latencyMS:150/seq:3/fileSize:1048576/nodeType:Passive/nodeTypeIndex:0/meta:data_rcvd","measures":{"value":0}}
{"ts":1669475114196914547,"type":"point","name":"exType:baseline/permutationIndex:0/run:13/dialer:center/eavesCount:0/latencyMS:150/seq:3/fileSize:1048576/nodeType:Passive/nodeTypeIndex:0/meta:dup_data_rcvd","measures":{"value":0}}
{"ts":1669475114196918630,"type":"point","name":"exType:baseline/permutationIndex:0/run:13/dialer:center/eavesCount:0/latencyMS:150/seq:3/fileSize:1048576/nodeType:Passive/nodeTypeIndex:0/meta:blks_sent","measures":{"value":0}}
{"ts":1669475114196921951,"type":"point","name":"exType:baseline/permutationIndex:0/run:13/dialer:center/eavesCount:0/latencyMS:150/seq:3/fileSize:1048576/nodeType:Passive/nodeTypeIndex:0/meta:blks_rcvd","measures":{"value":0}}
{"ts":1669475114196933365,"type":"point","name":"exType:baseline/permutationIndex:0/run:13/dialer:center/eavesCount:0/latencyMS:150/seq:3/fileSize:1048576/nodeType:Passive/nodeTypeIndex:0/meta:dup_blks_rcvd","measures":{"value":0}}
{"ts":1669475119283020860,"type":"point","name":"exType:baseline/permutationIndex:0/run:14/dialer:center/eavesCount:0/latencyMS:150/seq:3/fileSize:1048576/nodeType:Passive/nodeTypeIndex:0/meta:msgs_rcvd","measures":{"value":13}}
{"ts":1669475119283045226,"type":"point","name":"exType:baseline/permutationIndex:0/run:14/dialer:center/eavesCount:0/latencyMS:150/seq:3/fileSize:1048576/nodeType:Passive/nodeTypeIndex:0/meta:data_sent","measures":{"value":0}}
{"ts":1669475119283051484,"type":"point","name":"exType:baseline/permutationIndex:0/run:14/dialer:center/eavesCount:0/latencyMS:150/seq:3/fileSize:1048576/nodeType:Passive/nodeTypeIndex:0/meta:data_rcvd","measures":{"value":0}}
{"ts":1669475119283054806,"type":"point","name":"exType:baseline/permutationIndex:0/run:14/dialer:center/eavesCount:0/latencyMS:150/seq:3/fileSize:1048576/nodeType:Passive/nodeTypeIndex:0/meta:dup_data_rcvd","measures":{"value":0}}
{"ts":1669475119283057396,"type":"point","name":"exType:baseline/permutationIndex:0/run:14/dialer:center/eavesCount:0/latencyMS:150/seq:3/fileSize:1048576/nodeType:Passive/nodeTypeIndex:0/meta:blks_sent","measures":{"value":0}}
{"ts":1669475119283059911,"type":"point","name":"exType:baseline/permutationIndex:0/run:14/dialer:center/eavesCount:0/latencyMS:150/seq:3/fileSize:1048576/nodeType:Passive/nodeTypeIndex:0/meta:blks_rcvd","measures":{"value":0}}
{"ts":1669475119283062411,"type":"point","name":"exType:baseline/permutationIndex:0/run:14/dialer:center/eavesCount:0/latencyMS:150/seq:3/fileSize:1048576/nodeType:Passive/nodeTypeIndex:0/meta:dup_blks_rcvd","measures":{"value":0}}
{"ts":1669475124081496906,"type":"point","name":"exType:baseline/permutationIndex:0/run:15/dialer:center/eavesCount:0/latencyMS:150/seq:3/fileSize:1048576/nodeType:Passive/nodeTypeIndex:0/meta:msgs_rcvd","measures":{"value":2}}
{"ts":1669475124081520161,"type":"point","name":"exType:baseline/permutationIndex:0/run:15/dialer:center/eavesCount:0/latencyMS:150/seq:3/fileSize:1048576/nodeType:Passive/nodeTypeIndex:0/meta:data_sent","measures":{"value":0}}
{"ts":1669475124081524332,"type":"point","name":"exType:baseline/permutationIndex:0/run:15/dialer:center/eavesCount:0/latencyMS:150/seq:3/fileSize:1048576/nodeType:Passive/nodeTypeIndex:0/meta:data_rcvd","measures":{"value":0}}
{"ts":1669475124081527311,"type":"point","name":"exType:baseline/permutationIndex:0/run:15/dialer:center/eavesCount:0/latencyMS:150/seq:3/fileSize:1048576/nodeType:Passive/nodeTypeIndex:0/meta:dup_data_rcvd","measures":{"value":0}}
{"ts":1669475124081529760,"type":"point","name":"exType:baseline/permutationIndex:0/run:15/dialer:center/eavesCount:0/latencyMS:150/seq:3/fileSize:1048576/nodeType:Passive/nodeTypeIndex:0/meta:blks_sent","measures":{"value":0}}
{"ts":1669475124081532154,"type":"point","name":"exType:baseline/permutationIndex:0/run:15/dialer:center/eavesCount:0/latencyMS:150/seq:3/fileSize:1048576/nodeType:Passive/nodeTypeIndex:0/meta:blks_rcvd","measures":{"value":0}}
{"ts":1669475124081534674,"type":"point","name":"exType:baseline/permutationIndex:0/run:15/dialer:center/eavesCount:0/latencyMS:150/seq:3/fileSize:1048576/nodeType:Passive/nodeTypeIndex:0/meta:dup_blks_rcvd","measures":{"value":0}}
{"ts":1669475128847089557,"type":"point","name":"exType:baseline/permutationIndex:0/run:16/dialer:center/eavesCount:0/latencyMS:150/seq:3/fileSize:1048576/nodeType:Passive/nodeTypeIndex:0/meta:msgs_rcvd","measures":{"value":4}}
{"ts":1669475128847115790,"type":"point","name":"exType:baseline/permutationIndex:0/run:16/dialer:center/eavesCount:0/latencyMS:150/seq:3/fileSize:1048576/nodeType:Passive/nodeTypeIndex:0/meta:data_sent","measures":{"value":0}}
{"ts":1669475128847121957,"type":"point","name":"exType:baseline/permutationIndex:0/run:16/dialer:center/eavesCount:0/latencyMS:150/seq:3/fileSize:1048576/nodeType:Passive/nodeTypeIndex:0/meta:data_rcvd","measures":{"value":0}}
{"ts":1669475128847339878,"type":"point","name":"exType:baseline/permutationIndex:0/run:16/dialer:center/eavesCount:0/latencyMS:150/seq:3/fileSize:1048576/nodeType:Passive/nodeTypeIndex:0/meta:dup_data_rcvd","measures":{"value":0}}
{"ts":1669475128847353890,"type":"point","name":"exType:baseline/permutationIndex:0/run:16/dialer:center/eavesCount:0/latencyMS:150/seq:3/fileSize:1048576/nodeType:Passive/nodeTypeIndex:0/meta:blks_sent","measures":{"value":0}}
{"ts":1669475128847359522,"type":"point","name":"exType:baseline/permutationIndex:0/run:16/dialer:center/eavesCount:0/latencyMS:150/seq:3/fileSize:1048576/nodeType:Passive/nodeTypeIndex:0/meta:blks_rcvd","measures":{"value":0}}
{"ts":1669475128847364845,"type":"point","name":"exType:baseline/permutationIndex:0/run:16/dialer:center/eavesCount:0/latencyMS:150/seq:3/fileSize:1048576/nodeType:Passive/nodeTypeIndex:0/meta:dup_blks_rcvd","measures":{"value":0}}
{"ts":1669475134190857353,"type":"point","name":"exType:baseline/permutationIndex:0/run:17/dialer:center/eavesCount:0/latencyMS:150/seq:3/fileSize:1048576/nodeType:Passive/nodeTypeIndex:0/meta:msgs_rcvd","measures":{"value":4}}
{"ts":1669475134190888830,"type":"point","name":"exType:baseline/permutationIndex:0/run:17/dialer:center/eavesCount:0/latencyMS:150/seq:3/fileSize:1048576/nodeType:Passive/nodeTypeIndex:0/meta:data_sent","measures":{"value":0}}
{"ts":1669475134190895926,"type":"point","name":"exType:baseline/permutationIndex:0/run:17/dialer:center/eavesCount:0/latencyMS:150/seq:3/fileSize:1048576/nodeType:Passive/nodeTypeIndex:0/meta:data_rcvd","measures":{"value":0}}
{"ts":1669475134190900575,"type":"point","name":"exType:baseline/permutationIndex:0/run:17/dialer:center/eavesCount:0/latencyMS:150/seq:3/fileSize:1048576/nodeType:Passive/nodeTypeIndex:0/meta:dup_data_rcvd","measures":{"value":0}}
{"ts":1669475134190904566,"type":"point","name":"exType:baseline/permutationIndex:0/run:17/dialer:center/eavesCount:0/latencyMS:150/seq:3/fileSize:1048576/nodeType:Passive/nodeTypeIndex:0/meta:blks_sent","measures":{"value":0}}
{"ts":1669475134190909099,"type":"point","name":"exType:baseline/permutationIndex:0/run:17/dialer:center/eavesCount:0/latencyMS:150/seq:3/fileSize:1048576/nodeType:Passive/nodeTypeIndex:0/meta:blks_rcvd","measures":{"value":0}}
{"ts":1669475134190913028,"type":"point","name":"exType:baseline/permutationIndex:0/run:17/dialer:center/eavesCount:0/latencyMS:150/seq:3/fileSize:1048576/nodeType:Passive/nodeTypeIndex:0/meta:dup_blks_rcvd","measures":{"value":0}}
{"ts":1669475138519990997,"type":"point","name":"exType:baseline/permutationIndex:0/run:18/dialer:center/eavesCount:0/latencyMS:150/seq:3/fileSize:1048576/nodeType:Passive/nodeTypeIndex:0/meta:msgs_rcvd","measures":{"value":4}}
{"ts":1669475138520009802,"type":"point","name":"exType:baseline/permutationIndex:0/run:18/dialer:center/eavesCount:0/latencyMS:150/seq:3/fileSize:1048576/nodeType:Passive/nodeTypeIndex:0/meta:data_sent","measures":{"value":0}}
{"ts":1669475138520012166,"type":"point","name":"exType:baseline/permutationIndex:0/run:18/dialer:center/eavesCount:0/latencyMS:150/seq:3/fileSize:1048576/nodeType:Passive/nodeTypeIndex:0/meta:data_rcvd","measures":{"value":0}}
{"ts":1669475138520013710,"type":"point","name":"exType:baseline/permutationIndex:0/run:18/dialer:center/eavesCount:0/latencyMS:150/seq:3/fileSize:1048576/nodeType:Passive/nodeTypeIndex:0/meta:dup_data_rcvd","measures":{"value":0}}
{"ts":1669475138520015311,"type":"point","name":"exType:baseline/permutationIndex:0/run:18/dialer:center/eavesCount:0/latencyMS:150/seq:3/fileSize:1048576/nodeType:Passive/nodeTypeIndex:0/meta:blks_sent","measures":{"value":0}}
{"ts":1669475138520016879,"type":"point","name":"exType:baseline/permutationIndex:0/run:18/dialer:center/eavesCount:0/latencyMS:150/seq:3/fileSize:1048576/nodeType:Passive/nodeTypeIndex:0/meta:blks_rcvd","measures":{"value":0}}
{"ts":1669475138520018721,"type":"point","name":"exType:baseline/permutationIndex:0/run:18/dialer:center/eavesCount:0/latencyMS:150/seq:3/fileSize:1048576/nodeType:Passive/nodeTypeIndex:0/meta:dup_blks_rcvd","measures":{"value":0}}
{"ts":1669475142985703892,"type":"point","name":"exType:baseline/permutationIndex:0/run:19/dialer:center/eavesCount:0/latencyMS:150/seq:3/fileSize:1048576/nodeType:Passive/nodeTypeIndex:0/meta:msgs_rcvd","measures":{"value":3}}
{"ts":1669475142985738891,"type":"point","name":"exType:baseline/permutationIndex:0/run:19/dialer:center/eavesCount:0/latencyMS:150/seq:3/fileSize:1048576/nodeType:Passive/nodeTypeIndex:0/meta:data_sent","measures":{"value":0}}
{"ts":1669475142985745999,"type":"point","name":"exType:baseline/permutationIndex:0/run:19/dialer:center/eavesCount:0/latencyMS:150/seq:3/fileSize:1048576/nodeType:Passive/nodeTypeIndex:0/meta:data_rcvd","measures":{"value":0}}
{"ts":1669475142985751535,"type":"point","name":"exType:baseline/permutationIndex:0/run:19/dialer:center/eavesCount:0/latencyMS:150/seq:3/fileSize:1048576/nodeType:Passive/nodeTypeIndex:0/meta:dup_data_rcvd","measures":{"value":0}}
{"ts":1669475142985756665,"type":"point","name":"exType:baseline/permutationIndex:0/run:19/dialer:center/eavesCount:0/latencyMS:150/seq:3/fileSize:1048576/nodeType:Passive/nodeTypeIndex:0/meta:blks_sent","measures":{"value":0}}
{"ts":1669475142985761591,"type":"point","name":"exType:baseline/permutationIndex:0/run:19/dialer:center/eavesCount:0/latencyMS:150/seq:3/fileSize:1048576/nodeType:Passive/nodeTypeIndex:0/meta:blks_rcvd","measures":{"value":0}}
{"ts":1669475142985766303,"type":"point","name":"exType:baseline/permutationIndex:0/run:19/dialer:center/eavesCount:0/latencyMS:150/seq:3/fileSize:1048576/nodeType:Passive/nodeTypeIndex:0/meta:dup_blks_rcvd","measures":{"value":0}}
{"ts":1669475147495692669,"type":"point","name":"exType:baseline/permutationIndex:0/run:20/dialer:center/eavesCount:0/latencyMS:150/seq:3/fileSize:1048576/nodeType:Passive/nodeTypeIndex:0/meta:msgs_rcvd","measures":{"value":1}}
{"ts":1669475147495727911,"type":"point","name":"exType:baseline/permutationIndex:0/run:20/dialer:center/eavesCount:0/latencyMS:150/seq:3/fileSize:1048576/nodeType:Passive/nodeTypeIndex:0/meta:data_sent","measures":{"value":0}}
{"ts":1669475147495734962,"type":"point","name":"exType:baseline/permutationIndex:0/run:20/dialer:center/eavesCount:0/latencyMS:150/seq:3/fileSize:1048576/nodeType:Passive/nodeTypeIndex:0/meta:data_rcvd","measures":{"value":0}}
{"ts":1669475147495739384,"type":"point","name":"exType:baseline/permutationIndex:0/run:20/dialer:center/eavesCount:0/latencyMS:150/seq:3/fileSize:1048576/nodeType:Passive/nodeTypeIndex:0/meta:dup_data_rcvd","measures":{"value":0}}
{"ts":1669475147495743805,"type":"point","name":"exType:baseline/permutationIndex:0/run:20/dialer:center/eavesCount:0/latencyMS:150/seq:3/fileSize:1048576/nodeType:Passive/nodeTypeIndex:0/meta:blks_sent","measures":{"value":0}}
{"ts":1669475147495747626,"type":"point","name":"exType:baseline/permutationIndex:0/run:20/dialer:center/eavesCount:0/latencyMS:150/seq:3/fileSize:1048576/nodeType:Passive/nodeTypeIndex:0/meta:blks_rcvd","measures":{"value":0}}
{"ts":1669475147495754266,"type":"point","name":"exType:baseline/permutationIndex:0/run:20/dialer:center/eavesCount:0/latencyMS:150/seq:3/fileSize:1048576/nodeType:Passive/nodeTypeIndex:0/meta:dup_blks_rcvd","measures":{"value":0}}
{"ts":1669475152004202534,"type":"point","name":"exType:baseline/permutationIndex:0/run:21/dialer:center/eavesCount:0/latencyMS:150/seq:3/fileSize:1048576/nodeType:Passive/nodeTypeIndex:0/meta:msgs_rcvd","measures":{"value":4}}
{"ts":1669475152004227956,"type":"point","name":"exType:baseline/permutationIndex:0/run:21/dialer:center/eavesCount:0/latencyMS:150/seq:3/fileSize:1048576/nodeType:Passive/nodeTypeIndex:0/meta:data_sent","measures":{"value":0}}
{"ts":1669475152004231171,"type":"point","name":"exType:baseline/permutationIndex:0/run:21/dialer:center/eavesCount:0/latencyMS:150/seq:3/fileSize:1048576/nodeType:Passive/nodeTypeIndex:0/meta:data_rcvd","measures":{"value":0}}
{"ts":1669475152004233780,"type":"point","name":"exType:baseline/permutationIndex:0/run:21/dialer:center/eavesCount:0/latencyMS:150/seq:3/fileSize:1048576/nodeType:Passive/nodeTypeIndex:0/meta:dup_data_rcvd","measures":{"value":0}}
{"ts":1669475152004244102,"type":"point","name":"exType:baseline/permutationIndex:0/run:21/dialer:center/eavesCount:0/latencyMS:150/seq:3/fileSize:1048576/nodeType:Passive/nodeTypeIndex:0/meta:blks_sent","measures":{"value":0}}
{"ts":1669475152004246510,"type":"point","name":"exType:baseline/permutationIndex:0/run:21/dialer:center/eavesCount:0/latencyMS:150/seq:3/fileSize:1048576/nodeType:Passive/nodeTypeIndex:0/meta:blks_rcvd","measures":{"value":0}}
{"ts":1669475152004248747,"type":"point","name":"exType:baseline/permutationIndex:0/run:21/dialer:center/eavesCount:0/latencyMS:150/seq:3/fileSize:1048576/nodeType:Passive/nodeTypeIndex:0/meta:dup_blks_rcvd","measures":{"value":0}}
{"ts":1669475156470874400,"type":"point","name":"exType:baseline/permutationIndex:0/run:22/dialer:center/eavesCount:0/latencyMS:150/seq:3/fileSize:1048576/nodeType:Passive/nodeTypeIndex:0/meta:msgs_rcvd","measures":{"value":2}}
{"ts":1669475156470900660,"type":"point","name":"exType:baseline/permutationIndex:0/run:22/dialer:center/eavesCount:0/latencyMS:150/seq:3/fileSize:1048576/nodeType:Passive/nodeTypeIndex:0/meta:data_sent","measures":{"value":0}}
{"ts":1669475156470904458,"type":"point","name":"exType:baseline/permutationIndex:0/run:22/dialer:center/eavesCount:0/latencyMS:150/seq:3/fileSize:1048576/nodeType:Passive/nodeTypeIndex:0/meta:data_rcvd","measures":{"value":0}}
{"ts":1669475156470908110,"type":"point","name":"exType:baseline/permutationIndex:0/run:22/dialer:center/eavesCount:0/latencyMS:150/seq:3/fileSize:1048576/nodeType:Passive/nodeTypeIndex:0/meta:dup_data_rcvd","measures":{"value":0}}
{"ts":1669475156470910893,"type":"point","name":"exType:baseline/permutationIndex:0/run:22/dialer:center/eavesCount:0/latencyMS:150/seq:3/fileSize:1048576/nodeType:Passive/nodeTypeIndex:0/meta:blks_sent","measures":{"value":0}}
{"ts":1669475156470913617,"type":"point","name":"exType:baseline/permutationIndex:0/run:22/dialer:center/eavesCount:0/latencyMS:150/seq:3/fileSize:1048576/nodeType:Passive/nodeTypeIndex:0/meta:blks_rcvd","measures":{"value":0}}
{"ts":1669475156470916354,"type":"point","name":"exType:baseline/permutationIndex:0/run:22/dialer:center/eavesCount:0/latencyMS:150/seq:3/fileSize:1048576/nodeType:Passive/nodeTypeIndex:0/meta:dup_blks_rcvd","measures":{"value":0}}
{"ts":1669475161247817662,"type":"point","name":"exType:baseline/permutationIndex:0/run:23/dialer:center/eavesCount:0/latencyMS:150/seq:3/fileSize:1048576/nodeType:Passive/nodeTypeIndex:0/meta:msgs_rcvd","measures":{"value":3}}
{"ts":1669475161247841175,"type":"point","name":"exType:baseline/permutationIndex:0/run:23/dialer:center/eavesCount:0/latencyMS:150/seq:3/fileSize:1048576/nodeType:Passive/nodeTypeIndex:0/meta:data_sent","measures":{"value":0}}
{"ts":1669475161247846301,"type":"point","name":"exType:baseline/permutationIndex:0/run:23/dialer:center/eavesCount:0/latencyMS:150/seq:3/fileSize:1048576/nodeType:Passive/nodeTypeIndex:0/meta:data_rcvd","measures":{"value":0}}
{"ts":1669475161247848862,"type":"point","name":"exType:baseline/permutationIndex:0/run:23/dialer:center/eavesCount:0/latencyMS:150/seq:3/fileSize:1048576/nodeType:Passive/nodeTypeIndex:0/meta:dup_data_rcvd","measures":{"value":0}}
{"ts":1669475161247851497,"type":"point","name":"exType:baseline/permutationIndex:0/run:23/dialer:center/eavesCount:0/latencyMS:150/seq:3/fileSize:1048576/nodeType:Passive/nodeTypeIndex:0/meta:blks_sent","measures":{"value":0}}
{"ts":1669475161247854677,"type":"point","name":"exType:baseline/permutationIndex:0/run:23/dialer:center/eavesCount:0/latencyMS:150/seq:3/fileSize:1048576/nodeType:Passive/nodeTypeIndex:0/meta:blks_rcvd","measures":{"value":0}}
{"ts":1669475161247856326,"type":"point","name":"exType:baseline/permutationIndex:0/run:23/dialer:center/eavesCount:0/latencyMS:150/seq:3/fileSize:1048576/nodeType:Passive/nodeTypeIndex:0/meta:dup_blks_rcvd","measures":{"value":0}}
{"ts":1669475165691049468,"type":"point","name":"exType:baseline/permutationIndex:0/run:24/dialer:center/eavesCount:0/latencyMS:150/seq:3/fileSize:1048576/nodeType:Passive/nodeTypeIndex:0/meta:msgs_rcvd","measures":{"value":3}}
{"ts":1669475165691085005,"type":"point","name":"exType:baseline/permutationIndex:0/run:24/dialer:center/eavesCount:0/latencyMS:150/seq:3/fileSize:1048576/nodeType:Passive/nodeTypeIndex:0/meta:data_sent","measures":{"value":0}}
{"ts":1669475165691090529,"type":"point","name":"exType:baseline/permutationIndex:0/run:24/dialer:center/eavesCount:0/latencyMS:150/seq:3/fileSize:1048576/nodeType:Passive/nodeTypeIndex:0/meta:data_rcvd","measures":{"value":0}}
{"ts":1669475165691094974,"type":"point","name":"exType:baseline/permutationIndex:0/run:24/dialer:center/eavesCount:0/latencyMS:150/seq:3/fileSize:1048576/nodeType:Passive/nodeTypeIndex:0/meta:dup_data_rcvd","measures":{"value":0}}
{"ts":1669475165691098383,"type":"point","name":"exType:baseline/permutationIndex:0/run:24/dialer:center/eavesCount:0/latencyMS:150/seq:3/fileSize:1048576/nodeType:Passive/nodeTypeIndex:0/meta:blks_sent","measures":{"value":0}}
{"ts":1669475165691102035,"type":"point","name":"exType:baseline/permutationIndex:0/run:24/dialer:center/eavesCount:0/latencyMS:150/seq:3/fileSize:1048576/nodeType:Passive/nodeTypeIndex:0/meta:blks_rcvd","measures":{"value":0}}
{"ts":1669475165691105995,"type":"point","name":"exType:baseline/permutationIndex:0/run:24/dialer:center/eavesCount:0/latencyMS:150/seq:3/fileSize:1048576/nodeType:Passive/nodeTypeIndex:0/meta:dup_blks_rcvd","measures":{"value":0}}
