{"ts":1670665318237309580,"type":"point","name":"exType:trickle/permutationIndex:0/run:1/dialer:edge/eavesCount:0/latencyMS:100/tricklingDelay:0/seq:9/fileSize:1048576/nodeType:Passive/nodeTypeIndex:6/meta:msgs_rcvd","measures":{"value":43}}
{"ts":1670665318237423247,"type":"point","name":"exType:trickle/permutationIndex:0/run:1/dialer:edge/eavesCount:0/latencyMS:100/tricklingDelay:0/seq:9/fileSize:1048576/nodeType:Passive/nodeTypeIndex:6/meta:data_sent","measures":{"value":2360022}}
{"ts":1670665318237470234,"type":"point","name":"exType:trickle/permutationIndex:0/run:1/dialer:edge/eavesCount:0/latencyMS:100/tricklingDelay:0/seq:9/fileSize:1048576/nodeType:Passive/nodeTypeIndex:6/meta:data_rcvd","measures":{"value":2359822}}
{"ts":1670665318237493279,"type":"point","name":"exType:trickle/permutationIndex:0/run:1/dialer:edge/eavesCount:0/latencyMS:100/tricklingDelay:0/seq:9/fileSize:1048576/nodeType:Passive/nodeTypeIndex:6/meta:dup_data_rcvd","measures":{"value":1310990}}
{"ts":1670665318237514610,"type":"point","name":"exType:trickle/permutationIndex:0/run:1/dialer:edge/eavesCount:0/latencyMS:100/tricklingDelay:0/seq:9/fileSize:1048576/nodeType:Passive/nodeTypeIndex:6/meta:blks_sent","measures":{"value":12}}
{"ts":1670665318237536118,"type":"point","name":"exType:trickle/permutationIndex:0/run:1/dialer:edge/eavesCount:0/latencyMS:100/tricklingDelay:0/seq:9/fileSize:1048576/nodeType:Passive/nodeTypeIndex:6/meta:blks_rcvd","measures":{"value":11}}
{"ts":1670665318237556782,"type":"point","name":"exType:trickle/permutationIndex:0/run:1/dialer:edge/eavesCount:0/latencyMS:100/tricklingDelay:0/seq:9/fileSize:1048576/nodeType:Passive/nodeTypeIndex:6/meta:dup_blks_rcvd","measures":{"value":6}}
{"ts":1670665329011703972,"type":"point","name":"exType:trickle/permutationIndex:0/run:2/dialer:edge/eavesCount:0/latencyMS:100/tricklingDelay:0/seq:9/fileSize:1048576/nodeType:Passive/nodeTypeIndex:6/meta:msgs_rcvd","measures":{"value":49}}
{"ts":1670665329011810120,"type":"point","name":"exType:trickle/permutationIndex:0/run:2/dialer:edge/eavesCount:0/latencyMS:100/tricklingDelay:0/seq:9/fileSize:1048576/nodeType:Passive/nodeTypeIndex:6/meta:data_sent","measures":{"value":2360022}}
{"ts":1670665329011843634,"type":"point","name":"exType:trickle/permutationIndex:0/run:2/dialer:edge/eavesCount:0/latencyMS:100/tricklingDelay:0/seq:9/fileSize:1048576/nodeType:Passive/nodeTypeIndex:6/meta:data_rcvd","measures":{"value":2360022}}
{"ts":1670665329011867996,"type":"point","name":"exType:trickle/permutationIndex:0/run:2/dialer:edge/eavesCount:0/latencyMS:100/tricklingDelay:0/seq:9/fileSize:1048576/nodeType:Passive/nodeTypeIndex:6/meta:dup_data_rcvd","measures":{"value":1311190}}
{"ts":1670665329011889684,"type":"point","name":"exType:trickle/permutationIndex:0/run:2/dialer:edge/eavesCount:0/latencyMS:100/tricklingDelay:0/seq:9/fileSize:1048576/nodeType:Passive/nodeTypeIndex:6/meta:blks_sent","measures":{"value":12}}
{"ts":1670665329011910075,"type":"point","name":"exType:trickle/permutationIndex:0/run:2/dialer:edge/eavesCount:0/latencyMS:100/tricklingDelay:0/seq:9/fileSize:1048576/nodeType:Passive/nodeTypeIndex:6/meta:blks_rcvd","measures":{"value":12}}
{"ts":1670665329011932544,"type":"point","name":"exType:trickle/permutationIndex:0/run:2/dialer:edge/eavesCount:0/latencyMS:100/tricklingDelay:0/seq:9/fileSize:1048576/nodeType:Passive/nodeTypeIndex:6/meta:dup_blks_rcvd","measures":{"value":7}}
{"ts":1670665339659976367,"type":"point","name":"exType:trickle/permutationIndex:0/run:3/dialer:edge/eavesCount:0/latencyMS:100/tricklingDelay:0/seq:9/fileSize:1048576/nodeType:Passive/nodeTypeIndex:6/meta:msgs_rcvd","measures":{"value":45}}
{"ts":1670665339660158776,"type":"point","name":"exType:trickle/permutationIndex:0/run:3/dialer:edge/eavesCount:0/latencyMS:100/tricklingDelay:0/seq:9/fileSize:1048576/nodeType:Passive/nodeTypeIndex:6/meta:data_sent","measures":{"value":1573548}}
{"ts":1670665339660268151,"type":"point","name":"exType:trickle/permutationIndex:0/run:3/dialer:edge/eavesCount:0/latencyMS:100/tricklingDelay:0/seq:9/fileSize:1048576/nodeType:Passive/nodeTypeIndex:6/meta:data_rcvd","measures":{"value":3146096}}
{"ts":1670665339660285621,"type":"point","name":"exType:trickle/permutationIndex:0/run:3/dialer:edge/eavesCount:0/latencyMS:100/tricklingDelay:0/seq:9/fileSize:1048576/nodeType:Passive/nodeTypeIndex:6/meta:dup_data_rcvd","measures":{"value":2097264}}
{"ts":1670665339660289139,"type":"point","name":"exType:trickle/permutationIndex:0/run:3/dialer:edge/eavesCount:0/latencyMS:100/tricklingDelay:0/seq:9/fileSize:1048576/nodeType:Passive/nodeTypeIndex:6/meta:blks_sent","measures":{"value":9}}
{"ts":1670665339660292798,"type":"point","name":"exType:trickle/permutationIndex:0/run:3/dialer:edge/eavesCount:0/latencyMS:100/tricklingDelay:0/seq:9/fileSize:1048576/nodeType:Passive/nodeTypeIndex:6/meta:blks_rcvd","measures":{"value":13}}
{"ts":1670665339660295419,"type":"point","name":"exType:trickle/permutationIndex:0/run:3/dialer:edge/eavesCount:0/latencyMS:100/tricklingDelay:0/seq:9/fileSize:1048576/nodeType:Passive/nodeTypeIndex:6/meta:dup_blks_rcvd","measures":{"value":8}}
{"ts":1670665350598122002,"type":"point","name":"exType:trickle/permutationIndex:0/run:4/dialer:edge/eavesCount:0/latencyMS:100/tricklingDelay:0/seq:9/fileSize:1048576/nodeType:Passive/nodeTypeIndex:6/meta:msgs_rcvd","measures":{"value":48}}
{"ts":1670665350598186660,"type":"point","name":"exType:trickle/permutationIndex:0/run:4/dialer:edge/eavesCount:0/latencyMS:100/tricklingDelay:0/seq:9/fileSize:1048576/nodeType:Passive/nodeTypeIndex:6/meta:data_sent","measures":{"value":2360022}}
{"ts":1670665350598211035,"type":"point","name":"exType:trickle/permutationIndex:0/run:4/dialer:edge/eavesCount:0/latencyMS:100/tricklingDelay:0/seq:9/fileSize:1048576/nodeType:Passive/nodeTypeIndex:6/meta:data_rcvd","measures":{"value":2359822}}
{"ts":1670665350598262755,"type":"point","name":"exType:trickle/permutationIndex:0/run:4/dialer:edge/eavesCount:0/latencyMS:100/tricklingDelay:0/seq:9/fileSize:1048576/nodeType:Passive/nodeTypeIndex:6/meta:dup_data_rcvd","measures":{"value":1310990}}
{"ts":1670665350598285138,"type":"point","name":"exType:trickle/permutationIndex:0/run:4/dialer:edge/eavesCount:0/latencyMS:100/tricklingDelay:0/seq:9/fileSize:1048576/nodeType:Passive/nodeTypeIndex:6/meta:blks_sent","measures":{"value":12}}
{"ts":1670665350598306545,"type":"point","name":"exType:trickle/permutationIndex:0/run:4/dialer:edge/eavesCount:0/latencyMS:100/tricklingDelay:0/seq:9/fileSize:1048576/nodeType:Passive/nodeTypeIndex:6/meta:blks_rcvd","measures":{"value":11}}
{"ts":1670665350598326857,"type":"point","name":"exType:trickle/permutationIndex:0/run:4/dialer:edge/eavesCount:0/latencyMS:100/tricklingDelay:0/seq:9/fileSize:1048576/nodeType:Passive/nodeTypeIndex:6/meta:dup_blks_rcvd","measures":{"value":6}}
{"ts":1670665360736959162,"type":"point","name":"exType:trickle/permutationIndex:0/run:5/dialer:edge/eavesCount:0/latencyMS:100/tricklingDelay:0/seq:9/fileSize:1048576/nodeType:Passive/nodeTypeIndex:6/meta:msgs_rcvd","measures":{"value":47}}
{"ts":1670665360737149868,"type":"point","name":"exType:trickle/permutationIndex:0/run:5/dialer:edge/eavesCount:0/latencyMS:100/tricklingDelay:0/seq:9/fileSize:1048576/nodeType:Passive/nodeTypeIndex:6/meta:data_sent","measures":{"value":786874}}
{"ts":1670665360737190004,"type":"point","name":"exType:trickle/permutationIndex:0/run:5/dialer:edge/eavesCount:0/latencyMS:100/tricklingDelay:0/seq:9/fileSize:1048576/nodeType:Passive/nodeTypeIndex:6/meta:data_rcvd","measures":{"value":3932770}}
{"ts":1670665360737215911,"type":"point","name":"exType:trickle/permutationIndex:0/run:5/dialer:edge/eavesCount:0/latencyMS:100/tricklingDelay:0/seq:9/fileSize:1048576/nodeType:Passive/nodeTypeIndex:6/meta:dup_data_rcvd","measures":{"value":1835306}}
{"ts":1670665360737237775,"type":"point","name":"exType:trickle/permutationIndex:0/run:5/dialer:edge/eavesCount:0/latencyMS:100/tricklingDelay:0/seq:9/fileSize:1048576/nodeType:Passive/nodeTypeIndex:6/meta:blks_sent","measures":{"value":5}}
{"ts":1670665360737275618,"type":"point","name":"exType:trickle/permutationIndex:0/run:5/dialer:edge/eavesCount:0/latencyMS:100/tricklingDelay:0/seq:9/fileSize:1048576/nodeType:Passive/nodeTypeIndex:6/meta:blks_rcvd","measures":{"value":17}}
{"ts":1670665360737332260,"type":"point","name":"exType:trickle/permutationIndex:0/run:5/dialer:edge/eavesCount:0/latencyMS:100/tricklingDelay:0/seq:9/fileSize:1048576/nodeType:Passive/nodeTypeIndex:6/meta:dup_blks_rcvd","measures":{"value":8}}
{"ts":1670665371581814902,"type":"point","name":"exType:trickle/permutationIndex:0/run:6/dialer:edge/eavesCount:0/latencyMS:100/tricklingDelay:0/seq:9/fileSize:1048576/nodeType:Passive/nodeTypeIndex:6/meta:msgs_rcvd","measures":{"value":49}}
{"ts":1670665371581898345,"type":"point","name":"exType:trickle/permutationIndex:0/run:6/dialer:edge/eavesCount:0/latencyMS:100/tricklingDelay:0/seq:9/fileSize:1048576/nodeType:Passive/nodeTypeIndex:6/meta:data_sent","measures":{"value":1573548}}
{"ts":1670665371581930972,"type":"point","name":"exType:trickle/permutationIndex:0/run:6/dialer:edge/eavesCount:0/latencyMS:100/tricklingDelay:0/seq:9/fileSize:1048576/nodeType:Passive/nodeTypeIndex:6/meta:data_rcvd","measures":{"value":2621980}}
{"ts":1670665371581953240,"type":"point","name":"exType:trickle/permutationIndex:0/run:6/dialer:edge/eavesCount:0/latencyMS:100/tricklingDelay:0/seq:9/fileSize:1048576/nodeType:Passive/nodeTypeIndex:6/meta:dup_data_rcvd","measures":{"value":1573148}}
{"ts":1670665371582290379,"type":"point","name":"exType:trickle/permutationIndex:0/run:6/dialer:edge/eavesCount:0/latencyMS:100/tricklingDelay:0/seq:9/fileSize:1048576/nodeType:Passive/nodeTypeIndex:6/meta:blks_sent","measures":{"value":9}}
{"ts":1670665371582337931,"type":"point","name":"exType:trickle/permutationIndex:0/run:6/dialer:edge/eavesCount:0/latencyMS:100/tricklingDelay:0/seq:9/fileSize:1048576/nodeType:Passive/nodeTypeIndex:6/meta:blks_rcvd","measures":{"value":12}}
{"ts":1670665371582357828,"type":"point","name":"exType:trickle/permutationIndex:0/run:6/dialer:edge/eavesCount:0/latencyMS:100/tricklingDelay:0/seq:9/fileSize:1048576/nodeType:Passive/nodeTypeIndex:6/meta:dup_blks_rcvd","measures":{"value":7}}
{"ts":1670665382112645194,"type":"point","name":"exType:trickle/permutationIndex:0/run:7/dialer:edge/eavesCount:0/latencyMS:100/tricklingDelay:0/seq:9/fileSize:1048576/nodeType:Passive/nodeTypeIndex:6/meta:msgs_rcvd","measures":{"value":51}}
{"ts":1670665382112738251,"type":"point","name":"exType:trickle/permutationIndex:0/run:7/dialer:edge/eavesCount:0/latencyMS:100/tricklingDelay:0/seq:9/fileSize:1048576/nodeType:Passive/nodeTypeIndex:6/meta:data_sent","measures":{"value":1835506}}
{"ts":1670665382112768206,"type":"point","name":"exType:trickle/permutationIndex:0/run:7/dialer:edge/eavesCount:0/latencyMS:100/tricklingDelay:0/seq:9/fileSize:1048576/nodeType:Passive/nodeTypeIndex:6/meta:data_rcvd","measures":{"value":2360022}}
{"ts":1670665382112792712,"type":"point","name":"exType:trickle/permutationIndex:0/run:7/dialer:edge/eavesCount:0/latencyMS:100/tricklingDelay:0/seq:9/fileSize:1048576/nodeType:Passive/nodeTypeIndex:6/meta:dup_data_rcvd","measures":{"value":1311190}}
{"ts":1670665382112814770,"type":"point","name":"exType:trickle/permutationIndex:0/run:7/dialer:edge/eavesCount:0/latencyMS:100/tricklingDelay:0/seq:9/fileSize:1048576/nodeType:Passive/nodeTypeIndex:6/meta:blks_sent","measures":{"value":9}}
{"ts":1670665382112836740,"type":"point","name":"exType:trickle/permutationIndex:0/run:7/dialer:edge/eavesCount:0/latencyMS:100/tricklingDelay:0/seq:9/fileSize:1048576/nodeType:Passive/nodeTypeIndex:6/meta:blks_rcvd","measures":{"value":12}}
{"ts":1670665382112857960,"type":"point","name":"exType:trickle/permutationIndex:0/run:7/dialer:edge/eavesCount:0/latencyMS:100/tricklingDelay:0/seq:9/fileSize:1048576/nodeType:Passive/nodeTypeIndex:6/meta:dup_blks_rcvd","measures":{"value":7}}
{"ts":1670665393011711167,"type":"point","name":"exType:trickle/permutationIndex:0/run:8/dialer:edge/eavesCount:0/latencyMS:100/tricklingDelay:0/seq:9/fileSize:1048576/nodeType:Passive/nodeTypeIndex:6/meta:msgs_rcvd","measures":{"value":42}}
{"ts":1670665393011788382,"type":"point","name":"exType:trickle/permutationIndex:0/run:8/dialer:edge/eavesCount:0/latencyMS:100/tricklingDelay:0/seq:9/fileSize:1048576/nodeType:Passive/nodeTypeIndex:6/meta:data_sent","measures":{"value":1835706}}
{"ts":1670665393011916123,"type":"point","name":"exType:trickle/permutationIndex:0/run:8/dialer:edge/eavesCount:0/latencyMS:100/tricklingDelay:0/seq:9/fileSize:1048576/nodeType:Passive/nodeTypeIndex:6/meta:data_rcvd","measures":{"value":2621780}}
{"ts":1670665393011950583,"type":"point","name":"exType:trickle/permutationIndex:0/run:8/dialer:edge/eavesCount:0/latencyMS:100/tricklingDelay:0/seq:9/fileSize:1048576/nodeType:Passive/nodeTypeIndex:6/meta:dup_data_rcvd","measures":{"value":1310790}}
{"ts":1670665393011973661,"type":"point","name":"exType:trickle/permutationIndex:0/run:8/dialer:edge/eavesCount:0/latencyMS:100/tricklingDelay:0/seq:9/fileSize:1048576/nodeType:Passive/nodeTypeIndex:6/meta:blks_sent","measures":{"value":10}}
{"ts":1670665393011992916,"type":"point","name":"exType:trickle/permutationIndex:0/run:8/dialer:edge/eavesCount:0/latencyMS:100/tricklingDelay:0/seq:9/fileSize:1048576/nodeType:Passive/nodeTypeIndex:6/meta:blks_rcvd","measures":{"value":11}}
{"ts":1670665393012013126,"type":"point","name":"exType:trickle/permutationIndex:0/run:8/dialer:edge/eavesCount:0/latencyMS:100/tricklingDelay:0/seq:9/fileSize:1048576/nodeType:Passive/nodeTypeIndex:6/meta:dup_blks_rcvd","measures":{"value":5}}
{"ts":1670665404094453120,"type":"point","name":"exType:trickle/permutationIndex:0/run:9/dialer:edge/eavesCount:0/latencyMS:100/tricklingDelay:0/seq:9/fileSize:1048576/nodeType:Passive/nodeTypeIndex:6/meta:msgs_rcvd","measures":{"value":42}}
{"ts":1670665404094468088,"type":"point","name":"exType:trickle/permutationIndex:0/run:9/dialer:edge/eavesCount:0/latencyMS:100/tricklingDelay:0/seq:9/fileSize:1048576/nodeType:Passive/nodeTypeIndex:6/meta:data_sent","measures":{"value":2097664}}
{"ts":1670665404094471016,"type":"point","name":"exType:trickle/permutationIndex:0/run:9/dialer:edge/eavesCount:0/latencyMS:100/tricklingDelay:0/seq:9/fileSize:1048576/nodeType:Passive/nodeTypeIndex:6/meta:data_rcvd","measures":{"value":2097664}}
{"ts":1670665404094473341,"type":"point","name":"exType:trickle/permutationIndex:0/run:9/dialer:edge/eavesCount:0/latencyMS:100/tricklingDelay:0/seq:9/fileSize:1048576/nodeType:Passive/nodeTypeIndex:6/meta:dup_data_rcvd","measures":{"value":786674}}
{"ts":1670665404094475965,"type":"point","name":"exType:trickle/permutationIndex:0/run:9/dialer:edge/eavesCount:0/latencyMS:100/tricklingDelay:0/seq:9/fileSize:1048576/nodeType:Passive/nodeTypeIndex:6/meta:blks_sent","measures":{"value":10}}
{"ts":1670665404094478309,"type":"point","name":"exType:trickle/permutationIndex:0/run:9/dialer:edge/eavesCount:0/latencyMS:100/tricklingDelay:0/seq:9/fileSize:1048576/nodeType:Passive/nodeTypeIndex:6/meta:blks_rcvd","measures":{"value":10}}
{"ts":1670665404094480730,"type":"point","name":"exType:trickle/permutationIndex:0/run:9/dialer:edge/eavesCount:0/latencyMS:100/tricklingDelay:0/seq:9/fileSize:1048576/nodeType:Passive/nodeTypeIndex:6/meta:dup_blks_rcvd","measures":{"value":4}}
{"ts":1670665415333081698,"type":"point","name":"exType:trickle/permutationIndex:0/run:10/dialer:edge/eavesCount:0/latencyMS:100/tricklingDelay:0/seq:9/fileSize:1048576/nodeType:Passive/nodeTypeIndex:6/meta:msgs_rcvd","measures":{"value":52}}
{"ts":1670665415333191613,"type":"point","name":"exType:trickle/permutationIndex:0/run:10/dialer:edge/eavesCount:0/latencyMS:100/tricklingDelay:0/seq:9/fileSize:1048576/nodeType:Passive/nodeTypeIndex:6/meta:data_sent","measures":{"value":1048832}}
{"ts":1670665415333223908,"type":"point","name":"exType:trickle/permutationIndex:0/run:10/dialer:edge/eavesCount:0/latencyMS:100/tricklingDelay:0/seq:9/fileSize:1048576/nodeType:Passive/nodeTypeIndex:6/meta:data_rcvd","measures":{"value":3146496}}
{"ts":1670665415333257255,"type":"point","name":"exType:trickle/permutationIndex:0/run:10/dialer:edge/eavesCount:0/latencyMS:100/tricklingDelay:0/seq:9/fileSize:1048576/nodeType:Passive/nodeTypeIndex:6/meta:dup_data_rcvd","measures":{"value":1311190}}
{"ts":1670665415333318467,"type":"point","name":"exType:trickle/permutationIndex:0/run:10/dialer:edge/eavesCount:0/latencyMS:100/tricklingDelay:0/seq:9/fileSize:1048576/nodeType:Passive/nodeTypeIndex:6/meta:blks_sent","measures":{"value":5}}
{"ts":1670665415333334658,"type":"point","name":"exType:trickle/permutationIndex:0/run:10/dialer:edge/eavesCount:0/latencyMS:100/tricklingDelay:0/seq:9/fileSize:1048576/nodeType:Passive/nodeTypeIndex:6/meta:blks_rcvd","measures":{"value":15}}
{"ts":1670665415333347618,"type":"point","name":"exType:trickle/permutationIndex:0/run:10/dialer:edge/eavesCount:0/latencyMS:100/tricklingDelay:0/seq:9/fileSize:1048576/nodeType:Passive/nodeTypeIndex:6/meta:dup_blks_rcvd","measures":{"value":7}}
{"ts":1670665425916989289,"type":"point","name":"exType:trickle/permutationIndex:0/run:11/dialer:edge/eavesCount:0/latencyMS:100/tricklingDelay:0/seq:9/fileSize:1048576/nodeType:Passive/nodeTypeIndex:6/meta:msgs_rcvd","measures":{"value":47}}
{"ts":1670665425917088149,"type":"point","name":"exType:trickle/permutationIndex:0/run:11/dialer:edge/eavesCount:0/latencyMS:100/tricklingDelay:0/seq:9/fileSize:1048576/nodeType:Passive/nodeTypeIndex:6/meta:data_sent","measures":{"value":3408254}}
{"ts":1670665425917114586,"type":"point","name":"exType:trickle/permutationIndex:0/run:11/dialer:edge/eavesCount:0/latencyMS:100/tricklingDelay:0/seq:9/fileSize:1048576/nodeType:Passive/nodeTypeIndex:6/meta:data_rcvd","measures":{"value":1311390}}
{"ts":1670665425917137645,"type":"point","name":"exType:trickle/permutationIndex:0/run:11/dialer:edge/eavesCount:0/latencyMS:100/tricklingDelay:0/seq:9/fileSize:1048576/nodeType:Passive/nodeTypeIndex:6/meta:dup_data_rcvd","measures":{"value":262558}}
{"ts":1670665425917518264,"type":"point","name":"exType:trickle/permutationIndex:0/run:11/dialer:edge/eavesCount:0/latencyMS:100/tricklingDelay:0/seq:9/fileSize:1048576/nodeType:Passive/nodeTypeIndex:6/meta:blks_sent","measures":{"value":14}}
{"ts":1670665425917643279,"type":"point","name":"exType:trickle/permutationIndex:0/run:11/dialer:edge/eavesCount:0/latencyMS:100/tricklingDelay:0/seq:9/fileSize:1048576/nodeType:Passive/nodeTypeIndex:6/meta:blks_rcvd","measures":{"value":8}}
{"ts":1670665425917675662,"type":"point","name":"exType:trickle/permutationIndex:0/run:11/dialer:edge/eavesCount:0/latencyMS:100/tricklingDelay:0/seq:9/fileSize:1048576/nodeType:Passive/nodeTypeIndex:6/meta:dup_blks_rcvd","measures":{"value":3}}
{"ts":1670665436594064684,"type":"point","name":"exType:trickle/permutationIndex:0/run:12/dialer:edge/eavesCount:0/latencyMS:100/tricklingDelay:0/seq:9/fileSize:1048576/nodeType:Passive/nodeTypeIndex:6/meta:msgs_rcvd","measures":{"value":42}}
{"ts":1670665436594174198,"type":"point","name":"exType:trickle/permutationIndex:0/run:12/dialer:edge/eavesCount:0/latencyMS:100/tricklingDelay:0/seq:9/fileSize:1048576/nodeType:Passive/nodeTypeIndex:6/meta:data_sent","measures":{"value":2097864}}
{"ts":1670665436594199111,"type":"point","name":"exType:trickle/permutationIndex:0/run:12/dialer:edge/eavesCount:0/latencyMS:100/tricklingDelay:0/seq:9/fileSize:1048576/nodeType:Passive/nodeTypeIndex:6/meta:data_rcvd","measures":{"value":2621780}}
{"ts":1670665436594220980,"type":"point","name":"exType:trickle/permutationIndex:0/run:12/dialer:edge/eavesCount:0/latencyMS:100/tricklingDelay:0/seq:9/fileSize:1048576/nodeType:Passive/nodeTypeIndex:6/meta:dup_data_rcvd","measures":{"value":1572948}}
{"ts":1670665436594244841,"type":"point","name":"exType:trickle/permutationIndex:0/run:12/dialer:edge/eavesCount:0/latencyMS:100/tricklingDelay:0/seq:9/fileSize:1048576/nodeType:Passive/nodeTypeIndex:6/meta:blks_sent","measures":{"value":11}}
{"ts":1670665436594268078,"type":"point","name":"exType:trickle/permutationIndex:0/run:12/dialer:edge/eavesCount:0/latencyMS:100/tricklingDelay:0/seq:9/fileSize:1048576/nodeType:Passive/nodeTypeIndex:6/meta:blks_rcvd","measures":{"value":11}}
{"ts":1670665436594298443,"type":"point","name":"exType:trickle/permutationIndex:0/run:12/dialer:edge/eavesCount:0/latencyMS:100/tricklingDelay:0/seq:9/fileSize:1048576/nodeType:Passive/nodeTypeIndex:6/meta:dup_blks_rcvd","measures":{"value":6}}
{"ts":1670665447121842556,"type":"point","name":"exType:trickle/permutationIndex:0/run:13/dialer:edge/eavesCount:0/latencyMS:100/tricklingDelay:0/seq:9/fileSize:1048576/nodeType:Passive/nodeTypeIndex:6/meta:msgs_rcvd","measures":{"value":47}}
{"ts":1670665447121927633,"type":"point","name":"exType:trickle/permutationIndex:0/run:13/dialer:edge/eavesCount:0/latencyMS:100/tricklingDelay:0/seq:9/fileSize:1048576/nodeType:Passive/nodeTypeIndex:6/meta:data_sent","measures":{"value":2622180}}
{"ts":1670665447121951019,"type":"point","name":"exType:trickle/permutationIndex:0/run:13/dialer:edge/eavesCount:0/latencyMS:100/tricklingDelay:0/seq:9/fileSize:1048576/nodeType:Passive/nodeTypeIndex:6/meta:data_rcvd","measures":{"value":2097864}}
{"ts":1670665447121973773,"type":"point","name":"exType:trickle/permutationIndex:0/run:13/dialer:edge/eavesCount:0/latencyMS:100/tricklingDelay:0/seq:9/fileSize:1048576/nodeType:Passive/nodeTypeIndex:6/meta:dup_data_rcvd","measures":{"value":1049032}}
{"ts":1670665447121994231,"type":"point","name":"exType:trickle/permutationIndex:0/run:13/dialer:edge/eavesCount:0/latencyMS:100/tricklingDelay:0/seq:9/fileSize:1048576/nodeType:Passive/nodeTypeIndex:6/meta:blks_sent","measures":{"value":13}}
{"ts":1670665447122014236,"type":"point","name":"exType:trickle/permutationIndex:0/run:13/dialer:edge/eavesCount:0/latencyMS:100/tricklingDelay:0/seq:9/fileSize:1048576/nodeType:Passive/nodeTypeIndex:6/meta:blks_rcvd","measures":{"value":11}}
{"ts":1670665447122032513,"type":"point","name":"exType:trickle/permutationIndex:0/run:13/dialer:edge/eavesCount:0/latencyMS:100/tricklingDelay:0/seq:9/fileSize:1048576/nodeType:Passive/nodeTypeIndex:6/meta:dup_blks_rcvd","measures":{"value":6}}
{"ts":1670665457917748877,"type":"point","name":"exType:trickle/permutationIndex:0/run:14/dialer:edge/eavesCount:0/latencyMS:100/tricklingDelay:0/seq:9/fileSize:1048576/nodeType:Passive/nodeTypeIndex:6/meta:msgs_rcvd","measures":{"value":48}}
{"ts":1670665457917826581,"type":"point","name":"exType:trickle/permutationIndex:0/run:14/dialer:edge/eavesCount:0/latencyMS:100/tricklingDelay:0/seq:9/fileSize:1048576/nodeType:Passive/nodeTypeIndex:6/meta:data_sent","measures":{"value":2359622}}
{"ts":1670665457917856447,"type":"point","name":"exType:trickle/permutationIndex:0/run:14/dialer:edge/eavesCount:0/latencyMS:100/tricklingDelay:0/seq:9/fileSize:1048576/nodeType:Passive/nodeTypeIndex:6/meta:data_rcvd","measures":{"value":1835706}}
{"ts":1670665457917879114,"type":"point","name":"exType:trickle/permutationIndex:0/run:14/dialer:edge/eavesCount:0/latencyMS:100/tricklingDelay:0/seq:9/fileSize:1048576/nodeType:Passive/nodeTypeIndex:6/meta:dup_data_rcvd","measures":{"value":786874}}
{"ts":1670665457917901732,"type":"point","name":"exType:trickle/permutationIndex:0/run:14/dialer:edge/eavesCount:0/latencyMS:100/tricklingDelay:0/seq:9/fileSize:1048576/nodeType:Passive/nodeTypeIndex:6/meta:blks_sent","measures":{"value":10}}
{"ts":1670665457917923525,"type":"point","name":"exType:trickle/permutationIndex:0/run:14/dialer:edge/eavesCount:0/latencyMS:100/tricklingDelay:0/seq:9/fileSize:1048576/nodeType:Passive/nodeTypeIndex:6/meta:blks_rcvd","measures":{"value":10}}
{"ts":1670665457917945239,"type":"point","name":"exType:trickle/permutationIndex:0/run:14/dialer:edge/eavesCount:0/latencyMS:100/tricklingDelay:0/seq:9/fileSize:1048576/nodeType:Passive/nodeTypeIndex:6/meta:dup_blks_rcvd","measures":{"value":5}}
{"ts":1670665468524214930,"type":"point","name":"exType:trickle/permutationIndex:0/run:15/dialer:edge/eavesCount:0/latencyMS:100/tricklingDelay:0/seq:9/fileSize:1048576/nodeType:Passive/nodeTypeIndex:6/meta:msgs_rcvd","measures":{"value":52}}
{"ts":1670665468524232017,"type":"point","name":"exType:trickle/permutationIndex:0/run:15/dialer:edge/eavesCount:0/latencyMS:100/tricklingDelay:0/seq:9/fileSize:1048576/nodeType:Passive/nodeTypeIndex:6/meta:data_sent","measures":{"value":1835506}}
{"ts":1670665468524236456,"type":"point","name":"exType:trickle/permutationIndex:0/run:15/dialer:edge/eavesCount:0/latencyMS:100/tricklingDelay:0/seq:9/fileSize:1048576/nodeType:Passive/nodeTypeIndex:6/meta:data_rcvd","measures":{"value":3146496}}
{"ts":1670665468524243706,"type":"point","name":"exType:trickle/permutationIndex:0/run:15/dialer:edge/eavesCount:0/latencyMS:100/tricklingDelay:0/seq:9/fileSize:1048576/nodeType:Passive/nodeTypeIndex:6/meta:dup_data_rcvd","measures":{"value":1835506}}
{"ts":1670665468524246491,"type":"point","name":"exType:trickle/permutationIndex:0/run:15/dialer:edge/eavesCount:0/latencyMS:100/tricklingDelay:0/seq:9/fileSize:1048576/nodeType:Passive/nodeTypeIndex:6/meta:blks_sent","measures":{"value":9}}
{"ts":1670665468524249363,"type":"point","name":"exType:trickle/permutationIndex:0/run:15/dialer:edge/eavesCount:0/latencyMS:100/tricklingDelay:0/seq:9/fileSize:1048576/nodeType:Passive/nodeTypeIndex:6/meta:blks_rcvd","measures":{"value":15}}
{"ts":1670665468524252121,"type":"point","name":"exType:trickle/permutationIndex:0/run:15/dialer:edge/eavesCount:0/latencyMS:100/tricklingDelay:0/seq:9/fileSize:1048576/nodeType:Passive/nodeTypeIndex:6/meta:dup_blks_rcvd","measures":{"value":9}}
{"ts":1670665479180383045,"type":"point","name":"exType:trickle/permutationIndex:0/run:16/dialer:edge/eavesCount:0/latencyMS:100/tricklingDelay:0/seq:9/fileSize:1048576/nodeType:Passive/nodeTypeIndex:6/meta:msgs_rcvd","measures":{"value":45}}
{"ts":1670665479180494024,"type":"point","name":"exType:trickle/permutationIndex:0/run:16/dialer:edge/eavesCount:0/latencyMS:100/tricklingDelay:0/seq:9/fileSize:1048576/nodeType:Passive/nodeTypeIndex:6/meta:data_sent","measures":{"value":1835706}}
{"ts":1670665479180522056,"type":"point","name":"exType:trickle/permutationIndex:0/run:16/dialer:edge/eavesCount:0/latencyMS:100/tricklingDelay:0/seq:9/fileSize:1048576/nodeType:Passive/nodeTypeIndex:6/meta:data_rcvd","measures":{"value":2359822}}
{"ts":1670665479180542375,"type":"point","name":"exType:trickle/permutationIndex:0/run:16/dialer:edge/eavesCount:0/latencyMS:100/tricklingDelay:0/seq:9/fileSize:1048576/nodeType:Passive/nodeTypeIndex:6/meta:dup_data_rcvd","measures":{"value":1310990}}
{"ts":1670665479180561687,"type":"point","name":"exType:trickle/permutationIndex:0/run:16/dialer:edge/eavesCount:0/latencyMS:100/tricklingDelay:0/seq:9/fileSize:1048576/nodeType:Passive/nodeTypeIndex:6/meta:blks_sent","measures":{"value":10}}
{"ts":1670665479180583094,"type":"point","name":"exType:trickle/permutationIndex:0/run:16/dialer:edge/eavesCount:0/latencyMS:100/tricklingDelay:0/seq:9/fileSize:1048576/nodeType:Passive/nodeTypeIndex:6/meta:blks_rcvd","measures":{"value":11}}
{"ts":1670665479180604225,"type":"point","name":"exType:trickle/permutationIndex:0/run:16/dialer:edge/eavesCount:0/latencyMS:100/tricklingDelay:0/seq:9/fileSize:1048576/nodeType:Passive/nodeTypeIndex:6/meta:dup_blks_rcvd","measures":{"value":6}}
{"ts":1670665489936129497,"type":"point","name":"exType:trickle/permutationIndex:0/run:17/dialer:edge/eavesCount:0/latencyMS:100/tricklingDelay:0/seq:9/fileSize:1048576/nodeType:Passive/nodeTypeIndex:6/meta:msgs_rcvd","measures":{"value":44}}
{"ts":1670665489936212119,"type":"point","name":"exType:trickle/permutationIndex:0/run:17/dialer:edge/eavesCount:0/latencyMS:100/tricklingDelay:0/seq:9/fileSize:1048576/nodeType:Passive/nodeTypeIndex:6/meta:data_sent","measures":{"value":2360022}}
{"ts":1670665489936242811,"type":"point","name":"exType:trickle/permutationIndex:0/run:17/dialer:edge/eavesCount:0/latencyMS:100/tricklingDelay:0/seq:9/fileSize:1048576/nodeType:Passive/nodeTypeIndex:6/meta:data_rcvd","measures":{"value":1835506}}
{"ts":1670665489936265389,"type":"point","name":"exType:trickle/permutationIndex:0/run:17/dialer:edge/eavesCount:0/latencyMS:100/tricklingDelay:0/seq:9/fileSize:1048576/nodeType:Passive/nodeTypeIndex:6/meta:dup_data_rcvd","measures":{"value":786674}}
{"ts":1670665489936288019,"type":"point","name":"exType:trickle/permutationIndex:0/run:17/dialer:edge/eavesCount:0/latencyMS:100/tricklingDelay:0/seq:9/fileSize:1048576/nodeType:Passive/nodeTypeIndex:6/meta:blks_sent","measures":{"value":12}}
{"ts":1670665489936346236,"type":"point","name":"exType:trickle/permutationIndex:0/run:17/dialer:edge/eavesCount:0/latencyMS:100/tricklingDelay:0/seq:9/fileSize:1048576/nodeType:Passive/nodeTypeIndex:6/meta:blks_rcvd","measures":{"value":9}}
{"ts":1670665489936376398,"type":"point","name":"exType:trickle/permutationIndex:0/run:17/dialer:edge/eavesCount:0/latencyMS:100/tricklingDelay:0/seq:9/fileSize:1048576/nodeType:Passive/nodeTypeIndex:6/meta:dup_blks_rcvd","measures":{"value":4}}
{"ts":1670665500744327324,"type":"point","name":"exType:trickle/permutationIndex:0/run:18/dialer:edge/eavesCount:0/latencyMS:100/tricklingDelay:0/seq:9/fileSize:1048576/nodeType:Passive/nodeTypeIndex:6/meta:msgs_rcvd","measures":{"value":46}}
{"ts":1670665500744436760,"type":"point","name":"exType:trickle/permutationIndex:0/run:18/dialer:edge/eavesCount:0/latencyMS:100/tricklingDelay:0/seq:9/fileSize:1048576/nodeType:Passive/nodeTypeIndex:6/meta:data_sent","measures":{"value":2097664}}
{"ts":1670665500744466760,"type":"point","name":"exType:trickle/permutationIndex:0/run:18/dialer:edge/eavesCount:0/latencyMS:100/tricklingDelay:0/seq:9/fileSize:1048576/nodeType:Passive/nodeTypeIndex:6/meta:data_rcvd","measures":{"value":2097664}}
{"ts":1670665500744490589,"type":"point","name":"exType:trickle/permutationIndex:0/run:18/dialer:edge/eavesCount:0/latencyMS:100/tricklingDelay:0/seq:9/fileSize:1048576/nodeType:Passive/nodeTypeIndex:6/meta:dup_data_rcvd","measures":{"value":1048832}}
{"ts":1670665500744510123,"type":"point","name":"exType:trickle/permutationIndex:0/run:18/dialer:edge/eavesCount:0/latencyMS:100/tricklingDelay:0/seq:9/fileSize:1048576/nodeType:Passive/nodeTypeIndex:6/meta:blks_sent","measures":{"value":10}}
{"ts":1670665500744531386,"type":"point","name":"exType:trickle/permutationIndex:0/run:18/dialer:edge/eavesCount:0/latencyMS:100/tricklingDelay:0/seq:9/fileSize:1048576/nodeType:Passive/nodeTypeIndex:6/meta:blks_rcvd","measures":{"value":10}}
{"ts":1670665500744552376,"type":"point","name":"exType:trickle/permutationIndex:0/run:18/dialer:edge/eavesCount:0/latencyMS:100/tricklingDelay:0/seq:9/fileSize:1048576/nodeType:Passive/nodeTypeIndex:6/meta:dup_blks_rcvd","measures":{"value":5}}
{"ts":1670665511667294028,"type":"point","name":"exType:trickle/permutationIndex:0/run:19/dialer:edge/eavesCount:0/latencyMS:100/tricklingDelay:0/seq:9/fileSize:1048576/nodeType:Passive/nodeTypeIndex:6/meta:msgs_rcvd","measures":{"value":39}}
{"ts":1670665511667585402,"type":"point","name":"exType:trickle/permutationIndex:0/run:19/dialer:edge/eavesCount:0/latencyMS:100/tricklingDelay:0/seq:9/fileSize:1048576/nodeType:Passive/nodeTypeIndex:6/meta:data_sent","measures":{"value":3146496}}
{"ts":1670665511667627107,"type":"point","name":"exType:trickle/permutationIndex:0/run:19/dialer:edge/eavesCount:0/latencyMS:100/tricklingDelay:0/seq:9/fileSize:1048576/nodeType:Passive/nodeTypeIndex:6/meta:data_rcvd","measures":{"value":1049032}}
{"ts":1670665511667652595,"type":"point","name":"exType:trickle/permutationIndex:0/run:19/dialer:edge/eavesCount:0/latencyMS:100/tricklingDelay:0/seq:9/fileSize:1048576/nodeType:Passive/nodeTypeIndex:6/meta:dup_data_rcvd","measures":{"value":200}}
{"ts":1670665511667671391,"type":"point","name":"exType:trickle/permutationIndex:0/run:19/dialer:edge/eavesCount:0/latencyMS:100/tricklingDelay:0/seq:9/fileSize:1048576/nodeType:Passive/nodeTypeIndex:6/meta:blks_sent","measures":{"value":15}}
{"ts":1670665511667690812,"type":"point","name":"exType:trickle/permutationIndex:0/run:19/dialer:edge/eavesCount:0/latencyMS:100/tricklingDelay:0/seq:9/fileSize:1048576/nodeType:Passive/nodeTypeIndex:6/meta:blks_rcvd","measures":{"value":6}}
{"ts":1670665511667710040,"type":"point","name":"exType:trickle/permutationIndex:0/run:19/dialer:edge/eavesCount:0/latencyMS:100/tricklingDelay:0/seq:9/fileSize:1048576/nodeType:Passive/nodeTypeIndex:6/meta:dup_blks_rcvd","measures":{"value":1}}
{"ts":1670665522952124264,"type":"point","name":"exType:trickle/permutationIndex:0/run:20/dialer:edge/eavesCount:0/latencyMS:100/tricklingDelay:0/seq:9/fileSize:1048576/nodeType:Passive/nodeTypeIndex:6/meta:msgs_rcvd","measures":{"value":39}}
{"ts":1670665522952148728,"type":"point","name":"exType:trickle/permutationIndex:0/run:20/dialer:edge/eavesCount:0/latencyMS:100/tricklingDelay:0/seq:9/fileSize:1048576/nodeType:Passive/nodeTypeIndex:6/meta:data_sent","measures":{"value":2360022}}
{"ts":1670665522952152097,"type":"point","name":"exType:trickle/permutationIndex:0/run:20/dialer:edge/eavesCount:0/latencyMS:100/tricklingDelay:0/seq:9/fileSize:1048576/nodeType:Passive/nodeTypeIndex:6/meta:data_rcvd","measures":{"value":1835306}}
{"ts":1670665522952155079,"type":"point","name":"exType:trickle/permutationIndex:0/run:20/dialer:edge/eavesCount:0/latencyMS:100/tricklingDelay:0/seq:9/fileSize:1048576/nodeType:Passive/nodeTypeIndex:6/meta:dup_data_rcvd","measures":{"value":786474}}
{"ts":1670665522952157329,"type":"point","name":"exType:trickle/permutationIndex:0/run:20/dialer:edge/eavesCount:0/latencyMS:100/tricklingDelay:0/seq:9/fileSize:1048576/nodeType:Passive/nodeTypeIndex:6/meta:blks_sent","measures":{"value":12}}
{"ts":1670665522952159339,"type":"point","name":"exType:trickle/permutationIndex:0/run:20/dialer:edge/eavesCount:0/latencyMS:100/tricklingDelay:0/seq:9/fileSize:1048576/nodeType:Passive/nodeTypeIndex:6/meta:blks_rcvd","measures":{"value":8}}
{"ts":1670665522952161076,"type":"point","name":"exType:trickle/permutationIndex:0/run:20/dialer:edge/eavesCount:0/latencyMS:100/tricklingDelay:0/seq:9/fileSize:1048576/nodeType:Passive/nodeTypeIndex:6/meta:dup_blks_rcvd","measures":{"value":3}}
{"ts":1670665533789381676,"type":"point","name":"exType:trickle/permutationIndex:0/run:21/dialer:edge/eavesCount:0/latencyMS:100/tricklingDelay:0/seq:9/fileSize:1048576/nodeType:Passive/nodeTypeIndex:6/meta:msgs_rcvd","measures":{"value":48}}
{"ts":1670665533789407018,"type":"point","name":"exType:trickle/permutationIndex:0/run:21/dialer:edge/eavesCount:0/latencyMS:100/tricklingDelay:0/seq:9/fileSize:1048576/nodeType:Passive/nodeTypeIndex:6/meta:data_sent","measures":{"value":200}}
{"ts":1670665533789411097,"type":"point","name":"exType:trickle/permutationIndex:0/run:21/dialer:edge/eavesCount:0/latencyMS:100/tricklingDelay:0/seq:9/fileSize:1048576/nodeType:Passive/nodeTypeIndex:6/meta:data_rcvd","measures":{"value":2360022}}
{"ts":1670665533789413675,"type":"point","name":"exType:trickle/permutationIndex:0/run:21/dialer:edge/eavesCount:0/latencyMS:100/tricklingDelay:0/seq:9/fileSize:1048576/nodeType:Passive/nodeTypeIndex:6/meta:dup_data_rcvd","measures":{"value":400}}
{"ts":1670665533789416247,"type":"point","name":"exType:trickle/permutationIndex:0/run:21/dialer:edge/eavesCount:0/latencyMS:100/tricklingDelay:0/seq:9/fileSize:1048576/nodeType:Passive/nodeTypeIndex:6/meta:blks_sent","measures":{"value":1}}
{"ts":1670665533789418776,"type":"point","name":"exType:trickle/permutationIndex:0/run:21/dialer:edge/eavesCount:0/latencyMS:100/tricklingDelay:0/seq:9/fileSize:1048576/nodeType:Passive/nodeTypeIndex:6/meta:blks_rcvd","measures":{"value":12}}
{"ts":1670665533789421348,"type":"point","name":"exType:trickle/permutationIndex:0/run:21/dialer:edge/eavesCount:0/latencyMS:100/tricklingDelay:0/seq:9/fileSize:1048576/nodeType:Passive/nodeTypeIndex:6/meta:dup_blks_rcvd","measures":{"value":2}}
{"ts":1670665544230020578,"type":"point","name":"exType:trickle/permutationIndex:0/run:22/dialer:edge/eavesCount:0/latencyMS:100/tricklingDelay:0/seq:9/fileSize:1048576/nodeType:Passive/nodeTypeIndex:6/meta:msgs_rcvd","measures":{"value":51}}
{"ts":1670665544230068309,"type":"point","name":"exType:trickle/permutationIndex:0/run:22/dialer:edge/eavesCount:0/latencyMS:100/tricklingDelay:0/seq:9/fileSize:1048576/nodeType:Passive/nodeTypeIndex:6/meta:data_sent","measures":{"value":2359822}}
{"ts":1670665544230072353,"type":"point","name":"exType:trickle/permutationIndex:0/run:22/dialer:edge/eavesCount:0/latencyMS:100/tricklingDelay:0/seq:9/fileSize:1048576/nodeType:Passive/nodeTypeIndex:6/meta:data_rcvd","measures":{"value":2097864}}
{"ts":1670665544230075068,"type":"point","name":"exType:trickle/permutationIndex:0/run:22/dialer:edge/eavesCount:0/latencyMS:100/tricklingDelay:0/seq:9/fileSize:1048576/nodeType:Passive/nodeTypeIndex:6/meta:dup_data_rcvd","measures":{"value":1049032}}
{"ts":1670665544230084003,"type":"point","name":"exType:trickle/permutationIndex:0/run:22/dialer:edge/eavesCount:0/latencyMS:100/tricklingDelay:0/seq:9/fileSize:1048576/nodeType:Passive/nodeTypeIndex:6/meta:blks_sent","measures":{"value":11}}
{"ts":1670665544230086763,"type":"point","name":"exType:trickle/permutationIndex:0/run:22/dialer:edge/eavesCount:0/latencyMS:100/tricklingDelay:0/seq:9/fileSize:1048576/nodeType:Passive/nodeTypeIndex:6/meta:blks_rcvd","measures":{"value":11}}
{"ts":1670665544230089191,"type":"point","name":"exType:trickle/permutationIndex:0/run:22/dialer:edge/eavesCount:0/latencyMS:100/tricklingDelay:0/seq:9/fileSize:1048576/nodeType:Passive/nodeTypeIndex:6/meta:dup_blks_rcvd","measures":{"value":6}}
{"ts":1670665554879717803,"type":"point","name":"exType:trickle/permutationIndex:0/run:23/dialer:edge/eavesCount:0/latencyMS:100/tricklingDelay:0/seq:9/fileSize:1048576/nodeType:Passive/nodeTypeIndex:6/meta:msgs_rcvd","measures":{"value":47}}
{"ts":1670665554879741424,"type":"point","name":"exType:trickle/permutationIndex:0/run:23/dialer:edge/eavesCount:0/latencyMS:100/tricklingDelay:0/seq:9/fileSize:1048576/nodeType:Passive/nodeTypeIndex:6/meta:data_sent","measures":{"value":2097864}}
{"ts":1670665554879746817,"type":"point","name":"exType:trickle/permutationIndex:0/run:23/dialer:edge/eavesCount:0/latencyMS:100/tricklingDelay:0/seq:9/fileSize:1048576/nodeType:Passive/nodeTypeIndex:6/meta:data_rcvd","measures":{"value":2621980}}
{"ts":1670665554879751030,"type":"point","name":"exType:trickle/permutationIndex:0/run:23/dialer:edge/eavesCount:0/latencyMS:100/tricklingDelay:0/seq:9/fileSize:1048576/nodeType:Passive/nodeTypeIndex:6/meta:dup_data_rcvd","measures":{"value":1310990}}
{"ts":1670665554879755237,"type":"point","name":"exType:trickle/permutationIndex:0/run:23/dialer:edge/eavesCount:0/latencyMS:100/tricklingDelay:0/seq:9/fileSize:1048576/nodeType:Passive/nodeTypeIndex:6/meta:blks_sent","measures":{"value":11}}
{"ts":1670665554879759064,"type":"point","name":"exType:trickle/permutationIndex:0/run:23/dialer:edge/eavesCount:0/latencyMS:100/tricklingDelay:0/seq:9/fileSize:1048576/nodeType:Passive/nodeTypeIndex:6/meta:blks_rcvd","measures":{"value":12}}
{"ts":1670665554879762783,"type":"point","name":"exType:trickle/permutationIndex:0/run:23/dialer:edge/eavesCount:0/latencyMS:100/tricklingDelay:0/seq:9/fileSize:1048576/nodeType:Passive/nodeTypeIndex:6/meta:dup_blks_rcvd","measures":{"value":6}}
{"ts":1670665565344776780,"type":"point","name":"exType:trickle/permutationIndex:0/run:24/dialer:edge/eavesCount:0/latencyMS:100/tricklingDelay:0/seq:9/fileSize:1048576/nodeType:Passive/nodeTypeIndex:6/meta:msgs_rcvd","measures":{"value":46}}
{"ts":1670665565344797947,"type":"point","name":"exType:trickle/permutationIndex:0/run:24/dialer:edge/eavesCount:0/latencyMS:100/tricklingDelay:0/seq:9/fileSize:1048576/nodeType:Passive/nodeTypeIndex:6/meta:data_sent","measures":{"value":2359622}}
{"ts":1670665565344801194,"type":"point","name":"exType:trickle/permutationIndex:0/run:24/dialer:edge/eavesCount:0/latencyMS:100/tricklingDelay:0/seq:9/fileSize:1048576/nodeType:Passive/nodeTypeIndex:6/meta:data_rcvd","measures":{"value":2097864}}
{"ts":1670665565344803883,"type":"point","name":"exType:trickle/permutationIndex:0/run:24/dialer:edge/eavesCount:0/latencyMS:100/tricklingDelay:0/seq:9/fileSize:1048576/nodeType:Passive/nodeTypeIndex:6/meta:dup_data_rcvd","measures":{"value":1049032}}
{"ts":1670665565344808352,"type":"point","name":"exType:trickle/permutationIndex:0/run:24/dialer:edge/eavesCount:0/latencyMS:100/tricklingDelay:0/seq:9/fileSize:1048576/nodeType:Passive/nodeTypeIndex:6/meta:blks_sent","measures":{"value":10}}
{"ts":1670665565344810717,"type":"point","name":"exType:trickle/permutationIndex:0/run:24/dialer:edge/eavesCount:0/latencyMS:100/tricklingDelay:0/seq:9/fileSize:1048576/nodeType:Passive/nodeTypeIndex:6/meta:blks_rcvd","measures":{"value":11}}
{"ts":1670665565344819676,"type":"point","name":"exType:trickle/permutationIndex:0/run:24/dialer:edge/eavesCount:0/latencyMS:100/tricklingDelay:0/seq:9/fileSize:1048576/nodeType:Passive/nodeTypeIndex:6/meta:dup_blks_rcvd","measures":{"value":6}}
{"ts":1670665576123391764,"type":"point","name":"exType:trickle/permutationIndex:0/run:25/dialer:edge/eavesCount:0/latencyMS:100/tricklingDelay:0/seq:9/fileSize:1048576/nodeType:Passive/nodeTypeIndex:6/meta:msgs_rcvd","measures":{"value":40}}
{"ts":1670665576123480366,"type":"point","name":"exType:trickle/permutationIndex:0/run:25/dialer:edge/eavesCount:0/latencyMS:100/tricklingDelay:0/seq:9/fileSize:1048576/nodeType:Passive/nodeTypeIndex:6/meta:data_sent","measures":{"value":2884338}}
{"ts":1670665576123505398,"type":"point","name":"exType:trickle/permutationIndex:0/run:25/dialer:edge/eavesCount:0/latencyMS:100/tricklingDelay:0/seq:9/fileSize:1048576/nodeType:Passive/nodeTypeIndex:6/meta:data_rcvd","measures":{"value":1573148}}
{"ts":1670665576123527346,"type":"point","name":"exType:trickle/permutationIndex:0/run:25/dialer:edge/eavesCount:0/latencyMS:100/tricklingDelay:0/seq:9/fileSize:1048576/nodeType:Passive/nodeTypeIndex:6/meta:dup_data_rcvd","measures":{"value":524316}}
{"ts":1670665576123548303,"type":"point","name":"exType:trickle/permutationIndex:0/run:25/dialer:edge/eavesCount:0/latencyMS:100/tricklingDelay:0/seq:9/fileSize:1048576/nodeType:Passive/nodeTypeIndex:6/meta:blks_sent","measures":{"value":14}}
{"ts":1670665576123569779,"type":"point","name":"exType:trickle/permutationIndex:0/run:25/dialer:edge/eavesCount:0/latencyMS:100/tricklingDelay:0/seq:9/fileSize:1048576/nodeType:Passive/nodeTypeIndex:6/meta:blks_rcvd","measures":{"value":7}}
{"ts":1670665576123592058,"type":"point","name":"exType:trickle/permutationIndex:0/run:25/dialer:edge/eavesCount:0/latencyMS:100/tricklingDelay:0/seq:9/fileSize:1048576/nodeType:Passive/nodeTypeIndex:6/meta:dup_blks_rcvd","measures":{"value":2}}
{"ts":1670665592331250617,"type":"point","name":"exType:trickle/permutationIndex:1/run:1/dialer:edge/eavesCount:0/latencyMS:100/tricklingDelay:50/seq:9/fileSize:1048576/nodeType:Passive/nodeTypeIndex:6/meta:msgs_rcvd","measures":{"value":39}}
{"ts":1670665592331350723,"type":"point","name":"exType:trickle/permutationIndex:1/run:1/dialer:edge/eavesCount:0/latencyMS:100/tricklingDelay:50/seq:9/fileSize:1048576/nodeType:Passive/nodeTypeIndex:6/meta:data_sent","measures":{"value":2097464}}
{"ts":1670665592331379020,"type":"point","name":"exType:trickle/permutationIndex:1/run:1/dialer:edge/eavesCount:0/latencyMS:100/tricklingDelay:50/seq:9/fileSize:1048576/nodeType:Passive/nodeTypeIndex:6/meta:data_rcvd","measures":{"value":2359622}}
{"ts":1670665592331398594,"type":"point","name":"exType:trickle/permutationIndex:1/run:1/dialer:edge/eavesCount:0/latencyMS:100/tricklingDelay:50/seq:9/fileSize:1048576/nodeType:Passive/nodeTypeIndex:6/meta:dup_data_rcvd","measures":{"value":1310790}}
{"ts":1670665592331416796,"type":"point","name":"exType:trickle/permutationIndex:1/run:1/dialer:edge/eavesCount:0/latencyMS:100/tricklingDelay:50/seq:9/fileSize:1048576/nodeType:Passive/nodeTypeIndex:6/meta:blks_sent","measures":{"value":9}}
{"ts":1670665592331436078,"type":"point","name":"exType:trickle/permutationIndex:1/run:1/dialer:edge/eavesCount:0/latencyMS:100/tricklingDelay:50/seq:9/fileSize:1048576/nodeType:Passive/nodeTypeIndex:6/meta:blks_rcvd","measures":{"value":10}}
{"ts":1670665592331455818,"type":"point","name":"exType:trickle/permutationIndex:1/run:1/dialer:edge/eavesCount:0/latencyMS:100/tricklingDelay:50/seq:9/fileSize:1048576/nodeType:Passive/nodeTypeIndex:6/meta:dup_blks_rcvd","measures":{"value":5}}
{"ts":1670665606201564846,"type":"point","name":"exType:trickle/permutationIndex:1/run:2/dialer:edge/eavesCount:0/latencyMS:100/tricklingDelay:50/seq:9/fileSize:1048576/nodeType:Passive/nodeTypeIndex:6/meta:msgs_rcvd","measures":{"value":45}}
{"ts":1670665606201660195,"type":"point","name":"exType:trickle/permutationIndex:1/run:2/dialer:edge/eavesCount:0/latencyMS:100/tricklingDelay:50/seq:9/fileSize:1048576/nodeType:Passive/nodeTypeIndex:6/meta:data_sent","measures":{"value":1573348}}
{"ts":1670665606201724525,"type":"point","name":"exType:trickle/permutationIndex:1/run:2/dialer:edge/eavesCount:0/latencyMS:100/tricklingDelay:50/seq:9/fileSize:1048576/nodeType:Passive/nodeTypeIndex:6/meta:data_rcvd","measures":{"value":2097664}}
{"ts":1670665606201745963,"type":"point","name":"exType:trickle/permutationIndex:1/run:2/dialer:edge/eavesCount:0/latencyMS:100/tricklingDelay:50/seq:9/fileSize:1048576/nodeType:Passive/nodeTypeIndex:6/meta:dup_data_rcvd","measures":{"value":1048832}}
{"ts":1670665606201765312,"type":"point","name":"exType:trickle/permutationIndex:1/run:2/dialer:edge/eavesCount:0/latencyMS:100/tricklingDelay:50/seq:9/fileSize:1048576/nodeType:Passive/nodeTypeIndex:6/meta:blks_sent","measures":{"value":8}}
{"ts":1670665606201784355,"type":"point","name":"exType:trickle/permutationIndex:1/run:2/dialer:edge/eavesCount:0/latencyMS:100/tricklingDelay:50/seq:9/fileSize:1048576/nodeType:Passive/nodeTypeIndex:6/meta:blks_rcvd","measures":{"value":10}}
{"ts":1670665606201804051,"type":"point","name":"exType:trickle/permutationIndex:1/run:2/dialer:edge/eavesCount:0/latencyMS:100/tricklingDelay:50/seq:9/fileSize:1048576/nodeType:Passive/nodeTypeIndex:6/meta:dup_blks_rcvd","measures":{"value":5}}
{"ts":1670665620090421912,"type":"point","name":"exType:trickle/permutationIndex:1/run:3/dialer:edge/eavesCount:0/latencyMS:100/tricklingDelay:50/seq:9/fileSize:1048576/nodeType:Passive/nodeTypeIndex:6/meta:msgs_rcvd","measures":{"value":42}}
{"ts":1670665620090501669,"type":"point","name":"exType:trickle/permutationIndex:1/run:3/dialer:edge/eavesCount:0/latencyMS:100/tricklingDelay:50/seq:9/fileSize:1048576/nodeType:Passive/nodeTypeIndex:6/meta:data_sent","measures":{"value":1835506}}
{"ts":1670665620090529321,"type":"point","name":"exType:trickle/permutationIndex:1/run:3/dialer:edge/eavesCount:0/latencyMS:100/tricklingDelay:50/seq:9/fileSize:1048576/nodeType:Passive/nodeTypeIndex:6/meta:data_rcvd","measures":{"value":2097464}}
{"ts":1670665620090602168,"type":"point","name":"exType:trickle/permutationIndex:1/run:3/dialer:edge/eavesCount:0/latencyMS:100/tricklingDelay:50/seq:9/fileSize:1048576/nodeType:Passive/nodeTypeIndex:6/meta:dup_data_rcvd","measures":{"value":1048632}}
{"ts":1670665620090609901,"type":"point","name":"exType:trickle/permutationIndex:1/run:3/dialer:edge/eavesCount:0/latencyMS:100/tricklingDelay:50/seq:9/fileSize:1048576/nodeType:Passive/nodeTypeIndex:6/meta:blks_sent","measures":{"value":9}}
{"ts":1670665620090612527,"type":"point","name":"exType:trickle/permutationIndex:1/run:3/dialer:edge/eavesCount:0/latencyMS:100/tricklingDelay:50/seq:9/fileSize:1048576/nodeType:Passive/nodeTypeIndex:6/meta:blks_rcvd","measures":{"value":9}}
{"ts":1670665620090614871,"type":"point","name":"exType:trickle/permutationIndex:1/run:3/dialer:edge/eavesCount:0/latencyMS:100/tricklingDelay:50/seq:9/fileSize:1048576/nodeType:Passive/nodeTypeIndex:6/meta:dup_blks_rcvd","measures":{"value":4}}
{"ts":1670665633536952539,"type":"point","name":"exType:trickle/permutationIndex:1/run:4/dialer:edge/eavesCount:0/latencyMS:100/tricklingDelay:50/seq:9/fileSize:1048576/nodeType:Passive/nodeTypeIndex:6/meta:msgs_rcvd","measures":{"value":40}}
{"ts":1670665633537041738,"type":"point","name":"exType:trickle/permutationIndex:1/run:4/dialer:edge/eavesCount:0/latencyMS:100/tricklingDelay:50/seq:9/fileSize:1048576/nodeType:Passive/nodeTypeIndex:6/meta:data_sent","measures":{"value":1310990}}
{"ts":1670665633537073253,"type":"point","name":"exType:trickle/permutationIndex:1/run:4/dialer:edge/eavesCount:0/latencyMS:100/tricklingDelay:50/seq:9/fileSize:1048576/nodeType:Passive/nodeTypeIndex:6/meta:data_rcvd","measures":{"value":2359622}}
{"ts":1670665633537096286,"type":"point","name":"exType:trickle/permutationIndex:1/run:4/dialer:edge/eavesCount:0/latencyMS:100/tricklingDelay:50/seq:9/fileSize:1048576/nodeType:Passive/nodeTypeIndex:6/meta:dup_data_rcvd","measures":{"value":1310790}}
{"ts":1670665633537117326,"type":"point","name":"exType:trickle/permutationIndex:1/run:4/dialer:edge/eavesCount:0/latencyMS:100/tricklingDelay:50/seq:9/fileSize:1048576/nodeType:Passive/nodeTypeIndex:6/meta:blks_sent","measures":{"value":6}}
{"ts":1670665633537173342,"type":"point","name":"exType:trickle/permutationIndex:1/run:4/dialer:edge/eavesCount:0/latencyMS:100/tricklingDelay:50/seq:9/fileSize:1048576/nodeType:Passive/nodeTypeIndex:6/meta:blks_rcvd","measures":{"value":10}}
{"ts":1670665633537195643,"type":"point","name":"exType:trickle/permutationIndex:1/run:4/dialer:edge/eavesCount:0/latencyMS:100/tricklingDelay:50/seq:9/fileSize:1048576/nodeType:Passive/nodeTypeIndex:6/meta:dup_blks_rcvd","measures":{"value":5}}
{"ts":1670665647199007545,"type":"point","name":"exType:trickle/permutationIndex:1/run:5/dialer:edge/eavesCount:0/latencyMS:100/tricklingDelay:50/seq:9/fileSize:1048576/nodeType:Passive/nodeTypeIndex:6/meta:msgs_rcvd","measures":{"value":39}}
{"ts":1670665647199116288,"type":"point","name":"exType:trickle/permutationIndex:1/run:5/dialer:edge/eavesCount:0/latencyMS:100/tricklingDelay:50/seq:9/fileSize:1048576/nodeType:Passive/nodeTypeIndex:6/meta:data_sent","measures":{"value":2359622}}
{"ts":1670665647199228266,"type":"point","name":"exType:trickle/permutationIndex:1/run:5/dialer:edge/eavesCount:0/latencyMS:100/tricklingDelay:50/seq:9/fileSize:1048576/nodeType:Passive/nodeTypeIndex:6/meta:data_rcvd","measures":{"value":1049032}}
{"ts":1670665647199288619,"type":"point","name":"exType:trickle/permutationIndex:1/run:5/dialer:edge/eavesCount:0/latencyMS:100/tricklingDelay:50/seq:9/fileSize:1048576/nodeType:Passive/nodeTypeIndex:6/meta:dup_data_rcvd","measures":{"value":200}}
{"ts":1670665647199313444,"type":"point","name":"exType:trickle/permutationIndex:1/run:5/dialer:edge/eavesCount:0/latencyMS:100/tricklingDelay:50/seq:9/fileSize:1048576/nodeType:Passive/nodeTypeIndex:6/meta:blks_sent","measures":{"value":10}}
{"ts":1670665647199335091,"type":"point","name":"exType:trickle/permutationIndex:1/run:5/dialer:edge/eavesCount:0/latencyMS:100/tricklingDelay:50/seq:9/fileSize:1048576/nodeType:Passive/nodeTypeIndex:6/meta:blks_rcvd","measures":{"value":6}}
{"ts":1670665647199356715,"type":"point","name":"exType:trickle/permutationIndex:1/run:5/dialer:edge/eavesCount:0/latencyMS:100/tricklingDelay:50/seq:9/fileSize:1048576/nodeType:Passive/nodeTypeIndex:6/meta:dup_blks_rcvd","measures":{"value":1}}
{"ts":1670665660705703287,"type":"point","name":"exType:trickle/permutationIndex:1/run:6/dialer:edge/eavesCount:0/latencyMS:100/tricklingDelay:50/seq:9/fileSize:1048576/nodeType:Passive/nodeTypeIndex:6/meta:msgs_rcvd","measures":{"value":43}}
{"ts":1670665660705836953,"type":"point","name":"exType:trickle/permutationIndex:1/run:6/dialer:edge/eavesCount:0/latencyMS:100/tricklingDelay:50/seq:9/fileSize:1048576/nodeType:Passive/nodeTypeIndex:6/meta:data_sent","measures":{"value":1573548}}
{"ts":1670665660705869402,"type":"point","name":"exType:trickle/permutationIndex:1/run:6/dialer:edge/eavesCount:0/latencyMS:100/tricklingDelay:50/seq:9/fileSize:1048576/nodeType:Passive/nodeTypeIndex:6/meta:data_rcvd","measures":{"value":2097464}}
{"ts":1670665660705892495,"type":"point","name":"exType:trickle/permutationIndex:1/run:6/dialer:edge/eavesCount:0/latencyMS:100/tricklingDelay:50/seq:9/fileSize:1048576/nodeType:Passive/nodeTypeIndex:6/meta:dup_data_rcvd","measures":{"value":1048632}}
{"ts":1670665660705913610,"type":"point","name":"exType:trickle/permutationIndex:1/run:6/dialer:edge/eavesCount:0/latencyMS:100/tricklingDelay:50/seq:9/fileSize:1048576/nodeType:Passive/nodeTypeIndex:6/meta:blks_sent","measures":{"value":9}}
{"ts":1670665660705933213,"type":"point","name":"exType:trickle/permutationIndex:1/run:6/dialer:edge/eavesCount:0/latencyMS:100/tricklingDelay:50/seq:9/fileSize:1048576/nodeType:Passive/nodeTypeIndex:6/meta:blks_rcvd","measures":{"value":9}}
{"ts":1670665660705953950,"type":"point","name":"exType:trickle/permutationIndex:1/run:6/dialer:edge/eavesCount:0/latencyMS:100/tricklingDelay:50/seq:9/fileSize:1048576/nodeType:Passive/nodeTypeIndex:6/meta:dup_blks_rcvd","measures":{"value":4}}
