{"ts":1669475057193631518,"type":"point","name":"exType:baseline/permutationIndex:0/run:1/dialer:center/eavesCount:0/latencyMS:150/seq:9/fileSize:1048576/nodeType:Passive/nodeTypeIndex:6/meta:msgs_rcvd","measures":{"value":7}}
{"ts":1669475057193671977,"type":"point","name":"exType:baseline/permutationIndex:0/run:1/dialer:center/eavesCount:0/latencyMS:150/seq:9/fileSize:1048576/nodeType:Passive/nodeTypeIndex:6/meta:data_sent","measures":{"value":0}}
{"ts":1669475057193679692,"type":"point","name":"exType:baseline/permutationIndex:0/run:1/dialer:center/eavesCount:0/latencyMS:150/seq:9/fileSize:1048576/nodeType:Passive/nodeTypeIndex:6/meta:data_rcvd","measures":{"value":0}}
{"ts":1669475057193684491,"type":"point","name":"exType:baseline/permutationIndex:0/run:1/dialer:center/eavesCount:0/latencyMS:150/seq:9/fileSize:1048576/nodeType:Passive/nodeTypeIndex:6/meta:dup_data_rcvd","measures":{"value":0}}
{"ts":1669475057193688490,"type":"point","name":"exType:baseline/permutationIndex:0/run:1/dialer:center/eavesCount:0/latencyMS:150/seq:9/fileSize:1048576/nodeType:Passive/nodeTypeIndex:6/meta:blks_sent","measures":{"value":0}}
{"ts":1669475057193692353,"type":"point","name":"exType:baseline/permutationIndex:0/run:1/dialer:center/eavesCount:0/latencyMS:150/seq:9/fileSize:1048576/nodeType:Passive/nodeTypeIndex:6/meta:blks_rcvd","measures":{"value":0}}
{"ts":1669475057193696145,"type":"point","name":"exType:baseline/permutationIndex:0/run:1/dialer:center/eavesCount:0/latencyMS:150/seq:9/fileSize:1048576/nodeType:Passive/nodeTypeIndex:6/meta:dup_blks_rcvd","measures":{"value":0}}
{"ts":1669475061770168773,"type":"point","name":"exType:baseline/permutationIndex:0/run:2/dialer:center/eavesCount:0/latencyMS:150/seq:9/fileSize:1048576/nodeType:Passive/nodeTypeIndex:6/meta:msgs_rcvd","measures":{"value":4}}
{"ts":1669475061770222447,"type":"point","name":"exType:baseline/permutationIndex:0/run:2/dialer:center/eavesCount:0/latencyMS:150/seq:9/fileSize:1048576/nodeType:Passive/nodeTypeIndex:6/meta:data_sent","measures":{"value":0}}
{"ts":1669475061770238302,"type":"point","name":"exType:baseline/permutationIndex:0/run:2/dialer:center/eavesCount:0/latencyMS:150/seq:9/fileSize:1048576/nodeType:Passive/nodeTypeIndex:6/meta:data_rcvd","measures":{"value":0}}
{"ts":1669475061770248500,"type":"point","name":"exType:baseline/permutationIndex:0/run:2/dialer:center/eavesCount:0/latencyMS:150/seq:9/fileSize:1048576/nodeType:Passive/nodeTypeIndex:6/meta:dup_data_rcvd","measures":{"value":0}}
{"ts":1669475061770264201,"type":"point","name":"exType:baseline/permutationIndex:0/run:2/dialer:center/eavesCount:0/latencyMS:150/seq:9/fileSize:1048576/nodeType:Passive/nodeTypeIndex:6/meta:blks_sent","measures":{"value":0}}
{"ts":1669475061770273541,"type":"point","name":"exType:baseline/permutationIndex:0/run:2/dialer:center/eavesCount:0/latencyMS:150/seq:9/fileSize:1048576/nodeType:Passive/nodeTypeIndex:6/meta:blks_rcvd","measures":{"value":0}}
{"ts":1669475061770283252,"type":"point","name":"exType:baseline/permutationIndex:0/run:2/dialer:center/eavesCount:0/latencyMS:150/seq:9/fileSize:1048576/nodeType:Passive/nodeTypeIndex:6/meta:dup_blks_rcvd","measures":{"value":0}}
{"ts":1669475066278912445,"type":"point","name":"exType:baseline/permutationIndex:0/run:3/dialer:center/eavesCount:0/latencyMS:150/seq:9/fileSize:1048576/nodeType:Passive/nodeTypeIndex:6/meta:msgs_rcvd","measures":{"value":5}}
{"ts":1669475066278941469,"type":"point","name":"exType:baseline/permutationIndex:0/run:3/dialer:center/eavesCount:0/latencyMS:150/seq:9/fileSize:1048576/nodeType:Passive/nodeTypeIndex:6/meta:data_sent","measures":{"value":0}}
{"ts":1669475066278945561,"type":"point","name":"exType:baseline/permutationIndex:0/run:3/dialer:center/eavesCount:0/latencyMS:150/seq:9/fileSize:1048576/nodeType:Passive/nodeTypeIndex:6/meta:data_rcvd","measures":{"value":0}}
{"ts":1669475066278948154,"type":"point","name":"exType:baseline/permutationIndex:0/run:3/dialer:center/eavesCount:0/latencyMS:150/seq:9/fileSize:1048576/nodeType:Passive/nodeTypeIndex:6/meta:dup_data_rcvd","measures":{"value":0}}
{"ts":1669475066278957561,"type":"point","name":"exType:baseline/permutationIndex:0/run:3/dialer:center/eavesCount:0/latencyMS:150/seq:9/fileSize:1048576/nodeType:Passive/nodeTypeIndex:6/meta:blks_sent","measures":{"value":0}}
{"ts":1669475066278960258,"type":"point","name":"exType:baseline/permutationIndex:0/run:3/dialer:center/eavesCount:0/latencyMS:150/seq:9/fileSize:1048576/nodeType:Passive/nodeTypeIndex:6/meta:blks_rcvd","measures":{"value":0}}
{"ts":1669475066278962834,"type":"point","name":"exType:baseline/permutationIndex:0/run:3/dialer:center/eavesCount:0/latencyMS:150/seq:9/fileSize:1048576/nodeType:Passive/nodeTypeIndex:6/meta:dup_blks_rcvd","measures":{"value":0}}
{"ts":1669475070758698315,"type":"point","name":"exType:baseline/permutationIndex:0/run:4/dialer:center/eavesCount:0/latencyMS:150/seq:9/fileSize:1048576/nodeType:Passive/nodeTypeIndex:6/meta:msgs_rcvd","measures":{"value":5}}
{"ts":1669475070758743289,"type":"point","name":"exType:baseline/permutationIndex:0/run:4/dialer:center/eavesCount:0/latencyMS:150/seq:9/fileSize:1048576/nodeType:Passive/nodeTypeIndex:6/meta:data_sent","measures":{"value":0}}
{"ts":1669475070758759156,"type":"point","name":"exType:baseline/permutationIndex:0/run:4/dialer:center/eavesCount:0/latencyMS:150/seq:9/fileSize:1048576/nodeType:Passive/nodeTypeIndex:6/meta:data_rcvd","measures":{"value":0}}
{"ts":1669475070758766399,"type":"point","name":"exType:baseline/permutationIndex:0/run:4/dialer:center/eavesCount:0/latencyMS:150/seq:9/fileSize:1048576/nodeType:Passive/nodeTypeIndex:6/meta:dup_data_rcvd","measures":{"value":0}}
{"ts":1669475070758771214,"type":"point","name":"exType:baseline/permutationIndex:0/run:4/dialer:center/eavesCount:0/latencyMS:150/seq:9/fileSize:1048576/nodeType:Passive/nodeTypeIndex:6/meta:blks_sent","measures":{"value":0}}
{"ts":1669475070758775199,"type":"point","name":"exType:baseline/permutationIndex:0/run:4/dialer:center/eavesCount:0/latencyMS:150/seq:9/fileSize:1048576/nodeType:Passive/nodeTypeIndex:6/meta:blks_rcvd","measures":{"value":0}}
{"ts":1669475070758780093,"type":"point","name":"exType:baseline/permutationIndex:0/run:4/dialer:center/eavesCount:0/latencyMS:150/seq:9/fileSize:1048576/nodeType:Passive/nodeTypeIndex:6/meta:dup_blks_rcvd","measures":{"value":0}}
{"ts":1669475075105369416,"type":"point","name":"exType:baseline/permutationIndex:0/run:5/dialer:center/eavesCount:0/latencyMS:150/seq:9/fileSize:1048576/nodeType:Passive/nodeTypeIndex:6/meta:msgs_rcvd","measures":{"value":5}}
{"ts":1669475075105398974,"type":"point","name":"exType:baseline/permutationIndex:0/run:5/dialer:center/eavesCount:0/latencyMS:150/seq:9/fileSize:1048576/nodeType:Passive/nodeTypeIndex:6/meta:data_sent","measures":{"value":0}}
{"ts":1669475075105402901,"type":"point","name":"exType:baseline/permutationIndex:0/run:5/dialer:center/eavesCount:0/latencyMS:150/seq:9/fileSize:1048576/nodeType:Passive/nodeTypeIndex:6/meta:data_rcvd","measures":{"value":0}}
{"ts":1669475075105405850,"type":"point","name":"exType:baseline/permutationIndex:0/run:5/dialer:center/eavesCount:0/latencyMS:150/seq:9/fileSize:1048576/nodeType:Passive/nodeTypeIndex:6/meta:dup_data_rcvd","measures":{"value":0}}
{"ts":1669475075105407850,"type":"point","name":"exType:baseline/permutationIndex:0/run:5/dialer:center/eavesCount:0/latencyMS:150/seq:9/fileSize:1048576/nodeType:Passive/nodeTypeIndex:6/meta:blks_sent","measures":{"value":0}}
{"ts":1669475075105410362,"type":"point","name":"exType:baseline/permutationIndex:0/run:5/dialer:center/eavesCount:0/latencyMS:150/seq:9/fileSize:1048576/nodeType:Passive/nodeTypeIndex:6/meta:blks_rcvd","measures":{"value":0}}
{"ts":1669475075105412773,"type":"point","name":"exType:baseline/permutationIndex:0/run:5/dialer:center/eavesCount:0/latencyMS:150/seq:9/fileSize:1048576/nodeType:Passive/nodeTypeIndex:6/meta:dup_blks_rcvd","measures":{"value":0}}
{"ts":1669475080434406966,"type":"point","name":"exType:baseline/permutationIndex:0/run:6/dialer:center/eavesCount:0/latencyMS:150/seq:9/fileSize:1048576/nodeType:Passive/nodeTypeIndex:6/meta:msgs_rcvd","measures":{"value":5}}
{"ts":1669475080434516230,"type":"point","name":"exType:baseline/permutationIndex:0/run:6/dialer:center/eavesCount:0/latencyMS:150/seq:9/fileSize:1048576/nodeType:Passive/nodeTypeIndex:6/meta:data_sent","measures":{"value":0}}
{"ts":1669475080434541142,"type":"point","name":"exType:baseline/permutationIndex:0/run:6/dialer:center/eavesCount:0/latencyMS:150/seq:9/fileSize:1048576/nodeType:Passive/nodeTypeIndex:6/meta:data_rcvd","measures":{"value":0}}
{"ts":1669475080434559454,"type":"point","name":"exType:baseline/permutationIndex:0/run:6/dialer:center/eavesCount:0/latencyMS:150/seq:9/fileSize:1048576/nodeType:Passive/nodeTypeIndex:6/meta:dup_data_rcvd","measures":{"value":0}}
{"ts":1669475080434576938,"type":"point","name":"exType:baseline/permutationIndex:0/run:6/dialer:center/eavesCount:0/latencyMS:150/seq:9/fileSize:1048576/nodeType:Passive/nodeTypeIndex:6/meta:blks_sent","measures":{"value":0}}
{"ts":1669475080434594078,"type":"point","name":"exType:baseline/permutationIndex:0/run:6/dialer:center/eavesCount:0/latencyMS:150/seq:9/fileSize:1048576/nodeType:Passive/nodeTypeIndex:6/meta:blks_rcvd","measures":{"value":0}}
{"ts":1669475080434611690,"type":"point","name":"exType:baseline/permutationIndex:0/run:6/dialer:center/eavesCount:0/latencyMS:150/seq:9/fileSize:1048576/nodeType:Passive/nodeTypeIndex:6/meta:dup_blks_rcvd","measures":{"value":0}}
{"ts":1669475085661430411,"type":"point","name":"exType:baseline/permutationIndex:0/run:7/dialer:center/eavesCount:0/latencyMS:150/seq:9/fileSize:1048576/nodeType:Passive/nodeTypeIndex:6/meta:msgs_rcvd","measures":{"value":4}}
{"ts":1669475085661462044,"type":"point","name":"exType:baseline/permutationIndex:0/run:7/dialer:center/eavesCount:0/latencyMS:150/seq:9/fileSize:1048576/nodeType:Passive/nodeTypeIndex:6/meta:data_sent","measures":{"value":0}}
{"ts":1669475085661467490,"type":"point","name":"exType:baseline/permutationIndex:0/run:7/dialer:center/eavesCount:0/latencyMS:150/seq:9/fileSize:1048576/nodeType:Passive/nodeTypeIndex:6/meta:data_rcvd","measures":{"value":0}}
{"ts":1669475085661470415,"type":"point","name":"exType:baseline/permutationIndex:0/run:7/dialer:center/eavesCount:0/latencyMS:150/seq:9/fileSize:1048576/nodeType:Passive/nodeTypeIndex:6/meta:dup_data_rcvd","measures":{"value":0}}
{"ts":1669475085661473281,"type":"point","name":"exType:baseline/permutationIndex:0/run:7/dialer:center/eavesCount:0/latencyMS:150/seq:9/fileSize:1048576/nodeType:Passive/nodeTypeIndex:6/meta:blks_sent","measures":{"value":0}}
{"ts":1669475085661475667,"type":"point","name":"exType:baseline/permutationIndex:0/run:7/dialer:center/eavesCount:0/latencyMS:150/seq:9/fileSize:1048576/nodeType:Passive/nodeTypeIndex:6/meta:blks_rcvd","measures":{"value":0}}
{"ts":1669475085661478089,"type":"point","name":"exType:baseline/permutationIndex:0/run:7/dialer:center/eavesCount:0/latencyMS:150/seq:9/fileSize:1048576/nodeType:Passive/nodeTypeIndex:6/meta:dup_blks_rcvd","measures":{"value":0}}
{"ts":1669475090120184710,"type":"point","name":"exType:baseline/permutationIndex:0/run:8/dialer:center/eavesCount:0/latencyMS:150/seq:9/fileSize:1048576/nodeType:Passive/nodeTypeIndex:6/meta:msgs_rcvd","measures":{"value":3}}
{"ts":1669475090120298833,"type":"point","name":"exType:baseline/permutationIndex:0/run:8/dialer:center/eavesCount:0/latencyMS:150/seq:9/fileSize:1048576/nodeType:Passive/nodeTypeIndex:6/meta:data_sent","measures":{"value":0}}
{"ts":1669475090120333046,"type":"point","name":"exType:baseline/permutationIndex:0/run:8/dialer:center/eavesCount:0/latencyMS:150/seq:9/fileSize:1048576/nodeType:Passive/nodeTypeIndex:6/meta:data_rcvd","measures":{"value":0}}
{"ts":1669475090120354353,"type":"point","name":"exType:baseline/permutationIndex:0/run:8/dialer:center/eavesCount:0/latencyMS:150/seq:9/fileSize:1048576/nodeType:Passive/nodeTypeIndex:6/meta:dup_data_rcvd","measures":{"value":0}}
{"ts":1669475090120374990,"type":"point","name":"exType:baseline/permutationIndex:0/run:8/dialer:center/eavesCount:0/latencyMS:150/seq:9/fileSize:1048576/nodeType:Passive/nodeTypeIndex:6/meta:blks_sent","measures":{"value":0}}
{"ts":1669475090120430683,"type":"point","name":"exType:baseline/permutationIndex:0/run:8/dialer:center/eavesCount:0/latencyMS:150/seq:9/fileSize:1048576/nodeType:Passive/nodeTypeIndex:6/meta:blks_rcvd","measures":{"value":0}}
{"ts":1669475090120452187,"type":"point","name":"exType:baseline/permutationIndex:0/run:8/dialer:center/eavesCount:0/latencyMS:150/seq:9/fileSize:1048576/nodeType:Passive/nodeTypeIndex:6/meta:dup_blks_rcvd","measures":{"value":0}}
{"ts":1669475095337509647,"type":"point","name":"exType:baseline/permutationIndex:0/run:9/dialer:center/eavesCount:0/latencyMS:150/seq:9/fileSize:1048576/nodeType:Passive/nodeTypeIndex:6/meta:msgs_rcvd","measures":{"value":12}}
{"ts":1669475095337595973,"type":"point","name":"exType:baseline/permutationIndex:0/run:9/dialer:center/eavesCount:0/latencyMS:150/seq:9/fileSize:1048576/nodeType:Passive/nodeTypeIndex:6/meta:data_sent","measures":{"value":0}}
{"ts":1669475095337613280,"type":"point","name":"exType:baseline/permutationIndex:0/run:9/dialer:center/eavesCount:0/latencyMS:150/seq:9/fileSize:1048576/nodeType:Passive/nodeTypeIndex:6/meta:data_rcvd","measures":{"value":0}}
{"ts":1669475095337624863,"type":"point","name":"exType:baseline/permutationIndex:0/run:9/dialer:center/eavesCount:0/latencyMS:150/seq:9/fileSize:1048576/nodeType:Passive/nodeTypeIndex:6/meta:dup_data_rcvd","measures":{"value":0}}
{"ts":1669475095337636438,"type":"point","name":"exType:baseline/permutationIndex:0/run:9/dialer:center/eavesCount:0/latencyMS:150/seq:9/fileSize:1048576/nodeType:Passive/nodeTypeIndex:6/meta:blks_sent","measures":{"value":0}}
{"ts":1669475095337647584,"type":"point","name":"exType:baseline/permutationIndex:0/run:9/dialer:center/eavesCount:0/latencyMS:150/seq:9/fileSize:1048576/nodeType:Passive/nodeTypeIndex:6/meta:blks_rcvd","measures":{"value":0}}
{"ts":1669475095337658043,"type":"point","name":"exType:baseline/permutationIndex:0/run:9/dialer:center/eavesCount:0/latencyMS:150/seq:9/fileSize:1048576/nodeType:Passive/nodeTypeIndex:6/meta:dup_blks_rcvd","measures":{"value":0}}
{"ts":1669475100559070070,"type":"point","name":"exType:baseline/permutationIndex:0/run:10/dialer:center/eavesCount:0/latencyMS:150/seq:9/fileSize:1048576/nodeType:Passive/nodeTypeIndex:6/meta:msgs_rcvd","measures":{"value":7}}
{"ts":1669475100559110166,"type":"point","name":"exType:baseline/permutationIndex:0/run:10/dialer:center/eavesCount:0/latencyMS:150/seq:9/fileSize:1048576/nodeType:Passive/nodeTypeIndex:6/meta:data_sent","measures":{"value":0}}
{"ts":1669475100559119527,"type":"point","name":"exType:baseline/permutationIndex:0/run:10/dialer:center/eavesCount:0/latencyMS:150/seq:9/fileSize:1048576/nodeType:Passive/nodeTypeIndex:6/meta:data_rcvd","measures":{"value":0}}
{"ts":1669475100559126331,"type":"point","name":"exType:baseline/permutationIndex:0/run:10/dialer:center/eavesCount:0/latencyMS:150/seq:9/fileSize:1048576/nodeType:Passive/nodeTypeIndex:6/meta:dup_data_rcvd","measures":{"value":0}}
{"ts":1669475100559131848,"type":"point","name":"exType:baseline/permutationIndex:0/run:10/dialer:center/eavesCount:0/latencyMS:150/seq:9/fileSize:1048576/nodeType:Passive/nodeTypeIndex:6/meta:blks_sent","measures":{"value":0}}
{"ts":1669475100559137126,"type":"point","name":"exType:baseline/permutationIndex:0/run:10/dialer:center/eavesCount:0/latencyMS:150/seq:9/fileSize:1048576/nodeType:Passive/nodeTypeIndex:6/meta:blks_rcvd","measures":{"value":0}}
{"ts":1669475100559142259,"type":"point","name":"exType:baseline/permutationIndex:0/run:10/dialer:center/eavesCount:0/latencyMS:150/seq:9/fileSize:1048576/nodeType:Passive/nodeTypeIndex:6/meta:dup_blks_rcvd","measures":{"value":0}}
{"ts":1669475104973532518,"type":"point","name":"exType:baseline/permutationIndex:0/run:11/dialer:center/eavesCount:0/latencyMS:150/seq:9/fileSize:1048576/nodeType:Passive/nodeTypeIndex:6/meta:msgs_rcvd","measures":{"value":5}}
{"ts":1669475104973557660,"type":"point","name":"exType:baseline/permutationIndex:0/run:11/dialer:center/eavesCount:0/latencyMS:150/seq:9/fileSize:1048576/nodeType:Passive/nodeTypeIndex:6/meta:data_sent","measures":{"value":0}}
{"ts":1669475104973567592,"type":"point","name":"exType:baseline/permutationIndex:0/run:11/dialer:center/eavesCount:0/latencyMS:150/seq:9/fileSize:1048576/nodeType:Passive/nodeTypeIndex:6/meta:data_rcvd","measures":{"value":0}}
{"ts":1669475104973569923,"type":"point","name":"exType:baseline/permutationIndex:0/run:11/dialer:center/eavesCount:0/latencyMS:150/seq:9/fileSize:1048576/nodeType:Passive/nodeTypeIndex:6/meta:dup_data_rcvd","measures":{"value":0}}
{"ts":1669475104973572557,"type":"point","name":"exType:baseline/permutationIndex:0/run:11/dialer:center/eavesCount:0/latencyMS:150/seq:9/fileSize:1048576/nodeType:Passive/nodeTypeIndex:6/meta:blks_sent","measures":{"value":0}}
{"ts":1669475104973575027,"type":"point","name":"exType:baseline/permutationIndex:0/run:11/dialer:center/eavesCount:0/latencyMS:150/seq:9/fileSize:1048576/nodeType:Passive/nodeTypeIndex:6/meta:blks_rcvd","measures":{"value":0}}
{"ts":1669475104973577197,"type":"point","name":"exType:baseline/permutationIndex:0/run:11/dialer:center/eavesCount:0/latencyMS:150/seq:9/fileSize:1048576/nodeType:Passive/nodeTypeIndex:6/meta:dup_blks_rcvd","measures":{"value":0}}
{"ts":1669475109416475550,"type":"point","name":"exType:baseline/permutationIndex:0/run:12/dialer:center/eavesCount:0/latencyMS:150/seq:9/fileSize:1048576/nodeType:Passive/nodeTypeIndex:6/meta:msgs_rcvd","measures":{"value":4}}
{"ts":1669475109416505308,"type":"point","name":"exType:baseline/permutationIndex:0/run:12/dialer:center/eavesCount:0/latencyMS:150/seq:9/fileSize:1048576/nodeType:Passive/nodeTypeIndex:6/meta:data_sent","measures":{"value":0}}
{"ts":1669475109416514175,"type":"point","name":"exType:baseline/permutationIndex:0/run:12/dialer:center/eavesCount:0/latencyMS:150/seq:9/fileSize:1048576/nodeType:Passive/nodeTypeIndex:6/meta:data_rcvd","measures":{"value":0}}
{"ts":1669475109416518681,"type":"point","name":"exType:baseline/permutationIndex:0/run:12/dialer:center/eavesCount:0/latencyMS:150/seq:9/fileSize:1048576/nodeType:Passive/nodeTypeIndex:6/meta:dup_data_rcvd","measures":{"value":0}}
{"ts":1669475109416522883,"type":"point","name":"exType:baseline/permutationIndex:0/run:12/dialer:center/eavesCount:0/latencyMS:150/seq:9/fileSize:1048576/nodeType:Passive/nodeTypeIndex:6/meta:blks_sent","measures":{"value":0}}
{"ts":1669475109416526829,"type":"point","name":"exType:baseline/permutationIndex:0/run:12/dialer:center/eavesCount:0/latencyMS:150/seq:9/fileSize:1048576/nodeType:Passive/nodeTypeIndex:6/meta:blks_rcvd","measures":{"value":0}}
{"ts":1669475109416530790,"type":"point","name":"exType:baseline/permutationIndex:0/run:12/dialer:center/eavesCount:0/latencyMS:150/seq:9/fileSize:1048576/nodeType:Passive/nodeTypeIndex:6/meta:dup_blks_rcvd","measures":{"value":0}}
{"ts":1669475114196930046,"type":"point","name":"exType:baseline/permutationIndex:0/run:13/dialer:center/eavesCount:0/latencyMS:150/seq:9/fileSize:1048576/nodeType:Passive/nodeTypeIndex:6/meta:msgs_rcvd","measures":{"value":13}}
{"ts":1669475114196950882,"type":"point","name":"exType:baseline/permutationIndex:0/run:13/dialer:center/eavesCount:0/latencyMS:150/seq:9/fileSize:1048576/nodeType:Passive/nodeTypeIndex:6/meta:data_sent","measures":{"value":0}}
{"ts":1669475114196955387,"type":"point","name":"exType:baseline/permutationIndex:0/run:13/dialer:center/eavesCount:0/latencyMS:150/seq:9/fileSize:1048576/nodeType:Passive/nodeTypeIndex:6/meta:data_rcvd","measures":{"value":0}}
{"ts":1669475114196958561,"type":"point","name":"exType:baseline/permutationIndex:0/run:13/dialer:center/eavesCount:0/latencyMS:150/seq:9/fileSize:1048576/nodeType:Passive/nodeTypeIndex:6/meta:dup_data_rcvd","measures":{"value":0}}
{"ts":1669475114196961666,"type":"point","name":"exType:baseline/permutationIndex:0/run:13/dialer:center/eavesCount:0/latencyMS:150/seq:9/fileSize:1048576/nodeType:Passive/nodeTypeIndex:6/meta:blks_sent","measures":{"value":0}}
{"ts":1669475114196965453,"type":"point","name":"exType:baseline/permutationIndex:0/run:13/dialer:center/eavesCount:0/latencyMS:150/seq:9/fileSize:1048576/nodeType:Passive/nodeTypeIndex:6/meta:blks_rcvd","measures":{"value":0}}
{"ts":1669475114196975045,"type":"point","name":"exType:baseline/permutationIndex:0/run:13/dialer:center/eavesCount:0/latencyMS:150/seq:9/fileSize:1048576/nodeType:Passive/nodeTypeIndex:6/meta:dup_blks_rcvd","measures":{"value":0}}
{"ts":1669475119283106135,"type":"point","name":"exType:baseline/permutationIndex:0/run:14/dialer:center/eavesCount:0/latencyMS:150/seq:9/fileSize:1048576/nodeType:Passive/nodeTypeIndex:6/meta:msgs_rcvd","measures":{"value":50}}
{"ts":1669475119283134688,"type":"point","name":"exType:baseline/permutationIndex:0/run:14/dialer:center/eavesCount:0/latencyMS:150/seq:9/fileSize:1048576/nodeType:Passive/nodeTypeIndex:6/meta:data_sent","measures":{"value":0}}
{"ts":1669475119283138742,"type":"point","name":"exType:baseline/permutationIndex:0/run:14/dialer:center/eavesCount:0/latencyMS:150/seq:9/fileSize:1048576/nodeType:Passive/nodeTypeIndex:6/meta:data_rcvd","measures":{"value":0}}
{"ts":1669475119283141458,"type":"point","name":"exType:baseline/permutationIndex:0/run:14/dialer:center/eavesCount:0/latencyMS:150/seq:9/fileSize:1048576/nodeType:Passive/nodeTypeIndex:6/meta:dup_data_rcvd","measures":{"value":0}}
{"ts":1669475119283144563,"type":"point","name":"exType:baseline/permutationIndex:0/run:14/dialer:center/eavesCount:0/latencyMS:150/seq:9/fileSize:1048576/nodeType:Passive/nodeTypeIndex:6/meta:blks_sent","measures":{"value":0}}
{"ts":1669475119283147021,"type":"point","name":"exType:baseline/permutationIndex:0/run:14/dialer:center/eavesCount:0/latencyMS:150/seq:9/fileSize:1048576/nodeType:Passive/nodeTypeIndex:6/meta:blks_rcvd","measures":{"value":0}}
{"ts":1669475119283149579,"type":"point","name":"exType:baseline/permutationIndex:0/run:14/dialer:center/eavesCount:0/latencyMS:150/seq:9/fileSize:1048576/nodeType:Passive/nodeTypeIndex:6/meta:dup_blks_rcvd","measures":{"value":0}}
{"ts":1669475124081346859,"type":"point","name":"exType:baseline/permutationIndex:0/run:15/dialer:center/eavesCount:0/latencyMS:150/seq:9/fileSize:1048576/nodeType:Passive/nodeTypeIndex:6/meta:msgs_rcvd","measures":{"value":3}}
{"ts":1669475124081366906,"type":"point","name":"exType:baseline/permutationIndex:0/run:15/dialer:center/eavesCount:0/latencyMS:150/seq:9/fileSize:1048576/nodeType:Passive/nodeTypeIndex:6/meta:data_sent","measures":{"value":0}}
{"ts":1669475124081370458,"type":"point","name":"exType:baseline/permutationIndex:0/run:15/dialer:center/eavesCount:0/latencyMS:150/seq:9/fileSize:1048576/nodeType:Passive/nodeTypeIndex:6/meta:data_rcvd","measures":{"value":0}}
{"ts":1669475124081373024,"type":"point","name":"exType:baseline/permutationIndex:0/run:15/dialer:center/eavesCount:0/latencyMS:150/seq:9/fileSize:1048576/nodeType:Passive/nodeTypeIndex:6/meta:dup_data_rcvd","measures":{"value":0}}
{"ts":1669475124081375359,"type":"point","name":"exType:baseline/permutationIndex:0/run:15/dialer:center/eavesCount:0/latencyMS:150/seq:9/fileSize:1048576/nodeType:Passive/nodeTypeIndex:6/meta:blks_sent","measures":{"value":0}}
{"ts":1669475124081378079,"type":"point","name":"exType:baseline/permutationIndex:0/run:15/dialer:center/eavesCount:0/latencyMS:150/seq:9/fileSize:1048576/nodeType:Passive/nodeTypeIndex:6/meta:blks_rcvd","measures":{"value":0}}
{"ts":1669475124081380509,"type":"point","name":"exType:baseline/permutationIndex:0/run:15/dialer:center/eavesCount:0/latencyMS:150/seq:9/fileSize:1048576/nodeType:Passive/nodeTypeIndex:6/meta:dup_blks_rcvd","measures":{"value":0}}
{"ts":1669475128847150888,"type":"point","name":"exType:baseline/permutationIndex:0/run:16/dialer:center/eavesCount:0/latencyMS:150/seq:9/fileSize:1048576/nodeType:Passive/nodeTypeIndex:6/meta:msgs_rcvd","measures":{"value":5}}
{"ts":1669475128847175211,"type":"point","name":"exType:baseline/permutationIndex:0/run:16/dialer:center/eavesCount:0/latencyMS:150/seq:9/fileSize:1048576/nodeType:Passive/nodeTypeIndex:6/meta:data_sent","measures":{"value":0}}
{"ts":1669475128847179420,"type":"point","name":"exType:baseline/permutationIndex:0/run:16/dialer:center/eavesCount:0/latencyMS:150/seq:9/fileSize:1048576/nodeType:Passive/nodeTypeIndex:6/meta:data_rcvd","measures":{"value":0}}
{"ts":1669475128847191370,"type":"point","name":"exType:baseline/permutationIndex:0/run:16/dialer:center/eavesCount:0/latencyMS:150/seq:9/fileSize:1048576/nodeType:Passive/nodeTypeIndex:6/meta:dup_data_rcvd","measures":{"value":0}}
{"ts":1669475128847194191,"type":"point","name":"exType:baseline/permutationIndex:0/run:16/dialer:center/eavesCount:0/latencyMS:150/seq:9/fileSize:1048576/nodeType:Passive/nodeTypeIndex:6/meta:blks_sent","measures":{"value":0}}
{"ts":1669475128847197599,"type":"point","name":"exType:baseline/permutationIndex:0/run:16/dialer:center/eavesCount:0/latencyMS:150/seq:9/fileSize:1048576/nodeType:Passive/nodeTypeIndex:6/meta:blks_rcvd","measures":{"value":0}}
{"ts":1669475128847202263,"type":"point","name":"exType:baseline/permutationIndex:0/run:16/dialer:center/eavesCount:0/latencyMS:150/seq:9/fileSize:1048576/nodeType:Passive/nodeTypeIndex:6/meta:dup_blks_rcvd","measures":{"value":0}}
{"ts":1669475134190848817,"type":"point","name":"exType:baseline/permutationIndex:0/run:17/dialer:center/eavesCount:0/latencyMS:150/seq:9/fileSize:1048576/nodeType:Passive/nodeTypeIndex:6/meta:msgs_rcvd","measures":{"value":5}}
{"ts":1669475134190869913,"type":"point","name":"exType:baseline/permutationIndex:0/run:17/dialer:center/eavesCount:0/latencyMS:150/seq:9/fileSize:1048576/nodeType:Passive/nodeTypeIndex:6/meta:data_sent","measures":{"value":0}}
{"ts":1669475134190873610,"type":"point","name":"exType:baseline/permutationIndex:0/run:17/dialer:center/eavesCount:0/latencyMS:150/seq:9/fileSize:1048576/nodeType:Passive/nodeTypeIndex:6/meta:data_rcvd","measures":{"value":0}}
{"ts":1669475134190876464,"type":"point","name":"exType:baseline/permutationIndex:0/run:17/dialer:center/eavesCount:0/latencyMS:150/seq:9/fileSize:1048576/nodeType:Passive/nodeTypeIndex:6/meta:dup_data_rcvd","measures":{"value":0}}
{"ts":1669475134190879196,"type":"point","name":"exType:baseline/permutationIndex:0/run:17/dialer:center/eavesCount:0/latencyMS:150/seq:9/fileSize:1048576/nodeType:Passive/nodeTypeIndex:6/meta:blks_sent","measures":{"value":0}}
{"ts":1669475134190881890,"type":"point","name":"exType:baseline/permutationIndex:0/run:17/dialer:center/eavesCount:0/latencyMS:150/seq:9/fileSize:1048576/nodeType:Passive/nodeTypeIndex:6/meta:blks_rcvd","measures":{"value":0}}
{"ts":1669475134190884617,"type":"point","name":"exType:baseline/permutationIndex:0/run:17/dialer:center/eavesCount:0/latencyMS:150/seq:9/fileSize:1048576/nodeType:Passive/nodeTypeIndex:6/meta:dup_blks_rcvd","measures":{"value":0}}
{"ts":1669475138520019389,"type":"point","name":"exType:baseline/permutationIndex:0/run:18/dialer:center/eavesCount:0/latencyMS:150/seq:9/fileSize:1048576/nodeType:Passive/nodeTypeIndex:6/meta:msgs_rcvd","measures":{"value":4}}
{"ts":1669475138520041013,"type":"point","name":"exType:baseline/permutationIndex:0/run:18/dialer:center/eavesCount:0/latencyMS:150/seq:9/fileSize:1048576/nodeType:Passive/nodeTypeIndex:6/meta:data_sent","measures":{"value":0}}
{"ts":1669475138520043877,"type":"point","name":"exType:baseline/permutationIndex:0/run:18/dialer:center/eavesCount:0/latencyMS:150/seq:9/fileSize:1048576/nodeType:Passive/nodeTypeIndex:6/meta:data_rcvd","measures":{"value":0}}
{"ts":1669475138520046539,"type":"point","name":"exType:baseline/permutationIndex:0/run:18/dialer:center/eavesCount:0/latencyMS:150/seq:9/fileSize:1048576/nodeType:Passive/nodeTypeIndex:6/meta:dup_data_rcvd","measures":{"value":0}}
{"ts":1669475138520049146,"type":"point","name":"exType:baseline/permutationIndex:0/run:18/dialer:center/eavesCount:0/latencyMS:150/seq:9/fileSize:1048576/nodeType:Passive/nodeTypeIndex:6/meta:blks_sent","measures":{"value":0}}
{"ts":1669475138520051702,"type":"point","name":"exType:baseline/permutationIndex:0/run:18/dialer:center/eavesCount:0/latencyMS:150/seq:9/fileSize:1048576/nodeType:Passive/nodeTypeIndex:6/meta:blks_rcvd","measures":{"value":0}}
{"ts":1669475138520054078,"type":"point","name":"exType:baseline/permutationIndex:0/run:18/dialer:center/eavesCount:0/latencyMS:150/seq:9/fileSize:1048576/nodeType:Passive/nodeTypeIndex:6/meta:dup_blks_rcvd","measures":{"value":0}}
{"ts":1669475142984778706,"type":"point","name":"exType:baseline/permutationIndex:0/run:19/dialer:center/eavesCount:0/latencyMS:150/seq:9/fileSize:1048576/nodeType:Passive/nodeTypeIndex:6/meta:msgs_rcvd","measures":{"value":4}}
{"ts":1669475142984818476,"type":"point","name":"exType:baseline/permutationIndex:0/run:19/dialer:center/eavesCount:0/latencyMS:150/seq:9/fileSize:1048576/nodeType:Passive/nodeTypeIndex:6/meta:data_sent","measures":{"value":0}}
{"ts":1669475142984826473,"type":"point","name":"exType:baseline/permutationIndex:0/run:19/dialer:center/eavesCount:0/latencyMS:150/seq:9/fileSize:1048576/nodeType:Passive/nodeTypeIndex:6/meta:data_rcvd","measures":{"value":0}}
{"ts":1669475142984831454,"type":"point","name":"exType:baseline/permutationIndex:0/run:19/dialer:center/eavesCount:0/latencyMS:150/seq:9/fileSize:1048576/nodeType:Passive/nodeTypeIndex:6/meta:dup_data_rcvd","measures":{"value":0}}
{"ts":1669475142984836616,"type":"point","name":"exType:baseline/permutationIndex:0/run:19/dialer:center/eavesCount:0/latencyMS:150/seq:9/fileSize:1048576/nodeType:Passive/nodeTypeIndex:6/meta:blks_sent","measures":{"value":0}}
{"ts":1669475142984841650,"type":"point","name":"exType:baseline/permutationIndex:0/run:19/dialer:center/eavesCount:0/latencyMS:150/seq:9/fileSize:1048576/nodeType:Passive/nodeTypeIndex:6/meta:blks_rcvd","measures":{"value":0}}
{"ts":1669475142984846902,"type":"point","name":"exType:baseline/permutationIndex:0/run:19/dialer:center/eavesCount:0/latencyMS:150/seq:9/fileSize:1048576/nodeType:Passive/nodeTypeIndex:6/meta:dup_blks_rcvd","measures":{"value":0}}
{"ts":1669475147495656513,"type":"point","name":"exType:baseline/permutationIndex:0/run:20/dialer:center/eavesCount:0/latencyMS:150/seq:9/fileSize:1048576/nodeType:Passive/nodeTypeIndex:6/meta:msgs_rcvd","measures":{"value":6}}
{"ts":1669475147495683422,"type":"point","name":"exType:baseline/permutationIndex:0/run:20/dialer:center/eavesCount:0/latencyMS:150/seq:9/fileSize:1048576/nodeType:Passive/nodeTypeIndex:6/meta:data_sent","measures":{"value":0}}
{"ts":1669475147495688417,"type":"point","name":"exType:baseline/permutationIndex:0/run:20/dialer:center/eavesCount:0/latencyMS:150/seq:9/fileSize:1048576/nodeType:Passive/nodeTypeIndex:6/meta:data_rcvd","measures":{"value":0}}
{"ts":1669475147495690739,"type":"point","name":"exType:baseline/permutationIndex:0/run:20/dialer:center/eavesCount:0/latencyMS:150/seq:9/fileSize:1048576/nodeType:Passive/nodeTypeIndex:6/meta:dup_data_rcvd","measures":{"value":0}}
{"ts":1669475147495693010,"type":"point","name":"exType:baseline/permutationIndex:0/run:20/dialer:center/eavesCount:0/latencyMS:150/seq:9/fileSize:1048576/nodeType:Passive/nodeTypeIndex:6/meta:blks_sent","measures":{"value":0}}
{"ts":1669475147495695232,"type":"point","name":"exType:baseline/permutationIndex:0/run:20/dialer:center/eavesCount:0/latencyMS:150/seq:9/fileSize:1048576/nodeType:Passive/nodeTypeIndex:6/meta:blks_rcvd","measures":{"value":0}}
{"ts":1669475147495697847,"type":"point","name":"exType:baseline/permutationIndex:0/run:20/dialer:center/eavesCount:0/latencyMS:150/seq:9/fileSize:1048576/nodeType:Passive/nodeTypeIndex:6/meta:dup_blks_rcvd","measures":{"value":0}}
{"ts":1669475152007003234,"type":"point","name":"exType:baseline/permutationIndex:0/run:21/dialer:center/eavesCount:0/latencyMS:150/seq:9/fileSize:1048576/nodeType:Passive/nodeTypeIndex:6/meta:msgs_rcvd","measures":{"value":4}}
{"ts":1669475152007026310,"type":"point","name":"exType:baseline/permutationIndex:0/run:21/dialer:center/eavesCount:0/latencyMS:150/seq:9/fileSize:1048576/nodeType:Passive/nodeTypeIndex:6/meta:data_sent","measures":{"value":0}}
{"ts":1669475152007030181,"type":"point","name":"exType:baseline/permutationIndex:0/run:21/dialer:center/eavesCount:0/latencyMS:150/seq:9/fileSize:1048576/nodeType:Passive/nodeTypeIndex:6/meta:data_rcvd","measures":{"value":0}}
{"ts":1669475152007032755,"type":"point","name":"exType:baseline/permutationIndex:0/run:21/dialer:center/eavesCount:0/latencyMS:150/seq:9/fileSize:1048576/nodeType:Passive/nodeTypeIndex:6/meta:dup_data_rcvd","measures":{"value":0}}
{"ts":1669475152007042403,"type":"point","name":"exType:baseline/permutationIndex:0/run:21/dialer:center/eavesCount:0/latencyMS:150/seq:9/fileSize:1048576/nodeType:Passive/nodeTypeIndex:6/meta:blks_sent","measures":{"value":0}}
{"ts":1669475152007044731,"type":"point","name":"exType:baseline/permutationIndex:0/run:21/dialer:center/eavesCount:0/latencyMS:150/seq:9/fileSize:1048576/nodeType:Passive/nodeTypeIndex:6/meta:blks_rcvd","measures":{"value":0}}
{"ts":1669475152007047156,"type":"point","name":"exType:baseline/permutationIndex:0/run:21/dialer:center/eavesCount:0/latencyMS:150/seq:9/fileSize:1048576/nodeType:Passive/nodeTypeIndex:6/meta:dup_blks_rcvd","measures":{"value":0}}
{"ts":1669475156470882752,"type":"point","name":"exType:baseline/permutationIndex:0/run:22/dialer:center/eavesCount:0/latencyMS:150/seq:9/fileSize:1048576/nodeType:Passive/nodeTypeIndex:6/meta:msgs_rcvd","measures":{"value":3}}
{"ts":1669475156470910024,"type":"point","name":"exType:baseline/permutationIndex:0/run:22/dialer:center/eavesCount:0/latencyMS:150/seq:9/fileSize:1048576/nodeType:Passive/nodeTypeIndex:6/meta:data_sent","measures":{"value":0}}
{"ts":1669475156470914231,"type":"point","name":"exType:baseline/permutationIndex:0/run:22/dialer:center/eavesCount:0/latencyMS:150/seq:9/fileSize:1048576/nodeType:Passive/nodeTypeIndex:6/meta:data_rcvd","measures":{"value":0}}
{"ts":1669475156470916576,"type":"point","name":"exType:baseline/permutationIndex:0/run:22/dialer:center/eavesCount:0/latencyMS:150/seq:9/fileSize:1048576/nodeType:Passive/nodeTypeIndex:6/meta:dup_data_rcvd","measures":{"value":0}}
{"ts":1669475156470919206,"type":"point","name":"exType:baseline/permutationIndex:0/run:22/dialer:center/eavesCount:0/latencyMS:150/seq:9/fileSize:1048576/nodeType:Passive/nodeTypeIndex:6/meta:blks_sent","measures":{"value":0}}
{"ts":1669475156470922149,"type":"point","name":"exType:baseline/permutationIndex:0/run:22/dialer:center/eavesCount:0/latencyMS:150/seq:9/fileSize:1048576/nodeType:Passive/nodeTypeIndex:6/meta:blks_rcvd","measures":{"value":0}}
{"ts":1669475156470924394,"type":"point","name":"exType:baseline/permutationIndex:0/run:22/dialer:center/eavesCount:0/latencyMS:150/seq:9/fileSize:1048576/nodeType:Passive/nodeTypeIndex:6/meta:dup_blks_rcvd","measures":{"value":0}}
{"ts":1669475161247822716,"type":"point","name":"exType:baseline/permutationIndex:0/run:23/dialer:center/eavesCount:0/latencyMS:150/seq:9/fileSize:1048576/nodeType:Passive/nodeTypeIndex:6/meta:msgs_rcvd","measures":{"value":5}}
{"ts":1669475161247844128,"type":"point","name":"exType:baseline/permutationIndex:0/run:23/dialer:center/eavesCount:0/latencyMS:150/seq:9/fileSize:1048576/nodeType:Passive/nodeTypeIndex:6/meta:data_sent","measures":{"value":0}}
{"ts":1669475161247848008,"type":"point","name":"exType:baseline/permutationIndex:0/run:23/dialer:center/eavesCount:0/latencyMS:150/seq:9/fileSize:1048576/nodeType:Passive/nodeTypeIndex:6/meta:data_rcvd","measures":{"value":0}}
{"ts":1669475161247850708,"type":"point","name":"exType:baseline/permutationIndex:0/run:23/dialer:center/eavesCount:0/latencyMS:150/seq:9/fileSize:1048576/nodeType:Passive/nodeTypeIndex:6/meta:dup_data_rcvd","measures":{"value":0}}
{"ts":1669475161247853162,"type":"point","name":"exType:baseline/permutationIndex:0/run:23/dialer:center/eavesCount:0/latencyMS:150/seq:9/fileSize:1048576/nodeType:Passive/nodeTypeIndex:6/meta:blks_sent","measures":{"value":0}}
{"ts":1669475161247856042,"type":"point","name":"exType:baseline/permutationIndex:0/run:23/dialer:center/eavesCount:0/latencyMS:150/seq:9/fileSize:1048576/nodeType:Passive/nodeTypeIndex:6/meta:blks_rcvd","measures":{"value":0}}
{"ts":1669475161247858392,"type":"point","name":"exType:baseline/permutationIndex:0/run:23/dialer:center/eavesCount:0/latencyMS:150/seq:9/fileSize:1048576/nodeType:Passive/nodeTypeIndex:6/meta:dup_blks_rcvd","measures":{"value":0}}
{"ts":1669475165691050266,"type":"point","name":"exType:baseline/permutationIndex:0/run:24/dialer:center/eavesCount:0/latencyMS:150/seq:9/fileSize:1048576/nodeType:Passive/nodeTypeIndex:6/meta:msgs_rcvd","measures":{"value":4}}
{"ts":1669475165691096221,"type":"point","name":"exType:baseline/permutationIndex:0/run:24/dialer:center/eavesCount:0/latencyMS:150/seq:9/fileSize:1048576/nodeType:Passive/nodeTypeIndex:6/meta:data_sent","measures":{"value":0}}
{"ts":1669475165691105854,"type":"point","name":"exType:baseline/permutationIndex:0/run:24/dialer:center/eavesCount:0/latencyMS:150/seq:9/fileSize:1048576/nodeType:Passive/nodeTypeIndex:6/meta:data_rcvd","measures":{"value":0}}
{"ts":1669475165691110373,"type":"point","name":"exType:baseline/permutationIndex:0/run:24/dialer:center/eavesCount:0/latencyMS:150/seq:9/fileSize:1048576/nodeType:Passive/nodeTypeIndex:6/meta:dup_data_rcvd","measures":{"value":0}}
{"ts":1669475165691114173,"type":"point","name":"exType:baseline/permutationIndex:0/run:24/dialer:center/eavesCount:0/latencyMS:150/seq:9/fileSize:1048576/nodeType:Passive/nodeTypeIndex:6/meta:blks_sent","measures":{"value":0}}
{"ts":1669475165691117558,"type":"point","name":"exType:baseline/permutationIndex:0/run:24/dialer:center/eavesCount:0/latencyMS:150/seq:9/fileSize:1048576/nodeType:Passive/nodeTypeIndex:6/meta:blks_rcvd","measures":{"value":0}}
{"ts":1669475165691121358,"type":"point","name":"exType:baseline/permutationIndex:0/run:24/dialer:center/eavesCount:0/latencyMS:150/seq:9/fileSize:1048576/nodeType:Passive/nodeTypeIndex:6/meta:dup_blks_rcvd","measures":{"value":0}}
