{"ts":1669476176250142009,"type":"point","name":"exType:baseline/permutationIndex:0/run:1/dialer:center/eavesCount:0/latencyMS:100/seq:4/fileSize:153600/nodeType:Passive/nodeTypeIndex:1/meta:msgs_rcvd","measures":{"value":2}}
{"ts":1669476176250356626,"type":"point","name":"exType:baseline/permutationIndex:0/run:1/dialer:center/eavesCount:0/latencyMS:100/seq:4/fileSize:153600/nodeType:Passive/nodeTypeIndex:1/meta:data_sent","measures":{"value":0}}
{"ts":1669476176250386421,"type":"point","name":"exType:baseline/permutationIndex:0/run:1/dialer:center/eavesCount:0/latencyMS:100/seq:4/fileSize:153600/nodeType:Passive/nodeTypeIndex:1/meta:data_rcvd","measures":{"value":0}}
{"ts":1669476176250403939,"type":"point","name":"exType:baseline/permutationIndex:0/run:1/dialer:center/eavesCount:0/latencyMS:100/seq:4/fileSize:153600/nodeType:Passive/nodeTypeIndex:1/meta:dup_data_rcvd","measures":{"value":0}}
{"ts":1669476176250421326,"type":"point","name":"exType:baseline/permutationIndex:0/run:1/dialer:center/eavesCount:0/latencyMS:100/seq:4/fileSize:153600/nodeType:Passive/nodeTypeIndex:1/meta:blks_sent","measures":{"value":0}}
{"ts":1669476176250438514,"type":"point","name":"exType:baseline/permutationIndex:0/run:1/dialer:center/eavesCount:0/latencyMS:100/seq:4/fileSize:153600/nodeType:Passive/nodeTypeIndex:1/meta:blks_rcvd","measures":{"value":0}}
{"ts":1669476176250456029,"type":"point","name":"exType:baseline/permutationIndex:0/run:1/dialer:center/eavesCount:0/latencyMS:100/seq:4/fileSize:153600/nodeType:Passive/nodeTypeIndex:1/meta:dup_blks_rcvd","measures":{"value":0}}
{"ts":1669476179129400943,"type":"point","name":"exType:baseline/permutationIndex:0/run:2/dialer:center/eavesCount:0/latencyMS:100/seq:4/fileSize:153600/nodeType:Passive/nodeTypeIndex:1/meta:msgs_rcvd","measures":{"value":15}}
{"ts":1669476179129522991,"type":"point","name":"exType:baseline/permutationIndex:0/run:2/dialer:center/eavesCount:0/latencyMS:100/seq:4/fileSize:153600/nodeType:Passive/nodeTypeIndex:1/meta:data_sent","measures":{"value":0}}
{"ts":1669476179129562305,"type":"point","name":"exType:baseline/permutationIndex:0/run:2/dialer:center/eavesCount:0/latencyMS:100/seq:4/fileSize:153600/nodeType:Passive/nodeTypeIndex:1/meta:data_rcvd","measures":{"value":0}}
{"ts":1669476179129585158,"type":"point","name":"exType:baseline/permutationIndex:0/run:2/dialer:center/eavesCount:0/latencyMS:100/seq:4/fileSize:153600/nodeType:Passive/nodeTypeIndex:1/meta:dup_data_rcvd","measures":{"value":0}}
{"ts":1669476179129605243,"type":"point","name":"exType:baseline/permutationIndex:0/run:2/dialer:center/eavesCount:0/latencyMS:100/seq:4/fileSize:153600/nodeType:Passive/nodeTypeIndex:1/meta:blks_sent","measures":{"value":0}}
{"ts":1669476179129623795,"type":"point","name":"exType:baseline/permutationIndex:0/run:2/dialer:center/eavesCount:0/latencyMS:100/seq:4/fileSize:153600/nodeType:Passive/nodeTypeIndex:1/meta:blks_rcvd","measures":{"value":0}}
{"ts":1669476179129642450,"type":"point","name":"exType:baseline/permutationIndex:0/run:2/dialer:center/eavesCount:0/latencyMS:100/seq:4/fileSize:153600/nodeType:Passive/nodeTypeIndex:1/meta:dup_blks_rcvd","measures":{"value":0}}
{"ts":1669476182103590747,"type":"point","name":"exType:baseline/permutationIndex:0/run:3/dialer:center/eavesCount:0/latencyMS:100/seq:4/fileSize:153600/nodeType:Passive/nodeTypeIndex:1/meta:msgs_rcvd","measures":{"value":50}}
{"ts":1669476182103625038,"type":"point","name":"exType:baseline/permutationIndex:0/run:3/dialer:center/eavesCount:0/latencyMS:100/seq:4/fileSize:153600/nodeType:Passive/nodeTypeIndex:1/meta:data_sent","measures":{"value":0}}
{"ts":1669476182103633900,"type":"point","name":"exType:baseline/permutationIndex:0/run:3/dialer:center/eavesCount:0/latencyMS:100/seq:4/fileSize:153600/nodeType:Passive/nodeTypeIndex:1/meta:data_rcvd","measures":{"value":0}}
{"ts":1669476182103639794,"type":"point","name":"exType:baseline/permutationIndex:0/run:3/dialer:center/eavesCount:0/latencyMS:100/seq:4/fileSize:153600/nodeType:Passive/nodeTypeIndex:1/meta:dup_data_rcvd","measures":{"value":0}}
{"ts":1669476182103645040,"type":"point","name":"exType:baseline/permutationIndex:0/run:3/dialer:center/eavesCount:0/latencyMS:100/seq:4/fileSize:153600/nodeType:Passive/nodeTypeIndex:1/meta:blks_sent","measures":{"value":0}}
{"ts":1669476182103661795,"type":"point","name":"exType:baseline/permutationIndex:0/run:3/dialer:center/eavesCount:0/latencyMS:100/seq:4/fileSize:153600/nodeType:Passive/nodeTypeIndex:1/meta:blks_rcvd","measures":{"value":0}}
{"ts":1669476182103667356,"type":"point","name":"exType:baseline/permutationIndex:0/run:3/dialer:center/eavesCount:0/latencyMS:100/seq:4/fileSize:153600/nodeType:Passive/nodeTypeIndex:1/meta:dup_blks_rcvd","measures":{"value":0}}
{"ts":1669476185028978166,"type":"point","name":"exType:baseline/permutationIndex:0/run:4/dialer:center/eavesCount:0/latencyMS:100/seq:4/fileSize:153600/nodeType:Passive/nodeTypeIndex:1/meta:msgs_rcvd","measures":{"value":2}}
{"ts":1669476185029086856,"type":"point","name":"exType:baseline/permutationIndex:0/run:4/dialer:center/eavesCount:0/latencyMS:100/seq:4/fileSize:153600/nodeType:Passive/nodeTypeIndex:1/meta:data_sent","measures":{"value":0}}
{"ts":1669476185029118412,"type":"point","name":"exType:baseline/permutationIndex:0/run:4/dialer:center/eavesCount:0/latencyMS:100/seq:4/fileSize:153600/nodeType:Passive/nodeTypeIndex:1/meta:data_rcvd","measures":{"value":0}}
{"ts":1669476185029139760,"type":"point","name":"exType:baseline/permutationIndex:0/run:4/dialer:center/eavesCount:0/latencyMS:100/seq:4/fileSize:153600/nodeType:Passive/nodeTypeIndex:1/meta:dup_data_rcvd","measures":{"value":0}}
{"ts":1669476185029159732,"type":"point","name":"exType:baseline/permutationIndex:0/run:4/dialer:center/eavesCount:0/latencyMS:100/seq:4/fileSize:153600/nodeType:Passive/nodeTypeIndex:1/meta:blks_sent","measures":{"value":0}}
{"ts":1669476185029177632,"type":"point","name":"exType:baseline/permutationIndex:0/run:4/dialer:center/eavesCount:0/latencyMS:100/seq:4/fileSize:153600/nodeType:Passive/nodeTypeIndex:1/meta:blks_rcvd","measures":{"value":0}}
{"ts":1669476185029194576,"type":"point","name":"exType:baseline/permutationIndex:0/run:4/dialer:center/eavesCount:0/latencyMS:100/seq:4/fileSize:153600/nodeType:Passive/nodeTypeIndex:1/meta:dup_blks_rcvd","measures":{"value":0}}
{"ts":1669476187641535561,"type":"point","name":"exType:baseline/permutationIndex:0/run:5/dialer:center/eavesCount:0/latencyMS:100/seq:4/fileSize:153600/nodeType:Passive/nodeTypeIndex:1/meta:msgs_rcvd","measures":{"value":4}}
{"ts":1669476187641554944,"type":"point","name":"exType:baseline/permutationIndex:0/run:5/dialer:center/eavesCount:0/latencyMS:100/seq:4/fileSize:153600/nodeType:Passive/nodeTypeIndex:1/meta:data_sent","measures":{"value":0}}
{"ts":1669476187641559024,"type":"point","name":"exType:baseline/permutationIndex:0/run:5/dialer:center/eavesCount:0/latencyMS:100/seq:4/fileSize:153600/nodeType:Passive/nodeTypeIndex:1/meta:data_rcvd","measures":{"value":0}}
{"ts":1669476187641561201,"type":"point","name":"exType:baseline/permutationIndex:0/run:5/dialer:center/eavesCount:0/latencyMS:100/seq:4/fileSize:153600/nodeType:Passive/nodeTypeIndex:1/meta:dup_data_rcvd","measures":{"value":0}}
{"ts":1669476187641563304,"type":"point","name":"exType:baseline/permutationIndex:0/run:5/dialer:center/eavesCount:0/latencyMS:100/seq:4/fileSize:153600/nodeType:Passive/nodeTypeIndex:1/meta:blks_sent","measures":{"value":0}}
{"ts":1669476187641565323,"type":"point","name":"exType:baseline/permutationIndex:0/run:5/dialer:center/eavesCount:0/latencyMS:100/seq:4/fileSize:153600/nodeType:Passive/nodeTypeIndex:1/meta:blks_rcvd","measures":{"value":0}}
{"ts":1669476187641567437,"type":"point","name":"exType:baseline/permutationIndex:0/run:5/dialer:center/eavesCount:0/latencyMS:100/seq:4/fileSize:153600/nodeType:Passive/nodeTypeIndex:1/meta:dup_blks_rcvd","measures":{"value":0}}
{"ts":1669476190233237288,"type":"point","name":"exType:baseline/permutationIndex:0/run:6/dialer:center/eavesCount:0/latencyMS:100/seq:4/fileSize:153600/nodeType:Passive/nodeTypeIndex:1/meta:msgs_rcvd","measures":{"value":1}}
{"ts":1669476190233312634,"type":"point","name":"exType:baseline/permutationIndex:0/run:6/dialer:center/eavesCount:0/latencyMS:100/seq:4/fileSize:153600/nodeType:Passive/nodeTypeIndex:1/meta:data_sent","measures":{"value":0}}
{"ts":1669476190233366862,"type":"point","name":"exType:baseline/permutationIndex:0/run:6/dialer:center/eavesCount:0/latencyMS:100/seq:4/fileSize:153600/nodeType:Passive/nodeTypeIndex:1/meta:data_rcvd","measures":{"value":0}}
{"ts":1669476190233380943,"type":"point","name":"exType:baseline/permutationIndex:0/run:6/dialer:center/eavesCount:0/latencyMS:100/seq:4/fileSize:153600/nodeType:Passive/nodeTypeIndex:1/meta:dup_data_rcvd","measures":{"value":0}}
{"ts":1669476190233395557,"type":"point","name":"exType:baseline/permutationIndex:0/run:6/dialer:center/eavesCount:0/latencyMS:100/seq:4/fileSize:153600/nodeType:Passive/nodeTypeIndex:1/meta:blks_sent","measures":{"value":0}}
{"ts":1669476190233407768,"type":"point","name":"exType:baseline/permutationIndex:0/run:6/dialer:center/eavesCount:0/latencyMS:100/seq:4/fileSize:153600/nodeType:Passive/nodeTypeIndex:1/meta:blks_rcvd","measures":{"value":0}}
{"ts":1669476190233420327,"type":"point","name":"exType:baseline/permutationIndex:0/run:6/dialer:center/eavesCount:0/latencyMS:100/seq:4/fileSize:153600/nodeType:Passive/nodeTypeIndex:1/meta:dup_blks_rcvd","measures":{"value":0}}
{"ts":1669476193149018481,"type":"point","name":"exType:baseline/permutationIndex:0/run:7/dialer:center/eavesCount:0/latencyMS:100/seq:4/fileSize:153600/nodeType:Passive/nodeTypeIndex:1/meta:msgs_rcvd","measures":{"value":2}}
{"ts":1669476193149033167,"type":"point","name":"exType:baseline/permutationIndex:0/run:7/dialer:center/eavesCount:0/latencyMS:100/seq:4/fileSize:153600/nodeType:Passive/nodeTypeIndex:1/meta:data_sent","measures":{"value":0}}
{"ts":1669476193149037373,"type":"point","name":"exType:baseline/permutationIndex:0/run:7/dialer:center/eavesCount:0/latencyMS:100/seq:4/fileSize:153600/nodeType:Passive/nodeTypeIndex:1/meta:data_rcvd","measures":{"value":0}}
{"ts":1669476193149040565,"type":"point","name":"exType:baseline/permutationIndex:0/run:7/dialer:center/eavesCount:0/latencyMS:100/seq:4/fileSize:153600/nodeType:Passive/nodeTypeIndex:1/meta:dup_data_rcvd","measures":{"value":0}}
{"ts":1669476193149043315,"type":"point","name":"exType:baseline/permutationIndex:0/run:7/dialer:center/eavesCount:0/latencyMS:100/seq:4/fileSize:153600/nodeType:Passive/nodeTypeIndex:1/meta:blks_sent","measures":{"value":0}}
{"ts":1669476193149046213,"type":"point","name":"exType:baseline/permutationIndex:0/run:7/dialer:center/eavesCount:0/latencyMS:100/seq:4/fileSize:153600/nodeType:Passive/nodeTypeIndex:1/meta:blks_rcvd","measures":{"value":0}}
{"ts":1669476193149049727,"type":"point","name":"exType:baseline/permutationIndex:0/run:7/dialer:center/eavesCount:0/latencyMS:100/seq:4/fileSize:153600/nodeType:Passive/nodeTypeIndex:1/meta:dup_blks_rcvd","measures":{"value":0}}
{"ts":1669476196488034347,"type":"point","name":"exType:baseline/permutationIndex:0/run:8/dialer:center/eavesCount:0/latencyMS:100/seq:4/fileSize:153600/nodeType:Passive/nodeTypeIndex:1/meta:msgs_rcvd","measures":{"value":4}}
{"ts":1669476196488177222,"type":"point","name":"exType:baseline/permutationIndex:0/run:8/dialer:center/eavesCount:0/latencyMS:100/seq:4/fileSize:153600/nodeType:Passive/nodeTypeIndex:1/meta:data_sent","measures":{"value":0}}
{"ts":1669476196488209949,"type":"point","name":"exType:baseline/permutationIndex:0/run:8/dialer:center/eavesCount:0/latencyMS:100/seq:4/fileSize:153600/nodeType:Passive/nodeTypeIndex:1/meta:data_rcvd","measures":{"value":0}}
{"ts":1669476196488239597,"type":"point","name":"exType:baseline/permutationIndex:0/run:8/dialer:center/eavesCount:0/latencyMS:100/seq:4/fileSize:153600/nodeType:Passive/nodeTypeIndex:1/meta:dup_data_rcvd","measures":{"value":0}}
{"ts":1669476196488264021,"type":"point","name":"exType:baseline/permutationIndex:0/run:8/dialer:center/eavesCount:0/latencyMS:100/seq:4/fileSize:153600/nodeType:Passive/nodeTypeIndex:1/meta:blks_sent","measures":{"value":0}}
{"ts":1669476196488284386,"type":"point","name":"exType:baseline/permutationIndex:0/run:8/dialer:center/eavesCount:0/latencyMS:100/seq:4/fileSize:153600/nodeType:Passive/nodeTypeIndex:1/meta:blks_rcvd","measures":{"value":0}}
{"ts":1669476196488340049,"type":"point","name":"exType:baseline/permutationIndex:0/run:8/dialer:center/eavesCount:0/latencyMS:100/seq:4/fileSize:153600/nodeType:Passive/nodeTypeIndex:1/meta:dup_blks_rcvd","measures":{"value":0}}
{"ts":1669476199599388169,"type":"point","name":"exType:baseline/permutationIndex:0/run:9/dialer:center/eavesCount:0/latencyMS:100/seq:4/fileSize:153600/nodeType:Passive/nodeTypeIndex:1/meta:msgs_rcvd","measures":{"value":2}}
{"ts":1669476199599408477,"type":"point","name":"exType:baseline/permutationIndex:0/run:9/dialer:center/eavesCount:0/latencyMS:100/seq:4/fileSize:153600/nodeType:Passive/nodeTypeIndex:1/meta:data_sent","measures":{"value":0}}
{"ts":1669476199599411689,"type":"point","name":"exType:baseline/permutationIndex:0/run:9/dialer:center/eavesCount:0/latencyMS:100/seq:4/fileSize:153600/nodeType:Passive/nodeTypeIndex:1/meta:data_rcvd","measures":{"value":0}}
{"ts":1669476199599414151,"type":"point","name":"exType:baseline/permutationIndex:0/run:9/dialer:center/eavesCount:0/latencyMS:100/seq:4/fileSize:153600/nodeType:Passive/nodeTypeIndex:1/meta:dup_data_rcvd","measures":{"value":0}}
{"ts":1669476199599416832,"type":"point","name":"exType:baseline/permutationIndex:0/run:9/dialer:center/eavesCount:0/latencyMS:100/seq:4/fileSize:153600/nodeType:Passive/nodeTypeIndex:1/meta:blks_sent","measures":{"value":0}}
{"ts":1669476199599419347,"type":"point","name":"exType:baseline/permutationIndex:0/run:9/dialer:center/eavesCount:0/latencyMS:100/seq:4/fileSize:153600/nodeType:Passive/nodeTypeIndex:1/meta:blks_rcvd","measures":{"value":0}}
{"ts":1669476199599421745,"type":"point","name":"exType:baseline/permutationIndex:0/run:9/dialer:center/eavesCount:0/latencyMS:100/seq:4/fileSize:153600/nodeType:Passive/nodeTypeIndex:1/meta:dup_blks_rcvd","measures":{"value":0}}
{"ts":1669476202936550270,"type":"point","name":"exType:baseline/permutationIndex:0/run:10/dialer:center/eavesCount:0/latencyMS:100/seq:4/fileSize:153600/nodeType:Passive/nodeTypeIndex:1/meta:msgs_rcvd","measures":{"value":2}}
{"ts":1669476202936583762,"type":"point","name":"exType:baseline/permutationIndex:0/run:10/dialer:center/eavesCount:0/latencyMS:100/seq:4/fileSize:153600/nodeType:Passive/nodeTypeIndex:1/meta:data_sent","measures":{"value":0}}
{"ts":1669476202936591583,"type":"point","name":"exType:baseline/permutationIndex:0/run:10/dialer:center/eavesCount:0/latencyMS:100/seq:4/fileSize:153600/nodeType:Passive/nodeTypeIndex:1/meta:data_rcvd","measures":{"value":0}}
{"ts":1669476202936597065,"type":"point","name":"exType:baseline/permutationIndex:0/run:10/dialer:center/eavesCount:0/latencyMS:100/seq:4/fileSize:153600/nodeType:Passive/nodeTypeIndex:1/meta:dup_data_rcvd","measures":{"value":0}}
{"ts":1669476202936602227,"type":"point","name":"exType:baseline/permutationIndex:0/run:10/dialer:center/eavesCount:0/latencyMS:100/seq:4/fileSize:153600/nodeType:Passive/nodeTypeIndex:1/meta:blks_sent","measures":{"value":0}}
{"ts":1669476202936607227,"type":"point","name":"exType:baseline/permutationIndex:0/run:10/dialer:center/eavesCount:0/latencyMS:100/seq:4/fileSize:153600/nodeType:Passive/nodeTypeIndex:1/meta:blks_rcvd","measures":{"value":0}}
{"ts":1669476202936612666,"type":"point","name":"exType:baseline/permutationIndex:0/run:10/dialer:center/eavesCount:0/latencyMS:100/seq:4/fileSize:153600/nodeType:Passive/nodeTypeIndex:1/meta:dup_blks_rcvd","measures":{"value":0}}
{"ts":1669476205859574228,"type":"point","name":"exType:baseline/permutationIndex:0/run:11/dialer:center/eavesCount:0/latencyMS:100/seq:4/fileSize:153600/nodeType:Passive/nodeTypeIndex:1/meta:msgs_rcvd","measures":{"value":1}}
{"ts":1669476205859597670,"type":"point","name":"exType:baseline/permutationIndex:0/run:11/dialer:center/eavesCount:0/latencyMS:100/seq:4/fileSize:153600/nodeType:Passive/nodeTypeIndex:1/meta:data_sent","measures":{"value":0}}
{"ts":1669476205859600887,"type":"point","name":"exType:baseline/permutationIndex:0/run:11/dialer:center/eavesCount:0/latencyMS:100/seq:4/fileSize:153600/nodeType:Passive/nodeTypeIndex:1/meta:data_rcvd","measures":{"value":0}}
{"ts":1669476205859609968,"type":"point","name":"exType:baseline/permutationIndex:0/run:11/dialer:center/eavesCount:0/latencyMS:100/seq:4/fileSize:153600/nodeType:Passive/nodeTypeIndex:1/meta:dup_data_rcvd","measures":{"value":0}}
{"ts":1669476205859613078,"type":"point","name":"exType:baseline/permutationIndex:0/run:11/dialer:center/eavesCount:0/latencyMS:100/seq:4/fileSize:153600/nodeType:Passive/nodeTypeIndex:1/meta:blks_sent","measures":{"value":0}}
{"ts":1669476205859615678,"type":"point","name":"exType:baseline/permutationIndex:0/run:11/dialer:center/eavesCount:0/latencyMS:100/seq:4/fileSize:153600/nodeType:Passive/nodeTypeIndex:1/meta:blks_rcvd","measures":{"value":0}}
{"ts":1669476205859618378,"type":"point","name":"exType:baseline/permutationIndex:0/run:11/dialer:center/eavesCount:0/latencyMS:100/seq:4/fileSize:153600/nodeType:Passive/nodeTypeIndex:1/meta:dup_blks_rcvd","measures":{"value":0}}
{"ts":1669476208448025510,"type":"point","name":"exType:baseline/permutationIndex:0/run:12/dialer:center/eavesCount:0/latencyMS:100/seq:4/fileSize:153600/nodeType:Passive/nodeTypeIndex:1/meta:msgs_rcvd","measures":{"value":2}}
{"ts":1669476208448042922,"type":"point","name":"exType:baseline/permutationIndex:0/run:12/dialer:center/eavesCount:0/latencyMS:100/seq:4/fileSize:153600/nodeType:Passive/nodeTypeIndex:1/meta:data_sent","measures":{"value":0}}
{"ts":1669476208448047126,"type":"point","name":"exType:baseline/permutationIndex:0/run:12/dialer:center/eavesCount:0/latencyMS:100/seq:4/fileSize:153600/nodeType:Passive/nodeTypeIndex:1/meta:data_rcvd","measures":{"value":0}}
{"ts":1669476208448049989,"type":"point","name":"exType:baseline/permutationIndex:0/run:12/dialer:center/eavesCount:0/latencyMS:100/seq:4/fileSize:153600/nodeType:Passive/nodeTypeIndex:1/meta:dup_data_rcvd","measures":{"value":0}}
{"ts":1669476208448053416,"type":"point","name":"exType:baseline/permutationIndex:0/run:12/dialer:center/eavesCount:0/latencyMS:100/seq:4/fileSize:153600/nodeType:Passive/nodeTypeIndex:1/meta:blks_sent","measures":{"value":0}}
{"ts":1669476208448058651,"type":"point","name":"exType:baseline/permutationIndex:0/run:12/dialer:center/eavesCount:0/latencyMS:100/seq:4/fileSize:153600/nodeType:Passive/nodeTypeIndex:1/meta:blks_rcvd","measures":{"value":0}}
{"ts":1669476208448061218,"type":"point","name":"exType:baseline/permutationIndex:0/run:12/dialer:center/eavesCount:0/latencyMS:100/seq:4/fileSize:153600/nodeType:Passive/nodeTypeIndex:1/meta:dup_blks_rcvd","measures":{"value":0}}
{"ts":1669476211192186585,"type":"point","name":"exType:baseline/permutationIndex:0/run:13/dialer:center/eavesCount:0/latencyMS:100/seq:4/fileSize:153600/nodeType:Passive/nodeTypeIndex:1/meta:msgs_rcvd","measures":{"value":3}}
{"ts":1669476211192313741,"type":"point","name":"exType:baseline/permutationIndex:0/run:13/dialer:center/eavesCount:0/latencyMS:100/seq:4/fileSize:153600/nodeType:Passive/nodeTypeIndex:1/meta:data_sent","measures":{"value":0}}
{"ts":1669476211192343837,"type":"point","name":"exType:baseline/permutationIndex:0/run:13/dialer:center/eavesCount:0/latencyMS:100/seq:4/fileSize:153600/nodeType:Passive/nodeTypeIndex:1/meta:data_rcvd","measures":{"value":0}}
{"ts":1669476211192364228,"type":"point","name":"exType:baseline/permutationIndex:0/run:13/dialer:center/eavesCount:0/latencyMS:100/seq:4/fileSize:153600/nodeType:Passive/nodeTypeIndex:1/meta:dup_data_rcvd","measures":{"value":0}}
{"ts":1669476211192383233,"type":"point","name":"exType:baseline/permutationIndex:0/run:13/dialer:center/eavesCount:0/latencyMS:100/seq:4/fileSize:153600/nodeType:Passive/nodeTypeIndex:1/meta:blks_sent","measures":{"value":0}}
{"ts":1669476211192400286,"type":"point","name":"exType:baseline/permutationIndex:0/run:13/dialer:center/eavesCount:0/latencyMS:100/seq:4/fileSize:153600/nodeType:Passive/nodeTypeIndex:1/meta:blks_rcvd","measures":{"value":0}}
{"ts":1669476211192418201,"type":"point","name":"exType:baseline/permutationIndex:0/run:13/dialer:center/eavesCount:0/latencyMS:100/seq:4/fileSize:153600/nodeType:Passive/nodeTypeIndex:1/meta:dup_blks_rcvd","measures":{"value":0}}
{"ts":1669476214045562502,"type":"point","name":"exType:baseline/permutationIndex:0/run:14/dialer:center/eavesCount:0/latencyMS:100/seq:4/fileSize:153600/nodeType:Passive/nodeTypeIndex:1/meta:msgs_rcvd","measures":{"value":3}}
{"ts":1669476214045672973,"type":"point","name":"exType:baseline/permutationIndex:0/run:14/dialer:center/eavesCount:0/latencyMS:100/seq:4/fileSize:153600/nodeType:Passive/nodeTypeIndex:1/meta:data_sent","measures":{"value":0}}
{"ts":1669476214045699530,"type":"point","name":"exType:baseline/permutationIndex:0/run:14/dialer:center/eavesCount:0/latencyMS:100/seq:4/fileSize:153600/nodeType:Passive/nodeTypeIndex:1/meta:data_rcvd","measures":{"value":0}}
{"ts":1669476214045718707,"type":"point","name":"exType:baseline/permutationIndex:0/run:14/dialer:center/eavesCount:0/latencyMS:100/seq:4/fileSize:153600/nodeType:Passive/nodeTypeIndex:1/meta:dup_data_rcvd","measures":{"value":0}}
{"ts":1669476214045737818,"type":"point","name":"exType:baseline/permutationIndex:0/run:14/dialer:center/eavesCount:0/latencyMS:100/seq:4/fileSize:153600/nodeType:Passive/nodeTypeIndex:1/meta:blks_sent","measures":{"value":0}}
{"ts":1669476214045755791,"type":"point","name":"exType:baseline/permutationIndex:0/run:14/dialer:center/eavesCount:0/latencyMS:100/seq:4/fileSize:153600/nodeType:Passive/nodeTypeIndex:1/meta:blks_rcvd","measures":{"value":0}}
{"ts":1669476214045774034,"type":"point","name":"exType:baseline/permutationIndex:0/run:14/dialer:center/eavesCount:0/latencyMS:100/seq:4/fileSize:153600/nodeType:Passive/nodeTypeIndex:1/meta:dup_blks_rcvd","measures":{"value":0}}
{"ts":1669476217364498596,"type":"point","name":"exType:baseline/permutationIndex:0/run:15/dialer:center/eavesCount:0/latencyMS:100/seq:4/fileSize:153600/nodeType:Passive/nodeTypeIndex:1/meta:msgs_rcvd","measures":{"value":2}}
{"ts":1669476217364553125,"type":"point","name":"exType:baseline/permutationIndex:0/run:15/dialer:center/eavesCount:0/latencyMS:100/seq:4/fileSize:153600/nodeType:Passive/nodeTypeIndex:1/meta:data_sent","measures":{"value":0}}
{"ts":1669476217364567427,"type":"point","name":"exType:baseline/permutationIndex:0/run:15/dialer:center/eavesCount:0/latencyMS:100/seq:4/fileSize:153600/nodeType:Passive/nodeTypeIndex:1/meta:data_rcvd","measures":{"value":0}}
{"ts":1669476217364577229,"type":"point","name":"exType:baseline/permutationIndex:0/run:15/dialer:center/eavesCount:0/latencyMS:100/seq:4/fileSize:153600/nodeType:Passive/nodeTypeIndex:1/meta:dup_data_rcvd","measures":{"value":0}}
{"ts":1669476217364585829,"type":"point","name":"exType:baseline/permutationIndex:0/run:15/dialer:center/eavesCount:0/latencyMS:100/seq:4/fileSize:153600/nodeType:Passive/nodeTypeIndex:1/meta:blks_sent","measures":{"value":0}}
{"ts":1669476217364602568,"type":"point","name":"exType:baseline/permutationIndex:0/run:15/dialer:center/eavesCount:0/latencyMS:100/seq:4/fileSize:153600/nodeType:Passive/nodeTypeIndex:1/meta:blks_rcvd","measures":{"value":0}}
{"ts":1669476217364615397,"type":"point","name":"exType:baseline/permutationIndex:0/run:15/dialer:center/eavesCount:0/latencyMS:100/seq:4/fileSize:153600/nodeType:Passive/nodeTypeIndex:1/meta:dup_blks_rcvd","measures":{"value":0}}
{"ts":1669476220871423793,"type":"point","name":"exType:baseline/permutationIndex:0/run:16/dialer:center/eavesCount:0/latencyMS:100/seq:4/fileSize:153600/nodeType:Passive/nodeTypeIndex:1/meta:msgs_rcvd","measures":{"value":3}}
{"ts":1669476220871521499,"type":"point","name":"exType:baseline/permutationIndex:0/run:16/dialer:center/eavesCount:0/latencyMS:100/seq:4/fileSize:153600/nodeType:Passive/nodeTypeIndex:1/meta:data_sent","measures":{"value":0}}
{"ts":1669476220871544851,"type":"point","name":"exType:baseline/permutationIndex:0/run:16/dialer:center/eavesCount:0/latencyMS:100/seq:4/fileSize:153600/nodeType:Passive/nodeTypeIndex:1/meta:data_rcvd","measures":{"value":0}}
{"ts":1669476220871560943,"type":"point","name":"exType:baseline/permutationIndex:0/run:16/dialer:center/eavesCount:0/latencyMS:100/seq:4/fileSize:153600/nodeType:Passive/nodeTypeIndex:1/meta:dup_data_rcvd","measures":{"value":0}}
{"ts":1669476220871608279,"type":"point","name":"exType:baseline/permutationIndex:0/run:16/dialer:center/eavesCount:0/latencyMS:100/seq:4/fileSize:153600/nodeType:Passive/nodeTypeIndex:1/meta:blks_sent","measures":{"value":0}}
{"ts":1669476220871624457,"type":"point","name":"exType:baseline/permutationIndex:0/run:16/dialer:center/eavesCount:0/latencyMS:100/seq:4/fileSize:153600/nodeType:Passive/nodeTypeIndex:1/meta:blks_rcvd","measures":{"value":0}}
{"ts":1669476220871641533,"type":"point","name":"exType:baseline/permutationIndex:0/run:16/dialer:center/eavesCount:0/latencyMS:100/seq:4/fileSize:153600/nodeType:Passive/nodeTypeIndex:1/meta:dup_blks_rcvd","measures":{"value":0}}
{"ts":1669476224236030695,"type":"point","name":"exType:baseline/permutationIndex:0/run:17/dialer:center/eavesCount:0/latencyMS:100/seq:4/fileSize:153600/nodeType:Passive/nodeTypeIndex:1/meta:msgs_rcvd","measures":{"value":2}}
{"ts":1669476224236154819,"type":"point","name":"exType:baseline/permutationIndex:0/run:17/dialer:center/eavesCount:0/latencyMS:100/seq:4/fileSize:153600/nodeType:Passive/nodeTypeIndex:1/meta:data_sent","measures":{"value":0}}
{"ts":1669476224236193000,"type":"point","name":"exType:baseline/permutationIndex:0/run:17/dialer:center/eavesCount:0/latencyMS:100/seq:4/fileSize:153600/nodeType:Passive/nodeTypeIndex:1/meta:data_rcvd","measures":{"value":0}}
{"ts":1669476224236218156,"type":"point","name":"exType:baseline/permutationIndex:0/run:17/dialer:center/eavesCount:0/latencyMS:100/seq:4/fileSize:153600/nodeType:Passive/nodeTypeIndex:1/meta:dup_data_rcvd","measures":{"value":0}}
{"ts":1669476224236238447,"type":"point","name":"exType:baseline/permutationIndex:0/run:17/dialer:center/eavesCount:0/latencyMS:100/seq:4/fileSize:153600/nodeType:Passive/nodeTypeIndex:1/meta:blks_sent","measures":{"value":0}}
{"ts":1669476224236258626,"type":"point","name":"exType:baseline/permutationIndex:0/run:17/dialer:center/eavesCount:0/latencyMS:100/seq:4/fileSize:153600/nodeType:Passive/nodeTypeIndex:1/meta:blks_rcvd","measures":{"value":0}}
{"ts":1669476224236276183,"type":"point","name":"exType:baseline/permutationIndex:0/run:17/dialer:center/eavesCount:0/latencyMS:100/seq:4/fileSize:153600/nodeType:Passive/nodeTypeIndex:1/meta:dup_blks_rcvd","measures":{"value":0}}
{"ts":1669476227156128995,"type":"point","name":"exType:baseline/permutationIndex:0/run:18/dialer:center/eavesCount:0/latencyMS:100/seq:4/fileSize:153600/nodeType:Passive/nodeTypeIndex:1/meta:msgs_rcvd","measures":{"value":3}}
{"ts":1669476227156360936,"type":"point","name":"exType:baseline/permutationIndex:0/run:18/dialer:center/eavesCount:0/latencyMS:100/seq:4/fileSize:153600/nodeType:Passive/nodeTypeIndex:1/meta:data_sent","measures":{"value":0}}
{"ts":1669476227156373042,"type":"point","name":"exType:baseline/permutationIndex:0/run:18/dialer:center/eavesCount:0/latencyMS:100/seq:4/fileSize:153600/nodeType:Passive/nodeTypeIndex:1/meta:data_rcvd","measures":{"value":0}}
{"ts":1669476227156375811,"type":"point","name":"exType:baseline/permutationIndex:0/run:18/dialer:center/eavesCount:0/latencyMS:100/seq:4/fileSize:153600/nodeType:Passive/nodeTypeIndex:1/meta:dup_data_rcvd","measures":{"value":0}}
{"ts":1669476227156378222,"type":"point","name":"exType:baseline/permutationIndex:0/run:18/dialer:center/eavesCount:0/latencyMS:100/seq:4/fileSize:153600/nodeType:Passive/nodeTypeIndex:1/meta:blks_sent","measures":{"value":0}}
{"ts":1669476227156380472,"type":"point","name":"exType:baseline/permutationIndex:0/run:18/dialer:center/eavesCount:0/latencyMS:100/seq:4/fileSize:153600/nodeType:Passive/nodeTypeIndex:1/meta:blks_rcvd","measures":{"value":0}}
{"ts":1669476227156382790,"type":"point","name":"exType:baseline/permutationIndex:0/run:18/dialer:center/eavesCount:0/latencyMS:100/seq:4/fileSize:153600/nodeType:Passive/nodeTypeIndex:1/meta:dup_blks_rcvd","measures":{"value":0}}
{"ts":1669476232065979824,"type":"point","name":"exType:baseline/permutationIndex:0/run:19/dialer:center/eavesCount:0/latencyMS:100/seq:4/fileSize:153600/nodeType:Passive/nodeTypeIndex:1/meta:msgs_rcvd","measures":{"value":2}}
{"ts":1669476232065997325,"type":"point","name":"exType:baseline/permutationIndex:0/run:19/dialer:center/eavesCount:0/latencyMS:100/seq:4/fileSize:153600/nodeType:Passive/nodeTypeIndex:1/meta:data_sent","measures":{"value":0}}
{"ts":1669476232066000430,"type":"point","name":"exType:baseline/permutationIndex:0/run:19/dialer:center/eavesCount:0/latencyMS:100/seq:4/fileSize:153600/nodeType:Passive/nodeTypeIndex:1/meta:data_rcvd","measures":{"value":0}}
{"ts":1669476232066002958,"type":"point","name":"exType:baseline/permutationIndex:0/run:19/dialer:center/eavesCount:0/latencyMS:100/seq:4/fileSize:153600/nodeType:Passive/nodeTypeIndex:1/meta:dup_data_rcvd","measures":{"value":0}}
{"ts":1669476232066005681,"type":"point","name":"exType:baseline/permutationIndex:0/run:19/dialer:center/eavesCount:0/latencyMS:100/seq:4/fileSize:153600/nodeType:Passive/nodeTypeIndex:1/meta:blks_sent","measures":{"value":0}}
{"ts":1669476232066008314,"type":"point","name":"exType:baseline/permutationIndex:0/run:19/dialer:center/eavesCount:0/latencyMS:100/seq:4/fileSize:153600/nodeType:Passive/nodeTypeIndex:1/meta:blks_rcvd","measures":{"value":0}}
{"ts":1669476232066010734,"type":"point","name":"exType:baseline/permutationIndex:0/run:19/dialer:center/eavesCount:0/latencyMS:100/seq:4/fileSize:153600/nodeType:Passive/nodeTypeIndex:1/meta:dup_blks_rcvd","measures":{"value":0}}
{"ts":1669476235878744121,"type":"point","name":"exType:baseline/permutationIndex:0/run:20/dialer:center/eavesCount:0/latencyMS:100/seq:4/fileSize:153600/nodeType:Passive/nodeTypeIndex:1/meta:msgs_rcvd","measures":{"value":2}}
{"ts":1669476235878853366,"type":"point","name":"exType:baseline/permutationIndex:0/run:20/dialer:center/eavesCount:0/latencyMS:100/seq:4/fileSize:153600/nodeType:Passive/nodeTypeIndex:1/meta:data_sent","measures":{"value":0}}
{"ts":1669476235878882785,"type":"point","name":"exType:baseline/permutationIndex:0/run:20/dialer:center/eavesCount:0/latencyMS:100/seq:4/fileSize:153600/nodeType:Passive/nodeTypeIndex:1/meta:data_rcvd","measures":{"value":0}}
{"ts":1669476235878904061,"type":"point","name":"exType:baseline/permutationIndex:0/run:20/dialer:center/eavesCount:0/latencyMS:100/seq:4/fileSize:153600/nodeType:Passive/nodeTypeIndex:1/meta:dup_data_rcvd","measures":{"value":0}}
{"ts":1669476235878925672,"type":"point","name":"exType:baseline/permutationIndex:0/run:20/dialer:center/eavesCount:0/latencyMS:100/seq:4/fileSize:153600/nodeType:Passive/nodeTypeIndex:1/meta:blks_sent","measures":{"value":0}}
{"ts":1669476235878945768,"type":"point","name":"exType:baseline/permutationIndex:0/run:20/dialer:center/eavesCount:0/latencyMS:100/seq:4/fileSize:153600/nodeType:Passive/nodeTypeIndex:1/meta:blks_rcvd","measures":{"value":0}}
{"ts":1669476235878966662,"type":"point","name":"exType:baseline/permutationIndex:0/run:20/dialer:center/eavesCount:0/latencyMS:100/seq:4/fileSize:153600/nodeType:Passive/nodeTypeIndex:1/meta:dup_blks_rcvd","measures":{"value":0}}
{"ts":1669476238763359448,"type":"point","name":"exType:baseline/permutationIndex:0/run:21/dialer:center/eavesCount:0/latencyMS:100/seq:4/fileSize:153600/nodeType:Passive/nodeTypeIndex:1/meta:msgs_rcvd","measures":{"value":1}}
{"ts":1669476238763389072,"type":"point","name":"exType:baseline/permutationIndex:0/run:21/dialer:center/eavesCount:0/latencyMS:100/seq:4/fileSize:153600/nodeType:Passive/nodeTypeIndex:1/meta:data_sent","measures":{"value":0}}
{"ts":1669476238763396172,"type":"point","name":"exType:baseline/permutationIndex:0/run:21/dialer:center/eavesCount:0/latencyMS:100/seq:4/fileSize:153600/nodeType:Passive/nodeTypeIndex:1/meta:data_rcvd","measures":{"value":0}}
{"ts":1669476238763401313,"type":"point","name":"exType:baseline/permutationIndex:0/run:21/dialer:center/eavesCount:0/latencyMS:100/seq:4/fileSize:153600/nodeType:Passive/nodeTypeIndex:1/meta:dup_data_rcvd","measures":{"value":0}}
{"ts":1669476238763414947,"type":"point","name":"exType:baseline/permutationIndex:0/run:21/dialer:center/eavesCount:0/latencyMS:100/seq:4/fileSize:153600/nodeType:Passive/nodeTypeIndex:1/meta:blks_sent","measures":{"value":0}}
{"ts":1669476238763419828,"type":"point","name":"exType:baseline/permutationIndex:0/run:21/dialer:center/eavesCount:0/latencyMS:100/seq:4/fileSize:153600/nodeType:Passive/nodeTypeIndex:1/meta:blks_rcvd","measures":{"value":0}}
{"ts":1669476238763424503,"type":"point","name":"exType:baseline/permutationIndex:0/run:21/dialer:center/eavesCount:0/latencyMS:100/seq:4/fileSize:153600/nodeType:Passive/nodeTypeIndex:1/meta:dup_blks_rcvd","measures":{"value":0}}
{"ts":1669476241670457662,"type":"point","name":"exType:baseline/permutationIndex:0/run:22/dialer:center/eavesCount:0/latencyMS:100/seq:4/fileSize:153600/nodeType:Passive/nodeTypeIndex:1/meta:msgs_rcvd","measures":{"value":1}}
{"ts":1669476241670512443,"type":"point","name":"exType:baseline/permutationIndex:0/run:22/dialer:center/eavesCount:0/latencyMS:100/seq:4/fileSize:153600/nodeType:Passive/nodeTypeIndex:1/meta:data_sent","measures":{"value":0}}
{"ts":1669476241670530541,"type":"point","name":"exType:baseline/permutationIndex:0/run:22/dialer:center/eavesCount:0/latencyMS:100/seq:4/fileSize:153600/nodeType:Passive/nodeTypeIndex:1/meta:data_rcvd","measures":{"value":0}}
{"ts":1669476241670540798,"type":"point","name":"exType:baseline/permutationIndex:0/run:22/dialer:center/eavesCount:0/latencyMS:100/seq:4/fileSize:153600/nodeType:Passive/nodeTypeIndex:1/meta:dup_data_rcvd","measures":{"value":0}}
{"ts":1669476241670550410,"type":"point","name":"exType:baseline/permutationIndex:0/run:22/dialer:center/eavesCount:0/latencyMS:100/seq:4/fileSize:153600/nodeType:Passive/nodeTypeIndex:1/meta:blks_sent","measures":{"value":0}}
{"ts":1669476241670559354,"type":"point","name":"exType:baseline/permutationIndex:0/run:22/dialer:center/eavesCount:0/latencyMS:100/seq:4/fileSize:153600/nodeType:Passive/nodeTypeIndex:1/meta:blks_rcvd","measures":{"value":0}}
{"ts":1669476241670568464,"type":"point","name":"exType:baseline/permutationIndex:0/run:22/dialer:center/eavesCount:0/latencyMS:100/seq:4/fileSize:153600/nodeType:Passive/nodeTypeIndex:1/meta:dup_blks_rcvd","measures":{"value":0}}
{"ts":1669476244381019247,"type":"point","name":"exType:baseline/permutationIndex:0/run:23/dialer:center/eavesCount:0/latencyMS:100/seq:4/fileSize:153600/nodeType:Passive/nodeTypeIndex:1/meta:msgs_rcvd","measures":{"value":20}}
{"ts":1669476244381065252,"type":"point","name":"exType:baseline/permutationIndex:0/run:23/dialer:center/eavesCount:0/latencyMS:100/seq:4/fileSize:153600/nodeType:Passive/nodeTypeIndex:1/meta:data_sent","measures":{"value":0}}
{"ts":1669476244381069681,"type":"point","name":"exType:baseline/permutationIndex:0/run:23/dialer:center/eavesCount:0/latencyMS:100/seq:4/fileSize:153600/nodeType:Passive/nodeTypeIndex:1/meta:data_rcvd","measures":{"value":0}}
{"ts":1669476244381072429,"type":"point","name":"exType:baseline/permutationIndex:0/run:23/dialer:center/eavesCount:0/latencyMS:100/seq:4/fileSize:153600/nodeType:Passive/nodeTypeIndex:1/meta:dup_data_rcvd","measures":{"value":0}}
{"ts":1669476244381075018,"type":"point","name":"exType:baseline/permutationIndex:0/run:23/dialer:center/eavesCount:0/latencyMS:100/seq:4/fileSize:153600/nodeType:Passive/nodeTypeIndex:1/meta:blks_sent","measures":{"value":0}}
{"ts":1669476244381077586,"type":"point","name":"exType:baseline/permutationIndex:0/run:23/dialer:center/eavesCount:0/latencyMS:100/seq:4/fileSize:153600/nodeType:Passive/nodeTypeIndex:1/meta:blks_rcvd","measures":{"value":0}}
{"ts":1669476244381080125,"type":"point","name":"exType:baseline/permutationIndex:0/run:23/dialer:center/eavesCount:0/latencyMS:100/seq:4/fileSize:153600/nodeType:Passive/nodeTypeIndex:1/meta:dup_blks_rcvd","measures":{"value":0}}
{"ts":1669476247292219930,"type":"point","name":"exType:baseline/permutationIndex:0/run:24/dialer:center/eavesCount:0/latencyMS:100/seq:4/fileSize:153600/nodeType:Passive/nodeTypeIndex:1/meta:msgs_rcvd","measures":{"value":1}}
{"ts":1669476247292252689,"type":"point","name":"exType:baseline/permutationIndex:0/run:24/dialer:center/eavesCount:0/latencyMS:100/seq:4/fileSize:153600/nodeType:Passive/nodeTypeIndex:1/meta:data_sent","measures":{"value":0}}
{"ts":1669476247292257425,"type":"point","name":"exType:baseline/permutationIndex:0/run:24/dialer:center/eavesCount:0/latencyMS:100/seq:4/fileSize:153600/nodeType:Passive/nodeTypeIndex:1/meta:data_rcvd","measures":{"value":0}}
{"ts":1669476247292260424,"type":"point","name":"exType:baseline/permutationIndex:0/run:24/dialer:center/eavesCount:0/latencyMS:100/seq:4/fileSize:153600/nodeType:Passive/nodeTypeIndex:1/meta:dup_data_rcvd","measures":{"value":0}}
{"ts":1669476247292264377,"type":"point","name":"exType:baseline/permutationIndex:0/run:24/dialer:center/eavesCount:0/latencyMS:100/seq:4/fileSize:153600/nodeType:Passive/nodeTypeIndex:1/meta:blks_sent","measures":{"value":0}}
{"ts":1669476247292267195,"type":"point","name":"exType:baseline/permutationIndex:0/run:24/dialer:center/eavesCount:0/latencyMS:100/seq:4/fileSize:153600/nodeType:Passive/nodeTypeIndex:1/meta:blks_rcvd","measures":{"value":0}}
{"ts":1669476247292270229,"type":"point","name":"exType:baseline/permutationIndex:0/run:24/dialer:center/eavesCount:0/latencyMS:100/seq:4/fileSize:153600/nodeType:Passive/nodeTypeIndex:1/meta:dup_blks_rcvd","measures":{"value":0}}
{"ts":1669476250166484309,"type":"point","name":"exType:baseline/permutationIndex:0/run:25/dialer:center/eavesCount:0/latencyMS:100/seq:4/fileSize:153600/nodeType:Passive/nodeTypeIndex:1/meta:msgs_rcvd","measures":{"value":4}}
{"ts":1669476250166585020,"type":"point","name":"exType:baseline/permutationIndex:0/run:25/dialer:center/eavesCount:0/latencyMS:100/seq:4/fileSize:153600/nodeType:Passive/nodeTypeIndex:1/meta:data_sent","measures":{"value":0}}
{"ts":1669476250166617703,"type":"point","name":"exType:baseline/permutationIndex:0/run:25/dialer:center/eavesCount:0/latencyMS:100/seq:4/fileSize:153600/nodeType:Passive/nodeTypeIndex:1/meta:data_rcvd","measures":{"value":0}}
{"ts":1669476250166638747,"type":"point","name":"exType:baseline/permutationIndex:0/run:25/dialer:center/eavesCount:0/latencyMS:100/seq:4/fileSize:153600/nodeType:Passive/nodeTypeIndex:1/meta:dup_data_rcvd","measures":{"value":0}}
{"ts":1669476250166689579,"type":"point","name":"exType:baseline/permutationIndex:0/run:25/dialer:center/eavesCount:0/latencyMS:100/seq:4/fileSize:153600/nodeType:Passive/nodeTypeIndex:1/meta:blks_sent","measures":{"value":0}}
{"ts":1669476250166713892,"type":"point","name":"exType:baseline/permutationIndex:0/run:25/dialer:center/eavesCount:0/latencyMS:100/seq:4/fileSize:153600/nodeType:Passive/nodeTypeIndex:1/meta:blks_rcvd","measures":{"value":0}}
{"ts":1669476250166732381,"type":"point","name":"exType:baseline/permutationIndex:0/run:25/dialer:center/eavesCount:0/latencyMS:100/seq:4/fileSize:153600/nodeType:Passive/nodeTypeIndex:1/meta:dup_blks_rcvd","measures":{"value":0}}
{"ts":1669476252884743595,"type":"point","name":"exType:baseline/permutationIndex:0/run:26/dialer:center/eavesCount:0/latencyMS:100/seq:4/fileSize:153600/nodeType:Passive/nodeTypeIndex:1/meta:msgs_rcvd","measures":{"value":13}}
{"ts":1669476252884764530,"type":"point","name":"exType:baseline/permutationIndex:0/run:26/dialer:center/eavesCount:0/latencyMS:100/seq:4/fileSize:153600/nodeType:Passive/nodeTypeIndex:1/meta:data_sent","measures":{"value":0}}
{"ts":1669476252884767325,"type":"point","name":"exType:baseline/permutationIndex:0/run:26/dialer:center/eavesCount:0/latencyMS:100/seq:4/fileSize:153600/nodeType:Passive/nodeTypeIndex:1/meta:data_rcvd","measures":{"value":0}}
{"ts":1669476252884769098,"type":"point","name":"exType:baseline/permutationIndex:0/run:26/dialer:center/eavesCount:0/latencyMS:100/seq:4/fileSize:153600/nodeType:Passive/nodeTypeIndex:1/meta:dup_data_rcvd","measures":{"value":0}}
{"ts":1669476252884770813,"type":"point","name":"exType:baseline/permutationIndex:0/run:26/dialer:center/eavesCount:0/latencyMS:100/seq:4/fileSize:153600/nodeType:Passive/nodeTypeIndex:1/meta:blks_sent","measures":{"value":0}}
{"ts":1669476252884777723,"type":"point","name":"exType:baseline/permutationIndex:0/run:26/dialer:center/eavesCount:0/latencyMS:100/seq:4/fileSize:153600/nodeType:Passive/nodeTypeIndex:1/meta:blks_rcvd","measures":{"value":0}}
{"ts":1669476252884779361,"type":"point","name":"exType:baseline/permutationIndex:0/run:26/dialer:center/eavesCount:0/latencyMS:100/seq:4/fileSize:153600/nodeType:Passive/nodeTypeIndex:1/meta:dup_blks_rcvd","measures":{"value":0}}
{"ts":1669476256096135332,"type":"point","name":"exType:baseline/permutationIndex:0/run:27/dialer:center/eavesCount:0/latencyMS:100/seq:4/fileSize:153600/nodeType:Passive/nodeTypeIndex:1/meta:msgs_rcvd","measures":{"value":1}}
{"ts":1669476256096247170,"type":"point","name":"exType:baseline/permutationIndex:0/run:27/dialer:center/eavesCount:0/latencyMS:100/seq:4/fileSize:153600/nodeType:Passive/nodeTypeIndex:1/meta:data_sent","measures":{"value":0}}
{"ts":1669476256096278077,"type":"point","name":"exType:baseline/permutationIndex:0/run:27/dialer:center/eavesCount:0/latencyMS:100/seq:4/fileSize:153600/nodeType:Passive/nodeTypeIndex:1/meta:data_rcvd","measures":{"value":0}}
{"ts":1669476256096297218,"type":"point","name":"exType:baseline/permutationIndex:0/run:27/dialer:center/eavesCount:0/latencyMS:100/seq:4/fileSize:153600/nodeType:Passive/nodeTypeIndex:1/meta:dup_data_rcvd","measures":{"value":0}}
{"ts":1669476256096314637,"type":"point","name":"exType:baseline/permutationIndex:0/run:27/dialer:center/eavesCount:0/latencyMS:100/seq:4/fileSize:153600/nodeType:Passive/nodeTypeIndex:1/meta:blks_sent","measures":{"value":0}}
{"ts":1669476256096332126,"type":"point","name":"exType:baseline/permutationIndex:0/run:27/dialer:center/eavesCount:0/latencyMS:100/seq:4/fileSize:153600/nodeType:Passive/nodeTypeIndex:1/meta:blks_rcvd","measures":{"value":0}}
{"ts":1669476256096349203,"type":"point","name":"exType:baseline/permutationIndex:0/run:27/dialer:center/eavesCount:0/latencyMS:100/seq:4/fileSize:153600/nodeType:Passive/nodeTypeIndex:1/meta:dup_blks_rcvd","measures":{"value":0}}
{"ts":1669476258988692314,"type":"point","name":"exType:baseline/permutationIndex:0/run:28/dialer:center/eavesCount:0/latencyMS:100/seq:4/fileSize:153600/nodeType:Passive/nodeTypeIndex:1/meta:msgs_rcvd","measures":{"value":17}}
{"ts":1669476258988857705,"type":"point","name":"exType:baseline/permutationIndex:0/run:28/dialer:center/eavesCount:0/latencyMS:100/seq:4/fileSize:153600/nodeType:Passive/nodeTypeIndex:1/meta:data_sent","measures":{"value":0}}
{"ts":1669476258988892695,"type":"point","name":"exType:baseline/permutationIndex:0/run:28/dialer:center/eavesCount:0/latencyMS:100/seq:4/fileSize:153600/nodeType:Passive/nodeTypeIndex:1/meta:data_rcvd","measures":{"value":0}}
{"ts":1669476258988913034,"type":"point","name":"exType:baseline/permutationIndex:0/run:28/dialer:center/eavesCount:0/latencyMS:100/seq:4/fileSize:153600/nodeType:Passive/nodeTypeIndex:1/meta:dup_data_rcvd","measures":{"value":0}}
{"ts":1669476258988934355,"type":"point","name":"exType:baseline/permutationIndex:0/run:28/dialer:center/eavesCount:0/latencyMS:100/seq:4/fileSize:153600/nodeType:Passive/nodeTypeIndex:1/meta:blks_sent","measures":{"value":0}}
{"ts":1669476258988957596,"type":"point","name":"exType:baseline/permutationIndex:0/run:28/dialer:center/eavesCount:0/latencyMS:100/seq:4/fileSize:153600/nodeType:Passive/nodeTypeIndex:1/meta:blks_rcvd","measures":{"value":0}}
{"ts":1669476258988977429,"type":"point","name":"exType:baseline/permutationIndex:0/run:28/dialer:center/eavesCount:0/latencyMS:100/seq:4/fileSize:153600/nodeType:Passive/nodeTypeIndex:1/meta:dup_blks_rcvd","measures":{"value":0}}
{"ts":1669476262439226781,"type":"point","name":"exType:baseline/permutationIndex:0/run:29/dialer:center/eavesCount:0/latencyMS:100/seq:4/fileSize:153600/nodeType:Passive/nodeTypeIndex:1/meta:msgs_rcvd","measures":{"value":9}}
{"ts":1669476262439244460,"type":"point","name":"exType:baseline/permutationIndex:0/run:29/dialer:center/eavesCount:0/latencyMS:100/seq:4/fileSize:153600/nodeType:Passive/nodeTypeIndex:1/meta:data_sent","measures":{"value":0}}
{"ts":1669476262439255557,"type":"point","name":"exType:baseline/permutationIndex:0/run:29/dialer:center/eavesCount:0/latencyMS:100/seq:4/fileSize:153600/nodeType:Passive/nodeTypeIndex:1/meta:data_rcvd","measures":{"value":0}}
{"ts":1669476262439258135,"type":"point","name":"exType:baseline/permutationIndex:0/run:29/dialer:center/eavesCount:0/latencyMS:100/seq:4/fileSize:153600/nodeType:Passive/nodeTypeIndex:1/meta:dup_data_rcvd","measures":{"value":0}}
{"ts":1669476262439260539,"type":"point","name":"exType:baseline/permutationIndex:0/run:29/dialer:center/eavesCount:0/latencyMS:100/seq:4/fileSize:153600/nodeType:Passive/nodeTypeIndex:1/meta:blks_sent","measures":{"value":0}}
{"ts":1669476262439262777,"type":"point","name":"exType:baseline/permutationIndex:0/run:29/dialer:center/eavesCount:0/latencyMS:100/seq:4/fileSize:153600/nodeType:Passive/nodeTypeIndex:1/meta:blks_rcvd","measures":{"value":0}}
{"ts":1669476262439265107,"type":"point","name":"exType:baseline/permutationIndex:0/run:29/dialer:center/eavesCount:0/latencyMS:100/seq:4/fileSize:153600/nodeType:Passive/nodeTypeIndex:1/meta:dup_blks_rcvd","measures":{"value":0}}
{"ts":1669476265313725561,"type":"point","name":"exType:baseline/permutationIndex:0/run:30/dialer:center/eavesCount:0/latencyMS:100/seq:4/fileSize:153600/nodeType:Passive/nodeTypeIndex:1/meta:msgs_rcvd","measures":{"value":30}}
{"ts":1669476265313833333,"type":"point","name":"exType:baseline/permutationIndex:0/run:30/dialer:center/eavesCount:0/latencyMS:100/seq:4/fileSize:153600/nodeType:Passive/nodeTypeIndex:1/meta:data_sent","measures":{"value":0}}
{"ts":1669476265313863826,"type":"point","name":"exType:baseline/permutationIndex:0/run:30/dialer:center/eavesCount:0/latencyMS:100/seq:4/fileSize:153600/nodeType:Passive/nodeTypeIndex:1/meta:data_rcvd","measures":{"value":0}}
{"ts":1669476265313883429,"type":"point","name":"exType:baseline/permutationIndex:0/run:30/dialer:center/eavesCount:0/latencyMS:100/seq:4/fileSize:153600/nodeType:Passive/nodeTypeIndex:1/meta:dup_data_rcvd","measures":{"value":0}}
{"ts":1669476265313902361,"type":"point","name":"exType:baseline/permutationIndex:0/run:30/dialer:center/eavesCount:0/latencyMS:100/seq:4/fileSize:153600/nodeType:Passive/nodeTypeIndex:1/meta:blks_sent","measures":{"value":0}}
{"ts":1669476265313922206,"type":"point","name":"exType:baseline/permutationIndex:0/run:30/dialer:center/eavesCount:0/latencyMS:100/seq:4/fileSize:153600/nodeType:Passive/nodeTypeIndex:1/meta:blks_rcvd","measures":{"value":0}}
{"ts":1669476265313942262,"type":"point","name":"exType:baseline/permutationIndex:0/run:30/dialer:center/eavesCount:0/latencyMS:100/seq:4/fileSize:153600/nodeType:Passive/nodeTypeIndex:1/meta:dup_blks_rcvd","measures":{"value":0}}
{"ts":1669476267919757861,"type":"point","name":"exType:baseline/permutationIndex:0/run:31/dialer:center/eavesCount:0/latencyMS:100/seq:4/fileSize:153600/nodeType:Passive/nodeTypeIndex:1/meta:msgs_rcvd","measures":{"value":4}}
{"ts":1669476267919776263,"type":"point","name":"exType:baseline/permutationIndex:0/run:31/dialer:center/eavesCount:0/latencyMS:100/seq:4/fileSize:153600/nodeType:Passive/nodeTypeIndex:1/meta:data_sent","measures":{"value":0}}
{"ts":1669476267919782204,"type":"point","name":"exType:baseline/permutationIndex:0/run:31/dialer:center/eavesCount:0/latencyMS:100/seq:4/fileSize:153600/nodeType:Passive/nodeTypeIndex:1/meta:data_rcvd","measures":{"value":0}}
{"ts":1669476267919786308,"type":"point","name":"exType:baseline/permutationIndex:0/run:31/dialer:center/eavesCount:0/latencyMS:100/seq:4/fileSize:153600/nodeType:Passive/nodeTypeIndex:1/meta:dup_data_rcvd","measures":{"value":0}}
{"ts":1669476267919789669,"type":"point","name":"exType:baseline/permutationIndex:0/run:31/dialer:center/eavesCount:0/latencyMS:100/seq:4/fileSize:153600/nodeType:Passive/nodeTypeIndex:1/meta:blks_sent","measures":{"value":0}}
{"ts":1669476267919793035,"type":"point","name":"exType:baseline/permutationIndex:0/run:31/dialer:center/eavesCount:0/latencyMS:100/seq:4/fileSize:153600/nodeType:Passive/nodeTypeIndex:1/meta:blks_rcvd","measures":{"value":0}}
{"ts":1669476267919802098,"type":"point","name":"exType:baseline/permutationIndex:0/run:31/dialer:center/eavesCount:0/latencyMS:100/seq:4/fileSize:153600/nodeType:Passive/nodeTypeIndex:1/meta:dup_blks_rcvd","measures":{"value":0}}
{"ts":1669476270636162907,"type":"point","name":"exType:baseline/permutationIndex:0/run:32/dialer:center/eavesCount:0/latencyMS:100/seq:4/fileSize:153600/nodeType:Passive/nodeTypeIndex:1/meta:msgs_rcvd","measures":{"value":20}}
{"ts":1669476270636272236,"type":"point","name":"exType:baseline/permutationIndex:0/run:32/dialer:center/eavesCount:0/latencyMS:100/seq:4/fileSize:153600/nodeType:Passive/nodeTypeIndex:1/meta:data_sent","measures":{"value":0}}
{"ts":1669476270636304145,"type":"point","name":"exType:baseline/permutationIndex:0/run:32/dialer:center/eavesCount:0/latencyMS:100/seq:4/fileSize:153600/nodeType:Passive/nodeTypeIndex:1/meta:data_rcvd","measures":{"value":0}}
{"ts":1669476270636330143,"type":"point","name":"exType:baseline/permutationIndex:0/run:32/dialer:center/eavesCount:0/latencyMS:100/seq:4/fileSize:153600/nodeType:Passive/nodeTypeIndex:1/meta:dup_data_rcvd","measures":{"value":0}}
{"ts":1669476270636350430,"type":"point","name":"exType:baseline/permutationIndex:0/run:32/dialer:center/eavesCount:0/latencyMS:100/seq:4/fileSize:153600/nodeType:Passive/nodeTypeIndex:1/meta:blks_sent","measures":{"value":0}}
{"ts":1669476270636370708,"type":"point","name":"exType:baseline/permutationIndex:0/run:32/dialer:center/eavesCount:0/latencyMS:100/seq:4/fileSize:153600/nodeType:Passive/nodeTypeIndex:1/meta:blks_rcvd","measures":{"value":0}}
{"ts":1669476270636391379,"type":"point","name":"exType:baseline/permutationIndex:0/run:32/dialer:center/eavesCount:0/latencyMS:100/seq:4/fileSize:153600/nodeType:Passive/nodeTypeIndex:1/meta:dup_blks_rcvd","measures":{"value":0}}
{"ts":1669476273531467221,"type":"point","name":"exType:baseline/permutationIndex:0/run:33/dialer:center/eavesCount:0/latencyMS:100/seq:4/fileSize:153600/nodeType:Passive/nodeTypeIndex:1/meta:msgs_rcvd","measures":{"value":2}}
{"ts":1669476273531496526,"type":"point","name":"exType:baseline/permutationIndex:0/run:33/dialer:center/eavesCount:0/latencyMS:100/seq:4/fileSize:153600/nodeType:Passive/nodeTypeIndex:1/meta:data_sent","measures":{"value":0}}
{"ts":1669476273531505608,"type":"point","name":"exType:baseline/permutationIndex:0/run:33/dialer:center/eavesCount:0/latencyMS:100/seq:4/fileSize:153600/nodeType:Passive/nodeTypeIndex:1/meta:data_rcvd","measures":{"value":0}}
{"ts":1669476273531511928,"type":"point","name":"exType:baseline/permutationIndex:0/run:33/dialer:center/eavesCount:0/latencyMS:100/seq:4/fileSize:153600/nodeType:Passive/nodeTypeIndex:1/meta:dup_data_rcvd","measures":{"value":0}}
{"ts":1669476273531518369,"type":"point","name":"exType:baseline/permutationIndex:0/run:33/dialer:center/eavesCount:0/latencyMS:100/seq:4/fileSize:153600/nodeType:Passive/nodeTypeIndex:1/meta:blks_sent","measures":{"value":0}}
{"ts":1669476273531523714,"type":"point","name":"exType:baseline/permutationIndex:0/run:33/dialer:center/eavesCount:0/latencyMS:100/seq:4/fileSize:153600/nodeType:Passive/nodeTypeIndex:1/meta:blks_rcvd","measures":{"value":0}}
{"ts":1669476273531529088,"type":"point","name":"exType:baseline/permutationIndex:0/run:33/dialer:center/eavesCount:0/latencyMS:100/seq:4/fileSize:153600/nodeType:Passive/nodeTypeIndex:1/meta:dup_blks_rcvd","measures":{"value":0}}
{"ts":1669476276424831657,"type":"point","name":"exType:baseline/permutationIndex:0/run:34/dialer:center/eavesCount:0/latencyMS:100/seq:4/fileSize:153600/nodeType:Passive/nodeTypeIndex:1/meta:msgs_rcvd","measures":{"value":6}}
{"ts":1669476276424942123,"type":"point","name":"exType:baseline/permutationIndex:0/run:34/dialer:center/eavesCount:0/latencyMS:100/seq:4/fileSize:153600/nodeType:Passive/nodeTypeIndex:1/meta:data_sent","measures":{"value":0}}
{"ts":1669476276424976887,"type":"point","name":"exType:baseline/permutationIndex:0/run:34/dialer:center/eavesCount:0/latencyMS:100/seq:4/fileSize:153600/nodeType:Passive/nodeTypeIndex:1/meta:data_rcvd","measures":{"value":0}}
{"ts":1669476276425045339,"type":"point","name":"exType:baseline/permutationIndex:0/run:34/dialer:center/eavesCount:0/latencyMS:100/seq:4/fileSize:153600/nodeType:Passive/nodeTypeIndex:1/meta:dup_data_rcvd","measures":{"value":0}}
{"ts":1669476276425072163,"type":"point","name":"exType:baseline/permutationIndex:0/run:34/dialer:center/eavesCount:0/latencyMS:100/seq:4/fileSize:153600/nodeType:Passive/nodeTypeIndex:1/meta:blks_sent","measures":{"value":0}}
{"ts":1669476276425092928,"type":"point","name":"exType:baseline/permutationIndex:0/run:34/dialer:center/eavesCount:0/latencyMS:100/seq:4/fileSize:153600/nodeType:Passive/nodeTypeIndex:1/meta:blks_rcvd","measures":{"value":0}}
{"ts":1669476276425114304,"type":"point","name":"exType:baseline/permutationIndex:0/run:34/dialer:center/eavesCount:0/latencyMS:100/seq:4/fileSize:153600/nodeType:Passive/nodeTypeIndex:1/meta:dup_blks_rcvd","measures":{"value":0}}
{"ts":1669476279292757960,"type":"point","name":"exType:baseline/permutationIndex:0/run:35/dialer:center/eavesCount:0/latencyMS:100/seq:4/fileSize:153600/nodeType:Passive/nodeTypeIndex:1/meta:msgs_rcvd","measures":{"value":2}}
{"ts":1669476279293045350,"type":"point","name":"exType:baseline/permutationIndex:0/run:35/dialer:center/eavesCount:0/latencyMS:100/seq:4/fileSize:153600/nodeType:Passive/nodeTypeIndex:1/meta:data_sent","measures":{"value":0}}
{"ts":1669476279293108616,"type":"point","name":"exType:baseline/permutationIndex:0/run:35/dialer:center/eavesCount:0/latencyMS:100/seq:4/fileSize:153600/nodeType:Passive/nodeTypeIndex:1/meta:data_rcvd","measures":{"value":0}}
{"ts":1669476279293133105,"type":"point","name":"exType:baseline/permutationIndex:0/run:35/dialer:center/eavesCount:0/latencyMS:100/seq:4/fileSize:153600/nodeType:Passive/nodeTypeIndex:1/meta:dup_data_rcvd","measures":{"value":0}}
{"ts":1669476279293153841,"type":"point","name":"exType:baseline/permutationIndex:0/run:35/dialer:center/eavesCount:0/latencyMS:100/seq:4/fileSize:153600/nodeType:Passive/nodeTypeIndex:1/meta:blks_sent","measures":{"value":0}}
{"ts":1669476279293173361,"type":"point","name":"exType:baseline/permutationIndex:0/run:35/dialer:center/eavesCount:0/latencyMS:100/seq:4/fileSize:153600/nodeType:Passive/nodeTypeIndex:1/meta:blks_rcvd","measures":{"value":0}}
{"ts":1669476279293191795,"type":"point","name":"exType:baseline/permutationIndex:0/run:35/dialer:center/eavesCount:0/latencyMS:100/seq:4/fileSize:153600/nodeType:Passive/nodeTypeIndex:1/meta:dup_blks_rcvd","measures":{"value":0}}
{"ts":1669476281962605595,"type":"point","name":"exType:baseline/permutationIndex:0/run:36/dialer:center/eavesCount:0/latencyMS:100/seq:4/fileSize:153600/nodeType:Passive/nodeTypeIndex:1/meta:msgs_rcvd","measures":{"value":3}}
{"ts":1669476281962625823,"type":"point","name":"exType:baseline/permutationIndex:0/run:36/dialer:center/eavesCount:0/latencyMS:100/seq:4/fileSize:153600/nodeType:Passive/nodeTypeIndex:1/meta:data_sent","measures":{"value":0}}
{"ts":1669476281962630579,"type":"point","name":"exType:baseline/permutationIndex:0/run:36/dialer:center/eavesCount:0/latencyMS:100/seq:4/fileSize:153600/nodeType:Passive/nodeTypeIndex:1/meta:data_rcvd","measures":{"value":0}}
{"ts":1669476281962634324,"type":"point","name":"exType:baseline/permutationIndex:0/run:36/dialer:center/eavesCount:0/latencyMS:100/seq:4/fileSize:153600/nodeType:Passive/nodeTypeIndex:1/meta:dup_data_rcvd","measures":{"value":0}}
{"ts":1669476281962638175,"type":"point","name":"exType:baseline/permutationIndex:0/run:36/dialer:center/eavesCount:0/latencyMS:100/seq:4/fileSize:153600/nodeType:Passive/nodeTypeIndex:1/meta:blks_sent","measures":{"value":0}}
{"ts":1669476281962642243,"type":"point","name":"exType:baseline/permutationIndex:0/run:36/dialer:center/eavesCount:0/latencyMS:100/seq:4/fileSize:153600/nodeType:Passive/nodeTypeIndex:1/meta:blks_rcvd","measures":{"value":0}}
{"ts":1669476281962646011,"type":"point","name":"exType:baseline/permutationIndex:0/run:36/dialer:center/eavesCount:0/latencyMS:100/seq:4/fileSize:153600/nodeType:Passive/nodeTypeIndex:1/meta:dup_blks_rcvd","measures":{"value":0}}
{"ts":1669476285052531068,"type":"point","name":"exType:baseline/permutationIndex:0/run:37/dialer:center/eavesCount:0/latencyMS:100/seq:4/fileSize:153600/nodeType:Passive/nodeTypeIndex:1/meta:msgs_rcvd","measures":{"value":22}}
{"ts":1669476285052640028,"type":"point","name":"exType:baseline/permutationIndex:0/run:37/dialer:center/eavesCount:0/latencyMS:100/seq:4/fileSize:153600/nodeType:Passive/nodeTypeIndex:1/meta:data_sent","measures":{"value":0}}
{"ts":1669476285052675876,"type":"point","name":"exType:baseline/permutationIndex:0/run:37/dialer:center/eavesCount:0/latencyMS:100/seq:4/fileSize:153600/nodeType:Passive/nodeTypeIndex:1/meta:data_rcvd","measures":{"value":0}}
{"ts":1669476285052698229,"type":"point","name":"exType:baseline/permutationIndex:0/run:37/dialer:center/eavesCount:0/latencyMS:100/seq:4/fileSize:153600/nodeType:Passive/nodeTypeIndex:1/meta:dup_data_rcvd","measures":{"value":0}}
{"ts":1669476285052719392,"type":"point","name":"exType:baseline/permutationIndex:0/run:37/dialer:center/eavesCount:0/latencyMS:100/seq:4/fileSize:153600/nodeType:Passive/nodeTypeIndex:1/meta:blks_sent","measures":{"value":0}}
{"ts":1669476285052738976,"type":"point","name":"exType:baseline/permutationIndex:0/run:37/dialer:center/eavesCount:0/latencyMS:100/seq:4/fileSize:153600/nodeType:Passive/nodeTypeIndex:1/meta:blks_rcvd","measures":{"value":0}}
{"ts":1669476285052758082,"type":"point","name":"exType:baseline/permutationIndex:0/run:37/dialer:center/eavesCount:0/latencyMS:100/seq:4/fileSize:153600/nodeType:Passive/nodeTypeIndex:1/meta:dup_blks_rcvd","measures":{"value":0}}
{"ts":1669476287789440307,"type":"point","name":"exType:baseline/permutationIndex:0/run:38/dialer:center/eavesCount:0/latencyMS:100/seq:4/fileSize:153600/nodeType:Passive/nodeTypeIndex:1/meta:msgs_rcvd","measures":{"value":38}}
{"ts":1669476287789461848,"type":"point","name":"exType:baseline/permutationIndex:0/run:38/dialer:center/eavesCount:0/latencyMS:100/seq:4/fileSize:153600/nodeType:Passive/nodeTypeIndex:1/meta:data_sent","measures":{"value":0}}
{"ts":1669476287789465964,"type":"point","name":"exType:baseline/permutationIndex:0/run:38/dialer:center/eavesCount:0/latencyMS:100/seq:4/fileSize:153600/nodeType:Passive/nodeTypeIndex:1/meta:data_rcvd","measures":{"value":0}}
{"ts":1669476287789468929,"type":"point","name":"exType:baseline/permutationIndex:0/run:38/dialer:center/eavesCount:0/latencyMS:100/seq:4/fileSize:153600/nodeType:Passive/nodeTypeIndex:1/meta:dup_data_rcvd","measures":{"value":0}}
{"ts":1669476287789471421,"type":"point","name":"exType:baseline/permutationIndex:0/run:38/dialer:center/eavesCount:0/latencyMS:100/seq:4/fileSize:153600/nodeType:Passive/nodeTypeIndex:1/meta:blks_sent","measures":{"value":0}}
{"ts":1669476287789473797,"type":"point","name":"exType:baseline/permutationIndex:0/run:38/dialer:center/eavesCount:0/latencyMS:100/seq:4/fileSize:153600/nodeType:Passive/nodeTypeIndex:1/meta:blks_rcvd","measures":{"value":0}}
{"ts":1669476287789476134,"type":"point","name":"exType:baseline/permutationIndex:0/run:38/dialer:center/eavesCount:0/latencyMS:100/seq:4/fileSize:153600/nodeType:Passive/nodeTypeIndex:1/meta:dup_blks_rcvd","measures":{"value":0}}
{"ts":1669476290699105936,"type":"point","name":"exType:baseline/permutationIndex:0/run:39/dialer:center/eavesCount:0/latencyMS:100/seq:4/fileSize:153600/nodeType:Passive/nodeTypeIndex:1/meta:msgs_rcvd","measures":{"value":2}}
{"ts":1669476290699149041,"type":"point","name":"exType:baseline/permutationIndex:0/run:39/dialer:center/eavesCount:0/latencyMS:100/seq:4/fileSize:153600/nodeType:Passive/nodeTypeIndex:1/meta:data_sent","measures":{"value":0}}
{"ts":1669476290699160752,"type":"point","name":"exType:baseline/permutationIndex:0/run:39/dialer:center/eavesCount:0/latencyMS:100/seq:4/fileSize:153600/nodeType:Passive/nodeTypeIndex:1/meta:data_rcvd","measures":{"value":0}}
{"ts":1669476290699168776,"type":"point","name":"exType:baseline/permutationIndex:0/run:39/dialer:center/eavesCount:0/latencyMS:100/seq:4/fileSize:153600/nodeType:Passive/nodeTypeIndex:1/meta:dup_data_rcvd","measures":{"value":0}}
{"ts":1669476290699193050,"type":"point","name":"exType:baseline/permutationIndex:0/run:39/dialer:center/eavesCount:0/latencyMS:100/seq:4/fileSize:153600/nodeType:Passive/nodeTypeIndex:1/meta:blks_sent","measures":{"value":0}}
{"ts":1669476290699200856,"type":"point","name":"exType:baseline/permutationIndex:0/run:39/dialer:center/eavesCount:0/latencyMS:100/seq:4/fileSize:153600/nodeType:Passive/nodeTypeIndex:1/meta:blks_rcvd","measures":{"value":0}}
{"ts":1669476290699208199,"type":"point","name":"exType:baseline/permutationIndex:0/run:39/dialer:center/eavesCount:0/latencyMS:100/seq:4/fileSize:153600/nodeType:Passive/nodeTypeIndex:1/meta:dup_blks_rcvd","measures":{"value":0}}
{"ts":1669476293796348808,"type":"point","name":"exType:baseline/permutationIndex:0/run:40/dialer:center/eavesCount:0/latencyMS:100/seq:4/fileSize:153600/nodeType:Passive/nodeTypeIndex:1/meta:msgs_rcvd","measures":{"value":1}}
{"ts":1669476293796464163,"type":"point","name":"exType:baseline/permutationIndex:0/run:40/dialer:center/eavesCount:0/latencyMS:100/seq:4/fileSize:153600/nodeType:Passive/nodeTypeIndex:1/meta:data_sent","measures":{"value":0}}
{"ts":1669476293796499722,"type":"point","name":"exType:baseline/permutationIndex:0/run:40/dialer:center/eavesCount:0/latencyMS:100/seq:4/fileSize:153600/nodeType:Passive/nodeTypeIndex:1/meta:data_rcvd","measures":{"value":0}}
{"ts":1669476293796522075,"type":"point","name":"exType:baseline/permutationIndex:0/run:40/dialer:center/eavesCount:0/latencyMS:100/seq:4/fileSize:153600/nodeType:Passive/nodeTypeIndex:1/meta:dup_data_rcvd","measures":{"value":0}}
{"ts":1669476293796541971,"type":"point","name":"exType:baseline/permutationIndex:0/run:40/dialer:center/eavesCount:0/latencyMS:100/seq:4/fileSize:153600/nodeType:Passive/nodeTypeIndex:1/meta:blks_sent","measures":{"value":0}}
{"ts":1669476293796561463,"type":"point","name":"exType:baseline/permutationIndex:0/run:40/dialer:center/eavesCount:0/latencyMS:100/seq:4/fileSize:153600/nodeType:Passive/nodeTypeIndex:1/meta:blks_rcvd","measures":{"value":0}}
{"ts":1669476293796581103,"type":"point","name":"exType:baseline/permutationIndex:0/run:40/dialer:center/eavesCount:0/latencyMS:100/seq:4/fileSize:153600/nodeType:Passive/nodeTypeIndex:1/meta:dup_blks_rcvd","measures":{"value":0}}
{"ts":1669476296426990515,"type":"point","name":"exType:baseline/permutationIndex:0/run:41/dialer:center/eavesCount:0/latencyMS:100/seq:4/fileSize:153600/nodeType:Passive/nodeTypeIndex:1/meta:msgs_rcvd","measures":{"value":13}}
{"ts":1669476296427019299,"type":"point","name":"exType:baseline/permutationIndex:0/run:41/dialer:center/eavesCount:0/latencyMS:100/seq:4/fileSize:153600/nodeType:Passive/nodeTypeIndex:1/meta:data_sent","measures":{"value":0}}
{"ts":1669476296427026275,"type":"point","name":"exType:baseline/permutationIndex:0/run:41/dialer:center/eavesCount:0/latencyMS:100/seq:4/fileSize:153600/nodeType:Passive/nodeTypeIndex:1/meta:data_rcvd","measures":{"value":0}}
{"ts":1669476296427030565,"type":"point","name":"exType:baseline/permutationIndex:0/run:41/dialer:center/eavesCount:0/latencyMS:100/seq:4/fileSize:153600/nodeType:Passive/nodeTypeIndex:1/meta:dup_data_rcvd","measures":{"value":0}}
{"ts":1669476296427035291,"type":"point","name":"exType:baseline/permutationIndex:0/run:41/dialer:center/eavesCount:0/latencyMS:100/seq:4/fileSize:153600/nodeType:Passive/nodeTypeIndex:1/meta:blks_sent","measures":{"value":0}}
{"ts":1669476296427038531,"type":"point","name":"exType:baseline/permutationIndex:0/run:41/dialer:center/eavesCount:0/latencyMS:100/seq:4/fileSize:153600/nodeType:Passive/nodeTypeIndex:1/meta:blks_rcvd","measures":{"value":0}}
{"ts":1669476296427041671,"type":"point","name":"exType:baseline/permutationIndex:0/run:41/dialer:center/eavesCount:0/latencyMS:100/seq:4/fileSize:153600/nodeType:Passive/nodeTypeIndex:1/meta:dup_blks_rcvd","measures":{"value":0}}
{"ts":1669476299111446624,"type":"point","name":"exType:baseline/permutationIndex:0/run:42/dialer:center/eavesCount:0/latencyMS:100/seq:4/fileSize:153600/nodeType:Passive/nodeTypeIndex:1/meta:msgs_rcvd","measures":{"value":2}}
{"ts":1669476299111799868,"type":"point","name":"exType:baseline/permutationIndex:0/run:42/dialer:center/eavesCount:0/latencyMS:100/seq:4/fileSize:153600/nodeType:Passive/nodeTypeIndex:1/meta:data_sent","measures":{"value":0}}
{"ts":1669476299111832931,"type":"point","name":"exType:baseline/permutationIndex:0/run:42/dialer:center/eavesCount:0/latencyMS:100/seq:4/fileSize:153600/nodeType:Passive/nodeTypeIndex:1/meta:data_rcvd","measures":{"value":0}}
{"ts":1669476299111854222,"type":"point","name":"exType:baseline/permutationIndex:0/run:42/dialer:center/eavesCount:0/latencyMS:100/seq:4/fileSize:153600/nodeType:Passive/nodeTypeIndex:1/meta:dup_data_rcvd","measures":{"value":0}}
{"ts":1669476299111873320,"type":"point","name":"exType:baseline/permutationIndex:0/run:42/dialer:center/eavesCount:0/latencyMS:100/seq:4/fileSize:153600/nodeType:Passive/nodeTypeIndex:1/meta:blks_sent","measures":{"value":0}}
{"ts":1669476299111890666,"type":"point","name":"exType:baseline/permutationIndex:0/run:42/dialer:center/eavesCount:0/latencyMS:100/seq:4/fileSize:153600/nodeType:Passive/nodeTypeIndex:1/meta:blks_rcvd","measures":{"value":0}}
{"ts":1669476299111909814,"type":"point","name":"exType:baseline/permutationIndex:0/run:42/dialer:center/eavesCount:0/latencyMS:100/seq:4/fileSize:153600/nodeType:Passive/nodeTypeIndex:1/meta:dup_blks_rcvd","measures":{"value":0}}
{"ts":1669476302343034734,"type":"point","name":"exType:baseline/permutationIndex:0/run:43/dialer:center/eavesCount:0/latencyMS:100/seq:4/fileSize:153600/nodeType:Passive/nodeTypeIndex:1/meta:msgs_rcvd","measures":{"value":34}}
{"ts":1669476302343067409,"type":"point","name":"exType:baseline/permutationIndex:0/run:43/dialer:center/eavesCount:0/latencyMS:100/seq:4/fileSize:153600/nodeType:Passive/nodeTypeIndex:1/meta:data_sent","measures":{"value":0}}
{"ts":1669476302343073305,"type":"point","name":"exType:baseline/permutationIndex:0/run:43/dialer:center/eavesCount:0/latencyMS:100/seq:4/fileSize:153600/nodeType:Passive/nodeTypeIndex:1/meta:data_rcvd","measures":{"value":0}}
{"ts":1669476302343077301,"type":"point","name":"exType:baseline/permutationIndex:0/run:43/dialer:center/eavesCount:0/latencyMS:100/seq:4/fileSize:153600/nodeType:Passive/nodeTypeIndex:1/meta:dup_data_rcvd","measures":{"value":0}}
{"ts":1669476302343080796,"type":"point","name":"exType:baseline/permutationIndex:0/run:43/dialer:center/eavesCount:0/latencyMS:100/seq:4/fileSize:153600/nodeType:Passive/nodeTypeIndex:1/meta:blks_sent","measures":{"value":0}}
{"ts":1669476302343084216,"type":"point","name":"exType:baseline/permutationIndex:0/run:43/dialer:center/eavesCount:0/latencyMS:100/seq:4/fileSize:153600/nodeType:Passive/nodeTypeIndex:1/meta:blks_rcvd","measures":{"value":0}}
{"ts":1669476302343087499,"type":"point","name":"exType:baseline/permutationIndex:0/run:43/dialer:center/eavesCount:0/latencyMS:100/seq:4/fileSize:153600/nodeType:Passive/nodeTypeIndex:1/meta:dup_blks_rcvd","measures":{"value":0}}
{"ts":1669476305750099563,"type":"point","name":"exType:baseline/permutationIndex:0/run:44/dialer:center/eavesCount:0/latencyMS:100/seq:4/fileSize:153600/nodeType:Passive/nodeTypeIndex:1/meta:msgs_rcvd","measures":{"value":29}}
{"ts":1669476305750139057,"type":"point","name":"exType:baseline/permutationIndex:0/run:44/dialer:center/eavesCount:0/latencyMS:100/seq:4/fileSize:153600/nodeType:Passive/nodeTypeIndex:1/meta:data_sent","measures":{"value":0}}
{"ts":1669476305750147962,"type":"point","name":"exType:baseline/permutationIndex:0/run:44/dialer:center/eavesCount:0/latencyMS:100/seq:4/fileSize:153600/nodeType:Passive/nodeTypeIndex:1/meta:data_rcvd","measures":{"value":0}}
{"ts":1669476305750153689,"type":"point","name":"exType:baseline/permutationIndex:0/run:44/dialer:center/eavesCount:0/latencyMS:100/seq:4/fileSize:153600/nodeType:Passive/nodeTypeIndex:1/meta:dup_data_rcvd","measures":{"value":0}}
{"ts":1669476305750159491,"type":"point","name":"exType:baseline/permutationIndex:0/run:44/dialer:center/eavesCount:0/latencyMS:100/seq:4/fileSize:153600/nodeType:Passive/nodeTypeIndex:1/meta:blks_sent","measures":{"value":0}}
{"ts":1669476305750176012,"type":"point","name":"exType:baseline/permutationIndex:0/run:44/dialer:center/eavesCount:0/latencyMS:100/seq:4/fileSize:153600/nodeType:Passive/nodeTypeIndex:1/meta:blks_rcvd","measures":{"value":0}}
{"ts":1669476305750180070,"type":"point","name":"exType:baseline/permutationIndex:0/run:44/dialer:center/eavesCount:0/latencyMS:100/seq:4/fileSize:153600/nodeType:Passive/nodeTypeIndex:1/meta:dup_blks_rcvd","measures":{"value":0}}
{"ts":1669476308355122992,"type":"point","name":"exType:baseline/permutationIndex:0/run:45/dialer:center/eavesCount:0/latencyMS:100/seq:4/fileSize:153600/nodeType:Passive/nodeTypeIndex:1/meta:msgs_rcvd","measures":{"value":15}}
{"ts":1669476308355175079,"type":"point","name":"exType:baseline/permutationIndex:0/run:45/dialer:center/eavesCount:0/latencyMS:100/seq:4/fileSize:153600/nodeType:Passive/nodeTypeIndex:1/meta:data_sent","measures":{"value":0}}
{"ts":1669476308355201570,"type":"point","name":"exType:baseline/permutationIndex:0/run:45/dialer:center/eavesCount:0/latencyMS:100/seq:4/fileSize:153600/nodeType:Passive/nodeTypeIndex:1/meta:data_rcvd","measures":{"value":0}}
{"ts":1669476308355222662,"type":"point","name":"exType:baseline/permutationIndex:0/run:45/dialer:center/eavesCount:0/latencyMS:100/seq:4/fileSize:153600/nodeType:Passive/nodeTypeIndex:1/meta:dup_data_rcvd","measures":{"value":0}}
{"ts":1669476308355242966,"type":"point","name":"exType:baseline/permutationIndex:0/run:45/dialer:center/eavesCount:0/latencyMS:100/seq:4/fileSize:153600/nodeType:Passive/nodeTypeIndex:1/meta:blks_sent","measures":{"value":0}}
{"ts":1669476308355263557,"type":"point","name":"exType:baseline/permutationIndex:0/run:45/dialer:center/eavesCount:0/latencyMS:100/seq:4/fileSize:153600/nodeType:Passive/nodeTypeIndex:1/meta:blks_rcvd","measures":{"value":0}}
{"ts":1669476308355315519,"type":"point","name":"exType:baseline/permutationIndex:0/run:45/dialer:center/eavesCount:0/latencyMS:100/seq:4/fileSize:153600/nodeType:Passive/nodeTypeIndex:1/meta:dup_blks_rcvd","measures":{"value":0}}
{"ts":1669476311075120002,"type":"point","name":"exType:baseline/permutationIndex:0/run:46/dialer:center/eavesCount:0/latencyMS:100/seq:4/fileSize:153600/nodeType:Passive/nodeTypeIndex:1/meta:msgs_rcvd","measures":{"value":2}}
{"ts":1669476311075201925,"type":"point","name":"exType:baseline/permutationIndex:0/run:46/dialer:center/eavesCount:0/latencyMS:100/seq:4/fileSize:153600/nodeType:Passive/nodeTypeIndex:1/meta:data_sent","measures":{"value":0}}
{"ts":1669476311075225491,"type":"point","name":"exType:baseline/permutationIndex:0/run:46/dialer:center/eavesCount:0/latencyMS:100/seq:4/fileSize:153600/nodeType:Passive/nodeTypeIndex:1/meta:data_rcvd","measures":{"value":0}}
{"ts":1669476311075245030,"type":"point","name":"exType:baseline/permutationIndex:0/run:46/dialer:center/eavesCount:0/latencyMS:100/seq:4/fileSize:153600/nodeType:Passive/nodeTypeIndex:1/meta:dup_data_rcvd","measures":{"value":0}}
{"ts":1669476311075264365,"type":"point","name":"exType:baseline/permutationIndex:0/run:46/dialer:center/eavesCount:0/latencyMS:100/seq:4/fileSize:153600/nodeType:Passive/nodeTypeIndex:1/meta:blks_sent","measures":{"value":0}}
{"ts":1669476311075285641,"type":"point","name":"exType:baseline/permutationIndex:0/run:46/dialer:center/eavesCount:0/latencyMS:100/seq:4/fileSize:153600/nodeType:Passive/nodeTypeIndex:1/meta:blks_rcvd","measures":{"value":0}}
{"ts":1669476311075304767,"type":"point","name":"exType:baseline/permutationIndex:0/run:46/dialer:center/eavesCount:0/latencyMS:100/seq:4/fileSize:153600/nodeType:Passive/nodeTypeIndex:1/meta:dup_blks_rcvd","measures":{"value":0}}
{"ts":1669476313962096957,"type":"point","name":"exType:baseline/permutationIndex:0/run:47/dialer:center/eavesCount:0/latencyMS:100/seq:4/fileSize:153600/nodeType:Passive/nodeTypeIndex:1/meta:msgs_rcvd","measures":{"value":3}}
{"ts":1669476313962188181,"type":"point","name":"exType:baseline/permutationIndex:0/run:47/dialer:center/eavesCount:0/latencyMS:100/seq:4/fileSize:153600/nodeType:Passive/nodeTypeIndex:1/meta:data_sent","measures":{"value":0}}
{"ts":1669476313962272152,"type":"point","name":"exType:baseline/permutationIndex:0/run:47/dialer:center/eavesCount:0/latencyMS:100/seq:4/fileSize:153600/nodeType:Passive/nodeTypeIndex:1/meta:data_rcvd","measures":{"value":0}}
{"ts":1669476313962308632,"type":"point","name":"exType:baseline/permutationIndex:0/run:47/dialer:center/eavesCount:0/latencyMS:100/seq:4/fileSize:153600/nodeType:Passive/nodeTypeIndex:1/meta:dup_data_rcvd","measures":{"value":0}}
{"ts":1669476313962331440,"type":"point","name":"exType:baseline/permutationIndex:0/run:47/dialer:center/eavesCount:0/latencyMS:100/seq:4/fileSize:153600/nodeType:Passive/nodeTypeIndex:1/meta:blks_sent","measures":{"value":0}}
{"ts":1669476313962351653,"type":"point","name":"exType:baseline/permutationIndex:0/run:47/dialer:center/eavesCount:0/latencyMS:100/seq:4/fileSize:153600/nodeType:Passive/nodeTypeIndex:1/meta:blks_rcvd","measures":{"value":0}}
{"ts":1669476313962371195,"type":"point","name":"exType:baseline/permutationIndex:0/run:47/dialer:center/eavesCount:0/latencyMS:100/seq:4/fileSize:153600/nodeType:Passive/nodeTypeIndex:1/meta:dup_blks_rcvd","measures":{"value":0}}
{"ts":1669476317474935951,"type":"point","name":"exType:baseline/permutationIndex:0/run:48/dialer:center/eavesCount:0/latencyMS:100/seq:4/fileSize:153600/nodeType:Passive/nodeTypeIndex:1/meta:msgs_rcvd","measures":{"value":2}}
{"ts":1669476317474957349,"type":"point","name":"exType:baseline/permutationIndex:0/run:48/dialer:center/eavesCount:0/latencyMS:100/seq:4/fileSize:153600/nodeType:Passive/nodeTypeIndex:1/meta:data_sent","measures":{"value":0}}
{"ts":1669476317474960654,"type":"point","name":"exType:baseline/permutationIndex:0/run:48/dialer:center/eavesCount:0/latencyMS:100/seq:4/fileSize:153600/nodeType:Passive/nodeTypeIndex:1/meta:data_rcvd","measures":{"value":0}}
{"ts":1669476317474962717,"type":"point","name":"exType:baseline/permutationIndex:0/run:48/dialer:center/eavesCount:0/latencyMS:100/seq:4/fileSize:153600/nodeType:Passive/nodeTypeIndex:1/meta:dup_data_rcvd","measures":{"value":0}}
{"ts":1669476317474964453,"type":"point","name":"exType:baseline/permutationIndex:0/run:48/dialer:center/eavesCount:0/latencyMS:100/seq:4/fileSize:153600/nodeType:Passive/nodeTypeIndex:1/meta:blks_sent","measures":{"value":0}}
{"ts":1669476317474966796,"type":"point","name":"exType:baseline/permutationIndex:0/run:48/dialer:center/eavesCount:0/latencyMS:100/seq:4/fileSize:153600/nodeType:Passive/nodeTypeIndex:1/meta:blks_rcvd","measures":{"value":0}}
{"ts":1669476317474968235,"type":"point","name":"exType:baseline/permutationIndex:0/run:48/dialer:center/eavesCount:0/latencyMS:100/seq:4/fileSize:153600/nodeType:Passive/nodeTypeIndex:1/meta:dup_blks_rcvd","measures":{"value":0}}
{"ts":1669476320157951525,"type":"point","name":"exType:baseline/permutationIndex:0/run:49/dialer:center/eavesCount:0/latencyMS:100/seq:4/fileSize:153600/nodeType:Passive/nodeTypeIndex:1/meta:msgs_rcvd","measures":{"value":2}}
{"ts":1669476320158001266,"type":"point","name":"exType:baseline/permutationIndex:0/run:49/dialer:center/eavesCount:0/latencyMS:100/seq:4/fileSize:153600/nodeType:Passive/nodeTypeIndex:1/meta:data_sent","measures":{"value":0}}
{"ts":1669476320158006319,"type":"point","name":"exType:baseline/permutationIndex:0/run:49/dialer:center/eavesCount:0/latencyMS:100/seq:4/fileSize:153600/nodeType:Passive/nodeTypeIndex:1/meta:data_rcvd","measures":{"value":0}}
{"ts":1669476320158010019,"type":"point","name":"exType:baseline/permutationIndex:0/run:49/dialer:center/eavesCount:0/latencyMS:100/seq:4/fileSize:153600/nodeType:Passive/nodeTypeIndex:1/meta:dup_data_rcvd","measures":{"value":0}}
{"ts":1669476320158013391,"type":"point","name":"exType:baseline/permutationIndex:0/run:49/dialer:center/eavesCount:0/latencyMS:100/seq:4/fileSize:153600/nodeType:Passive/nodeTypeIndex:1/meta:blks_sent","measures":{"value":0}}
{"ts":1669476320158016544,"type":"point","name":"exType:baseline/permutationIndex:0/run:49/dialer:center/eavesCount:0/latencyMS:100/seq:4/fileSize:153600/nodeType:Passive/nodeTypeIndex:1/meta:blks_rcvd","measures":{"value":0}}
{"ts":1669476320158028849,"type":"point","name":"exType:baseline/permutationIndex:0/run:49/dialer:center/eavesCount:0/latencyMS:100/seq:4/fileSize:153600/nodeType:Passive/nodeTypeIndex:1/meta:dup_blks_rcvd","measures":{"value":0}}
{"ts":1669476323076790339,"type":"point","name":"exType:baseline/permutationIndex:0/run:50/dialer:center/eavesCount:0/latencyMS:100/seq:4/fileSize:153600/nodeType:Passive/nodeTypeIndex:1/meta:msgs_rcvd","measures":{"value":2}}
{"ts":1669476323076881825,"type":"point","name":"exType:baseline/permutationIndex:0/run:50/dialer:center/eavesCount:0/latencyMS:100/seq:4/fileSize:153600/nodeType:Passive/nodeTypeIndex:1/meta:data_sent","measures":{"value":0}}
{"ts":1669476323076911956,"type":"point","name":"exType:baseline/permutationIndex:0/run:50/dialer:center/eavesCount:0/latencyMS:100/seq:4/fileSize:153600/nodeType:Passive/nodeTypeIndex:1/meta:data_rcvd","measures":{"value":0}}
{"ts":1669476323076933165,"type":"point","name":"exType:baseline/permutationIndex:0/run:50/dialer:center/eavesCount:0/latencyMS:100/seq:4/fileSize:153600/nodeType:Passive/nodeTypeIndex:1/meta:dup_data_rcvd","measures":{"value":0}}
{"ts":1669476323076953793,"type":"point","name":"exType:baseline/permutationIndex:0/run:50/dialer:center/eavesCount:0/latencyMS:100/seq:4/fileSize:153600/nodeType:Passive/nodeTypeIndex:1/meta:blks_sent","measures":{"value":0}}
{"ts":1669476323076973571,"type":"point","name":"exType:baseline/permutationIndex:0/run:50/dialer:center/eavesCount:0/latencyMS:100/seq:4/fileSize:153600/nodeType:Passive/nodeTypeIndex:1/meta:blks_rcvd","measures":{"value":0}}
{"ts":1669476323076992634,"type":"point","name":"exType:baseline/permutationIndex:0/run:50/dialer:center/eavesCount:0/latencyMS:100/seq:4/fileSize:153600/nodeType:Passive/nodeTypeIndex:1/meta:dup_blks_rcvd","measures":{"value":0}}
{"ts":1669476325970699711,"type":"point","name":"exType:baseline/permutationIndex:0/run:51/dialer:center/eavesCount:0/latencyMS:100/seq:4/fileSize:153600/nodeType:Passive/nodeTypeIndex:1/meta:msgs_rcvd","measures":{"value":2}}
{"ts":1669476325970789848,"type":"point","name":"exType:baseline/permutationIndex:0/run:51/dialer:center/eavesCount:0/latencyMS:100/seq:4/fileSize:153600/nodeType:Passive/nodeTypeIndex:1/meta:data_sent","measures":{"value":0}}
{"ts":1669476325970815104,"type":"point","name":"exType:baseline/permutationIndex:0/run:51/dialer:center/eavesCount:0/latencyMS:100/seq:4/fileSize:153600/nodeType:Passive/nodeTypeIndex:1/meta:data_rcvd","measures":{"value":0}}
{"ts":1669476325970832266,"type":"point","name":"exType:baseline/permutationIndex:0/run:51/dialer:center/eavesCount:0/latencyMS:100/seq:4/fileSize:153600/nodeType:Passive/nodeTypeIndex:1/meta:dup_data_rcvd","measures":{"value":0}}
{"ts":1669476325970848915,"type":"point","name":"exType:baseline/permutationIndex:0/run:51/dialer:center/eavesCount:0/latencyMS:100/seq:4/fileSize:153600/nodeType:Passive/nodeTypeIndex:1/meta:blks_sent","measures":{"value":0}}
{"ts":1669476325970864496,"type":"point","name":"exType:baseline/permutationIndex:0/run:51/dialer:center/eavesCount:0/latencyMS:100/seq:4/fileSize:153600/nodeType:Passive/nodeTypeIndex:1/meta:blks_rcvd","measures":{"value":0}}
{"ts":1669476325970881865,"type":"point","name":"exType:baseline/permutationIndex:0/run:51/dialer:center/eavesCount:0/latencyMS:100/seq:4/fileSize:153600/nodeType:Passive/nodeTypeIndex:1/meta:dup_blks_rcvd","measures":{"value":0}}
{"ts":1669476328841462146,"type":"point","name":"exType:baseline/permutationIndex:0/run:52/dialer:center/eavesCount:0/latencyMS:100/seq:4/fileSize:153600/nodeType:Passive/nodeTypeIndex:1/meta:msgs_rcvd","measures":{"value":33}}
{"ts":1669476328841489904,"type":"point","name":"exType:baseline/permutationIndex:0/run:52/dialer:center/eavesCount:0/latencyMS:100/seq:4/fileSize:153600/nodeType:Passive/nodeTypeIndex:1/meta:data_sent","measures":{"value":0}}
{"ts":1669476328841496462,"type":"point","name":"exType:baseline/permutationIndex:0/run:52/dialer:center/eavesCount:0/latencyMS:100/seq:4/fileSize:153600/nodeType:Passive/nodeTypeIndex:1/meta:data_rcvd","measures":{"value":0}}
{"ts":1669476328841539793,"type":"point","name":"exType:baseline/permutationIndex:0/run:52/dialer:center/eavesCount:0/latencyMS:100/seq:4/fileSize:153600/nodeType:Passive/nodeTypeIndex:1/meta:dup_data_rcvd","measures":{"value":0}}
{"ts":1669476328841562469,"type":"point","name":"exType:baseline/permutationIndex:0/run:52/dialer:center/eavesCount:0/latencyMS:100/seq:4/fileSize:153600/nodeType:Passive/nodeTypeIndex:1/meta:blks_sent","measures":{"value":0}}
{"ts":1669476328841573322,"type":"point","name":"exType:baseline/permutationIndex:0/run:52/dialer:center/eavesCount:0/latencyMS:100/seq:4/fileSize:153600/nodeType:Passive/nodeTypeIndex:1/meta:blks_rcvd","measures":{"value":0}}
{"ts":1669476328841580718,"type":"point","name":"exType:baseline/permutationIndex:0/run:52/dialer:center/eavesCount:0/latencyMS:100/seq:4/fileSize:153600/nodeType:Passive/nodeTypeIndex:1/meta:dup_blks_rcvd","measures":{"value":0}}
{"ts":1669476331547593506,"type":"point","name":"exType:baseline/permutationIndex:0/run:53/dialer:center/eavesCount:0/latencyMS:100/seq:4/fileSize:153600/nodeType:Passive/nodeTypeIndex:1/meta:msgs_rcvd","measures":{"value":2}}
{"ts":1669476331547611610,"type":"point","name":"exType:baseline/permutationIndex:0/run:53/dialer:center/eavesCount:0/latencyMS:100/seq:4/fileSize:153600/nodeType:Passive/nodeTypeIndex:1/meta:data_sent","measures":{"value":0}}
{"ts":1669476331547616113,"type":"point","name":"exType:baseline/permutationIndex:0/run:53/dialer:center/eavesCount:0/latencyMS:100/seq:4/fileSize:153600/nodeType:Passive/nodeTypeIndex:1/meta:data_rcvd","measures":{"value":0}}
{"ts":1669476331547617919,"type":"point","name":"exType:baseline/permutationIndex:0/run:53/dialer:center/eavesCount:0/latencyMS:100/seq:4/fileSize:153600/nodeType:Passive/nodeTypeIndex:1/meta:dup_data_rcvd","measures":{"value":0}}
{"ts":1669476331547619630,"type":"point","name":"exType:baseline/permutationIndex:0/run:53/dialer:center/eavesCount:0/latencyMS:100/seq:4/fileSize:153600/nodeType:Passive/nodeTypeIndex:1/meta:blks_sent","measures":{"value":0}}
{"ts":1669476331547621196,"type":"point","name":"exType:baseline/permutationIndex:0/run:53/dialer:center/eavesCount:0/latencyMS:100/seq:4/fileSize:153600/nodeType:Passive/nodeTypeIndex:1/meta:blks_rcvd","measures":{"value":0}}
{"ts":1669476331547623359,"type":"point","name":"exType:baseline/permutationIndex:0/run:53/dialer:center/eavesCount:0/latencyMS:100/seq:4/fileSize:153600/nodeType:Passive/nodeTypeIndex:1/meta:dup_blks_rcvd","measures":{"value":0}}
