{"ts":1669476176250075338,"type":"point","name":"exType:baseline/permutationIndex:0/run:1/dialer:center/eavesCount:0/latencyMS:100/seq:8/fileSize:153600/nodeType:Passive/nodeTypeIndex:5/meta:msgs_rcvd","measures":{"value":27}}
{"ts":1669476176250097974,"type":"point","name":"exType:baseline/permutationIndex:0/run:1/dialer:center/eavesCount:0/latencyMS:100/seq:8/fileSize:153600/nodeType:Passive/nodeTypeIndex:5/meta:data_sent","measures":{"value":0}}
{"ts":1669476176250102268,"type":"point","name":"exType:baseline/permutationIndex:0/run:1/dialer:center/eavesCount:0/latencyMS:100/seq:8/fileSize:153600/nodeType:Passive/nodeTypeIndex:5/meta:data_rcvd","measures":{"value":0}}
{"ts":1669476176250104897,"type":"point","name":"exType:baseline/permutationIndex:0/run:1/dialer:center/eavesCount:0/latencyMS:100/seq:8/fileSize:153600/nodeType:Passive/nodeTypeIndex:5/meta:dup_data_rcvd","measures":{"value":0}}
{"ts":1669476176250107449,"type":"point","name":"exType:baseline/permutationIndex:0/run:1/dialer:center/eavesCount:0/latencyMS:100/seq:8/fileSize:153600/nodeType:Passive/nodeTypeIndex:5/meta:blks_sent","measures":{"value":0}}
{"ts":1669476176250109689,"type":"point","name":"exType:baseline/permutationIndex:0/run:1/dialer:center/eavesCount:0/latencyMS:100/seq:8/fileSize:153600/nodeType:Passive/nodeTypeIndex:5/meta:blks_rcvd","measures":{"value":0}}
{"ts":1669476176250112380,"type":"point","name":"exType:baseline/permutationIndex:0/run:1/dialer:center/eavesCount:0/latencyMS:100/seq:8/fileSize:153600/nodeType:Passive/nodeTypeIndex:5/meta:dup_blks_rcvd","measures":{"value":0}}
{"ts":1669476179129575957,"type":"point","name":"exType:baseline/permutationIndex:0/run:2/dialer:center/eavesCount:0/latencyMS:100/seq:8/fileSize:153600/nodeType:Passive/nodeTypeIndex:5/meta:msgs_rcvd","measures":{"value":23}}
{"ts":1669476179129668139,"type":"point","name":"exType:baseline/permutationIndex:0/run:2/dialer:center/eavesCount:0/latencyMS:100/seq:8/fileSize:153600/nodeType:Passive/nodeTypeIndex:5/meta:data_sent","measures":{"value":0}}
{"ts":1669476179129693024,"type":"point","name":"exType:baseline/permutationIndex:0/run:2/dialer:center/eavesCount:0/latencyMS:100/seq:8/fileSize:153600/nodeType:Passive/nodeTypeIndex:5/meta:data_rcvd","measures":{"value":0}}
{"ts":1669476179129711026,"type":"point","name":"exType:baseline/permutationIndex:0/run:2/dialer:center/eavesCount:0/latencyMS:100/seq:8/fileSize:153600/nodeType:Passive/nodeTypeIndex:5/meta:dup_data_rcvd","measures":{"value":0}}
{"ts":1669476179129730447,"type":"point","name":"exType:baseline/permutationIndex:0/run:2/dialer:center/eavesCount:0/latencyMS:100/seq:8/fileSize:153600/nodeType:Passive/nodeTypeIndex:5/meta:blks_sent","measures":{"value":0}}
{"ts":1669476179129749458,"type":"point","name":"exType:baseline/permutationIndex:0/run:2/dialer:center/eavesCount:0/latencyMS:100/seq:8/fileSize:153600/nodeType:Passive/nodeTypeIndex:5/meta:blks_rcvd","measures":{"value":0}}
{"ts":1669476179129768449,"type":"point","name":"exType:baseline/permutationIndex:0/run:2/dialer:center/eavesCount:0/latencyMS:100/seq:8/fileSize:153600/nodeType:Passive/nodeTypeIndex:5/meta:dup_blks_rcvd","measures":{"value":0}}
{"ts":1669476182103708258,"type":"point","name":"exType:baseline/permutationIndex:0/run:3/dialer:center/eavesCount:0/latencyMS:100/seq:8/fileSize:153600/nodeType:Passive/nodeTypeIndex:5/meta:msgs_rcvd","measures":{"value":96}}
{"ts":1669476182103755898,"type":"point","name":"exType:baseline/permutationIndex:0/run:3/dialer:center/eavesCount:0/latencyMS:100/seq:8/fileSize:153600/nodeType:Passive/nodeTypeIndex:5/meta:data_sent","measures":{"value":0}}
{"ts":1669476182103792877,"type":"point","name":"exType:baseline/permutationIndex:0/run:3/dialer:center/eavesCount:0/latencyMS:100/seq:8/fileSize:153600/nodeType:Passive/nodeTypeIndex:5/meta:data_rcvd","measures":{"value":0}}
{"ts":1669476182103813694,"type":"point","name":"exType:baseline/permutationIndex:0/run:3/dialer:center/eavesCount:0/latencyMS:100/seq:8/fileSize:153600/nodeType:Passive/nodeTypeIndex:5/meta:dup_data_rcvd","measures":{"value":0}}
{"ts":1669476182103834031,"type":"point","name":"exType:baseline/permutationIndex:0/run:3/dialer:center/eavesCount:0/latencyMS:100/seq:8/fileSize:153600/nodeType:Passive/nodeTypeIndex:5/meta:blks_sent","measures":{"value":0}}
{"ts":1669476182103892771,"type":"point","name":"exType:baseline/permutationIndex:0/run:3/dialer:center/eavesCount:0/latencyMS:100/seq:8/fileSize:153600/nodeType:Passive/nodeTypeIndex:5/meta:blks_rcvd","measures":{"value":0}}
{"ts":1669476182103913754,"type":"point","name":"exType:baseline/permutationIndex:0/run:3/dialer:center/eavesCount:0/latencyMS:100/seq:8/fileSize:153600/nodeType:Passive/nodeTypeIndex:5/meta:dup_blks_rcvd","measures":{"value":0}}
{"ts":1669476185028743091,"type":"point","name":"exType:baseline/permutationIndex:0/run:4/dialer:center/eavesCount:0/latencyMS:100/seq:8/fileSize:153600/nodeType:Passive/nodeTypeIndex:5/meta:msgs_rcvd","measures":{"value":132}}
{"ts":1669476185028854924,"type":"point","name":"exType:baseline/permutationIndex:0/run:4/dialer:center/eavesCount:0/latencyMS:100/seq:8/fileSize:153600/nodeType:Passive/nodeTypeIndex:5/meta:data_sent","measures":{"value":0}}
{"ts":1669476185028884833,"type":"point","name":"exType:baseline/permutationIndex:0/run:4/dialer:center/eavesCount:0/latencyMS:100/seq:8/fileSize:153600/nodeType:Passive/nodeTypeIndex:5/meta:data_rcvd","measures":{"value":0}}
{"ts":1669476185028904176,"type":"point","name":"exType:baseline/permutationIndex:0/run:4/dialer:center/eavesCount:0/latencyMS:100/seq:8/fileSize:153600/nodeType:Passive/nodeTypeIndex:5/meta:dup_data_rcvd","measures":{"value":0}}
{"ts":1669476185028922755,"type":"point","name":"exType:baseline/permutationIndex:0/run:4/dialer:center/eavesCount:0/latencyMS:100/seq:8/fileSize:153600/nodeType:Passive/nodeTypeIndex:5/meta:blks_sent","measures":{"value":0}}
{"ts":1669476185028940327,"type":"point","name":"exType:baseline/permutationIndex:0/run:4/dialer:center/eavesCount:0/latencyMS:100/seq:8/fileSize:153600/nodeType:Passive/nodeTypeIndex:5/meta:blks_rcvd","measures":{"value":0}}
{"ts":1669476185028957361,"type":"point","name":"exType:baseline/permutationIndex:0/run:4/dialer:center/eavesCount:0/latencyMS:100/seq:8/fileSize:153600/nodeType:Passive/nodeTypeIndex:5/meta:dup_blks_rcvd","measures":{"value":0}}
{"ts":1669476187641621500,"type":"point","name":"exType:baseline/permutationIndex:0/run:5/dialer:center/eavesCount:0/latencyMS:100/seq:8/fileSize:153600/nodeType:Passive/nodeTypeIndex:5/meta:msgs_rcvd","measures":{"value":28}}
{"ts":1669476187641668414,"type":"point","name":"exType:baseline/permutationIndex:0/run:5/dialer:center/eavesCount:0/latencyMS:100/seq:8/fileSize:153600/nodeType:Passive/nodeTypeIndex:5/meta:data_sent","measures":{"value":0}}
{"ts":1669476187641680916,"type":"point","name":"exType:baseline/permutationIndex:0/run:5/dialer:center/eavesCount:0/latencyMS:100/seq:8/fileSize:153600/nodeType:Passive/nodeTypeIndex:5/meta:data_rcvd","measures":{"value":0}}
{"ts":1669476187641690492,"type":"point","name":"exType:baseline/permutationIndex:0/run:5/dialer:center/eavesCount:0/latencyMS:100/seq:8/fileSize:153600/nodeType:Passive/nodeTypeIndex:5/meta:dup_data_rcvd","measures":{"value":0}}
{"ts":1669476187641696268,"type":"point","name":"exType:baseline/permutationIndex:0/run:5/dialer:center/eavesCount:0/latencyMS:100/seq:8/fileSize:153600/nodeType:Passive/nodeTypeIndex:5/meta:blks_sent","measures":{"value":0}}
{"ts":1669476187641702311,"type":"point","name":"exType:baseline/permutationIndex:0/run:5/dialer:center/eavesCount:0/latencyMS:100/seq:8/fileSize:153600/nodeType:Passive/nodeTypeIndex:5/meta:blks_rcvd","measures":{"value":0}}
{"ts":1669476187641707626,"type":"point","name":"exType:baseline/permutationIndex:0/run:5/dialer:center/eavesCount:0/latencyMS:100/seq:8/fileSize:153600/nodeType:Passive/nodeTypeIndex:5/meta:dup_blks_rcvd","measures":{"value":0}}
{"ts":1669476190233336306,"type":"point","name":"exType:baseline/permutationIndex:0/run:6/dialer:center/eavesCount:0/latencyMS:100/seq:8/fileSize:153600/nodeType:Passive/nodeTypeIndex:5/meta:msgs_rcvd","measures":{"value":25}}
{"ts":1669476190233425183,"type":"point","name":"exType:baseline/permutationIndex:0/run:6/dialer:center/eavesCount:0/latencyMS:100/seq:8/fileSize:153600/nodeType:Passive/nodeTypeIndex:5/meta:data_sent","measures":{"value":0}}
{"ts":1669476190233490501,"type":"point","name":"exType:baseline/permutationIndex:0/run:6/dialer:center/eavesCount:0/latencyMS:100/seq:8/fileSize:153600/nodeType:Passive/nodeTypeIndex:5/meta:data_rcvd","measures":{"value":0}}
{"ts":1669476190233513392,"type":"point","name":"exType:baseline/permutationIndex:0/run:6/dialer:center/eavesCount:0/latencyMS:100/seq:8/fileSize:153600/nodeType:Passive/nodeTypeIndex:5/meta:dup_data_rcvd","measures":{"value":0}}
{"ts":1669476190233536039,"type":"point","name":"exType:baseline/permutationIndex:0/run:6/dialer:center/eavesCount:0/latencyMS:100/seq:8/fileSize:153600/nodeType:Passive/nodeTypeIndex:5/meta:blks_sent","measures":{"value":0}}
{"ts":1669476190233554790,"type":"point","name":"exType:baseline/permutationIndex:0/run:6/dialer:center/eavesCount:0/latencyMS:100/seq:8/fileSize:153600/nodeType:Passive/nodeTypeIndex:5/meta:blks_rcvd","measures":{"value":0}}
{"ts":1669476190233573800,"type":"point","name":"exType:baseline/permutationIndex:0/run:6/dialer:center/eavesCount:0/latencyMS:100/seq:8/fileSize:153600/nodeType:Passive/nodeTypeIndex:5/meta:dup_blks_rcvd","measures":{"value":0}}
{"ts":1669476193149158042,"type":"point","name":"exType:baseline/permutationIndex:0/run:7/dialer:center/eavesCount:0/latencyMS:100/seq:8/fileSize:153600/nodeType:Passive/nodeTypeIndex:5/meta:msgs_rcvd","measures":{"value":34}}
{"ts":1669476193149185766,"type":"point","name":"exType:baseline/permutationIndex:0/run:7/dialer:center/eavesCount:0/latencyMS:100/seq:8/fileSize:153600/nodeType:Passive/nodeTypeIndex:5/meta:data_sent","measures":{"value":0}}
{"ts":1669476193149192825,"type":"point","name":"exType:baseline/permutationIndex:0/run:7/dialer:center/eavesCount:0/latencyMS:100/seq:8/fileSize:153600/nodeType:Passive/nodeTypeIndex:5/meta:data_rcvd","measures":{"value":0}}
{"ts":1669476193149198162,"type":"point","name":"exType:baseline/permutationIndex:0/run:7/dialer:center/eavesCount:0/latencyMS:100/seq:8/fileSize:153600/nodeType:Passive/nodeTypeIndex:5/meta:dup_data_rcvd","measures":{"value":0}}
{"ts":1669476193149202915,"type":"point","name":"exType:baseline/permutationIndex:0/run:7/dialer:center/eavesCount:0/latencyMS:100/seq:8/fileSize:153600/nodeType:Passive/nodeTypeIndex:5/meta:blks_sent","measures":{"value":0}}
{"ts":1669476193149208688,"type":"point","name":"exType:baseline/permutationIndex:0/run:7/dialer:center/eavesCount:0/latencyMS:100/seq:8/fileSize:153600/nodeType:Passive/nodeTypeIndex:5/meta:blks_rcvd","measures":{"value":0}}
{"ts":1669476193149212942,"type":"point","name":"exType:baseline/permutationIndex:0/run:7/dialer:center/eavesCount:0/latencyMS:100/seq:8/fileSize:153600/nodeType:Passive/nodeTypeIndex:5/meta:dup_blks_rcvd","measures":{"value":0}}
{"ts":1669476196485481886,"type":"point","name":"exType:baseline/permutationIndex:0/run:8/dialer:center/eavesCount:0/latencyMS:100/seq:8/fileSize:153600/nodeType:Passive/nodeTypeIndex:5/meta:msgs_rcvd","measures":{"value":72}}
{"ts":1669476196485502214,"type":"point","name":"exType:baseline/permutationIndex:0/run:8/dialer:center/eavesCount:0/latencyMS:100/seq:8/fileSize:153600/nodeType:Passive/nodeTypeIndex:5/meta:data_sent","measures":{"value":0}}
{"ts":1669476196485506256,"type":"point","name":"exType:baseline/permutationIndex:0/run:8/dialer:center/eavesCount:0/latencyMS:100/seq:8/fileSize:153600/nodeType:Passive/nodeTypeIndex:5/meta:data_rcvd","measures":{"value":0}}
{"ts":1669476196485509770,"type":"point","name":"exType:baseline/permutationIndex:0/run:8/dialer:center/eavesCount:0/latencyMS:100/seq:8/fileSize:153600/nodeType:Passive/nodeTypeIndex:5/meta:dup_data_rcvd","measures":{"value":0}}
{"ts":1669476196485513007,"type":"point","name":"exType:baseline/permutationIndex:0/run:8/dialer:center/eavesCount:0/latencyMS:100/seq:8/fileSize:153600/nodeType:Passive/nodeTypeIndex:5/meta:blks_sent","measures":{"value":0}}
{"ts":1669476196485516247,"type":"point","name":"exType:baseline/permutationIndex:0/run:8/dialer:center/eavesCount:0/latencyMS:100/seq:8/fileSize:153600/nodeType:Passive/nodeTypeIndex:5/meta:blks_rcvd","measures":{"value":0}}
{"ts":1669476196485522907,"type":"point","name":"exType:baseline/permutationIndex:0/run:8/dialer:center/eavesCount:0/latencyMS:100/seq:8/fileSize:153600/nodeType:Passive/nodeTypeIndex:5/meta:dup_blks_rcvd","measures":{"value":0}}
{"ts":1669476199599493693,"type":"point","name":"exType:baseline/permutationIndex:0/run:9/dialer:center/eavesCount:0/latencyMS:100/seq:8/fileSize:153600/nodeType:Passive/nodeTypeIndex:5/meta:msgs_rcvd","measures":{"value":21}}
{"ts":1669476199599532900,"type":"point","name":"exType:baseline/permutationIndex:0/run:9/dialer:center/eavesCount:0/latencyMS:100/seq:8/fileSize:153600/nodeType:Passive/nodeTypeIndex:5/meta:data_sent","measures":{"value":0}}
{"ts":1669476199599541192,"type":"point","name":"exType:baseline/permutationIndex:0/run:9/dialer:center/eavesCount:0/latencyMS:100/seq:8/fileSize:153600/nodeType:Passive/nodeTypeIndex:5/meta:data_rcvd","measures":{"value":0}}
{"ts":1669476199599545871,"type":"point","name":"exType:baseline/permutationIndex:0/run:9/dialer:center/eavesCount:0/latencyMS:100/seq:8/fileSize:153600/nodeType:Passive/nodeTypeIndex:5/meta:dup_data_rcvd","measures":{"value":0}}
{"ts":1669476199599549942,"type":"point","name":"exType:baseline/permutationIndex:0/run:9/dialer:center/eavesCount:0/latencyMS:100/seq:8/fileSize:153600/nodeType:Passive/nodeTypeIndex:5/meta:blks_sent","measures":{"value":0}}
{"ts":1669476199599554047,"type":"point","name":"exType:baseline/permutationIndex:0/run:9/dialer:center/eavesCount:0/latencyMS:100/seq:8/fileSize:153600/nodeType:Passive/nodeTypeIndex:5/meta:blks_rcvd","measures":{"value":0}}
{"ts":1669476199599557730,"type":"point","name":"exType:baseline/permutationIndex:0/run:9/dialer:center/eavesCount:0/latencyMS:100/seq:8/fileSize:153600/nodeType:Passive/nodeTypeIndex:5/meta:dup_blks_rcvd","measures":{"value":0}}
{"ts":1669476202936102729,"type":"point","name":"exType:baseline/permutationIndex:0/run:10/dialer:center/eavesCount:0/latencyMS:100/seq:8/fileSize:153600/nodeType:Passive/nodeTypeIndex:5/meta:msgs_rcvd","measures":{"value":58}}
{"ts":1669476202936115330,"type":"point","name":"exType:baseline/permutationIndex:0/run:10/dialer:center/eavesCount:0/latencyMS:100/seq:8/fileSize:153600/nodeType:Passive/nodeTypeIndex:5/meta:data_sent","measures":{"value":0}}
{"ts":1669476202936118149,"type":"point","name":"exType:baseline/permutationIndex:0/run:10/dialer:center/eavesCount:0/latencyMS:100/seq:8/fileSize:153600/nodeType:Passive/nodeTypeIndex:5/meta:data_rcvd","measures":{"value":0}}
{"ts":1669476202936120656,"type":"point","name":"exType:baseline/permutationIndex:0/run:10/dialer:center/eavesCount:0/latencyMS:100/seq:8/fileSize:153600/nodeType:Passive/nodeTypeIndex:5/meta:dup_data_rcvd","measures":{"value":0}}
{"ts":1669476202936122777,"type":"point","name":"exType:baseline/permutationIndex:0/run:10/dialer:center/eavesCount:0/latencyMS:100/seq:8/fileSize:153600/nodeType:Passive/nodeTypeIndex:5/meta:blks_sent","measures":{"value":0}}
{"ts":1669476202936124946,"type":"point","name":"exType:baseline/permutationIndex:0/run:10/dialer:center/eavesCount:0/latencyMS:100/seq:8/fileSize:153600/nodeType:Passive/nodeTypeIndex:5/meta:blks_rcvd","measures":{"value":0}}
{"ts":1669476202936127350,"type":"point","name":"exType:baseline/permutationIndex:0/run:10/dialer:center/eavesCount:0/latencyMS:100/seq:8/fileSize:153600/nodeType:Passive/nodeTypeIndex:5/meta:dup_blks_rcvd","measures":{"value":0}}
{"ts":1669476205859629326,"type":"point","name":"exType:baseline/permutationIndex:0/run:11/dialer:center/eavesCount:0/latencyMS:100/seq:8/fileSize:153600/nodeType:Passive/nodeTypeIndex:5/meta:msgs_rcvd","measures":{"value":60}}
{"ts":1669476205859655563,"type":"point","name":"exType:baseline/permutationIndex:0/run:11/dialer:center/eavesCount:0/latencyMS:100/seq:8/fileSize:153600/nodeType:Passive/nodeTypeIndex:5/meta:data_sent","measures":{"value":0}}
{"ts":1669476205859659979,"type":"point","name":"exType:baseline/permutationIndex:0/run:11/dialer:center/eavesCount:0/latencyMS:100/seq:8/fileSize:153600/nodeType:Passive/nodeTypeIndex:5/meta:data_rcvd","measures":{"value":0}}
{"ts":1669476205859670789,"type":"point","name":"exType:baseline/permutationIndex:0/run:11/dialer:center/eavesCount:0/latencyMS:100/seq:8/fileSize:153600/nodeType:Passive/nodeTypeIndex:5/meta:dup_data_rcvd","measures":{"value":0}}
{"ts":1669476205859675882,"type":"point","name":"exType:baseline/permutationIndex:0/run:11/dialer:center/eavesCount:0/latencyMS:100/seq:8/fileSize:153600/nodeType:Passive/nodeTypeIndex:5/meta:blks_sent","measures":{"value":0}}
{"ts":1669476205859680133,"type":"point","name":"exType:baseline/permutationIndex:0/run:11/dialer:center/eavesCount:0/latencyMS:100/seq:8/fileSize:153600/nodeType:Passive/nodeTypeIndex:5/meta:blks_rcvd","measures":{"value":0}}
{"ts":1669476205859684045,"type":"point","name":"exType:baseline/permutationIndex:0/run:11/dialer:center/eavesCount:0/latencyMS:100/seq:8/fileSize:153600/nodeType:Passive/nodeTypeIndex:5/meta:dup_blks_rcvd","measures":{"value":0}}
{"ts":1669476208449814019,"type":"point","name":"exType:baseline/permutationIndex:0/run:12/dialer:center/eavesCount:0/latencyMS:100/seq:8/fileSize:153600/nodeType:Passive/nodeTypeIndex:5/meta:msgs_rcvd","measures":{"value":39}}
{"ts":1669476208449913372,"type":"point","name":"exType:baseline/permutationIndex:0/run:12/dialer:center/eavesCount:0/latencyMS:100/seq:8/fileSize:153600/nodeType:Passive/nodeTypeIndex:5/meta:data_sent","measures":{"value":0}}
{"ts":1669476208449922208,"type":"point","name":"exType:baseline/permutationIndex:0/run:12/dialer:center/eavesCount:0/latencyMS:100/seq:8/fileSize:153600/nodeType:Passive/nodeTypeIndex:5/meta:data_rcvd","measures":{"value":0}}
{"ts":1669476208449930009,"type":"point","name":"exType:baseline/permutationIndex:0/run:12/dialer:center/eavesCount:0/latencyMS:100/seq:8/fileSize:153600/nodeType:Passive/nodeTypeIndex:5/meta:dup_data_rcvd","measures":{"value":0}}
{"ts":1669476208449935848,"type":"point","name":"exType:baseline/permutationIndex:0/run:12/dialer:center/eavesCount:0/latencyMS:100/seq:8/fileSize:153600/nodeType:Passive/nodeTypeIndex:5/meta:blks_sent","measures":{"value":0}}
{"ts":1669476208449941498,"type":"point","name":"exType:baseline/permutationIndex:0/run:12/dialer:center/eavesCount:0/latencyMS:100/seq:8/fileSize:153600/nodeType:Passive/nodeTypeIndex:5/meta:blks_rcvd","measures":{"value":0}}
{"ts":1669476208449947120,"type":"point","name":"exType:baseline/permutationIndex:0/run:12/dialer:center/eavesCount:0/latencyMS:100/seq:8/fileSize:153600/nodeType:Passive/nodeTypeIndex:5/meta:dup_blks_rcvd","measures":{"value":0}}
{"ts":1669476211192406443,"type":"point","name":"exType:baseline/permutationIndex:0/run:13/dialer:center/eavesCount:0/latencyMS:100/seq:8/fileSize:153600/nodeType:Passive/nodeTypeIndex:5/meta:msgs_rcvd","measures":{"value":14}}
{"ts":1669476211192572327,"type":"point","name":"exType:baseline/permutationIndex:0/run:13/dialer:center/eavesCount:0/latencyMS:100/seq:8/fileSize:153600/nodeType:Passive/nodeTypeIndex:5/meta:data_sent","measures":{"value":0}}
{"ts":1669476211192596168,"type":"point","name":"exType:baseline/permutationIndex:0/run:13/dialer:center/eavesCount:0/latencyMS:100/seq:8/fileSize:153600/nodeType:Passive/nodeTypeIndex:5/meta:data_rcvd","measures":{"value":0}}
{"ts":1669476211192619215,"type":"point","name":"exType:baseline/permutationIndex:0/run:13/dialer:center/eavesCount:0/latencyMS:100/seq:8/fileSize:153600/nodeType:Passive/nodeTypeIndex:5/meta:dup_data_rcvd","measures":{"value":0}}
{"ts":1669476211192638317,"type":"point","name":"exType:baseline/permutationIndex:0/run:13/dialer:center/eavesCount:0/latencyMS:100/seq:8/fileSize:153600/nodeType:Passive/nodeTypeIndex:5/meta:blks_sent","measures":{"value":0}}
{"ts":1669476211192658170,"type":"point","name":"exType:baseline/permutationIndex:0/run:13/dialer:center/eavesCount:0/latencyMS:100/seq:8/fileSize:153600/nodeType:Passive/nodeTypeIndex:5/meta:blks_rcvd","measures":{"value":0}}
{"ts":1669476211192810234,"type":"point","name":"exType:baseline/permutationIndex:0/run:13/dialer:center/eavesCount:0/latencyMS:100/seq:8/fileSize:153600/nodeType:Passive/nodeTypeIndex:5/meta:dup_blks_rcvd","measures":{"value":0}}
{"ts":1669476214045583981,"type":"point","name":"exType:baseline/permutationIndex:0/run:14/dialer:center/eavesCount:0/latencyMS:100/seq:8/fileSize:153600/nodeType:Passive/nodeTypeIndex:5/meta:msgs_rcvd","measures":{"value":30}}
{"ts":1669476214045687869,"type":"point","name":"exType:baseline/permutationIndex:0/run:14/dialer:center/eavesCount:0/latencyMS:100/seq:8/fileSize:153600/nodeType:Passive/nodeTypeIndex:5/meta:data_sent","measures":{"value":0}}
{"ts":1669476214045710009,"type":"point","name":"exType:baseline/permutationIndex:0/run:14/dialer:center/eavesCount:0/latencyMS:100/seq:8/fileSize:153600/nodeType:Passive/nodeTypeIndex:5/meta:data_rcvd","measures":{"value":0}}
{"ts":1669476214045723740,"type":"point","name":"exType:baseline/permutationIndex:0/run:14/dialer:center/eavesCount:0/latencyMS:100/seq:8/fileSize:153600/nodeType:Passive/nodeTypeIndex:5/meta:dup_data_rcvd","measures":{"value":0}}
{"ts":1669476214045743749,"type":"point","name":"exType:baseline/permutationIndex:0/run:14/dialer:center/eavesCount:0/latencyMS:100/seq:8/fileSize:153600/nodeType:Passive/nodeTypeIndex:5/meta:blks_sent","measures":{"value":0}}
{"ts":1669476214045761776,"type":"point","name":"exType:baseline/permutationIndex:0/run:14/dialer:center/eavesCount:0/latencyMS:100/seq:8/fileSize:153600/nodeType:Passive/nodeTypeIndex:5/meta:blks_rcvd","measures":{"value":0}}
{"ts":1669476214045779759,"type":"point","name":"exType:baseline/permutationIndex:0/run:14/dialer:center/eavesCount:0/latencyMS:100/seq:8/fileSize:153600/nodeType:Passive/nodeTypeIndex:5/meta:dup_blks_rcvd","measures":{"value":0}}
{"ts":1669476217364752078,"type":"point","name":"exType:baseline/permutationIndex:0/run:15/dialer:center/eavesCount:0/latencyMS:100/seq:8/fileSize:153600/nodeType:Passive/nodeTypeIndex:5/meta:msgs_rcvd","measures":{"value":32}}
{"ts":1669476217364800032,"type":"point","name":"exType:baseline/permutationIndex:0/run:15/dialer:center/eavesCount:0/latencyMS:100/seq:8/fileSize:153600/nodeType:Passive/nodeTypeIndex:5/meta:data_sent","measures":{"value":0}}
{"ts":1669476217364814508,"type":"point","name":"exType:baseline/permutationIndex:0/run:15/dialer:center/eavesCount:0/latencyMS:100/seq:8/fileSize:153600/nodeType:Passive/nodeTypeIndex:5/meta:data_rcvd","measures":{"value":0}}
{"ts":1669476217364824421,"type":"point","name":"exType:baseline/permutationIndex:0/run:15/dialer:center/eavesCount:0/latencyMS:100/seq:8/fileSize:153600/nodeType:Passive/nodeTypeIndex:5/meta:dup_data_rcvd","measures":{"value":0}}
{"ts":1669476217364833578,"type":"point","name":"exType:baseline/permutationIndex:0/run:15/dialer:center/eavesCount:0/latencyMS:100/seq:8/fileSize:153600/nodeType:Passive/nodeTypeIndex:5/meta:blks_sent","measures":{"value":0}}
{"ts":1669476217364843343,"type":"point","name":"exType:baseline/permutationIndex:0/run:15/dialer:center/eavesCount:0/latencyMS:100/seq:8/fileSize:153600/nodeType:Passive/nodeTypeIndex:5/meta:blks_rcvd","measures":{"value":0}}
{"ts":1669476217364853111,"type":"point","name":"exType:baseline/permutationIndex:0/run:15/dialer:center/eavesCount:0/latencyMS:100/seq:8/fileSize:153600/nodeType:Passive/nodeTypeIndex:5/meta:dup_blks_rcvd","measures":{"value":0}}
{"ts":1669476220879530461,"type":"point","name":"exType:baseline/permutationIndex:0/run:16/dialer:center/eavesCount:0/latencyMS:100/seq:8/fileSize:153600/nodeType:Passive/nodeTypeIndex:5/meta:msgs_rcvd","measures":{"value":86}}
{"ts":1669476220879609043,"type":"point","name":"exType:baseline/permutationIndex:0/run:16/dialer:center/eavesCount:0/latencyMS:100/seq:8/fileSize:153600/nodeType:Passive/nodeTypeIndex:5/meta:data_sent","measures":{"value":0}}
{"ts":1669476220879626256,"type":"point","name":"exType:baseline/permutationIndex:0/run:16/dialer:center/eavesCount:0/latencyMS:100/seq:8/fileSize:153600/nodeType:Passive/nodeTypeIndex:5/meta:data_rcvd","measures":{"value":0}}
{"ts":1669476220879658801,"type":"point","name":"exType:baseline/permutationIndex:0/run:16/dialer:center/eavesCount:0/latencyMS:100/seq:8/fileSize:153600/nodeType:Passive/nodeTypeIndex:5/meta:dup_data_rcvd","measures":{"value":0}}
{"ts":1669476220879669552,"type":"point","name":"exType:baseline/permutationIndex:0/run:16/dialer:center/eavesCount:0/latencyMS:100/seq:8/fileSize:153600/nodeType:Passive/nodeTypeIndex:5/meta:blks_sent","measures":{"value":0}}
{"ts":1669476220879679160,"type":"point","name":"exType:baseline/permutationIndex:0/run:16/dialer:center/eavesCount:0/latencyMS:100/seq:8/fileSize:153600/nodeType:Passive/nodeTypeIndex:5/meta:blks_rcvd","measures":{"value":0}}
{"ts":1669476220879689453,"type":"point","name":"exType:baseline/permutationIndex:0/run:16/dialer:center/eavesCount:0/latencyMS:100/seq:8/fileSize:153600/nodeType:Passive/nodeTypeIndex:5/meta:dup_blks_rcvd","measures":{"value":0}}
{"ts":1669476224236298035,"type":"point","name":"exType:baseline/permutationIndex:0/run:17/dialer:center/eavesCount:0/latencyMS:100/seq:8/fileSize:153600/nodeType:Passive/nodeTypeIndex:5/meta:msgs_rcvd","measures":{"value":95}}
{"ts":1669476224236418199,"type":"point","name":"exType:baseline/permutationIndex:0/run:17/dialer:center/eavesCount:0/latencyMS:100/seq:8/fileSize:153600/nodeType:Passive/nodeTypeIndex:5/meta:data_sent","measures":{"value":0}}
{"ts":1669476224236447267,"type":"point","name":"exType:baseline/permutationIndex:0/run:17/dialer:center/eavesCount:0/latencyMS:100/seq:8/fileSize:153600/nodeType:Passive/nodeTypeIndex:5/meta:data_rcvd","measures":{"value":0}}
{"ts":1669476224236466942,"type":"point","name":"exType:baseline/permutationIndex:0/run:17/dialer:center/eavesCount:0/latencyMS:100/seq:8/fileSize:153600/nodeType:Passive/nodeTypeIndex:5/meta:dup_data_rcvd","measures":{"value":0}}
{"ts":1669476224236488552,"type":"point","name":"exType:baseline/permutationIndex:0/run:17/dialer:center/eavesCount:0/latencyMS:100/seq:8/fileSize:153600/nodeType:Passive/nodeTypeIndex:5/meta:blks_sent","measures":{"value":0}}
{"ts":1669476224236508596,"type":"point","name":"exType:baseline/permutationIndex:0/run:17/dialer:center/eavesCount:0/latencyMS:100/seq:8/fileSize:153600/nodeType:Passive/nodeTypeIndex:5/meta:blks_rcvd","measures":{"value":0}}
{"ts":1669476224236527270,"type":"point","name":"exType:baseline/permutationIndex:0/run:17/dialer:center/eavesCount:0/latencyMS:100/seq:8/fileSize:153600/nodeType:Passive/nodeTypeIndex:5/meta:dup_blks_rcvd","measures":{"value":0}}
{"ts":1669476227155621346,"type":"point","name":"exType:baseline/permutationIndex:0/run:18/dialer:center/eavesCount:0/latencyMS:100/seq:8/fileSize:153600/nodeType:Passive/nodeTypeIndex:5/meta:msgs_rcvd","measures":{"value":37}}
{"ts":1669476227155639941,"type":"point","name":"exType:baseline/permutationIndex:0/run:18/dialer:center/eavesCount:0/latencyMS:100/seq:8/fileSize:153600/nodeType:Passive/nodeTypeIndex:5/meta:data_sent","measures":{"value":0}}
{"ts":1669476227155645510,"type":"point","name":"exType:baseline/permutationIndex:0/run:18/dialer:center/eavesCount:0/latencyMS:100/seq:8/fileSize:153600/nodeType:Passive/nodeTypeIndex:5/meta:data_rcvd","measures":{"value":0}}
{"ts":1669476227155649008,"type":"point","name":"exType:baseline/permutationIndex:0/run:18/dialer:center/eavesCount:0/latencyMS:100/seq:8/fileSize:153600/nodeType:Passive/nodeTypeIndex:5/meta:dup_data_rcvd","measures":{"value":0}}
{"ts":1669476227155652054,"type":"point","name":"exType:baseline/permutationIndex:0/run:18/dialer:center/eavesCount:0/latencyMS:100/seq:8/fileSize:153600/nodeType:Passive/nodeTypeIndex:5/meta:blks_sent","measures":{"value":0}}
{"ts":1669476227155655158,"type":"point","name":"exType:baseline/permutationIndex:0/run:18/dialer:center/eavesCount:0/latencyMS:100/seq:8/fileSize:153600/nodeType:Passive/nodeTypeIndex:5/meta:blks_rcvd","measures":{"value":0}}
{"ts":1669476227155657954,"type":"point","name":"exType:baseline/permutationIndex:0/run:18/dialer:center/eavesCount:0/latencyMS:100/seq:8/fileSize:153600/nodeType:Passive/nodeTypeIndex:5/meta:dup_blks_rcvd","measures":{"value":0}}
{"ts":1669476232065933864,"type":"point","name":"exType:baseline/permutationIndex:0/run:19/dialer:center/eavesCount:0/latencyMS:100/seq:8/fileSize:153600/nodeType:Passive/nodeTypeIndex:5/meta:msgs_rcvd","measures":{"value":41}}
{"ts":1669476232065952619,"type":"point","name":"exType:baseline/permutationIndex:0/run:19/dialer:center/eavesCount:0/latencyMS:100/seq:8/fileSize:153600/nodeType:Passive/nodeTypeIndex:5/meta:data_sent","measures":{"value":0}}
{"ts":1669476232065955952,"type":"point","name":"exType:baseline/permutationIndex:0/run:19/dialer:center/eavesCount:0/latencyMS:100/seq:8/fileSize:153600/nodeType:Passive/nodeTypeIndex:5/meta:data_rcvd","measures":{"value":0}}
{"ts":1669476232065958555,"type":"point","name":"exType:baseline/permutationIndex:0/run:19/dialer:center/eavesCount:0/latencyMS:100/seq:8/fileSize:153600/nodeType:Passive/nodeTypeIndex:5/meta:dup_data_rcvd","measures":{"value":0}}
{"ts":1669476232065960809,"type":"point","name":"exType:baseline/permutationIndex:0/run:19/dialer:center/eavesCount:0/latencyMS:100/seq:8/fileSize:153600/nodeType:Passive/nodeTypeIndex:5/meta:blks_sent","measures":{"value":0}}
{"ts":1669476232065963334,"type":"point","name":"exType:baseline/permutationIndex:0/run:19/dialer:center/eavesCount:0/latencyMS:100/seq:8/fileSize:153600/nodeType:Passive/nodeTypeIndex:5/meta:blks_rcvd","measures":{"value":0}}
{"ts":1669476232065965957,"type":"point","name":"exType:baseline/permutationIndex:0/run:19/dialer:center/eavesCount:0/latencyMS:100/seq:8/fileSize:153600/nodeType:Passive/nodeTypeIndex:5/meta:dup_blks_rcvd","measures":{"value":0}}
{"ts":1669476235879114529,"type":"point","name":"exType:baseline/permutationIndex:0/run:20/dialer:center/eavesCount:0/latencyMS:100/seq:8/fileSize:153600/nodeType:Passive/nodeTypeIndex:5/meta:msgs_rcvd","measures":{"value":248}}
{"ts":1669476235879239453,"type":"point","name":"exType:baseline/permutationIndex:0/run:20/dialer:center/eavesCount:0/latencyMS:100/seq:8/fileSize:153600/nodeType:Passive/nodeTypeIndex:5/meta:data_sent","measures":{"value":0}}
{"ts":1669476235879268187,"type":"point","name":"exType:baseline/permutationIndex:0/run:20/dialer:center/eavesCount:0/latencyMS:100/seq:8/fileSize:153600/nodeType:Passive/nodeTypeIndex:5/meta:data_rcvd","measures":{"value":0}}
{"ts":1669476235879289793,"type":"point","name":"exType:baseline/permutationIndex:0/run:20/dialer:center/eavesCount:0/latencyMS:100/seq:8/fileSize:153600/nodeType:Passive/nodeTypeIndex:5/meta:dup_data_rcvd","measures":{"value":0}}
{"ts":1669476235879309110,"type":"point","name":"exType:baseline/permutationIndex:0/run:20/dialer:center/eavesCount:0/latencyMS:100/seq:8/fileSize:153600/nodeType:Passive/nodeTypeIndex:5/meta:blks_sent","measures":{"value":0}}
{"ts":1669476235879328522,"type":"point","name":"exType:baseline/permutationIndex:0/run:20/dialer:center/eavesCount:0/latencyMS:100/seq:8/fileSize:153600/nodeType:Passive/nodeTypeIndex:5/meta:blks_rcvd","measures":{"value":0}}
{"ts":1669476235879346710,"type":"point","name":"exType:baseline/permutationIndex:0/run:20/dialer:center/eavesCount:0/latencyMS:100/seq:8/fileSize:153600/nodeType:Passive/nodeTypeIndex:5/meta:dup_blks_rcvd","measures":{"value":0}}
{"ts":1669476238763433082,"type":"point","name":"exType:baseline/permutationIndex:0/run:21/dialer:center/eavesCount:0/latencyMS:100/seq:8/fileSize:153600/nodeType:Passive/nodeTypeIndex:5/meta:msgs_rcvd","measures":{"value":11}}
{"ts":1669476238763466544,"type":"point","name":"exType:baseline/permutationIndex:0/run:21/dialer:center/eavesCount:0/latencyMS:100/seq:8/fileSize:153600/nodeType:Passive/nodeTypeIndex:5/meta:data_sent","measures":{"value":0}}
{"ts":1669476238763475522,"type":"point","name":"exType:baseline/permutationIndex:0/run:21/dialer:center/eavesCount:0/latencyMS:100/seq:8/fileSize:153600/nodeType:Passive/nodeTypeIndex:5/meta:data_rcvd","measures":{"value":0}}
{"ts":1669476238763480868,"type":"point","name":"exType:baseline/permutationIndex:0/run:21/dialer:center/eavesCount:0/latencyMS:100/seq:8/fileSize:153600/nodeType:Passive/nodeTypeIndex:5/meta:dup_data_rcvd","measures":{"value":0}}
{"ts":1669476238763495552,"type":"point","name":"exType:baseline/permutationIndex:0/run:21/dialer:center/eavesCount:0/latencyMS:100/seq:8/fileSize:153600/nodeType:Passive/nodeTypeIndex:5/meta:blks_sent","measures":{"value":0}}
{"ts":1669476238763501387,"type":"point","name":"exType:baseline/permutationIndex:0/run:21/dialer:center/eavesCount:0/latencyMS:100/seq:8/fileSize:153600/nodeType:Passive/nodeTypeIndex:5/meta:blks_rcvd","measures":{"value":0}}
{"ts":1669476238763506463,"type":"point","name":"exType:baseline/permutationIndex:0/run:21/dialer:center/eavesCount:0/latencyMS:100/seq:8/fileSize:153600/nodeType:Passive/nodeTypeIndex:5/meta:dup_blks_rcvd","measures":{"value":0}}
{"ts":1669476241670332302,"type":"point","name":"exType:baseline/permutationIndex:0/run:22/dialer:center/eavesCount:0/latencyMS:100/seq:8/fileSize:153600/nodeType:Passive/nodeTypeIndex:5/meta:msgs_rcvd","measures":{"value":82}}
{"ts":1669476241670353048,"type":"point","name":"exType:baseline/permutationIndex:0/run:22/dialer:center/eavesCount:0/latencyMS:100/seq:8/fileSize:153600/nodeType:Passive/nodeTypeIndex:5/meta:data_sent","measures":{"value":0}}
{"ts":1669476241670356462,"type":"point","name":"exType:baseline/permutationIndex:0/run:22/dialer:center/eavesCount:0/latencyMS:100/seq:8/fileSize:153600/nodeType:Passive/nodeTypeIndex:5/meta:data_rcvd","measures":{"value":0}}
{"ts":1669476241670358818,"type":"point","name":"exType:baseline/permutationIndex:0/run:22/dialer:center/eavesCount:0/latencyMS:100/seq:8/fileSize:153600/nodeType:Passive/nodeTypeIndex:5/meta:dup_data_rcvd","measures":{"value":0}}
{"ts":1669476241670361564,"type":"point","name":"exType:baseline/permutationIndex:0/run:22/dialer:center/eavesCount:0/latencyMS:100/seq:8/fileSize:153600/nodeType:Passive/nodeTypeIndex:5/meta:blks_sent","measures":{"value":0}}
{"ts":1669476241670363767,"type":"point","name":"exType:baseline/permutationIndex:0/run:22/dialer:center/eavesCount:0/latencyMS:100/seq:8/fileSize:153600/nodeType:Passive/nodeTypeIndex:5/meta:blks_rcvd","measures":{"value":0}}
{"ts":1669476241670366097,"type":"point","name":"exType:baseline/permutationIndex:0/run:22/dialer:center/eavesCount:0/latencyMS:100/seq:8/fileSize:153600/nodeType:Passive/nodeTypeIndex:5/meta:dup_blks_rcvd","measures":{"value":0}}
{"ts":1669476244381666939,"type":"point","name":"exType:baseline/permutationIndex:0/run:23/dialer:center/eavesCount:0/latencyMS:100/seq:8/fileSize:153600/nodeType:Passive/nodeTypeIndex:5/meta:msgs_rcvd","measures":{"value":128}}
{"ts":1669476244381767644,"type":"point","name":"exType:baseline/permutationIndex:0/run:23/dialer:center/eavesCount:0/latencyMS:100/seq:8/fileSize:153600/nodeType:Passive/nodeTypeIndex:5/meta:data_sent","measures":{"value":0}}
{"ts":1669476244381805136,"type":"point","name":"exType:baseline/permutationIndex:0/run:23/dialer:center/eavesCount:0/latencyMS:100/seq:8/fileSize:153600/nodeType:Passive/nodeTypeIndex:5/meta:data_rcvd","measures":{"value":0}}
{"ts":1669476244381829385,"type":"point","name":"exType:baseline/permutationIndex:0/run:23/dialer:center/eavesCount:0/latencyMS:100/seq:8/fileSize:153600/nodeType:Passive/nodeTypeIndex:5/meta:dup_data_rcvd","measures":{"value":0}}
{"ts":1669476244381848214,"type":"point","name":"exType:baseline/permutationIndex:0/run:23/dialer:center/eavesCount:0/latencyMS:100/seq:8/fileSize:153600/nodeType:Passive/nodeTypeIndex:5/meta:blks_sent","measures":{"value":0}}
{"ts":1669476244381875779,"type":"point","name":"exType:baseline/permutationIndex:0/run:23/dialer:center/eavesCount:0/latencyMS:100/seq:8/fileSize:153600/nodeType:Passive/nodeTypeIndex:5/meta:blks_rcvd","measures":{"value":0}}
{"ts":1669476244381894001,"type":"point","name":"exType:baseline/permutationIndex:0/run:23/dialer:center/eavesCount:0/latencyMS:100/seq:8/fileSize:153600/nodeType:Passive/nodeTypeIndex:5/meta:dup_blks_rcvd","measures":{"value":0}}
{"ts":1669476247292300999,"type":"point","name":"exType:baseline/permutationIndex:0/run:24/dialer:center/eavesCount:0/latencyMS:100/seq:8/fileSize:153600/nodeType:Passive/nodeTypeIndex:5/meta:msgs_rcvd","measures":{"value":80}}
{"ts":1669476247292337526,"type":"point","name":"exType:baseline/permutationIndex:0/run:24/dialer:center/eavesCount:0/latencyMS:100/seq:8/fileSize:153600/nodeType:Passive/nodeTypeIndex:5/meta:data_sent","measures":{"value":0}}
{"ts":1669476247292342051,"type":"point","name":"exType:baseline/permutationIndex:0/run:24/dialer:center/eavesCount:0/latencyMS:100/seq:8/fileSize:153600/nodeType:Passive/nodeTypeIndex:5/meta:data_rcvd","measures":{"value":0}}
{"ts":1669476247292345039,"type":"point","name":"exType:baseline/permutationIndex:0/run:24/dialer:center/eavesCount:0/latencyMS:100/seq:8/fileSize:153600/nodeType:Passive/nodeTypeIndex:5/meta:dup_data_rcvd","measures":{"value":0}}
{"ts":1669476247292349131,"type":"point","name":"exType:baseline/permutationIndex:0/run:24/dialer:center/eavesCount:0/latencyMS:100/seq:8/fileSize:153600/nodeType:Passive/nodeTypeIndex:5/meta:blks_sent","measures":{"value":0}}
{"ts":1669476247292351733,"type":"point","name":"exType:baseline/permutationIndex:0/run:24/dialer:center/eavesCount:0/latencyMS:100/seq:8/fileSize:153600/nodeType:Passive/nodeTypeIndex:5/meta:blks_rcvd","measures":{"value":0}}
{"ts":1669476247292354574,"type":"point","name":"exType:baseline/permutationIndex:0/run:24/dialer:center/eavesCount:0/latencyMS:100/seq:8/fileSize:153600/nodeType:Passive/nodeTypeIndex:5/meta:dup_blks_rcvd","measures":{"value":0}}
{"ts":1669476250166568073,"type":"point","name":"exType:baseline/permutationIndex:0/run:25/dialer:center/eavesCount:0/latencyMS:100/seq:8/fileSize:153600/nodeType:Passive/nodeTypeIndex:5/meta:msgs_rcvd","measures":{"value":47}}
{"ts":1669476250166708397,"type":"point","name":"exType:baseline/permutationIndex:0/run:25/dialer:center/eavesCount:0/latencyMS:100/seq:8/fileSize:153600/nodeType:Passive/nodeTypeIndex:5/meta:data_sent","measures":{"value":0}}
{"ts":1669476250166739656,"type":"point","name":"exType:baseline/permutationIndex:0/run:25/dialer:center/eavesCount:0/latencyMS:100/seq:8/fileSize:153600/nodeType:Passive/nodeTypeIndex:5/meta:data_rcvd","measures":{"value":0}}
{"ts":1669476250166761432,"type":"point","name":"exType:baseline/permutationIndex:0/run:25/dialer:center/eavesCount:0/latencyMS:100/seq:8/fileSize:153600/nodeType:Passive/nodeTypeIndex:5/meta:dup_data_rcvd","measures":{"value":0}}
{"ts":1669476250166781693,"type":"point","name":"exType:baseline/permutationIndex:0/run:25/dialer:center/eavesCount:0/latencyMS:100/seq:8/fileSize:153600/nodeType:Passive/nodeTypeIndex:5/meta:blks_sent","measures":{"value":0}}
{"ts":1669476250166802005,"type":"point","name":"exType:baseline/permutationIndex:0/run:25/dialer:center/eavesCount:0/latencyMS:100/seq:8/fileSize:153600/nodeType:Passive/nodeTypeIndex:5/meta:blks_rcvd","measures":{"value":0}}
{"ts":1669476250166823351,"type":"point","name":"exType:baseline/permutationIndex:0/run:25/dialer:center/eavesCount:0/latencyMS:100/seq:8/fileSize:153600/nodeType:Passive/nodeTypeIndex:5/meta:dup_blks_rcvd","measures":{"value":0}}
{"ts":1669476252885152692,"type":"point","name":"exType:baseline/permutationIndex:0/run:26/dialer:center/eavesCount:0/latencyMS:100/seq:8/fileSize:153600/nodeType:Passive/nodeTypeIndex:5/meta:msgs_rcvd","measures":{"value":33}}
{"ts":1669476252885223955,"type":"point","name":"exType:baseline/permutationIndex:0/run:26/dialer:center/eavesCount:0/latencyMS:100/seq:8/fileSize:153600/nodeType:Passive/nodeTypeIndex:5/meta:data_sent","measures":{"value":0}}
{"ts":1669476252885239594,"type":"point","name":"exType:baseline/permutationIndex:0/run:26/dialer:center/eavesCount:0/latencyMS:100/seq:8/fileSize:153600/nodeType:Passive/nodeTypeIndex:5/meta:data_rcvd","measures":{"value":0}}
{"ts":1669476252885251173,"type":"point","name":"exType:baseline/permutationIndex:0/run:26/dialer:center/eavesCount:0/latencyMS:100/seq:8/fileSize:153600/nodeType:Passive/nodeTypeIndex:5/meta:dup_data_rcvd","measures":{"value":0}}
{"ts":1669476252885263411,"type":"point","name":"exType:baseline/permutationIndex:0/run:26/dialer:center/eavesCount:0/latencyMS:100/seq:8/fileSize:153600/nodeType:Passive/nodeTypeIndex:5/meta:blks_sent","measures":{"value":0}}
{"ts":1669476252885289534,"type":"point","name":"exType:baseline/permutationIndex:0/run:26/dialer:center/eavesCount:0/latencyMS:100/seq:8/fileSize:153600/nodeType:Passive/nodeTypeIndex:5/meta:blks_rcvd","measures":{"value":0}}
{"ts":1669476252885301498,"type":"point","name":"exType:baseline/permutationIndex:0/run:26/dialer:center/eavesCount:0/latencyMS:100/seq:8/fileSize:153600/nodeType:Passive/nodeTypeIndex:5/meta:dup_blks_rcvd","measures":{"value":0}}
{"ts":1669476256096655289,"type":"point","name":"exType:baseline/permutationIndex:0/run:27/dialer:center/eavesCount:0/latencyMS:100/seq:8/fileSize:153600/nodeType:Passive/nodeTypeIndex:5/meta:msgs_rcvd","measures":{"value":36}}
{"ts":1669476256096760931,"type":"point","name":"exType:baseline/permutationIndex:0/run:27/dialer:center/eavesCount:0/latencyMS:100/seq:8/fileSize:153600/nodeType:Passive/nodeTypeIndex:5/meta:data_sent","measures":{"value":0}}
{"ts":1669476256096794035,"type":"point","name":"exType:baseline/permutationIndex:0/run:27/dialer:center/eavesCount:0/latencyMS:100/seq:8/fileSize:153600/nodeType:Passive/nodeTypeIndex:5/meta:data_rcvd","measures":{"value":0}}
{"ts":1669476256096815292,"type":"point","name":"exType:baseline/permutationIndex:0/run:27/dialer:center/eavesCount:0/latencyMS:100/seq:8/fileSize:153600/nodeType:Passive/nodeTypeIndex:5/meta:dup_data_rcvd","measures":{"value":0}}
{"ts":1669476256096832911,"type":"point","name":"exType:baseline/permutationIndex:0/run:27/dialer:center/eavesCount:0/latencyMS:100/seq:8/fileSize:153600/nodeType:Passive/nodeTypeIndex:5/meta:blks_sent","measures":{"value":0}}
{"ts":1669476256096849663,"type":"point","name":"exType:baseline/permutationIndex:0/run:27/dialer:center/eavesCount:0/latencyMS:100/seq:8/fileSize:153600/nodeType:Passive/nodeTypeIndex:5/meta:blks_rcvd","measures":{"value":0}}
{"ts":1669476256096870748,"type":"point","name":"exType:baseline/permutationIndex:0/run:27/dialer:center/eavesCount:0/latencyMS:100/seq:8/fileSize:153600/nodeType:Passive/nodeTypeIndex:5/meta:dup_blks_rcvd","measures":{"value":0}}
{"ts":1669476258988464009,"type":"point","name":"exType:baseline/permutationIndex:0/run:28/dialer:center/eavesCount:0/latencyMS:100/seq:8/fileSize:153600/nodeType:Passive/nodeTypeIndex:5/meta:msgs_rcvd","measures":{"value":35}}
{"ts":1669476258988587058,"type":"point","name":"exType:baseline/permutationIndex:0/run:28/dialer:center/eavesCount:0/latencyMS:100/seq:8/fileSize:153600/nodeType:Passive/nodeTypeIndex:5/meta:data_sent","measures":{"value":0}}
{"ts":1669476258988620704,"type":"point","name":"exType:baseline/permutationIndex:0/run:28/dialer:center/eavesCount:0/latencyMS:100/seq:8/fileSize:153600/nodeType:Passive/nodeTypeIndex:5/meta:data_rcvd","measures":{"value":0}}
{"ts":1669476258988642788,"type":"point","name":"exType:baseline/permutationIndex:0/run:28/dialer:center/eavesCount:0/latencyMS:100/seq:8/fileSize:153600/nodeType:Passive/nodeTypeIndex:5/meta:dup_data_rcvd","measures":{"value":0}}
{"ts":1669476258988665019,"type":"point","name":"exType:baseline/permutationIndex:0/run:28/dialer:center/eavesCount:0/latencyMS:100/seq:8/fileSize:153600/nodeType:Passive/nodeTypeIndex:5/meta:blks_sent","measures":{"value":0}}
{"ts":1669476258988684629,"type":"point","name":"exType:baseline/permutationIndex:0/run:28/dialer:center/eavesCount:0/latencyMS:100/seq:8/fileSize:153600/nodeType:Passive/nodeTypeIndex:5/meta:blks_rcvd","measures":{"value":0}}
{"ts":1669476258988704382,"type":"point","name":"exType:baseline/permutationIndex:0/run:28/dialer:center/eavesCount:0/latencyMS:100/seq:8/fileSize:153600/nodeType:Passive/nodeTypeIndex:5/meta:dup_blks_rcvd","measures":{"value":0}}
{"ts":1669476262439065269,"type":"point","name":"exType:baseline/permutationIndex:0/run:29/dialer:center/eavesCount:0/latencyMS:100/seq:8/fileSize:153600/nodeType:Passive/nodeTypeIndex:5/meta:msgs_rcvd","measures":{"value":52}}
{"ts":1669476262439088131,"type":"point","name":"exType:baseline/permutationIndex:0/run:29/dialer:center/eavesCount:0/latencyMS:100/seq:8/fileSize:153600/nodeType:Passive/nodeTypeIndex:5/meta:data_sent","measures":{"value":0}}
{"ts":1669476262439099586,"type":"point","name":"exType:baseline/permutationIndex:0/run:29/dialer:center/eavesCount:0/latencyMS:100/seq:8/fileSize:153600/nodeType:Passive/nodeTypeIndex:5/meta:data_rcvd","measures":{"value":0}}
{"ts":1669476262439102159,"type":"point","name":"exType:baseline/permutationIndex:0/run:29/dialer:center/eavesCount:0/latencyMS:100/seq:8/fileSize:153600/nodeType:Passive/nodeTypeIndex:5/meta:dup_data_rcvd","measures":{"value":0}}
{"ts":1669476262439104572,"type":"point","name":"exType:baseline/permutationIndex:0/run:29/dialer:center/eavesCount:0/latencyMS:100/seq:8/fileSize:153600/nodeType:Passive/nodeTypeIndex:5/meta:blks_sent","measures":{"value":0}}
{"ts":1669476262439106898,"type":"point","name":"exType:baseline/permutationIndex:0/run:29/dialer:center/eavesCount:0/latencyMS:100/seq:8/fileSize:153600/nodeType:Passive/nodeTypeIndex:5/meta:blks_rcvd","measures":{"value":0}}
{"ts":1669476262439109092,"type":"point","name":"exType:baseline/permutationIndex:0/run:29/dialer:center/eavesCount:0/latencyMS:100/seq:8/fileSize:153600/nodeType:Passive/nodeTypeIndex:5/meta:dup_blks_rcvd","measures":{"value":0}}
{"ts":1669476265313862077,"type":"point","name":"exType:baseline/permutationIndex:0/run:30/dialer:center/eavesCount:0/latencyMS:100/seq:8/fileSize:153600/nodeType:Passive/nodeTypeIndex:5/meta:msgs_rcvd","measures":{"value":128}}
{"ts":1669476265313956792,"type":"point","name":"exType:baseline/permutationIndex:0/run:30/dialer:center/eavesCount:0/latencyMS:100/seq:8/fileSize:153600/nodeType:Passive/nodeTypeIndex:5/meta:data_sent","measures":{"value":0}}
{"ts":1669476265313981920,"type":"point","name":"exType:baseline/permutationIndex:0/run:30/dialer:center/eavesCount:0/latencyMS:100/seq:8/fileSize:153600/nodeType:Passive/nodeTypeIndex:5/meta:data_rcvd","measures":{"value":0}}
{"ts":1669476265314001031,"type":"point","name":"exType:baseline/permutationIndex:0/run:30/dialer:center/eavesCount:0/latencyMS:100/seq:8/fileSize:153600/nodeType:Passive/nodeTypeIndex:5/meta:dup_data_rcvd","measures":{"value":0}}
{"ts":1669476265314022828,"type":"point","name":"exType:baseline/permutationIndex:0/run:30/dialer:center/eavesCount:0/latencyMS:100/seq:8/fileSize:153600/nodeType:Passive/nodeTypeIndex:5/meta:blks_sent","measures":{"value":0}}
{"ts":1669476265314042891,"type":"point","name":"exType:baseline/permutationIndex:0/run:30/dialer:center/eavesCount:0/latencyMS:100/seq:8/fileSize:153600/nodeType:Passive/nodeTypeIndex:5/meta:blks_rcvd","measures":{"value":0}}
{"ts":1669476265314062352,"type":"point","name":"exType:baseline/permutationIndex:0/run:30/dialer:center/eavesCount:0/latencyMS:100/seq:8/fileSize:153600/nodeType:Passive/nodeTypeIndex:5/meta:dup_blks_rcvd","measures":{"value":0}}
{"ts":1669476267919674575,"type":"point","name":"exType:baseline/permutationIndex:0/run:31/dialer:center/eavesCount:0/latencyMS:100/seq:8/fileSize:153600/nodeType:Passive/nodeTypeIndex:5/meta:msgs_rcvd","measures":{"value":24}}
{"ts":1669476267919708598,"type":"point","name":"exType:baseline/permutationIndex:0/run:31/dialer:center/eavesCount:0/latencyMS:100/seq:8/fileSize:153600/nodeType:Passive/nodeTypeIndex:5/meta:data_sent","measures":{"value":0}}
{"ts":1669476267919713908,"type":"point","name":"exType:baseline/permutationIndex:0/run:31/dialer:center/eavesCount:0/latencyMS:100/seq:8/fileSize:153600/nodeType:Passive/nodeTypeIndex:5/meta:data_rcvd","measures":{"value":0}}
{"ts":1669476267919716832,"type":"point","name":"exType:baseline/permutationIndex:0/run:31/dialer:center/eavesCount:0/latencyMS:100/seq:8/fileSize:153600/nodeType:Passive/nodeTypeIndex:5/meta:dup_data_rcvd","measures":{"value":0}}
{"ts":1669476267919719933,"type":"point","name":"exType:baseline/permutationIndex:0/run:31/dialer:center/eavesCount:0/latencyMS:100/seq:8/fileSize:153600/nodeType:Passive/nodeTypeIndex:5/meta:blks_sent","measures":{"value":0}}
{"ts":1669476267919722674,"type":"point","name":"exType:baseline/permutationIndex:0/run:31/dialer:center/eavesCount:0/latencyMS:100/seq:8/fileSize:153600/nodeType:Passive/nodeTypeIndex:5/meta:blks_rcvd","measures":{"value":0}}
{"ts":1669476267919732249,"type":"point","name":"exType:baseline/permutationIndex:0/run:31/dialer:center/eavesCount:0/latencyMS:100/seq:8/fileSize:153600/nodeType:Passive/nodeTypeIndex:5/meta:dup_blks_rcvd","measures":{"value":0}}
{"ts":1669476270636229985,"type":"point","name":"exType:baseline/permutationIndex:0/run:32/dialer:center/eavesCount:0/latencyMS:100/seq:8/fileSize:153600/nodeType:Passive/nodeTypeIndex:5/meta:msgs_rcvd","measures":{"value":31}}
{"ts":1669476270636332635,"type":"point","name":"exType:baseline/permutationIndex:0/run:32/dialer:center/eavesCount:0/latencyMS:100/seq:8/fileSize:153600/nodeType:Passive/nodeTypeIndex:5/meta:data_sent","measures":{"value":0}}
{"ts":1669476270636365508,"type":"point","name":"exType:baseline/permutationIndex:0/run:32/dialer:center/eavesCount:0/latencyMS:100/seq:8/fileSize:153600/nodeType:Passive/nodeTypeIndex:5/meta:data_rcvd","measures":{"value":0}}
{"ts":1669476270636385951,"type":"point","name":"exType:baseline/permutationIndex:0/run:32/dialer:center/eavesCount:0/latencyMS:100/seq:8/fileSize:153600/nodeType:Passive/nodeTypeIndex:5/meta:dup_data_rcvd","measures":{"value":0}}
{"ts":1669476270636405761,"type":"point","name":"exType:baseline/permutationIndex:0/run:32/dialer:center/eavesCount:0/latencyMS:100/seq:8/fileSize:153600/nodeType:Passive/nodeTypeIndex:5/meta:blks_sent","measures":{"value":0}}
{"ts":1669476270636424368,"type":"point","name":"exType:baseline/permutationIndex:0/run:32/dialer:center/eavesCount:0/latencyMS:100/seq:8/fileSize:153600/nodeType:Passive/nodeTypeIndex:5/meta:blks_rcvd","measures":{"value":0}}
{"ts":1669476270636443465,"type":"point","name":"exType:baseline/permutationIndex:0/run:32/dialer:center/eavesCount:0/latencyMS:100/seq:8/fileSize:153600/nodeType:Passive/nodeTypeIndex:5/meta:dup_blks_rcvd","measures":{"value":0}}
{"ts":1669476273531247150,"type":"point","name":"exType:baseline/permutationIndex:0/run:33/dialer:center/eavesCount:0/latencyMS:100/seq:8/fileSize:153600/nodeType:Passive/nodeTypeIndex:5/meta:msgs_rcvd","measures":{"value":41}}
{"ts":1669476273531267908,"type":"point","name":"exType:baseline/permutationIndex:0/run:33/dialer:center/eavesCount:0/latencyMS:100/seq:8/fileSize:153600/nodeType:Passive/nodeTypeIndex:5/meta:data_sent","measures":{"value":0}}
{"ts":1669476273531271294,"type":"point","name":"exType:baseline/permutationIndex:0/run:33/dialer:center/eavesCount:0/latencyMS:100/seq:8/fileSize:153600/nodeType:Passive/nodeTypeIndex:5/meta:data_rcvd","measures":{"value":0}}
{"ts":1669476273531273585,"type":"point","name":"exType:baseline/permutationIndex:0/run:33/dialer:center/eavesCount:0/latencyMS:100/seq:8/fileSize:153600/nodeType:Passive/nodeTypeIndex:5/meta:dup_data_rcvd","measures":{"value":0}}
{"ts":1669476273531275945,"type":"point","name":"exType:baseline/permutationIndex:0/run:33/dialer:center/eavesCount:0/latencyMS:100/seq:8/fileSize:153600/nodeType:Passive/nodeTypeIndex:5/meta:blks_sent","measures":{"value":0}}
{"ts":1669476273531278382,"type":"point","name":"exType:baseline/permutationIndex:0/run:33/dialer:center/eavesCount:0/latencyMS:100/seq:8/fileSize:153600/nodeType:Passive/nodeTypeIndex:5/meta:blks_rcvd","measures":{"value":0}}
{"ts":1669476273531280640,"type":"point","name":"exType:baseline/permutationIndex:0/run:33/dialer:center/eavesCount:0/latencyMS:100/seq:8/fileSize:153600/nodeType:Passive/nodeTypeIndex:5/meta:dup_blks_rcvd","measures":{"value":0}}
{"ts":1669476276428139528,"type":"point","name":"exType:baseline/permutationIndex:0/run:34/dialer:center/eavesCount:0/latencyMS:100/seq:8/fileSize:153600/nodeType:Passive/nodeTypeIndex:5/meta:msgs_rcvd","measures":{"value":44}}
{"ts":1669476276428232288,"type":"point","name":"exType:baseline/permutationIndex:0/run:34/dialer:center/eavesCount:0/latencyMS:100/seq:8/fileSize:153600/nodeType:Passive/nodeTypeIndex:5/meta:data_sent","measures":{"value":0}}
{"ts":1669476276428260895,"type":"point","name":"exType:baseline/permutationIndex:0/run:34/dialer:center/eavesCount:0/latencyMS:100/seq:8/fileSize:153600/nodeType:Passive/nodeTypeIndex:5/meta:data_rcvd","measures":{"value":0}}
{"ts":1669476276428316562,"type":"point","name":"exType:baseline/permutationIndex:0/run:34/dialer:center/eavesCount:0/latencyMS:100/seq:8/fileSize:153600/nodeType:Passive/nodeTypeIndex:5/meta:dup_data_rcvd","measures":{"value":0}}
{"ts":1669476276428338988,"type":"point","name":"exType:baseline/permutationIndex:0/run:34/dialer:center/eavesCount:0/latencyMS:100/seq:8/fileSize:153600/nodeType:Passive/nodeTypeIndex:5/meta:blks_sent","measures":{"value":0}}
{"ts":1669476276428358324,"type":"point","name":"exType:baseline/permutationIndex:0/run:34/dialer:center/eavesCount:0/latencyMS:100/seq:8/fileSize:153600/nodeType:Passive/nodeTypeIndex:5/meta:blks_rcvd","measures":{"value":0}}
{"ts":1669476276428378147,"type":"point","name":"exType:baseline/permutationIndex:0/run:34/dialer:center/eavesCount:0/latencyMS:100/seq:8/fileSize:153600/nodeType:Passive/nodeTypeIndex:5/meta:dup_blks_rcvd","measures":{"value":0}}
{"ts":1669476279293160953,"type":"point","name":"exType:baseline/permutationIndex:0/run:35/dialer:center/eavesCount:0/latencyMS:100/seq:8/fileSize:153600/nodeType:Passive/nodeTypeIndex:5/meta:msgs_rcvd","measures":{"value":86}}
{"ts":1669476279293283477,"type":"point","name":"exType:baseline/permutationIndex:0/run:35/dialer:center/eavesCount:0/latencyMS:100/seq:8/fileSize:153600/nodeType:Passive/nodeTypeIndex:5/meta:data_sent","measures":{"value":0}}
{"ts":1669476279293315560,"type":"point","name":"exType:baseline/permutationIndex:0/run:35/dialer:center/eavesCount:0/latencyMS:100/seq:8/fileSize:153600/nodeType:Passive/nodeTypeIndex:5/meta:data_rcvd","measures":{"value":0}}
{"ts":1669476279293338604,"type":"point","name":"exType:baseline/permutationIndex:0/run:35/dialer:center/eavesCount:0/latencyMS:100/seq:8/fileSize:153600/nodeType:Passive/nodeTypeIndex:5/meta:dup_data_rcvd","measures":{"value":0}}
{"ts":1669476279293359850,"type":"point","name":"exType:baseline/permutationIndex:0/run:35/dialer:center/eavesCount:0/latencyMS:100/seq:8/fileSize:153600/nodeType:Passive/nodeTypeIndex:5/meta:blks_sent","measures":{"value":0}}
{"ts":1669476279293380319,"type":"point","name":"exType:baseline/permutationIndex:0/run:35/dialer:center/eavesCount:0/latencyMS:100/seq:8/fileSize:153600/nodeType:Passive/nodeTypeIndex:5/meta:blks_rcvd","measures":{"value":0}}
{"ts":1669476279293400666,"type":"point","name":"exType:baseline/permutationIndex:0/run:35/dialer:center/eavesCount:0/latencyMS:100/seq:8/fileSize:153600/nodeType:Passive/nodeTypeIndex:5/meta:dup_blks_rcvd","measures":{"value":0}}
{"ts":1669476281963243765,"type":"point","name":"exType:baseline/permutationIndex:0/run:36/dialer:center/eavesCount:0/latencyMS:100/seq:8/fileSize:153600/nodeType:Passive/nodeTypeIndex:5/meta:msgs_rcvd","measures":{"value":45}}
{"ts":1669476281963294009,"type":"point","name":"exType:baseline/permutationIndex:0/run:36/dialer:center/eavesCount:0/latencyMS:100/seq:8/fileSize:153600/nodeType:Passive/nodeTypeIndex:5/meta:data_sent","measures":{"value":0}}
{"ts":1669476281963309846,"type":"point","name":"exType:baseline/permutationIndex:0/run:36/dialer:center/eavesCount:0/latencyMS:100/seq:8/fileSize:153600/nodeType:Passive/nodeTypeIndex:5/meta:data_rcvd","measures":{"value":0}}
{"ts":1669476281963319831,"type":"point","name":"exType:baseline/permutationIndex:0/run:36/dialer:center/eavesCount:0/latencyMS:100/seq:8/fileSize:153600/nodeType:Passive/nodeTypeIndex:5/meta:dup_data_rcvd","measures":{"value":0}}
{"ts":1669476281963329405,"type":"point","name":"exType:baseline/permutationIndex:0/run:36/dialer:center/eavesCount:0/latencyMS:100/seq:8/fileSize:153600/nodeType:Passive/nodeTypeIndex:5/meta:blks_sent","measures":{"value":0}}
{"ts":1669476281963338588,"type":"point","name":"exType:baseline/permutationIndex:0/run:36/dialer:center/eavesCount:0/latencyMS:100/seq:8/fileSize:153600/nodeType:Passive/nodeTypeIndex:5/meta:blks_rcvd","measures":{"value":0}}
{"ts":1669476281963348162,"type":"point","name":"exType:baseline/permutationIndex:0/run:36/dialer:center/eavesCount:0/latencyMS:100/seq:8/fileSize:153600/nodeType:Passive/nodeTypeIndex:5/meta:dup_blks_rcvd","measures":{"value":0}}
{"ts":1669476285052513470,"type":"point","name":"exType:baseline/permutationIndex:0/run:37/dialer:center/eavesCount:0/latencyMS:100/seq:8/fileSize:153600/nodeType:Passive/nodeTypeIndex:5/meta:msgs_rcvd","measures":{"value":35}}
{"ts":1669476285052655936,"type":"point","name":"exType:baseline/permutationIndex:0/run:37/dialer:center/eavesCount:0/latencyMS:100/seq:8/fileSize:153600/nodeType:Passive/nodeTypeIndex:5/meta:data_sent","measures":{"value":0}}
{"ts":1669476285052691692,"type":"point","name":"exType:baseline/permutationIndex:0/run:37/dialer:center/eavesCount:0/latencyMS:100/seq:8/fileSize:153600/nodeType:Passive/nodeTypeIndex:5/meta:data_rcvd","measures":{"value":0}}
{"ts":1669476285052713584,"type":"point","name":"exType:baseline/permutationIndex:0/run:37/dialer:center/eavesCount:0/latencyMS:100/seq:8/fileSize:153600/nodeType:Passive/nodeTypeIndex:5/meta:dup_data_rcvd","measures":{"value":0}}
{"ts":1669476285052732907,"type":"point","name":"exType:baseline/permutationIndex:0/run:37/dialer:center/eavesCount:0/latencyMS:100/seq:8/fileSize:153600/nodeType:Passive/nodeTypeIndex:5/meta:blks_sent","measures":{"value":0}}
{"ts":1669476285052752301,"type":"point","name":"exType:baseline/permutationIndex:0/run:37/dialer:center/eavesCount:0/latencyMS:100/seq:8/fileSize:153600/nodeType:Passive/nodeTypeIndex:5/meta:blks_rcvd","measures":{"value":0}}
{"ts":1669476285052770395,"type":"point","name":"exType:baseline/permutationIndex:0/run:37/dialer:center/eavesCount:0/latencyMS:100/seq:8/fileSize:153600/nodeType:Passive/nodeTypeIndex:5/meta:dup_blks_rcvd","measures":{"value":0}}
{"ts":1669476287796531549,"type":"point","name":"exType:baseline/permutationIndex:0/run:38/dialer:center/eavesCount:0/latencyMS:100/seq:8/fileSize:153600/nodeType:Passive/nodeTypeIndex:5/meta:msgs_rcvd","measures":{"value":12}}
{"ts":1669476287796678117,"type":"point","name":"exType:baseline/permutationIndex:0/run:38/dialer:center/eavesCount:0/latencyMS:100/seq:8/fileSize:153600/nodeType:Passive/nodeTypeIndex:5/meta:data_sent","measures":{"value":0}}
{"ts":1669476287796717595,"type":"point","name":"exType:baseline/permutationIndex:0/run:38/dialer:center/eavesCount:0/latencyMS:100/seq:8/fileSize:153600/nodeType:Passive/nodeTypeIndex:5/meta:data_rcvd","measures":{"value":0}}
{"ts":1669476287796738196,"type":"point","name":"exType:baseline/permutationIndex:0/run:38/dialer:center/eavesCount:0/latencyMS:100/seq:8/fileSize:153600/nodeType:Passive/nodeTypeIndex:5/meta:dup_data_rcvd","measures":{"value":0}}
{"ts":1669476287796755247,"type":"point","name":"exType:baseline/permutationIndex:0/run:38/dialer:center/eavesCount:0/latencyMS:100/seq:8/fileSize:153600/nodeType:Passive/nodeTypeIndex:5/meta:blks_sent","measures":{"value":0}}
{"ts":1669476287796772492,"type":"point","name":"exType:baseline/permutationIndex:0/run:38/dialer:center/eavesCount:0/latencyMS:100/seq:8/fileSize:153600/nodeType:Passive/nodeTypeIndex:5/meta:blks_rcvd","measures":{"value":0}}
{"ts":1669476287796789609,"type":"point","name":"exType:baseline/permutationIndex:0/run:38/dialer:center/eavesCount:0/latencyMS:100/seq:8/fileSize:153600/nodeType:Passive/nodeTypeIndex:5/meta:dup_blks_rcvd","measures":{"value":0}}
{"ts":1669476290699237773,"type":"point","name":"exType:baseline/permutationIndex:0/run:39/dialer:center/eavesCount:0/latencyMS:100/seq:8/fileSize:153600/nodeType:Passive/nodeTypeIndex:5/meta:msgs_rcvd","measures":{"value":79}}
{"ts":1669476290699256788,"type":"point","name":"exType:baseline/permutationIndex:0/run:39/dialer:center/eavesCount:0/latencyMS:100/seq:8/fileSize:153600/nodeType:Passive/nodeTypeIndex:5/meta:data_sent","measures":{"value":0}}
{"ts":1669476290699260665,"type":"point","name":"exType:baseline/permutationIndex:0/run:39/dialer:center/eavesCount:0/latencyMS:100/seq:8/fileSize:153600/nodeType:Passive/nodeTypeIndex:5/meta:data_rcvd","measures":{"value":0}}
{"ts":1669476290699263427,"type":"point","name":"exType:baseline/permutationIndex:0/run:39/dialer:center/eavesCount:0/latencyMS:100/seq:8/fileSize:153600/nodeType:Passive/nodeTypeIndex:5/meta:dup_data_rcvd","measures":{"value":0}}
{"ts":1669476290699272659,"type":"point","name":"exType:baseline/permutationIndex:0/run:39/dialer:center/eavesCount:0/latencyMS:100/seq:8/fileSize:153600/nodeType:Passive/nodeTypeIndex:5/meta:blks_sent","measures":{"value":0}}
{"ts":1669476290699275395,"type":"point","name":"exType:baseline/permutationIndex:0/run:39/dialer:center/eavesCount:0/latencyMS:100/seq:8/fileSize:153600/nodeType:Passive/nodeTypeIndex:5/meta:blks_rcvd","measures":{"value":0}}
{"ts":1669476290699277837,"type":"point","name":"exType:baseline/permutationIndex:0/run:39/dialer:center/eavesCount:0/latencyMS:100/seq:8/fileSize:153600/nodeType:Passive/nodeTypeIndex:5/meta:dup_blks_rcvd","measures":{"value":0}}
{"ts":1669476293796636239,"type":"point","name":"exType:baseline/permutationIndex:0/run:40/dialer:center/eavesCount:0/latencyMS:100/seq:8/fileSize:153600/nodeType:Passive/nodeTypeIndex:5/meta:msgs_rcvd","measures":{"value":50}}
{"ts":1669476293796716085,"type":"point","name":"exType:baseline/permutationIndex:0/run:40/dialer:center/eavesCount:0/latencyMS:100/seq:8/fileSize:153600/nodeType:Passive/nodeTypeIndex:5/meta:data_sent","measures":{"value":0}}
{"ts":1669476293796746992,"type":"point","name":"exType:baseline/permutationIndex:0/run:40/dialer:center/eavesCount:0/latencyMS:100/seq:8/fileSize:153600/nodeType:Passive/nodeTypeIndex:5/meta:data_rcvd","measures":{"value":0}}
{"ts":1669476293796770001,"type":"point","name":"exType:baseline/permutationIndex:0/run:40/dialer:center/eavesCount:0/latencyMS:100/seq:8/fileSize:153600/nodeType:Passive/nodeTypeIndex:5/meta:dup_data_rcvd","measures":{"value":0}}
{"ts":1669476293796791158,"type":"point","name":"exType:baseline/permutationIndex:0/run:40/dialer:center/eavesCount:0/latencyMS:100/seq:8/fileSize:153600/nodeType:Passive/nodeTypeIndex:5/meta:blks_sent","measures":{"value":0}}
{"ts":1669476293796811703,"type":"point","name":"exType:baseline/permutationIndex:0/run:40/dialer:center/eavesCount:0/latencyMS:100/seq:8/fileSize:153600/nodeType:Passive/nodeTypeIndex:5/meta:blks_rcvd","measures":{"value":0}}
{"ts":1669476293796833592,"type":"point","name":"exType:baseline/permutationIndex:0/run:40/dialer:center/eavesCount:0/latencyMS:100/seq:8/fileSize:153600/nodeType:Passive/nodeTypeIndex:5/meta:dup_blks_rcvd","measures":{"value":0}}
{"ts":1669476296427087692,"type":"point","name":"exType:baseline/permutationIndex:0/run:41/dialer:center/eavesCount:0/latencyMS:100/seq:8/fileSize:153600/nodeType:Passive/nodeTypeIndex:5/meta:msgs_rcvd","measures":{"value":68}}
{"ts":1669476296427118281,"type":"point","name":"exType:baseline/permutationIndex:0/run:41/dialer:center/eavesCount:0/latencyMS:100/seq:8/fileSize:153600/nodeType:Passive/nodeTypeIndex:5/meta:data_sent","measures":{"value":0}}
{"ts":1669476296427124713,"type":"point","name":"exType:baseline/permutationIndex:0/run:41/dialer:center/eavesCount:0/latencyMS:100/seq:8/fileSize:153600/nodeType:Passive/nodeTypeIndex:5/meta:data_rcvd","measures":{"value":0}}
{"ts":1669476296427129827,"type":"point","name":"exType:baseline/permutationIndex:0/run:41/dialer:center/eavesCount:0/latencyMS:100/seq:8/fileSize:153600/nodeType:Passive/nodeTypeIndex:5/meta:dup_data_rcvd","measures":{"value":0}}
{"ts":1669476296427134240,"type":"point","name":"exType:baseline/permutationIndex:0/run:41/dialer:center/eavesCount:0/latencyMS:100/seq:8/fileSize:153600/nodeType:Passive/nodeTypeIndex:5/meta:blks_sent","measures":{"value":0}}
{"ts":1669476296427138789,"type":"point","name":"exType:baseline/permutationIndex:0/run:41/dialer:center/eavesCount:0/latencyMS:100/seq:8/fileSize:153600/nodeType:Passive/nodeTypeIndex:5/meta:blks_rcvd","measures":{"value":0}}
{"ts":1669476296427143752,"type":"point","name":"exType:baseline/permutationIndex:0/run:41/dialer:center/eavesCount:0/latencyMS:100/seq:8/fileSize:153600/nodeType:Passive/nodeTypeIndex:5/meta:dup_blks_rcvd","measures":{"value":0}}
{"ts":1669476299111150425,"type":"point","name":"exType:baseline/permutationIndex:0/run:42/dialer:center/eavesCount:0/latencyMS:100/seq:8/fileSize:153600/nodeType:Passive/nodeTypeIndex:5/meta:msgs_rcvd","measures":{"value":26}}
{"ts":1669476299111343907,"type":"point","name":"exType:baseline/permutationIndex:0/run:42/dialer:center/eavesCount:0/latencyMS:100/seq:8/fileSize:153600/nodeType:Passive/nodeTypeIndex:5/meta:data_sent","measures":{"value":0}}
{"ts":1669476299111373202,"type":"point","name":"exType:baseline/permutationIndex:0/run:42/dialer:center/eavesCount:0/latencyMS:100/seq:8/fileSize:153600/nodeType:Passive/nodeTypeIndex:5/meta:data_rcvd","measures":{"value":0}}
{"ts":1669476299111393973,"type":"point","name":"exType:baseline/permutationIndex:0/run:42/dialer:center/eavesCount:0/latencyMS:100/seq:8/fileSize:153600/nodeType:Passive/nodeTypeIndex:5/meta:dup_data_rcvd","measures":{"value":0}}
{"ts":1669476299111412708,"type":"point","name":"exType:baseline/permutationIndex:0/run:42/dialer:center/eavesCount:0/latencyMS:100/seq:8/fileSize:153600/nodeType:Passive/nodeTypeIndex:5/meta:blks_sent","measures":{"value":0}}
{"ts":1669476299111431042,"type":"point","name":"exType:baseline/permutationIndex:0/run:42/dialer:center/eavesCount:0/latencyMS:100/seq:8/fileSize:153600/nodeType:Passive/nodeTypeIndex:5/meta:blks_rcvd","measures":{"value":0}}
{"ts":1669476299111450303,"type":"point","name":"exType:baseline/permutationIndex:0/run:42/dialer:center/eavesCount:0/latencyMS:100/seq:8/fileSize:153600/nodeType:Passive/nodeTypeIndex:5/meta:dup_blks_rcvd","measures":{"value":0}}
{"ts":1669476302343169698,"type":"point","name":"exType:baseline/permutationIndex:0/run:43/dialer:center/eavesCount:0/latencyMS:100/seq:8/fileSize:153600/nodeType:Passive/nodeTypeIndex:5/meta:msgs_rcvd","measures":{"value":73}}
{"ts":1669476302343196142,"type":"point","name":"exType:baseline/permutationIndex:0/run:43/dialer:center/eavesCount:0/latencyMS:100/seq:8/fileSize:153600/nodeType:Passive/nodeTypeIndex:5/meta:data_sent","measures":{"value":0}}
{"ts":1669476302343202486,"type":"point","name":"exType:baseline/permutationIndex:0/run:43/dialer:center/eavesCount:0/latencyMS:100/seq:8/fileSize:153600/nodeType:Passive/nodeTypeIndex:5/meta:data_rcvd","measures":{"value":0}}
{"ts":1669476302343208382,"type":"point","name":"exType:baseline/permutationIndex:0/run:43/dialer:center/eavesCount:0/latencyMS:100/seq:8/fileSize:153600/nodeType:Passive/nodeTypeIndex:5/meta:dup_data_rcvd","measures":{"value":0}}
{"ts":1669476302343214131,"type":"point","name":"exType:baseline/permutationIndex:0/run:43/dialer:center/eavesCount:0/latencyMS:100/seq:8/fileSize:153600/nodeType:Passive/nodeTypeIndex:5/meta:blks_sent","measures":{"value":0}}
{"ts":1669476302343219804,"type":"point","name":"exType:baseline/permutationIndex:0/run:43/dialer:center/eavesCount:0/latencyMS:100/seq:8/fileSize:153600/nodeType:Passive/nodeTypeIndex:5/meta:blks_rcvd","measures":{"value":0}}
{"ts":1669476302343225941,"type":"point","name":"exType:baseline/permutationIndex:0/run:43/dialer:center/eavesCount:0/latencyMS:100/seq:8/fileSize:153600/nodeType:Passive/nodeTypeIndex:5/meta:dup_blks_rcvd","measures":{"value":0}}
{"ts":1669476305750208404,"type":"point","name":"exType:baseline/permutationIndex:0/run:44/dialer:center/eavesCount:0/latencyMS:100/seq:8/fileSize:153600/nodeType:Passive/nodeTypeIndex:5/meta:msgs_rcvd","measures":{"value":68}}
{"ts":1669476305750245900,"type":"point","name":"exType:baseline/permutationIndex:0/run:44/dialer:center/eavesCount:0/latencyMS:100/seq:8/fileSize:153600/nodeType:Passive/nodeTypeIndex:5/meta:data_sent","measures":{"value":0}}
{"ts":1669476305750257387,"type":"point","name":"exType:baseline/permutationIndex:0/run:44/dialer:center/eavesCount:0/latencyMS:100/seq:8/fileSize:153600/nodeType:Passive/nodeTypeIndex:5/meta:data_rcvd","measures":{"value":0}}
{"ts":1669476305750265217,"type":"point","name":"exType:baseline/permutationIndex:0/run:44/dialer:center/eavesCount:0/latencyMS:100/seq:8/fileSize:153600/nodeType:Passive/nodeTypeIndex:5/meta:dup_data_rcvd","measures":{"value":0}}
{"ts":1669476305750271069,"type":"point","name":"exType:baseline/permutationIndex:0/run:44/dialer:center/eavesCount:0/latencyMS:100/seq:8/fileSize:153600/nodeType:Passive/nodeTypeIndex:5/meta:blks_sent","measures":{"value":0}}
{"ts":1669476305750288754,"type":"point","name":"exType:baseline/permutationIndex:0/run:44/dialer:center/eavesCount:0/latencyMS:100/seq:8/fileSize:153600/nodeType:Passive/nodeTypeIndex:5/meta:blks_rcvd","measures":{"value":0}}
{"ts":1669476305750295547,"type":"point","name":"exType:baseline/permutationIndex:0/run:44/dialer:center/eavesCount:0/latencyMS:100/seq:8/fileSize:153600/nodeType:Passive/nodeTypeIndex:5/meta:dup_blks_rcvd","measures":{"value":0}}
{"ts":1669476308355145676,"type":"point","name":"exType:baseline/permutationIndex:0/run:45/dialer:center/eavesCount:0/latencyMS:100/seq:8/fileSize:153600/nodeType:Passive/nodeTypeIndex:5/meta:msgs_rcvd","measures":{"value":88}}
{"ts":1669476308355230340,"type":"point","name":"exType:baseline/permutationIndex:0/run:45/dialer:center/eavesCount:0/latencyMS:100/seq:8/fileSize:153600/nodeType:Passive/nodeTypeIndex:5/meta:data_sent","measures":{"value":0}}
{"ts":1669476308355260809,"type":"point","name":"exType:baseline/permutationIndex:0/run:45/dialer:center/eavesCount:0/latencyMS:100/seq:8/fileSize:153600/nodeType:Passive/nodeTypeIndex:5/meta:data_rcvd","measures":{"value":0}}
{"ts":1669476308355281867,"type":"point","name":"exType:baseline/permutationIndex:0/run:45/dialer:center/eavesCount:0/latencyMS:100/seq:8/fileSize:153600/nodeType:Passive/nodeTypeIndex:5/meta:dup_data_rcvd","measures":{"value":0}}
{"ts":1669476308355301661,"type":"point","name":"exType:baseline/permutationIndex:0/run:45/dialer:center/eavesCount:0/latencyMS:100/seq:8/fileSize:153600/nodeType:Passive/nodeTypeIndex:5/meta:blks_sent","measures":{"value":0}}
{"ts":1669476308355321978,"type":"point","name":"exType:baseline/permutationIndex:0/run:45/dialer:center/eavesCount:0/latencyMS:100/seq:8/fileSize:153600/nodeType:Passive/nodeTypeIndex:5/meta:blks_rcvd","measures":{"value":0}}
{"ts":1669476308355341770,"type":"point","name":"exType:baseline/permutationIndex:0/run:45/dialer:center/eavesCount:0/latencyMS:100/seq:8/fileSize:153600/nodeType:Passive/nodeTypeIndex:5/meta:dup_blks_rcvd","measures":{"value":0}}
{"ts":1669476311075428593,"type":"point","name":"exType:baseline/permutationIndex:0/run:46/dialer:center/eavesCount:0/latencyMS:100/seq:8/fileSize:153600/nodeType:Passive/nodeTypeIndex:5/meta:msgs_rcvd","measures":{"value":37}}
{"ts":1669476311075545828,"type":"point","name":"exType:baseline/permutationIndex:0/run:46/dialer:center/eavesCount:0/latencyMS:100/seq:8/fileSize:153600/nodeType:Passive/nodeTypeIndex:5/meta:data_sent","measures":{"value":0}}
{"ts":1669476311075584001,"type":"point","name":"exType:baseline/permutationIndex:0/run:46/dialer:center/eavesCount:0/latencyMS:100/seq:8/fileSize:153600/nodeType:Passive/nodeTypeIndex:5/meta:data_rcvd","measures":{"value":0}}
{"ts":1669476311075606443,"type":"point","name":"exType:baseline/permutationIndex:0/run:46/dialer:center/eavesCount:0/latencyMS:100/seq:8/fileSize:153600/nodeType:Passive/nodeTypeIndex:5/meta:dup_data_rcvd","measures":{"value":0}}
{"ts":1669476311075627088,"type":"point","name":"exType:baseline/permutationIndex:0/run:46/dialer:center/eavesCount:0/latencyMS:100/seq:8/fileSize:153600/nodeType:Passive/nodeTypeIndex:5/meta:blks_sent","measures":{"value":0}}
{"ts":1669476311075647720,"type":"point","name":"exType:baseline/permutationIndex:0/run:46/dialer:center/eavesCount:0/latencyMS:100/seq:8/fileSize:153600/nodeType:Passive/nodeTypeIndex:5/meta:blks_rcvd","measures":{"value":0}}
{"ts":1669476311075670108,"type":"point","name":"exType:baseline/permutationIndex:0/run:46/dialer:center/eavesCount:0/latencyMS:100/seq:8/fileSize:153600/nodeType:Passive/nodeTypeIndex:5/meta:dup_blks_rcvd","measures":{"value":0}}
{"ts":1669476313962230825,"type":"point","name":"exType:baseline/permutationIndex:0/run:47/dialer:center/eavesCount:0/latencyMS:100/seq:8/fileSize:153600/nodeType:Passive/nodeTypeIndex:5/meta:msgs_rcvd","measures":{"value":30}}
{"ts":1669476313962360958,"type":"point","name":"exType:baseline/permutationIndex:0/run:47/dialer:center/eavesCount:0/latencyMS:100/seq:8/fileSize:153600/nodeType:Passive/nodeTypeIndex:5/meta:data_sent","measures":{"value":0}}
{"ts":1669476313962441073,"type":"point","name":"exType:baseline/permutationIndex:0/run:47/dialer:center/eavesCount:0/latencyMS:100/seq:8/fileSize:153600/nodeType:Passive/nodeTypeIndex:5/meta:data_rcvd","measures":{"value":0}}
{"ts":1669476313962488244,"type":"point","name":"exType:baseline/permutationIndex:0/run:47/dialer:center/eavesCount:0/latencyMS:100/seq:8/fileSize:153600/nodeType:Passive/nodeTypeIndex:5/meta:dup_data_rcvd","measures":{"value":0}}
{"ts":1669476313962510491,"type":"point","name":"exType:baseline/permutationIndex:0/run:47/dialer:center/eavesCount:0/latencyMS:100/seq:8/fileSize:153600/nodeType:Passive/nodeTypeIndex:5/meta:blks_sent","measures":{"value":0}}
{"ts":1669476313962530559,"type":"point","name":"exType:baseline/permutationIndex:0/run:47/dialer:center/eavesCount:0/latencyMS:100/seq:8/fileSize:153600/nodeType:Passive/nodeTypeIndex:5/meta:blks_rcvd","measures":{"value":0}}
{"ts":1669476313962549335,"type":"point","name":"exType:baseline/permutationIndex:0/run:47/dialer:center/eavesCount:0/latencyMS:100/seq:8/fileSize:153600/nodeType:Passive/nodeTypeIndex:5/meta:dup_blks_rcvd","measures":{"value":0}}
{"ts":1669476317475158015,"type":"point","name":"exType:baseline/permutationIndex:0/run:48/dialer:center/eavesCount:0/latencyMS:100/seq:8/fileSize:153600/nodeType:Passive/nodeTypeIndex:5/meta:msgs_rcvd","measures":{"value":58}}
{"ts":1669476317475222033,"type":"point","name":"exType:baseline/permutationIndex:0/run:48/dialer:center/eavesCount:0/latencyMS:100/seq:8/fileSize:153600/nodeType:Passive/nodeTypeIndex:5/meta:data_sent","measures":{"value":0}}
{"ts":1669476317475242401,"type":"point","name":"exType:baseline/permutationIndex:0/run:48/dialer:center/eavesCount:0/latencyMS:100/seq:8/fileSize:153600/nodeType:Passive/nodeTypeIndex:5/meta:data_rcvd","measures":{"value":0}}
{"ts":1669476317475259797,"type":"point","name":"exType:baseline/permutationIndex:0/run:48/dialer:center/eavesCount:0/latencyMS:100/seq:8/fileSize:153600/nodeType:Passive/nodeTypeIndex:5/meta:dup_data_rcvd","measures":{"value":0}}
{"ts":1669476317475276192,"type":"point","name":"exType:baseline/permutationIndex:0/run:48/dialer:center/eavesCount:0/latencyMS:100/seq:8/fileSize:153600/nodeType:Passive/nodeTypeIndex:5/meta:blks_sent","measures":{"value":0}}
{"ts":1669476317475292668,"type":"point","name":"exType:baseline/permutationIndex:0/run:48/dialer:center/eavesCount:0/latencyMS:100/seq:8/fileSize:153600/nodeType:Passive/nodeTypeIndex:5/meta:blks_rcvd","measures":{"value":0}}
{"ts":1669476317475308704,"type":"point","name":"exType:baseline/permutationIndex:0/run:48/dialer:center/eavesCount:0/latencyMS:100/seq:8/fileSize:153600/nodeType:Passive/nodeTypeIndex:5/meta:dup_blks_rcvd","measures":{"value":0}}
{"ts":1669476320158713274,"type":"point","name":"exType:baseline/permutationIndex:0/run:49/dialer:center/eavesCount:0/latencyMS:100/seq:8/fileSize:153600/nodeType:Passive/nodeTypeIndex:5/meta:msgs_rcvd","measures":{"value":25}}
{"ts":1669476320158807354,"type":"point","name":"exType:baseline/permutationIndex:0/run:49/dialer:center/eavesCount:0/latencyMS:100/seq:8/fileSize:153600/nodeType:Passive/nodeTypeIndex:5/meta:data_sent","measures":{"value":0}}
{"ts":1669476320158839891,"type":"point","name":"exType:baseline/permutationIndex:0/run:49/dialer:center/eavesCount:0/latencyMS:100/seq:8/fileSize:153600/nodeType:Passive/nodeTypeIndex:5/meta:data_rcvd","measures":{"value":0}}
{"ts":1669476320158860859,"type":"point","name":"exType:baseline/permutationIndex:0/run:49/dialer:center/eavesCount:0/latencyMS:100/seq:8/fileSize:153600/nodeType:Passive/nodeTypeIndex:5/meta:dup_data_rcvd","measures":{"value":0}}
{"ts":1669476320158880386,"type":"point","name":"exType:baseline/permutationIndex:0/run:49/dialer:center/eavesCount:0/latencyMS:100/seq:8/fileSize:153600/nodeType:Passive/nodeTypeIndex:5/meta:blks_sent","measures":{"value":0}}
{"ts":1669476320158901056,"type":"point","name":"exType:baseline/permutationIndex:0/run:49/dialer:center/eavesCount:0/latencyMS:100/seq:8/fileSize:153600/nodeType:Passive/nodeTypeIndex:5/meta:blks_rcvd","measures":{"value":0}}
{"ts":1669476320158955353,"type":"point","name":"exType:baseline/permutationIndex:0/run:49/dialer:center/eavesCount:0/latencyMS:100/seq:8/fileSize:153600/nodeType:Passive/nodeTypeIndex:5/meta:dup_blks_rcvd","measures":{"value":0}}
{"ts":1669476323076522798,"type":"point","name":"exType:baseline/permutationIndex:0/run:50/dialer:center/eavesCount:0/latencyMS:100/seq:8/fileSize:153600/nodeType:Passive/nodeTypeIndex:5/meta:msgs_rcvd","measures":{"value":28}}
{"ts":1669476323076542540,"type":"point","name":"exType:baseline/permutationIndex:0/run:50/dialer:center/eavesCount:0/latencyMS:100/seq:8/fileSize:153600/nodeType:Passive/nodeTypeIndex:5/meta:data_sent","measures":{"value":0}}
{"ts":1669476323076546561,"type":"point","name":"exType:baseline/permutationIndex:0/run:50/dialer:center/eavesCount:0/latencyMS:100/seq:8/fileSize:153600/nodeType:Passive/nodeTypeIndex:5/meta:data_rcvd","measures":{"value":0}}
{"ts":1669476323076548819,"type":"point","name":"exType:baseline/permutationIndex:0/run:50/dialer:center/eavesCount:0/latencyMS:100/seq:8/fileSize:153600/nodeType:Passive/nodeTypeIndex:5/meta:dup_data_rcvd","measures":{"value":0}}
{"ts":1669476323076551303,"type":"point","name":"exType:baseline/permutationIndex:0/run:50/dialer:center/eavesCount:0/latencyMS:100/seq:8/fileSize:153600/nodeType:Passive/nodeTypeIndex:5/meta:blks_sent","measures":{"value":0}}
{"ts":1669476323076553807,"type":"point","name":"exType:baseline/permutationIndex:0/run:50/dialer:center/eavesCount:0/latencyMS:100/seq:8/fileSize:153600/nodeType:Passive/nodeTypeIndex:5/meta:blks_rcvd","measures":{"value":0}}
{"ts":1669476323076556190,"type":"point","name":"exType:baseline/permutationIndex:0/run:50/dialer:center/eavesCount:0/latencyMS:100/seq:8/fileSize:153600/nodeType:Passive/nodeTypeIndex:5/meta:dup_blks_rcvd","measures":{"value":0}}
{"ts":1669476325970294671,"type":"point","name":"exType:baseline/permutationIndex:0/run:51/dialer:center/eavesCount:0/latencyMS:100/seq:8/fileSize:153600/nodeType:Passive/nodeTypeIndex:5/meta:msgs_rcvd","measures":{"value":21}}
{"ts":1669476325970417566,"type":"point","name":"exType:baseline/permutationIndex:0/run:51/dialer:center/eavesCount:0/latencyMS:100/seq:8/fileSize:153600/nodeType:Passive/nodeTypeIndex:5/meta:data_sent","measures":{"value":0}}
{"ts":1669476325970444598,"type":"point","name":"exType:baseline/permutationIndex:0/run:51/dialer:center/eavesCount:0/latencyMS:100/seq:8/fileSize:153600/nodeType:Passive/nodeTypeIndex:5/meta:data_rcvd","measures":{"value":0}}
{"ts":1669476325970466457,"type":"point","name":"exType:baseline/permutationIndex:0/run:51/dialer:center/eavesCount:0/latencyMS:100/seq:8/fileSize:153600/nodeType:Passive/nodeTypeIndex:5/meta:dup_data_rcvd","measures":{"value":0}}
{"ts":1669476325970483176,"type":"point","name":"exType:baseline/permutationIndex:0/run:51/dialer:center/eavesCount:0/latencyMS:100/seq:8/fileSize:153600/nodeType:Passive/nodeTypeIndex:5/meta:blks_sent","measures":{"value":0}}
{"ts":1669476325970500020,"type":"point","name":"exType:baseline/permutationIndex:0/run:51/dialer:center/eavesCount:0/latencyMS:100/seq:8/fileSize:153600/nodeType:Passive/nodeTypeIndex:5/meta:blks_rcvd","measures":{"value":0}}
{"ts":1669476325970564697,"type":"point","name":"exType:baseline/permutationIndex:0/run:51/dialer:center/eavesCount:0/latencyMS:100/seq:8/fileSize:153600/nodeType:Passive/nodeTypeIndex:5/meta:dup_blks_rcvd","measures":{"value":0}}
{"ts":1669476328841522353,"type":"point","name":"exType:baseline/permutationIndex:0/run:52/dialer:center/eavesCount:0/latencyMS:100/seq:8/fileSize:153600/nodeType:Passive/nodeTypeIndex:5/meta:msgs_rcvd","measures":{"value":16}}
{"ts":1669476328841545876,"type":"point","name":"exType:baseline/permutationIndex:0/run:52/dialer:center/eavesCount:0/latencyMS:100/seq:8/fileSize:153600/nodeType:Passive/nodeTypeIndex:5/meta:data_sent","measures":{"value":0}}
{"ts":1669476328841551346,"type":"point","name":"exType:baseline/permutationIndex:0/run:52/dialer:center/eavesCount:0/latencyMS:100/seq:8/fileSize:153600/nodeType:Passive/nodeTypeIndex:5/meta:data_rcvd","measures":{"value":0}}
{"ts":1669476328841565859,"type":"point","name":"exType:baseline/permutationIndex:0/run:52/dialer:center/eavesCount:0/latencyMS:100/seq:8/fileSize:153600/nodeType:Passive/nodeTypeIndex:5/meta:dup_data_rcvd","measures":{"value":0}}
{"ts":1669476328841569763,"type":"point","name":"exType:baseline/permutationIndex:0/run:52/dialer:center/eavesCount:0/latencyMS:100/seq:8/fileSize:153600/nodeType:Passive/nodeTypeIndex:5/meta:blks_sent","measures":{"value":0}}
{"ts":1669476328841574293,"type":"point","name":"exType:baseline/permutationIndex:0/run:52/dialer:center/eavesCount:0/latencyMS:100/seq:8/fileSize:153600/nodeType:Passive/nodeTypeIndex:5/meta:blks_rcvd","measures":{"value":0}}
{"ts":1669476328841579260,"type":"point","name":"exType:baseline/permutationIndex:0/run:52/dialer:center/eavesCount:0/latencyMS:100/seq:8/fileSize:153600/nodeType:Passive/nodeTypeIndex:5/meta:dup_blks_rcvd","measures":{"value":0}}
{"ts":1669476331547968292,"type":"point","name":"exType:baseline/permutationIndex:0/run:53/dialer:center/eavesCount:0/latencyMS:100/seq:8/fileSize:153600/nodeType:Passive/nodeTypeIndex:5/meta:msgs_rcvd","measures":{"value":12}}
{"ts":1669476331548030028,"type":"point","name":"exType:baseline/permutationIndex:0/run:53/dialer:center/eavesCount:0/latencyMS:100/seq:8/fileSize:153600/nodeType:Passive/nodeTypeIndex:5/meta:data_sent","measures":{"value":0}}
{"ts":1669476331548046652,"type":"point","name":"exType:baseline/permutationIndex:0/run:53/dialer:center/eavesCount:0/latencyMS:100/seq:8/fileSize:153600/nodeType:Passive/nodeTypeIndex:5/meta:data_rcvd","measures":{"value":0}}
{"ts":1669476331548057666,"type":"point","name":"exType:baseline/permutationIndex:0/run:53/dialer:center/eavesCount:0/latencyMS:100/seq:8/fileSize:153600/nodeType:Passive/nodeTypeIndex:5/meta:dup_data_rcvd","measures":{"value":0}}
{"ts":1669476331548068611,"type":"point","name":"exType:baseline/permutationIndex:0/run:53/dialer:center/eavesCount:0/latencyMS:100/seq:8/fileSize:153600/nodeType:Passive/nodeTypeIndex:5/meta:blks_sent","measures":{"value":0}}
{"ts":1669476331548080073,"type":"point","name":"exType:baseline/permutationIndex:0/run:53/dialer:center/eavesCount:0/latencyMS:100/seq:8/fileSize:153600/nodeType:Passive/nodeTypeIndex:5/meta:blks_rcvd","measures":{"value":0}}
{"ts":1669476331548091078,"type":"point","name":"exType:baseline/permutationIndex:0/run:53/dialer:center/eavesCount:0/latencyMS:100/seq:8/fileSize:153600/nodeType:Passive/nodeTypeIndex:5/meta:dup_blks_rcvd","measures":{"value":0}}
