{"ts":1669475057193498567,"type":"point","name":"exType:baseline/permutationIndex:0/run:1/dialer:center/eavesCount:0/latencyMS:150/seq:10/fileSize:1048576/nodeType:Passive/nodeTypeIndex:7/meta:msgs_rcvd","measures":{"value":92}}
{"ts":1669475057193552577,"type":"point","name":"exType:baseline/permutationIndex:0/run:1/dialer:center/eavesCount:0/latencyMS:150/seq:10/fileSize:1048576/nodeType:Passive/nodeTypeIndex:7/meta:data_sent","measures":{"value":0}}
{"ts":1669475057193557345,"type":"point","name":"exType:baseline/permutationIndex:0/run:1/dialer:center/eavesCount:0/latencyMS:150/seq:10/fileSize:1048576/nodeType:Passive/nodeTypeIndex:7/meta:data_rcvd","measures":{"value":0}}
{"ts":1669475057193559983,"type":"point","name":"exType:baseline/permutationIndex:0/run:1/dialer:center/eavesCount:0/latencyMS:150/seq:10/fileSize:1048576/nodeType:Passive/nodeTypeIndex:7/meta:dup_data_rcvd","measures":{"value":0}}
{"ts":1669475057193562465,"type":"point","name":"exType:baseline/permutationIndex:0/run:1/dialer:center/eavesCount:0/latencyMS:150/seq:10/fileSize:1048576/nodeType:Passive/nodeTypeIndex:7/meta:blks_sent","measures":{"value":0}}
{"ts":1669475057193565038,"type":"point","name":"exType:baseline/permutationIndex:0/run:1/dialer:center/eavesCount:0/latencyMS:150/seq:10/fileSize:1048576/nodeType:Passive/nodeTypeIndex:7/meta:blks_rcvd","measures":{"value":0}}
{"ts":1669475057193567547,"type":"point","name":"exType:baseline/permutationIndex:0/run:1/dialer:center/eavesCount:0/latencyMS:150/seq:10/fileSize:1048576/nodeType:Passive/nodeTypeIndex:7/meta:dup_blks_rcvd","measures":{"value":0}}
{"ts":1669475061769372244,"type":"point","name":"exType:baseline/permutationIndex:0/run:2/dialer:center/eavesCount:0/latencyMS:150/seq:10/fileSize:1048576/nodeType:Passive/nodeTypeIndex:7/meta:msgs_rcvd","measures":{"value":99}}
{"ts":1669475061769421591,"type":"point","name":"exType:baseline/permutationIndex:0/run:2/dialer:center/eavesCount:0/latencyMS:150/seq:10/fileSize:1048576/nodeType:Passive/nodeTypeIndex:7/meta:data_sent","measures":{"value":0}}
{"ts":1669475061769432273,"type":"point","name":"exType:baseline/permutationIndex:0/run:2/dialer:center/eavesCount:0/latencyMS:150/seq:10/fileSize:1048576/nodeType:Passive/nodeTypeIndex:7/meta:data_rcvd","measures":{"value":0}}
{"ts":1669475061769438409,"type":"point","name":"exType:baseline/permutationIndex:0/run:2/dialer:center/eavesCount:0/latencyMS:150/seq:10/fileSize:1048576/nodeType:Passive/nodeTypeIndex:7/meta:dup_data_rcvd","measures":{"value":0}}
{"ts":1669475061769444737,"type":"point","name":"exType:baseline/permutationIndex:0/run:2/dialer:center/eavesCount:0/latencyMS:150/seq:10/fileSize:1048576/nodeType:Passive/nodeTypeIndex:7/meta:blks_sent","measures":{"value":0}}
{"ts":1669475061769452093,"type":"point","name":"exType:baseline/permutationIndex:0/run:2/dialer:center/eavesCount:0/latencyMS:150/seq:10/fileSize:1048576/nodeType:Passive/nodeTypeIndex:7/meta:blks_rcvd","measures":{"value":0}}
{"ts":1669475061769460222,"type":"point","name":"exType:baseline/permutationIndex:0/run:2/dialer:center/eavesCount:0/latencyMS:150/seq:10/fileSize:1048576/nodeType:Passive/nodeTypeIndex:7/meta:dup_blks_rcvd","measures":{"value":0}}
{"ts":1669475066278871816,"type":"point","name":"exType:baseline/permutationIndex:0/run:3/dialer:center/eavesCount:0/latencyMS:150/seq:10/fileSize:1048576/nodeType:Passive/nodeTypeIndex:7/meta:msgs_rcvd","measures":{"value":71}}
{"ts":1669475066278894834,"type":"point","name":"exType:baseline/permutationIndex:0/run:3/dialer:center/eavesCount:0/latencyMS:150/seq:10/fileSize:1048576/nodeType:Passive/nodeTypeIndex:7/meta:data_sent","measures":{"value":0}}
{"ts":1669475066278899778,"type":"point","name":"exType:baseline/permutationIndex:0/run:3/dialer:center/eavesCount:0/latencyMS:150/seq:10/fileSize:1048576/nodeType:Passive/nodeTypeIndex:7/meta:data_rcvd","measures":{"value":0}}
{"ts":1669475066278902426,"type":"point","name":"exType:baseline/permutationIndex:0/run:3/dialer:center/eavesCount:0/latencyMS:150/seq:10/fileSize:1048576/nodeType:Passive/nodeTypeIndex:7/meta:dup_data_rcvd","measures":{"value":0}}
{"ts":1669475066278911661,"type":"point","name":"exType:baseline/permutationIndex:0/run:3/dialer:center/eavesCount:0/latencyMS:150/seq:10/fileSize:1048576/nodeType:Passive/nodeTypeIndex:7/meta:blks_sent","measures":{"value":0}}
{"ts":1669475066278914135,"type":"point","name":"exType:baseline/permutationIndex:0/run:3/dialer:center/eavesCount:0/latencyMS:150/seq:10/fileSize:1048576/nodeType:Passive/nodeTypeIndex:7/meta:blks_rcvd","measures":{"value":0}}
{"ts":1669475066278916728,"type":"point","name":"exType:baseline/permutationIndex:0/run:3/dialer:center/eavesCount:0/latencyMS:150/seq:10/fileSize:1048576/nodeType:Passive/nodeTypeIndex:7/meta:dup_blks_rcvd","measures":{"value":0}}
{"ts":1669475070758494103,"type":"point","name":"exType:baseline/permutationIndex:0/run:4/dialer:center/eavesCount:0/latencyMS:150/seq:10/fileSize:1048576/nodeType:Passive/nodeTypeIndex:7/meta:msgs_rcvd","measures":{"value":118}}
{"ts":1669475070758528641,"type":"point","name":"exType:baseline/permutationIndex:0/run:4/dialer:center/eavesCount:0/latencyMS:150/seq:10/fileSize:1048576/nodeType:Passive/nodeTypeIndex:7/meta:data_sent","measures":{"value":0}}
{"ts":1669475070758536763,"type":"point","name":"exType:baseline/permutationIndex:0/run:4/dialer:center/eavesCount:0/latencyMS:150/seq:10/fileSize:1048576/nodeType:Passive/nodeTypeIndex:7/meta:data_rcvd","measures":{"value":0}}
{"ts":1669475070758540978,"type":"point","name":"exType:baseline/permutationIndex:0/run:4/dialer:center/eavesCount:0/latencyMS:150/seq:10/fileSize:1048576/nodeType:Passive/nodeTypeIndex:7/meta:dup_data_rcvd","measures":{"value":0}}
{"ts":1669475070758545402,"type":"point","name":"exType:baseline/permutationIndex:0/run:4/dialer:center/eavesCount:0/latencyMS:150/seq:10/fileSize:1048576/nodeType:Passive/nodeTypeIndex:7/meta:blks_sent","measures":{"value":0}}
{"ts":1669475070758550362,"type":"point","name":"exType:baseline/permutationIndex:0/run:4/dialer:center/eavesCount:0/latencyMS:150/seq:10/fileSize:1048576/nodeType:Passive/nodeTypeIndex:7/meta:blks_rcvd","measures":{"value":0}}
{"ts":1669475070758554607,"type":"point","name":"exType:baseline/permutationIndex:0/run:4/dialer:center/eavesCount:0/latencyMS:150/seq:10/fileSize:1048576/nodeType:Passive/nodeTypeIndex:7/meta:dup_blks_rcvd","measures":{"value":0}}
{"ts":1669475075105366804,"type":"point","name":"exType:baseline/permutationIndex:0/run:5/dialer:center/eavesCount:0/latencyMS:150/seq:10/fileSize:1048576/nodeType:Passive/nodeTypeIndex:7/meta:msgs_rcvd","measures":{"value":105}}
{"ts":1669475075105391852,"type":"point","name":"exType:baseline/permutationIndex:0/run:5/dialer:center/eavesCount:0/latencyMS:150/seq:10/fileSize:1048576/nodeType:Passive/nodeTypeIndex:7/meta:data_sent","measures":{"value":0}}
{"ts":1669475075105395404,"type":"point","name":"exType:baseline/permutationIndex:0/run:5/dialer:center/eavesCount:0/latencyMS:150/seq:10/fileSize:1048576/nodeType:Passive/nodeTypeIndex:7/meta:data_rcvd","measures":{"value":0}}
{"ts":1669475075105398099,"type":"point","name":"exType:baseline/permutationIndex:0/run:5/dialer:center/eavesCount:0/latencyMS:150/seq:10/fileSize:1048576/nodeType:Passive/nodeTypeIndex:7/meta:dup_data_rcvd","measures":{"value":0}}
{"ts":1669475075105400442,"type":"point","name":"exType:baseline/permutationIndex:0/run:5/dialer:center/eavesCount:0/latencyMS:150/seq:10/fileSize:1048576/nodeType:Passive/nodeTypeIndex:7/meta:blks_sent","measures":{"value":0}}
{"ts":1669475075105402972,"type":"point","name":"exType:baseline/permutationIndex:0/run:5/dialer:center/eavesCount:0/latencyMS:150/seq:10/fileSize:1048576/nodeType:Passive/nodeTypeIndex:7/meta:blks_rcvd","measures":{"value":0}}
{"ts":1669475075105405315,"type":"point","name":"exType:baseline/permutationIndex:0/run:5/dialer:center/eavesCount:0/latencyMS:150/seq:10/fileSize:1048576/nodeType:Passive/nodeTypeIndex:7/meta:dup_blks_rcvd","measures":{"value":0}}
{"ts":1669475080434339780,"type":"point","name":"exType:baseline/permutationIndex:0/run:6/dialer:center/eavesCount:0/latencyMS:150/seq:10/fileSize:1048576/nodeType:Passive/nodeTypeIndex:7/meta:msgs_rcvd","measures":{"value":83}}
{"ts":1669475080434374369,"type":"point","name":"exType:baseline/permutationIndex:0/run:6/dialer:center/eavesCount:0/latencyMS:150/seq:10/fileSize:1048576/nodeType:Passive/nodeTypeIndex:7/meta:data_sent","measures":{"value":0}}
{"ts":1669475080434380817,"type":"point","name":"exType:baseline/permutationIndex:0/run:6/dialer:center/eavesCount:0/latencyMS:150/seq:10/fileSize:1048576/nodeType:Passive/nodeTypeIndex:7/meta:data_rcvd","measures":{"value":0}}
{"ts":1669475080434386440,"type":"point","name":"exType:baseline/permutationIndex:0/run:6/dialer:center/eavesCount:0/latencyMS:150/seq:10/fileSize:1048576/nodeType:Passive/nodeTypeIndex:7/meta:dup_data_rcvd","measures":{"value":0}}
{"ts":1669475080434391767,"type":"point","name":"exType:baseline/permutationIndex:0/run:6/dialer:center/eavesCount:0/latencyMS:150/seq:10/fileSize:1048576/nodeType:Passive/nodeTypeIndex:7/meta:blks_sent","measures":{"value":0}}
{"ts":1669475080434396819,"type":"point","name":"exType:baseline/permutationIndex:0/run:6/dialer:center/eavesCount:0/latencyMS:150/seq:10/fileSize:1048576/nodeType:Passive/nodeTypeIndex:7/meta:blks_rcvd","measures":{"value":0}}
{"ts":1669475080434401836,"type":"point","name":"exType:baseline/permutationIndex:0/run:6/dialer:center/eavesCount:0/latencyMS:150/seq:10/fileSize:1048576/nodeType:Passive/nodeTypeIndex:7/meta:dup_blks_rcvd","measures":{"value":0}}
{"ts":1669475085661376159,"type":"point","name":"exType:baseline/permutationIndex:0/run:7/dialer:center/eavesCount:0/latencyMS:150/seq:10/fileSize:1048576/nodeType:Passive/nodeTypeIndex:7/meta:msgs_rcvd","measures":{"value":94}}
{"ts":1669475085661401565,"type":"point","name":"exType:baseline/permutationIndex:0/run:7/dialer:center/eavesCount:0/latencyMS:150/seq:10/fileSize:1048576/nodeType:Passive/nodeTypeIndex:7/meta:data_sent","measures":{"value":0}}
{"ts":1669475085661405908,"type":"point","name":"exType:baseline/permutationIndex:0/run:7/dialer:center/eavesCount:0/latencyMS:150/seq:10/fileSize:1048576/nodeType:Passive/nodeTypeIndex:7/meta:data_rcvd","measures":{"value":0}}
{"ts":1669475085661408937,"type":"point","name":"exType:baseline/permutationIndex:0/run:7/dialer:center/eavesCount:0/latencyMS:150/seq:10/fileSize:1048576/nodeType:Passive/nodeTypeIndex:7/meta:dup_data_rcvd","measures":{"value":0}}
{"ts":1669475085661411195,"type":"point","name":"exType:baseline/permutationIndex:0/run:7/dialer:center/eavesCount:0/latencyMS:150/seq:10/fileSize:1048576/nodeType:Passive/nodeTypeIndex:7/meta:blks_sent","measures":{"value":0}}
{"ts":1669475085661413481,"type":"point","name":"exType:baseline/permutationIndex:0/run:7/dialer:center/eavesCount:0/latencyMS:150/seq:10/fileSize:1048576/nodeType:Passive/nodeTypeIndex:7/meta:blks_rcvd","measures":{"value":0}}
{"ts":1669475085661415781,"type":"point","name":"exType:baseline/permutationIndex:0/run:7/dialer:center/eavesCount:0/latencyMS:150/seq:10/fileSize:1048576/nodeType:Passive/nodeTypeIndex:7/meta:dup_blks_rcvd","measures":{"value":0}}
{"ts":1669475090120139905,"type":"point","name":"exType:baseline/permutationIndex:0/run:8/dialer:center/eavesCount:0/latencyMS:150/seq:10/fileSize:1048576/nodeType:Passive/nodeTypeIndex:7/meta:msgs_rcvd","measures":{"value":47}}
{"ts":1669475090120232960,"type":"point","name":"exType:baseline/permutationIndex:0/run:8/dialer:center/eavesCount:0/latencyMS:150/seq:10/fileSize:1048576/nodeType:Passive/nodeTypeIndex:7/meta:data_sent","measures":{"value":0}}
{"ts":1669475090120266758,"type":"point","name":"exType:baseline/permutationIndex:0/run:8/dialer:center/eavesCount:0/latencyMS:150/seq:10/fileSize:1048576/nodeType:Passive/nodeTypeIndex:7/meta:data_rcvd","measures":{"value":0}}
{"ts":1669475090120288670,"type":"point","name":"exType:baseline/permutationIndex:0/run:8/dialer:center/eavesCount:0/latencyMS:150/seq:10/fileSize:1048576/nodeType:Passive/nodeTypeIndex:7/meta:dup_data_rcvd","measures":{"value":0}}
{"ts":1669475090120308436,"type":"point","name":"exType:baseline/permutationIndex:0/run:8/dialer:center/eavesCount:0/latencyMS:150/seq:10/fileSize:1048576/nodeType:Passive/nodeTypeIndex:7/meta:blks_sent","measures":{"value":0}}
{"ts":1669475090120360469,"type":"point","name":"exType:baseline/permutationIndex:0/run:8/dialer:center/eavesCount:0/latencyMS:150/seq:10/fileSize:1048576/nodeType:Passive/nodeTypeIndex:7/meta:blks_rcvd","measures":{"value":0}}
{"ts":1669475090120381250,"type":"point","name":"exType:baseline/permutationIndex:0/run:8/dialer:center/eavesCount:0/latencyMS:150/seq:10/fileSize:1048576/nodeType:Passive/nodeTypeIndex:7/meta:dup_blks_rcvd","measures":{"value":0}}
{"ts":1669475095337159361,"type":"point","name":"exType:baseline/permutationIndex:0/run:9/dialer:center/eavesCount:0/latencyMS:150/seq:10/fileSize:1048576/nodeType:Passive/nodeTypeIndex:7/meta:msgs_rcvd","measures":{"value":116}}
{"ts":1669475095337226780,"type":"point","name":"exType:baseline/permutationIndex:0/run:9/dialer:center/eavesCount:0/latencyMS:150/seq:10/fileSize:1048576/nodeType:Passive/nodeTypeIndex:7/meta:data_sent","measures":{"value":0}}
{"ts":1669475095337247124,"type":"point","name":"exType:baseline/permutationIndex:0/run:9/dialer:center/eavesCount:0/latencyMS:150/seq:10/fileSize:1048576/nodeType:Passive/nodeTypeIndex:7/meta:data_rcvd","measures":{"value":0}}
{"ts":1669475095337259075,"type":"point","name":"exType:baseline/permutationIndex:0/run:9/dialer:center/eavesCount:0/latencyMS:150/seq:10/fileSize:1048576/nodeType:Passive/nodeTypeIndex:7/meta:dup_data_rcvd","measures":{"value":0}}
{"ts":1669475095337270135,"type":"point","name":"exType:baseline/permutationIndex:0/run:9/dialer:center/eavesCount:0/latencyMS:150/seq:10/fileSize:1048576/nodeType:Passive/nodeTypeIndex:7/meta:blks_sent","measures":{"value":0}}
{"ts":1669475095337280911,"type":"point","name":"exType:baseline/permutationIndex:0/run:9/dialer:center/eavesCount:0/latencyMS:150/seq:10/fileSize:1048576/nodeType:Passive/nodeTypeIndex:7/meta:blks_rcvd","measures":{"value":0}}
{"ts":1669475095337291339,"type":"point","name":"exType:baseline/permutationIndex:0/run:9/dialer:center/eavesCount:0/latencyMS:150/seq:10/fileSize:1048576/nodeType:Passive/nodeTypeIndex:7/meta:dup_blks_rcvd","measures":{"value":0}}
{"ts":1669475100557340496,"type":"point","name":"exType:baseline/permutationIndex:0/run:10/dialer:center/eavesCount:0/latencyMS:150/seq:10/fileSize:1048576/nodeType:Passive/nodeTypeIndex:7/meta:msgs_rcvd","measures":{"value":87}}
{"ts":1669475100557367835,"type":"point","name":"exType:baseline/permutationIndex:0/run:10/dialer:center/eavesCount:0/latencyMS:150/seq:10/fileSize:1048576/nodeType:Passive/nodeTypeIndex:7/meta:data_sent","measures":{"value":0}}
{"ts":1669475100557372163,"type":"point","name":"exType:baseline/permutationIndex:0/run:10/dialer:center/eavesCount:0/latencyMS:150/seq:10/fileSize:1048576/nodeType:Passive/nodeTypeIndex:7/meta:data_rcvd","measures":{"value":0}}
{"ts":1669475100557375103,"type":"point","name":"exType:baseline/permutationIndex:0/run:10/dialer:center/eavesCount:0/latencyMS:150/seq:10/fileSize:1048576/nodeType:Passive/nodeTypeIndex:7/meta:dup_data_rcvd","measures":{"value":0}}
{"ts":1669475100557377421,"type":"point","name":"exType:baseline/permutationIndex:0/run:10/dialer:center/eavesCount:0/latencyMS:150/seq:10/fileSize:1048576/nodeType:Passive/nodeTypeIndex:7/meta:blks_sent","measures":{"value":0}}
{"ts":1669475100557379791,"type":"point","name":"exType:baseline/permutationIndex:0/run:10/dialer:center/eavesCount:0/latencyMS:150/seq:10/fileSize:1048576/nodeType:Passive/nodeTypeIndex:7/meta:blks_rcvd","measures":{"value":0}}
{"ts":1669475100557382205,"type":"point","name":"exType:baseline/permutationIndex:0/run:10/dialer:center/eavesCount:0/latencyMS:150/seq:10/fileSize:1048576/nodeType:Passive/nodeTypeIndex:7/meta:dup_blks_rcvd","measures":{"value":0}}
{"ts":1669475104973540489,"type":"point","name":"exType:baseline/permutationIndex:0/run:11/dialer:center/eavesCount:0/latencyMS:150/seq:10/fileSize:1048576/nodeType:Passive/nodeTypeIndex:7/meta:msgs_rcvd","measures":{"value":71}}
{"ts":1669475104973580087,"type":"point","name":"exType:baseline/permutationIndex:0/run:11/dialer:center/eavesCount:0/latencyMS:150/seq:10/fileSize:1048576/nodeType:Passive/nodeTypeIndex:7/meta:data_sent","measures":{"value":0}}
{"ts":1669475104973599143,"type":"point","name":"exType:baseline/permutationIndex:0/run:11/dialer:center/eavesCount:0/latencyMS:150/seq:10/fileSize:1048576/nodeType:Passive/nodeTypeIndex:7/meta:data_rcvd","measures":{"value":0}}
{"ts":1669475104973604525,"type":"point","name":"exType:baseline/permutationIndex:0/run:11/dialer:center/eavesCount:0/latencyMS:150/seq:10/fileSize:1048576/nodeType:Passive/nodeTypeIndex:7/meta:dup_data_rcvd","measures":{"value":0}}
{"ts":1669475104973608606,"type":"point","name":"exType:baseline/permutationIndex:0/run:11/dialer:center/eavesCount:0/latencyMS:150/seq:10/fileSize:1048576/nodeType:Passive/nodeTypeIndex:7/meta:blks_sent","measures":{"value":0}}
{"ts":1669475104973613030,"type":"point","name":"exType:baseline/permutationIndex:0/run:11/dialer:center/eavesCount:0/latencyMS:150/seq:10/fileSize:1048576/nodeType:Passive/nodeTypeIndex:7/meta:blks_rcvd","measures":{"value":0}}
{"ts":1669475104973616920,"type":"point","name":"exType:baseline/permutationIndex:0/run:11/dialer:center/eavesCount:0/latencyMS:150/seq:10/fileSize:1048576/nodeType:Passive/nodeTypeIndex:7/meta:dup_blks_rcvd","measures":{"value":0}}
{"ts":1669475109416393744,"type":"point","name":"exType:baseline/permutationIndex:0/run:12/dialer:center/eavesCount:0/latencyMS:150/seq:10/fileSize:1048576/nodeType:Passive/nodeTypeIndex:7/meta:msgs_rcvd","measures":{"value":98}}
{"ts":1669475109416421832,"type":"point","name":"exType:baseline/permutationIndex:0/run:12/dialer:center/eavesCount:0/latencyMS:150/seq:10/fileSize:1048576/nodeType:Passive/nodeTypeIndex:7/meta:data_sent","measures":{"value":0}}
{"ts":1669475109416428630,"type":"point","name":"exType:baseline/permutationIndex:0/run:12/dialer:center/eavesCount:0/latencyMS:150/seq:10/fileSize:1048576/nodeType:Passive/nodeTypeIndex:7/meta:data_rcvd","measures":{"value":0}}
{"ts":1669475109416432771,"type":"point","name":"exType:baseline/permutationIndex:0/run:12/dialer:center/eavesCount:0/latencyMS:150/seq:10/fileSize:1048576/nodeType:Passive/nodeTypeIndex:7/meta:dup_data_rcvd","measures":{"value":0}}
{"ts":1669475109416436765,"type":"point","name":"exType:baseline/permutationIndex:0/run:12/dialer:center/eavesCount:0/latencyMS:150/seq:10/fileSize:1048576/nodeType:Passive/nodeTypeIndex:7/meta:blks_sent","measures":{"value":0}}
{"ts":1669475109416440511,"type":"point","name":"exType:baseline/permutationIndex:0/run:12/dialer:center/eavesCount:0/latencyMS:150/seq:10/fileSize:1048576/nodeType:Passive/nodeTypeIndex:7/meta:blks_rcvd","measures":{"value":0}}
{"ts":1669475109416444158,"type":"point","name":"exType:baseline/permutationIndex:0/run:12/dialer:center/eavesCount:0/latencyMS:150/seq:10/fileSize:1048576/nodeType:Passive/nodeTypeIndex:7/meta:dup_blks_rcvd","measures":{"value":0}}
{"ts":1669475114196909872,"type":"point","name":"exType:baseline/permutationIndex:0/run:13/dialer:center/eavesCount:0/latencyMS:150/seq:10/fileSize:1048576/nodeType:Passive/nodeTypeIndex:7/meta:msgs_rcvd","measures":{"value":89}}
{"ts":1669475114196935964,"type":"point","name":"exType:baseline/permutationIndex:0/run:13/dialer:center/eavesCount:0/latencyMS:150/seq:10/fileSize:1048576/nodeType:Passive/nodeTypeIndex:7/meta:data_sent","measures":{"value":0}}
{"ts":1669475114196940299,"type":"point","name":"exType:baseline/permutationIndex:0/run:13/dialer:center/eavesCount:0/latencyMS:150/seq:10/fileSize:1048576/nodeType:Passive/nodeTypeIndex:7/meta:data_rcvd","measures":{"value":0}}
{"ts":1669475114196944693,"type":"point","name":"exType:baseline/permutationIndex:0/run:13/dialer:center/eavesCount:0/latencyMS:150/seq:10/fileSize:1048576/nodeType:Passive/nodeTypeIndex:7/meta:dup_data_rcvd","measures":{"value":0}}
{"ts":1669475114196947837,"type":"point","name":"exType:baseline/permutationIndex:0/run:13/dialer:center/eavesCount:0/latencyMS:150/seq:10/fileSize:1048576/nodeType:Passive/nodeTypeIndex:7/meta:blks_sent","measures":{"value":0}}
{"ts":1669475114196951114,"type":"point","name":"exType:baseline/permutationIndex:0/run:13/dialer:center/eavesCount:0/latencyMS:150/seq:10/fileSize:1048576/nodeType:Passive/nodeTypeIndex:7/meta:blks_rcvd","measures":{"value":0}}
{"ts":1669475114196960635,"type":"point","name":"exType:baseline/permutationIndex:0/run:13/dialer:center/eavesCount:0/latencyMS:150/seq:10/fileSize:1048576/nodeType:Passive/nodeTypeIndex:7/meta:dup_blks_rcvd","measures":{"value":0}}
{"ts":1669475119283102956,"type":"point","name":"exType:baseline/permutationIndex:0/run:14/dialer:center/eavesCount:0/latencyMS:150/seq:10/fileSize:1048576/nodeType:Passive/nodeTypeIndex:7/meta:msgs_rcvd","measures":{"value":147}}
{"ts":1669475119283125086,"type":"point","name":"exType:baseline/permutationIndex:0/run:14/dialer:center/eavesCount:0/latencyMS:150/seq:10/fileSize:1048576/nodeType:Passive/nodeTypeIndex:7/meta:data_sent","measures":{"value":0}}
{"ts":1669475119283128565,"type":"point","name":"exType:baseline/permutationIndex:0/run:14/dialer:center/eavesCount:0/latencyMS:150/seq:10/fileSize:1048576/nodeType:Passive/nodeTypeIndex:7/meta:data_rcvd","measures":{"value":0}}
{"ts":1669475119283131088,"type":"point","name":"exType:baseline/permutationIndex:0/run:14/dialer:center/eavesCount:0/latencyMS:150/seq:10/fileSize:1048576/nodeType:Passive/nodeTypeIndex:7/meta:dup_data_rcvd","measures":{"value":0}}
{"ts":1669475119283134137,"type":"point","name":"exType:baseline/permutationIndex:0/run:14/dialer:center/eavesCount:0/latencyMS:150/seq:10/fileSize:1048576/nodeType:Passive/nodeTypeIndex:7/meta:blks_sent","measures":{"value":0}}
{"ts":1669475119283138354,"type":"point","name":"exType:baseline/permutationIndex:0/run:14/dialer:center/eavesCount:0/latencyMS:150/seq:10/fileSize:1048576/nodeType:Passive/nodeTypeIndex:7/meta:blks_rcvd","measures":{"value":0}}
{"ts":1669475119283141014,"type":"point","name":"exType:baseline/permutationIndex:0/run:14/dialer:center/eavesCount:0/latencyMS:150/seq:10/fileSize:1048576/nodeType:Passive/nodeTypeIndex:7/meta:dup_blks_rcvd","measures":{"value":0}}
{"ts":1669475124082600836,"type":"point","name":"exType:baseline/permutationIndex:0/run:15/dialer:center/eavesCount:0/latencyMS:150/seq:10/fileSize:1048576/nodeType:Passive/nodeTypeIndex:7/meta:msgs_rcvd","measures":{"value":97}}
{"ts":1669475124082631136,"type":"point","name":"exType:baseline/permutationIndex:0/run:15/dialer:center/eavesCount:0/latencyMS:150/seq:10/fileSize:1048576/nodeType:Passive/nodeTypeIndex:7/meta:data_sent","measures":{"value":0}}
{"ts":1669475124082637458,"type":"point","name":"exType:baseline/permutationIndex:0/run:15/dialer:center/eavesCount:0/latencyMS:150/seq:10/fileSize:1048576/nodeType:Passive/nodeTypeIndex:7/meta:data_rcvd","measures":{"value":0}}
{"ts":1669475124082641659,"type":"point","name":"exType:baseline/permutationIndex:0/run:15/dialer:center/eavesCount:0/latencyMS:150/seq:10/fileSize:1048576/nodeType:Passive/nodeTypeIndex:7/meta:dup_data_rcvd","measures":{"value":0}}
{"ts":1669475124082645649,"type":"point","name":"exType:baseline/permutationIndex:0/run:15/dialer:center/eavesCount:0/latencyMS:150/seq:10/fileSize:1048576/nodeType:Passive/nodeTypeIndex:7/meta:blks_sent","measures":{"value":0}}
{"ts":1669475124082650441,"type":"point","name":"exType:baseline/permutationIndex:0/run:15/dialer:center/eavesCount:0/latencyMS:150/seq:10/fileSize:1048576/nodeType:Passive/nodeTypeIndex:7/meta:blks_rcvd","measures":{"value":0}}
{"ts":1669475124082689597,"type":"point","name":"exType:baseline/permutationIndex:0/run:15/dialer:center/eavesCount:0/latencyMS:150/seq:10/fileSize:1048576/nodeType:Passive/nodeTypeIndex:7/meta:dup_blks_rcvd","measures":{"value":0}}
{"ts":1669475128847054555,"type":"point","name":"exType:baseline/permutationIndex:0/run:16/dialer:center/eavesCount:0/latencyMS:150/seq:10/fileSize:1048576/nodeType:Passive/nodeTypeIndex:7/meta:msgs_rcvd","measures":{"value":139}}
{"ts":1669475128847083193,"type":"point","name":"exType:baseline/permutationIndex:0/run:16/dialer:center/eavesCount:0/latencyMS:150/seq:10/fileSize:1048576/nodeType:Passive/nodeTypeIndex:7/meta:data_sent","measures":{"value":0}}
{"ts":1669475128847099081,"type":"point","name":"exType:baseline/permutationIndex:0/run:16/dialer:center/eavesCount:0/latencyMS:150/seq:10/fileSize:1048576/nodeType:Passive/nodeTypeIndex:7/meta:data_rcvd","measures":{"value":0}}
{"ts":1669475128847103817,"type":"point","name":"exType:baseline/permutationIndex:0/run:16/dialer:center/eavesCount:0/latencyMS:150/seq:10/fileSize:1048576/nodeType:Passive/nodeTypeIndex:7/meta:dup_data_rcvd","measures":{"value":0}}
{"ts":1669475128847107453,"type":"point","name":"exType:baseline/permutationIndex:0/run:16/dialer:center/eavesCount:0/latencyMS:150/seq:10/fileSize:1048576/nodeType:Passive/nodeTypeIndex:7/meta:blks_sent","measures":{"value":0}}
{"ts":1669475128847111318,"type":"point","name":"exType:baseline/permutationIndex:0/run:16/dialer:center/eavesCount:0/latencyMS:150/seq:10/fileSize:1048576/nodeType:Passive/nodeTypeIndex:7/meta:blks_rcvd","measures":{"value":0}}
{"ts":1669475128847114966,"type":"point","name":"exType:baseline/permutationIndex:0/run:16/dialer:center/eavesCount:0/latencyMS:150/seq:10/fileSize:1048576/nodeType:Passive/nodeTypeIndex:7/meta:dup_blks_rcvd","measures":{"value":0}}
{"ts":1669475134190851938,"type":"point","name":"exType:baseline/permutationIndex:0/run:17/dialer:center/eavesCount:0/latencyMS:150/seq:10/fileSize:1048576/nodeType:Passive/nodeTypeIndex:7/meta:msgs_rcvd","measures":{"value":101}}
{"ts":1669475134190875975,"type":"point","name":"exType:baseline/permutationIndex:0/run:17/dialer:center/eavesCount:0/latencyMS:150/seq:10/fileSize:1048576/nodeType:Passive/nodeTypeIndex:7/meta:data_sent","measures":{"value":0}}
{"ts":1669475134190878597,"type":"point","name":"exType:baseline/permutationIndex:0/run:17/dialer:center/eavesCount:0/latencyMS:150/seq:10/fileSize:1048576/nodeType:Passive/nodeTypeIndex:7/meta:data_rcvd","measures":{"value":0}}
{"ts":1669475134190880425,"type":"point","name":"exType:baseline/permutationIndex:0/run:17/dialer:center/eavesCount:0/latencyMS:150/seq:10/fileSize:1048576/nodeType:Passive/nodeTypeIndex:7/meta:dup_data_rcvd","measures":{"value":0}}
{"ts":1669475134190882001,"type":"point","name":"exType:baseline/permutationIndex:0/run:17/dialer:center/eavesCount:0/latencyMS:150/seq:10/fileSize:1048576/nodeType:Passive/nodeTypeIndex:7/meta:blks_sent","measures":{"value":0}}
{"ts":1669475134190883591,"type":"point","name":"exType:baseline/permutationIndex:0/run:17/dialer:center/eavesCount:0/latencyMS:150/seq:10/fileSize:1048576/nodeType:Passive/nodeTypeIndex:7/meta:blks_rcvd","measures":{"value":0}}
{"ts":1669475134190885827,"type":"point","name":"exType:baseline/permutationIndex:0/run:17/dialer:center/eavesCount:0/latencyMS:150/seq:10/fileSize:1048576/nodeType:Passive/nodeTypeIndex:7/meta:dup_blks_rcvd","measures":{"value":0}}
{"ts":1669475138519984166,"type":"point","name":"exType:baseline/permutationIndex:0/run:18/dialer:center/eavesCount:0/latencyMS:150/seq:10/fileSize:1048576/nodeType:Passive/nodeTypeIndex:7/meta:msgs_rcvd","measures":{"value":116}}
{"ts":1669475138520008131,"type":"point","name":"exType:baseline/permutationIndex:0/run:18/dialer:center/eavesCount:0/latencyMS:150/seq:10/fileSize:1048576/nodeType:Passive/nodeTypeIndex:7/meta:data_sent","measures":{"value":0}}
{"ts":1669475138520011812,"type":"point","name":"exType:baseline/permutationIndex:0/run:18/dialer:center/eavesCount:0/latencyMS:150/seq:10/fileSize:1048576/nodeType:Passive/nodeTypeIndex:7/meta:data_rcvd","measures":{"value":0}}
{"ts":1669475138520014342,"type":"point","name":"exType:baseline/permutationIndex:0/run:18/dialer:center/eavesCount:0/latencyMS:150/seq:10/fileSize:1048576/nodeType:Passive/nodeTypeIndex:7/meta:dup_data_rcvd","measures":{"value":0}}
{"ts":1669475138520016882,"type":"point","name":"exType:baseline/permutationIndex:0/run:18/dialer:center/eavesCount:0/latencyMS:150/seq:10/fileSize:1048576/nodeType:Passive/nodeTypeIndex:7/meta:blks_sent","measures":{"value":0}}
{"ts":1669475138520019373,"type":"point","name":"exType:baseline/permutationIndex:0/run:18/dialer:center/eavesCount:0/latencyMS:150/seq:10/fileSize:1048576/nodeType:Passive/nodeTypeIndex:7/meta:blks_rcvd","measures":{"value":0}}
{"ts":1669475138520037249,"type":"point","name":"exType:baseline/permutationIndex:0/run:18/dialer:center/eavesCount:0/latencyMS:150/seq:10/fileSize:1048576/nodeType:Passive/nodeTypeIndex:7/meta:dup_blks_rcvd","measures":{"value":0}}
{"ts":1669475142984897150,"type":"point","name":"exType:baseline/permutationIndex:0/run:19/dialer:center/eavesCount:0/latencyMS:150/seq:10/fileSize:1048576/nodeType:Passive/nodeTypeIndex:7/meta:msgs_rcvd","measures":{"value":95}}
{"ts":1669475142984931322,"type":"point","name":"exType:baseline/permutationIndex:0/run:19/dialer:center/eavesCount:0/latencyMS:150/seq:10/fileSize:1048576/nodeType:Passive/nodeTypeIndex:7/meta:data_sent","measures":{"value":0}}
{"ts":1669475142984939413,"type":"point","name":"exType:baseline/permutationIndex:0/run:19/dialer:center/eavesCount:0/latencyMS:150/seq:10/fileSize:1048576/nodeType:Passive/nodeTypeIndex:7/meta:data_rcvd","measures":{"value":0}}
{"ts":1669475142984945051,"type":"point","name":"exType:baseline/permutationIndex:0/run:19/dialer:center/eavesCount:0/latencyMS:150/seq:10/fileSize:1048576/nodeType:Passive/nodeTypeIndex:7/meta:dup_data_rcvd","measures":{"value":0}}
{"ts":1669475142984950185,"type":"point","name":"exType:baseline/permutationIndex:0/run:19/dialer:center/eavesCount:0/latencyMS:150/seq:10/fileSize:1048576/nodeType:Passive/nodeTypeIndex:7/meta:blks_sent","measures":{"value":0}}
{"ts":1669475142984955522,"type":"point","name":"exType:baseline/permutationIndex:0/run:19/dialer:center/eavesCount:0/latencyMS:150/seq:10/fileSize:1048576/nodeType:Passive/nodeTypeIndex:7/meta:blks_rcvd","measures":{"value":0}}
{"ts":1669475142984960339,"type":"point","name":"exType:baseline/permutationIndex:0/run:19/dialer:center/eavesCount:0/latencyMS:150/seq:10/fileSize:1048576/nodeType:Passive/nodeTypeIndex:7/meta:dup_blks_rcvd","measures":{"value":0}}
{"ts":1669475147495698998,"type":"point","name":"exType:baseline/permutationIndex:0/run:20/dialer:center/eavesCount:0/latencyMS:150/seq:10/fileSize:1048576/nodeType:Passive/nodeTypeIndex:7/meta:msgs_rcvd","measures":{"value":149}}
{"ts":1669475147495720538,"type":"point","name":"exType:baseline/permutationIndex:0/run:20/dialer:center/eavesCount:0/latencyMS:150/seq:10/fileSize:1048576/nodeType:Passive/nodeTypeIndex:7/meta:data_sent","measures":{"value":0}}
{"ts":1669475147495725300,"type":"point","name":"exType:baseline/permutationIndex:0/run:20/dialer:center/eavesCount:0/latencyMS:150/seq:10/fileSize:1048576/nodeType:Passive/nodeTypeIndex:7/meta:data_rcvd","measures":{"value":0}}
{"ts":1669475147495727947,"type":"point","name":"exType:baseline/permutationIndex:0/run:20/dialer:center/eavesCount:0/latencyMS:150/seq:10/fileSize:1048576/nodeType:Passive/nodeTypeIndex:7/meta:dup_data_rcvd","measures":{"value":0}}
{"ts":1669475147495730352,"type":"point","name":"exType:baseline/permutationIndex:0/run:20/dialer:center/eavesCount:0/latencyMS:150/seq:10/fileSize:1048576/nodeType:Passive/nodeTypeIndex:7/meta:blks_sent","measures":{"value":0}}
{"ts":1669475147495733134,"type":"point","name":"exType:baseline/permutationIndex:0/run:20/dialer:center/eavesCount:0/latencyMS:150/seq:10/fileSize:1048576/nodeType:Passive/nodeTypeIndex:7/meta:blks_rcvd","measures":{"value":0}}
{"ts":1669475147495737539,"type":"point","name":"exType:baseline/permutationIndex:0/run:20/dialer:center/eavesCount:0/latencyMS:150/seq:10/fileSize:1048576/nodeType:Passive/nodeTypeIndex:7/meta:dup_blks_rcvd","measures":{"value":0}}
{"ts":1669475152004143586,"type":"point","name":"exType:baseline/permutationIndex:0/run:21/dialer:center/eavesCount:0/latencyMS:150/seq:10/fileSize:1048576/nodeType:Passive/nodeTypeIndex:7/meta:msgs_rcvd","measures":{"value":113}}
{"ts":1669475152004175771,"type":"point","name":"exType:baseline/permutationIndex:0/run:21/dialer:center/eavesCount:0/latencyMS:150/seq:10/fileSize:1048576/nodeType:Passive/nodeTypeIndex:7/meta:data_sent","measures":{"value":0}}
{"ts":1669475152004179555,"type":"point","name":"exType:baseline/permutationIndex:0/run:21/dialer:center/eavesCount:0/latencyMS:150/seq:10/fileSize:1048576/nodeType:Passive/nodeTypeIndex:7/meta:data_rcvd","measures":{"value":0}}
{"ts":1669475152004189369,"type":"point","name":"exType:baseline/permutationIndex:0/run:21/dialer:center/eavesCount:0/latencyMS:150/seq:10/fileSize:1048576/nodeType:Passive/nodeTypeIndex:7/meta:dup_data_rcvd","measures":{"value":0}}
{"ts":1669475152004192058,"type":"point","name":"exType:baseline/permutationIndex:0/run:21/dialer:center/eavesCount:0/latencyMS:150/seq:10/fileSize:1048576/nodeType:Passive/nodeTypeIndex:7/meta:blks_sent","measures":{"value":0}}
{"ts":1669475152004194344,"type":"point","name":"exType:baseline/permutationIndex:0/run:21/dialer:center/eavesCount:0/latencyMS:150/seq:10/fileSize:1048576/nodeType:Passive/nodeTypeIndex:7/meta:blks_rcvd","measures":{"value":0}}
{"ts":1669475152004196674,"type":"point","name":"exType:baseline/permutationIndex:0/run:21/dialer:center/eavesCount:0/latencyMS:150/seq:10/fileSize:1048576/nodeType:Passive/nodeTypeIndex:7/meta:dup_blks_rcvd","measures":{"value":0}}
{"ts":1669475156470885844,"type":"point","name":"exType:baseline/permutationIndex:0/run:22/dialer:center/eavesCount:0/latencyMS:150/seq:10/fileSize:1048576/nodeType:Passive/nodeTypeIndex:7/meta:msgs_rcvd","measures":{"value":65}}
{"ts":1669475156470913987,"type":"point","name":"exType:baseline/permutationIndex:0/run:22/dialer:center/eavesCount:0/latencyMS:150/seq:10/fileSize:1048576/nodeType:Passive/nodeTypeIndex:7/meta:data_sent","measures":{"value":0}}
{"ts":1669475156470917317,"type":"point","name":"exType:baseline/permutationIndex:0/run:22/dialer:center/eavesCount:0/latencyMS:150/seq:10/fileSize:1048576/nodeType:Passive/nodeTypeIndex:7/meta:data_rcvd","measures":{"value":0}}
{"ts":1669475156470920069,"type":"point","name":"exType:baseline/permutationIndex:0/run:22/dialer:center/eavesCount:0/latencyMS:150/seq:10/fileSize:1048576/nodeType:Passive/nodeTypeIndex:7/meta:dup_data_rcvd","measures":{"value":0}}
{"ts":1669475156470922568,"type":"point","name":"exType:baseline/permutationIndex:0/run:22/dialer:center/eavesCount:0/latencyMS:150/seq:10/fileSize:1048576/nodeType:Passive/nodeTypeIndex:7/meta:blks_sent","measures":{"value":0}}
{"ts":1669475156470925106,"type":"point","name":"exType:baseline/permutationIndex:0/run:22/dialer:center/eavesCount:0/latencyMS:150/seq:10/fileSize:1048576/nodeType:Passive/nodeTypeIndex:7/meta:blks_rcvd","measures":{"value":0}}
{"ts":1669475156470927763,"type":"point","name":"exType:baseline/permutationIndex:0/run:22/dialer:center/eavesCount:0/latencyMS:150/seq:10/fileSize:1048576/nodeType:Passive/nodeTypeIndex:7/meta:dup_blks_rcvd","measures":{"value":0}}
{"ts":1669475161247819002,"type":"point","name":"exType:baseline/permutationIndex:0/run:23/dialer:center/eavesCount:0/latencyMS:150/seq:10/fileSize:1048576/nodeType:Passive/nodeTypeIndex:7/meta:msgs_rcvd","measures":{"value":76}}
{"ts":1669475161247839272,"type":"point","name":"exType:baseline/permutationIndex:0/run:23/dialer:center/eavesCount:0/latencyMS:150/seq:10/fileSize:1048576/nodeType:Passive/nodeTypeIndex:7/meta:data_sent","measures":{"value":0}}
{"ts":1669475161247841833,"type":"point","name":"exType:baseline/permutationIndex:0/run:23/dialer:center/eavesCount:0/latencyMS:150/seq:10/fileSize:1048576/nodeType:Passive/nodeTypeIndex:7/meta:data_rcvd","measures":{"value":0}}
{"ts":1669475161247843603,"type":"point","name":"exType:baseline/permutationIndex:0/run:23/dialer:center/eavesCount:0/latencyMS:150/seq:10/fileSize:1048576/nodeType:Passive/nodeTypeIndex:7/meta:dup_data_rcvd","measures":{"value":0}}
{"ts":1669475161247845184,"type":"point","name":"exType:baseline/permutationIndex:0/run:23/dialer:center/eavesCount:0/latencyMS:150/seq:10/fileSize:1048576/nodeType:Passive/nodeTypeIndex:7/meta:blks_sent","measures":{"value":0}}
{"ts":1669475161247847028,"type":"point","name":"exType:baseline/permutationIndex:0/run:23/dialer:center/eavesCount:0/latencyMS:150/seq:10/fileSize:1048576/nodeType:Passive/nodeTypeIndex:7/meta:blks_rcvd","measures":{"value":0}}
{"ts":1669475161247849549,"type":"point","name":"exType:baseline/permutationIndex:0/run:23/dialer:center/eavesCount:0/latencyMS:150/seq:10/fileSize:1048576/nodeType:Passive/nodeTypeIndex:7/meta:dup_blks_rcvd","measures":{"value":0}}
{"ts":1669475165690837910,"type":"point","name":"exType:baseline/permutationIndex:0/run:24/dialer:center/eavesCount:0/latencyMS:150/seq:10/fileSize:1048576/nodeType:Passive/nodeTypeIndex:7/meta:msgs_rcvd","measures":{"value":62}}
{"ts":1669475165690967450,"type":"point","name":"exType:baseline/permutationIndex:0/run:24/dialer:center/eavesCount:0/latencyMS:150/seq:10/fileSize:1048576/nodeType:Passive/nodeTypeIndex:7/meta:data_sent","measures":{"value":0}}
{"ts":1669475165690979865,"type":"point","name":"exType:baseline/permutationIndex:0/run:24/dialer:center/eavesCount:0/latencyMS:150/seq:10/fileSize:1048576/nodeType:Passive/nodeTypeIndex:7/meta:data_rcvd","measures":{"value":0}}
{"ts":1669475165690984510,"type":"point","name":"exType:baseline/permutationIndex:0/run:24/dialer:center/eavesCount:0/latencyMS:150/seq:10/fileSize:1048576/nodeType:Passive/nodeTypeIndex:7/meta:dup_data_rcvd","measures":{"value":0}}
{"ts":1669475165690988423,"type":"point","name":"exType:baseline/permutationIndex:0/run:24/dialer:center/eavesCount:0/latencyMS:150/seq:10/fileSize:1048576/nodeType:Passive/nodeTypeIndex:7/meta:blks_sent","measures":{"value":0}}
{"ts":1669475165690992492,"type":"point","name":"exType:baseline/permutationIndex:0/run:24/dialer:center/eavesCount:0/latencyMS:150/seq:10/fileSize:1048576/nodeType:Passive/nodeTypeIndex:7/meta:blks_rcvd","measures":{"value":0}}
{"ts":1669475165691007267,"type":"point","name":"exType:baseline/permutationIndex:0/run:24/dialer:center/eavesCount:0/latencyMS:150/seq:10/fileSize:1048576/nodeType:Passive/nodeTypeIndex:7/meta:dup_blks_rcvd","measures":{"value":0}}
