{"ts":1670665318237400337,"type":"point","name":"exType:trickle/permutationIndex:0/run:1/dialer:edge/eavesCount:0/latencyMS:100/tricklingDelay:0/seq:6/fileSize:1048576/nodeType:Passive/nodeTypeIndex:3/meta:msgs_rcvd","measures":{"value":51}}
{"ts":1670665318237519427,"type":"point","name":"exType:trickle/permutationIndex:0/run:1/dialer:edge/eavesCount:0/latencyMS:100/tricklingDelay:0/seq:6/fileSize:1048576/nodeType:Passive/nodeTypeIndex:3/meta:data_sent","measures":{"value":2884338}}
{"ts":1670665318237545376,"type":"point","name":"exType:trickle/permutationIndex:0/run:1/dialer:edge/eavesCount:0/latencyMS:100/tricklingDelay:0/seq:6/fileSize:1048576/nodeType:Passive/nodeTypeIndex:3/meta:data_rcvd","measures":{"value":1835706}}
{"ts":1670665318237565802,"type":"point","name":"exType:trickle/permutationIndex:0/run:1/dialer:edge/eavesCount:0/latencyMS:100/tricklingDelay:0/seq:6/fileSize:1048576/nodeType:Passive/nodeTypeIndex:3/meta:dup_data_rcvd","measures":{"value":786874}}
{"ts":1670665318237587729,"type":"point","name":"exType:trickle/permutationIndex:0/run:1/dialer:edge/eavesCount:0/latencyMS:100/tricklingDelay:0/seq:6/fileSize:1048576/nodeType:Passive/nodeTypeIndex:3/meta:blks_sent","measures":{"value":14}}
{"ts":1670665318237608277,"type":"point","name":"exType:trickle/permutationIndex:0/run:1/dialer:edge/eavesCount:0/latencyMS:100/tricklingDelay:0/seq:6/fileSize:1048576/nodeType:Passive/nodeTypeIndex:3/meta:blks_rcvd","measures":{"value":10}}
{"ts":1670665318237628602,"type":"point","name":"exType:trickle/permutationIndex:0/run:1/dialer:edge/eavesCount:0/latencyMS:100/tricklingDelay:0/seq:6/fileSize:1048576/nodeType:Passive/nodeTypeIndex:3/meta:dup_blks_rcvd","measures":{"value":5}}
{"ts":1670665329011415027,"type":"point","name":"exType:trickle/permutationIndex:0/run:2/dialer:edge/eavesCount:0/latencyMS:100/tricklingDelay:0/seq:6/fileSize:1048576/nodeType:Passive/nodeTypeIndex:3/meta:msgs_rcvd","measures":{"value":46}}
{"ts":1670665329011473148,"type":"point","name":"exType:trickle/permutationIndex:0/run:2/dialer:edge/eavesCount:0/latencyMS:100/tricklingDelay:0/seq:6/fileSize:1048576/nodeType:Passive/nodeTypeIndex:3/meta:data_sent","measures":{"value":2097864}}
{"ts":1670665329011479297,"type":"point","name":"exType:trickle/permutationIndex:0/run:2/dialer:edge/eavesCount:0/latencyMS:100/tricklingDelay:0/seq:6/fileSize:1048576/nodeType:Passive/nodeTypeIndex:3/meta:data_rcvd","measures":{"value":2097664}}
{"ts":1670665329011483540,"type":"point","name":"exType:trickle/permutationIndex:0/run:2/dialer:edge/eavesCount:0/latencyMS:100/tricklingDelay:0/seq:6/fileSize:1048576/nodeType:Passive/nodeTypeIndex:3/meta:dup_data_rcvd","measures":{"value":1048832}}
{"ts":1670665329011487580,"type":"point","name":"exType:trickle/permutationIndex:0/run:2/dialer:edge/eavesCount:0/latencyMS:100/tricklingDelay:0/seq:6/fileSize:1048576/nodeType:Passive/nodeTypeIndex:3/meta:blks_sent","measures":{"value":11}}
{"ts":1670665329011491626,"type":"point","name":"exType:trickle/permutationIndex:0/run:2/dialer:edge/eavesCount:0/latencyMS:100/tricklingDelay:0/seq:6/fileSize:1048576/nodeType:Passive/nodeTypeIndex:3/meta:blks_rcvd","measures":{"value":10}}
{"ts":1670665329011495736,"type":"point","name":"exType:trickle/permutationIndex:0/run:2/dialer:edge/eavesCount:0/latencyMS:100/tricklingDelay:0/seq:6/fileSize:1048576/nodeType:Passive/nodeTypeIndex:3/meta:dup_blks_rcvd","measures":{"value":5}}
{"ts":1670665339659306185,"type":"point","name":"exType:trickle/permutationIndex:0/run:3/dialer:edge/eavesCount:0/latencyMS:100/tricklingDelay:0/seq:6/fileSize:1048576/nodeType:Passive/nodeTypeIndex:3/meta:msgs_rcvd","measures":{"value":43}}
{"ts":1670665339659320905,"type":"point","name":"exType:trickle/permutationIndex:0/run:3/dialer:edge/eavesCount:0/latencyMS:100/tricklingDelay:0/seq:6/fileSize:1048576/nodeType:Passive/nodeTypeIndex:3/meta:data_sent","measures":{"value":1835706}}
{"ts":1670665339659325577,"type":"point","name":"exType:trickle/permutationIndex:0/run:3/dialer:edge/eavesCount:0/latencyMS:100/tricklingDelay:0/seq:6/fileSize:1048576/nodeType:Passive/nodeTypeIndex:3/meta:data_rcvd","measures":{"value":2621780}}
{"ts":1670665339659335059,"type":"point","name":"exType:trickle/permutationIndex:0/run:3/dialer:edge/eavesCount:0/latencyMS:100/tricklingDelay:0/seq:6/fileSize:1048576/nodeType:Passive/nodeTypeIndex:3/meta:dup_data_rcvd","measures":{"value":1310790}}
{"ts":1670665339659337691,"type":"point","name":"exType:trickle/permutationIndex:0/run:3/dialer:edge/eavesCount:0/latencyMS:100/tricklingDelay:0/seq:6/fileSize:1048576/nodeType:Passive/nodeTypeIndex:3/meta:blks_sent","measures":{"value":10}}
{"ts":1670665339659340072,"type":"point","name":"exType:trickle/permutationIndex:0/run:3/dialer:edge/eavesCount:0/latencyMS:100/tricklingDelay:0/seq:6/fileSize:1048576/nodeType:Passive/nodeTypeIndex:3/meta:blks_rcvd","measures":{"value":11}}
{"ts":1670665339659342595,"type":"point","name":"exType:trickle/permutationIndex:0/run:3/dialer:edge/eavesCount:0/latencyMS:100/tricklingDelay:0/seq:6/fileSize:1048576/nodeType:Passive/nodeTypeIndex:3/meta:dup_blks_rcvd","measures":{"value":5}}
{"ts":1670665350597696834,"type":"point","name":"exType:trickle/permutationIndex:0/run:4/dialer:edge/eavesCount:0/latencyMS:100/tricklingDelay:0/seq:6/fileSize:1048576/nodeType:Passive/nodeTypeIndex:3/meta:msgs_rcvd","measures":{"value":45}}
{"ts":1670665350597785967,"type":"point","name":"exType:trickle/permutationIndex:0/run:4/dialer:edge/eavesCount:0/latencyMS:100/tricklingDelay:0/seq:6/fileSize:1048576/nodeType:Passive/nodeTypeIndex:3/meta:data_sent","measures":{"value":2360022}}
{"ts":1670665350597816439,"type":"point","name":"exType:trickle/permutationIndex:0/run:4/dialer:edge/eavesCount:0/latencyMS:100/tricklingDelay:0/seq:6/fileSize:1048576/nodeType:Passive/nodeTypeIndex:3/meta:data_rcvd","measures":{"value":2097664}}
{"ts":1670665350597839788,"type":"point","name":"exType:trickle/permutationIndex:0/run:4/dialer:edge/eavesCount:0/latencyMS:100/tricklingDelay:0/seq:6/fileSize:1048576/nodeType:Passive/nodeTypeIndex:3/meta:dup_data_rcvd","measures":{"value":1048832}}
{"ts":1670665350597861099,"type":"point","name":"exType:trickle/permutationIndex:0/run:4/dialer:edge/eavesCount:0/latencyMS:100/tricklingDelay:0/seq:6/fileSize:1048576/nodeType:Passive/nodeTypeIndex:3/meta:blks_sent","measures":{"value":12}}
{"ts":1670665350597883100,"type":"point","name":"exType:trickle/permutationIndex:0/run:4/dialer:edge/eavesCount:0/latencyMS:100/tricklingDelay:0/seq:6/fileSize:1048576/nodeType:Passive/nodeTypeIndex:3/meta:blks_rcvd","measures":{"value":10}}
{"ts":1670665350597905053,"type":"point","name":"exType:trickle/permutationIndex:0/run:4/dialer:edge/eavesCount:0/latencyMS:100/tricklingDelay:0/seq:6/fileSize:1048576/nodeType:Passive/nodeTypeIndex:3/meta:dup_blks_rcvd","measures":{"value":5}}
{"ts":1670665360735284126,"type":"point","name":"exType:trickle/permutationIndex:0/run:5/dialer:edge/eavesCount:0/latencyMS:100/tricklingDelay:0/seq:6/fileSize:1048576/nodeType:Passive/nodeTypeIndex:3/meta:msgs_rcvd","measures":{"value":47}}
{"ts":1670665360735388425,"type":"point","name":"exType:trickle/permutationIndex:0/run:5/dialer:edge/eavesCount:0/latencyMS:100/tricklingDelay:0/seq:6/fileSize:1048576/nodeType:Passive/nodeTypeIndex:3/meta:data_sent","measures":{"value":1573548}}
{"ts":1670665360735417149,"type":"point","name":"exType:trickle/permutationIndex:0/run:5/dialer:edge/eavesCount:0/latencyMS:100/tricklingDelay:0/seq:6/fileSize:1048576/nodeType:Passive/nodeTypeIndex:3/meta:data_rcvd","measures":{"value":2621980}}
{"ts":1670665360735438265,"type":"point","name":"exType:trickle/permutationIndex:0/run:5/dialer:edge/eavesCount:0/latencyMS:100/tricklingDelay:0/seq:6/fileSize:1048576/nodeType:Passive/nodeTypeIndex:3/meta:dup_data_rcvd","measures":{"value":1048832}}
{"ts":1670665360735457365,"type":"point","name":"exType:trickle/permutationIndex:0/run:5/dialer:edge/eavesCount:0/latencyMS:100/tricklingDelay:0/seq:6/fileSize:1048576/nodeType:Passive/nodeTypeIndex:3/meta:blks_sent","measures":{"value":9}}
{"ts":1670665360735476603,"type":"point","name":"exType:trickle/permutationIndex:0/run:5/dialer:edge/eavesCount:0/latencyMS:100/tricklingDelay:0/seq:6/fileSize:1048576/nodeType:Passive/nodeTypeIndex:3/meta:blks_rcvd","measures":{"value":12}}
{"ts":1670665360735534512,"type":"point","name":"exType:trickle/permutationIndex:0/run:5/dialer:edge/eavesCount:0/latencyMS:100/tricklingDelay:0/seq:6/fileSize:1048576/nodeType:Passive/nodeTypeIndex:3/meta:dup_blks_rcvd","measures":{"value":5}}
{"ts":1670665371581503842,"type":"point","name":"exType:trickle/permutationIndex:0/run:6/dialer:edge/eavesCount:0/latencyMS:100/tricklingDelay:0/seq:6/fileSize:1048576/nodeType:Passive/nodeTypeIndex:3/meta:msgs_rcvd","measures":{"value":48}}
{"ts":1670665371581584440,"type":"point","name":"exType:trickle/permutationIndex:0/run:6/dialer:edge/eavesCount:0/latencyMS:100/tricklingDelay:0/seq:6/fileSize:1048576/nodeType:Passive/nodeTypeIndex:3/meta:data_sent","measures":{"value":2359822}}
{"ts":1670665371581613955,"type":"point","name":"exType:trickle/permutationIndex:0/run:6/dialer:edge/eavesCount:0/latencyMS:100/tricklingDelay:0/seq:6/fileSize:1048576/nodeType:Passive/nodeTypeIndex:3/meta:data_rcvd","measures":{"value":1835706}}
{"ts":1670665371581635541,"type":"point","name":"exType:trickle/permutationIndex:0/run:6/dialer:edge/eavesCount:0/latencyMS:100/tricklingDelay:0/seq:6/fileSize:1048576/nodeType:Passive/nodeTypeIndex:3/meta:dup_data_rcvd","measures":{"value":786874}}
{"ts":1670665371581656342,"type":"point","name":"exType:trickle/permutationIndex:0/run:6/dialer:edge/eavesCount:0/latencyMS:100/tricklingDelay:0/seq:6/fileSize:1048576/nodeType:Passive/nodeTypeIndex:3/meta:blks_sent","measures":{"value":11}}
{"ts":1670665371581677638,"type":"point","name":"exType:trickle/permutationIndex:0/run:6/dialer:edge/eavesCount:0/latencyMS:100/tricklingDelay:0/seq:6/fileSize:1048576/nodeType:Passive/nodeTypeIndex:3/meta:blks_rcvd","measures":{"value":10}}
{"ts":1670665371581699427,"type":"point","name":"exType:trickle/permutationIndex:0/run:6/dialer:edge/eavesCount:0/latencyMS:100/tricklingDelay:0/seq:6/fileSize:1048576/nodeType:Passive/nodeTypeIndex:3/meta:dup_blks_rcvd","measures":{"value":5}}
{"ts":1670665382112581374,"type":"point","name":"exType:trickle/permutationIndex:0/run:7/dialer:edge/eavesCount:0/latencyMS:100/tricklingDelay:0/seq:6/fileSize:1048576/nodeType:Passive/nodeTypeIndex:3/meta:msgs_rcvd","measures":{"value":49}}
{"ts":1670665382112687174,"type":"point","name":"exType:trickle/permutationIndex:0/run:7/dialer:edge/eavesCount:0/latencyMS:100/tricklingDelay:0/seq:6/fileSize:1048576/nodeType:Passive/nodeTypeIndex:3/meta:data_sent","measures":{"value":2359622}}
{"ts":1670665382112724488,"type":"point","name":"exType:trickle/permutationIndex:0/run:7/dialer:edge/eavesCount:0/latencyMS:100/tricklingDelay:0/seq:6/fileSize:1048576/nodeType:Passive/nodeTypeIndex:3/meta:data_rcvd","measures":{"value":2360022}}
{"ts":1670665382112744651,"type":"point","name":"exType:trickle/permutationIndex:0/run:7/dialer:edge/eavesCount:0/latencyMS:100/tricklingDelay:0/seq:6/fileSize:1048576/nodeType:Passive/nodeTypeIndex:3/meta:dup_data_rcvd","measures":{"value":1311190}}
{"ts":1670665382112766455,"type":"point","name":"exType:trickle/permutationIndex:0/run:7/dialer:edge/eavesCount:0/latencyMS:100/tricklingDelay:0/seq:6/fileSize:1048576/nodeType:Passive/nodeTypeIndex:3/meta:blks_sent","measures":{"value":10}}
{"ts":1670665382112787992,"type":"point","name":"exType:trickle/permutationIndex:0/run:7/dialer:edge/eavesCount:0/latencyMS:100/tricklingDelay:0/seq:6/fileSize:1048576/nodeType:Passive/nodeTypeIndex:3/meta:blks_rcvd","measures":{"value":12}}
{"ts":1670665382112807912,"type":"point","name":"exType:trickle/permutationIndex:0/run:7/dialer:edge/eavesCount:0/latencyMS:100/tricklingDelay:0/seq:6/fileSize:1048576/nodeType:Passive/nodeTypeIndex:3/meta:dup_blks_rcvd","measures":{"value":7}}
{"ts":1670665393010976033,"type":"point","name":"exType:trickle/permutationIndex:0/run:8/dialer:edge/eavesCount:0/latencyMS:100/tricklingDelay:0/seq:6/fileSize:1048576/nodeType:Passive/nodeTypeIndex:3/meta:msgs_rcvd","measures":{"value":48}}
{"ts":1670665393011576232,"type":"point","name":"exType:trickle/permutationIndex:0/run:8/dialer:edge/eavesCount:0/latencyMS:100/tricklingDelay:0/seq:6/fileSize:1048576/nodeType:Passive/nodeTypeIndex:3/meta:data_sent","measures":{"value":1835706}}
{"ts":1670665393011640697,"type":"point","name":"exType:trickle/permutationIndex:0/run:8/dialer:edge/eavesCount:0/latencyMS:100/tricklingDelay:0/seq:6/fileSize:1048576/nodeType:Passive/nodeTypeIndex:3/meta:data_rcvd","measures":{"value":2621980}}
{"ts":1670665393011665648,"type":"point","name":"exType:trickle/permutationIndex:0/run:8/dialer:edge/eavesCount:0/latencyMS:100/tricklingDelay:0/seq:6/fileSize:1048576/nodeType:Passive/nodeTypeIndex:3/meta:dup_data_rcvd","measures":{"value":1573148}}
{"ts":1670665393011687022,"type":"point","name":"exType:trickle/permutationIndex:0/run:8/dialer:edge/eavesCount:0/latencyMS:100/tricklingDelay:0/seq:6/fileSize:1048576/nodeType:Passive/nodeTypeIndex:3/meta:blks_sent","measures":{"value":10}}
{"ts":1670665393011708192,"type":"point","name":"exType:trickle/permutationIndex:0/run:8/dialer:edge/eavesCount:0/latencyMS:100/tricklingDelay:0/seq:6/fileSize:1048576/nodeType:Passive/nodeTypeIndex:3/meta:blks_rcvd","measures":{"value":12}}
{"ts":1670665393011728637,"type":"point","name":"exType:trickle/permutationIndex:0/run:8/dialer:edge/eavesCount:0/latencyMS:100/tricklingDelay:0/seq:6/fileSize:1048576/nodeType:Passive/nodeTypeIndex:3/meta:dup_blks_rcvd","measures":{"value":7}}
{"ts":1670665404094493004,"type":"point","name":"exType:trickle/permutationIndex:0/run:9/dialer:edge/eavesCount:0/latencyMS:100/tricklingDelay:0/seq:6/fileSize:1048576/nodeType:Passive/nodeTypeIndex:3/meta:msgs_rcvd","measures":{"value":52}}
{"ts":1670665404094585467,"type":"point","name":"exType:trickle/permutationIndex:0/run:9/dialer:edge/eavesCount:0/latencyMS:100/tricklingDelay:0/seq:6/fileSize:1048576/nodeType:Passive/nodeTypeIndex:3/meta:data_sent","measures":{"value":2884138}}
{"ts":1670665404094614886,"type":"point","name":"exType:trickle/permutationIndex:0/run:9/dialer:edge/eavesCount:0/latencyMS:100/tricklingDelay:0/seq:6/fileSize:1048576/nodeType:Passive/nodeTypeIndex:3/meta:data_rcvd","measures":{"value":2097864}}
{"ts":1670665404094636340,"type":"point","name":"exType:trickle/permutationIndex:0/run:9/dialer:edge/eavesCount:0/latencyMS:100/tricklingDelay:0/seq:6/fileSize:1048576/nodeType:Passive/nodeTypeIndex:3/meta:dup_data_rcvd","measures":{"value":1049032}}
{"ts":1670665404094656101,"type":"point","name":"exType:trickle/permutationIndex:0/run:9/dialer:edge/eavesCount:0/latencyMS:100/tricklingDelay:0/seq:6/fileSize:1048576/nodeType:Passive/nodeTypeIndex:3/meta:blks_sent","measures":{"value":13}}
{"ts":1670665404094679232,"type":"point","name":"exType:trickle/permutationIndex:0/run:9/dialer:edge/eavesCount:0/latencyMS:100/tricklingDelay:0/seq:6/fileSize:1048576/nodeType:Passive/nodeTypeIndex:3/meta:blks_rcvd","measures":{"value":11}}
{"ts":1670665404094699243,"type":"point","name":"exType:trickle/permutationIndex:0/run:9/dialer:edge/eavesCount:0/latencyMS:100/tricklingDelay:0/seq:6/fileSize:1048576/nodeType:Passive/nodeTypeIndex:3/meta:dup_blks_rcvd","measures":{"value":6}}
{"ts":1670665415333472180,"type":"point","name":"exType:trickle/permutationIndex:0/run:10/dialer:edge/eavesCount:0/latencyMS:100/tricklingDelay:0/seq:6/fileSize:1048576/nodeType:Passive/nodeTypeIndex:3/meta:msgs_rcvd","measures":{"value":52}}
{"ts":1670665415333566316,"type":"point","name":"exType:trickle/permutationIndex:0/run:10/dialer:edge/eavesCount:0/latencyMS:100/tricklingDelay:0/seq:6/fileSize:1048576/nodeType:Passive/nodeTypeIndex:3/meta:data_sent","measures":{"value":1573548}}
{"ts":1670665415333600546,"type":"point","name":"exType:trickle/permutationIndex:0/run:10/dialer:edge/eavesCount:0/latencyMS:100/tricklingDelay:0/seq:6/fileSize:1048576/nodeType:Passive/nodeTypeIndex:3/meta:data_rcvd","measures":{"value":3146296}}
{"ts":1670665415333622760,"type":"point","name":"exType:trickle/permutationIndex:0/run:10/dialer:edge/eavesCount:0/latencyMS:100/tricklingDelay:0/seq:6/fileSize:1048576/nodeType:Passive/nodeTypeIndex:3/meta:dup_data_rcvd","measures":{"value":2097464}}
{"ts":1670665415333679339,"type":"point","name":"exType:trickle/permutationIndex:0/run:10/dialer:edge/eavesCount:0/latencyMS:100/tricklingDelay:0/seq:6/fileSize:1048576/nodeType:Passive/nodeTypeIndex:3/meta:blks_sent","measures":{"value":9}}
{"ts":1670665415333701781,"type":"point","name":"exType:trickle/permutationIndex:0/run:10/dialer:edge/eavesCount:0/latencyMS:100/tricklingDelay:0/seq:6/fileSize:1048576/nodeType:Passive/nodeTypeIndex:3/meta:blks_rcvd","measures":{"value":14}}
{"ts":1670665415333723476,"type":"point","name":"exType:trickle/permutationIndex:0/run:10/dialer:edge/eavesCount:0/latencyMS:100/tricklingDelay:0/seq:6/fileSize:1048576/nodeType:Passive/nodeTypeIndex:3/meta:dup_blks_rcvd","measures":{"value":9}}
{"ts":1670665425917011384,"type":"point","name":"exType:trickle/permutationIndex:0/run:11/dialer:edge/eavesCount:0/latencyMS:100/tricklingDelay:0/seq:6/fileSize:1048576/nodeType:Passive/nodeTypeIndex:3/meta:msgs_rcvd","measures":{"value":54}}
{"ts":1670665425917087976,"type":"point","name":"exType:trickle/permutationIndex:0/run:11/dialer:edge/eavesCount:0/latencyMS:100/tricklingDelay:0/seq:6/fileSize:1048576/nodeType:Passive/nodeTypeIndex:3/meta:data_sent","measures":{"value":2622180}}
{"ts":1670665425917114610,"type":"point","name":"exType:trickle/permutationIndex:0/run:11/dialer:edge/eavesCount:0/latencyMS:100/tricklingDelay:0/seq:6/fileSize:1048576/nodeType:Passive/nodeTypeIndex:3/meta:data_rcvd","measures":{"value":2097864}}
{"ts":1670665425917137579,"type":"point","name":"exType:trickle/permutationIndex:0/run:11/dialer:edge/eavesCount:0/latencyMS:100/tricklingDelay:0/seq:6/fileSize:1048576/nodeType:Passive/nodeTypeIndex:3/meta:dup_data_rcvd","measures":{"value":1049032}}
{"ts":1670665425917159845,"type":"point","name":"exType:trickle/permutationIndex:0/run:11/dialer:edge/eavesCount:0/latencyMS:100/tricklingDelay:0/seq:6/fileSize:1048576/nodeType:Passive/nodeTypeIndex:3/meta:blks_sent","measures":{"value":13}}
{"ts":1670665425917181343,"type":"point","name":"exType:trickle/permutationIndex:0/run:11/dialer:edge/eavesCount:0/latencyMS:100/tricklingDelay:0/seq:6/fileSize:1048576/nodeType:Passive/nodeTypeIndex:3/meta:blks_rcvd","measures":{"value":11}}
{"ts":1670665425917202090,"type":"point","name":"exType:trickle/permutationIndex:0/run:11/dialer:edge/eavesCount:0/latencyMS:100/tricklingDelay:0/seq:6/fileSize:1048576/nodeType:Passive/nodeTypeIndex:3/meta:dup_blks_rcvd","measures":{"value":6}}
{"ts":1670665436594110974,"type":"point","name":"exType:trickle/permutationIndex:0/run:12/dialer:edge/eavesCount:0/latencyMS:100/tricklingDelay:0/seq:6/fileSize:1048576/nodeType:Passive/nodeTypeIndex:3/meta:msgs_rcvd","measures":{"value":46}}
{"ts":1670665436594205101,"type":"point","name":"exType:trickle/permutationIndex:0/run:12/dialer:edge/eavesCount:0/latencyMS:100/tricklingDelay:0/seq:6/fileSize:1048576/nodeType:Passive/nodeTypeIndex:3/meta:data_sent","measures":{"value":2360022}}
{"ts":1670665436594229960,"type":"point","name":"exType:trickle/permutationIndex:0/run:12/dialer:edge/eavesCount:0/latencyMS:100/tricklingDelay:0/seq:6/fileSize:1048576/nodeType:Passive/nodeTypeIndex:3/meta:data_rcvd","measures":{"value":2359822}}
{"ts":1670665436594251970,"type":"point","name":"exType:trickle/permutationIndex:0/run:12/dialer:edge/eavesCount:0/latencyMS:100/tricklingDelay:0/seq:6/fileSize:1048576/nodeType:Passive/nodeTypeIndex:3/meta:dup_data_rcvd","measures":{"value":1310990}}
{"ts":1670665436594274549,"type":"point","name":"exType:trickle/permutationIndex:0/run:12/dialer:edge/eavesCount:0/latencyMS:100/tricklingDelay:0/seq:6/fileSize:1048576/nodeType:Passive/nodeTypeIndex:3/meta:blks_sent","measures":{"value":12}}
{"ts":1670665436594296535,"type":"point","name":"exType:trickle/permutationIndex:0/run:12/dialer:edge/eavesCount:0/latencyMS:100/tricklingDelay:0/seq:6/fileSize:1048576/nodeType:Passive/nodeTypeIndex:3/meta:blks_rcvd","measures":{"value":11}}
{"ts":1670665436594317499,"type":"point","name":"exType:trickle/permutationIndex:0/run:12/dialer:edge/eavesCount:0/latencyMS:100/tricklingDelay:0/seq:6/fileSize:1048576/nodeType:Passive/nodeTypeIndex:3/meta:dup_blks_rcvd","measures":{"value":6}}
{"ts":1670665447121862545,"type":"point","name":"exType:trickle/permutationIndex:0/run:13/dialer:edge/eavesCount:0/latencyMS:100/tricklingDelay:0/seq:6/fileSize:1048576/nodeType:Passive/nodeTypeIndex:3/meta:msgs_rcvd","measures":{"value":46}}
{"ts":1670665447122027023,"type":"point","name":"exType:trickle/permutationIndex:0/run:13/dialer:edge/eavesCount:0/latencyMS:100/tricklingDelay:0/seq:6/fileSize:1048576/nodeType:Passive/nodeTypeIndex:3/meta:data_sent","measures":{"value":2360022}}
{"ts":1670665447122059441,"type":"point","name":"exType:trickle/permutationIndex:0/run:13/dialer:edge/eavesCount:0/latencyMS:100/tricklingDelay:0/seq:6/fileSize:1048576/nodeType:Passive/nodeTypeIndex:3/meta:data_rcvd","measures":{"value":2097664}}
{"ts":1670665447122080340,"type":"point","name":"exType:trickle/permutationIndex:0/run:13/dialer:edge/eavesCount:0/latencyMS:100/tricklingDelay:0/seq:6/fileSize:1048576/nodeType:Passive/nodeTypeIndex:3/meta:dup_data_rcvd","measures":{"value":1048832}}
{"ts":1670665447122103185,"type":"point","name":"exType:trickle/permutationIndex:0/run:13/dialer:edge/eavesCount:0/latencyMS:100/tricklingDelay:0/seq:6/fileSize:1048576/nodeType:Passive/nodeTypeIndex:3/meta:blks_sent","measures":{"value":12}}
{"ts":1670665447122124407,"type":"point","name":"exType:trickle/permutationIndex:0/run:13/dialer:edge/eavesCount:0/latencyMS:100/tricklingDelay:0/seq:6/fileSize:1048576/nodeType:Passive/nodeTypeIndex:3/meta:blks_rcvd","measures":{"value":10}}
{"ts":1670665447122145751,"type":"point","name":"exType:trickle/permutationIndex:0/run:13/dialer:edge/eavesCount:0/latencyMS:100/tricklingDelay:0/seq:6/fileSize:1048576/nodeType:Passive/nodeTypeIndex:3/meta:dup_blks_rcvd","measures":{"value":5}}
{"ts":1670665457917443242,"type":"point","name":"exType:trickle/permutationIndex:0/run:14/dialer:edge/eavesCount:0/latencyMS:100/tricklingDelay:0/seq:6/fileSize:1048576/nodeType:Passive/nodeTypeIndex:3/meta:msgs_rcvd","measures":{"value":51}}
{"ts":1670665457917465105,"type":"point","name":"exType:trickle/permutationIndex:0/run:14/dialer:edge/eavesCount:0/latencyMS:100/tricklingDelay:0/seq:6/fileSize:1048576/nodeType:Passive/nodeTypeIndex:3/meta:data_sent","measures":{"value":2360022}}
{"ts":1670665457917469691,"type":"point","name":"exType:trickle/permutationIndex:0/run:14/dialer:edge/eavesCount:0/latencyMS:100/tricklingDelay:0/seq:6/fileSize:1048576/nodeType:Passive/nodeTypeIndex:3/meta:data_rcvd","measures":{"value":2097864}}
{"ts":1670665457917473456,"type":"point","name":"exType:trickle/permutationIndex:0/run:14/dialer:edge/eavesCount:0/latencyMS:100/tricklingDelay:0/seq:6/fileSize:1048576/nodeType:Passive/nodeTypeIndex:3/meta:dup_data_rcvd","measures":{"value":1049032}}
{"ts":1670665457917477116,"type":"point","name":"exType:trickle/permutationIndex:0/run:14/dialer:edge/eavesCount:0/latencyMS:100/tricklingDelay:0/seq:6/fileSize:1048576/nodeType:Passive/nodeTypeIndex:3/meta:blks_sent","measures":{"value":12}}
{"ts":1670665457917480724,"type":"point","name":"exType:trickle/permutationIndex:0/run:14/dialer:edge/eavesCount:0/latencyMS:100/tricklingDelay:0/seq:6/fileSize:1048576/nodeType:Passive/nodeTypeIndex:3/meta:blks_rcvd","measures":{"value":11}}
{"ts":1670665457917487686,"type":"point","name":"exType:trickle/permutationIndex:0/run:14/dialer:edge/eavesCount:0/latencyMS:100/tricklingDelay:0/seq:6/fileSize:1048576/nodeType:Passive/nodeTypeIndex:3/meta:dup_blks_rcvd","measures":{"value":6}}
{"ts":1670665468524728549,"type":"point","name":"exType:trickle/permutationIndex:0/run:15/dialer:edge/eavesCount:0/latencyMS:100/tricklingDelay:0/seq:6/fileSize:1048576/nodeType:Passive/nodeTypeIndex:3/meta:msgs_rcvd","measures":{"value":49}}
{"ts":1670665468524780052,"type":"point","name":"exType:trickle/permutationIndex:0/run:15/dialer:edge/eavesCount:0/latencyMS:100/tricklingDelay:0/seq:6/fileSize:1048576/nodeType:Passive/nodeTypeIndex:3/meta:data_sent","measures":{"value":1835306}}
{"ts":1670665468524801073,"type":"point","name":"exType:trickle/permutationIndex:0/run:15/dialer:edge/eavesCount:0/latencyMS:100/tricklingDelay:0/seq:6/fileSize:1048576/nodeType:Passive/nodeTypeIndex:3/meta:data_rcvd","measures":{"value":2360022}}
{"ts":1670665468524853582,"type":"point","name":"exType:trickle/permutationIndex:0/run:15/dialer:edge/eavesCount:0/latencyMS:100/tricklingDelay:0/seq:6/fileSize:1048576/nodeType:Passive/nodeTypeIndex:3/meta:dup_data_rcvd","measures":{"value":1311190}}
{"ts":1670665468524876056,"type":"point","name":"exType:trickle/permutationIndex:0/run:15/dialer:edge/eavesCount:0/latencyMS:100/tricklingDelay:0/seq:6/fileSize:1048576/nodeType:Passive/nodeTypeIndex:3/meta:blks_sent","measures":{"value":8}}
{"ts":1670665468524895714,"type":"point","name":"exType:trickle/permutationIndex:0/run:15/dialer:edge/eavesCount:0/latencyMS:100/tricklingDelay:0/seq:6/fileSize:1048576/nodeType:Passive/nodeTypeIndex:3/meta:blks_rcvd","measures":{"value":12}}
{"ts":1670665468524916339,"type":"point","name":"exType:trickle/permutationIndex:0/run:15/dialer:edge/eavesCount:0/latencyMS:100/tricklingDelay:0/seq:6/fileSize:1048576/nodeType:Passive/nodeTypeIndex:3/meta:dup_blks_rcvd","measures":{"value":7}}
{"ts":1670665479180119424,"type":"point","name":"exType:trickle/permutationIndex:0/run:16/dialer:edge/eavesCount:0/latencyMS:100/tricklingDelay:0/seq:6/fileSize:1048576/nodeType:Passive/nodeTypeIndex:3/meta:msgs_rcvd","measures":{"value":50}}
{"ts":1670665479180163405,"type":"point","name":"exType:trickle/permutationIndex:0/run:16/dialer:edge/eavesCount:0/latencyMS:100/tricklingDelay:0/seq:6/fileSize:1048576/nodeType:Passive/nodeTypeIndex:3/meta:data_sent","measures":{"value":2097664}}
{"ts":1670665479180215858,"type":"point","name":"exType:trickle/permutationIndex:0/run:16/dialer:edge/eavesCount:0/latencyMS:100/tricklingDelay:0/seq:6/fileSize:1048576/nodeType:Passive/nodeTypeIndex:3/meta:data_rcvd","measures":{"value":2622180}}
{"ts":1670665479180227922,"type":"point","name":"exType:trickle/permutationIndex:0/run:16/dialer:edge/eavesCount:0/latencyMS:100/tricklingDelay:0/seq:6/fileSize:1048576/nodeType:Passive/nodeTypeIndex:3/meta:dup_data_rcvd","measures":{"value":1573348}}
{"ts":1670665479180238289,"type":"point","name":"exType:trickle/permutationIndex:0/run:16/dialer:edge/eavesCount:0/latencyMS:100/tricklingDelay:0/seq:6/fileSize:1048576/nodeType:Passive/nodeTypeIndex:3/meta:blks_sent","measures":{"value":10}}
{"ts":1670665479180248281,"type":"point","name":"exType:trickle/permutationIndex:0/run:16/dialer:edge/eavesCount:0/latencyMS:100/tricklingDelay:0/seq:6/fileSize:1048576/nodeType:Passive/nodeTypeIndex:3/meta:blks_rcvd","measures":{"value":13}}
{"ts":1670665479180257601,"type":"point","name":"exType:trickle/permutationIndex:0/run:16/dialer:edge/eavesCount:0/latencyMS:100/tricklingDelay:0/seq:6/fileSize:1048576/nodeType:Passive/nodeTypeIndex:3/meta:dup_blks_rcvd","measures":{"value":8}}
{"ts":1670665489935990887,"type":"point","name":"exType:trickle/permutationIndex:0/run:17/dialer:edge/eavesCount:0/latencyMS:100/tricklingDelay:0/seq:6/fileSize:1048576/nodeType:Passive/nodeTypeIndex:3/meta:msgs_rcvd","measures":{"value":48}}
{"ts":1670665489936010015,"type":"point","name":"exType:trickle/permutationIndex:0/run:17/dialer:edge/eavesCount:0/latencyMS:100/tricklingDelay:0/seq:6/fileSize:1048576/nodeType:Passive/nodeTypeIndex:3/meta:data_sent","measures":{"value":1573348}}
{"ts":1670665489936013371,"type":"point","name":"exType:trickle/permutationIndex:0/run:17/dialer:edge/eavesCount:0/latencyMS:100/tricklingDelay:0/seq:6/fileSize:1048576/nodeType:Passive/nodeTypeIndex:3/meta:data_rcvd","measures":{"value":2097864}}
{"ts":1670665489936015864,"type":"point","name":"exType:trickle/permutationIndex:0/run:17/dialer:edge/eavesCount:0/latencyMS:100/tricklingDelay:0/seq:6/fileSize:1048576/nodeType:Passive/nodeTypeIndex:3/meta:dup_data_rcvd","measures":{"value":1049032}}
{"ts":1670665489936018296,"type":"point","name":"exType:trickle/permutationIndex:0/run:17/dialer:edge/eavesCount:0/latencyMS:100/tricklingDelay:0/seq:6/fileSize:1048576/nodeType:Passive/nodeTypeIndex:3/meta:blks_sent","measures":{"value":8}}
{"ts":1670665489936025861,"type":"point","name":"exType:trickle/permutationIndex:0/run:17/dialer:edge/eavesCount:0/latencyMS:100/tricklingDelay:0/seq:6/fileSize:1048576/nodeType:Passive/nodeTypeIndex:3/meta:blks_rcvd","measures":{"value":11}}
{"ts":1670665489936028350,"type":"point","name":"exType:trickle/permutationIndex:0/run:17/dialer:edge/eavesCount:0/latencyMS:100/tricklingDelay:0/seq:6/fileSize:1048576/nodeType:Passive/nodeTypeIndex:3/meta:dup_blks_rcvd","measures":{"value":6}}
{"ts":1670665500744454666,"type":"point","name":"exType:trickle/permutationIndex:0/run:18/dialer:edge/eavesCount:0/latencyMS:100/tricklingDelay:0/seq:6/fileSize:1048576/nodeType:Passive/nodeTypeIndex:3/meta:msgs_rcvd","measures":{"value":45}}
{"ts":1670665500744534120,"type":"point","name":"exType:trickle/permutationIndex:0/run:18/dialer:edge/eavesCount:0/latencyMS:100/tricklingDelay:0/seq:6/fileSize:1048576/nodeType:Passive/nodeTypeIndex:3/meta:data_sent","measures":{"value":2097864}}
{"ts":1670665500744563023,"type":"point","name":"exType:trickle/permutationIndex:0/run:18/dialer:edge/eavesCount:0/latencyMS:100/tricklingDelay:0/seq:6/fileSize:1048576/nodeType:Passive/nodeTypeIndex:3/meta:data_rcvd","measures":{"value":2097664}}
{"ts":1670665500744585013,"type":"point","name":"exType:trickle/permutationIndex:0/run:18/dialer:edge/eavesCount:0/latencyMS:100/tricklingDelay:0/seq:6/fileSize:1048576/nodeType:Passive/nodeTypeIndex:3/meta:dup_data_rcvd","measures":{"value":1048832}}
{"ts":1670665500744605189,"type":"point","name":"exType:trickle/permutationIndex:0/run:18/dialer:edge/eavesCount:0/latencyMS:100/tricklingDelay:0/seq:6/fileSize:1048576/nodeType:Passive/nodeTypeIndex:3/meta:blks_sent","measures":{"value":11}}
{"ts":1670665500744625164,"type":"point","name":"exType:trickle/permutationIndex:0/run:18/dialer:edge/eavesCount:0/latencyMS:100/tricklingDelay:0/seq:6/fileSize:1048576/nodeType:Passive/nodeTypeIndex:3/meta:blks_rcvd","measures":{"value":10}}
{"ts":1670665500744647447,"type":"point","name":"exType:trickle/permutationIndex:0/run:18/dialer:edge/eavesCount:0/latencyMS:100/tricklingDelay:0/seq:6/fileSize:1048576/nodeType:Passive/nodeTypeIndex:3/meta:dup_blks_rcvd","measures":{"value":5}}
{"ts":1670665511667271039,"type":"point","name":"exType:trickle/permutationIndex:0/run:19/dialer:edge/eavesCount:0/latencyMS:100/tricklingDelay:0/seq:6/fileSize:1048576/nodeType:Passive/nodeTypeIndex:3/meta:msgs_rcvd","measures":{"value":39}}
{"ts":1670665511667347870,"type":"point","name":"exType:trickle/permutationIndex:0/run:19/dialer:edge/eavesCount:0/latencyMS:100/tricklingDelay:0/seq:6/fileSize:1048576/nodeType:Passive/nodeTypeIndex:3/meta:data_sent","measures":{"value":3146496}}
{"ts":1670665511667376901,"type":"point","name":"exType:trickle/permutationIndex:0/run:19/dialer:edge/eavesCount:0/latencyMS:100/tricklingDelay:0/seq:6/fileSize:1048576/nodeType:Passive/nodeTypeIndex:3/meta:data_rcvd","measures":{"value":1049032}}
{"ts":1670665511667399106,"type":"point","name":"exType:trickle/permutationIndex:0/run:19/dialer:edge/eavesCount:0/latencyMS:100/tricklingDelay:0/seq:6/fileSize:1048576/nodeType:Passive/nodeTypeIndex:3/meta:dup_data_rcvd","measures":{"value":200}}
{"ts":1670665511667421718,"type":"point","name":"exType:trickle/permutationIndex:0/run:19/dialer:edge/eavesCount:0/latencyMS:100/tricklingDelay:0/seq:6/fileSize:1048576/nodeType:Passive/nodeTypeIndex:3/meta:blks_sent","measures":{"value":15}}
{"ts":1670665511667450226,"type":"point","name":"exType:trickle/permutationIndex:0/run:19/dialer:edge/eavesCount:0/latencyMS:100/tricklingDelay:0/seq:6/fileSize:1048576/nodeType:Passive/nodeTypeIndex:3/meta:blks_rcvd","measures":{"value":6}}
{"ts":1670665511667475191,"type":"point","name":"exType:trickle/permutationIndex:0/run:19/dialer:edge/eavesCount:0/latencyMS:100/tricklingDelay:0/seq:6/fileSize:1048576/nodeType:Passive/nodeTypeIndex:3/meta:dup_blks_rcvd","measures":{"value":1}}
{"ts":1670665522951997179,"type":"point","name":"exType:trickle/permutationIndex:0/run:20/dialer:edge/eavesCount:0/latencyMS:100/tricklingDelay:0/seq:6/fileSize:1048576/nodeType:Passive/nodeTypeIndex:3/meta:msgs_rcvd","measures":{"value":47}}
{"ts":1670665522952137326,"type":"point","name":"exType:trickle/permutationIndex:0/run:20/dialer:edge/eavesCount:0/latencyMS:100/tricklingDelay:0/seq:6/fileSize:1048576/nodeType:Passive/nodeTypeIndex:3/meta:data_sent","measures":{"value":2097864}}
{"ts":1670665522952162513,"type":"point","name":"exType:trickle/permutationIndex:0/run:20/dialer:edge/eavesCount:0/latencyMS:100/tricklingDelay:0/seq:6/fileSize:1048576/nodeType:Passive/nodeTypeIndex:3/meta:data_rcvd","measures":{"value":2359822}}
{"ts":1670665522952173709,"type":"point","name":"exType:trickle/permutationIndex:0/run:20/dialer:edge/eavesCount:0/latencyMS:100/tricklingDelay:0/seq:6/fileSize:1048576/nodeType:Passive/nodeTypeIndex:3/meta:dup_data_rcvd","measures":{"value":1310990}}
{"ts":1670665522952189498,"type":"point","name":"exType:trickle/permutationIndex:0/run:20/dialer:edge/eavesCount:0/latencyMS:100/tricklingDelay:0/seq:6/fileSize:1048576/nodeType:Passive/nodeTypeIndex:3/meta:blks_sent","measures":{"value":11}}
{"ts":1670665522952204300,"type":"point","name":"exType:trickle/permutationIndex:0/run:20/dialer:edge/eavesCount:0/latencyMS:100/tricklingDelay:0/seq:6/fileSize:1048576/nodeType:Passive/nodeTypeIndex:3/meta:blks_rcvd","measures":{"value":11}}
{"ts":1670665522952220559,"type":"point","name":"exType:trickle/permutationIndex:0/run:20/dialer:edge/eavesCount:0/latencyMS:100/tricklingDelay:0/seq:6/fileSize:1048576/nodeType:Passive/nodeTypeIndex:3/meta:dup_blks_rcvd","measures":{"value":6}}
{"ts":1670665533789345600,"type":"point","name":"exType:trickle/permutationIndex:0/run:21/dialer:edge/eavesCount:0/latencyMS:100/tricklingDelay:0/seq:6/fileSize:1048576/nodeType:Passive/nodeTypeIndex:3/meta:msgs_rcvd","measures":{"value":49}}
{"ts":1670665533789368738,"type":"point","name":"exType:trickle/permutationIndex:0/run:21/dialer:edge/eavesCount:0/latencyMS:100/tricklingDelay:0/seq:6/fileSize:1048576/nodeType:Passive/nodeTypeIndex:3/meta:data_sent","measures":{"value":1573548}}
{"ts":1670665533789372794,"type":"point","name":"exType:trickle/permutationIndex:0/run:21/dialer:edge/eavesCount:0/latencyMS:100/tricklingDelay:0/seq:6/fileSize:1048576/nodeType:Passive/nodeTypeIndex:3/meta:data_rcvd","measures":{"value":2884338}}
{"ts":1670665533789375612,"type":"point","name":"exType:trickle/permutationIndex:0/run:21/dialer:edge/eavesCount:0/latencyMS:100/tricklingDelay:0/seq:6/fileSize:1048576/nodeType:Passive/nodeTypeIndex:3/meta:dup_data_rcvd","measures":{"value":1573348}}
{"ts":1670665533789378204,"type":"point","name":"exType:trickle/permutationIndex:0/run:21/dialer:edge/eavesCount:0/latencyMS:100/tricklingDelay:0/seq:6/fileSize:1048576/nodeType:Passive/nodeTypeIndex:3/meta:blks_sent","measures":{"value":9}}
{"ts":1670665533789380919,"type":"point","name":"exType:trickle/permutationIndex:0/run:21/dialer:edge/eavesCount:0/latencyMS:100/tricklingDelay:0/seq:6/fileSize:1048576/nodeType:Passive/nodeTypeIndex:3/meta:blks_rcvd","measures":{"value":14}}
{"ts":1670665533789383390,"type":"point","name":"exType:trickle/permutationIndex:0/run:21/dialer:edge/eavesCount:0/latencyMS:100/tricklingDelay:0/seq:6/fileSize:1048576/nodeType:Passive/nodeTypeIndex:3/meta:dup_blks_rcvd","measures":{"value":8}}
{"ts":1670665544230024427,"type":"point","name":"exType:trickle/permutationIndex:0/run:22/dialer:edge/eavesCount:0/latencyMS:100/tricklingDelay:0/seq:6/fileSize:1048576/nodeType:Passive/nodeTypeIndex:3/meta:msgs_rcvd","measures":{"value":54}}
{"ts":1670665544230086918,"type":"point","name":"exType:trickle/permutationIndex:0/run:22/dialer:edge/eavesCount:0/latencyMS:100/tricklingDelay:0/seq:6/fileSize:1048576/nodeType:Passive/nodeTypeIndex:3/meta:data_sent","measures":{"value":2622180}}
{"ts":1670665544230113016,"type":"point","name":"exType:trickle/permutationIndex:0/run:22/dialer:edge/eavesCount:0/latencyMS:100/tricklingDelay:0/seq:6/fileSize:1048576/nodeType:Passive/nodeTypeIndex:3/meta:data_rcvd","measures":{"value":2360022}}
{"ts":1670665544230135163,"type":"point","name":"exType:trickle/permutationIndex:0/run:22/dialer:edge/eavesCount:0/latencyMS:100/tricklingDelay:0/seq:6/fileSize:1048576/nodeType:Passive/nodeTypeIndex:3/meta:dup_data_rcvd","measures":{"value":1311190}}
{"ts":1670665544230177798,"type":"point","name":"exType:trickle/permutationIndex:0/run:22/dialer:edge/eavesCount:0/latencyMS:100/tricklingDelay:0/seq:6/fileSize:1048576/nodeType:Passive/nodeTypeIndex:3/meta:blks_sent","measures":{"value":13}}
{"ts":1670665544230199241,"type":"point","name":"exType:trickle/permutationIndex:0/run:22/dialer:edge/eavesCount:0/latencyMS:100/tricklingDelay:0/seq:6/fileSize:1048576/nodeType:Passive/nodeTypeIndex:3/meta:blks_rcvd","measures":{"value":12}}
{"ts":1670665544230220652,"type":"point","name":"exType:trickle/permutationIndex:0/run:22/dialer:edge/eavesCount:0/latencyMS:100/tricklingDelay:0/seq:6/fileSize:1048576/nodeType:Passive/nodeTypeIndex:3/meta:dup_blks_rcvd","measures":{"value":7}}
{"ts":1670665554879887878,"type":"point","name":"exType:trickle/permutationIndex:0/run:23/dialer:edge/eavesCount:0/latencyMS:100/tricklingDelay:0/seq:6/fileSize:1048576/nodeType:Passive/nodeTypeIndex:3/meta:msgs_rcvd","measures":{"value":49}}
{"ts":1670665554879967294,"type":"point","name":"exType:trickle/permutationIndex:0/run:23/dialer:edge/eavesCount:0/latencyMS:100/tricklingDelay:0/seq:6/fileSize:1048576/nodeType:Passive/nodeTypeIndex:3/meta:data_sent","measures":{"value":1835506}}
{"ts":1670665554879998874,"type":"point","name":"exType:trickle/permutationIndex:0/run:23/dialer:edge/eavesCount:0/latencyMS:100/tricklingDelay:0/seq:6/fileSize:1048576/nodeType:Passive/nodeTypeIndex:3/meta:data_rcvd","measures":{"value":2360022}}
{"ts":1670665554880020902,"type":"point","name":"exType:trickle/permutationIndex:0/run:23/dialer:edge/eavesCount:0/latencyMS:100/tricklingDelay:0/seq:6/fileSize:1048576/nodeType:Passive/nodeTypeIndex:3/meta:dup_data_rcvd","measures":{"value":1311190}}
{"ts":1670665554880042790,"type":"point","name":"exType:trickle/permutationIndex:0/run:23/dialer:edge/eavesCount:0/latencyMS:100/tricklingDelay:0/seq:6/fileSize:1048576/nodeType:Passive/nodeTypeIndex:3/meta:blks_sent","measures":{"value":9}}
{"ts":1670665554880327656,"type":"point","name":"exType:trickle/permutationIndex:0/run:23/dialer:edge/eavesCount:0/latencyMS:100/tricklingDelay:0/seq:6/fileSize:1048576/nodeType:Passive/nodeTypeIndex:3/meta:blks_rcvd","measures":{"value":12}}
{"ts":1670665554880362379,"type":"point","name":"exType:trickle/permutationIndex:0/run:23/dialer:edge/eavesCount:0/latencyMS:100/tricklingDelay:0/seq:6/fileSize:1048576/nodeType:Passive/nodeTypeIndex:3/meta:dup_blks_rcvd","measures":{"value":7}}
{"ts":1670665565343197357,"type":"point","name":"exType:trickle/permutationIndex:0/run:24/dialer:edge/eavesCount:0/latencyMS:100/tricklingDelay:0/seq:6/fileSize:1048576/nodeType:Passive/nodeTypeIndex:3/meta:msgs_rcvd","measures":{"value":52}}
{"ts":1670665565343213513,"type":"point","name":"exType:trickle/permutationIndex:0/run:24/dialer:edge/eavesCount:0/latencyMS:100/tricklingDelay:0/seq:6/fileSize:1048576/nodeType:Passive/nodeTypeIndex:3/meta:data_sent","measures":{"value":2097464}}
{"ts":1670665565343216416,"type":"point","name":"exType:trickle/permutationIndex:0/run:24/dialer:edge/eavesCount:0/latencyMS:100/tricklingDelay:0/seq:6/fileSize:1048576/nodeType:Passive/nodeTypeIndex:3/meta:data_rcvd","measures":{"value":2360022}}
{"ts":1670665565343218702,"type":"point","name":"exType:trickle/permutationIndex:0/run:24/dialer:edge/eavesCount:0/latencyMS:100/tricklingDelay:0/seq:6/fileSize:1048576/nodeType:Passive/nodeTypeIndex:3/meta:dup_data_rcvd","measures":{"value":1311190}}
{"ts":1670665565343222135,"type":"point","name":"exType:trickle/permutationIndex:0/run:24/dialer:edge/eavesCount:0/latencyMS:100/tricklingDelay:0/seq:6/fileSize:1048576/nodeType:Passive/nodeTypeIndex:3/meta:blks_sent","measures":{"value":9}}
{"ts":1670665565343224431,"type":"point","name":"exType:trickle/permutationIndex:0/run:24/dialer:edge/eavesCount:0/latencyMS:100/tricklingDelay:0/seq:6/fileSize:1048576/nodeType:Passive/nodeTypeIndex:3/meta:blks_rcvd","measures":{"value":12}}
{"ts":1670665565343233947,"type":"point","name":"exType:trickle/permutationIndex:0/run:24/dialer:edge/eavesCount:0/latencyMS:100/tricklingDelay:0/seq:6/fileSize:1048576/nodeType:Passive/nodeTypeIndex:3/meta:dup_blks_rcvd","measures":{"value":7}}
{"ts":1670665576123571237,"type":"point","name":"exType:trickle/permutationIndex:0/run:25/dialer:edge/eavesCount:0/latencyMS:100/tricklingDelay:0/seq:6/fileSize:1048576/nodeType:Passive/nodeTypeIndex:3/meta:msgs_rcvd","measures":{"value":48}}
{"ts":1670665576123652072,"type":"point","name":"exType:trickle/permutationIndex:0/run:25/dialer:edge/eavesCount:0/latencyMS:100/tricklingDelay:0/seq:6/fileSize:1048576/nodeType:Passive/nodeTypeIndex:3/meta:data_sent","measures":{"value":2360022}}
{"ts":1670665576123676011,"type":"point","name":"exType:trickle/permutationIndex:0/run:25/dialer:edge/eavesCount:0/latencyMS:100/tricklingDelay:0/seq:6/fileSize:1048576/nodeType:Passive/nodeTypeIndex:3/meta:data_rcvd","measures":{"value":1835706}}
{"ts":1670665576123696086,"type":"point","name":"exType:trickle/permutationIndex:0/run:25/dialer:edge/eavesCount:0/latencyMS:100/tricklingDelay:0/seq:6/fileSize:1048576/nodeType:Passive/nodeTypeIndex:3/meta:dup_data_rcvd","measures":{"value":786874}}
{"ts":1670665576123725986,"type":"point","name":"exType:trickle/permutationIndex:0/run:25/dialer:edge/eavesCount:0/latencyMS:100/tricklingDelay:0/seq:6/fileSize:1048576/nodeType:Passive/nodeTypeIndex:3/meta:blks_sent","measures":{"value":12}}
{"ts":1670665576123794700,"type":"point","name":"exType:trickle/permutationIndex:0/run:25/dialer:edge/eavesCount:0/latencyMS:100/tricklingDelay:0/seq:6/fileSize:1048576/nodeType:Passive/nodeTypeIndex:3/meta:blks_rcvd","measures":{"value":10}}
{"ts":1670665576123815697,"type":"point","name":"exType:trickle/permutationIndex:0/run:25/dialer:edge/eavesCount:0/latencyMS:100/tricklingDelay:0/seq:6/fileSize:1048576/nodeType:Passive/nodeTypeIndex:3/meta:dup_blks_rcvd","measures":{"value":5}}
{"ts":1670665592331247850,"type":"point","name":"exType:trickle/permutationIndex:1/run:1/dialer:edge/eavesCount:0/latencyMS:100/tricklingDelay:50/seq:6/fileSize:1048576/nodeType:Passive/nodeTypeIndex:3/meta:msgs_rcvd","measures":{"value":41}}
{"ts":1670665592331339479,"type":"point","name":"exType:trickle/permutationIndex:1/run:1/dialer:edge/eavesCount:0/latencyMS:100/tricklingDelay:50/seq:6/fileSize:1048576/nodeType:Passive/nodeTypeIndex:3/meta:data_sent","measures":{"value":1835506}}
{"ts":1670665592331368403,"type":"point","name":"exType:trickle/permutationIndex:1/run:1/dialer:edge/eavesCount:0/latencyMS:100/tricklingDelay:50/seq:6/fileSize:1048576/nodeType:Passive/nodeTypeIndex:3/meta:data_rcvd","measures":{"value":2097464}}
{"ts":1670665592331388117,"type":"point","name":"exType:trickle/permutationIndex:1/run:1/dialer:edge/eavesCount:0/latencyMS:100/tricklingDelay:50/seq:6/fileSize:1048576/nodeType:Passive/nodeTypeIndex:3/meta:dup_data_rcvd","measures":{"value":1048632}}
{"ts":1670665592331408491,"type":"point","name":"exType:trickle/permutationIndex:1/run:1/dialer:edge/eavesCount:0/latencyMS:100/tricklingDelay:50/seq:6/fileSize:1048576/nodeType:Passive/nodeTypeIndex:3/meta:blks_sent","measures":{"value":9}}
{"ts":1670665592331430724,"type":"point","name":"exType:trickle/permutationIndex:1/run:1/dialer:edge/eavesCount:0/latencyMS:100/tricklingDelay:50/seq:6/fileSize:1048576/nodeType:Passive/nodeTypeIndex:3/meta:blks_rcvd","measures":{"value":9}}
{"ts":1670665592331451278,"type":"point","name":"exType:trickle/permutationIndex:1/run:1/dialer:edge/eavesCount:0/latencyMS:100/tricklingDelay:50/seq:6/fileSize:1048576/nodeType:Passive/nodeTypeIndex:3/meta:dup_blks_rcvd","measures":{"value":4}}
{"ts":1670665606201539553,"type":"point","name":"exType:trickle/permutationIndex:1/run:2/dialer:edge/eavesCount:0/latencyMS:100/tricklingDelay:50/seq:6/fileSize:1048576/nodeType:Passive/nodeTypeIndex:3/meta:msgs_rcvd","measures":{"value":47}}
{"ts":1670665606201626010,"type":"point","name":"exType:trickle/permutationIndex:1/run:2/dialer:edge/eavesCount:0/latencyMS:100/tricklingDelay:50/seq:6/fileSize:1048576/nodeType:Passive/nodeTypeIndex:3/meta:data_sent","measures":{"value":1573348}}
{"ts":1670665606201671222,"type":"point","name":"exType:trickle/permutationIndex:1/run:2/dialer:edge/eavesCount:0/latencyMS:100/tricklingDelay:50/seq:6/fileSize:1048576/nodeType:Passive/nodeTypeIndex:3/meta:data_rcvd","measures":{"value":2359822}}
{"ts":1670665606201691061,"type":"point","name":"exType:trickle/permutationIndex:1/run:2/dialer:edge/eavesCount:0/latencyMS:100/tricklingDelay:50/seq:6/fileSize:1048576/nodeType:Passive/nodeTypeIndex:3/meta:dup_data_rcvd","measures":{"value":1310990}}
{"ts":1670665606201712283,"type":"point","name":"exType:trickle/permutationIndex:1/run:2/dialer:edge/eavesCount:0/latencyMS:100/tricklingDelay:50/seq:6/fileSize:1048576/nodeType:Passive/nodeTypeIndex:3/meta:blks_sent","measures":{"value":8}}
{"ts":1670665606201732032,"type":"point","name":"exType:trickle/permutationIndex:1/run:2/dialer:edge/eavesCount:0/latencyMS:100/tricklingDelay:50/seq:6/fileSize:1048576/nodeType:Passive/nodeTypeIndex:3/meta:blks_rcvd","measures":{"value":11}}
{"ts":1670665606201751581,"type":"point","name":"exType:trickle/permutationIndex:1/run:2/dialer:edge/eavesCount:0/latencyMS:100/tricklingDelay:50/seq:6/fileSize:1048576/nodeType:Passive/nodeTypeIndex:3/meta:dup_blks_rcvd","measures":{"value":6}}
{"ts":1670665620090929470,"type":"point","name":"exType:trickle/permutationIndex:1/run:3/dialer:edge/eavesCount:0/latencyMS:100/tricklingDelay:50/seq:6/fileSize:1048576/nodeType:Passive/nodeTypeIndex:3/meta:msgs_rcvd","measures":{"value":40}}
{"ts":1670665620090944198,"type":"point","name":"exType:trickle/permutationIndex:1/run:3/dialer:edge/eavesCount:0/latencyMS:100/tricklingDelay:50/seq:6/fileSize:1048576/nodeType:Passive/nodeTypeIndex:3/meta:data_sent","measures":{"value":2097664}}
{"ts":1670665620090947473,"type":"point","name":"exType:trickle/permutationIndex:1/run:3/dialer:edge/eavesCount:0/latencyMS:100/tricklingDelay:50/seq:6/fileSize:1048576/nodeType:Passive/nodeTypeIndex:3/meta:data_rcvd","measures":{"value":1835306}}
{"ts":1670665620090949785,"type":"point","name":"exType:trickle/permutationIndex:1/run:3/dialer:edge/eavesCount:0/latencyMS:100/tricklingDelay:50/seq:6/fileSize:1048576/nodeType:Passive/nodeTypeIndex:3/meta:dup_data_rcvd","measures":{"value":786474}}
{"ts":1670665620090953866,"type":"point","name":"exType:trickle/permutationIndex:1/run:3/dialer:edge/eavesCount:0/latencyMS:100/tricklingDelay:50/seq:6/fileSize:1048576/nodeType:Passive/nodeTypeIndex:3/meta:blks_sent","measures":{"value":10}}
{"ts":1670665620090956309,"type":"point","name":"exType:trickle/permutationIndex:1/run:3/dialer:edge/eavesCount:0/latencyMS:100/tricklingDelay:50/seq:6/fileSize:1048576/nodeType:Passive/nodeTypeIndex:3/meta:blks_rcvd","measures":{"value":8}}
{"ts":1670665620090958824,"type":"point","name":"exType:trickle/permutationIndex:1/run:3/dialer:edge/eavesCount:0/latencyMS:100/tricklingDelay:50/seq:6/fileSize:1048576/nodeType:Passive/nodeTypeIndex:3/meta:dup_blks_rcvd","measures":{"value":3}}
{"ts":1670665633537188859,"type":"point","name":"exType:trickle/permutationIndex:1/run:4/dialer:edge/eavesCount:0/latencyMS:100/tricklingDelay:50/seq:6/fileSize:1048576/nodeType:Passive/nodeTypeIndex:3/meta:msgs_rcvd","measures":{"value":46}}
{"ts":1670665633537276931,"type":"point","name":"exType:trickle/permutationIndex:1/run:4/dialer:edge/eavesCount:0/latencyMS:100/tricklingDelay:50/seq:6/fileSize:1048576/nodeType:Passive/nodeTypeIndex:3/meta:data_sent","measures":{"value":1048832}}
{"ts":1670665633537307036,"type":"point","name":"exType:trickle/permutationIndex:1/run:4/dialer:edge/eavesCount:0/latencyMS:100/tricklingDelay:50/seq:6/fileSize:1048576/nodeType:Passive/nodeTypeIndex:3/meta:data_rcvd","measures":{"value":2884138}}
{"ts":1670665633537424297,"type":"point","name":"exType:trickle/permutationIndex:1/run:4/dialer:edge/eavesCount:0/latencyMS:100/tricklingDelay:50/seq:6/fileSize:1048576/nodeType:Passive/nodeTypeIndex:3/meta:dup_data_rcvd","measures":{"value":1835306}}
{"ts":1670665633537520540,"type":"point","name":"exType:trickle/permutationIndex:1/run:4/dialer:edge/eavesCount:0/latencyMS:100/tricklingDelay:50/seq:6/fileSize:1048576/nodeType:Passive/nodeTypeIndex:3/meta:blks_sent","measures":{"value":5}}
{"ts":1670665633538436619,"type":"point","name":"exType:trickle/permutationIndex:1/run:4/dialer:edge/eavesCount:0/latencyMS:100/tricklingDelay:50/seq:6/fileSize:1048576/nodeType:Passive/nodeTypeIndex:3/meta:blks_rcvd","measures":{"value":13}}
{"ts":1670665633538466893,"type":"point","name":"exType:trickle/permutationIndex:1/run:4/dialer:edge/eavesCount:0/latencyMS:100/tricklingDelay:50/seq:6/fileSize:1048576/nodeType:Passive/nodeTypeIndex:3/meta:dup_blks_rcvd","measures":{"value":8}}
{"ts":1670665647198922341,"type":"point","name":"exType:trickle/permutationIndex:1/run:5/dialer:edge/eavesCount:0/latencyMS:100/tricklingDelay:50/seq:6/fileSize:1048576/nodeType:Passive/nodeTypeIndex:3/meta:msgs_rcvd","measures":{"value":42}}
{"ts":1670665647199039318,"type":"point","name":"exType:trickle/permutationIndex:1/run:5/dialer:edge/eavesCount:0/latencyMS:100/tricklingDelay:50/seq:6/fileSize:1048576/nodeType:Passive/nodeTypeIndex:3/meta:data_sent","measures":{"value":2883938}}
{"ts":1670665647199066935,"type":"point","name":"exType:trickle/permutationIndex:1/run:5/dialer:edge/eavesCount:0/latencyMS:100/tricklingDelay:50/seq:6/fileSize:1048576/nodeType:Passive/nodeTypeIndex:3/meta:data_rcvd","measures":{"value":1311190}}
{"ts":1670665647199090347,"type":"point","name":"exType:trickle/permutationIndex:1/run:5/dialer:edge/eavesCount:0/latencyMS:100/tricklingDelay:50/seq:6/fileSize:1048576/nodeType:Passive/nodeTypeIndex:3/meta:dup_data_rcvd","measures":{"value":262358}}
{"ts":1670665647199109812,"type":"point","name":"exType:trickle/permutationIndex:1/run:5/dialer:edge/eavesCount:0/latencyMS:100/tricklingDelay:50/seq:6/fileSize:1048576/nodeType:Passive/nodeTypeIndex:3/meta:blks_sent","measures":{"value":12}}
{"ts":1670665647199129819,"type":"point","name":"exType:trickle/permutationIndex:1/run:5/dialer:edge/eavesCount:0/latencyMS:100/tricklingDelay:50/seq:6/fileSize:1048576/nodeType:Passive/nodeTypeIndex:3/meta:blks_rcvd","measures":{"value":7}}
{"ts":1670665647199151777,"type":"point","name":"exType:trickle/permutationIndex:1/run:5/dialer:edge/eavesCount:0/latencyMS:100/tricklingDelay:50/seq:6/fileSize:1048576/nodeType:Passive/nodeTypeIndex:3/meta:dup_blks_rcvd","measures":{"value":2}}
{"ts":1670665660705573604,"type":"point","name":"exType:trickle/permutationIndex:1/run:6/dialer:edge/eavesCount:0/latencyMS:100/tricklingDelay:50/seq:6/fileSize:1048576/nodeType:Passive/nodeTypeIndex:3/meta:msgs_rcvd","measures":{"value":43}}
{"ts":1670665660705653990,"type":"point","name":"exType:trickle/permutationIndex:1/run:6/dialer:edge/eavesCount:0/latencyMS:100/tricklingDelay:50/seq:6/fileSize:1048576/nodeType:Passive/nodeTypeIndex:3/meta:data_sent","measures":{"value":1311190}}
{"ts":1670665660705680280,"type":"point","name":"exType:trickle/permutationIndex:1/run:6/dialer:edge/eavesCount:0/latencyMS:100/tricklingDelay:50/seq:6/fileSize:1048576/nodeType:Passive/nodeTypeIndex:3/meta:data_rcvd","measures":{"value":2621780}}
{"ts":1670665660705694329,"type":"point","name":"exType:trickle/permutationIndex:1/run:6/dialer:edge/eavesCount:0/latencyMS:100/tricklingDelay:50/seq:6/fileSize:1048576/nodeType:Passive/nodeTypeIndex:3/meta:dup_data_rcvd","measures":{"value":1572948}}
{"ts":1670665660705708982,"type":"point","name":"exType:trickle/permutationIndex:1/run:6/dialer:edge/eavesCount:0/latencyMS:100/tricklingDelay:50/seq:6/fileSize:1048576/nodeType:Passive/nodeTypeIndex:3/meta:blks_sent","measures":{"value":7}}
{"ts":1670665660705722960,"type":"point","name":"exType:trickle/permutationIndex:1/run:6/dialer:edge/eavesCount:0/latencyMS:100/tricklingDelay:50/seq:6/fileSize:1048576/nodeType:Passive/nodeTypeIndex:3/meta:blks_rcvd","measures":{"value":11}}
{"ts":1670665660705743384,"type":"point","name":"exType:trickle/permutationIndex:1/run:6/dialer:edge/eavesCount:0/latencyMS:100/tricklingDelay:50/seq:6/fileSize:1048576/nodeType:Passive/nodeTypeIndex:3/meta:dup_blks_rcvd","measures":{"value":6}}
